[14:37:01.500] [1] [ Info] [Eco] >>> START EcoServer, Version=1.0.0.0, Culture=neutral, PublicKeyToken=null 
[14:37:01.529] [1] [ Info] [Eco] Eco Server 0.8.3.2 beta
 
[14:37:01.602] [1] [ Info] [Eco] Server Initialization...  
[14:37:01.602] [1] [ Info] [Eco] Starting LocalizationPlugin...  
[14:37:01.957] [1] [ Info] [Eco] Запуск ПлагинНабораМодификаций...  
[14:37:01.957] [1] [ Info] [Eco] Загрузка модификаций...  
[14:37:02.055] [1] [ Info] [Eco] Компилирование модификаций...  
[14:37:03.587] [1] [ Info] [Eco] Загружаем 0Harmony...
 
[14:37:03.587] [1] [ Info] [Eco] Загружаем Asphalt-ModKit...
 
[14:37:03.717] [1] [ Info] [Eco] Загружаем Eco.IntegrationTests...
 
[14:37:03.719] [1] [ Info] [Eco] Загружаем DiscordLinkUnified...
 
[14:37:03.769] [1] [ Info] [Eco] Загружаем EcoStory...
 
[14:37:03.769] [1] [ Info] [Eco] Загрузка модификаций завершена за 1 817,4мс
 
[14:37:03.769] [1] [ Info] [Eco] Запуск МенеджерСети...  
[14:37:03.783] [7] [ Info] [Eco] Инициализация типов симуляции...  
[14:37:03.858] [6] [ Info] [Eco] Запуск ПлагинГенератораМира...  
[14:37:03.858] [13] [ Info] [Eco] Запуск ПлагинИгровойСтатистики...  
[14:37:03.859] [12] [ Info] [Eco] Запуск ПлагинРезервногоКопирования...  
[14:37:03.859] [12] [ Info] [Eco] Запуск МенеджерХранилища...  
[14:37:05.284] [7] [ Info] [Eco] Инициализация предметов...  
[14:37:05.446] [7] [ Info] [NidToolbox] Checking Settings.json 
[14:37:05.457] [7] [ Info] [NidToolbox] Config file: Mods\NidToolbox\Config\Settings.json exists. 
[14:37:05.491] [7] [ Info] [NidToolbox] Json file: Mods\NidToolbox\Config\Settings.json readable and correct. 
[14:37:05.491] [7] [ Info] [NidToolbox] Checking CommandPermissions.json 
[14:37:05.491] [7] [ Info] [NidToolbox] Config file: Mods\NidToolbox\Config\CommandPermissions.json exists. 
[14:37:05.502] [7] [ Info] [NidToolbox] Json file: Mods\NidToolbox\Config\CommandPermissions.json readable and correct. 
[14:37:05.502] [7] [ Info] [NidToolbox] Checking TimerMessages.json 
[14:37:05.502] [7] [ Info] [NidToolbox] Config file: Mods\NidToolbox\Config\TimerMessages.json exists. 
[14:37:05.502] [7] [ Info] [NidToolbox] Json file: Mods\NidToolbox\Config\TimerMessages.json readable and correct. 
[14:37:05.502] [7] [ Info] [NidToolbox] Checking ScheduledMessages.json 
[14:37:05.502] [7] [ Info] [NidToolbox] Config file: Mods\NidToolbox\Config\ScheduledMessages.json exists. 
[14:37:05.515] [7] [ Info] [NidToolbox] Json file: Mods\NidToolbox\Config\ScheduledMessages.json readable and correct. 
[14:37:05.515] [7] [ Info] [NidToolbox] No UserHomes directory, skipping user homes config checks. 
[14:37:06.206] [12] [ Info] [Eco] Запуск Плагин паузы...  
[14:37:06.206] [12] [ Info] [Eco] Загружаем Pause...  
[14:37:08.094] [7] [ Info] [Eco] Инициализация навыков...  
[14:37:08.193] [12] [ Info] [Eco] Запуск БДСтатистики...  
[14:37:08.193] [17] [ Info] [Eco] Запуск ПлагинМира...  
[14:37:08.236] [17] [ Info] [Eco] Загружаем World...  
[14:37:11.850] [17] [ Info] [Eco] Инициализация мира...  
[14:37:13.898] [17] [ Info] [Eco] Запуск ПлагинВремени...  
[14:37:13.898] [17] [ Info] [Eco] Загружаем Time...  
[14:37:13.898] [17] [ Info] [Eco] Запуск ПлагинРепутации...  
[14:37:13.908] [17] [ Info] [Eco] Загружаем Reputation...  
[14:37:13.924] [17] [ Info] [Eco] Запуск МенеджерЖильяИгроков...  
[14:37:13.924] [17] [ Info] [Eco] Запуск МенеджерПользователей...  
[14:37:13.965] [17] [ Info] [Eco] Загружаем Users...  
[14:37:14.352] [17] [ Info] [Eco] Инициализация инвентарей...  
[14:37:14.391] [17] [ Info] [Eco] Запуск МенеджерОбъектовЭко...  
[14:37:14.391] [17] [ Info] [Eco] Загружаем Objects...  
[14:37:14.634] [12] [ Info] [Eco] Запуск ПлагинМусора...  
[14:37:14.634] [22] [ Info] [Eco] Запуск ПлагинУгроз...  
[14:37:14.634] [17] [ Info] [Eco] Запуск ПлагинЭкономики...  
[14:37:14.634] [8] [ Info] [Eco] Запуск НастройкиСложности...  
[14:37:14.634] [28] [ Info] [Eco] Запуск СерверЧата...  
[14:37:14.634] [23] [ Info] [Eco] Запуск МенеджерКонтроллера...  
[14:37:14.640] [34] [ Info] [Eco] Запуск VoiceManager...  
[14:37:14.640] [12] [ Info] [Eco] Загружаем Garbage...  
[14:37:14.640] [17] [ Info] [Eco] Загружаем Economy...  
[14:37:15.167] [17] [ Info] [Eco] Запуск Законодательство...  
[14:37:15.167] [22] [ Info] [Eco] Загружаем Disasters...  
[14:37:15.167] [28] [ Info] [Eco] Загружаем Chat...  
[14:37:19.797] [17] [ Info] [Eco] Загружаем Laws...  
[14:37:19.905] [17] [ Info] [Eco] Запуск МенеджерСобственности...  
[14:37:19.908] [17] [ Info] [Eco] Загружаем Property...  
[14:37:20.027] [17] [ Info] [Eco] Запуск МенеджерМиникарты...  
[14:37:20.032] [17] [ Info] [Eco] Запуск СимуляцияЭко...  
[14:37:20.090] [17] [ Info] [Eco] Загружаем Plants...  
[14:37:21.557] [17] [ Info] [Eco] Инициализация растений...  
[14:37:27.318] [17] [ Info] [Eco] Запуск RouteProbingPlugin...  
[14:37:27.318] [17] [ Info] [Eco] Загружаем RouteProbing...  
[14:37:29.750] [17] [ Info] [Eco] Запуск МенеджерСлоёвМира...  
[14:37:29.750] [17] [ Info] [Eco] Загружаем Layers...  
[14:37:30.427] [17] [ Info] [Eco] Инициализация слоёв мира...  
[14:37:30.427] [17] [ Info] [Eco] Загружаем ClimateSim...  
[14:37:32.978] [17] [ Info] [Eco] Запуск ТрекерЭкономики...  
[14:37:32.978] [17] [ Info] [Eco] Запуск UserTracker...  
[14:37:32.985] [17] [ Info] [Eco] Запуск МенеджерМировыхОбъектов...  
[14:37:33.061] [17] [ Info] [Eco] Загружаем WorldObjects...  
[14:37:34.295] [17] [ Info] [Eco] Запуск ПлагинКомнат...  
[14:37:34.301] [17] [ Info] [Eco] Загружаем Rooms...  
[14:37:34.318] [17] [ Info] [Eco] Запуск ПлагинЦелей...  
[14:37:34.318] [17] [ Info] [Eco] Загружаем Objectives...  
[14:37:34.340] [17] [ Info] [Eco] Запуск ПлагинСна...  
[14:37:34.346] [17] [ Info] [Eco] Загружаем Sleep...  
[14:37:34.346] [1] [ Info] [Eco] Запуск ПлагинВебСервера...  
[14:37:34.359] [1] [ Info] [Eco] Запуск OtherAliasCategory...  
[14:37:34.359] [10] [ Info] [Eco] Запуск Asphalt...  
[14:37:34.359] [13] [ Info] [Eco] Запуск ПлагинТестовИнтеграции...  
[14:37:34.359] [12] [ Info] [Eco] Запуск NidToolboxPlugin...  
[14:37:34.359] [19] [ Info] [Eco] Запуск DiscordLink...  
[14:37:34.469] [1] [ Info] [Eco] Инициализируем ПлагинПеревода...  
[14:37:34.469] [1] [ Info] [Eco] Инициализируем ПлагинНабораМодификаций...  
[14:37:34.768] [1] [ Info] [Eco] Инициализируем ПлагинГенератораМира...  
[14:37:34.768] [1] [ Info] [Eco] Инициализируем МенеджерПользователей...  
[14:37:34.865] [1] [ Info] [Eco] Инициализируем ПлагинМусора...  
[14:37:34.865] [1] [ Info] [Eco] Инициализируем ПлагинЭкономики...  
[14:37:34.989] [1] [ Info] [Eco] Инициализируем Законодательство...  
[14:37:49.765] [1] [ Info] [Eco] Инициализируем МенеджерСобственности...  
[14:37:49.798] [1] [ Info] [Eco] Инициализируем МенеджерМиникарты...  
[14:37:50.682] [1] [ Info] [Eco] Инициализируем UserTracker...  
[14:37:50.694] [1] [ Info] [Eco] Инициализируем МенеджерМировыхОбъектов...  
[14:37:55.661] [1] [ Info] [Eco] Инициализируем ПлагинКомнат...  
[14:37:57.980] [1] [ Info] [Eco] Инициализируем ПлагинСна...  
[14:37:57.980] [1] [ Info] [Eco] Инициализируем NidToolboxPlugin...  
[14:37:57.989] [1] [ Info] [NidToolbox] Checking declared file: Mods\NidToolbox\Texts\Motd.txt 
[14:37:57.989] [1] [ Info] [NidToolbox] Config file:  Mods\NidToolbox\Texts\Motd.txt exists. 
[14:37:57.989] [1] [ Info] [NidToolbox] Config file:  Mods\NidToolbox\Texts\Motd.txt readable. 
[14:37:57.989] [1] [ Info] [NidToolbox] Checking declared file: Mods\NidToolbox\Texts\Rules.txt 
[14:37:57.989] [1] [ Info] [NidToolbox] Config file:  Mods\NidToolbox\Texts\Rules.txt exists. 
[14:37:57.989] [1] [ Info] [NidToolbox] Config file:  Mods\NidToolbox\Texts\Rules.txt readable. 
[14:37:57.989] [1] [ Info] [NidToolbox] Checking declared file: Mods\NidToolbox\Texts\ServerChangelog.txt 
[14:37:57.989] [1] [ Info] [NidToolbox] Config file:  Mods\NidToolbox\Texts\ServerChangelog.txt exists. 
[14:37:57.989] [1] [ Info] [NidToolbox] Config file:  Mods\NidToolbox\Texts\ServerChangelog.txt readable. 
[14:37:58.094] [1] [ Info] [Eco] Инициализируем DiscordLink...  
[14:37:58.124] [1] [ Info] [Eco] Инициализируем ПлагинМира...  
[14:37:58.126] [1] [ Info] [Eco] Обработка...  
[14:38:01.771] [145] [ Info] [Eco] DISCORDLINK: Connected to Discord.

 
[14:38:01.802] [1] [ Info] [Eco] Сжатие...  
[14:38:02.972] [139] [ Info] [Eco] DISCORDLINK: Connected and Ready
 
[14:38:05.891] [1] [ Info] [Eco] Инициализируем МенеджерСети...  
[14:38:06.148] [1] [ Info] [Eco] Инициализируем МенеджерСлоёвМира...  
[14:38:06.148] [1] [ Info] [Eco] Инициализируем ПлагинВебСервера...  
[14:38:06.824] [1] [ Info] [Eco] Инициализируем ПлагинТестовИнтеграции...  
[14:38:06.830] [1] [ Info] [NidToolbox] OK - Mono not detected, not a Linux environment 
[14:38:06.830] [1] [ Info] [NidToolbox] All commands in config up to date. 
[14:38:06.892] [1] [ Info] [NidToolbox] Running NidToolbox version 1.8.7 
[14:38:06.940] [1] [ Info] [Eco] Server Initialization завершена за 65 336,9мс
 
