[14:55:22.670] [1] [ Info] [Eco] >>> START EcoServer, Version=1.0.0.0, Culture=neutral, PublicKeyToken=null 
[14:55:22.698] [1] [ Info] [Eco] Eco Server 0.8.3.3 beta
 
[14:55:22.775] [1] [ Info] [Eco] Server Initialization...  
[14:55:22.775] [1] [ Info] [Eco] Starting LocalizationPlugin...  
[14:55:23.152] [1] [ Info] [Eco] Запуск ПлагинНабораМодификаций...  
[14:55:23.152] [1] [ Info] [Eco] Загрузка модификаций...  
[14:55:23.451] [1] [ Info] [Eco] Компилирование модификаций...  
[14:55:24.952] [1] [ Info] [Eco] Загружаем 0Harmony...
 
[14:55:24.952] [1] [ Info] [Eco] Загружаем Asphalt-ModKit...
 
[14:55:25.082] [1] [ Info] [Eco] Загружаем DiscordLinkUnified...
 
[14:55:25.129] [1] [ Info] [Eco] Загружаем DiscordLink_blue...
 
[14:55:25.173] [1] [ Info] [Eco] Загружаем Eco.IntegrationTests...
 
[14:55:25.173] [1] [ Info] [Eco] Загружаем em-base...
 
[14:55:25.173] [1] [ Info] [Eco] Загружаем NoPlayerCredits...
 
[14:55:25.173] [1] [ Info] [Eco] Загружаем em-greenenergy...
 
[14:55:25.181] [1] [ Info] [Eco] Загружаем em-realisticsmelting...
 
[14:55:25.181] [1] [ Info] [Eco] Загружаем em-shippingcontainers...
 
[14:55:25.181] [1] [ Info] [Eco] Загружаем em-tailingspack...
 
[14:55:25.181] [1] [ Info] [Eco] Загружаем em-arches...
 
[14:55:25.181] [1] [ Info] [Eco] Загружаем em-doors...
 
[14:55:25.181] [1] [ Info] [Eco] Загружаем em-dyes...
 
[14:55:25.196] [1] [ Info] [Eco] Загружаем em-homeobjects...
 
[14:55:25.196] [1] [ Info] [Eco] Загружаем em-transportation...
 
[14:55:25.196] [1] [ Info] [Eco] Загружаем em-windows...
 
[14:55:25.213] [1] [ Info] [Eco] Загружаем em-zymology...
 
[14:55:25.213] [1] [ Info] [Eco] Загружаем HPStorage...
 
[14:55:25.213] [1] [ Info] [Eco] Загружаем NidToolbox...
 
[14:55:25.213] [1] [ Info] [Eco] Загрузка модификаций завершена за 2 069,8мс
 
[14:55:25.226] [1] [ Info] [Eco] Запуск МенеджерСети...  
[14:55:25.226] [7] [ Info] [Eco] Инициализация типов симуляции...  
[14:55:25.285] [11] [ Info] [Eco] Запуск ПлагинГенератораМира...  
[14:55:25.285] [13] [ Info] [Eco] Запуск ПлагинИгровойСтатистики...  
[14:55:25.285] [17] [ Info] [Eco] Запуск ПлагинРезервногоКопирования...  
[14:55:25.300] [17] [ Info] [Eco] Запуск МенеджерХранилища...  
[14:55:26.867] [7] [ Info] [Eco] Инициализация предметов...  
[14:55:26.937] [7] [ Info] [NidToolbox] Checking Settings.json 
[14:55:26.937] [7] [ Info] [NidToolbox] Config file: Mods\NidToolbox\Config\Settings.json exists. 
[14:55:26.946] [7] [ Info] [NidToolbox] Json file: Mods\NidToolbox\Config\Settings.json readable and correct. 
[14:55:26.946] [7] [ Info] [NidToolbox] Checking CommandPermissions.json 
[14:55:26.946] [7] [ Info] [NidToolbox] Config file: Mods\NidToolbox\Config\CommandPermissions.json exists. 
[14:55:26.946] [7] [ Info] [NidToolbox] Json file: Mods\NidToolbox\Config\CommandPermissions.json readable and correct. 
[14:55:26.946] [7] [ Info] [NidToolbox] Checking TimerMessages.json 
[14:55:26.946] [7] [ Info] [NidToolbox] Config file: Mods\NidToolbox\Config\TimerMessages.json exists. 
[14:55:26.946] [7] [ Info] [NidToolbox] Json file: Mods\NidToolbox\Config\TimerMessages.json readable and correct. 
[14:55:26.946] [7] [ Info] [NidToolbox] Checking ScheduledMessages.json 
[14:55:26.946] [7] [ Info] [NidToolbox] Config file: Mods\NidToolbox\Config\ScheduledMessages.json exists. 
[14:55:26.960] [7] [ Info] [NidToolbox] Json file: Mods\NidToolbox\Config\ScheduledMessages.json readable and correct. 
[14:55:26.960] [7] [ Info] [NidToolbox] No UserHomes directory, skipping user homes config checks. 
[14:55:27.994] [17] [ Info] [Eco] Запуск Плагин паузы...  
[14:55:27.994] [17] [ Info] [Eco] Загружаем Pause...  
[14:55:30.214] [7] [ Info] [Eco] Инициализация навыков...  
[14:55:30.308] [6] [ Info] [Eco] Запуск БДСтатистики...  
[14:55:30.308] [5] [ Info] [Eco] Запуск ПлагинМира...  
[14:55:30.355] [5] [ Info] [Eco] Загружаем World...  
[14:55:33.305] [5] [ Info] [Eco] Инициализация мира...  
[14:55:34.640] [5] [ Info] [Eco] Запуск ПлагинВремени...  
[14:55:34.640] [5] [ Info] [Eco] Загружаем Time...  
[14:55:34.640] [5] [ Info] [Eco] Запуск ПлагинРепутации...  
[14:55:34.640] [5] [ Info] [Eco] Загружаем Reputation...  
[14:55:34.655] [5] [ Info] [Eco] Запуск МенеджерЖильяИгроков...  
[14:55:34.655] [5] [ Info] [Eco] Запуск МенеджерПользователей...  
[14:55:34.702] [5] [ Info] [Eco] Загружаем Users...  
[14:55:34.861] [5] [ Info] [Eco] Инициализация инвентарей...  
[14:55:34.900] [5] [ Info] [Eco] Запуск МенеджерОбъектовЭко...  
[14:55:34.913] [17] [ Info] [Eco] Запуск ПлагинМусора...  
[14:55:34.913] [22] [ Info] [Eco] Запуск VoiceManager...  
[14:55:34.913] [5] [ Info] [Eco] Запуск ПлагинЭкономики...  
[14:55:34.913] [17] [ Info] [Eco] Загружаем Garbage...  
[14:55:34.913] [23] [ Info] [Eco] Запуск НастройкиСложности...  
[14:55:34.913] [24] [ Info] [Eco] Запуск СерверЧата...  
[14:55:34.913] [8] [ Info] [Eco] Запуск ПлагинУгроз...  
[14:55:34.913] [5] [ Info] [Eco] Загружаем Economy...  
[14:55:34.913] [27] [ Info] [Eco] Запуск МенеджерКонтроллера...  
[14:55:34.991] [24] [ Info] [Eco] Не удалось добавить команду "/verifydiscord" обработчика "DiscordEcoCommands"; 
[14:55:35.000] [24] [ Info] [Eco] Команда "/verifydiscord" уже существует в обработчике "DiscordEcoCommands". 
[14:55:35.000] [24] [ Info] [Eco] Не удалось добавить команду "/discordguilds" обработчика "DiscordEcoCommands"; 
[14:55:35.026] [24] [ Info] [Eco] Команда "/discordguilds" уже существует в обработчике "DiscordEcoCommands". 
[14:55:35.092] [24] [ Info] [Eco] Не удалось добавить команду "/discordsendtochannel" обработчика "DiscordEcoCommands"; 
[14:55:35.092] [24] [ Info] [Eco] Команда "/discordsendtochannel" уже существует в обработчике "DiscordEcoCommands". 
[14:55:35.092] [24] [ Info] [Eco] Не удалось добавить команду "/discordmessage" обработчика "DiscordEcoCommands"; 
[14:55:35.103] [5] [ Info] [Eco] Запуск Законодательство...  
[14:55:35.103] [24] [ Info] [Eco] Команда "/discordmessage" уже существует в обработчике "DiscordEcoCommands". 
[14:55:35.103] [8] [ Info] [Eco] Загружаем Disasters...  
[14:55:35.103] [24] [ Info] [Eco] Не удалось добавить команду "/discordchannels" обработчика "DiscordEcoCommands"; 
[14:55:35.103] [24] [ Info] [Eco] Команда "/discordchannels" уже существует в обработчике "DiscordEcoCommands". 
[14:55:35.103] [5] [ Info] [Eco] Загружаем Laws...  
[14:55:35.103] [24] [ Info] [Eco] Не удалось добавить команду "/discorddefaultchannel" обработчика "DiscordEcoCommands"; 
[14:55:35.103] [24] [ Info] [Eco] Команда "/discorddefaultchannel" уже существует в обработчике "DiscordEcoCommands". 
[14:55:35.203] [5] [ Info] [Eco] Запуск МенеджерСобственности...  
[14:55:35.203] [24] [ Info] [Eco] Загружаем Chat...  
[14:55:35.236] [5] [ Info] [Eco] Загружаем Property...  
[14:55:35.299] [5] [ Info] [Eco] Запуск МенеджерМиникарты...  
[14:55:35.299] [5] [ Info] [Eco] Запуск СимуляцияЭко...  
[14:55:35.361] [5] [ Info] [Eco] Загружаем Plants...  
[14:55:37.598] [5] [ Info] [Eco] Инициализация растений...  
[14:55:48.190] [5] [ Info] [Eco] Запуск RouteProbingPlugin...  
[14:55:48.190] [5] [ Info] [Eco] Загружаем RouteProbing...  
[14:55:50.916] [5] [ Info] [Eco] Запуск МенеджерСлоёвМира...  
[14:55:50.916] [5] [ Info] [Eco] Загружаем Layers...  
[14:55:51.534] [5] [ Info] [Eco] Инициализация слоёв мира...  
[14:55:51.539] [5] [ Info] [Eco] Загружаем ClimateSim...  
[14:55:54.686] [5] [ Info] [Eco] Запуск ТрекерЭкономики...  
[14:55:54.686] [5] [ Info] [Eco] Запуск UserTracker...  
[14:55:54.686] [5] [ Info] [Eco] Запуск МенеджерМировыхОбъектов...  
[14:55:54.779] [5] [ Info] [Eco] Загружаем WorldObjects...  
[14:55:54.932] [5] [ Info] [Eco] Запуск ПлагинКомнат...  
[14:55:54.932] [5] [ Info] [Eco] Загружаем Rooms...  
[14:55:54.932] [5] [ Info] [Eco] Запуск ПлагинЦелей...  
[14:55:54.945] [5] [ Info] [Eco] Загружаем Objectives...  
[14:55:54.945] [5] [ Info] [Eco] Запуск ПлагинСна...  
[14:55:54.945] [5] [ Info] [Eco] Загружаем Sleep...  
[14:55:54.962] [1] [ Info] [Eco] Запуск ПлагинВебСервера...  
[14:55:54.962] [1] [ Info] [Eco] Запуск OtherAliasCategory...  
[14:55:54.962] [8] [ Info] [Eco] Запуск DiscordLink...  
[14:55:54.962] [21] [ Info] [Eco] Запуск ПлагинТестовИнтеграции...  
[14:55:54.962] [17] [ Info] [Eco] Запуск Asphalt...  
[14:55:54.962] [29] [ Info] [Eco] Запуск ChatBase...  
[14:55:54.962] [35] [ Info] [Eco] Запуск NidToolboxPlugin...  
[14:55:54.962] [5] [ Info] [Eco] Запуск DiscordLink...  
[14:55:54.962] [11] [ Info] [Eco] Запуск NoPlayerCreditsPlugin...  
[14:55:55.067] [1] [ Info] [Eco] Инициализируем ПлагинПеревода...  
[14:55:55.070] [1] [ Info] [Eco] Инициализируем ПлагинНабораМодификаций...  
[14:55:55.348] [1] [ Info] [Eco] Инициализируем ПлагинГенератораМира...  
[14:55:55.348] [1] [ Info] [Eco] Инициализируем МенеджерПользователей...  
[14:55:55.390] [1] [ Info] [Eco] Инициализируем ПлагинМусора...  
[14:55:55.400] [1] [ Info] [Eco] Инициализируем ПлагинЭкономики...  
[14:55:55.419] [1] [ Info] [Eco] Инициализируем Законодательство...  
[14:55:58.595] [1] [ Info] [Eco] Инициализируем МенеджерСобственности...  
[14:55:58.611] [1] [ Info] [Eco] Инициализируем МенеджерМиникарты...  
[14:55:59.609] [1] [ Info] [Eco] Инициализируем UserTracker...  
[14:55:59.609] [1] [ Info] [Eco] Инициализируем МенеджерМировыхОбъектов...  
[14:55:59.879] [1] [ Info] [Eco] Инициализируем ПлагинКомнат...  
[14:56:00.008] [1] [ Info] [Eco] Инициализируем ПлагинСна...  
[14:56:00.008] [1] [ Info] [Eco] Инициализируем NidToolboxPlugin...  
[14:56:00.008] [1] [ Info] [NidToolbox] Checking declared file: Mods\NidToolbox\Texts\Motd.txt 
[14:56:00.008] [1] [ Info] [NidToolbox] Config file:  Mods\NidToolbox\Texts\Motd.txt exists. 
[14:56:00.008] [1] [ Info] [NidToolbox] Config file:  Mods\NidToolbox\Texts\Motd.txt readable. 
[14:56:00.023] [1] [ Info] [NidToolbox] Checking declared file: Mods\NidToolbox\Texts\Rules.txt 
[14:56:00.023] [1] [ Info] [NidToolbox] Config file:  Mods\NidToolbox\Texts\Rules.txt exists. 
[14:56:00.023] [1] [ Info] [NidToolbox] Config file:  Mods\NidToolbox\Texts\Rules.txt readable. 
[14:56:00.023] [1] [ Info] [NidToolbox] Checking declared file: Mods\NidToolbox\Texts\ServerChangelog.txt 
[14:56:00.023] [1] [ Info] [NidToolbox] Config file:  Mods\NidToolbox\Texts\ServerChangelog.txt exists. 
[14:56:00.023] [1] [ Info] [NidToolbox] Config file:  Mods\NidToolbox\Texts\ServerChangelog.txt readable. 
[14:56:00.124] [1] [ Info] [Eco] Инициализируем NoPlayerCreditsPlugin...  
[14:56:00.124] [1] [ Info] [Eco] Инициализируем DiscordLink...  
[14:56:00.154] [1] [ Info] [Eco] Инициализируем DiscordLink...  
[14:56:00.172] [1] [ Info] [Eco] Инициализируем ПлагинМира...  
[14:56:00.172] [1] [ Info] [Eco] Обработка...  
[14:56:00.699] [1] [ Info] [Eco] Сжатие...  
[14:56:04.693] [1] [ Info] [Eco] Инициализируем МенеджерСети...  
[14:56:04.734] [142] [ Info] [Eco] DISCORDLINK: Connected to Discord.

 
[14:56:04.933] [1] [ Info] [Eco] Инициализируем МенеджерСлоёвМира...  
[14:56:04.933] [1] [ Info] [Eco] Инициализируем ПлагинВебСервера...  
[14:56:05.037] [142] [ Info] [Eco] DISCORDLINK: Connected to Discord.

 
[14:56:05.572] [143] [ Info] [Eco] DISCORDLINK: Connected and Ready
 
[14:56:05.647] [1] [ Info] [Eco] Инициализируем ПлагинТестовИнтеграции...  
[14:56:05.654] [1] [ Info] [NidToolbox] OK - Mono not detected, not a Linux environment 
[14:56:05.654] [1] [ Info] [NidToolbox] All commands in config up to date. 
[14:56:05.775] [1] [ Info] [NidToolbox] Running NidToolbox version 1.8.7 
[14:56:05.802] [1] [ Info] [Eco] Server Initialization завершена за 43 020,0мс
 
[14:56:10.723] [143] [ Info] [Eco] DISCORDLINK: Connected and Ready
 
[15:05:47.681] [1] [ Info] [Eco] Сохранение...
 
[15:05:47.681] [1] [ Info] [Eco] Сохранение мира...  
[15:05:51.212] [1] [ Info] [Eco] Готово
 
[15:05:51.414] [1] [ Info] [Eco] Выключение завершено
 
