[15:07:43.316] [1] [ Info] [Eco] >>> START EcoServer, Version=1.0.0.0, Culture=neutral, PublicKeyToken=null 
[15:07:43.343] [1] [ Info] [Eco] Eco Server 0.8.3.3 beta
 
[15:07:43.417] [1] [ Info] [Eco] Server Initialization...  
[15:07:43.417] [1] [ Info] [Eco] Starting LocalizationPlugin...  
[15:07:43.804] [1] [ Info] [Eco] Запуск ПлагинНабораМодификаций...  
[15:07:43.804] [1] [ Info] [Eco] Загрузка модификаций...  
[15:07:44.097] [1] [ Info] [Eco] Компилирование модификаций...  
[15:07:45.623] [1] [ Info] [Eco] Загружаем 0Harmony...
 
[15:07:45.628] [1] [ Info] [Eco] Загружаем Asphalt-ModKit...
 
[15:07:45.750] [1] [ Info] [Eco] Загружаем DiscordLink_blue...
 
[15:07:45.802] [1] [ Info] [Eco] Загружаем Eco.IntegrationTests...
 
[15:07:45.802] [1] [ Info] [Eco] Загружаем em-base...
 
[15:07:45.802] [1] [ Info] [Eco] Загружаем NoPlayerCredits...
 
[15:07:45.802] [1] [ Info] [Eco] Загружаем em-greenenergy...
 
[15:07:45.802] [1] [ Info] [Eco] Загружаем em-realisticsmelting...
 
[15:07:45.811] [1] [ Info] [Eco] Загружаем em-shippingcontainers...
 
[15:07:45.811] [1] [ Info] [Eco] Загружаем em-tailingspack...
 
[15:07:45.811] [1] [ Info] [Eco] Загружаем em-arches...
 
[15:07:45.811] [1] [ Info] [Eco] Загружаем em-doors...
 
[15:07:45.811] [1] [ Info] [Eco] Загружаем em-dyes...
 
[15:07:45.811] [1] [ Info] [Eco] Загружаем em-homeobjects...
 
[15:07:45.811] [1] [ Info] [Eco] Загружаем em-transportation...
 
[15:07:45.829] [1] [ Info] [Eco] Загружаем em-windows...
 
[15:07:45.829] [1] [ Info] [Eco] Загружаем em-zymology...
 
[15:07:45.843] [1] [ Info] [Eco] Загружаем HPStorage...
 
[15:07:45.843] [1] [ Info] [Eco] Загружаем NidToolbox...
 
[15:07:45.843] [1] [ Info] [Eco] Загрузка модификаций завершена за 2 044,1мс
 
[15:07:45.843] [1] [ Info] [Eco] Запуск МенеджерСети...  
[15:07:45.843] [7] [ Info] [Eco] Инициализация типов симуляции...  
[15:07:45.911] [11] [ Info] [Eco] Запуск ПлагинГенератораМира...  
[15:07:45.911] [14] [ Info] [Eco] Запуск ПлагинИгровойСтатистики...  
[15:07:45.911] [17] [ Info] [Eco] Запуск ПлагинРезервногоКопирования...  
[15:07:45.925] [17] [ Info] [Eco] Запуск МенеджерХранилища...  
[15:07:47.470] [7] [ Info] [Eco] Инициализация предметов...  
[15:07:47.543] [7] [ Info] [NidToolbox] Checking Settings.json 
[15:07:47.568] [7] [ Info] [NidToolbox] Config file: Mods\NidToolbox\Config\Settings.json exists. 
[15:07:47.580] [7] [ Info] [NidToolbox] Json file: Mods\NidToolbox\Config\Settings.json readable and correct. 
[15:07:47.580] [7] [ Info] [NidToolbox] Checking CommandPermissions.json 
[15:07:47.580] [7] [ Info] [NidToolbox] Config file: Mods\NidToolbox\Config\CommandPermissions.json exists. 
[15:07:47.580] [7] [ Info] [NidToolbox] Json file: Mods\NidToolbox\Config\CommandPermissions.json readable and correct. 
[15:07:47.580] [7] [ Info] [NidToolbox] Checking TimerMessages.json 
[15:07:47.580] [7] [ Info] [NidToolbox] Config file: Mods\NidToolbox\Config\TimerMessages.json exists. 
[15:07:47.580] [7] [ Info] [NidToolbox] Json file: Mods\NidToolbox\Config\TimerMessages.json readable and correct. 
[15:07:47.580] [7] [ Info] [NidToolbox] Checking ScheduledMessages.json 
[15:07:47.580] [7] [ Info] [NidToolbox] Config file: Mods\NidToolbox\Config\ScheduledMessages.json exists. 
[15:07:47.595] [7] [ Info] [NidToolbox] Json file: Mods\NidToolbox\Config\ScheduledMessages.json readable and correct. 
[15:07:47.595] [7] [ Info] [NidToolbox] No UserHomes directory, skipping user homes config checks. 
[15:07:49.927] [17] [ Info] [Eco] Запуск Плагин паузы...  
[15:07:49.927] [17] [ Info] [Eco] Загружаем Pause...  
[15:07:51.030] [7] [ Info] [Eco] Инициализация навыков...  
[15:07:51.137] [17] [ Info] [Eco] Запуск БДСтатистики...  
[15:07:51.137] [9] [ Info] [Eco] Запуск ПлагинМира...  
[15:07:51.191] [9] [ Info] [Eco] Загружаем World...  
[15:07:56.167] [9] [ Info] [Eco] Конвертация мира в новый формат...  
[15:08:23.841] [9] [ Info] [Eco] Инициализация мира...  
[15:08:24.092] [9] [ Info] [Eco] Запуск ПлагинВремени...  
[15:08:24.093] [9] [ Info] [Eco] Загружаем Time...  
[15:08:24.093] [9] [ Info] [Eco] Запуск ПлагинРепутации...  
[15:08:24.093] [9] [ Info] [Eco] Загружаем Reputation...  
[15:08:24.113] [9] [ Info] [Eco] Запуск МенеджерЖильяИгроков...  
[15:08:24.113] [9] [ Info] [Eco] Запуск МенеджерПользователей...  
[15:08:24.150] [9] [ Info] [Eco] Загружаем Users...  
[15:08:24.329] [9] [ Info] [Eco] Инициализация инвентарей...  
[15:08:24.358] [9] [ Info] [Eco] Запуск МенеджерОбъектовЭко...  
[15:08:24.363] [17] [ Info] [Eco] Запуск ПлагинМусора...  
[15:08:24.363] [22] [ Info] [Eco] Запуск НастройкиСложности...  
[15:08:24.363] [24] [ Info] [Eco] Запуск ПлагинУгроз...  
[15:08:24.363] [12] [ Info] [Eco] Запуск МенеджерКонтроллера...  
[15:08:24.363] [11] [ Info] [Eco] Запуск СерверЧата...  
[15:08:24.363] [16] [ Info] [Eco] Запуск VoiceManager...  
[15:08:24.363] [17] [ Info] [Eco] Загружаем Garbage...  
[15:08:24.363] [9] [ Info] [Eco] Запуск ПлагинЭкономики...  
[15:08:24.391] [9] [ Info] [Eco] Загружаем Economy...  
[15:08:24.561] [24] [ Info] [Eco] Загружаем Disasters...  
[15:08:24.564] [9] [ Info] [Eco] Запуск Законодательство...  
[15:08:24.564] [11] [ Info] [Eco] Загружаем Chat...  
[15:08:24.606] [9] [ Info] [Eco] Загружаем Laws...  
[15:08:24.696] [9] [ Info] [Eco] Запуск МенеджерСобственности...  
[15:08:24.696] [9] [ Info] [Eco] Загружаем Property...  
[15:08:24.762] [9] [ Info] [Eco] Запуск МенеджерМиникарты...  
[15:08:24.765] [9] [ Info] [Eco] Запуск СимуляцияЭко...  
[15:08:24.826] [9] [ Info] [Eco] Загружаем Plants...  
[15:08:27.719] [9] [ Info] [Eco] Инициализация растений...  
[15:08:37.140] [9] [ Info] [Eco] Запуск RouteProbingPlugin...  
[15:08:37.140] [9] [ Info] [Eco] Загружаем RouteProbing...  
[15:08:41.439] [9] [ Info] [Eco] Запуск МенеджерСлоёвМира...  
[15:08:41.439] [9] [ Info] [Eco] Загружаем Layers...  
[15:08:42.210] [9] [ Info] [Eco] Инициализация слоёв мира...  
[15:08:42.210] [9] [ Info] [Eco] Загружаем ClimateSim...  
[15:08:45.088] [9] [ Info] [Eco] Запуск ТрекерЭкономики...  
[15:08:45.093] [9] [ Info] [Eco] Запуск UserTracker...  
[15:08:45.093] [9] [ Info] [Eco] Запуск МенеджерМировыхОбъектов...  
[15:08:45.179] [9] [ Info] [Eco] Загружаем WorldObjects...  
[15:08:45.360] [9] [ Info] [Eco] Запуск ПлагинКомнат...  
[15:08:45.360] [9] [ Info] [Eco] Загружаем Rooms...  
[15:08:45.377] [9] [ Info] [Eco] Запуск ПлагинЦелей...  
[15:08:45.377] [9] [ Info] [Eco] Загружаем Objectives...  
[15:08:45.390] [9] [ Info] [Eco] Запуск ПлагинСна...  
[15:08:45.390] [9] [ Info] [Eco] Загружаем Sleep...  
[15:08:45.390] [1] [ Info] [Eco] Запуск ПлагинВебСервера...  
[15:08:45.390] [1] [ Info] [Eco] Запуск OtherAliasCategory...  
[15:08:45.390] [12] [ Info] [Eco] Запуск Asphalt...  
[15:08:45.410] [18] [ Info] [Eco] Запуск DiscordLink...  
[15:08:45.410] [31] [ Info] [Eco] Запуск ChatBase...  
[15:08:45.410] [25] [ Info] [Eco] Запуск ПлагинТестовИнтеграции...  
[15:08:45.410] [8] [ Info] [Eco] Запуск NidToolboxPlugin...  
[15:08:45.410] [24] [ Info] [Eco] Запуск NoPlayerCreditsPlugin...  
[15:08:45.491] [1] [ Info] [Eco] Инициализируем ПлагинПеревода...  
[15:08:45.491] [1] [ Info] [Eco] Инициализируем ПлагинНабораМодификаций...  
[15:08:45.793] [1] [ Info] [Eco] Инициализируем ПлагинГенератораМира...  
[15:08:45.793] [1] [ Info] [Eco] Инициализируем МенеджерПользователей...  
[15:08:45.838] [1] [ Info] [Eco] Инициализируем ПлагинМусора...  
[15:08:45.838] [1] [ Info] [Eco] Инициализируем ПлагинЭкономики...  
[15:08:45.855] [1] [ Info] [Eco] Инициализируем Законодательство...  
[15:08:46.492] [1] [ Info] [Eco] Инициализируем МенеджерСобственности...  
[15:08:46.504] [1] [ Info] [Eco] Инициализируем МенеджерМиникарты...  
[15:08:47.527] [1] [ Info] [Eco] Инициализируем UserTracker...  
[15:08:47.533] [1] [ Info] [Eco] Инициализируем МенеджерМировыхОбъектов...  
[15:08:47.741] [1] [ Info] [Eco] Инициализируем ПлагинКомнат...  
[15:08:47.861] [1] [ Info] [Eco] Инициализируем ПлагинСна...  
[15:08:47.861] [1] [ Info] [Eco] Инициализируем NidToolboxPlugin...  
[15:08:47.861] [1] [ Info] [NidToolbox] Checking declared file: Mods\NidToolbox\Texts\Motd.txt 
[15:08:47.874] [1] [ Info] [NidToolbox] Config file:  Mods\NidToolbox\Texts\Motd.txt exists. 
[15:08:47.874] [1] [ Info] [NidToolbox] Config file:  Mods\NidToolbox\Texts\Motd.txt readable. 
[15:08:47.874] [1] [ Info] [NidToolbox] Checking declared file: Mods\NidToolbox\Texts\Rules.txt 
[15:08:47.874] [1] [ Info] [NidToolbox] Config file:  Mods\NidToolbox\Texts\Rules.txt exists. 
[15:08:47.874] [1] [ Info] [NidToolbox] Config file:  Mods\NidToolbox\Texts\Rules.txt readable. 
[15:08:47.874] [1] [ Info] [NidToolbox] Checking declared file: Mods\NidToolbox\Texts\ServerChangelog.txt 
[15:08:47.874] [1] [ Info] [NidToolbox] Config file:  Mods\NidToolbox\Texts\ServerChangelog.txt exists. 
[15:08:47.874] [1] [ Info] [NidToolbox] Config file:  Mods\NidToolbox\Texts\ServerChangelog.txt readable. 
[15:08:47.982] [1] [ Info] [Eco] Инициализируем NoPlayerCreditsPlugin...  
[15:08:47.982] [1] [ Info] [Eco] Инициализируем DiscordLink...  
[15:08:48.011] [1] [ Info] [Eco] Инициализируем ПлагинМира...  
[15:08:48.014] [1] [ Info] [Eco] Обработка...  
[15:08:48.790] [1] [ Info] [Eco] Сжатие...  
[15:08:49.079] [140] [ Info] [Eco] DISCORDLINK: Connected to Discord.

 
[15:08:51.412] [139] [ Info] [Eco] DISCORDLINK: Connected and Ready
 
[15:09:00.752] [1] [ Info] [Eco] Сохранение мира...  
[15:09:05.314] [1] [ Info] [Eco] Инициализируем МенеджерСети...  
[15:09:05.564] [1] [ Info] [Eco] Инициализируем МенеджерСлоёвМира...  
[15:09:05.564] [1] [ Info] [Eco] Инициализируем ПлагинВебСервера...  
[15:09:06.278] [1] [ Info] [Eco] Инициализируем ПлагинТестовИнтеграции...  
[15:09:06.293] [1] [ Info] [NidToolbox] OK - Mono not detected, not a Linux environment 
[15:09:06.297] [1] [ Info] [NidToolbox] All commands in config up to date. 
[15:09:06.353] [1] [ Info] [NidToolbox] Running NidToolbox version 1.8.7 
[15:09:06.416] [1] [ Info] [Eco] Server Initialization завершена за 82 997,4мс
 
[15:10:07.379] [176] [ Info] [log] Dark Avenger invoked admin command '/give ore washer' 
[15:11:42.564] [176] [ Info] [log] Dark Avenger invoked admin command '/vomit' 
[15:39:06.884] [14] [ Info] [Eco] Удалена резервная копия - D:/EcoBackup/Storage\Backup\Game-2020-02-21-15.24.18
 
[15:50:02.931] [17] [ Info] [log] Dark Avenger invoked admin command '/fly' 
[15:51:08.879] [17] [ Info] [log] Dark Avenger invoked admin command '/fly' 
[15:51:11.589] [17] [ Info] [log] Dark Avenger invoked admin command '/fly' 
[15:51:14.821] [17] [ Info] [log] Dark Avenger invoked admin command '/fly' 
[15:56:48.713] [17] [ Info] [log] Dark Avenger invoked admin command '/eat' 
[16:09:06.842] [14] [ Info] [Eco] Удалена резервная копия - D:/EcoBackup/Storage\Backup\Game-2020-02-22-14.50.03
 
[16:09:06.861] [14] [ Info] [Eco] Удалена резервная копия - D:/EcoBackup/Storage\Backup\Game-2020-02-21-16.24.18
 
[16:54:37.852] [19] [ Info] [log] Dark Avenger invoked admin command '/fly' 
[16:57:01.391] [19] [ Info] [log] Dark Avenger invoked admin command '/give тёсаное бревно' 
[16:57:34.577] [16] [ Info] [log] AmeriQ invoked admin command '/fly' 
[16:57:42.389] [16] [ Info] [log] AmeriQ invoked admin command '/fly' 
[17:09:06.879] [34] [ Info] [Eco] Удалена резервная копия - D:/EcoBackup/Storage\Backup\Game-2020-02-21-17.24.18
 
[17:31:54.894] [23] [ Info] [log] Larsa invoked admin command '/fly' 
[17:39:06.860] [10] [ Info] [Eco] Удалена резервная копия - D:/EcoBackup/Storage\Backup\Game-2020-02-22-16.39.06
 
[18:09:06.867] [24] [ Info] [Eco] Удалена резервная копия - D:/EcoBackup/Storage\Backup\Game-2020-02-21-18.24.18
 
[18:39:06.521] [8] [ Info] [Eco] Удалена резервная копия - D:/EcoBackup/Storage\Backup\Game-2020-02-22-17.39.06
 
[18:45:07.373] [16] [ Info] [log] Dark Avenger invoked admin command '/vomit' 
[18:45:21.520] [16] [ Info] [log] Dark Avenger invoked admin command '/give Huckleberry Pie' 
[18:57:00.543] [16] [ Info] [log] Dark Avenger invoked admin command '/fly' 
[19:09:06.866] [16] [ Info] [log] Dark Avenger invoked admin command '/give Pary' 
[19:09:06.866] [29] [ Info] [Eco] Удалена резервная копия - D:/EcoBackup/Storage\Backup\Game-2020-02-21-19.24.18
 
[19:10:47.947] [16] [ Info] [log] Dark Avenger invoked admin command '/give рагу из овощей' 
[19:10:53.031] [16] [ Info] [log] Dark Avenger invoked admin command '/give рагу' 
[19:11:04.534] [16] [ Info] [log] Dark Avenger invoked admin command '/give рагу из диких растений' 
[19:28:21.738] [16] [ Info] [log] Dark Avenger invoked admin command '/give Elk Wellington' 
[19:39:06.875] [25] [ Info] [Eco] Удалена резервная копия - D:/EcoBackup/Storage\Backup\Game-2020-02-22-18.39.06
 
[19:41:46.823] [18] [ Info] [Eco] Ошибка при проверке токена входа: Время ожидания операции истекло
 
[19:41:46.823] [18] [ Info] [Eco] Токен входа пользователя Dark Avenger изменён.  Возможно вошёл где то ещё?  Отключение...
 
[20:09:06.542] [33] [ Info] [Eco] Удалена резервная копия - D:/EcoBackup/Storage\Backup\Game-2020-02-21-20.46.33
 
[20:13:14.720] [1] [ Info] [Eco] Сохранение...
 
[20:13:14.720] [1] [ Info] [Eco] Сохранение мира...  
[20:13:18.124] [1] [ Info] [Eco] Готово
 
[20:13:18.302] [1] [ Info] [Eco] Выключение завершено
 
