[13:50:29.617] [1] [ Info] [Eco] >>> START EcoServer, Version=1.0.0.0, Culture=neutral, PublicKeyToken=null 
[13:50:29.645] [1] [ Info] [Eco] Eco Server 0.8.3.3 beta
 
[13:50:29.721] [1] [ Info] [Eco] Server Initialization...  
[13:50:29.721] [1] [ Info] [Eco] Starting LocalizationPlugin...  
[13:50:30.107] [1] [ Info] [Eco] Запуск ПлагинНабораМодификаций...  
[13:50:30.107] [1] [ Info] [Eco] Загрузка модификаций...  
[13:50:30.418] [1] [ Info] [Eco] Компилирование модификаций...  
[13:50:31.946] [1] [ Info] [Eco] Загружаем 0Harmony...
 
[13:50:31.946] [1] [ Info] [Eco] Загружаем Asphalt-ModKit...
 
[13:50:32.073] [1] [ Info] [Eco] Загружаем DiscordLink_blue...
 
[13:50:32.119] [1] [ Info] [Eco] Загружаем Eco.IntegrationTests...
 
[13:50:32.119] [1] [ Info] [Eco] Загружаем em-base...
 
[13:50:32.119] [1] [ Info] [Eco] Загружаем NoPlayerCredits...
 
[13:50:32.119] [1] [ Info] [Eco] Загружаем em-greenenergy...
 
[13:50:32.119] [1] [ Info] [Eco] Загружаем em-realisticsmelting...
 
[13:50:32.133] [1] [ Info] [Eco] Загружаем em-shippingcontainers...
 
[13:50:32.133] [1] [ Info] [Eco] Загружаем em-tailingspack...
 
[13:50:32.133] [1] [ Info] [Eco] Загружаем em-arches...
 
[13:50:32.133] [1] [ Info] [Eco] Загружаем em-doors...
 
[13:50:32.149] [1] [ Info] [Eco] Загружаем em-dyes...
 
[13:50:32.149] [1] [ Info] [Eco] Загружаем em-homeobjects...
 
[13:50:32.149] [1] [ Info] [Eco] Загружаем em-transportation...
 
[13:50:32.149] [1] [ Info] [Eco] Загружаем em-windows...
 
[13:50:32.167] [1] [ Info] [Eco] Загружаем em-zymology...
 
[13:50:32.167] [1] [ Info] [Eco] Загружаем HPStorage...
 
[13:50:32.167] [1] [ Info] [Eco] Загружаем NidToolbox...
 
[13:50:32.179] [1] [ Info] [Eco] Загрузка модификаций завершена за 2 069,8мс
 
[13:50:32.179] [1] [ Info] [Eco] Запуск МенеджерСети...  
[13:50:32.179] [7] [ Info] [Eco] Инициализация типов симуляции...  
[13:50:32.245] [14] [ Info] [Eco] Запуск ПлагинГенератораМира...  
[13:50:32.245] [13] [ Info] [Eco] Запуск ПлагинРезервногоКопирования...  
[13:50:32.245] [16] [ Info] [Eco] Запуск ПлагинИгровойСтатистики...  
[13:50:32.257] [13] [ Info] [Eco] Запуск МенеджерХранилища...  
[13:50:33.827] [7] [ Info] [Eco] Инициализация предметов...  
[13:50:33.931] [7] [ Info] [NidToolbox] Checking Settings.json 
[13:50:33.952] [7] [ Info] [NidToolbox] Config file: Mods\NidToolbox\Config\Settings.json exists. 
[13:50:33.952] [7] [ Info] [NidToolbox] Json file: Mods\NidToolbox\Config\Settings.json readable and correct. 
[13:50:33.952] [7] [ Info] [NidToolbox] Checking CommandPermissions.json 
[13:50:33.952] [7] [ Info] [NidToolbox] Config file: Mods\NidToolbox\Config\CommandPermissions.json exists. 
[13:50:33.952] [7] [ Info] [NidToolbox] Json file: Mods\NidToolbox\Config\CommandPermissions.json readable and correct. 
[13:50:33.960] [7] [ Info] [NidToolbox] Checking TimerMessages.json 
[13:50:33.960] [7] [ Info] [NidToolbox] Config file: Mods\NidToolbox\Config\TimerMessages.json exists. 
[13:50:33.960] [7] [ Info] [NidToolbox] Json file: Mods\NidToolbox\Config\TimerMessages.json readable and correct. 
[13:50:33.960] [7] [ Info] [NidToolbox] Checking ScheduledMessages.json 
[13:50:33.960] [7] [ Info] [NidToolbox] Config file: Mods\NidToolbox\Config\ScheduledMessages.json exists. 
[13:50:33.960] [7] [ Info] [NidToolbox] Json file: Mods\NidToolbox\Config\ScheduledMessages.json readable and correct. 
[13:50:33.981] [7] [ Info] [NidToolbox] No UserHomes directory, skipping user homes config checks. 
[13:50:34.896] [13] [ Info] [Eco] Запуск Плагин паузы...  
[13:50:34.903] [13] [ Info] [Eco] Загружаем Pause...  
[13:50:36.971] [7] [ Info] [Eco] Инициализация навыков...  
[13:50:37.067] [13] [ Info] [Eco] Запуск БДСтатистики...  
[13:50:37.067] [12] [ Info] [Eco] Запуск ПлагинМира...  
[13:50:37.123] [12] [ Info] [Eco] Загружаем World...  
[13:50:40.148] [12] [ Info] [Eco] Инициализация мира...  
[13:50:41.307] [12] [ Info] [Eco] Запуск ПлагинВремени...  
[13:50:41.307] [12] [ Info] [Eco] Загружаем Time...  
[13:50:41.307] [12] [ Info] [Eco] Запуск ПлагинРепутации...  
[13:50:41.307] [12] [ Info] [Eco] Загружаем Reputation...  
[13:50:41.321] [12] [ Info] [Eco] Запуск МенеджерЖильяИгроков...  
[13:50:41.321] [12] [ Info] [Eco] Запуск МенеджерПользователей...  
[13:50:41.362] [12] [ Info] [Eco] Загружаем Users...  
[13:50:41.508] [12] [ Info] [Eco] Инициализация инвентарей...  
[13:50:41.546] [12] [ Info] [Eco] Запуск МенеджерОбъектовЭко...  
[13:50:41.546] [32] [ Info] [Eco] Запуск ПлагинМусора...  
[13:50:41.546] [34] [ Info] [Eco] Запуск VoiceManager...  
[13:50:41.546] [13] [ Info] [Eco] Запуск МенеджерКонтроллера...  
[13:50:41.546] [16] [ Info] [Eco] Запуск СерверЧата...  
[13:50:41.554] [32] [ Info] [Eco] Загружаем Garbage...  
[13:50:41.554] [21] [ Info] [Eco] Запуск НастройкиСложности...  
[13:50:41.554] [12] [ Info] [Eco] Запуск ПлагинЭкономики...  
[13:50:41.554] [8] [ Info] [Eco] Запуск ПлагинУгроз...  
[13:50:41.554] [12] [ Info] [Eco] Загружаем Economy...  
[13:50:41.728] [12] [ Info] [Eco] Запуск Законодательство...  
[13:50:41.728] [8] [ Info] [Eco] Загружаем Disasters...  
[13:50:41.728] [16] [ Info] [Eco] Загружаем Chat...  
[13:50:41.768] [12] [ Info] [Eco] Загружаем Laws...  
[13:50:41.860] [12] [ Info] [Eco] Запуск МенеджерСобственности...  
[13:50:41.860] [12] [ Info] [Eco] Загружаем Property...  
[13:50:41.921] [12] [ Info] [Eco] Запуск МенеджерМиникарты...  
[13:50:41.921] [12] [ Info] [Eco] Запуск СимуляцияЭко...  
[13:50:41.983] [12] [ Info] [Eco] Загружаем Plants...  
[13:50:44.318] [12] [ Info] [Eco] Инициализация растений...  
[13:50:54.902] [12] [ Info] [Eco] Запуск RouteProbingPlugin...  
[13:50:54.902] [12] [ Info] [Eco] Загружаем RouteProbing...  
[13:50:58.029] [12] [ Info] [Eco] Запуск МенеджерСлоёвМира...  
[13:50:58.029] [12] [ Info] [Eco] Загружаем Layers...  
[13:50:58.658] [12] [ Info] [Eco] Инициализация слоёв мира...  
[13:50:58.658] [12] [ Info] [Eco] Загружаем ClimateSim...  
[13:51:02.127] [12] [ Info] [Eco] Запуск ТрекерЭкономики...  
[13:51:02.133] [12] [ Info] [Eco] Запуск UserTracker...  
[13:51:02.133] [12] [ Info] [Eco] Запуск МенеджерМировыхОбъектов...  
[13:51:02.224] [12] [ Info] [Eco] Загружаем WorldObjects...  
[13:51:02.334] [12] [ Info] [Eco] Запуск ПлагинКомнат...  
[13:51:02.336] [12] [ Info] [Eco] Загружаем Rooms...  
[13:51:02.336] [12] [ Info] [Eco] Запуск ПлагинЦелей...  
[13:51:02.336] [12] [ Info] [Eco] Загружаем Objectives...  
[13:51:02.359] [12] [ Info] [Eco] Запуск ПлагинСна...  
[13:51:02.359] [12] [ Info] [Eco] Загружаем Sleep...  
[13:51:02.359] [1] [ Info] [Eco] Запуск ПлагинВебСервера...  
[13:51:02.376] [1] [ Info] [Eco] Запуск OtherAliasCategory...  
[13:51:02.376] [7] [ Info] [Eco] Запуск ПлагинТестовИнтеграции...  
[13:51:02.376] [26] [ Info] [Eco] Запуск NidToolboxPlugin...  
[13:51:02.376] [28] [ Info] [Eco] Запуск DiscordLink...  
[13:51:02.376] [15] [ Info] [Eco] Запуск NoPlayerCreditsPlugin...  
[13:51:02.382] [33] [ Info] [Eco] Запуск Asphalt...  
[13:51:02.382] [34] [ Info] [Eco] Запуск ChatBase...  
[13:51:02.471] [1] [ Info] [Eco] Инициализируем ПлагинПеревода...  
[13:51:02.471] [1] [ Info] [Eco] Инициализируем ПлагинНабораМодификаций...  
[13:51:02.752] [1] [ Info] [Eco] Инициализируем ПлагинГенератораМира...  
[13:51:02.752] [1] [ Info] [Eco] Инициализируем МенеджерПользователей...  
[13:51:02.794] [1] [ Info] [Eco] Инициализируем ПлагинМусора...  
[13:51:02.808] [1] [ Info] [Eco] Инициализируем ПлагинЭкономики...  
[13:51:02.826] [1] [ Info] [Eco] Инициализируем Законодательство...  
[13:51:05.893] [1] [ Info] [Eco] Инициализируем МенеджерСобственности...  
[13:51:05.924] [1] [ Info] [Eco] Инициализируем МенеджерМиникарты...  
[13:51:06.870] [1] [ Info] [Eco] Инициализируем UserTracker...  
[13:51:06.870] [1] [ Info] [Eco] Инициализируем МенеджерМировыхОбъектов...  
[13:51:07.116] [1] [ Info] [Eco] Инициализируем ПлагинКомнат...  
[13:51:07.232] [1] [ Info] [Eco] Инициализируем ПлагинСна...  
[13:51:07.232] [1] [ Info] [Eco] Инициализируем NidToolboxPlugin...  
[13:51:07.244] [1] [ Info] [NidToolbox] Checking declared file: Mods\NidToolbox\Texts\Motd.txt 
[13:51:07.244] [1] [ Info] [NidToolbox] Config file:  Mods\NidToolbox\Texts\Motd.txt exists. 
[13:51:07.244] [1] [ Info] [NidToolbox] Config file:  Mods\NidToolbox\Texts\Motd.txt readable. 
[13:51:07.244] [1] [ Info] [NidToolbox] Checking declared file: Mods\NidToolbox\Texts\Rules.txt 
[13:51:07.244] [1] [ Info] [NidToolbox] Config file:  Mods\NidToolbox\Texts\Rules.txt exists. 
[13:51:07.244] [1] [ Info] [NidToolbox] Config file:  Mods\NidToolbox\Texts\Rules.txt readable. 
[13:51:07.257] [1] [ Info] [NidToolbox] Checking declared file: Mods\NidToolbox\Texts\ServerChangelog.txt 
[13:51:07.257] [1] [ Info] [NidToolbox] Config file:  Mods\NidToolbox\Texts\ServerChangelog.txt exists. 
[13:51:07.257] [1] [ Info] [NidToolbox] Config file:  Mods\NidToolbox\Texts\ServerChangelog.txt readable. 
[13:51:07.364] [1] [ Info] [Eco] Инициализируем NoPlayerCreditsPlugin...  
[13:51:07.364] [1] [ Info] [Eco] Инициализируем DiscordLink...  
[13:51:07.405] [1] [ Info] [Eco] Инициализируем ПлагинМира...  
[13:51:07.405] [1] [ Info] [Eco] Обработка...  
[13:51:07.965] [1] [ Info] [Eco] Сжатие...  
[13:51:11.377] [1] [ Info] [Eco] Инициализируем МенеджерСети...  
[13:51:11.415] [138] [ Info] [Eco] DISCORDLINK: Connected to Discord.

 
[13:51:11.595] [1] [ Info] [Eco] Инициализируем МенеджерСлоёвМира...  
[13:51:11.595] [1] [ Info] [Eco] Инициализируем ПлагинВебСервера...  
[13:51:12.221] [140] [ Info] [Eco] DISCORDLINK: Connected and Ready
 
[13:51:12.366] [1] [ Info] [Eco] Инициализируем ПлагинТестовИнтеграции...  
[13:51:12.366] [1] [ Info] [NidToolbox] OK - Mono not detected, not a Linux environment 
[13:51:12.366] [1] [ Info] [NidToolbox] All commands in config up to date. 
[13:51:12.459] [1] [ Info] [NidToolbox] Running NidToolbox version 1.8.7 
[13:51:12.483] [1] [ Info] [Eco] Server Initialization завершена за 42 759,2мс
 
[14:09:27.605] [1] [ Info] [Eco] Сохранение...
 
[14:09:27.605] [1] [ Info] [Eco] Сохранение мира...  
[14:09:31.769] [1] [ Info] [Eco] Готово
 
[14:09:31.908] [1] [ Info] [Eco] Выключение завершено
 
