[20:33:50.893] [1] [ Info] [Eco] >>> START EcoServer, Version=1.0.0.0, Culture=neutral, PublicKeyToken=null 
[20:33:50.920] [1] [ Info] [Eco] Eco Server 0.8.3.3 beta
 
[20:33:50.993] [1] [ Info] [Eco] Server Initialization...  
[20:33:50.993] [1] [ Info] [Eco] Starting LocalizationPlugin...  
[20:33:51.375] [1] [ Info] [Eco] Запуск ПлагинНабораМодификаций...  
[20:33:51.375] [1] [ Info] [Eco] Загрузка модификаций...  
[20:33:51.668] [1] [ Info] [Eco] Компилирование модификаций...  
[20:33:53.155] [1] [ Info] [Eco] Загружаем 0Harmony...
 
[20:33:53.155] [1] [ Info] [Eco] Загружаем Asphalt-ModKit...
 
[20:33:53.279] [1] [ Info] [Eco] Загружаем DiscordLink_blue...
 
[20:33:53.326] [1] [ Info] [Eco] Загружаем Eco.IntegrationTests...
 
[20:33:53.326] [1] [ Info] [Eco] Загружаем em-base...
 
[20:33:53.326] [1] [ Info] [Eco] Загружаем NoPlayerCredits...
 
[20:33:53.326] [1] [ Info] [Eco] Загружаем em-greenenergy...
 
[20:33:53.326] [1] [ Info] [Eco] Загружаем em-realisticsmelting...
 
[20:33:53.326] [1] [ Info] [Eco] Загружаем em-shippingcontainers...
 
[20:33:53.326] [1] [ Info] [Eco] Загружаем em-tailingspack...
 
[20:33:53.326] [1] [ Info] [Eco] Загружаем em-arches...
 
[20:33:53.326] [1] [ Info] [Eco] Загружаем em-doors...
 
[20:33:53.343] [1] [ Info] [Eco] Загружаем em-dyes...
 
[20:33:53.343] [1] [ Info] [Eco] Загружаем em-homeobjects...
 
[20:33:53.343] [1] [ Info] [Eco] Загружаем em-transportation...
 
[20:33:53.343] [1] [ Info] [Eco] Загружаем em-windows...
 
[20:33:53.361] [1] [ Info] [Eco] Загружаем em-zymology...
 
[20:33:53.361] [1] [ Info] [Eco] Загружаем HPStorage...
 
[20:33:53.361] [1] [ Info] [Eco] Загружаем NidToolbox...
 
[20:33:53.373] [1] [ Info] [Eco] Загрузка модификаций завершена за 1 996,4мс
 
[20:33:53.373] [1] [ Info] [Eco] Запуск МенеджерСети...  
[20:33:53.373] [5] [ Info] [Eco] Инициализация типов симуляции...  
[20:33:53.430] [8] [ Info] [Eco] Запуск ПлагинГенератораМира...  
[20:33:53.430] [17] [ Info] [Eco] Запуск ПлагинРезервногоКопирования...  
[20:33:53.430] [15] [ Info] [Eco] Запуск ПлагинИгровойСтатистики...  
[20:33:53.441] [17] [ Info] [Eco] Запуск МенеджерХранилища...  
[20:33:54.986] [5] [ Info] [Eco] Инициализация предметов...  
[20:33:55.063] [5] [ Info] [NidToolbox] Checking Settings.json 
[20:33:55.063] [5] [ Info] [NidToolbox] Config file: Mods\NidToolbox\Config\Settings.json exists. 
[20:33:55.063] [5] [ Info] [NidToolbox] Json file: Mods\NidToolbox\Config\Settings.json readable and correct. 
[20:33:55.063] [5] [ Info] [NidToolbox] Checking CommandPermissions.json 
[20:33:55.063] [5] [ Info] [NidToolbox] Config file: Mods\NidToolbox\Config\CommandPermissions.json exists. 
[20:33:55.063] [5] [ Info] [NidToolbox] Json file: Mods\NidToolbox\Config\CommandPermissions.json readable and correct. 
[20:33:55.075] [5] [ Info] [NidToolbox] Checking TimerMessages.json 
[20:33:55.075] [5] [ Info] [NidToolbox] Config file: Mods\NidToolbox\Config\TimerMessages.json exists. 
[20:33:55.075] [5] [ Info] [NidToolbox] Json file: Mods\NidToolbox\Config\TimerMessages.json readable and correct. 
[20:33:55.075] [5] [ Info] [NidToolbox] Checking ScheduledMessages.json 
[20:33:55.091] [5] [ Info] [NidToolbox] Config file: Mods\NidToolbox\Config\ScheduledMessages.json exists. 
[20:33:55.091] [5] [ Info] [NidToolbox] Json file: Mods\NidToolbox\Config\ScheduledMessages.json readable and correct. 
[20:33:55.091] [5] [ Info] [NidToolbox] No UserHomes directory, skipping user homes config checks. 
[20:33:56.119] [17] [ Info] [Eco] Запуск Плагин паузы...  
[20:33:56.126] [17] [ Info] [Eco] Загружаем Pause...  
[20:33:58.262] [5] [ Info] [Eco] Инициализация навыков...  
[20:33:58.350] [17] [ Info] [Eco] Запуск БДСтатистики...  
[20:33:58.350] [13] [ Info] [Eco] Запуск ПлагинМира...  
[20:33:58.395] [13] [ Info] [Eco] Загружаем World...  
[20:34:01.454] [13] [ Info] [Eco] Инициализация мира...  
[20:34:02.662] [13] [ Info] [Eco] Запуск ПлагинВремени...  
[20:34:02.662] [13] [ Info] [Eco] Загружаем Time...  
[20:34:02.669] [13] [ Info] [Eco] Запуск ПлагинРепутации...  
[20:34:02.669] [13] [ Info] [Eco] Загружаем Reputation...  
[20:34:02.669] [13] [ Info] [Eco] Запуск МенеджерЖильяИгроков...  
[20:34:02.669] [13] [ Info] [Eco] Запуск МенеджерПользователей...  
[20:34:02.724] [13] [ Info] [Eco] Загружаем Users...  
[20:34:02.883] [13] [ Info] [Eco] Инициализация инвентарей...  
[20:34:02.921] [13] [ Info] [Eco] Запуск МенеджерОбъектовЭко...  
[20:34:02.921] [14] [ Info] [Eco] Запуск ПлагинМусора...  
[20:34:02.921] [10] [ Info] [Eco] Запуск VoiceManager...  
[20:34:02.921] [17] [ Info] [Eco] Запуск ПлагинЭкономики...  
[20:34:02.921] [27] [ Info] [Eco] Запуск СерверЧата...  
[20:34:02.921] [15] [ Info] [Eco] Запуск ПлагинУгроз...  
[20:34:02.921] [14] [ Info] [Eco] Загружаем Garbage...  
[20:34:02.921] [20] [ Info] [Eco] Запуск НастройкиСложности...  
[20:34:02.921] [13] [ Info] [Eco] Запуск МенеджерКонтроллера...  
[20:34:02.935] [17] [ Info] [Eco] Загружаем Economy...  
[20:34:03.107] [15] [ Info] [Eco] Загружаем Disasters...  
[20:34:03.107] [17] [ Info] [Eco] Запуск Законодательство...  
[20:34:03.107] [27] [ Info] [Eco] Загружаем Chat...  
[20:34:03.156] [17] [ Info] [Eco] Загружаем Laws...  
[20:34:03.247] [17] [ Info] [Eco] Запуск МенеджерСобственности...  
[20:34:03.247] [17] [ Info] [Eco] Загружаем Property...  
[20:34:03.309] [17] [ Info] [Eco] Запуск МенеджерМиникарты...  
[20:34:03.309] [17] [ Info] [Eco] Запуск СимуляцияЭко...  
[20:34:03.371] [17] [ Info] [Eco] Загружаем Plants...  
[20:34:05.613] [17] [ Info] [Eco] Инициализация растений...  
[20:34:16.393] [17] [ Info] [Eco] Запуск RouteProbingPlugin...  
[20:34:16.393] [17] [ Info] [Eco] Загружаем RouteProbing...  
[20:34:19.745] [17] [ Info] [Eco] Запуск МенеджерСлоёвМира...  
[20:34:19.747] [17] [ Info] [Eco] Загружаем Layers...  
[20:34:20.386] [17] [ Info] [Eco] Инициализация слоёв мира...  
[20:34:20.392] [17] [ Info] [Eco] Загружаем ClimateSim...  
[20:34:23.813] [17] [ Info] [Eco] Запуск ТрекерЭкономики...  
[20:34:23.813] [17] [ Info] [Eco] Запуск UserTracker...  
[20:34:23.813] [17] [ Info] [Eco] Запуск МенеджерМировыхОбъектов...  
[20:34:23.911] [17] [ Info] [Eco] Загружаем WorldObjects...  
[20:34:24.030] [17] [ Info] [Eco] Запуск ПлагинКомнат...  
[20:34:24.030] [17] [ Info] [Eco] Загружаем Rooms...  
[20:34:24.030] [17] [ Info] [Eco] Запуск ПлагинЦелей...  
[20:34:24.044] [17] [ Info] [Eco] Загружаем Objectives...  
[20:34:24.044] [17] [ Info] [Eco] Запуск ПлагинСна...  
[20:34:24.044] [17] [ Info] [Eco] Загружаем Sleep...  
[20:34:24.063] [1] [ Info] [Eco] Запуск ПлагинВебСервера...  
[20:34:24.063] [1] [ Info] [Eco] Запуск OtherAliasCategory...  
[20:34:24.063] [26] [ Info] [Eco] Запуск Asphalt...  
[20:34:24.063] [9] [ Info] [Eco] Запуск ChatBase...  
[20:34:24.063] [13] [ Info] [Eco] Запуск NidToolboxPlugin...  
[20:34:24.063] [34] [ Info] [Eco] Запуск NoPlayerCreditsPlugin...  
[20:34:24.076] [5] [ Info] [Eco] Запуск DiscordLink...  
[20:34:24.076] [6] [ Info] [Eco] Запуск ПлагинТестовИнтеграции...  
[20:34:24.165] [1] [ Info] [Eco] Инициализируем ПлагинПеревода...  
[20:34:24.169] [1] [ Info] [Eco] Инициализируем ПлагинНабораМодификаций...  
[20:34:24.459] [1] [ Info] [Eco] Инициализируем ПлагинГенератораМира...  
[20:34:24.459] [1] [ Info] [Eco] Инициализируем МенеджерПользователей...  
[20:34:24.501] [1] [ Info] [Eco] Инициализируем ПлагинМусора...  
[20:34:24.501] [1] [ Info] [Eco] Инициализируем ПлагинЭкономики...  
[20:34:24.528] [1] [ Info] [Eco] Инициализируем Законодательство...  
[20:34:27.595] [1] [ Info] [Eco] Инициализируем МенеджерСобственности...  
[20:34:27.607] [1] [ Info] [Eco] Инициализируем МенеджерМиникарты...  
[20:34:28.569] [1] [ Info] [Eco] Инициализируем UserTracker...  
[20:34:28.575] [1] [ Info] [Eco] Инициализируем МенеджерМировыхОбъектов...  
[20:34:28.827] [1] [ Info] [Eco] Инициализируем ПлагинКомнат...  
[20:34:28.948] [1] [ Info] [Eco] Инициализируем ПлагинСна...  
[20:34:28.950] [1] [ Info] [Eco] Инициализируем NidToolboxPlugin...  
[20:34:28.950] [1] [ Info] [NidToolbox] Checking declared file: Mods\NidToolbox\Texts\Motd.txt 
[20:34:28.950] [1] [ Info] [NidToolbox] Config file:  Mods\NidToolbox\Texts\Motd.txt exists. 
[20:34:28.950] [1] [ Info] [NidToolbox] Config file:  Mods\NidToolbox\Texts\Motd.txt readable. 
[20:34:28.950] [1] [ Info] [NidToolbox] Checking declared file: Mods\NidToolbox\Texts\Rules.txt 
[20:34:28.950] [1] [ Info] [NidToolbox] Config file:  Mods\NidToolbox\Texts\Rules.txt exists. 
[20:34:28.950] [1] [ Info] [NidToolbox] Config file:  Mods\NidToolbox\Texts\Rules.txt readable. 
[20:34:28.950] [1] [ Info] [NidToolbox] Checking declared file: Mods\NidToolbox\Texts\ServerChangelog.txt 
[20:34:28.950] [1] [ Info] [NidToolbox] Config file:  Mods\NidToolbox\Texts\ServerChangelog.txt exists. 
[20:34:28.966] [1] [ Info] [NidToolbox] Config file:  Mods\NidToolbox\Texts\ServerChangelog.txt readable. 
[20:34:29.059] [1] [ Info] [Eco] Инициализируем NoPlayerCreditsPlugin...  
[20:34:29.060] [1] [ Info] [Eco] Инициализируем DiscordLink...  
[20:34:29.093] [1] [ Info] [Eco] Инициализируем ПлагинМира...  
[20:34:29.093] [1] [ Info] [Eco] Обработка...  
[20:34:29.799] [1] [ Info] [Eco] Сжатие...  
[20:34:33.411] [1] [ Info] [Eco] Инициализируем МенеджерСети...  
[20:34:33.433] [140] [ Info] [Eco] DISCORDLINK: Connected to Discord.

 
[20:34:33.628] [1] [ Info] [Eco] Инициализируем МенеджерСлоёвМира...  
[20:34:33.628] [1] [ Info] [Eco] Инициализируем ПлагинВебСервера...  
[20:34:34.264] [140] [ Info] [Eco] DISCORDLINK: Connected and Ready
 
[20:34:34.342] [1] [ Info] [Eco] Инициализируем ПлагинТестовИнтеграции...  
[20:34:34.342] [1] [ Info] [NidToolbox] OK - Mono not detected, not a Linux environment 
[20:34:34.342] [1] [ Info] [NidToolbox] All commands in config up to date. 
[20:34:34.441] [1] [ Info] [NidToolbox] Running NidToolbox version 1.8.7 
[20:34:34.473] [1] [ Info] [Eco] Server Initialization завершена за 43 478,9мс
 
[20:47:19.928] [1] [ Info] [Eco] Сохранение...
 
[20:47:19.928] [1] [ Info] [Eco] Сохранение мира...  
[20:47:23.768] [1] [ Info] [Eco] Готово
 
[20:47:23.950] [1] [ Info] [Eco] Выключение завершено
 
