[10:15:13.140] [1] [ Info] [Eco] >>> START EcoServer, Version=1.0.0.0, Culture=neutral, PublicKeyToken=null 
[10:15:13.168] [1] [ Info] [Eco] Eco Server 0.8.3.3 beta
 
[10:15:13.241] [1] [ Info] [Eco] Server Initialization...  
[10:15:13.242] [1] [ Info] [Eco] Starting LocalizationPlugin...  
[10:15:13.629] [1] [ Info] [Eco] Запуск ПлагинНабораМодификаций...  
[10:15:13.629] [1] [ Info] [Eco] Загрузка модификаций...  
[10:15:13.923] [1] [ Info] [Eco] Компилирование модификаций...  
[10:15:15.415] [1] [ Info] [Eco] Загружаем 0Harmony...
 
[10:15:15.415] [1] [ Info] [Eco] Загружаем Asphalt-ModKit...
 
[10:15:15.542] [1] [ Info] [Eco] Загружаем DiscordLink_blue...
 
[10:15:15.595] [1] [ Info] [Eco] Загружаем Eco.IntegrationTests...
 
[10:15:15.595] [1] [ Info] [Eco] Загружаем em-base...
 
[10:15:15.595] [1] [ Info] [Eco] Загружаем NoPlayerCredits...
 
[10:15:15.595] [1] [ Info] [Eco] Загружаем em-greenenergy...
 
[10:15:15.602] [1] [ Info] [Eco] Загружаем em-realisticsmelting...
 
[10:15:15.602] [1] [ Info] [Eco] Загружаем em-shippingcontainers...
 
[10:15:15.602] [1] [ Info] [Eco] Загружаем em-tailingspack...
 
[10:15:15.602] [1] [ Info] [Eco] Загружаем em-arches...
 
[10:15:15.602] [1] [ Info] [Eco] Загружаем em-doors...
 
[10:15:15.602] [1] [ Info] [Eco] Загружаем em-dyes...
 
[10:15:15.602] [1] [ Info] [Eco] Загружаем em-homeobjects...
 
[10:15:15.616] [1] [ Info] [Eco] Загружаем em-transportation...
 
[10:15:15.616] [1] [ Info] [Eco] Загружаем em-windows...
 
[10:15:15.616] [1] [ Info] [Eco] Загружаем em-zymology...
 
[10:15:15.634] [1] [ Info] [Eco] Загружаем HPStorage...
 
[10:15:15.634] [1] [ Info] [Eco] Загружаем NidToolbox...
 
[10:15:15.634] [1] [ Info] [Eco] Загрузка модификаций завершена за 2 010,3мс
 
[10:15:15.634] [1] [ Info] [Eco] Запуск МенеджерСети...  
[10:15:15.648] [8] [ Info] [Eco] Инициализация типов симуляции...  
[10:15:15.710] [17] [ Info] [Eco] Запуск ПлагинГенератораМира...  
[10:15:15.710] [5] [ Info] [Eco] Запуск ПлагинРезервногоКопирования...  
[10:15:15.710] [10] [ Info] [Eco] Запуск ПлагинИгровойСтатистики...  
[10:15:15.710] [5] [ Info] [Eco] Запуск МенеджерХранилища...  
[10:15:17.303] [8] [ Info] [Eco] Инициализация предметов...  
[10:15:17.368] [8] [ Info] [NidToolbox] Checking Settings.json 
[10:15:17.368] [8] [ Info] [NidToolbox] Config file: Mods\NidToolbox\Config\Settings.json exists. 
[10:15:17.368] [8] [ Info] [NidToolbox] Json file: Mods\NidToolbox\Config\Settings.json readable and correct. 
[10:15:17.368] [8] [ Info] [NidToolbox] Checking CommandPermissions.json 
[10:15:17.368] [8] [ Info] [NidToolbox] Config file: Mods\NidToolbox\Config\CommandPermissions.json exists. 
[10:15:17.368] [8] [ Info] [NidToolbox] Json file: Mods\NidToolbox\Config\CommandPermissions.json readable and correct. 
[10:15:17.368] [8] [ Info] [NidToolbox] Checking TimerMessages.json 
[10:15:17.368] [8] [ Info] [NidToolbox] Config file: Mods\NidToolbox\Config\TimerMessages.json exists. 
[10:15:17.382] [8] [ Info] [NidToolbox] Json file: Mods\NidToolbox\Config\TimerMessages.json readable and correct. 
[10:15:17.382] [8] [ Info] [NidToolbox] Checking ScheduledMessages.json 
[10:15:17.382] [8] [ Info] [NidToolbox] Config file: Mods\NidToolbox\Config\ScheduledMessages.json exists. 
[10:15:17.382] [8] [ Info] [NidToolbox] Json file: Mods\NidToolbox\Config\ScheduledMessages.json readable and correct. 
[10:15:17.382] [8] [ Info] [NidToolbox] No UserHomes directory, skipping user homes config checks. 
[10:15:18.385] [5] [ Info] [Eco] Запуск Плагин паузы...  
[10:15:18.385] [5] [ Info] [Eco] Загружаем Pause...  
[10:15:20.597] [8] [ Info] [Eco] Инициализация навыков...  
[10:15:20.690] [5] [ Info] [Eco] Запуск БДСтатистики...  
[10:15:20.690] [14] [ Info] [Eco] Запуск ПлагинМира...  
[10:15:20.738] [14] [ Info] [Eco] Загружаем World...  
[10:15:23.927] [14] [ Info] [Eco] Инициализация мира...  
[10:15:25.160] [14] [ Info] [Eco] Запуск ПлагинВремени...  
[10:15:25.164] [14] [ Info] [Eco] Загружаем Time...  
[10:15:25.164] [14] [ Info] [Eco] Запуск ПлагинРепутации...  
[10:15:25.164] [14] [ Info] [Eco] Загружаем Reputation...  
[10:15:25.164] [14] [ Info] [Eco] Запуск МенеджерЖильяИгроков...  
[10:15:25.180] [14] [ Info] [Eco] Запуск МенеджерПользователей...  
[10:15:25.228] [14] [ Info] [Eco] Загружаем Users...  
[10:15:25.402] [14] [ Info] [Eco] Инициализация инвентарей...  
[10:15:25.442] [14] [ Info] [Eco] Запуск МенеджерОбъектовЭко...  
[10:15:25.447] [36] [ Info] [Eco] Запуск СерверЧата...  
[10:15:25.447] [14] [ Info] [Eco] Запуск ПлагинЭкономики...  
[10:15:25.447] [5] [ Info] [Eco] Запуск ПлагинМусора...  
[10:15:25.447] [14] [ Info] [Eco] Загружаем Economy...  
[10:15:25.447] [23] [ Info] [Eco] Запуск VoiceManager...  
[10:15:25.447] [15] [ Info] [Eco] Запуск ПлагинУгроз...  
[10:15:25.447] [32] [ Info] [Eco] Запуск МенеджерКонтроллера...  
[10:15:25.447] [24] [ Info] [Eco] Запуск НастройкиСложности...  
[10:15:25.630] [5] [ Info] [Eco] Загружаем Garbage...  
[10:15:25.635] [14] [ Info] [Eco] Запуск Законодательство...  
[10:15:25.635] [15] [ Info] [Eco] Загружаем Disasters...  
[10:15:25.635] [36] [ Info] [Eco] Загружаем Chat...  
[10:15:25.676] [14] [ Info] [Eco] Загружаем Laws...  
[10:15:25.771] [14] [ Info] [Eco] Запуск МенеджерСобственности...  
[10:15:25.771] [14] [ Info] [Eco] Загружаем Property...  
[10:15:25.836] [14] [ Info] [Eco] Запуск МенеджерМиникарты...  
[10:15:25.836] [14] [ Info] [Eco] Запуск СимуляцияЭко...  
[10:15:25.906] [14] [ Info] [Eco] Загружаем Plants...  
[10:15:28.295] [14] [ Info] [Eco] Инициализация растений...  
[10:15:38.207] [14] [ Info] [Eco] Запуск RouteProbingPlugin...  
[10:15:38.211] [14] [ Info] [Eco] Загружаем RouteProbing...  
[10:15:41.105] [14] [ Info] [Eco] Запуск МенеджерСлоёвМира...  
[10:15:41.105] [14] [ Info] [Eco] Загружаем Layers...  
[10:15:41.786] [14] [ Info] [Eco] Инициализация слоёв мира...  
[10:15:41.792] [14] [ Info] [Eco] Загружаем ClimateSim...  
[10:15:45.300] [14] [ Info] [Eco] Запуск ТрекерЭкономики...  
[10:15:45.305] [14] [ Info] [Eco] Запуск UserTracker...  
[10:15:45.305] [14] [ Info] [Eco] Запуск МенеджерМировыхОбъектов...  
[10:15:45.396] [14] [ Info] [Eco] Загружаем WorldObjects...  
[10:15:45.572] [14] [ Info] [Eco] Запуск ПлагинКомнат...  
[10:15:45.572] [14] [ Info] [Eco] Загружаем Rooms...  
[10:15:45.585] [14] [ Info] [Eco] Запуск ПлагинЦелей...  
[10:15:45.585] [14] [ Info] [Eco] Загружаем Objectives...  
[10:15:45.585] [14] [ Info] [Eco] Запуск ПлагинСна...  
[10:15:45.585] [14] [ Info] [Eco] Загружаем Sleep...  
[10:15:45.605] [1] [ Info] [Eco] Запуск ПлагинВебСервера...  
[10:15:45.605] [1] [ Info] [Eco] Запуск OtherAliasCategory...  
[10:15:45.605] [29] [ Info] [Eco] Запуск Asphalt...  
[10:15:45.605] [9] [ Info] [Eco] Запуск DiscordLink...  
[10:15:45.605] [18] [ Info] [Eco] Запуск ПлагинТестовИнтеграции...  
[10:15:45.617] [21] [ Info] [Eco] Запуск NidToolboxPlugin...  
[10:15:45.617] [31] [ Info] [Eco] Запуск ChatBase...  
[10:15:45.617] [32] [ Info] [Eco] Запуск NoPlayerCreditsPlugin...  
[10:15:45.702] [1] [ Info] [Eco] Инициализируем ПлагинПеревода...  
[10:15:45.702] [1] [ Info] [Eco] Инициализируем ПлагинНабораМодификаций...  
[10:15:46.004] [1] [ Info] [Eco] Инициализируем ПлагинГенератораМира...  
[10:15:46.004] [1] [ Info] [Eco] Инициализируем МенеджерПользователей...  
[10:15:46.048] [1] [ Info] [Eco] Инициализируем ПлагинЭкономики...  
[10:15:46.067] [1] [ Info] [Eco] Инициализируем ПлагинМусора...  
[10:15:46.076] [1] [ Info] [Eco] Инициализируем Законодательство...  
[10:15:49.557] [1] [ Info] [Eco] Инициализируем МенеджерСобственности...  
[10:15:49.578] [1] [ Info] [Eco] Инициализируем МенеджерМиникарты...  
[10:15:50.541] [1] [ Info] [Eco] Инициализируем UserTracker...  
[10:15:50.541] [1] [ Info] [Eco] Инициализируем МенеджерМировыхОбъектов...  
[10:15:50.770] [1] [ Info] [Eco] Инициализируем ПлагинКомнат...  
[10:15:50.889] [1] [ Info] [Eco] Инициализируем ПлагинСна...  
[10:15:50.889] [1] [ Info] [Eco] Инициализируем NidToolboxPlugin...  
[10:15:50.901] [1] [ Info] [NidToolbox] Checking declared file: Mods\NidToolbox\Texts\Motd.txt 
[10:15:50.901] [1] [ Info] [NidToolbox] Config file:  Mods\NidToolbox\Texts\Motd.txt exists. 
[10:15:50.901] [1] [ Info] [NidToolbox] Config file:  Mods\NidToolbox\Texts\Motd.txt readable. 
[10:15:50.901] [1] [ Info] [NidToolbox] Checking declared file: Mods\NidToolbox\Texts\Rules.txt 
[10:15:50.901] [1] [ Info] [NidToolbox] Config file:  Mods\NidToolbox\Texts\Rules.txt exists. 
[10:15:50.901] [1] [ Info] [NidToolbox] Config file:  Mods\NidToolbox\Texts\Rules.txt readable. 
[10:15:50.901] [1] [ Info] [NidToolbox] Checking declared file: Mods\NidToolbox\Texts\ServerChangelog.txt 
[10:15:50.914] [1] [ Info] [NidToolbox] Config file:  Mods\NidToolbox\Texts\ServerChangelog.txt exists. 
[10:15:50.914] [1] [ Info] [NidToolbox] Config file:  Mods\NidToolbox\Texts\ServerChangelog.txt readable. 
[10:15:51.025] [1] [ Info] [Eco] Инициализируем NoPlayerCreditsPlugin...  
[10:15:51.025] [1] [ Info] [Eco] Инициализируем DiscordLink...  
[10:15:51.069] [1] [ Info] [Eco] Инициализируем ПлагинМира...  
[10:15:51.071] [1] [ Info] [Eco] Обработка...  
[10:15:51.744] [1] [ Info] [Eco] Сжатие...  
[10:15:55.496] [1] [ Info] [Eco] Инициализируем МенеджерСети...  
[10:15:55.541] [142] [ Info] [Eco] DISCORDLINK: Connected to Discord.

 
[10:15:55.741] [1] [ Info] [Eco] Инициализируем МенеджерСлоёвМира...  
[10:15:55.741] [1] [ Info] [Eco] Инициализируем ПлагинВебСервера...  
[10:15:56.454] [144] [ Info] [Eco] DISCORDLINK: Connected and Ready
 
[10:15:56.501] [1] [ Info] [Eco] Инициализируем ПлагинТестовИнтеграции...  
[10:15:56.508] [1] [ Info] [NidToolbox] OK - Mono not detected, not a Linux environment 
[10:15:56.508] [1] [ Info] [NidToolbox] All commands in config up to date. 
[10:15:56.596] [1] [ Info] [NidToolbox] Running NidToolbox version 1.8.7 
[10:15:56.627] [1] [ Info] [Eco] Server Initialization завершена за 43 385,8мс
 
[10:45:57.119] [22] [ Info] [Eco] Удалена резервная копия - D:/EcoBackup/Storage\Backup\Game-2020-03-04-16.03.05
 
[10:47:38.612] [1] [ Info] [Eco] Сохранение...
 
[10:47:38.616] [1] [ Info] [Eco] Сохранение мира...  
[10:47:44.875] [1] [ Info] [Eco] Готово
 
[10:47:45.010] [1] [ Info] [Eco] Выключение завершено
 
