[06:52:17.413] [1] [ Info] [Eco] >>> START EcoServer, Version=1.0.0.0, Culture=neutral, PublicKeyToken=null 
[06:52:17.443] [1] [ Info] [Eco] Eco Server 0.8.3.2 beta
 
[06:52:17.546] [1] [ Info] [Eco] Server Initialization...  
[06:52:17.546] [1] [ Info] [Eco] Starting LocalizationPlugin...  
[06:52:17.983] [1] [ Info] [Eco] Запуск ПлагинНабораМодификаций...  
[06:52:17.983] [1] [ Info] [Eco] Загрузка модификаций...  
[06:52:18.101] [1] [ Info] [Eco] Компилирование модификаций...  
[06:52:19.983] [1] [ Info] [Eco] Загружаем 0Harmony...
 
[06:52:19.983] [1] [ Info] [Eco] Загружаем Asphalt-ModKit...
 
[06:52:20.124] [1] [ Info] [Eco] Загружаем Eco.IntegrationTests...
 
[06:52:20.124] [1] [ Info] [Eco] Загружаем DiscordLinkUnified...
 
[06:52:20.190] [1] [ Info] [Eco] Загрузка модификаций завершена за 2 204,3мс
 
[06:52:20.190] [1] [ Info] [Eco] Запуск МенеджерСети...  
[06:52:20.199] [5] [ Info] [Eco] Инициализация типов симуляции...  
[06:52:20.264] [17] [ Info] [Eco] Запуск ПлагинГенератораМира...  
[06:52:20.264] [14] [ Info] [Eco] Запуск ПлагинИгровойСтатистики...  
[06:52:20.264] [13] [ Info] [Eco] Запуск ПлагинРезервногоКопирования...  
[06:52:20.264] [13] [ Info] [Eco] Запуск МенеджерХранилища...  
[06:52:21.650] [5] [ Info] [Eco] Инициализация предметов...  
[06:52:22.480] [13] [ Info] [Eco] Запуск Плагин паузы...  
[06:52:24.160] [5] [ Info] [Eco] Инициализация навыков...  
[06:52:24.235] [13] [ Info] [Eco] Запуск БДСтатистики...  
[06:52:24.235] [6] [ Info] [Eco] Запуск ПлагинМира...  
[06:52:24.295] [6] [ Info] [Eco] Загружаем World...  
[06:52:28.613] [6] [ Info] [Eco] Инициализация мира...  
[06:52:29.329] [6] [ Info] [Eco] Запуск ПлагинВремени...  
[06:52:29.329] [6] [ Info] [Eco] Загружаем Time...  
[06:52:29.329] [6] [ Info] [Eco] Запуск ПлагинРепутации...  
[06:52:29.337] [6] [ Info] [Eco] Загружаем Reputation...  
[06:52:29.337] [6] [ Info] [Eco] Запуск МенеджерЖильяИгроков...  
[06:52:29.352] [6] [ Info] [Eco] Запуск МенеджерПользователей...  
[06:52:29.396] [6] [ Info] [Eco] Загружаем Users...  
[06:52:29.712] [6] [ Info] [Eco] Инициализация инвентарей...  
[06:52:29.754] [6] [ Info] [Eco] Запуск МенеджерОбъектовЭко...  
[06:52:29.759] [6] [ Info] [Eco] Загружаем Objects...  
[06:52:29.954] [13] [ Info] [Eco] Запуск ПлагинМусора...  
[06:52:29.954] [32] [ Info] [Eco] Запуск ПлагинУгроз...  
[06:52:29.954] [22] [ Info] [Eco] Запуск VoiceManager...  
[06:52:29.954] [8] [ Info] [Eco] Запуск СерверЧата...  
[06:52:29.954] [34] [ Info] [Eco] Запуск НастройкиСложности...  
[06:52:29.954] [35] [ Info] [Eco] Запуск ПлагинЭкономики...  
[06:52:29.954] [13] [ Info] [Eco] Загружаем Garbage...  
[06:52:29.954] [6] [ Info] [Eco] Запуск МенеджерКонтроллера...  
[06:52:29.971] [35] [ Info] [Eco] Загружаем Economy...  
[06:52:30.291] [35] [ Info] [Eco] Запуск Законодательство...  
[06:52:30.291] [32] [ Info] [Eco] Загружаем Disasters...  
[06:52:30.291] [8] [ Info] [Eco] Загружаем Chat...  
[06:52:32.455] [35] [ Info] [Eco] Загружаем Laws...  
[06:52:32.553] [35] [ Info] [Eco] Запуск МенеджерСобственности...  
[06:52:32.563] [35] [ Info] [Eco] Загружаем Property...  
[06:52:32.671] [35] [ Info] [Eco] Запуск МенеджерМиникарты...  
[06:52:32.671] [35] [ Info] [Eco] Запуск СимуляцияЭко...  
[06:52:32.736] [35] [ Info] [Eco] Загружаем Plants...  
[06:52:33.948] [35] [ Info] [Eco] Инициализация растений...  
[06:52:39.759] [35] [ Info] [Eco] Запуск RouteProbingPlugin...  
[06:52:39.759] [35] [ Info] [Eco] Загружаем RouteProbing...  
[06:52:42.197] [35] [ Info] [Eco] Запуск МенеджерСлоёвМира...  
[06:52:42.197] [35] [ Info] [Eco] Загружаем Layers...  
[06:52:42.808] [35] [ Info] [Eco] Инициализация слоёв мира...  
[06:52:42.808] [35] [ Info] [Eco] Загружаем ClimateSim...  
[06:52:45.286] [35] [ Info] [Eco] Запуск ТрекерЭкономики...  
[06:52:45.291] [35] [ Info] [Eco] Запуск UserTracker...  
[06:52:45.291] [35] [ Info] [Eco] Запуск МенеджерМировыхОбъектов...  
[06:52:45.381] [35] [ Info] [Eco] Загружаем WorldObjects...  
[06:52:46.003] [35] [ Info] [Eco] Запуск ПлагинКомнат...  
[06:52:46.003] [35] [ Info] [Eco] Загружаем Rooms...  
[06:52:46.017] [35] [ Info] [Eco] Запуск ПлагинЦелей...  
[06:52:46.017] [35] [ Info] [Eco] Загружаем Objectives...  
[06:52:46.038] [35] [ Info] [Eco] Запуск ПлагинСна...  
[06:52:46.044] [1] [ Info] [Eco] Запуск ПлагинВебСервера...  
[06:52:46.044] [1] [ Info] [Eco] Запуск OtherAliasCategory...  
[06:52:46.044] [20] [ Info] [Eco] Запуск Asphalt...  
[06:52:46.044] [31] [ Info] [Eco] Запуск ПлагинТестовИнтеграции...  
[06:52:46.060] [23] [ Info] [Eco] Запуск DiscordLink...  
[06:52:46.200] [1] [ Info] [Eco] Инициализируем ПлагинПеревода...  
[06:52:46.200] [1] [ Info] [Eco] Инициализируем ПлагинНабораМодификаций...  
[06:52:46.428] [1] [ Info] [Eco] Инициализируем ПлагинГенератораМира...  
[06:52:46.430] [1] [ Info] [Eco] Инициализируем МенеджерПользователей...  
[06:52:46.524] [1] [ Info] [Eco] Инициализируем ПлагинМусора...  
[06:52:46.557] [1] [ Info] [Eco] Инициализируем ПлагинЭкономики...  
[06:52:46.658] [1] [ Info] [Eco] Инициализируем Законодательство...  
[06:52:50.453] [1] [ Info] [Eco] Инициализируем МенеджерСобственности...  
[06:52:50.536] [1] [ Info] [Eco] Инициализируем МенеджерМиникарты...  
[06:52:51.469] [1] [ Info] [Eco] Инициализируем UserTracker...  
[06:52:51.479] [1] [ Info] [Eco] Инициализируем МенеджерМировыхОбъектов...  
[06:52:54.635] [1] [ Info] [Eco] Инициализируем ПлагинКомнат...  
[06:52:56.010] [1] [ Info] [Eco] Инициализируем ПлагинСна...  
[06:52:56.010] [1] [ Info] [Eco] Инициализируем DiscordLink...  
[06:52:56.062] [1] [ Info] [Eco] Инициализируем ПлагинМира...  
[06:52:56.062] [1] [ Info] [Eco] Обработка...  
[06:53:06.538] [141] [ Info] [Eco] DISCORDLINK: Connected to Discord.

 
[06:53:07.262] [1] [ Info] [Eco] Сжатие...  
[06:53:07.489] [141] [ Info] [Eco] DISCORDLINK: Connected and Ready
 
[06:53:11.484] [1] [ Info] [Eco] Инициализируем МенеджерСети...  
[06:53:11.691] [1] [ Info] [Eco] Инициализируем МенеджерСлоёвМира...  
[06:53:11.691] [1] [ Info] [Eco] Инициализируем ПлагинВебСервера...  
[06:53:12.472] [1] [ Info] [Eco] Инициализируем ПлагинТестовИнтеграции...  
[06:53:12.513] [1] [ Info] [Eco] Server Initialization завершена за 54 948,7мс
 
[06:53:18.659] [137] [ Info] [Eco] DISCORDLINK DEBUG:Eco Message Processed:
 
[06:53:18.659] [137] [ Info] [Eco] DISCORDLINK DEBUG:Message: <style="InfoLight"><b><link="WorkOrder:f9743938-3faf-4cd7-8364-5fbbf2378e0b:bc60fe67-d1b2-4ebf-bbd7-2f6d0dbe39bd"><nobr><ecoicon item='Stone'>Stone проект</ecoicon></nobr></link></b> приостановлено. <style="Error">Заблокировано!</style> Всё ещё недостаёт 9 891 <b><link="Item:GraniteItem"><style="Item"><nobr><ecoicon item='Granite'>Гранит</ecoicon></nobr></style></link></b>.</style>
 
[06:53:18.659] [137] [ Info] [Eco] DISCORDLINK DEBUG:Tag: _Crafting
 
[06:53:18.659] [137] [ Info] [Eco] DISCORDLINK DEBUG:Category: Info
 
[06:53:18.659] [137] [ Info] [Eco] DISCORDLINK DEBUG:Temporary: False
 
[06:53:18.659] [137] [ Info] [Eco] DISCORDLINK DEBUG:Sender: 
 
[06:53:26.285] [137] [ Info] [Eco] DISCORDLINK DEBUG:Eco Message Processed:
 
[06:53:26.285] [137] [ Info] [Eco] DISCORDLINK DEBUG:Message: <style="InfoLight">закончено изготовление <b><link="WorkOrder:8b01f881-cd89-4914-ac84-c45d34eba0b2:46f8a06a-609e-44e5-a8d0-b093e82dbb53"><nobr><ecoicon item='Fried Tomatoes'>Fried Tomatoes проект</ecoicon></nobr></link></b> в <b><link="WorldObject:8b01f881-cd89-4914-ac84-c45d34eba0b2"><nobr><ecoicon item='Campfire'>mephylo Костёр</ecoicon></nobr></link></b>.</style>
 
[06:53:26.285] [137] [ Info] [Eco] DISCORDLINK DEBUG:Tag: _Crafting
 
[06:53:26.285] [137] [ Info] [Eco] DISCORDLINK DEBUG:Category: Info
 
[06:53:26.285] [137] [ Info] [Eco] DISCORDLINK DEBUG:Temporary: False
 
[06:53:26.285] [137] [ Info] [Eco] DISCORDLINK DEBUG:Sender: 
 
[06:53:26.285] [137] [ Info] [Eco] DISCORDLINK DEBUG:Eco Message Processed:
 
[06:53:26.290] [137] [ Info] [Eco] DISCORDLINK DEBUG:Message: <style="InfoLight">Вы получили <style="Info">100</style> Продвинутая готовка на костре опыта за эту работу.</style>
 
[06:53:26.290] [137] [ Info] [Eco] DISCORDLINK DEBUG:Tag: _Crafting
 
[06:53:26.290] [137] [ Info] [Eco] DISCORDLINK DEBUG:Category: Info
 
[06:53:26.290] [137] [ Info] [Eco] DISCORDLINK DEBUG:Temporary: False
 
[06:53:26.290] [137] [ Info] [Eco] DISCORDLINK DEBUG:Sender: 
 
[06:53:26.290] [137] [ Info] [Eco] DISCORDLINK DEBUG:Eco Message Processed:
 
[06:53:26.290] [137] [ Info] [Eco] DISCORDLINK DEBUG:Message: <style="InfoLight"><b><link="WorkOrder:b711d70f-0a5d-499f-b4b2-5272ce41ff54:806aa5cc-ffc9-45d9-bc05-4c169307b4f0"><nobr><ecoicon item='Mortar'>Mortar проект</ecoicon></nobr></link></b> приостановлено. <style="Error">Заблокировано!</style> Всё ещё недостаёт 6 682 <b><link="Item:SandItem"><style="Item"><nobr><ecoicon item='Sand'>Песок</ecoicon></nobr></style></link></b>.</style>
 
[06:53:26.290] [137] [ Info] [Eco] DISCORDLINK DEBUG:Tag: _Crafting
 
[06:53:26.290] [137] [ Info] [Eco] DISCORDLINK DEBUG:Category: Info
 
[06:53:26.290] [137] [ Info] [Eco] DISCORDLINK DEBUG:Temporary: False
 
[06:53:26.290] [137] [ Info] [Eco] DISCORDLINK DEBUG:Sender: 
 
[06:53:26.831] [149] [ Info] [Eco] Не удалось сохранить: Недостаточно места на диске.
 
[06:53:27.146] [135] [ Info] [Eco] Получено исключение при попытке очистить предыдущее исключение: Недостаточно места на диске.
 
