[11:32:34.707] [1] [ Info] [Eco] >>> START EcoServer, Version=1.0.0.0, Culture=neutral, PublicKeyToken=null 
[11:32:34.735] [1] [ Info] [Eco] Eco Server 0.8.3.3 beta
 
[11:32:34.818] [1] [ Info] [Eco] Server Initialization...  
[11:32:34.818] [1] [ Info] [Eco] Starting LocalizationPlugin...  
[11:32:35.241] [1] [ Info] [Eco] Запуск ПлагинНабораМодификаций...  
[11:32:35.241] [1] [ Info] [Eco] Загрузка модификаций...  
[11:32:35.514] [1] [ Info] [Eco] Компилирование модификаций...  
[11:32:37.162] [1] [ Info] [Eco] Загружаем 0Harmony...
 
[11:32:37.162] [1] [ Info] [Eco] Загружаем Asphalt-ModKit...
 
[11:32:37.294] [1] [ Info] [Eco] Загружаем DiscordLink_blue...
 
[11:32:37.340] [1] [ Info] [Eco] Загружаем Eco.IntegrationTests...
 
[11:32:37.340] [1] [ Info] [Eco] Загружаем em-base...
 
[11:32:37.348] [1] [ Info] [Eco] Загружаем NoPlayerCredits...
 
[11:32:37.348] [1] [ Info] [Eco] Загружаем em-greenenergy...
 
[11:32:37.348] [1] [ Info] [Eco] Загружаем em-realisticsmelting...
 
[11:32:37.348] [1] [ Info] [Eco] Загружаем em-shippingcontainers...
 
[11:32:37.348] [1] [ Info] [Eco] Загружаем em-tailingspack...
 
[11:32:37.363] [1] [ Info] [Eco] Загружаем em-arches...
 
[11:32:37.363] [1] [ Info] [Eco] Загружаем em-doors...
 
[11:32:37.363] [1] [ Info] [Eco] Загружаем em-dyes...
 
[11:32:37.363] [1] [ Info] [Eco] Загружаем em-homeobjects...
 
[11:32:37.379] [1] [ Info] [Eco] Загружаем em-transportation...
 
[11:32:37.379] [1] [ Info] [Eco] Загружаем em-windows...
 
[11:32:37.397] [1] [ Info] [Eco] Загружаем em-zymology...
 
[11:32:37.397] [1] [ Info] [Eco] Загружаем NidToolbox...
 
[11:32:37.397] [1] [ Info] [Eco] Загрузка модификаций завершена за 2 164,8мс
 
[11:32:37.397] [1] [ Info] [Eco] Запуск МенеджерСети...  
[11:32:37.414] [5] [ Info] [Eco] Инициализация типов симуляции...  
[11:32:37.477] [9] [ Info] [Eco] Запуск ПлагинГенератораМира...  
[11:32:37.477] [7] [ Info] [Eco] Запуск ПлагинРезервногоКопирования...  
[11:32:37.477] [14] [ Info] [Eco] Запуск ПлагинИгровойСтатистики...  
[11:32:37.477] [7] [ Info] [Eco] Запуск МенеджерХранилища...  
[11:32:39.053] [5] [ Info] [Eco] Инициализация предметов...  
[11:32:39.125] [5] [ Info] [NidToolbox] Checking Settings.json 
[11:32:39.125] [5] [ Info] [NidToolbox] Config file: Mods\NidToolbox\Config\Settings.json exists. 
[11:32:39.133] [5] [ Info] [NidToolbox] Json file: Mods\NidToolbox\Config\Settings.json readable and correct. 
[11:32:39.133] [5] [ Info] [NidToolbox] Checking CommandPermissions.json 
[11:32:39.133] [5] [ Info] [NidToolbox] Config file: Mods\NidToolbox\Config\CommandPermissions.json exists. 
[11:32:39.133] [5] [ Info] [NidToolbox] Json file: Mods\NidToolbox\Config\CommandPermissions.json readable and correct. 
[11:32:39.133] [5] [ Info] [NidToolbox] Checking TimerMessages.json 
[11:32:39.133] [5] [ Info] [NidToolbox] Config file: Mods\NidToolbox\Config\TimerMessages.json exists. 
[11:32:39.146] [5] [ Info] [NidToolbox] Json file: Mods\NidToolbox\Config\TimerMessages.json readable and correct. 
[11:32:39.146] [5] [ Info] [NidToolbox] Checking ScheduledMessages.json 
[11:32:39.146] [5] [ Info] [NidToolbox] Config file: Mods\NidToolbox\Config\ScheduledMessages.json exists. 
[11:32:39.146] [5] [ Info] [NidToolbox] Json file: Mods\NidToolbox\Config\ScheduledMessages.json readable and correct. 
[11:32:39.146] [5] [ Info] [NidToolbox] No UserHomes directory, skipping user homes config checks. 
[11:32:40.170] [7] [ Info] [Eco] Запуск Плагин паузы...  
[11:32:40.180] [7] [ Info] [Eco] Загружаем Pause...  
[11:32:42.330] [5] [ Info] [Eco] Инициализация навыков...  
[11:32:42.424] [7] [ Info] [Eco] Запуск БДСтатистики...  
[11:32:42.424] [9] [ Info] [Eco] Запуск ПлагинМира...  
[11:32:42.481] [9] [ Info] [Eco] Загружаем World...  
[11:32:45.702] [9] [ Info] [Eco] Инициализация мира...  
[11:32:46.742] [9] [ Info] [Eco] Запуск ПлагинВремени...  
[11:32:46.742] [9] [ Info] [Eco] Загружаем Time...  
[11:32:46.742] [9] [ Info] [Eco] Запуск ПлагинРепутации...  
[11:32:46.742] [9] [ Info] [Eco] Загружаем Reputation...  
[11:32:46.758] [9] [ Info] [Eco] Запуск МенеджерЖильяИгроков...  
[11:32:46.758] [9] [ Info] [Eco] Запуск МенеджерПользователей...  
[11:32:46.807] [9] [ Info] [Eco] Загружаем Users...  
[11:32:46.952] [9] [ Info] [Eco] Инициализация инвентарей...  
[11:32:46.991] [9] [ Info] [Eco] Запуск МенеджерОбъектовЭко...  
[11:32:46.991] [30] [ Info] [Eco] Запуск ПлагинМусора...  
[11:32:46.991] [21] [ Info] [Eco] Запуск ПлагинУгроз...  
[11:32:46.991] [30] [ Info] [Eco] Загружаем Garbage...  
[11:32:46.991] [36] [ Info] [Eco] Запуск VoiceManager...  
[11:32:46.991] [7] [ Info] [Eco] Запуск МенеджерКонтроллера...  
[11:32:46.991] [26] [ Info] [Eco] Запуск НастройкиСложности...  
[11:32:46.991] [27] [ Info] [Eco] Запуск СерверЧата...  
[11:32:47.004] [9] [ Info] [Eco] Запуск ПлагинЭкономики...  
[11:32:47.004] [21] [ Info] [Eco] Загружаем Disasters...  
[11:32:47.023] [9] [ Info] [Eco] Загружаем Economy...  
[11:32:47.183] [27] [ Info] [Eco] Загружаем Chat...  
[11:32:47.183] [9] [ Info] [Eco] Запуск Законодательство...  
[11:32:47.194] [9] [ Info] [Eco] Загружаем Laws...  
[11:32:47.251] [9] [ Info] [Eco] Запуск МенеджерСобственности...  
[11:32:47.251] [9] [ Info] [Eco] Загружаем Property...  
[11:32:47.313] [9] [ Info] [Eco] Запуск МенеджерМиникарты...  
[11:32:47.318] [9] [ Info] [Eco] Запуск СимуляцияЭко...  
[11:32:47.377] [9] [ Info] [Eco] Загружаем Plants...  
[11:32:49.430] [9] [ Info] [Eco] Инициализация растений...  
[11:32:57.417] [9] [ Info] [Eco] Запуск RouteProbingPlugin...  
[11:32:57.417] [9] [ Info] [Eco] Загружаем RouteProbing...  
[11:33:01.068] [9] [ Info] [Eco] Запуск МенеджерСлоёвМира...  
[11:33:01.068] [9] [ Info] [Eco] Загружаем Layers...  
[11:33:01.734] [9] [ Info] [Eco] Инициализация слоёв мира...  
[11:33:01.739] [9] [ Info] [Eco] Загружаем ClimateSim...  
[11:33:05.190] [9] [ Info] [Eco] Запуск ТрекерЭкономики...  
[11:33:05.196] [9] [ Info] [Eco] Запуск UserTracker...  
[11:33:05.196] [9] [ Info] [Eco] Запуск МенеджерМировыхОбъектов...  
[11:33:05.289] [9] [ Info] [Eco] Загружаем WorldObjects...  
[11:33:05.368] [9] [ Info] [Eco] Запуск ПлагинКомнат...  
[11:33:05.368] [9] [ Info] [Eco] Загружаем Rooms...  
[11:33:05.381] [9] [ Info] [Eco] Запуск ПлагинЦелей...  
[11:33:05.381] [9] [ Info] [Eco] Загружаем Objectives...  
[11:33:05.381] [9] [ Info] [Eco] Запуск ПлагинСна...  
[11:33:05.395] [9] [ Info] [Eco] Загружаем Sleep...  
[11:33:05.395] [1] [ Info] [Eco] Запуск ПлагинВебСервера...  
[11:33:05.395] [1] [ Info] [Eco] Запуск OtherAliasCategory...  
[11:33:05.395] [12] [ Info] [Eco] Запуск DiscordLink...  
[11:33:05.395] [14] [ Info] [Eco] Запуск NidToolboxPlugin...  
[11:33:05.395] [35] [ Info] [Eco] Запуск ПлагинТестовИнтеграции...  
[11:33:05.395] [27] [ Info] [Eco] Запуск NoPlayerCreditsPlugin...  
[11:33:05.412] [8] [ Info] [Eco] Запуск ChatBase...  
[11:33:05.412] [20] [ Info] [Eco] Запуск Asphalt...  
[11:33:05.506] [1] [ Info] [Eco] Инициализируем ПлагинПеревода...  
[11:33:05.506] [1] [ Info] [Eco] Инициализируем ПлагинНабораМодификаций...  
[11:33:05.812] [1] [ Info] [Eco] Инициализируем ПлагинГенератораМира...  
[11:33:05.812] [1] [ Info] [Eco] Инициализируем МенеджерПользователей...  
[11:33:05.873] [1] [ Info] [Eco] Инициализируем ПлагинМусора...  
[11:33:05.883] [1] [ Info] [Eco] Инициализируем ПлагинЭкономики...  
[11:33:05.895] [1] [ Info] [Eco] Инициализируем Законодательство...  
[11:33:06.431] [1] [ Info] [Eco] Инициализируем МенеджерСобственности...  
[11:33:06.443] [1] [ Info] [Eco] Инициализируем МенеджерМиникарты...  
[11:33:07.315] [1] [ Info] [Eco] Инициализируем UserTracker...  
[11:33:07.321] [1] [ Info] [Eco] Инициализируем МенеджерМировыхОбъектов...  
[11:33:07.487] [1] [ Info] [Eco] Инициализируем ПлагинКомнат...  
[11:33:07.568] [1] [ Info] [Eco] Инициализируем ПлагинСна...  
[11:33:07.568] [1] [ Info] [Eco] Инициализируем NidToolboxPlugin...  
[11:33:07.568] [1] [ Info] [NidToolbox] Checking declared file: Mods\NidToolbox\Texts\Motd.txt 
[11:33:07.568] [1] [ Info] [NidToolbox] Config file:  Mods\NidToolbox\Texts\Motd.txt exists. 
[11:33:07.568] [1] [ Info] [NidToolbox] Config file:  Mods\NidToolbox\Texts\Motd.txt readable. 
[11:33:07.584] [1] [ Info] [NidToolbox] Checking declared file: Mods\NidToolbox\Texts\Rules.txt 
[11:33:07.584] [1] [ Info] [NidToolbox] Config file:  Mods\NidToolbox\Texts\Rules.txt exists. 
[11:33:07.584] [1] [ Info] [NidToolbox] Config file:  Mods\NidToolbox\Texts\Rules.txt readable. 
[11:33:07.584] [1] [ Info] [NidToolbox] Checking declared file: Mods\NidToolbox\Texts\ServerChangelog.txt 
[11:33:07.584] [1] [ Info] [NidToolbox] Config file:  Mods\NidToolbox\Texts\ServerChangelog.txt exists. 
[11:33:07.584] [1] [ Info] [NidToolbox] Config file:  Mods\NidToolbox\Texts\ServerChangelog.txt readable. 
[11:33:07.708] [1] [ Info] [Eco] Инициализируем NoPlayerCreditsPlugin...  
[11:33:07.708] [1] [ Info] [Eco] Инициализируем DiscordLink...  
[11:33:07.761] [1] [ Info] [Eco] Инициализируем ПлагинМира...  
[11:33:07.761] [1] [ Info] [Eco] Обработка...  
[11:33:09.943] [1] [ Info] [Eco] Сжатие...  
[11:33:13.792] [1] [ Info] [Eco] Инициализируем МенеджерСети...  
[11:33:13.817] [138] [ Info] [Eco] DISCORDLINK: Connected to Discord.

 
[11:33:14.035] [1] [ Info] [Eco] Инициализируем МенеджерСлоёвМира...  
[11:33:14.035] [1] [ Info] [Eco] Инициализируем ПлагинВебСервера...  
[11:33:14.577] [138] [ Info] [Eco] DISCORDLINK: Connected and Ready
 
[11:33:14.877] [1] [ Info] [Eco] Инициализируем ПлагинТестовИнтеграции...  
[11:33:14.888] [1] [ Info] [NidToolbox] OK - Mono not detected, not a Linux environment 
[11:33:14.888] [1] [ Info] [NidToolbox] All commands in config up to date. 
[11:33:14.973] [1] [ Info] [NidToolbox] Running NidToolbox version 1.8.7 
[11:33:15.003] [1] [ Info] [Eco] Server Initialization завершена за 40 182,6мс
 
[11:44:15.619] [33] [ Info] [log] Dark Avenger invoked admin command '/fly' 
[11:45:07.556] [33] [ Info] [log] Dark Avenger invoked admin command '/record' 
[11:52:53.135] [31] [ Info] [log] Dark Avenger invoked admin command '/fly' 
[12:03:15.498] [13] [ Info] [Eco] Удалена резервная копия - D:/EcoBackup/Storage\Backup\Game-2020-02-15-03.28.20
 
[12:06:41.261] [31] [ Info] [log] Dark Avenger invoked admin command '/record' 
[12:08:21.093] [31] [ Info] [log] Dark Avenger invoked admin command '/fly' 
[12:33:15.445] [16] [ Info] [Eco] Удалена резервная копия - D:/EcoBackup/Storage\Backup\Game-2020-02-16-05.52.49
 
[13:03:15.448] [30] [ Info] [Eco] Удалена резервная копия - D:/EcoBackup/Storage\Backup\Game-2020-02-15-04.24.44
 
[13:33:15.125] [30] [ Info] [Eco] Удалена резервная копия - D:/EcoBackup/Storage\Backup\Game-2020-02-16-12.33.14
 
[13:43:24.031] [1] [ Info] [Eco] Сохранение...
 
[13:43:24.036] [1] [ Info] [Eco] Сохранение мира...  
[13:43:27.358] [1] [ Info] [Eco] Готово
 
[13:43:27.500] [1] [ Info] [Eco] Выключение завершено
 
