[16:31:21.451] [1] [ Info] [Eco] >>> START EcoServer, Version=1.0.0.0, Culture=neutral, PublicKeyToken=null 
[16:31:21.488] [1] [ Info] [Eco] Eco Server 0.8.3.3 beta
 
[16:31:21.917] [1] [ Info] [Eco] Server Initialization...  
[16:31:21.917] [1] [ Info] [Eco] Starting LocalizationPlugin...  
[16:31:22.500] [1] [ Info] [Eco] Запуск ПлагинНабораМодификаций...  
[16:31:22.500] [1] [ Info] [Eco] Загрузка модификаций...  
[16:31:22.984] [1] [ Info] [Eco] Компилирование модификаций...  
[16:31:31.167] [1] [ Info] [Eco] Загружаем 0Harmony...
 
[16:31:31.265] [1] [ Info] [Eco] Загружаем Asphalt-ModKit...
 
[16:31:31.519] [1] [ Info] [Eco] Загружаем Eco.IntegrationTests...
 
[16:31:31.605] [1] [ Info] [Eco] Загружаем em-base...
 
[16:31:31.652] [1] [ Info] [Eco] Загружаем NoPlayerCredits...
 
[16:31:31.689] [1] [ Info] [Eco] Загружаем em-greenenergy...
 
[16:31:31.740] [1] [ Info] [Eco] Загружаем em-realisticsmelting...
 
[16:31:31.789] [1] [ Info] [Eco] Загружаем em-shippingcontainers...
 
[16:31:31.838] [1] [ Info] [Eco] Загружаем em-tailingspack...
 
[16:31:31.880] [1] [ Info] [Eco] Загружаем em-arches...
 
[16:31:31.938] [1] [ Info] [Eco] Загружаем em-doors...
 
[16:31:31.999] [1] [ Info] [Eco] Загружаем em-dyes...
 
[16:31:32.050] [1] [ Info] [Eco] Загружаем em-homeobjects...
 
[16:31:32.110] [1] [ Info] [Eco] Загружаем em-transportation...
 
[16:31:32.175] [1] [ Info] [Eco] Загружаем em-windows...
 
[16:31:32.249] [1] [ Info] [Eco] Загружаем em-zymology...
 
[16:31:32.321] [1] [ Info] [Eco] Загружаем NidToolbox...
 
[16:31:32.488] [1] [ Info] [Eco] Загрузка модификаций завершена за 9 985,4мс
 
[16:31:32.488] [1] [ Info] [Eco] Запуск МенеджерСети...  
[16:31:32.488] [6] [ Info] [Eco] Инициализация типов симуляции...  
[16:31:32.635] [11] [ Info] [Eco] Запуск ПлагинГенератораМира...  
[16:31:32.635] [12] [ Info] [Eco] Запуск ПлагинРезервногоКопирования...  
[16:31:32.635] [7] [ Info] [Eco] Запуск ПлагинИгровойСтатистики...  
[16:31:32.660] [12] [ Info] [Eco] Запуск МенеджерХранилища...  
[16:31:34.945] [6] [ Info] [Eco] Инициализация предметов...  
[16:31:35.046] [6] [ Info] [NidToolbox] Checking Settings.json 
[16:31:35.046] [6] [ Info] [NidToolbox] Config file: Mods\NidToolbox\Config\Settings.json exists. 
[16:31:35.056] [6] [ Info] [NidToolbox] Json file: Mods\NidToolbox\Config\Settings.json readable and correct. 
[16:31:35.056] [6] [ Info] [NidToolbox] Checking CommandPermissions.json 
[16:31:35.068] [6] [ Info] [NidToolbox] Config file: Mods\NidToolbox\Config\CommandPermissions.json exists. 
[16:31:35.068] [6] [ Info] [NidToolbox] Json file: Mods\NidToolbox\Config\CommandPermissions.json readable and correct. 
[16:31:35.068] [6] [ Info] [NidToolbox] Checking TimerMessages.json 
[16:31:35.068] [6] [ Info] [NidToolbox] Config file: Mods\NidToolbox\Config\TimerMessages.json exists. 
[16:31:35.085] [6] [ Info] [NidToolbox] Json file: Mods\NidToolbox\Config\TimerMessages.json readable and correct. 
[16:31:35.085] [6] [ Info] [NidToolbox] Checking ScheduledMessages.json 
[16:31:35.085] [6] [ Info] [NidToolbox] Config file: Mods\NidToolbox\Config\ScheduledMessages.json exists. 
[16:31:35.103] [6] [ Info] [NidToolbox] Json file: Mods\NidToolbox\Config\ScheduledMessages.json readable and correct. 
[16:31:35.113] [6] [ Info] [NidToolbox] No UserHomes directory, skipping user homes config checks. 
[16:31:36.508] [12] [ Info] [Eco] Запуск Плагин паузы...  
[16:31:39.215] [6] [ Info] [Eco] Инициализация навыков...  
[16:31:39.329] [12] [ Info] [Eco] Запуск БДСтатистики...  
[16:31:39.329] [10] [ Info] [Eco] Запуск ПлагинМира...  
[16:31:39.389] [10] [ Info] [Eco] Загружаем World...  
