[09:41:11.870] [1] [ Info] [Eco] >>> START EcoServer, Version=1.0.0.0, Culture=neutral, PublicKeyToken=null 
[09:41:11.905] [1] [ Info] [Eco] Eco Server 0.8.3.2 beta
 
[09:41:12.308] [1] [ Info] [Eco] Server Initialization...  
[09:41:12.308] [1] [ Info] [Eco] Starting LocalizationPlugin...  
[09:41:12.830] [1] [ Info] [Eco] Запуск ПлагинНабораМодификаций...  
[09:41:12.830] [1] [ Info] [Eco] Загрузка модификаций...  
[09:41:13.252] [1] [ Info] [Eco] Компилирование модификаций...  
[09:41:15.624] [1] [ Info] [Eco] Загружаем 0Harmony...
 
[09:41:15.672] [1] [ Info] [Eco] Загружаем Eco.IntegrationTests...
 
[09:41:15.716] [1] [ Info] [Eco] Загружаем em-base...
 
[09:41:15.740] [1] [ Info] [Eco] Загружаем NoPlayerCredits...
 
[09:41:15.758] [1] [ Info] [Eco] Загружаем em-greenenergy...
 
[09:41:15.783] [1] [ Info] [Eco] Загружаем em-realisticsmelting...
 
[09:41:15.809] [1] [ Info] [Eco] Загружаем em-shippingcontainers...
 
[09:41:15.829] [1] [ Info] [Eco] Загружаем em-tailingspack...
 
[09:41:15.829] [1] [ Info] [Eco] Загружаем em-arches...
 
[09:41:15.861] [1] [ Info] [Eco] Загружаем em-doors...
 
[09:41:15.893] [1] [ Info] [Eco] Загружаем em-dyes...
 
[09:41:15.918] [1] [ Info] [Eco] Загружаем em-homeobjects...
 
[09:41:15.948] [1] [ Info] [Eco] Загружаем em-transportation...
 
[09:41:15.982] [1] [ Info] [Eco] Загружаем em-windows...
 
[09:41:16.023] [1] [ Info] [Eco] Загружаем em-zymology...
 
[09:41:16.060] [1] [ Info] [Eco] Загружаем NidToolbox...
 
[09:41:16.143] [1] [ Info] [Eco] Загрузка модификаций завершена за 3 309,3мс
 
[09:41:16.146] [1] [ Info] [Eco] Запуск МенеджерСети...  
[09:41:16.146] [8] [ Info] [Eco] Инициализация типов симуляции...  
[09:41:16.283] [13] [ Info] [Eco] Запуск ПлагинГенератораМира...  
[09:41:16.283] [6] [ Info] [Eco] Запуск ПлагинРезервногоКопирования...  
[09:41:16.286] [9] [ Info] [Eco] Запуск ПлагинИгровойСтатистики...  
[09:41:16.286] [6] [ Info] [Eco] Запуск МенеджерХранилища...  
[09:41:16.781] [1] [ Info] [Eco] Server Initialization завершена за 4 472,0мс
 
[09:41:16.815] [1] [ Info] [Eco] Failed to load server, Exception was Exception: FileNotFoundException
Message:Не удалось загрузить файл или сборку "Asphalt-ModKit, Version=0.5.6.1, Culture=neutral, PublicKeyToken=null" либо одну из их зависимостей. Не удается найти указанный файл.
Source:mscorlib

System.IO.FileNotFoundException: Не удалось загрузить файл или сборку "Asphalt-ModKit, Version=0.5.6.1, Culture=neutral, PublicKeyToken=null" либо одну из их зависимостей. Не удается найти указанный файл.
File name: 'Asphalt-ModKit, Version=0.5.6.1, Culture=neutral, PublicKeyToken=null'
   at System.ModuleHandle.ResolveType(RuntimeModule module, Int32 typeToken, IntPtr* typeInstArgs, Int32 typeInstCount, IntPtr* methodInstArgs, Int32 methodInstCount, ObjectHandleOnStack type)
   at System.ModuleHandle.ResolveTypeHandleInternal(RuntimeModule module, Int32 typeToken, RuntimeTypeHandle[] typeInstantiationContext, RuntimeTypeHandle[] methodInstantiationContext)
   at System.Reflection.RuntimeModule.ResolveType(Int32 metadataToken, Type[] genericTypeArguments, Type[] genericMethodArguments)
   at System.Reflection.CustomAttribute.FilterCustomAttributeRecord(CustomAttributeRecord caRecord, MetadataImport scope, Assembly& lastAptcaOkAssembly, RuntimeModule decoratedModule, MetadataToken decoratedToken, RuntimeType attributeFilterType, Boolean mustBeInheritable, Object[] attributes, IList derivedAttributes, RuntimeType& attributeType, IRuntimeMethodInfo& ctor, Boolean& ctorHasParameters, Boolean& isVarArg)
   at System.Reflection.CustomAttribute.GetCustomAttributes(RuntimeModule decoratedModule, Int32 decoratedMetadataToken, Int32 pcaCount, RuntimeType attributeFilterType, Boolean mustBeInheritable, IList derivedAttributes, Boolean isDecoratedTargetSecurityTransparent)
   at System.Reflection.CustomAttribute.GetCustomAttributes(RuntimeType type, RuntimeType caType, Boolean inherit)
   at Eco.Core.Serialization.SimpleSerializer.<>c.<InitializeSerializableTypes>b__39_2(<>f__AnonymousType7`2 <>h__TransparentIdentifier0)
   at System.Linq.Enumerable.WhereSelectEnumerableIterator`2.MoveNext()
   at System.Linq.Enumerable.WhereSelectEnumerableIterator`2.MoveNext()
   at System.Linq.Enumerable.ToDictionary[TSource,TKey,TElement](IEnumerable`1 source, Func`2 keySelector, Func`2 elementSelector, IEqualityComparer`1 comparer)
   at Eco.Core.Serialization.SimpleSerializer.InitializeSerializableTypes()
   at Eco.Core.Serialization.SimpleSerializer..cctor()

Предупреждение: регистрация привязки сборок выключена.
Чтобы включить регистрацию ошибок привязки сборок, установите значение параметра реестра [HKLM\Software\Microsoft\Fusion!EnableLog] (DWORD) в 1.
Примечание. Регистрация ошибок привязки сборок может привести к некоторому снижению производительности.
Чтобы отключить эту функцию, удалите параметр реестра [HKLM\Software\Microsoft\Fusion!EnableLog].
 
[09:41:17.064] [8] [ Info] [Eco] Инициализация предметов...  
[09:41:20.302] [8] [ Info] [Eco] Инициализация навыков...  
