[15:17:37.410] [1] [ Info] [Eco] >>> START EcoServer, Version=1.0.0.0, Culture=neutral, PublicKeyToken=null 
[15:17:37.439] [1] [ Info] [Eco] Eco Server 0.8.3.2 beta
 
[15:17:37.510] [1] [ Info] [Eco] Server Initialization...  
[15:17:37.510] [1] [ Info] [Eco] Starting LocalizationPlugin...  
[15:17:37.900] [1] [ Info] [Eco] Запуск ПлагинНабораМодификаций...  
[15:17:37.900] [1] [ Info] [Eco] Загрузка модификаций...  
[15:17:37.996] [1] [ Info] [Eco] Компилирование модификаций...  
[15:17:39.526] [1] [ Info] [Eco] Загружаем 0Harmony...
 
[15:17:39.530] [1] [ Info] [Eco] Загружаем Asphalt-ModKit...
 
[15:17:39.653] [1] [ Info] [Eco] Загружаем Eco.IntegrationTests...
 
[15:17:39.656] [1] [ Info] [Eco] Загружаем DiscordLinkUnified...
 
[15:17:39.706] [1] [ Info] [Eco] Загружаем EcoStory...
 
[15:17:39.706] [1] [ Info] [Eco] Загрузка модификаций завершена за 1 811,2мс
 
[15:17:39.717] [1] [ Info] [Eco] Запуск МенеджерСети...  
[15:17:39.717] [7] [ Info] [Eco] Инициализация типов симуляции...  
[15:17:39.791] [6] [ Info] [Eco] Запуск ПлагинГенератораМира...  
[15:17:39.791] [11] [ Info] [Eco] Запуск ПлагинРезервногоКопирования...  
[15:17:39.791] [8] [ Info] [Eco] Запуск ПлагинИгровойСтатистики...  
[15:17:39.800] [11] [ Info] [Eco] Запуск МенеджерХранилища...  
[15:17:41.200] [7] [ Info] [Eco] Инициализация предметов...  
[15:17:41.269] [7] [ Info] [NidToolbox] Checking Settings.json 
[15:17:41.269] [7] [ Info] [NidToolbox] Config file: Mods\NidToolbox\Config\Settings.json exists. 
[15:17:41.494] [7] [ Info] [NidToolbox] Json file: Mods\NidToolbox\Config\Settings.json readable and correct. 
[15:17:41.633] [7] [ Info] [NidToolbox] Checking CommandPermissions.json 
[15:17:41.660] [7] [ Info] [NidToolbox] Config file: Mods\NidToolbox\Config\CommandPermissions.json exists. 
[15:17:41.660] [7] [ Info] [NidToolbox] Json file: Mods\NidToolbox\Config\CommandPermissions.json readable and correct. 
[15:17:41.660] [7] [ Info] [NidToolbox] Checking TimerMessages.json 
[15:17:41.660] [7] [ Info] [NidToolbox] Config file: Mods\NidToolbox\Config\TimerMessages.json exists. 
[15:17:41.660] [7] [ Info] [NidToolbox] Json file: Mods\NidToolbox\Config\TimerMessages.json readable and correct. 
[15:17:41.660] [7] [ Info] [NidToolbox] Checking ScheduledMessages.json 
[15:17:41.660] [7] [ Info] [NidToolbox] Config file: Mods\NidToolbox\Config\ScheduledMessages.json exists. 
[15:17:41.660] [7] [ Info] [NidToolbox] Json file: Mods\NidToolbox\Config\ScheduledMessages.json readable and correct. 
[15:17:41.671] [7] [ Info] [NidToolbox] No UserHomes directory, skipping user homes config checks. 
[15:17:42.245] [11] [ Info] [Eco] Запуск Плагин паузы...  
[15:17:42.258] [11] [ Info] [Eco] Загружаем Pause...  
[15:17:44.149] [7] [ Info] [Eco] Инициализация навыков...  
[15:17:44.239] [11] [ Info] [Eco] Запуск БДСтатистики...  
[15:17:44.239] [15] [ Info] [Eco] Запуск ПлагинМира...  
[15:17:44.295] [15] [ Info] [Eco] Загружаем World...  
[15:17:47.743] [15] [ Info] [Eco] Инициализация мира...  
[15:17:49.511] [15] [ Info] [Eco] Запуск ПлагинВремени...  
[15:17:49.520] [15] [ Info] [Eco] Загружаем Time...  
[15:17:49.520] [15] [ Info] [Eco] Запуск ПлагинРепутации...  
[15:17:49.520] [15] [ Info] [Eco] Загружаем Reputation...  
[15:17:49.539] [15] [ Info] [Eco] Запуск МенеджерЖильяИгроков...  
[15:17:49.539] [15] [ Info] [Eco] Запуск МенеджерПользователей...  
[15:17:49.579] [15] [ Info] [Eco] Загружаем Users...  
[15:17:49.895] [15] [ Info] [Eco] Инициализация инвентарей...  
[15:17:49.933] [15] [ Info] [Eco] Запуск МенеджерОбъектовЭко...  
[15:17:49.938] [15] [ Info] [Eco] Загружаем Objects...  
[15:17:50.153] [22] [ Info] [Eco] Запуск ПлагинМусора...  
[15:17:50.154] [31] [ Info] [Eco] Запуск НастройкиСложности...  
[15:17:50.154] [13] [ Info] [Eco] Запуск VoiceManager...  
[15:17:50.154] [25] [ Info] [Eco] Запуск ПлагинУгроз...  
[15:17:50.154] [11] [ Info] [Eco] Запуск ПлагинЭкономики...  
[15:17:50.154] [29] [ Info] [Eco] Запуск СерверЧата...  
[15:17:50.154] [36] [ Info] [Eco] Запуск МенеджерКонтроллера...  
[15:17:50.154] [22] [ Info] [Eco] Загружаем Garbage...  
[15:17:50.154] [11] [ Info] [Eco] Загружаем Economy...  
[15:17:50.806] [11] [ Info] [Eco] Запуск Законодательство...  
[15:17:50.806] [25] [ Info] [Eco] Загружаем Disasters...  
[15:17:50.815] [29] [ Info] [Eco] Загружаем Chat...  
[15:17:55.069] [11] [ Info] [Eco] Загружаем Laws...  
[15:17:55.202] [11] [ Info] [Eco] Запуск МенеджерСобственности...  
[15:17:55.202] [11] [ Info] [Eco] Загружаем Property...  
[15:17:55.348] [11] [ Info] [Eco] Запуск МенеджерМиникарты...  
[15:17:55.348] [11] [ Info] [Eco] Запуск СимуляцияЭко...  
[15:17:55.416] [11] [ Info] [Eco] Загружаем Plants...  
[15:17:56.915] [11] [ Info] [Eco] Инициализация растений...  
[15:18:02.893] [11] [ Info] [Eco] Запуск RouteProbingPlugin...  
[15:18:02.893] [11] [ Info] [Eco] Загружаем RouteProbing...  
[15:18:05.197] [11] [ Info] [Eco] Запуск МенеджерСлоёвМира...  
[15:18:05.197] [11] [ Info] [Eco] Загружаем Layers...  
[15:18:05.884] [11] [ Info] [Eco] Инициализация слоёв мира...  
[15:18:05.894] [11] [ Info] [Eco] Загружаем ClimateSim...  
[15:18:08.755] [11] [ Info] [Eco] Запуск ТрекерЭкономики...  
[15:18:08.755] [11] [ Info] [Eco] Запуск UserTracker...  
[15:18:08.755] [11] [ Info] [Eco] Запуск МенеджерМировыхОбъектов...  
[15:18:08.839] [11] [ Info] [Eco] Загружаем WorldObjects...  
[15:18:09.777] [11] [ Info] [Eco] Запуск ПлагинКомнат...  
[15:18:09.780] [11] [ Info] [Eco] Загружаем Rooms...  
[15:18:09.780] [11] [ Info] [Eco] Запуск ПлагинЦелей...  
[15:18:09.797] [11] [ Info] [Eco] Загружаем Objectives...  
[15:18:09.819] [11] [ Info] [Eco] Запуск ПлагинСна...  
[15:18:09.819] [11] [ Info] [Eco] Загружаем Sleep...  
[15:18:09.826] [1] [ Info] [Eco] Запуск ПлагинВебСервера...  
[15:18:09.826] [1] [ Info] [Eco] Запуск OtherAliasCategory...  
[15:18:09.826] [18] [ Info] [Eco] Запуск DiscordLink...  
[15:18:09.826] [31] [ Info] [Eco] Запуск Asphalt...  
[15:18:09.826] [25] [ Info] [Eco] Запуск ПлагинТестовИнтеграции...  
[15:18:09.826] [29] [ Info] [Eco] Запуск NidToolboxPlugin...  
[15:18:09.952] [1] [ Info] [Eco] Инициализируем ПлагинПеревода...  
[15:18:09.952] [1] [ Info] [Eco] Инициализируем ПлагинНабораМодификаций...  
[15:18:10.170] [1] [ Info] [Eco] Инициализируем ПлагинГенератораМира...  
[15:18:10.171] [1] [ Info] [Eco] Инициализируем МенеджерПользователей...  
[15:18:10.266] [1] [ Info] [Eco] Инициализируем ПлагинМусора...  
[15:18:10.280] [1] [ Info] [Eco] Инициализируем ПлагинЭкономики...  
[15:18:10.386] [1] [ Info] [Eco] Инициализируем Законодательство...  
