[22:25:12.565] [1] [ Info] [Eco] >>> START EcoServer, Version=1.0.0.0, Culture=neutral, PublicKeyToken=null 
[22:25:12.592] [1] [ Info] [Eco] Eco Server 0.8.3.3 beta
 
[22:25:12.668] [1] [ Info] [Eco] Server Initialization...  
[22:25:12.669] [1] [ Info] [Eco] Starting LocalizationPlugin...  
[22:25:13.039] [1] [ Info] [Eco] Запуск ПлагинНабораМодификаций...  
[22:25:13.039] [1] [ Info] [Eco] Загрузка модификаций...  
[22:25:13.311] [1] [ Info] [Eco] Компилирование модификаций...  
[22:25:14.829] [1] [ Info] [Eco] Загружаем 0Harmony...
 
[22:25:14.829] [1] [ Info] [Eco] Загружаем Asphalt-ModKit...
 
[22:25:14.953] [1] [ Info] [Eco] Загружаем DiscordLink_v1_blue...
 
[22:25:15.013] [1] [ Info] [Eco] Загрузка модификаций завершена за 1 971,0мс
 
[22:25:15.013] [1] [ Info] [Eco] Server Initialization завершена за 2 346,3мс
 
[22:25:15.013] [1] [ Info] [Eco] Failed to load server, Exception was Exception: ReflectionTypeLoadException
Message:Не удается загрузить один или более запрошенных типов. Обратитесь к свойству LoaderExceptions для получения дополнительных сведений.
Source:mscorlib

System.Reflection.ReflectionTypeLoadException: Не удается загрузить один или более запрошенных типов. Обратитесь к свойству LoaderExceptions для получения дополнительных сведений.
   at System.Reflection.RuntimeModule.GetTypes(RuntimeModule module)
   at System.Reflection.Assembly.GetTypes()
   at Eco.ModKit.ModKitPlugin.LoadModDlls()
   at Eco.ModKit.ModKitPlugin.LoadModsData(TaskCompletionSource`1 done)
   at Eco.ModKit.ModKitPlugin..ctor(TaskCompletionSource`1 done)
 
