[15:31:28.073] [1] [ Info] [Eco] >>> START EcoServer, Version=1.0.0.0, Culture=neutral, PublicKeyToken=null 
[15:31:28.105] [1] [ Info] [Eco] Eco Server 0.8.3.2 beta
 
[15:31:28.228] [1] [ Info] [Eco] Server Initialization...  
[15:31:28.228] [1] [ Info] [Eco] Starting LocalizationPlugin...  
[15:31:28.716] [1] [ Info] [Eco] Запуск ПлагинНабораМодификаций...  
[15:31:28.718] [1] [ Info] [Eco] Загрузка модификаций...  
[15:31:28.829] [1] [ Info] [Eco] Компилирование модификаций...  
[15:31:30.636] [1] [ Info] [Eco] Загружаем 0Harmony...
 
[15:31:30.641] [1] [ Info] [Eco] Загружаем Asphalt-ModKit...
 
[15:31:30.787] [1] [ Info] [Eco] Загружаем Eco.IntegrationTests...
 
[15:31:30.787] [1] [ Info] [Eco] Загружаем DiscordLinkUnified...
 
[15:31:30.855] [1] [ Info] [Eco] Загрузка модификаций завершена за 2 136,5мс
 
[15:31:30.855] [1] [ Info] [Eco] Запуск МенеджерСети...  
[15:31:30.863] [5] [ Info] [Eco] Инициализация типов симуляции...  
[15:31:30.925] [16] [ Info] [Eco] Запуск ПлагинГенератораМира...  
[15:31:30.925] [17] [ Info] [Eco] Запуск ПлагинИгровойСтатистики...  
[15:31:30.925] [10] [ Info] [Eco] Запуск ПлагинРезервногоКопирования...  
[15:31:30.935] [10] [ Info] [Eco] Запуск МенеджерХранилища...  
[15:31:32.523] [5] [ Info] [Eco] Инициализация предметов...  
[15:31:33.440] [10] [ Info] [Eco] Запуск Плагин паузы...  
[15:31:33.440] [10] [ Info] [Eco] Загружаем Pause...  
[15:31:35.089] [5] [ Info] [Eco] Инициализация навыков...  
[15:31:35.175] [18] [ Info] [Eco] Запуск БДСтатистики...  
[15:31:35.175] [12] [ Info] [Eco] Запуск ПлагинМира...  
[15:31:35.215] [12] [ Info] [Eco] Загружаем World...  
[15:31:38.890] [12] [ Info] [Eco] Инициализация мира...  
[15:31:40.477] [12] [ Info] [Eco] Запуск ПлагинВремени...  
[15:31:40.477] [12] [ Info] [Eco] Загружаем Time...  
[15:31:40.477] [12] [ Info] [Eco] Запуск ПлагинРепутации...  
[15:31:40.484] [12] [ Info] [Eco] Загружаем Reputation...  
[15:31:40.501] [12] [ Info] [Eco] Запуск МенеджерЖильяИгроков...  
[15:31:40.501] [12] [ Info] [Eco] Запуск МенеджерПользователей...  
[15:31:40.543] [12] [ Info] [Eco] Загружаем Users...  
[15:31:40.891] [12] [ Info] [Eco] Инициализация инвентарей...  
[15:31:40.933] [12] [ Info] [Eco] Запуск МенеджерОбъектовЭко...  
[15:31:40.939] [12] [ Info] [Eco] Загружаем Objects...  
[15:31:41.180] [10] [ Info] [Eco] Запуск ПлагинМусора...  
[15:31:41.180] [9] [ Info] [Eco] Запуск НастройкиСложности...  
[15:31:41.180] [22] [ Info] [Eco] Запуск МенеджерКонтроллера...  
[15:31:41.180] [11] [ Info] [Eco] Запуск СерверЧата...  
[15:31:41.180] [33] [ Info] [Eco] Запуск ПлагинУгроз...  
[15:31:41.180] [10] [ Info] [Eco] Загружаем Garbage...  
[15:31:41.186] [6] [ Info] [Eco] Запуск VoiceManager...  
[15:31:41.186] [28] [ Info] [Eco] Запуск ПлагинЭкономики...  
[15:31:41.186] [28] [ Info] [Eco] Загружаем Economy...  
[15:31:41.709] [28] [ Info] [Eco] Запуск Законодательство...  
[15:31:41.709] [33] [ Info] [Eco] Загружаем Disasters...  
[15:31:41.709] [11] [ Info] [Eco] Загружаем Chat...  
[15:31:45.467] [28] [ Info] [Eco] Загружаем Laws...  
[15:31:45.579] [28] [ Info] [Eco] Запуск МенеджерСобственности...  
[15:31:45.579] [28] [ Info] [Eco] Загружаем Property...  
[15:31:45.704] [28] [ Info] [Eco] Запуск МенеджерМиникарты...  
[15:31:45.704] [28] [ Info] [Eco] Запуск СимуляцияЭко...  
[15:31:45.770] [28] [ Info] [Eco] Загружаем Plants...  
[15:31:47.003] [28] [ Info] [Eco] Инициализация растений...  
[15:31:53.430] [28] [ Info] [Eco] Запуск RouteProbingPlugin...  
[15:31:53.430] [28] [ Info] [Eco] Загружаем RouteProbing...  
[15:31:55.712] [28] [ Info] [Eco] Запуск МенеджерСлоёвМира...  
[15:31:55.712] [28] [ Info] [Eco] Загружаем Layers...  
[15:31:56.351] [28] [ Info] [Eco] Инициализация слоёв мира...  
[15:31:56.362] [28] [ Info] [Eco] Загружаем ClimateSim...  
[15:31:59.142] [28] [ Info] [Eco] Запуск ТрекерЭкономики...  
[15:31:59.158] [28] [ Info] [Eco] Запуск UserTracker...  
[15:31:59.158] [28] [ Info] [Eco] Запуск МенеджерМировыхОбъектов...  
[15:31:59.252] [28] [ Info] [Eco] Загружаем WorldObjects...  
[15:32:00.017] [28] [ Info] [Eco] Запуск ПлагинКомнат...  
[15:32:00.017] [28] [ Info] [Eco] Загружаем Rooms...  
[15:32:00.040] [28] [ Info] [Eco] Запуск ПлагинЦелей...  
[15:32:00.040] [28] [ Info] [Eco] Загружаем Objectives...  
[15:32:00.060] [28] [ Info] [Eco] Запуск ПлагинСна...  
[15:32:00.060] [28] [ Info] [Eco] Загружаем Sleep...  
[15:32:00.060] [1] [ Info] [Eco] Запуск ПлагинВебСервера...  
[15:32:00.060] [1] [ Info] [Eco] Запуск OtherAliasCategory...  
[15:32:00.060] [28] [ Info] [Eco] Запуск DiscordLink...  
[15:32:00.077] [6] [ Info] [Eco] Запуск Asphalt...  
[15:32:00.077] [35] [ Info] [Eco] Запуск ПлагинТестовИнтеграции...  
[15:32:00.184] [1] [ Info] [Eco] Инициализируем ПлагинПеревода...  
[15:32:00.187] [1] [ Info] [Eco] Инициализируем ПлагинНабораМодификаций...  
[15:32:00.395] [1] [ Info] [Eco] Инициализируем ПлагинГенератораМира...  
[15:32:00.395] [1] [ Info] [Eco] Инициализируем МенеджерПользователей...  
[15:32:00.489] [1] [ Info] [Eco] Инициализируем ПлагинМусора...  
[15:32:00.520] [1] [ Info] [Eco] Инициализируем ПлагинЭкономики...  
[15:32:00.626] [1] [ Info] [Eco] Инициализируем Законодательство...  
[15:32:14.485] [1] [ Info] [Eco] Инициализируем МенеджерСобственности...  
[15:32:14.517] [1] [ Info] [Eco] Инициализируем МенеджерМиникарты...  
[15:32:15.470] [1] [ Info] [Eco] Инициализируем UserTracker...  
[15:32:15.470] [1] [ Info] [Eco] Инициализируем МенеджерМировыхОбъектов...  
[15:32:20.162] [1] [ Info] [Eco] Инициализируем ПлагинКомнат...  
[15:32:22.238] [1] [ Info] [Eco] Инициализируем ПлагинСна...  
[15:32:22.238] [1] [ Info] [Eco] Инициализируем DiscordLink...  
[15:32:22.287] [1] [ Info] [Eco] Инициализируем ПлагинМира...  
[15:32:22.287] [1] [ Info] [Eco] Обработка...  
[15:32:26.765] [140] [ Info] [Eco] DISCORDLINK: Connected to Discord.

 
[15:32:26.836] [1] [ Info] [Eco] Сжатие...  
[15:32:27.840] [140] [ Info] [Eco] DISCORDLINK: Connected and Ready
 
[15:32:30.712] [1] [ Info] [Eco] Инициализируем МенеджерСети...  
[15:32:30.947] [1] [ Info] [Eco] Инициализируем МенеджерСлоёвМира...  
[15:32:30.947] [1] [ Info] [Eco] Инициализируем ПлагинВебСервера...  
[15:32:31.783] [1] [ Info] [Eco] Инициализируем ПлагинТестовИнтеграции...  
[15:32:31.852] [1] [ Info] [Eco] Server Initialization завершена за 63 622,4мс
 
[16:45:41.059] [19] [ Info] [Eco] letmeplay участвует в голосовании за закон Закон: Заявка на должность министра охраны природы, голосуя: да
 
[16:45:54.491] [35] [ Info] [Eco] letmeplay участвует в голосовании за закон Закон: Выдвижение cretinius на пост министра экономики, голосуя: да
 
[17:06:44.175] [21] [ Info] [Eco] Пользователь с неверными данными пытался соединится: Goldberg
 
[17:16:48.514] [27] [ Info] [Eco] Пользователь с неверными данными пытался соединится: Goldberg
 
[17:17:05.042] [23] [ Info] [Eco] Пользователь с неверными данными пытался соединится: Goldberg
 
[17:17:10.242] [20] [ Info] [Eco] Пользователь с неверными данными пытался соединится: Goldberg
 
[17:23:48.071] [139] [ Info] [log] letmeplay invoked admin command '/leader' 
[17:25:21.107] [11] [ Info] [Eco] Morte участвует в голосовании за закон Закон: Заявка на должность министра охраны природы, голосуя: да
 
[17:31:20.007] [139] [ Info] [log] letmeplay invoked admin command '/leader Bayan' 
[17:32:40.803] [25] [ Info] [Eco] Удалена резервная копия - C:\SteamServers\steamapps\common\Eco Server\Storage\Backup\Game-2020-02-01-16.32.31
 
[18:32:35.579] [15] [ Info] [Eco] Удалена резервная копия - C:\SteamServers\steamapps\common\Eco Server\Storage\Backup\Game-2020-02-01-17.32.31
 
[18:39:07.951] [8] [ Info] [Eco] Пользователь с неверными данными пытался соединится: Goldberg
 
[18:39:29.387] [10] [ Info] [Eco] Пользователь с неверными данными пытался соединится: Goldberg
 
[19:07:30.422] [174] [ Info] [Eco] Пользователь с неверными данными пытался соединится: Zakzak
 
[19:32:39.728] [25] [ Info] [Eco] Удалена резервная копия - C:\SteamServers\steamapps\common\Eco Server\Storage\Backup\Game-2020-02-01-18.32.31
 
[19:45:35.106] [21] [ Info] [Eco] Пользователь с неверными данными пытался соединится: Goldberg
 
[19:52:31.133] [24] [ Info] [Eco] PUTLER участвует в голосовании за закон Закон: Выдвижение cretinius на пост министра экономики, голосуя: нет
 
[20:04:21.487] [185] [ Info] [Eco] Vombat участвует в голосовании за закон Закон: Закон о снятии санкций, голосуя: нет
 
[20:05:44.729] [194] [ Info] [Eco] cretinius участвует в голосовании за закон Закон: Избирательный Налог (Версия 2), голосуя: да
 
[20:06:08.038] [194] [ Info] [Eco] Takugava участвует в голосовании за закон Закон: Закон о снятии санкций, голосуя: нет
 
[20:07:30.733] [202] [ Info] [Eco] PUTLER участвует в голосовании за закон Закон: Заявка на должность министра охраны природы, голосуя: да
 
[20:08:19.873] [205] [ Info] [Eco] Takugava участвует в голосовании за закон Закон: Выдвижение cretinius на пост министра экономики, голосуя: нет
 
[20:09:38.148] [195] [ Info] [Eco] Takugava участвует в голосовании за закон Закон: Заявка на должность министра охраны природы, голосуя: да
 
[20:11:32.075] [202] [ Info] [Eco] Takugava участвует в голосовании за закон Закон: Избирательный Налог (Версия 2), голосуя: да
 
[20:13:45.191] [175] [ Info] [Eco] Адм. Очевидность участвует в голосовании за закон Закон: Закон о снятии санкций, голосуя: нет
 
[20:13:56.569] [175] [ Info] [Eco] Vombat участвует в голосовании за закон Закон: Избирательный Налог (Версия 2), голосуя: нет
 
[20:19:46.966] [5] [ Info] [Eco] chekist_krs участвует в голосовании за закон Закон: Выдвижение cretinius на пост министра экономики, голосуя: нет
 
[20:21:23.830] [8] [ Info] [Eco] Пользователь с неверными данными пытался соединится: Kosmofen
 
[20:22:07.970] [194] [ Info] [Eco] chekist_krs участвует в голосовании за закон Закон: Заявка на должность министра охраны природы, голосуя: нет
 
[20:22:33.309] [5] [ Info] [Eco] chekist_krs участвует в голосовании за закон Закон: Избирательный Налог (Версия 2), голосуя: нет
 
[20:30:51.022] [1] [ Info] [Eco] Сохранение...
 
[20:30:51.022] [1] [ Info] [Eco] Сохранение мира...  
