[15:48:16.400] [1] [ Info] [Eco] >>> START EcoServer, Version=1.0.0.0, Culture=neutral, PublicKeyToken=null 
[15:48:16.429] [1] [ Info] [Eco] Eco Server 0.8.3.2 beta
 
[15:48:16.505] [1] [ Info] [Eco] Server Initialization...  
[15:48:16.505] [1] [ Info] [Eco] Starting LocalizationPlugin...  
[15:48:16.861] [1] [ Info] [Eco] Запуск ПлагинНабораМодификаций...  
[15:48:16.861] [1] [ Info] [Eco] Загрузка модификаций...  
[15:48:16.959] [1] [ Info] [Eco] Компилирование модификаций...  
[15:48:18.495] [1] [ Info] [Eco] Загружаем 0Harmony...
 
[15:48:18.500] [1] [ Info] [Eco] Загружаем Asphalt-ModKit...
 
[15:48:18.622] [1] [ Info] [Eco] Загружаем Eco.IntegrationTests...
 
[15:48:18.625] [1] [ Info] [Eco] Загружаем DiscordLinkUnified...
 
[15:48:18.673] [1] [ Info] [Eco] Загружаем EcoStory...
 
[15:48:18.673] [1] [ Info] [Eco] Загрузка модификаций завершена за 1 816,0мс
 
[15:48:18.673] [1] [ Info] [Eco] Запуск МенеджерСети...  
[15:48:18.686] [5] [ Info] [Eco] Инициализация типов симуляции...  
[15:48:18.759] [16] [ Info] [Eco] Запуск ПлагинГенератораМира...  
[15:48:18.759] [12] [ Info] [Eco] Запуск ПлагинРезервногоКопирования...  
[15:48:18.759] [13] [ Info] [Eco] Запуск ПлагинИгровойСтатистики...  
[15:48:18.769] [12] [ Info] [Eco] Запуск МенеджерХранилища...  
[15:48:20.176] [5] [ Info] [Eco] Инициализация предметов...  
[15:48:20.244] [5] [ Info] [NidToolbox] Checking Settings.json 
[15:48:20.259] [5] [ Info] [NidToolbox] Config file: Mods\NidToolbox\Config\Settings.json exists. 
[15:48:20.259] [5] [ Info] [NidToolbox] Json file: Mods\NidToolbox\Config\Settings.json readable and correct. 
[15:48:20.264] [5] [ Info] [NidToolbox] Checking CommandPermissions.json 
[15:48:20.264] [5] [ Info] [NidToolbox] Config file: Mods\NidToolbox\Config\CommandPermissions.json exists. 
[15:48:20.264] [5] [ Info] [NidToolbox] Json file: Mods\NidToolbox\Config\CommandPermissions.json readable and correct. 
[15:48:20.264] [5] [ Info] [NidToolbox] Checking TimerMessages.json 
[15:48:20.264] [5] [ Info] [NidToolbox] Config file: Mods\NidToolbox\Config\TimerMessages.json exists. 
[15:48:20.264] [5] [ Info] [NidToolbox] Json file: Mods\NidToolbox\Config\TimerMessages.json readable and correct. 
[15:48:20.264] [5] [ Info] [NidToolbox] Checking ScheduledMessages.json 
[15:48:20.285] [5] [ Info] [NidToolbox] Config file: Mods\NidToolbox\Config\ScheduledMessages.json exists. 
[15:48:20.309] [5] [ Info] [NidToolbox] Json file: Mods\NidToolbox\Config\ScheduledMessages.json readable and correct. 
[15:48:20.312] [5] [ Info] [NidToolbox] No UserHomes directory, skipping user homes config checks. 
[15:48:21.100] [12] [ Info] [Eco] Запуск Плагин паузы...  
[15:48:21.108] [12] [ Info] [Eco] Загружаем Pause...  
[15:48:22.923] [5] [ Info] [Eco] Инициализация навыков...  
[15:48:23.014] [12] [ Info] [Eco] Запуск БДСтатистики...  
[15:48:23.014] [13] [ Info] [Eco] Запуск ПлагинМира...  
[15:48:23.069] [13] [ Info] [Eco] Загружаем World...  
[15:48:26.584] [13] [ Info] [Eco] Инициализация мира...  
[15:48:28.616] [13] [ Info] [Eco] Запуск ПлагинВремени...  
[15:48:28.616] [13] [ Info] [Eco] Загружаем Time...  
[15:48:28.616] [13] [ Info] [Eco] Запуск ПлагинРепутации...  
[15:48:28.625] [13] [ Info] [Eco] Загружаем Reputation...  
[15:48:28.649] [13] [ Info] [Eco] Запуск МенеджерЖильяИгроков...  
[15:48:28.649] [13] [ Info] [Eco] Запуск МенеджерПользователей...  
[15:48:28.692] [13] [ Info] [Eco] Загружаем Users...  
[15:48:29.033] [13] [ Info] [Eco] Инициализация инвентарей...  
[15:48:29.081] [13] [ Info] [Eco] Запуск МенеджерОбъектовЭко...  
[15:48:29.081] [13] [ Info] [Eco] Загружаем Objects...  
[15:48:29.305] [15] [ Info] [Eco] Запуск МенеджерКонтроллера...  
[15:48:29.305] [27] [ Info] [Eco] Запуск СерверЧата...  
[15:48:29.305] [12] [ Info] [Eco] Запуск ПлагинМусора...  
[15:48:29.305] [7] [ Info] [Eco] Запуск VoiceManager...  
[15:48:29.305] [32] [ Info] [Eco] Запуск ПлагинУгроз...  
[15:48:29.305] [21] [ Info] [Eco] Запуск НастройкиСложности...  
[15:48:29.305] [10] [ Info] [Eco] Запуск ПлагинЭкономики...  
[15:48:29.305] [12] [ Info] [Eco] Загружаем Garbage...  
[15:48:29.316] [10] [ Info] [Eco] Загружаем Economy...  
[15:48:29.804] [10] [ Info] [Eco] Запуск Законодательство...  
[15:48:29.804] [32] [ Info] [Eco] Загружаем Disasters...  
[15:48:29.804] [27] [ Info] [Eco] Загружаем Chat...  
[15:48:34.218] [10] [ Info] [Eco] Загружаем Laws...  
[15:48:34.351] [10] [ Info] [Eco] Запуск МенеджерСобственности...  
[15:48:34.351] [10] [ Info] [Eco] Загружаем Property...  
[15:48:34.477] [10] [ Info] [Eco] Запуск МенеджерМиникарты...  
[15:48:34.482] [10] [ Info] [Eco] Запуск СимуляцияЭко...  
[15:48:34.547] [10] [ Info] [Eco] Загружаем Plants...  
[15:48:36.072] [10] [ Info] [Eco] Инициализация растений...  
[15:48:42.195] [10] [ Info] [Eco] Запуск RouteProbingPlugin...  
[15:48:42.195] [10] [ Info] [Eco] Загружаем RouteProbing...  
[15:48:44.443] [10] [ Info] [Eco] Запуск МенеджерСлоёвМира...  
[15:48:44.443] [10] [ Info] [Eco] Загружаем Layers...  
[15:48:45.127] [10] [ Info] [Eco] Инициализация слоёв мира...  
[15:48:45.127] [10] [ Info] [Eco] Загружаем ClimateSim...  
[15:48:47.761] [10] [ Info] [Eco] Запуск ТрекерЭкономики...  
[15:48:47.767] [10] [ Info] [Eco] Запуск UserTracker...  
[15:48:47.767] [10] [ Info] [Eco] Запуск МенеджерМировыхОбъектов...  
[15:48:47.849] [10] [ Info] [Eco] Загружаем WorldObjects...  
[15:48:48.771] [10] [ Info] [Eco] Запуск ПлагинКомнат...  
[15:48:48.771] [10] [ Info] [Eco] Загружаем Rooms...  
[15:48:48.787] [10] [ Info] [Eco] Запуск ПлагинЦелей...  
[15:48:48.787] [10] [ Info] [Eco] Загружаем Objectives...  
[15:48:48.815] [10] [ Info] [Eco] Запуск ПлагинСна...  
[15:48:48.815] [10] [ Info] [Eco] Загружаем Sleep...  
[15:48:48.815] [1] [ Info] [Eco] Запуск ПлагинВебСервера...  
[15:48:48.829] [1] [ Info] [Eco] Запуск OtherAliasCategory...  
[15:48:48.829] [6] [ Info] [Eco] Запуск NidToolboxPlugin...  
[15:48:48.829] [18] [ Info] [Eco] Запуск ПлагинТестовИнтеграции...  
[15:48:48.829] [20] [ Info] [Eco] Запуск DiscordLink...  
[15:48:48.829] [28] [ Info] [Eco] Запуск Asphalt...  
[15:48:48.939] [1] [ Info] [Eco] Инициализируем ПлагинПеревода...  
[15:48:48.939] [1] [ Info] [Eco] Инициализируем ПлагинНабораМодификаций...  
[15:48:49.160] [1] [ Info] [Eco] Инициализируем ПлагинГенератораМира...  
[15:48:49.160] [1] [ Info] [Eco] Инициализируем МенеджерПользователей...  
[15:48:49.256] [1] [ Info] [Eco] Инициализируем ПлагинМусора...  
[15:48:49.265] [1] [ Info] [Eco] Инициализируем ПлагинЭкономики...  
[15:48:49.369] [1] [ Info] [Eco] Инициализируем Законодательство...  
[15:49:04.460] [1] [ Info] [Eco] Инициализируем МенеджерСобственности...  
[15:49:04.491] [1] [ Info] [Eco] Инициализируем МенеджерМиникарты...  
[15:49:05.387] [1] [ Info] [Eco] Инициализируем UserTracker...  
[15:49:05.399] [1] [ Info] [Eco] Инициализируем МенеджерМировыхОбъектов...  
[15:49:12.543] [1] [ Info] [Eco] Инициализируем ПлагинКомнат...  
[15:49:16.170] [1] [ Info] [Eco] Инициализируем ПлагинСна...  
[15:49:16.170] [1] [ Info] [Eco] Инициализируем NidToolboxPlugin...  
[15:49:16.170] [1] [ Info] [NidToolbox] Checking declared file: Mods\NidToolbox\Texts\Motd.txt 
[15:49:16.170] [1] [ Info] [NidToolbox] Config file:  Mods\NidToolbox\Texts\Motd.txt exists. 
[15:49:16.187] [1] [ Info] [NidToolbox] Config file:  Mods\NidToolbox\Texts\Motd.txt readable. 
[15:49:16.187] [1] [ Info] [NidToolbox] Checking declared file: Mods\NidToolbox\Texts\Rules.txt 
[15:49:16.187] [1] [ Info] [NidToolbox] Config file:  Mods\NidToolbox\Texts\Rules.txt exists. 
[15:49:16.187] [1] [ Info] [NidToolbox] Config file:  Mods\NidToolbox\Texts\Rules.txt readable. 
[15:49:16.187] [1] [ Info] [NidToolbox] Checking declared file: Mods\NidToolbox\Texts\ServerChangelog.txt 
[15:49:16.187] [1] [ Info] [NidToolbox] Config file:  Mods\NidToolbox\Texts\ServerChangelog.txt exists. 
[15:49:16.187] [1] [ Info] [NidToolbox] Config file:  Mods\NidToolbox\Texts\ServerChangelog.txt readable. 
[15:49:16.302] [1] [ Info] [Eco] Инициализируем DiscordLink...  
[15:49:16.336] [1] [ Info] [Eco] Инициализируем ПлагинМира...  
[15:49:16.336] [1] [ Info] [Eco] Обработка...  
[15:49:20.009] [138] [ Info] [Eco] DISCORDLINK: Connected to Discord.

 
[15:49:20.319] [1] [ Info] [Eco] Сжатие...  
[15:49:21.151] [143] [ Info] [Eco] DISCORDLINK: Connected and Ready
 
[15:49:24.504] [1] [ Info] [Eco] Инициализируем МенеджерСети...  
[15:49:24.755] [1] [ Info] [Eco] Инициализируем МенеджерСлоёвМира...  
[15:49:24.755] [1] [ Info] [Eco] Инициализируем ПлагинВебСервера...  
[15:49:25.420] [1] [ Info] [Eco] Инициализируем ПлагинТестовИнтеграции...  
[15:49:25.420] [1] [ Info] [NidToolbox] OK - Mono not detected, not a Linux environment 
[15:49:25.420] [1] [ Info] [NidToolbox] All commands in config up to date. 
[15:49:25.489] [1] [ Info] [NidToolbox] Running NidToolbox version 1.8.7 
[15:49:25.542] [1] [ Info] [Eco] Server Initialization завершена за 69 037,0мс
 
[15:51:03.288] [18] [ Info] [NidToolbox] letmeplay tried to run nid-ShowLog. Command allowed. 
[15:58:40.696] [22] [ Info] [NidToolbox] letmeplay tried to run nid-ShowLog. Command allowed. 
[15:58:42.630] [30] [ Info] [NidToolbox] letmeplay tried to run nid-ShowLog. Command allowed. 
