[11:22:14.482] [1] [ Info] [Eco] >>> START EcoServer, Version=1.0.0.0, Culture=neutral, PublicKeyToken=null 
[11:22:14.511] [1] [ Info] [Eco] Eco Server 0.8.3.2 beta
 
[11:22:14.583] [1] [ Info] [Eco] Server Initialization...  
[11:22:14.583] [1] [ Info] [Eco] Starting LocalizationPlugin...  
[11:22:14.955] [1] [ Info] [Eco] Запуск ПлагинНабораМодификаций...  
[11:22:14.955] [1] [ Info] [Eco] Загрузка модификаций...  
[11:22:15.070] [1] [ Info] [Eco] Компилирование модификаций...  
[11:22:16.570] [1] [ Info] [Eco] Загружаем 0Harmony...
 
[11:22:16.580] [1] [ Info] [Eco] Загружаем Asphalt-ModKit...
 
[11:22:16.704] [1] [ Info] [Eco] Загружаем Eco.IntegrationTests...
 
[11:22:16.704] [1] [ Info] [Eco] Загружаем DiscordLinkUnified...
 
[11:22:16.757] [1] [ Info] [Eco] Загружаем EcoStory...
 
[11:22:16.764] [1] [ Info] [Eco] Загрузка модификаций завершена за 1 803,3мс
 
[11:22:16.764] [1] [ Info] [Eco] Запуск МенеджерСети...  
[11:22:16.764] [5] [ Info] [Eco] Инициализация типов симуляции...  
[11:22:16.843] [8] [ Info] [Eco] Запуск ПлагинГенератораМира...  
[11:22:16.843] [17] [ Info] [Eco] Запуск ПлагинРезервногоКопирования...  
[11:22:16.843] [7] [ Info] [Eco] Запуск ПлагинИгровойСтатистики...  
[11:22:16.843] [17] [ Info] [Eco] Запуск МенеджерХранилища...  
[11:22:18.182] [5] [ Info] [Eco] Инициализация предметов...  
[11:22:18.253] [5] [ Info] [NidToolbox] Checking Settings.json 
[11:22:18.253] [5] [ Info] [NidToolbox] Config file: Mods\NidToolbox\Config\Settings.json exists. 
[11:22:18.253] [5] [ Info] [NidToolbox] Json file: Mods\NidToolbox\Config\Settings.json readable and correct. 
[11:22:18.253] [5] [ Info] [NidToolbox] Checking CommandPermissions.json 
[11:22:18.253] [5] [ Info] [NidToolbox] Config file: Mods\NidToolbox\Config\CommandPermissions.json exists. 
[11:22:18.253] [5] [ Info] [NidToolbox] Json file: Mods\NidToolbox\Config\CommandPermissions.json readable and correct. 
[11:22:18.253] [5] [ Info] [NidToolbox] Checking TimerMessages.json 
[11:22:18.253] [5] [ Info] [NidToolbox] Config file: Mods\NidToolbox\Config\TimerMessages.json exists. 
[11:22:18.253] [5] [ Info] [NidToolbox] Json file: Mods\NidToolbox\Config\TimerMessages.json readable and correct. 
[11:22:18.253] [5] [ Info] [NidToolbox] Checking ScheduledMessages.json 
[11:22:18.265] [5] [ Info] [NidToolbox] Config file: Mods\NidToolbox\Config\ScheduledMessages.json exists. 
[11:22:18.265] [5] [ Info] [NidToolbox] Json file: Mods\NidToolbox\Config\ScheduledMessages.json readable and correct. 
[11:22:18.265] [5] [ Info] [NidToolbox] No UserHomes directory, skipping user homes config checks. 
[11:22:19.036] [17] [ Info] [Eco] Запуск Плагин паузы...  
[11:22:19.049] [17] [ Info] [Eco] Загружаем Pause...  
[11:22:20.879] [5] [ Info] [Eco] Инициализация навыков...  
[11:22:20.967] [17] [ Info] [Eco] Запуск БДСтатистики...  
[11:22:20.967] [11] [ Info] [Eco] Запуск ПлагинМира...  
[11:22:21.028] [11] [ Info] [Eco] Загружаем World...  
[11:22:24.361] [11] [ Info] [Eco] Инициализация мира...  
[11:22:26.223] [11] [ Info] [Eco] Запуск ПлагинВремени...  
[11:22:26.223] [11] [ Info] [Eco] Загружаем Time...  
[11:22:26.223] [11] [ Info] [Eco] Запуск ПлагинРепутации...  
[11:22:26.233] [11] [ Info] [Eco] Загружаем Reputation...  
[11:22:26.248] [11] [ Info] [Eco] Запуск МенеджерЖильяИгроков...  
[11:22:26.248] [11] [ Info] [Eco] Запуск МенеджерПользователей...  
[11:22:26.288] [11] [ Info] [Eco] Загружаем Users...  
[11:22:26.619] [11] [ Info] [Eco] Инициализация инвентарей...  
[11:22:26.658] [11] [ Info] [Eco] Запуск МенеджерОбъектовЭко...  
[11:22:26.658] [11] [ Info] [Eco] Загружаем Objects...  
[11:22:26.866] [35] [ Info] [Eco] Запуск ПлагинМусора...  
[11:22:26.866] [29] [ Info] [Eco] Запуск VoiceManager...  
[11:22:26.866] [26] [ Info] [Eco] Запуск МенеджерКонтроллера...  
[11:22:26.866] [11] [ Info] [Eco] Запуск ПлагинЭкономики...  
[11:22:26.866] [35] [ Info] [Eco] Загружаем Garbage...  
[11:22:26.866] [6] [ Info] [Eco] Запуск ПлагинУгроз...  
[11:22:26.866] [25] [ Info] [Eco] Запуск СерверЧата...  
[11:22:26.874] [20] [ Info] [Eco] Запуск НастройкиСложности...  
[11:22:26.874] [11] [ Info] [Eco] Загружаем Economy...  
[11:22:27.342] [11] [ Info] [Eco] Запуск Законодательство...  
[11:22:27.342] [6] [ Info] [Eco] Загружаем Disasters...  
[11:22:27.342] [25] [ Info] [Eco] Загружаем Chat...  
[11:22:31.411] [11] [ Info] [Eco] Загружаем Laws...  
[11:22:31.533] [11] [ Info] [Eco] Запуск МенеджерСобственности...  
[11:22:31.533] [11] [ Info] [Eco] Загружаем Property...  
[11:22:31.656] [11] [ Info] [Eco] Запуск МенеджерМиникарты...  
[11:22:31.656] [11] [ Info] [Eco] Запуск СимуляцияЭко...  
[11:22:31.730] [11] [ Info] [Eco] Загружаем Plants...  
[11:22:33.234] [11] [ Info] [Eco] Инициализация растений...  
[11:22:38.883] [11] [ Info] [Eco] Запуск RouteProbingPlugin...  
[11:22:38.883] [11] [ Info] [Eco] Загружаем RouteProbing...  
[11:22:41.195] [11] [ Info] [Eco] Запуск МенеджерСлоёвМира...  
[11:22:41.201] [11] [ Info] [Eco] Загружаем Layers...  
[11:22:41.887] [11] [ Info] [Eco] Инициализация слоёв мира...  
[11:22:41.897] [11] [ Info] [Eco] Загружаем ClimateSim...  
[11:22:44.619] [11] [ Info] [Eco] Запуск ТрекерЭкономики...  
[11:22:44.625] [11] [ Info] [Eco] Запуск UserTracker...  
[11:22:44.625] [11] [ Info] [Eco] Запуск МенеджерМировыхОбъектов...  
[11:22:44.709] [11] [ Info] [Eco] Загружаем WorldObjects...  
[11:22:45.769] [11] [ Info] [Eco] Запуск ПлагинКомнат...  
[11:22:45.769] [11] [ Info] [Eco] Загружаем Rooms...  
[11:22:45.791] [11] [ Info] [Eco] Запуск ПлагинЦелей...  
[11:22:45.796] [11] [ Info] [Eco] Загружаем Objectives...  
[11:22:45.814] [11] [ Info] [Eco] Запуск ПлагинСна...  
[11:22:45.814] [11] [ Info] [Eco] Загружаем Sleep...  
[11:22:45.814] [1] [ Info] [Eco] Запуск ПлагинВебСервера...  
[11:22:45.832] [1] [ Info] [Eco] Запуск OtherAliasCategory...  
[11:22:45.832] [31] [ Info] [Eco] Запуск Asphalt...  
[11:22:45.832] [16] [ Info] [Eco] Запуск DiscordLink...  
[11:22:45.832] [21] [ Info] [Eco] Запуск NidToolboxPlugin...  
[11:22:45.832] [7] [ Info] [Eco] Запуск ПлагинТестовИнтеграции...  
[11:22:45.939] [1] [ Info] [Eco] Инициализируем ПлагинПеревода...  
[11:22:45.939] [1] [ Info] [Eco] Инициализируем ПлагинНабораМодификаций...  
[11:22:46.579] [1] [ Info] [Eco] Инициализируем ПлагинГенератораМира...  
[11:22:46.579] [1] [ Info] [Eco] Инициализируем МенеджерПользователей...  
[11:22:46.669] [1] [ Info] [Eco] Инициализируем ПлагинМусора...  
[11:22:46.678] [1] [ Info] [Eco] Инициализируем ПлагинЭкономики...  
[11:22:46.788] [1] [ Info] [Eco] Инициализируем Законодательство...  
[11:23:03.021] [1] [ Info] [Eco] Инициализируем МенеджерСобственности...  
[11:23:03.075] [1] [ Info] [Eco] Инициализируем МенеджерМиникарты...  
[11:23:03.957] [1] [ Info] [Eco] Инициализируем UserTracker...  
[11:23:03.970] [1] [ Info] [Eco] Инициализируем МенеджерМировыхОбъектов...  
[11:23:08.709] [1] [ Info] [Eco] Инициализируем ПлагинКомнат...  
[11:23:10.939] [1] [ Info] [Eco] Инициализируем ПлагинСна...  
[11:23:10.939] [1] [ Info] [Eco] Инициализируем NidToolboxPlugin...  
[11:23:10.939] [1] [ Info] [NidToolbox] Checking declared file: Mods\NidToolbox\Texts\Motd.txt 
[11:23:10.939] [1] [ Info] [NidToolbox] Config file:  Mods\NidToolbox\Texts\Motd.txt exists. 
[11:23:10.952] [1] [ Info] [NidToolbox] Config file:  Mods\NidToolbox\Texts\Motd.txt readable. 
[11:23:10.952] [1] [ Info] [NidToolbox] Checking declared file: Mods\NidToolbox\Texts\Rules.txt 
[11:23:10.952] [1] [ Info] [NidToolbox] Config file:  Mods\NidToolbox\Texts\Rules.txt exists. 
[11:23:10.952] [1] [ Info] [NidToolbox] Config file:  Mods\NidToolbox\Texts\Rules.txt readable. 
[11:23:10.952] [1] [ Info] [NidToolbox] Checking declared file: Mods\NidToolbox\Texts\ServerChangelog.txt 
[11:23:10.952] [1] [ Info] [NidToolbox] Config file:  Mods\NidToolbox\Texts\ServerChangelog.txt exists. 
[11:23:10.952] [1] [ Info] [NidToolbox] Config file:  Mods\NidToolbox\Texts\ServerChangelog.txt readable. 
[11:23:11.089] [1] [ Info] [Eco] Инициализируем DiscordLink...  
[11:23:11.125] [1] [ Info] [Eco] Инициализируем ПлагинМира...  
[11:23:11.125] [1] [ Info] [Eco] Обработка...  
[11:23:14.122] [139] [ Info] [Eco] DISCORDLINK: Connected to Discord.

 
[11:23:14.527] [1] [ Info] [Eco] Сжатие...  
[11:23:15.328] [140] [ Info] [Eco] DISCORDLINK: Connected and Ready
 
[11:23:18.392] [1] [ Info] [Eco] Инициализируем МенеджерСети...  
[11:23:18.642] [1] [ Info] [Eco] Инициализируем МенеджерСлоёвМира...  
[11:23:18.642] [1] [ Info] [Eco] Инициализируем ПлагинВебСервера...  
[11:23:19.357] [1] [ Info] [Eco] Инициализируем ПлагинТестовИнтеграции...  
[11:23:19.372] [1] [ Info] [NidToolbox] OK - Mono not detected, not a Linux environment 
[11:23:19.380] [1] [ Info] [NidToolbox] All commands in config up to date. 
[11:23:19.454] [1] [ Info] [NidToolbox] Running NidToolbox version 1.8.7 
[11:23:19.518] [1] [ Info] [Eco] Server Initialization завершена за 64 934,0мс
 
[11:35:30.724] [9] [ Info] [Eco] Удалена резервная копия - C:\SteamServers\steamapps\common\Eco Server\Storage\Backup\Game-2020-02-02-11.13.30
 
[11:47:22.348] [30] [ Info] [Eco] Удалена резервная копия - C:\SteamServers\steamapps\common\Eco Server\Storage\Backup\Game-2020-02-02-11.35.19
 
[11:59:17.885] [14] [ Info] [Eco] Пользователь с неверными данными пытался соединится: Goldberg
 
[11:59:25.674] [18] [ Info] [Eco] Удалена резервная копия - C:\SteamServers\steamapps\common\Eco Server\Storage\Backup\Game-2020-02-02-11.47.19
 
[12:11:23.153] [36] [ Info] [Eco] Удалена резервная копия - C:\SteamServers\steamapps\common\Eco Server\Storage\Backup\Game-2020-02-02-11.59.19
 
[12:35:30.753] [36] [ Info] [Eco] Удалена резервная копия - C:\SteamServers\steamapps\common\Eco Server\Storage\Backup\Game-2020-02-02-12.23.19
 
[12:47:22.360] [20] [ Info] [Eco] Удалена резервная копия - C:\SteamServers\steamapps\common\Eco Server\Storage\Backup\Game-2020-02-02-12.35.19
 
[12:59:26.674] [31] [ Info] [Eco] Удалена резервная копия - C:\SteamServers\steamapps\common\Eco Server\Storage\Backup\Game-2020-02-02-12.47.19
 
[13:11:25.625] [13] [ Info] [Eco] Удалена резервная копия - C:\SteamServers\steamapps\common\Eco Server\Storage\Backup\Game-2020-02-02-12.59.19
 
[13:35:25.207] [20] [ Info] [Eco] Удалена резервная копия - C:\SteamServers\steamapps\common\Eco Server\Storage\Backup\Game-2020-02-02-13.23.19
 
[13:47:28.510] [20] [ Info] [Eco] Удалена резервная копия - C:\SteamServers\steamapps\common\Eco Server\Storage\Backup\Game-2020-02-02-13.35.19
 
[13:59:27.864] [31] [ Info] [Eco] Удалена резервная копия - C:\SteamServers\steamapps\common\Eco Server\Storage\Backup\Game-2020-02-02-13.47.19
 
[14:11:22.542] [14] [ Info] [Eco] Удалена резервная копия - C:\SteamServers\steamapps\common\Eco Server\Storage\Backup\Game-2020-02-02-13.59.19
 
[14:35:23.458] [12] [ Info] [Eco] Удалена резервная копия - C:\SteamServers\steamapps\common\Eco Server\Storage\Backup\Game-2020-02-02-14.23.19
 
[14:47:25.773] [36] [ Info] [Eco] Удалена резервная копия - C:\SteamServers\steamapps\common\Eco Server\Storage\Backup\Game-2020-02-02-14.35.19
 
[14:59:22.509] [14] [ Info] [Eco] Удалена резервная копия - C:\SteamServers\steamapps\common\Eco Server\Storage\Backup\Game-2020-02-02-14.47.19
 
[15:11:25.705] [16] [ Info] [Eco] Удалена резервная копия - C:\SteamServers\steamapps\common\Eco Server\Storage\Backup\Game-2020-02-02-14.59.19
 
[15:12:08.272] [179] [ Info] [log] letmeplay invoked admin command '/dump' 
[15:12:18.544] [179] [ Info] [log] letmeplay invoked admin command '/dump' 
[15:12:29.228] [179] [ Info] [log] letmeplay invoked admin command '/dump' 
[15:12:38.736] [179] [ Info] [log] letmeplay invoked admin command '/dump' 
[15:12:45.052] [179] [ Info] [log] letmeplay invoked admin command '/dump' 
[15:12:48.984] [179] [ Info] [log] letmeplay invoked admin command '/dump' 
[15:29:37.357] [12] [ Info] [Eco] Пользователь с неверными данными пытался соединится: Goldberg
 
[15:35:26.911] [36] [ Info] [Eco] Удалена резервная копия - C:\SteamServers\steamapps\common\Eco Server\Storage\Backup\Game-2020-02-02-15.23.19
 
[15:47:26.754] [9] [ Info] [Eco] Удалена резервная копия - C:\SteamServers\steamapps\common\Eco Server\Storage\Backup\Game-2020-02-02-15.35.19
 
[15:59:25.366] [30] [ Info] [Eco] Удалена резервная копия - C:\SteamServers\steamapps\common\Eco Server\Storage\Backup\Game-2020-02-02-15.47.19
 
[16:11:22.376] [12] [ Info] [Eco] Удалена резервная копия - C:\SteamServers\steamapps\common\Eco Server\Storage\Backup\Game-2020-02-02-15.59.19
 
[16:35:27.406] [31] [ Info] [Eco] Удалена резервная копия - C:\SteamServers\steamapps\common\Eco Server\Storage\Backup\Game-2020-02-02-16.23.19
 
[16:47:23.735] [31] [ Info] [Eco] Удалена резервная копия - C:\SteamServers\steamapps\common\Eco Server\Storage\Backup\Game-2020-02-02-16.35.19
 
[16:59:00.958] [31] [ Info] [Eco] Пользователь с неверными данными пытался соединится: Kosmofen
 
[16:59:26.823] [10] [ Info] [Eco] Удалена резервная копия - C:\SteamServers\steamapps\common\Eco Server\Storage\Backup\Game-2020-02-02-16.47.19
 
[17:11:23.223] [36] [ Info] [Eco] Удалена резервная копия - C:\SteamServers\steamapps\common\Eco Server\Storage\Backup\Game-2020-02-02-16.59.19
 
[17:23:48.796] [179] [ Info] [log] letmeplay invoked admin command '/save' 
[17:23:48.814] [16] [ Info] [Eco] Сохранение мира...  
[17:24:31.726] [1] [ Info] [Eco] Сохранение...
 
[17:24:31.726] [1] [ Info] [Eco] Сохранение мира...  
