[21:10:18.913] [1] [ Info] [Eco] >>> START EcoServer, Version=1.0.0.0, Culture=neutral, PublicKeyToken=null 
[21:10:18.942] [1] [ Info] [Eco] Eco Server 0.8.3.2 beta
 
[21:10:19.017] [1] [ Info] [Eco] Server Initialization...  
[21:10:19.017] [1] [ Info] [Eco] Starting LocalizationPlugin...  
[21:10:19.378] [1] [ Info] [Eco] Запуск ПлагинНабораМодификаций...  
[21:10:19.378] [1] [ Info] [Eco] Загрузка модификаций...  
[21:10:19.481] [1] [ Info] [Eco] Компилирование модификаций...  
[21:10:21.000] [1] [ Info] [Eco] Загружаем 0Harmony...
 
[21:10:21.000] [1] [ Info] [Eco] Загружаем Asphalt-ModKit...
 
[21:10:21.125] [1] [ Info] [Eco] Загружаем Eco.IntegrationTests...
 
[21:10:21.125] [1] [ Info] [Eco] Загружаем DiscordLinkUnified...
 
[21:10:21.182] [1] [ Info] [Eco] Загрузка модификаций завершена за 1 802,4мс
 
[21:10:21.182] [1] [ Info] [Eco] Запуск МенеджерСети...  
[21:10:21.190] [7] [ Info] [Eco] Инициализация типов симуляции...  
[21:10:21.256] [8] [ Info] [Eco] Запуск ПлагинГенератораМира...  
[21:10:21.256] [14] [ Info] [Eco] Запуск ПлагинРезервногоКопирования...  
[21:10:21.256] [11] [ Info] [Eco] Запуск ПлагинИгровойСтатистики...  
[21:10:21.755] [1] [ Info] [Eco] Server Initialization завершена за 2 737,0мс
 
[21:10:21.755] [1] [ Info] [Eco] Failed to load server, Exception was Exception: JsonReaderException
Message:Invalid JavaScript property identifier character: ,. Path 'BackupFrequencyInHours', line 7, position 31.
Source:Newtonsoft.Json

Newtonsoft.Json.JsonReaderException: Invalid JavaScript property identifier character: ,. Path 'BackupFrequencyInHours', line 7, position 31.
   at Newtonsoft.Json.JsonTextReader.ReadUnquotedPropertyReportIfDone(Char currentChar, Int32 initialPosition)
   at Newtonsoft.Json.JsonTextReader.ParseUnquotedProperty()
   at Newtonsoft.Json.JsonTextReader.ParseProperty()
   at Newtonsoft.Json.Serialization.JsonSerializerInternalReader.PopulateObject(Object newObject, JsonReader reader, JsonObjectContract contract, JsonProperty member, String id)
   at Newtonsoft.Json.Serialization.JsonSerializerInternalReader.CreateObject(JsonReader reader, Type objectType, JsonContract contract, JsonProperty member, JsonContainerContract containerContract, JsonProperty containerMember, Object existingValue)
   at Newtonsoft.Json.Serialization.JsonSerializerInternalReader.Deserialize(JsonReader reader, Type objectType, Boolean checkAdditionalContent)
   at Newtonsoft.Json.JsonSerializer.DeserializeInternal(JsonReader reader, Type objectType)
   at Newtonsoft.Json.JsonConvert.DeserializeObject(String value, Type type, JsonSerializerSettings settings)
   at Newtonsoft.Json.JsonConvert.DeserializeObject[T](String value, JsonSerializerSettings settings)
   at Eco.Core.Plugins.PluginConfig`1.Load(String filename)
   at Eco.Core.Backup.BackupPlugin..ctor()
 
[21:10:21.953] [7] [ Info] [Eco] Инициализация предметов...  
[21:10:24.301] [7] [ Info] [Eco] Инициализация навыков...  
