[16:00:29.815] [1] [ Info] [Eco] >>> START EcoServer, Version=1.0.0.0, Culture=neutral, PublicKeyToken=null 
[16:00:29.844] [1] [ Info] [Eco] Eco Server 0.8.3.2 beta
 
[16:00:29.917] [1] [ Info] [Eco] Server Initialization...  
[16:00:29.917] [1] [ Info] [Eco] Starting LocalizationPlugin...  
[16:00:30.275] [1] [ Info] [Eco] Запуск ПлагинНабораМодификаций...  
[16:00:30.275] [1] [ Info] [Eco] Загрузка модификаций...  
[16:00:30.375] [1] [ Info] [Eco] Компилирование модификаций...  
[16:00:32.024] [1] [ Info] [Eco] Загружаем 0Harmony...
 
[16:00:32.024] [1] [ Info] [Eco] Загружаем Asphalt-ModKit...
 
[16:00:32.151] [1] [ Info] [Eco] Загружаем Eco.IntegrationTests...
 
[16:00:32.151] [1] [ Info] [Eco] Загружаем DiscordLinkUnified...
 
[16:00:32.204] [1] [ Info] [Eco] Загружаем EcoStory...
 
[16:00:32.204] [1] [ Info] [Eco] Загрузка модификаций завершена за 1 932,2мс
 
[16:00:32.204] [1] [ Info] [Eco] Запуск МенеджерСети...  
[16:00:32.218] [7] [ Info] [Eco] Инициализация типов симуляции...  
[16:00:32.290] [11] [ Info] [Eco] Запуск ПлагинГенератораМира...  
[16:00:32.290] [17] [ Info] [Eco] Запуск ПлагинРезервногоКопирования...  
[16:00:32.290] [12] [ Info] [Eco] Запуск ПлагинИгровойСтатистики...  
[16:00:32.304] [17] [ Info] [Eco] Запуск МенеджерХранилища...  
[16:00:33.745] [7] [ Info] [Eco] Инициализация предметов...  
[16:00:33.908] [7] [ Info] [NidToolbox] Checking Settings.json 
[16:00:34.009] [7] [ Info] [NidToolbox] Config file: Mods\NidToolbox\Config\Settings.json exists. 
[16:00:34.098] [7] [ Info] [NidToolbox] Json file: Mods\NidToolbox\Config\Settings.json readable and correct. 
[16:00:34.181] [7] [ Info] [NidToolbox] Checking CommandPermissions.json 
[16:00:34.217] [7] [ Info] [NidToolbox] Config file: Mods\NidToolbox\Config\CommandPermissions.json exists. 
[16:00:34.217] [7] [ Info] [NidToolbox] Json file: Mods\NidToolbox\Config\CommandPermissions.json readable and correct. 
[16:00:34.217] [7] [ Info] [NidToolbox] Checking TimerMessages.json 
[16:00:34.217] [7] [ Info] [NidToolbox] Config file: Mods\NidToolbox\Config\TimerMessages.json exists. 
[16:00:34.234] [7] [ Info] [NidToolbox] Json file: Mods\NidToolbox\Config\TimerMessages.json readable and correct. 
[16:00:34.234] [7] [ Info] [NidToolbox] Checking ScheduledMessages.json 
[16:00:34.234] [7] [ Info] [NidToolbox] Config file: Mods\NidToolbox\Config\ScheduledMessages.json exists. 
[16:00:34.234] [7] [ Info] [NidToolbox] Json file: Mods\NidToolbox\Config\ScheduledMessages.json readable and correct. 
[16:00:34.234] [7] [ Info] [NidToolbox] No UserHomes directory, skipping user homes config checks. 
[16:00:34.683] [17] [ Info] [Eco] Запуск Плагин паузы...  
[16:00:34.693] [17] [ Info] [Eco] Загружаем Pause...  
[16:00:36.571] [7] [ Info] [Eco] Инициализация навыков...  
[16:00:36.667] [5] [ Info] [Eco] Запуск БДСтатистики...  
[16:00:36.667] [13] [ Info] [Eco] Запуск ПлагинМира...  
[16:00:36.719] [13] [ Info] [Eco] Загружаем World...  
[16:00:40.139] [13] [ Info] [Eco] Инициализация мира...  
[16:00:42.003] [13] [ Info] [Eco] Запуск ПлагинВремени...  
[16:00:42.003] [13] [ Info] [Eco] Загружаем Time...  
[16:00:42.003] [13] [ Info] [Eco] Запуск ПлагинРепутации...  
[16:00:42.003] [13] [ Info] [Eco] Загружаем Reputation...  
[16:00:42.025] [13] [ Info] [Eco] Запуск МенеджерЖильяИгроков...  
[16:00:42.025] [13] [ Info] [Eco] Запуск МенеджерПользователей...  
[16:00:42.068] [13] [ Info] [Eco] Загружаем Users...  
[16:00:42.385] [13] [ Info] [Eco] Инициализация инвентарей...  
[16:00:42.442] [13] [ Info] [Eco] Запуск МенеджерОбъектовЭко...  
[16:00:42.442] [13] [ Info] [Eco] Загружаем Objects...  
[16:00:42.839] [17] [ Info] [Eco] Запуск ПлагинМусора...  
[16:00:42.839] [8] [ Info] [Eco] Запуск VoiceManager...  
[16:00:42.839] [20] [ Info] [Eco] Запуск ПлагинЭкономики...  
[16:00:42.842] [29] [ Info] [Eco] Запуск НастройкиСложности...  
[16:00:42.842] [15] [ Info] [Eco] Запуск ПлагинУгроз...  
[16:00:42.842] [17] [ Info] [Eco] Загружаем Garbage...  
[16:00:42.842] [16] [ Info] [Eco] Запуск СерверЧата...  
[16:00:42.842] [22] [ Info] [Eco] Запуск МенеджерКонтроллера...  
[16:00:42.842] [20] [ Info] [Eco] Загружаем Economy...  
[16:00:43.359] [20] [ Info] [Eco] Запуск Законодательство...  
[16:00:43.359] [15] [ Info] [Eco] Загружаем Disasters...  
[16:00:43.359] [16] [ Info] [Eco] Загружаем Chat...  
[16:00:47.807] [20] [ Info] [Eco] Загружаем Laws...  
[16:00:47.920] [20] [ Info] [Eco] Запуск МенеджерСобственности...  
[16:00:47.920] [20] [ Info] [Eco] Загружаем Property...  
[16:00:48.049] [20] [ Info] [Eco] Запуск МенеджерМиникарты...  
[16:00:48.049] [20] [ Info] [Eco] Запуск СимуляцияЭко...  
[16:00:48.115] [20] [ Info] [Eco] Загружаем Plants...  
[16:00:49.504] [20] [ Info] [Eco] Инициализация растений...  
[16:00:55.404] [20] [ Info] [Eco] Запуск RouteProbingPlugin...  
[16:00:55.407] [20] [ Info] [Eco] Загружаем RouteProbing...  
[16:00:57.766] [20] [ Info] [Eco] Запуск МенеджерСлоёвМира...  
[16:00:57.766] [20] [ Info] [Eco] Загружаем Layers...  
[16:00:58.420] [20] [ Info] [Eco] Инициализация слоёв мира...  
[16:00:58.420] [20] [ Info] [Eco] Загружаем ClimateSim...  
[16:01:00.959] [20] [ Info] [Eco] Запуск ТрекерЭкономики...  
[16:01:00.959] [20] [ Info] [Eco] Запуск UserTracker...  
[16:01:00.959] [20] [ Info] [Eco] Запуск МенеджерМировыхОбъектов...  
[16:01:01.042] [20] [ Info] [Eco] Загружаем WorldObjects...  
[16:01:02.308] [20] [ Info] [Eco] Запуск ПлагинКомнат...  
[16:01:02.316] [20] [ Info] [Eco] Загружаем Rooms...  
[16:01:02.332] [20] [ Info] [Eco] Запуск ПлагинЦелей...  
[16:01:02.332] [20] [ Info] [Eco] Загружаем Objectives...  
[16:01:02.354] [20] [ Info] [Eco] Запуск ПлагинСна...  
[16:01:02.359] [20] [ Info] [Eco] Загружаем Sleep...  
[16:01:02.359] [1] [ Info] [Eco] Запуск ПлагинВебСервера...  
[16:01:02.359] [1] [ Info] [Eco] Запуск OtherAliasCategory...  
[16:01:02.359] [13] [ Info] [Eco] Запуск DiscordLink...  
[16:01:02.359] [23] [ Info] [Eco] Запуск NidToolboxPlugin...  
[16:01:02.375] [24] [ Info] [Eco] Запуск Asphalt...  
[16:01:02.375] [10] [ Info] [Eco] Запуск ПлагинТестовИнтеграции...  
[16:01:02.500] [1] [ Info] [Eco] Инициализируем ПлагинПеревода...  
[16:01:02.500] [1] [ Info] [Eco] Инициализируем ПлагинНабораМодификаций...  
[16:01:02.765] [1] [ Info] [Eco] Инициализируем ПлагинГенератораМира...  
[16:01:02.765] [1] [ Info] [Eco] Инициализируем МенеджерПользователей...  
[16:01:02.856] [1] [ Info] [Eco] Инициализируем ПлагинМусора...  
[16:01:02.866] [1] [ Info] [Eco] Инициализируем ПлагинЭкономики...  
[16:01:02.975] [1] [ Info] [Eco] Инициализируем Законодательство...  
[16:01:19.710] [1] [ Info] [Eco] Инициализируем МенеджерСобственности...  
[16:01:19.746] [1] [ Info] [Eco] Инициализируем МенеджерМиникарты...  
[16:01:20.746] [1] [ Info] [Eco] Инициализируем UserTracker...  
[16:01:20.759] [1] [ Info] [Eco] Инициализируем МенеджерМировыхОбъектов...  
[16:01:26.381] [1] [ Info] [Eco] Инициализируем ПлагинКомнат...  
[16:01:28.788] [1] [ Info] [Eco] Инициализируем ПлагинСна...  
[16:01:28.788] [1] [ Info] [Eco] Инициализируем NidToolboxPlugin...  
[16:01:28.796] [1] [ Info] [NidToolbox] Checking declared file: Mods\NidToolbox\Texts\Motd.txt 
[16:01:28.796] [1] [ Info] [NidToolbox] Config file:  Mods\NidToolbox\Texts\Motd.txt exists. 
[16:01:28.796] [1] [ Info] [NidToolbox] Config file:  Mods\NidToolbox\Texts\Motd.txt readable. 
[16:01:28.796] [1] [ Info] [NidToolbox] Checking declared file: Mods\NidToolbox\Texts\Rules.txt 
[16:01:28.796] [1] [ Info] [NidToolbox] Config file:  Mods\NidToolbox\Texts\Rules.txt exists. 
[16:01:28.796] [1] [ Info] [NidToolbox] Config file:  Mods\NidToolbox\Texts\Rules.txt readable. 
[16:01:28.796] [1] [ Info] [NidToolbox] Checking declared file: Mods\NidToolbox\Texts\ServerChangelog.txt 
[16:01:28.796] [1] [ Info] [NidToolbox] Config file:  Mods\NidToolbox\Texts\ServerChangelog.txt exists. 
[16:01:28.796] [1] [ Info] [NidToolbox] Config file:  Mods\NidToolbox\Texts\ServerChangelog.txt readable. 
[16:01:28.915] [1] [ Info] [Eco] Инициализируем DiscordLink...  
[16:01:28.952] [1] [ Info] [Eco] Инициализируем ПлагинМира...  
[16:01:28.952] [1] [ Info] [Eco] Обработка...  
[16:01:31.897] [141] [ Info] [Eco] DISCORDLINK: Connected to Discord.

 
[16:01:32.349] [1] [ Info] [Eco] Сжатие...  
[16:01:32.821] [139] [ Info] [Eco] DISCORDLINK: Connected and Ready
 
[16:01:36.353] [1] [ Info] [Eco] Инициализируем МенеджерСети...  
[16:01:36.597] [1] [ Info] [Eco] Инициализируем МенеджерСлоёвМира...  
[16:01:36.597] [1] [ Info] [Eco] Инициализируем ПлагинВебСервера...  
[16:01:37.278] [1] [ Info] [Eco] Инициализируем ПлагинТестовИнтеграции...  
[16:01:37.286] [1] [ Info] [NidToolbox] OK - Mono not detected, not a Linux environment 
[16:01:37.286] [1] [ Info] [NidToolbox] All commands in config up to date. 
[16:01:37.347] [1] [ Info] [NidToolbox] Running NidToolbox version 1.8.7 
[16:01:37.371] [1] [ Info] [Eco] Server Initialization завершена за 67 453,6мс
 
[16:03:03.663] [12] [ Info] [NidToolbox] letmeplay tried to run nid-ShowLog. Command allowed. 
[16:03:11.705] [20] [ Info] [NidToolbox] letmeplay tried to run nid-ShowLog. Command allowed. 
