[20:32:22.866] [1] [ Info] [Eco] >>> START EcoServer, Version=1.0.0.0, Culture=neutral, PublicKeyToken=null 
[20:32:22.904] [1] [ Info] [Eco] Eco Server 0.8.3.2 beta
 
[20:32:23.392] [1] [ Info] [Eco] Server Initialization...  
[20:32:23.392] [1] [ Info] [Eco] Starting LocalizationPlugin...  
[20:32:24.102] [1] [ Info] [Eco] Запуск ПлагинНабораМодификаций...  
[20:32:24.102] [1] [ Info] [Eco] Загрузка модификаций...  
[20:32:24.968] [1] [ Info] [Eco] Компилирование модификаций...  
[20:32:37.102] [1] [ Info] [Eco] Загружаем 0Harmony...
 
[20:32:37.161] [1] [ Info] [Eco] Загружаем Asphalt-ModKit...
 
[20:32:37.482] [1] [ Info] [Eco] Загружаем Eco.IntegrationTests...
 
[20:32:37.536] [1] [ Info] [Eco] Загружаем em-base...
 
[20:32:37.566] [1] [ Info] [Eco] Загружаем DiscordLinkUnified...
 
[20:32:37.895] [1] [ Info] [Eco] Загружаем EcoStory...
 
[20:32:38.079] [1] [ Info] [Eco] Загружаем em-greenenergy...
 
[20:32:38.108] [1] [ Info] [Eco] Загружаем em-realisticsmelting...
 
[20:32:38.136] [1] [ Info] [Eco] Загружаем em-shippingcontainers...
 
[20:32:38.160] [1] [ Info] [Eco] Загружаем em-tailingspack...
 
[20:32:38.183] [1] [ Info] [Eco] Загружаем em-arches...
 
[20:32:38.223] [1] [ Info] [Eco] Загружаем em-doors...
 
[20:32:38.259] [1] [ Info] [Eco] Загружаем em-dyes...
 
[20:32:38.286] [1] [ Info] [Eco] Загружаем em-homeobjects...
 
[20:32:38.323] [1] [ Info] [Eco] Загружаем em-transportation...
 
[20:32:38.359] [1] [ Info] [Eco] Загружаем em-windows...
 
[20:32:38.405] [1] [ Info] [Eco] Загружаем em-zymology...
 
[20:32:38.453] [1] [ Info] [Eco] Загружаем em-admin...
 
[20:32:38.479] [1] [ Info] [Eco] Загружаем em-commands...
 
[20:32:38.521] [1] [ Info] [Eco] Загружаем em-daily...
 
[20:32:38.548] [1] [ Info] [Eco] Загружаем em-infomatics...
 
[20:32:38.572] [1] [ Info] [Eco] Загружаем em-jokes...
 
[20:32:38.596] [1] [ Info] [Eco] Загружаем em-tp...
 
[20:32:38.622] [1] [ Info] [Eco] Загружаем em-warp...
 
[20:32:38.652] [1] [ Info] [Eco] Загружаем HPStorage...
 
[20:32:38.698] [1] [ Info] [Eco] Загрузка модификаций завершена за 14 593,2мс
 
[20:32:38.703] [1] [ Info] [Eco] Запуск МенеджерСети...  
[20:32:38.703] [5] [ Info] [Eco] Инициализация типов симуляции...  
[20:32:38.878] [8] [ Info] [Eco] Запуск ПлагинГенератораМира...  
[20:32:38.878] [7] [ Info] [Eco] Запуск ПлагинРезервногоКопирования...  
[20:32:38.878] [10] [ Info] [Eco] Запуск ПлагинИгровойСтатистики...  
[20:32:38.902] [7] [ Info] [Eco] Запуск МенеджерХранилища...  
[20:32:39.959] [5] [ Info] [Eco] Инициализация предметов...  
[20:32:40.125] [5] [ Info] [NidToolbox] Checking Settings.json 
[20:32:40.125] [5] [ Info] [NidToolbox] Config file: Mods\NidToolbox\Config\Settings.json exists. 
[20:32:40.165] [5] [ Info] [NidToolbox] Json file: Mods\NidToolbox\Config\Settings.json readable and correct. 
[20:32:40.165] [5] [ Info] [NidToolbox] Checking CommandPermissions.json 
[20:32:40.171] [5] [ Info] [NidToolbox] Config file: Mods\NidToolbox\Config\CommandPermissions.json exists. 
[20:32:40.261] [5] [ Info] [NidToolbox] Json file: Mods\NidToolbox\Config\CommandPermissions.json readable and correct. 
[20:32:40.261] [5] [ Info] [NidToolbox] Checking TimerMessages.json 
[20:32:40.265] [5] [ Info] [NidToolbox] Config file: Mods\NidToolbox\Config\TimerMessages.json exists. 
[20:32:40.392] [5] [ Info] [NidToolbox] Json file: Mods\NidToolbox\Config\TimerMessages.json readable and correct. 
[20:32:40.392] [5] [ Info] [NidToolbox] Checking ScheduledMessages.json 
[20:32:40.392] [5] [ Info] [NidToolbox] Config file: Mods\NidToolbox\Config\ScheduledMessages.json exists. 
[20:32:40.432] [5] [ Info] [NidToolbox] Json file: Mods\NidToolbox\Config\ScheduledMessages.json readable and correct. 
[20:32:40.432] [5] [ Info] [NidToolbox] No UserHomes directory, skipping user homes config checks. 
[20:32:46.581] [5] [ Info] [Eco] Инициализация навыков...  
[20:32:47.458] [7] [ Info] [Eco] Запуск Плагин паузы...  
[20:32:47.479] [7] [ Info] [Eco] Запуск БДСтатистики...  
[20:32:47.479] [10] [ Info] [Eco] Запуск ПлагинМира...  
[20:32:47.547] [10] [ Info] [Eco] Загружаем World...  
[20:32:56.026] [10] [ Info] [Eco] Конвертация мира в новый формат...  
[20:33:57.855] [10] [ Info] [Eco] Инициализация мира...  
[20:33:58.299] [10] [ Info] [Eco] Запуск ПлагинВремени...  
[20:33:58.299] [10] [ Info] [Eco] Загружаем Time...  
[20:33:58.312] [10] [ Info] [Eco] Запуск ПлагинРепутации...  
[20:33:58.312] [10] [ Info] [Eco] Загружаем Reputation...  
[20:33:58.327] [10] [ Info] [Eco] Запуск МенеджерЖильяИгроков...  
[20:33:58.327] [10] [ Info] [Eco] Запуск МенеджерПользователей...  
[20:33:58.473] [10] [ Info] [Eco] Загружаем Users...  
[20:33:58.812] [10] [ Info] [Eco] Инициализация инвентарей...  
[20:33:58.855] [10] [ Info] [Eco] Запуск МенеджерОбъектовЭко...  
[20:33:58.860] [10] [ Info] [Eco] Запуск ПлагинМусора...  
[20:33:58.860] [21] [ Info] [Eco] Запуск VoiceManager...  
[20:33:58.860] [10] [ Info] [Eco] Загружаем Garbage...  
[20:33:58.860] [26] [ Info] [Eco] Запуск СерверЧата...  
[20:33:58.874] [25] [ Info] [Eco] Запуск ПлагинУгроз...  
[20:33:58.874] [14] [ Info] [Eco] Запуск НастройкиСложности...  
[20:33:58.874] [7] [ Info] [Eco] Запуск МенеджерКонтроллера...  
[20:33:58.874] [9] [ Info] [Eco] Запуск ПлагинЭкономики...  
[20:33:58.891] [9] [ Info] [Eco] Загружаем Economy...  
[20:33:59.179] [25] [ Info] [Eco] Загружаем Disasters...  
[20:33:59.188] [9] [ Info] [Eco] Запуск Законодательство...  
[20:33:59.188] [26] [ Info] [Eco] Загружаем Chat...  
[20:33:59.202] [9] [ Info] [Eco] Загружаем Laws...  
[20:33:59.281] [9] [ Info] [Eco] Запуск МенеджерСобственности...  
[20:33:59.281] [9] [ Info] [Eco] Запуск МенеджерМиникарты...  
[20:33:59.302] [9] [ Info] [Eco] Запуск СимуляцияЭко...  
[20:33:59.406] [9] [ Info] [Eco] Загружаем Plants...  
[20:34:04.980] [9] [ Info] [Eco] Инициализация растений...  
[20:34:10.509] [9] [ Info] [Eco] Запуск RouteProbingPlugin...  
[20:34:10.520] [9] [ Info] [Eco] Загружаем RouteProbing...  
[20:34:14.300] [9] [ Info] [Eco] Запуск МенеджерСлоёвМира...  
[20:34:14.300] [9] [ Info] [Eco] Загружаем Layers...  
[20:34:17.248] [9] [ Info] [Eco] Инициализация слоёв мира...  
[20:34:23.671] [9] [ Info] [Eco] Запуск ТрекерЭкономики...  
[20:34:23.671] [9] [ Info] [Eco] Запуск UserTracker...  
[20:34:23.671] [9] [ Info] [Eco] Запуск МенеджерМировыхОбъектов...  
[20:34:23.796] [9] [ Info] [Eco] Загружаем WorldObjects...  
[20:34:23.796] [9] [ Info] [Eco] Запуск ПлагинКомнат...  
[20:34:23.829] [9] [ Info] [Eco] Запуск ПлагинЦелей...  
[20:34:23.829] [9] [ Info] [Eco] Загружаем Objectives...  
[20:34:23.842] [9] [ Info] [Eco] Запуск ПлагинСна...  
[20:34:23.842] [1] [ Info] [Eco] Запуск ПлагинВебСервера...  
[20:34:23.864] [1] [ Info] [Eco] Запуск OtherAliasCategory...  
[20:34:23.864] [1] [ Info] [Eco] Запуск ExtendedUser...  
[20:34:23.864] [35] [ Info] [Eco] Запуск AFK...  
[20:34:23.876] [38] [ Info] [Eco] Запуск ChatBase...  
[20:34:23.876] [26] [ Info] [Eco] Запуск Asphalt...  
[20:34:23.876] [33] [ Info] [Eco] Запуск ПлагинТестовИнтеграции...  
[20:34:23.876] [9] [ Info] [Eco] Запуск Informatics...  
[20:34:23.876] [29] [ Info] [Eco] Запуск DiscordLink...  
[20:34:23.876] [20] [ Info] [Eco] Запуск Daily...  
[20:34:23.876] [30] [ Info] [Eco] Запуск NewTeleportation...  
[20:34:23.891] [12] [ Info] [Eco] Запуск NidToolboxPlugin...  
[20:34:24.058] [1] [ Info] [Eco] Инициализируем ПлагинПеревода...  
[20:34:24.062] [1] [ Info] [Eco] Инициализируем ПлагинНабораМодификаций...  
[20:34:24.450] [1] [ Info] [Eco] Инициализируем ПлагинГенератораМира...  
[20:34:24.452] [1] [ Info] [Eco] Инициализируем МенеджерПользователей...  
[20:34:24.610] [1] [ Info] [Eco] Инициализируем ПлагинМусора...  
[20:34:24.610] [1] [ Info] [Eco] Инициализируем ПлагинЭкономики...  
[20:34:24.633] [1] [ Info] [Eco] Инициализируем Законодательство...  
[20:34:25.827] [1] [ Info] [Eco] Инициализируем МенеджерСобственности...  
[20:34:25.827] [1] [ Info] [Eco] Инициализируем МенеджерМиникарты...  
[20:34:27.610] [1] [ Info] [Eco] Инициализируем UserTracker...  
[20:34:27.610] [1] [ Info] [Eco] Инициализируем МенеджерМировыхОбъектов...  
[20:34:27.733] [1] [ Info] [Eco] Инициализируем ПлагинКомнат...  
[20:34:27.733] [1] [ Info] [Eco] Инициализируем ПлагинСна...  
[20:34:27.733] [1] [ Info] [Eco] Инициализируем Daily...  
[20:34:27.733] [1] [ Info] [Eco] Инициализируем NewTeleportation...  
[20:34:27.733] [1] [ Info] [Eco] Инициализируем NidToolboxPlugin...  
[20:34:27.769] [1] [ Info] [NidToolbox] Checking declared file: Mods\NidToolbox\Texts\Motd.txt 
[20:34:27.769] [1] [ Info] [NidToolbox] Config file:  Mods\NidToolbox\Texts\Motd.txt exists. 
[20:34:27.769] [1] [ Info] [NidToolbox] Config file:  Mods\NidToolbox\Texts\Motd.txt readable. 
[20:34:27.782] [1] [ Info] [NidToolbox] Checking declared file: Mods\NidToolbox\Texts\Rules.txt 
[20:34:27.782] [1] [ Info] [NidToolbox] Config file:  Mods\NidToolbox\Texts\Rules.txt exists. 
[20:34:27.782] [1] [ Info] [NidToolbox] Config file:  Mods\NidToolbox\Texts\Rules.txt readable. 
[20:34:27.782] [1] [ Info] [NidToolbox] Checking declared file: Mods\NidToolbox\Texts\ServerChangelog.txt 
[20:34:27.795] [1] [ Info] [NidToolbox] Config file:  Mods\NidToolbox\Texts\ServerChangelog.txt exists. 
[20:34:27.824] [1] [ Info] [NidToolbox] Config file:  Mods\NidToolbox\Texts\ServerChangelog.txt readable. 
[20:34:27.967] [1] [ Info] [Eco] Инициализируем DiscordLink...  
[20:34:28.029] [1] [ Info] [Eco] Инициализируем ПлагинМира...  
[20:34:28.033] [1] [ Info] [Eco] Обработка...  
[20:34:28.112] [1] [ Info] [Eco] Сжатие...  
[20:34:59.296] [1] [ Info] [Eco] Сохранение мира...  
[20:35:05.657] [116] [ Info] [Eco] DISCORDLINK ERROR: Error connecting to discord: Authentication failed. Check your token and try again.

 
[20:35:07.033] [1] [ Info] [Eco] Инициализируем МенеджерСети...  
[20:35:07.294] [1] [ Info] [Eco] Инициализируем МенеджерСлоёвМира...  
[20:35:07.296] [1] [ Info] [Eco] Инициализируем ПлагинВебСервера...  
[20:35:21.774] [1] [ Info] [Eco] Не удалось добавить разрешения на использование url (urlacl); веб-сервер недоступен.
 
[20:35:21.774] [1] [ Info] [Eco] Инициализируем ПлагинТестовИнтеграции...  
[20:35:21.798] [1] [ Info] [NidToolbox] OK - Mono not detected, not a Linux environment 
[20:35:21.798] [1] [ Info] [NidToolbox] All commands in config up to date. 
[20:35:21.969] [1] [ Info] [NidToolbox] Running NidToolbox version 1.8.7 
[20:35:22.038] [1] [ Info] [Eco] Server Initialization завершена за 178 644,9мс
 
