[20:48:16.663] [1] [ Info] [Eco] >>> START EcoServer, Version=1.0.0.0, Culture=neutral, PublicKeyToken=null 
[20:48:16.695] [1] [ Info] [Eco] Eco Server 0.8.3.3 beta
 
[20:48:16.768] [1] [ Info] [Eco] Server Initialization...  
[20:48:16.768] [1] [ Info] [Eco] Starting LocalizationPlugin...  
[20:48:17.149] [1] [ Info] [Eco] Запуск ПлагинНабораМодификаций...  
[20:48:17.149] [1] [ Info] [Eco] Загрузка модификаций...  
[20:48:17.442] [1] [ Info] [Eco] Компилирование модификаций...  
[20:48:18.926] [1] [ Info] [Eco] Загружаем 0Harmony...
 
[20:48:18.926] [1] [ Info] [Eco] Загружаем Asphalt-ModKit...
 
[20:48:19.066] [1] [ Info] [Eco] Загружаем DiscordLink_blue...
 
[20:48:19.113] [1] [ Info] [Eco] Загружаем Eco.IntegrationTests...
 
[20:48:19.113] [1] [ Info] [Eco] Загружаем em-base...
 
[20:48:19.113] [1] [ Info] [Eco] Загружаем NoPlayerCredits...
 
[20:48:19.113] [1] [ Info] [Eco] Загружаем em-greenenergy...
 
[20:48:19.113] [1] [ Info] [Eco] Загружаем em-realisticsmelting...
 
[20:48:19.113] [1] [ Info] [Eco] Загружаем em-shippingcontainers...
 
[20:48:19.123] [1] [ Info] [Eco] Загружаем em-tailingspack...
 
[20:48:19.123] [1] [ Info] [Eco] Загружаем em-arches...
 
[20:48:19.123] [1] [ Info] [Eco] Загружаем em-doors...
 
[20:48:19.123] [1] [ Info] [Eco] Загружаем em-dyes...
 
[20:48:19.123] [1] [ Info] [Eco] Загружаем em-homeobjects...
 
[20:48:19.123] [1] [ Info] [Eco] Загружаем em-transportation...
 
[20:48:19.139] [1] [ Info] [Eco] Загружаем em-windows...
 
[20:48:19.139] [1] [ Info] [Eco] Загружаем em-zymology...
 
[20:48:19.139] [1] [ Info] [Eco] Загружаем HPStorage...
 
[20:48:19.139] [1] [ Info] [Eco] Загружаем NidToolbox...
 
[20:48:19.159] [1] [ Info] [Eco] Загрузка модификаций завершена за 2 008,0мс
 
[20:48:19.159] [1] [ Info] [Eco] Запуск МенеджерСети...  
[20:48:19.159] [6] [ Info] [Eco] Инициализация типов симуляции...  
[20:48:19.221] [1] [ Info] [Eco] Server Initialization завершена за 2 452,3мс
 
[20:48:19.221] [1] [ Info] [Eco] Failed to load server, Exception was Exception: JsonReaderException
Message:After parsing a value an unexpected character was encountered: S. Path 'DetailedDescription', line 8, position 3.
Source:Newtonsoft.Json

Newtonsoft.Json.JsonReaderException: After parsing a value an unexpected character was encountered: S. Path 'DetailedDescription', line 8, position 3.
   at Newtonsoft.Json.JsonTextReader.ParsePostValue(Boolean ignoreComments)
   at Newtonsoft.Json.JsonTextReader.Read()
   at Newtonsoft.Json.Serialization.JsonSerializerInternalReader.PopulateObject(Object newObject, JsonReader reader, JsonObjectContract contract, JsonProperty member, String id)
   at Newtonsoft.Json.Serialization.JsonSerializerInternalReader.Populate(JsonReader reader, Object target)
   at Newtonsoft.Json.JsonSerializer.PopulateInternal(JsonReader reader, Object target)
   at Newtonsoft.Json.JsonConvert.PopulateObject(String value, Object target, JsonSerializerSettings settings)
   at Eco.Core.Plugins.PluginConfig`1.Load(String filename)
   at Eco.Plugins.Networking.NetworkManager..ctor()
 
[20:48:19.961] [6] [ Info] [Eco] Инициализация предметов...  
[20:48:20.023] [6] [ Info] [NidToolbox] Checking Settings.json 
[20:48:20.023] [6] [ Info] [NidToolbox] Config file: Mods\NidToolbox\Config\Settings.json exists. 
[20:48:20.023] [6] [ Info] [NidToolbox] Json file: Mods\NidToolbox\Config\Settings.json readable and correct. 
[20:48:20.029] [6] [ Info] [NidToolbox] Checking CommandPermissions.json 
[20:48:20.029] [6] [ Info] [NidToolbox] Config file: Mods\NidToolbox\Config\CommandPermissions.json exists. 
[20:48:20.029] [6] [ Info] [NidToolbox] Json file: Mods\NidToolbox\Config\CommandPermissions.json readable and correct. 
[20:48:20.029] [6] [ Info] [NidToolbox] Checking TimerMessages.json 
[20:48:20.029] [6] [ Info] [NidToolbox] Config file: Mods\NidToolbox\Config\TimerMessages.json exists. 
[20:48:20.029] [6] [ Info] [NidToolbox] Json file: Mods\NidToolbox\Config\TimerMessages.json readable and correct. 
[20:48:20.029] [6] [ Info] [NidToolbox] Checking ScheduledMessages.json 
[20:48:20.029] [6] [ Info] [NidToolbox] Config file: Mods\NidToolbox\Config\ScheduledMessages.json exists. 
[20:48:20.029] [6] [ Info] [NidToolbox] Json file: Mods\NidToolbox\Config\ScheduledMessages.json readable and correct. 
[20:48:20.029] [6] [ Info] [NidToolbox] No UserHomes directory, skipping user homes config checks. 
[20:48:22.634] [6] [ Info] [Eco] Инициализация навыков...  
