[21:29:08.934] [1] [ Info] [Eco] >>> START EcoServer, Version=1.0.0.0, Culture=neutral, PublicKeyToken=null 
[21:29:08.966] [1] [ Info] [Eco] Eco Server 0.8.3.3 beta
 
[21:29:09.053] [1] [ Info] [Eco] Server Initialization...  
[21:29:09.053] [1] [ Info] [Eco] Starting LocalizationPlugin...  
[21:29:09.443] [1] [ Info] [Eco] Запуск ПлагинНабораМодификаций...  
[21:29:09.443] [1] [ Info] [Eco] Загрузка модификаций...  
[21:29:09.724] [1] [ Info] [Eco] Компилирование модификаций...  
[21:29:11.321] [1] [ Info] [Eco] Загружаем 0Harmony...
 
[21:29:11.325] [1] [ Info] [Eco] Загружаем Asphalt-ModKit...
 
[21:29:11.446] [1] [ Info] [Eco] Загружаем Eco.IntegrationTests...
 
[21:29:11.446] [1] [ Info] [Eco] Загружаем em-base...
 
[21:29:11.451] [1] [ Info] [Eco] Загружаем NoPlayerCredits...
 
[21:29:11.451] [1] [ Info] [Eco] Загружаем em-greenenergy...
 
[21:29:11.451] [1] [ Info] [Eco] Загружаем em-realisticsmelting...
 
[21:29:11.451] [1] [ Info] [Eco] Загружаем em-shippingcontainers...
 
[21:29:11.451] [1] [ Info] [Eco] Загружаем em-tailingspack...
 
[21:29:11.451] [1] [ Info] [Eco] Загружаем em-arches...
 
[21:29:11.451] [1] [ Info] [Eco] Загружаем em-doors...
 
[21:29:11.465] [1] [ Info] [Eco] Загружаем em-dyes...
 
[21:29:11.465] [1] [ Info] [Eco] Загружаем em-homeobjects...
 
[21:29:11.465] [1] [ Info] [Eco] Загружаем em-transportation...
 
[21:29:11.465] [1] [ Info] [Eco] Загружаем em-windows...
 
[21:29:11.483] [1] [ Info] [Eco] Загружаем em-zymology...
 
[21:29:11.483] [1] [ Info] [Eco] Загружаем NidToolbox...
 
[21:29:11.483] [1] [ Info] [Eco] Загрузка модификаций завершена за 2 048,3мс
 
[21:29:11.483] [1] [ Info] [Eco] Запуск МенеджерСети...  
[21:29:11.502] [7] [ Info] [Eco] Инициализация типов симуляции...  
[21:29:11.558] [16] [ Info] [Eco] Запуск ПлагинГенератораМира...  
[21:29:11.558] [8] [ Info] [Eco] Запуск ПлагинРезервногоКопирования...  
[21:29:11.559] [13] [ Info] [Eco] Запуск ПлагинИгровойСтатистики...  
[21:29:11.559] [8] [ Info] [Eco] Запуск МенеджерХранилища...  
[21:29:13.166] [7] [ Info] [Eco] Инициализация предметов...  
[21:29:13.241] [7] [ Info] [NidToolbox] Checking Settings.json 
[21:29:13.241] [7] [ Info] [NidToolbox] Config file: Mods\NidToolbox\Config\Settings.json exists. 
[21:29:13.247] [7] [ Info] [NidToolbox] Json file: Mods\NidToolbox\Config\Settings.json readable and correct. 
[21:29:13.247] [7] [ Info] [NidToolbox] Checking CommandPermissions.json 
[21:29:13.247] [7] [ Info] [NidToolbox] Config file: Mods\NidToolbox\Config\CommandPermissions.json exists. 
[21:29:13.247] [7] [ Info] [NidToolbox] Json file: Mods\NidToolbox\Config\CommandPermissions.json readable and correct. 
[21:29:13.247] [7] [ Info] [NidToolbox] Checking TimerMessages.json 
[21:29:13.264] [7] [ Info] [NidToolbox] Config file: Mods\NidToolbox\Config\TimerMessages.json exists. 
[21:29:13.264] [7] [ Info] [NidToolbox] Json file: Mods\NidToolbox\Config\TimerMessages.json readable and correct. 
[21:29:13.264] [7] [ Info] [NidToolbox] Checking ScheduledMessages.json 
[21:29:13.264] [7] [ Info] [NidToolbox] Config file: Mods\NidToolbox\Config\ScheduledMessages.json exists. 
[21:29:13.264] [7] [ Info] [NidToolbox] Json file: Mods\NidToolbox\Config\ScheduledMessages.json readable and correct. 
[21:29:13.264] [7] [ Info] [NidToolbox] No UserHomes directory, skipping user homes config checks. 
[21:29:14.255] [8] [ Info] [Eco] Запуск Плагин паузы...  
[21:29:16.404] [7] [ Info] [Eco] Инициализация навыков...  
[21:29:16.508] [8] [ Info] [Eco] Запуск БДСтатистики...  
[21:29:16.508] [6] [ Info] [Eco] Запуск ПлагинМира...  
[21:29:16.547] [6] [ Info] [Eco] Загружаем World...  
[21:29:19.702] [6] [ Info] [Eco] Инициализация мира...  
[21:29:21.157] [6] [ Info] [Eco] Запуск ПлагинВремени...  
[21:29:21.157] [6] [ Info] [Eco] Загружаем Time...  
[21:29:21.157] [6] [ Info] [Eco] Запуск ПлагинРепутации...  
[21:29:21.157] [6] [ Info] [Eco] Загружаем Reputation...  
[21:29:21.157] [6] [ Info] [Eco] Запуск МенеджерЖильяИгроков...  
[21:29:21.157] [6] [ Info] [Eco] Запуск МенеджерПользователей...  
[21:29:21.209] [6] [ Info] [Eco] Загружаем Users...  
[21:29:21.342] [6] [ Info] [Eco] Инициализация инвентарей...  
[21:29:21.391] [6] [ Info] [Eco] Запуск МенеджерОбъектовЭко...  
[21:29:21.391] [8] [ Info] [Eco] Запуск ПлагинМусора...  
[21:29:21.391] [31] [ Info] [Eco] Запуск МенеджерКонтроллера...  
[21:29:21.391] [11] [ Info] [Eco] Запуск VoiceManager...  
[21:29:21.391] [28] [ Info] [Eco] Запуск ПлагинУгроз...  
[21:29:21.391] [8] [ Info] [Eco] Загружаем Garbage...  
[21:29:21.391] [24] [ Info] [Eco] Запуск НастройкиСложности...  
[21:29:21.391] [10] [ Info] [Eco] Запуск СерверЧата...  
[21:29:21.403] [6] [ Info] [Eco] Запуск ПлагинЭкономики...  
[21:29:21.403] [28] [ Info] [Eco] Загружаем Disasters...  
[21:29:21.445] [6] [ Info] [Eco] Запуск Законодательство...  
[21:29:21.470] [6] [ Info] [Eco] Загружаем Laws...  
[21:29:21.586] [6] [ Info] [Eco] Запуск МенеджерСобственности...  
[21:29:21.586] [10] [ Info] [Eco] Загружаем Chat...  
[21:29:21.600] [6] [ Info] [Eco] Запуск МенеджерМиникарты...  
[21:29:21.600] [6] [ Info] [Eco] Запуск СимуляцияЭко...  
[21:29:21.664] [6] [ Info] [Eco] Загружаем Plants...  
[21:29:23.487] [6] [ Info] [Eco] Инициализация растений...  
[21:29:29.449] [6] [ Info] [Eco] Запуск RouteProbingPlugin...  
[21:29:29.451] [6] [ Info] [Eco] Загружаем RouteProbing...  
[21:29:32.889] [6] [ Info] [Eco] Запуск МенеджерСлоёвМира...  
[21:29:32.889] [6] [ Info] [Eco] Загружаем Layers...  
[21:29:33.444] [6] [ Info] [Eco] Инициализация слоёв мира...  
[21:29:36.866] [6] [ Info] [Eco] Запуск ТрекерЭкономики...  
[21:29:36.878] [6] [ Info] [Eco] Запуск UserTracker...  
[21:29:36.878] [6] [ Info] [Eco] Запуск МенеджерМировыхОбъектов...  
[21:29:36.991] [6] [ Info] [Eco] Загружаем WorldObjects...  
[21:29:37.011] [6] [ Info] [Eco] Запуск ПлагинКомнат...  
[21:29:37.022] [6] [ Info] [Eco] Запуск ПлагинЦелей...  
[21:29:37.022] [6] [ Info] [Eco] Загружаем Objectives...  
[21:29:37.038] [6] [ Info] [Eco] Запуск ПлагинСна...  
[21:29:37.038] [1] [ Info] [Eco] Запуск ПлагинВебСервера...  
[21:29:37.050] [1] [ Info] [Eco] Запуск OtherAliasCategory...  
[21:29:37.050] [5] [ Info] [Eco] Запуск ПлагинТестовИнтеграции...  
[21:29:37.050] [35] [ Info] [Eco] Запуск NidToolboxPlugin...  
[21:29:37.050] [11] [ Info] [Eco] Запуск Asphalt...  
[21:29:37.050] [32] [ Info] [Eco] Запуск ChatBase...  
[21:29:37.050] [17] [ Info] [Eco] Запуск NoPlayerCreditsPlugin...  
[21:29:37.078] [1] [ Info] [Eco] Инициализируем ПлагинПеревода...  
[21:29:37.078] [1] [ Info] [Eco] Инициализируем ПлагинНабораМодификаций...  
[21:29:37.363] [1] [ Info] [Eco] Инициализируем ПлагинГенератораМира...  
[21:29:37.363] [1] [ Info] [Eco] Инициализируем МенеджерПользователей...  
[21:29:37.405] [1] [ Info] [Eco] Инициализируем ПлагинМусора...  
[21:29:37.405] [1] [ Info] [Eco] Инициализируем ПлагинЭкономики...  
[21:29:37.446] [1] [ Info] [Eco] Инициализируем Законодательство...  
[21:29:37.952] [1] [ Info] [Eco] Инициализируем МенеджерСобственности...  
[21:29:37.967] [1] [ Info] [Eco] Инициализируем МенеджерМиникарты...  
[21:29:38.919] [1] [ Info] [Eco] Инициализируем UserTracker...  
[21:29:38.919] [1] [ Info] [Eco] Инициализируем МенеджерМировыхОбъектов...  
[21:29:39.009] [1] [ Info] [Eco] Инициализируем ПлагинКомнат...  
[21:29:39.009] [1] [ Info] [Eco] Инициализируем ПлагинСна...  
[21:29:39.013] [1] [ Info] [Eco] Инициализируем NidToolboxPlugin...  
[21:29:39.013] [1] [ Info] [NidToolbox] Checking declared file: Mods\NidToolbox\Texts\Motd.txt 
[21:29:39.013] [1] [ Info] [NidToolbox] Config file:  Mods\NidToolbox\Texts\Motd.txt exists. 
[21:29:39.013] [1] [ Info] [NidToolbox] Config file:  Mods\NidToolbox\Texts\Motd.txt readable. 
[21:29:39.013] [1] [ Info] [NidToolbox] Checking declared file: Mods\NidToolbox\Texts\Rules.txt 
[21:29:39.029] [1] [ Info] [NidToolbox] Config file:  Mods\NidToolbox\Texts\Rules.txt exists. 
[21:29:39.029] [1] [ Info] [NidToolbox] Config file:  Mods\NidToolbox\Texts\Rules.txt readable. 
[21:29:39.029] [1] [ Info] [NidToolbox] Checking declared file: Mods\NidToolbox\Texts\ServerChangelog.txt 
[21:29:39.029] [1] [ Info] [NidToolbox] Config file:  Mods\NidToolbox\Texts\ServerChangelog.txt exists. 
[21:29:39.029] [1] [ Info] [NidToolbox] Config file:  Mods\NidToolbox\Texts\ServerChangelog.txt readable. 
[21:29:39.149] [1] [ Info] [Eco] Инициализируем NoPlayerCreditsPlugin...  
[21:29:39.149] [1] [ Info] [Eco] Инициализируем ПлагинМира...  
[21:29:39.159] [1] [ Info] [Eco] Обработка...  
[21:29:39.208] [1] [ Info] [Eco] Сжатие...  
[21:29:42.162] [1] [ Info] [Eco] Инициализируем МенеджерСети...  
[21:29:42.376] [1] [ Info] [Eco] Инициализируем МенеджерСлоёвМира...  
[21:29:42.376] [1] [ Info] [Eco] Инициализируем ПлагинВебСервера...  
[21:29:43.230] [1] [ Info] [Eco] Инициализируем ПлагинТестовИнтеграции...  
[21:29:43.247] [1] [ Info] [NidToolbox] OK - Mono not detected, not a Linux environment 
[21:29:43.247] [1] [ Info] [NidToolbox] All commands in config up to date. 
[21:29:43.310] [1] [ Info] [NidToolbox] Running NidToolbox version 1.8.7 
[21:29:43.339] [1] [ Info] [Eco] Server Initialization завершена за 34 284,1мс
 
[21:30:10.370] [1] [ Info] [Eco] Сохранение...
 
[21:30:10.378] [1] [ Info] [Eco] Сохранение мира...  
[21:30:14.277] [1] [ Info] [Eco] Готово
 
[21:30:14.405] [1] [ Info] [Eco] Выключение завершено
 
