[19:32:48.215] [1] [ Info] [Eco] >>> START EcoServer, Version=1.0.0.0, Culture=neutral, PublicKeyToken=null 
[19:32:48.243] [1] [ Info] [Eco] Eco Server 0.8.3.3 beta
 
[19:32:48.327] [1] [ Info] [Eco] Server Initialization...  
[19:32:48.327] [1] [ Info] [Eco] Starting LocalizationPlugin...  
[19:32:48.721] [1] [ Info] [Eco] Запуск ПлагинНабораМодификаций...  
[19:32:48.721] [1] [ Info] [Eco] Загрузка модификаций...  
[19:32:49.013] [1] [ Info] [Eco] Компилирование модификаций...  
[19:32:50.522] [1] [ Info] [Eco] Загружаем 0Harmony...
 
[19:32:50.522] [1] [ Info] [Eco] Загружаем Asphalt-ModKit...
 
[19:32:50.646] [1] [ Info] [Eco] Загружаем DiscordLink_blue...
 
[19:32:50.692] [1] [ Info] [Eco] Загружаем Eco.IntegrationTests...
 
[19:32:50.692] [1] [ Info] [Eco] Загружаем em-base...
 
[19:32:50.692] [1] [ Info] [Eco] Загружаем NoPlayerCredits...
 
[19:32:50.692] [1] [ Info] [Eco] Загружаем em-greenenergy...
 
[19:32:50.692] [1] [ Info] [Eco] Загружаем em-realisticsmelting...
 
[19:32:50.692] [1] [ Info] [Eco] Загружаем em-shippingcontainers...
 
[19:32:50.692] [1] [ Info] [Eco] Загружаем em-tailingspack...
 
[19:32:50.692] [1] [ Info] [Eco] Загружаем em-arches...
 
[19:32:50.710] [1] [ Info] [Eco] Загружаем em-doors...
 
[19:32:50.710] [1] [ Info] [Eco] Загружаем em-dyes...
 
[19:32:50.710] [1] [ Info] [Eco] Загружаем em-homeobjects...
 
[19:32:50.710] [1] [ Info] [Eco] Загружаем em-transportation...
 
[19:32:50.723] [1] [ Info] [Eco] Загружаем em-windows...
 
[19:32:50.723] [1] [ Info] [Eco] Загружаем em-zymology...
 
[19:32:50.723] [1] [ Info] [Eco] Загружаем HPStorage...
 
[19:32:50.723] [1] [ Info] [Eco] Загружаем NidToolbox...
 
[19:32:50.743] [1] [ Info] [Eco] Загрузка модификаций завершена за 2 020,0мс
 
[19:32:50.743] [1] [ Info] [Eco] Запуск МенеджерСети...  
[19:32:50.756] [7] [ Info] [Eco] Инициализация типов симуляции...  
[19:32:50.813] [12] [ Info] [Eco] Запуск ПлагинГенератораМира...  
[19:32:50.813] [14] [ Info] [Eco] Запуск ПлагинИгровойСтатистики...  
[19:32:50.813] [15] [ Info] [Eco] Запуск ПлагинРезервногоКопирования...  
[19:32:50.828] [15] [ Info] [Eco] Запуск МенеджерХранилища...  
[19:32:52.352] [7] [ Info] [Eco] Инициализация предметов...  
[19:32:52.439] [7] [ Info] [NidToolbox] Checking Settings.json 
[19:32:52.441] [7] [ Info] [NidToolbox] Config file: Mods\NidToolbox\Config\Settings.json exists. 
[19:32:52.441] [7] [ Info] [NidToolbox] Json file: Mods\NidToolbox\Config\Settings.json readable and correct. 
[19:32:52.457] [7] [ Info] [NidToolbox] Checking CommandPermissions.json 
[19:32:52.478] [7] [ Info] [NidToolbox] Config file: Mods\NidToolbox\Config\CommandPermissions.json exists. 
[19:32:52.478] [7] [ Info] [NidToolbox] Json file: Mods\NidToolbox\Config\CommandPermissions.json readable and correct. 
[19:32:52.478] [7] [ Info] [NidToolbox] Checking TimerMessages.json 
[19:32:52.478] [7] [ Info] [NidToolbox] Config file: Mods\NidToolbox\Config\TimerMessages.json exists. 
[19:32:52.478] [7] [ Info] [NidToolbox] Json file: Mods\NidToolbox\Config\TimerMessages.json readable and correct. 
[19:32:52.488] [7] [ Info] [NidToolbox] Checking ScheduledMessages.json 
[19:32:52.488] [7] [ Info] [NidToolbox] Config file: Mods\NidToolbox\Config\ScheduledMessages.json exists. 
[19:32:52.503] [7] [ Info] [NidToolbox] Json file: Mods\NidToolbox\Config\ScheduledMessages.json readable and correct. 
[19:32:52.503] [7] [ Info] [NidToolbox] No UserHomes directory, skipping user homes config checks. 
[19:32:53.460] [15] [ Info] [Eco] Запуск Плагин паузы...  
[19:32:53.471] [15] [ Info] [Eco] Загружаем Pause...  
[19:32:55.775] [7] [ Info] [Eco] Инициализация навыков...  
[19:32:55.891] [15] [ Info] [Eco] Запуск БДСтатистики...  
[19:32:55.891] [6] [ Info] [Eco] Запуск ПлагинМира...  
[19:32:55.937] [6] [ Info] [Eco] Загружаем World...  
[19:32:59.166] [6] [ Info] [Eco] Инициализация мира...  
[19:32:59.984] [6] [ Info] [Eco] Запуск ПлагинВремени...  
[19:32:59.984] [6] [ Info] [Eco] Загружаем Time...  
[19:32:59.987] [6] [ Info] [Eco] Запуск ПлагинРепутации...  
[19:32:59.987] [6] [ Info] [Eco] Загружаем Reputation...  
[19:32:59.987] [6] [ Info] [Eco] Запуск МенеджерЖильяИгроков...  
[19:32:59.987] [6] [ Info] [Eco] Запуск МенеджерПользователей...  
[19:33:00.038] [6] [ Info] [Eco] Загружаем Users...  
[19:33:00.177] [6] [ Info] [Eco] Инициализация инвентарей...  
[19:33:00.216] [6] [ Info] [Eco] Запуск МенеджерОбъектовЭко...  
[19:33:00.226] [30] [ Info] [Eco] Запуск ПлагинМусора...  
[19:33:00.226] [18] [ Info] [Eco] Запуск НастройкиСложности...  
[19:33:00.226] [6] [ Info] [Eco] Запуск ПлагинЭкономики...  
[19:33:00.226] [30] [ Info] [Eco] Загружаем Garbage...  
[19:33:00.226] [5] [ Info] [Eco] Запуск ПлагинУгроз...  
[19:33:00.226] [15] [ Info] [Eco] Запуск МенеджерКонтроллера...  
[19:33:00.226] [8] [ Info] [Eco] Запуск СерверЧата...  
[19:33:00.226] [6] [ Info] [Eco] Загружаем Economy...  
[19:33:00.226] [16] [ Info] [Eco] Запуск VoiceManager...  
[19:33:00.400] [5] [ Info] [Eco] Загружаем Disasters...  
[19:33:00.400] [6] [ Info] [Eco] Запуск Законодательство...  
[19:33:00.400] [8] [ Info] [Eco] Загружаем Chat...  
[19:33:00.441] [6] [ Info] [Eco] Загружаем Laws...  
[19:33:00.527] [6] [ Info] [Eco] Запуск МенеджерСобственности...  
[19:33:00.527] [6] [ Info] [Eco] Загружаем Property...  
[19:33:00.591] [6] [ Info] [Eco] Запуск МенеджерМиникарты...  
[19:33:00.591] [6] [ Info] [Eco] Запуск СимуляцияЭко...  
[19:33:00.653] [6] [ Info] [Eco] Загружаем Plants...  
[19:33:02.950] [6] [ Info] [Eco] Инициализация растений...  
[19:33:12.975] [6] [ Info] [Eco] Запуск RouteProbingPlugin...  
[19:33:12.975] [6] [ Info] [Eco] Загружаем RouteProbing...  
[19:33:16.034] [6] [ Info] [Eco] Запуск МенеджерСлоёвМира...  
[19:33:16.034] [6] [ Info] [Eco] Загружаем Layers...  
[19:33:16.667] [6] [ Info] [Eco] Инициализация слоёв мира...  
[19:33:16.667] [6] [ Info] [Eco] Загружаем ClimateSim...  
[19:33:20.241] [6] [ Info] [Eco] Запуск ТрекерЭкономики...  
[19:33:20.253] [6] [ Info] [Eco] Запуск UserTracker...  
[19:33:20.253] [6] [ Info] [Eco] Запуск МенеджерМировыхОбъектов...  
[19:33:20.339] [6] [ Info] [Eco] Загружаем WorldObjects...  
[19:33:20.462] [6] [ Info] [Eco] Запуск ПлагинКомнат...  
[19:33:20.462] [6] [ Info] [Eco] Загружаем Rooms...  
[19:33:20.474] [6] [ Info] [Eco] Запуск ПлагинЦелей...  
[19:33:20.474] [6] [ Info] [Eco] Загружаем Objectives...  
[19:33:20.487] [6] [ Info] [Eco] Запуск ПлагинСна...  
[19:33:20.487] [6] [ Info] [Eco] Загружаем Sleep...  
[19:33:20.487] [1] [ Info] [Eco] Запуск ПлагинВебСервера...  
[19:33:20.506] [1] [ Info] [Eco] Запуск OtherAliasCategory...  
[19:33:20.506] [7] [ Info] [Eco] Запуск ПлагинТестовИнтеграции...  
[19:33:20.506] [29] [ Info] [Eco] Запуск Asphalt...  
[19:33:20.506] [27] [ Info] [Eco] Запуск NidToolboxPlugin...  
[19:33:20.506] [35] [ Info] [Eco] Запуск ChatBase...  
[19:33:20.506] [31] [ Info] [Eco] Запуск DiscordLink...  
[19:33:20.506] [34] [ Info] [Eco] Запуск NoPlayerCreditsPlugin...  
[19:33:20.600] [1] [ Info] [Eco] Инициализируем ПлагинПеревода...  
[19:33:20.600] [1] [ Info] [Eco] Инициализируем ПлагинНабораМодификаций...  
[19:33:20.877] [1] [ Info] [Eco] Инициализируем ПлагинГенератораМира...  
[19:33:20.880] [1] [ Info] [Eco] Инициализируем МенеджерПользователей...  
[19:33:20.920] [1] [ Info] [Eco] Инициализируем ПлагинМусора...  
[19:33:20.930] [1] [ Info] [Eco] Инициализируем ПлагинЭкономики...  
[19:33:20.948] [1] [ Info] [Eco] Инициализируем Законодательство...  
[19:33:22.599] [1] [ Info] [Eco] Инициализируем МенеджерСобственности...  
[19:33:22.627] [1] [ Info] [Eco] Инициализируем МенеджерМиникарты...  
[19:33:23.672] [1] [ Info] [Eco] Инициализируем UserTracker...  
[19:33:23.678] [1] [ Info] [Eco] Инициализируем МенеджерМировыхОбъектов...  
[19:33:23.903] [1] [ Info] [Eco] Инициализируем ПлагинКомнат...  
[19:33:24.020] [1] [ Info] [Eco] Инициализируем ПлагинСна...  
[19:33:24.020] [1] [ Info] [Eco] Инициализируем NidToolboxPlugin...  
[19:33:24.020] [1] [ Info] [NidToolbox] Checking declared file: Mods\NidToolbox\Texts\Motd.txt 
[19:33:24.020] [1] [ Info] [NidToolbox] Config file:  Mods\NidToolbox\Texts\Motd.txt exists. 
[19:33:24.034] [1] [ Info] [NidToolbox] Config file:  Mods\NidToolbox\Texts\Motd.txt readable. 
[19:33:24.034] [1] [ Info] [NidToolbox] Checking declared file: Mods\NidToolbox\Texts\Rules.txt 
[19:33:24.034] [1] [ Info] [NidToolbox] Config file:  Mods\NidToolbox\Texts\Rules.txt exists. 
[19:33:24.034] [1] [ Info] [NidToolbox] Config file:  Mods\NidToolbox\Texts\Rules.txt readable. 
[19:33:24.034] [1] [ Info] [NidToolbox] Checking declared file: Mods\NidToolbox\Texts\ServerChangelog.txt 
[19:33:24.034] [1] [ Info] [NidToolbox] Config file:  Mods\NidToolbox\Texts\ServerChangelog.txt exists. 
[19:33:24.034] [1] [ Info] [NidToolbox] Config file:  Mods\NidToolbox\Texts\ServerChangelog.txt readable. 
[19:33:24.150] [1] [ Info] [Eco] Инициализируем NoPlayerCreditsPlugin...  
[19:33:24.150] [1] [ Info] [Eco] Инициализируем DiscordLink...  
[19:33:24.199] [1] [ Info] [Eco] Инициализируем ПлагинМира...  
[19:33:24.199] [1] [ Info] [Eco] Обработка...  
[19:33:26.774] [1] [ Info] [Eco] Сжатие...  
[19:33:29.115] [138] [ Info] [Eco] DISCORDLINK: Connected to Discord.

 
[19:33:30.414] [1] [ Info] [Eco] Инициализируем МенеджерСети...  
[19:33:30.658] [1] [ Info] [Eco] Инициализируем МенеджерСлоёвМира...  
[19:33:30.660] [1] [ Info] [Eco] Инициализируем ПлагинВебСервера...  
[19:33:31.149] [139] [ Info] [Eco] DISCORDLINK: Connected and Ready
 
[19:33:31.381] [1] [ Info] [Eco] Инициализируем ПлагинТестовИнтеграции...  
[19:33:31.381] [1] [ Info] [NidToolbox] OK - Mono not detected, not a Linux environment 
[19:33:31.381] [1] [ Info] [NidToolbox] All commands in config up to date. 
[19:33:31.476] [1] [ Info] [NidToolbox] Running NidToolbox version 1.8.7 
[19:33:31.507] [1] [ Info] [Eco] Server Initialization завершена за 43 179,9мс
 
[19:36:28.370] [174] [ Info] [log] AmeriQ invoked admin command '/eat' 
[19:37:23.656] [174] [ Info] [log] AmeriQ invoked admin command '/fly' 
[19:42:17.692] [36] [ Info] [log] letmeplay invoked admin command '/eat' 
[19:42:57.551] [174] [ Info] [log] AmeriQ invoked admin command '/passlaws' 
[19:43:30.780] [35] [ Info] [log] Dark Avenger invoked admin command '/give ore washer' 
[19:43:39.078] [35] [ Info] [log] Dark Avenger invoked admin command '/give доменная печь' 
[19:43:51.794] [35] [ Info] [log] Dark Avenger invoked admin command '/give сыродутная печь' 
[19:44:19.297] [35] [ Info] [log] Dark Avenger invoked admin command '/give покарасочный стол' 
[19:45:12.090] [35] [ Info] [log] Dark Avenger invoked admin command '/give верстак' 
[19:45:29.024] [35] [ Info] [log] Dark Avenger invoked admin command '/fly' 
[19:46:19.052] [20] [ Info] [Eco] Пользователь с неверными данными пытался соединится: Dark Avenger
 
[19:46:21.895] [23] [ Info] [Eco] Пользователь с неверными данными пытался соединится: Dark Avenger
 
[19:47:43.242] [25] [ Info] [log] Dark Avenger invoked admin command '/give rehznybr' 
[19:47:49.477] [25] [ Info] [log] Dark Avenger invoked admin command '/give курятник' 
[19:54:25.529] [174] [ Info] [log] AmeriQ invoked admin command '/give Glassworking table' 
[19:55:32.539] [174] [ Info] [log] AmeriQ invoked admin command '/give dye table' 
[19:58:05.647] [139] [ Info] [log] Dark Avenger invoked admin command '/give верстак каменщиков' 
[19:58:14.662] [139] [ Info] [log] Dark Avenger invoked admin command '/give верстак каменщика' 
[19:58:29.731] [139] [ Info] [log] Dark Avenger invoked admin command '/give верстак портного' 
[19:58:36.766] [139] [ Info] [log] Dark Avenger invoked admin command '/give верстак партного' 
[19:58:55.500] [139] [ Info] [log] Dark Avenger invoked admin command '/give верстак портново' 
[19:59:00.466] [139] [ Info] [log] Dark Avenger invoked admin command '/give верстак портнова' 
[19:59:25.148] [139] [ Info] [log] Dark Avenger invoked admin command '/give верстак колёсника' 
[19:59:29.135] [139] [ Info] [log] Dark Avenger invoked admin command '/give верстак калёсника' 
[19:59:35.980] [139] [ Info] [log] Dark Avenger invoked admin command '/give верстак колесника' 
[20:00:04.809] [139] [ Info] [log] Dark Avenger invoked admin command '/give стол портного' 
[20:00:33.403] [139] [ Info] [log] Dark Avenger invoked admin command '/give шкаф рыбока' 
[20:00:44.417] [139] [ Info] [log] Dark Avenger invoked admin command '/give шкаф рыбака' 
[20:01:35.313] [139] [ Info] [log] Dark Avenger invoked admin command '/give мельница' 
[20:02:33.136] [32] [ Info] [Eco] Пользователь с неверными данными пытался соединится: Dark Avenger
 
[20:02:36.744] [11] [ Info] [Eco] Пользователь с неверными данными пытался соединится: Dark Avenger
 
[20:03:09.058] [28] [ Info] [log] Dark Avenger invoked admin command '/give печка для выпечки' 
[20:03:22.647] [28] [ Info] [log] Dark Avenger invoked admin command '/give печка для обжига' 
[20:03:32.196] [27] [ Info] [Eco] Удалена резервная копия - D:/EcoBackup/Storage\Backup\Game-2020-02-25-18.42.09
 
[20:03:32.214] [27] [ Info] [Eco] Удалена резервная копия - D:/EcoBackup/Storage\Backup\Game-2020-02-24-20.12.07
 
[20:03:42.478] [28] [ Info] [log] Dark Avenger invoked admin command '/give печь для обжига' 
[20:04:08.861] [28] [ Info] [log] Dark Avenger invoked admin command '/give печь для выпечки' 
[20:05:25.162] [28] [ Info] [log] Dark Avenger invoked admin command '/give костёр' 
[20:07:21.948] [30] [ Info] [log] Dark Avenger invoked admin command '/give разделочный стол' 
[20:07:47.462] [30] [ Info] [log] Dark Avenger invoked admin command '/fly' 
[20:12:30.213] [30] [ Info] [log] Dark Avenger invoked admin command '/fly' 
[20:12:46.251] [30] [ Info] [log] Dark Avenger invoked admin command '/fly' 
[20:16:05.511] [30] [ Info] [log] Dark Avenger invoked admin command '/fly' 
[20:48:38.367] [35] [ Info] [log] Dark Avenger invoked admin command '/eat' 
[20:49:24.820] [35] [ Info] [log] Dark Avenger invoked admin command '/dump' 
[20:49:37.652] [35] [ Info] [log] Dark Avenger invoked admin command '/givealltools 0' 
[21:03:32.022] [7] [ Info] [Eco] Удалена резервная копия - D:/EcoBackup/Storage\Backup\Game-2020-02-24-21.12.07
 
[21:04:52.674] [35] [ Info] [log] Dark Avenger invoked admin command '/fly' 
[21:04:56.598] [35] [ Info] [log] Dark Avenger invoked admin command '/fly' 
[21:33:31.892] [20] [ Info] [Eco] Удалена резервная копия - D:/EcoBackup/Storage\Backup\Game-2020-02-25-20.33.31
 
[22:03:32.047] [7] [ Info] [Eco] Удалена резервная копия - D:/EcoBackup/Storage\Backup\Game-2020-02-24-22.12.07
 
[22:33:25.741] [35] [ Info] [log] Dark Avenger invoked admin command '/fly' 
[22:33:32.065] [21] [ Info] [Eco] Удалена резервная копия - D:/EcoBackup/Storage\Backup\Game-2020-02-25-21.33.31
 
[22:40:46.659] [35] [ Info] [log] Dark Avenger invoked admin command '/fly' 
[22:42:30.432] [35] [ Info] [log] Dark Avenger invoked admin command '/fly' 
[23:03:31.837] [32] [ Info] [Eco] Удалена резервная копия - D:/EcoBackup/Storage\Backup\Game-2020-02-24-23.12.07
 
[23:33:26.704] [28] [ Info] [log] letmeplay invoked admin command '/fly' 
[23:33:31.640] [5] [ Info] [Eco] Удалена резервная копия - D:/EcoBackup/Storage\Backup\Game-2020-02-25-22.33.31
 
[00:03:31.635] [5] [ Info] [Eco] Удалена резервная копия - D:/EcoBackup/Storage\Backup\Game-2020-02-23-00.27.30
 
[00:33:31.664] [5] [ Info] [Eco] Удалена резервная копия - D:/EcoBackup/Storage\Backup\Game-2020-02-25-23.33.31
 
[01:03:31.654] [5] [ Info] [Eco] Удалена резервная копия - D:/EcoBackup/Storage\Backup\Game-2020-02-25-01.12.07
 
[01:33:31.665] [21] [ Info] [Eco] Удалена резервная копия - D:/EcoBackup/Storage\Backup\Game-2020-02-26-00.33.31
 
[02:03:32.041] [32] [ Info] [Eco] Удалена резервная копия - D:/EcoBackup/Storage\Backup\Game-2020-02-25-02.12.07
 
[02:33:32.008] [23] [ Info] [Eco] Удалена резервная копия - D:/EcoBackup/Storage\Backup\Game-2020-02-26-01.33.31
 
[03:03:32.040] [7] [ Info] [Eco] Удалена резервная копия - D:/EcoBackup/Storage\Backup\Game-2020-02-25-03.12.07
 
[03:33:32.033] [32] [ Info] [Eco] Удалена резервная копия - D:/EcoBackup/Storage\Backup\Game-2020-02-26-02.33.31
 
[04:03:32.037] [21] [ Info] [Eco] Удалена резервная копия - D:/EcoBackup/Storage\Backup\Game-2020-02-25-04.12.07
 
[04:31:11.731] [138] [ Info] [Eco] DISCORDLINK: Resumed connection
 
[04:33:32.054] [34] [ Info] [Eco] Удалена резервная копия - D:/EcoBackup/Storage\Backup\Game-2020-02-26-03.33.31
 
[05:03:31.917] [20] [ Info] [Eco] Удалена резервная копия - D:/EcoBackup/Storage\Backup\Game-2020-02-25-05.12.07
 
[05:33:32.031] [32] [ Info] [Eco] Удалена резервная копия - D:/EcoBackup/Storage\Backup\Game-2020-02-26-04.33.31
 
[06:03:32.060] [23] [ Info] [Eco] Удалена резервная копия - D:/EcoBackup/Storage\Backup\Game-2020-02-25-06.12.07
 
[06:33:32.076] [7] [ Info] [Eco] Удалена резервная копия - D:/EcoBackup/Storage\Backup\Game-2020-02-26-05.33.31
 
[07:03:32.062] [31] [ Info] [Eco] Удалена резервная копия - D:/EcoBackup/Storage\Backup\Game-2020-02-25-07.12.07
 
[07:33:32.079] [27] [ Info] [Eco] Удалена резервная копия - D:/EcoBackup/Storage\Backup\Game-2020-02-26-06.33.31
 
[08:03:32.091] [31] [ Info] [Eco] Удалена резервная копия - D:/EcoBackup/Storage\Backup\Game-2020-02-25-08.12.07
 
[08:33:32.101] [20] [ Info] [Eco] Удалена резервная копия - D:/EcoBackup/Storage\Backup\Game-2020-02-26-07.33.31
 
[09:03:32.120] [21] [ Info] [Eco] Удалена резервная копия - D:/EcoBackup/Storage\Backup\Game-2020-02-25-09.12.07
 
[09:33:32.111] [31] [ Info] [Eco] Удалена резервная копия - D:/EcoBackup/Storage\Backup\Game-2020-02-26-08.33.31
 
[10:03:31.748] [34] [ Info] [Eco] Удалена резервная копия - D:/EcoBackup/Storage\Backup\Game-2020-02-25-10.12.07
 
[10:33:31.777] [11] [ Info] [Eco] Удалена резервная копия - D:/EcoBackup/Storage\Backup\Game-2020-02-26-09.33.31
 
[11:03:31.783] [19] [ Info] [Eco] Удалена резервная копия - D:/EcoBackup/Storage\Backup\Game-2020-02-25-11.12.07
 
[11:33:32.139] [21] [ Info] [Eco] Удалена резервная копия - D:/EcoBackup/Storage\Backup\Game-2020-02-26-10.33.31
 
[12:03:32.136] [11] [ Info] [Eco] Удалена резервная копия - D:/EcoBackup/Storage\Backup\Game-2020-02-25-12.12.07
 
[12:33:32.152] [21] [ Info] [Eco] Удалена резервная копия - D:/EcoBackup/Storage\Backup\Game-2020-02-26-11.33.31
 
[13:03:32.165] [11] [ Info] [Eco] Удалена резервная копия - D:/EcoBackup/Storage\Backup\Game-2020-02-25-13.12.07
 
[13:33:32.165] [21] [ Info] [Eco] Удалена резервная копия - D:/EcoBackup/Storage\Backup\Game-2020-02-26-12.33.31
 
[14:03:31.811] [32] [ Info] [Eco] Удалена резервная копия - D:/EcoBackup/Storage\Backup\Game-2020-02-25-14.12.07
 
[14:33:31.809] [34] [ Info] [Eco] Удалена резервная копия - D:/EcoBackup/Storage\Backup\Game-2020-02-26-13.33.31
 
[15:03:31.805] [5] [ Info] [Eco] Удалена резервная копия - D:/EcoBackup/Storage\Backup\Game-2020-02-25-15.12.07
 
[15:33:32.069] [20] [ Info] [Eco] Удалена резервная копия - D:/EcoBackup/Storage\Backup\Game-2020-02-26-14.33.31
 
[15:47:48.359] [24] [ Info] [Eco] DISCORDLINK: Resumed connection
 
[16:03:32.189] [19] [ Info] [Eco] Удалена резервная копия - D:/EcoBackup/Storage\Backup\Game-2020-02-25-16.12.07
 
[16:33:32.220] [21] [ Info] [Eco] Удалена резервная копия - D:/EcoBackup/Storage\Backup\Game-2020-02-26-15.33.31
 
[17:03:32.196] [31] [ Info] [Eco] Удалена резервная копия - D:/EcoBackup/Storage\Backup\Game-2020-02-25-17.12.07
 
[17:33:32.224] [5] [ Info] [Eco] Удалена резервная копия - D:/EcoBackup/Storage\Backup\Game-2020-02-26-16.33.31
 
[18:03:31.880] [34] [ Info] [Eco] Удалена резервная копия - D:/EcoBackup/Storage\Backup\Game-2020-02-25-18.12.07
 
[18:33:31.881] [32] [ Info] [Eco] Удалена резервная копия - D:/EcoBackup/Storage\Backup\Game-2020-02-26-17.33.31
 
[19:03:31.881] [22] [ Info] [Eco] Удалена резервная копия - D:/EcoBackup/Storage\Backup\Game-2020-02-25-19.12.09
 
[19:33:32.123] [5] [ Info] [Eco] Удалена резервная копия - D:/EcoBackup/Storage\Backup\Game-2020-02-26-18.33.31
 
[20:03:32.257] [21] [ Info] [Eco] Удалена резервная копия - D:/EcoBackup/Storage\Backup\Game-2020-02-25-20.03.31
 
[20:13:28.657] [28] [ Info] [log] Dark Avenger invoked admin command '/give помидор' 
[20:13:35.540] [28] [ Info] [log] Dark Avenger invoked admin command '/fly' 
[20:13:41.265] [28] [ Info] [log] Dark Avenger invoked admin command '/eat' 
[20:16:34.158] [28] [ Info] [log] Dark Avenger invoked admin command '/fly' 
[20:33:32.276] [7] [ Info] [Eco] Удалена резервная копия - D:/EcoBackup/Storage\Backup\Game-2020-02-26-19.33.31
 
[20:38:05.547] [139] [ Info] [log] AmeriQ invoked admin command '/passlaws' 
[20:48:49.914] [28] [ Info] [log] Dark Avenger invoked admin command '/give бумага' 
[21:03:32.289] [21] [ Info] [Eco] Удалена резервная копия - D:/EcoBackup/Storage\Backup\Game-2020-02-25-21.03.31
 
[21:16:29.761] [28] [ Info] [Eco] DISCORDLINK: Resumed connection
 
[21:33:31.943] [20] [ Info] [Eco] Удалена резервная копия - D:/EcoBackup/Storage\Backup\Game-2020-02-26-20.33.31
 
[21:38:34.621] [25] [ Info] [Eco] DISCORDLINK: Resumed connection
 
[21:40:40.089] [139] [ Info] [log] AmeriQ invoked admin command '/passlaws' 
[21:47:12.094] [28] [ Info] [log] Dark Avenger invoked admin command '/fly' 
[21:47:14.578] [28] [ Info] [log] Dark Avenger invoked admin command '/fly' 
[21:55:07.274] [150] [ Info] [Eco] Не удалось сохранить: Процесс не может получить доступ к файлу, так как этот файл занят другим процессом. 
[21:56:10.396] [150] [ Info] [Eco] Не удалось сохранить: Процесс не может получить доступ к файлу, так как этот файл занят другим процессом. 
[22:00:44.442] [1] [ Info] [Eco] Сохранение...
 
[22:00:44.442] [1] [ Info] [Eco] Сохранение мира...  
[22:00:51.084] [1] [ Info] [Eco] Готово
 
[22:00:51.343] [1] [ Info] [Eco] Выключение завершено
 
