[14:13:07.938] [1] [ Info] [Eco] >>> START EcoServer, Version=1.0.0.0, Culture=neutral, PublicKeyToken=null 
[14:13:07.968] [1] [ Info] [Eco] Eco Server 0.8.3.2 beta
 
[14:13:08.043] [1] [ Info] [Eco] Server Initialization...  
[14:13:08.043] [1] [ Info] [Eco] Starting LocalizationPlugin...  
[14:13:08.436] [1] [ Info] [Eco] Запуск ПлагинНабораМодификаций...  
[14:13:08.437] [1] [ Info] [Eco] Загрузка модификаций...  
[14:13:08.535] [1] [ Info] [Eco] Компилирование модификаций...  
[14:13:10.063] [1] [ Info] [Eco] Загружаем 0Harmony...
 
[14:13:10.063] [1] [ Info] [Eco] Загружаем Asphalt-ModKit...
 
[14:13:10.193] [1] [ Info] [Eco] Загружаем Eco.IntegrationTests...
 
[14:13:10.193] [1] [ Info] [Eco] Загружаем DiscordLinkUnified...
 
[14:13:10.245] [1] [ Info] [Eco] Загружаем EcoStory...
 
[14:13:10.252] [1] [ Info] [Eco] Загрузка модификаций завершена за 1 814,8мс
 
[14:13:10.252] [1] [ Info] [Eco] Запуск МенеджерСети...  
[14:13:10.252] [6] [ Info] [Eco] Инициализация типов симуляции...  
[14:13:10.329] [16] [ Info] [Eco] Запуск ПлагинГенератораМира...  
[14:13:10.329] [11] [ Info] [Eco] Запуск ПлагинИгровойСтатистики...  
[14:13:10.329] [12] [ Info] [Eco] Запуск ПлагинРезервногоКопирования...  
[14:13:10.329] [12] [ Info] [Eco] Запуск МенеджерХранилища...  
[14:13:11.721] [6] [ Info] [Eco] Инициализация предметов...  
[14:13:11.797] [6] [ Info] [NidToolbox] Checking Settings.json 
[14:13:11.797] [6] [ Info] [NidToolbox] Config file: Mods\NidToolbox\Config\Settings.json exists. 
[14:13:11.797] [6] [ Info] [NidToolbox] Json file: Mods\NidToolbox\Config\Settings.json readable and correct. 
[14:13:11.797] [6] [ Info] [NidToolbox] Checking CommandPermissions.json 
[14:13:11.797] [6] [ Info] [NidToolbox] Config file: Mods\NidToolbox\Config\CommandPermissions.json exists. 
[14:13:11.797] [6] [ Info] [NidToolbox] Json file: Mods\NidToolbox\Config\CommandPermissions.json readable and correct. 
[14:13:11.797] [6] [ Info] [NidToolbox] Checking TimerMessages.json 
[14:13:11.812] [6] [ Info] [NidToolbox] Config file: Mods\NidToolbox\Config\TimerMessages.json exists. 
[14:13:11.812] [6] [ Info] [NidToolbox] Json file: Mods\NidToolbox\Config\TimerMessages.json readable and correct. 
[14:13:11.832] [6] [ Info] [NidToolbox] Checking ScheduledMessages.json 
[14:13:11.832] [6] [ Info] [NidToolbox] Config file: Mods\NidToolbox\Config\ScheduledMessages.json exists. 
[14:13:11.832] [6] [ Info] [NidToolbox] Json file: Mods\NidToolbox\Config\ScheduledMessages.json readable and correct. 
[14:13:11.832] [6] [ Info] [NidToolbox] No UserHomes directory, skipping user homes config checks. 
[14:13:12.609] [12] [ Info] [Eco] Запуск Плагин паузы...  
[14:13:12.609] [12] [ Info] [Eco] Загружаем Pause...  
[14:13:14.511] [6] [ Info] [Eco] Инициализация навыков...  
[14:13:14.608] [12] [ Info] [Eco] Запуск БДСтатистики...  
[14:13:14.609] [5] [ Info] [Eco] Запуск ПлагинМира...  
[14:13:14.653] [5] [ Info] [Eco] Загружаем World...  
[14:13:18.194] [5] [ Info] [Eco] Инициализация мира...  
[14:13:20.034] [5] [ Info] [Eco] Запуск ПлагинВремени...  
[14:13:20.034] [5] [ Info] [Eco] Загружаем Time...  
[14:13:20.034] [5] [ Info] [Eco] Запуск ПлагинРепутации...  
[14:13:20.034] [5] [ Info] [Eco] Загружаем Reputation...  
[14:13:20.104] [5] [ Info] [Eco] Запуск МенеджерЖильяИгроков...  
[14:13:20.104] [5] [ Info] [Eco] Запуск МенеджерПользователей...  
[14:13:20.165] [5] [ Info] [Eco] Загружаем Users...  
[14:13:20.518] [5] [ Info] [Eco] Инициализация инвентарей...  
[14:13:20.557] [5] [ Info] [Eco] Запуск МенеджерОбъектовЭко...  
[14:13:20.562] [5] [ Info] [Eco] Загружаем Objects...  
[14:13:20.790] [12] [ Info] [Eco] Запуск ПлагинМусора...  
[14:13:20.790] [33] [ Info] [Eco] Запуск VoiceManager...  
[14:13:20.790] [19] [ Info] [Eco] Запуск НастройкиСложности...  
[14:13:20.790] [5] [ Info] [Eco] Запуск ПлагинЭкономики...  
[14:13:20.790] [35] [ Info] [Eco] Запуск СерверЧата...  
[14:13:20.790] [12] [ Info] [Eco] Загружаем Garbage...  
[14:13:20.796] [11] [ Info] [Eco] Запуск ПлагинУгроз...  
[14:13:20.796] [10] [ Info] [Eco] Запуск МенеджерКонтроллера...  
[14:13:20.796] [5] [ Info] [Eco] Загружаем Economy...  
[14:13:21.291] [5] [ Info] [Eco] Запуск Законодательство...  
[14:13:21.291] [11] [ Info] [Eco] Загружаем Disasters...  
[14:13:21.291] [35] [ Info] [Eco] Загружаем Chat...  
[14:13:25.742] [5] [ Info] [Eco] Загружаем Laws...  
[14:13:25.851] [5] [ Info] [Eco] Запуск МенеджерСобственности...  
[14:13:25.851] [5] [ Info] [Eco] Загружаем Property...  
[14:13:25.977] [5] [ Info] [Eco] Запуск МенеджерМиникарты...  
[14:13:25.977] [5] [ Info] [Eco] Запуск СимуляцияЭко...  
[14:13:26.041] [5] [ Info] [Eco] Загружаем Plants...  
[14:13:27.448] [5] [ Info] [Eco] Инициализация растений...  
[14:13:33.088] [5] [ Info] [Eco] Запуск RouteProbingPlugin...  
[14:13:33.088] [5] [ Info] [Eco] Загружаем RouteProbing...  
[14:13:35.417] [5] [ Info] [Eco] Запуск МенеджерСлоёвМира...  
[14:13:35.417] [5] [ Info] [Eco] Загружаем Layers...  
[14:13:36.108] [5] [ Info] [Eco] Инициализация слоёв мира...  
[14:13:36.115] [5] [ Info] [Eco] Загружаем ClimateSim...  
[14:13:38.803] [5] [ Info] [Eco] Запуск ТрекерЭкономики...  
[14:13:38.803] [5] [ Info] [Eco] Запуск UserTracker...  
[14:13:38.803] [5] [ Info] [Eco] Запуск МенеджерМировыхОбъектов...  
[14:13:38.892] [5] [ Info] [Eco] Загружаем WorldObjects...  
[14:13:40.124] [5] [ Info] [Eco] Запуск ПлагинКомнат...  
[14:13:40.127] [5] [ Info] [Eco] Загружаем Rooms...  
[14:13:40.144] [5] [ Info] [Eco] Запуск ПлагинЦелей...  
[14:13:40.144] [5] [ Info] [Eco] Загружаем Objectives...  
[14:13:40.170] [5] [ Info] [Eco] Запуск ПлагинСна...  
[14:13:40.172] [5] [ Info] [Eco] Загружаем Sleep...  
[14:13:40.172] [1] [ Info] [Eco] Запуск ПлагинВебСервера...  
[14:13:40.188] [1] [ Info] [Eco] Запуск OtherAliasCategory...  
[14:13:40.188] [12] [ Info] [Eco] Запуск Asphalt...  
[14:13:40.188] [20] [ Info] [Eco] Запуск NidToolboxPlugin...  
[14:13:40.188] [11] [ Info] [Eco] Запуск ПлагинТестовИнтеграции...  
[14:13:40.188] [32] [ Info] [Eco] Запуск DiscordLink...  
[14:13:40.298] [1] [ Info] [Eco] Инициализируем ПлагинПеревода...  
[14:13:40.298] [1] [ Info] [Eco] Инициализируем ПлагинНабораМодификаций...  
[14:13:40.631] [1] [ Info] [Eco] Инициализируем ПлагинГенератораМира...  
[14:13:40.631] [1] [ Info] [Eco] Инициализируем МенеджерПользователей...  
[14:13:40.728] [1] [ Info] [Eco] Инициализируем ПлагинМусора...  
[14:13:40.737] [1] [ Info] [Eco] Инициализируем ПлагинЭкономики...  
[14:13:40.842] [1] [ Info] [Eco] Инициализируем Законодательство...  
[14:13:59.258] [1] [ Info] [Eco] Инициализируем МенеджерСобственности...  
[14:13:59.298] [1] [ Info] [Eco] Инициализируем МенеджерМиникарты...  
[14:14:00.269] [1] [ Info] [Eco] Инициализируем UserTracker...  
[14:14:00.281] [1] [ Info] [Eco] Инициализируем МенеджерМировыхОбъектов...  
[14:14:06.970] [1] [ Info] [Eco] Инициализируем ПлагинКомнат...  
[14:14:09.757] [1] [ Info] [Eco] Инициализируем ПлагинСна...  
[14:14:09.757] [1] [ Info] [Eco] Инициализируем NidToolboxPlugin...  
[14:14:09.766] [1] [ Info] [NidToolbox] Checking declared file: Mods\NidToolbox\Texts\Motd.txt 
[14:14:09.766] [1] [ Info] [NidToolbox] Config file:  Mods\NidToolbox\Texts\Motd.txt exists. 
[14:14:09.766] [1] [ Info] [NidToolbox] Config file:  Mods\NidToolbox\Texts\Motd.txt readable. 
[14:14:09.766] [1] [ Info] [NidToolbox] Checking declared file: Mods\NidToolbox\Texts\Rules.txt 
[14:14:09.766] [1] [ Info] [NidToolbox] Config file:  Mods\NidToolbox\Texts\Rules.txt exists. 
[14:14:09.766] [1] [ Info] [NidToolbox] Config file:  Mods\NidToolbox\Texts\Rules.txt readable. 
[14:14:09.766] [1] [ Info] [NidToolbox] Checking declared file: Mods\NidToolbox\Texts\ServerChangelog.txt 
[14:14:09.766] [1] [ Info] [NidToolbox] Config file:  Mods\NidToolbox\Texts\ServerChangelog.txt exists. 
[14:14:09.766] [1] [ Info] [NidToolbox] Config file:  Mods\NidToolbox\Texts\ServerChangelog.txt readable. 
[14:14:09.880] [1] [ Info] [Eco] Инициализируем DiscordLink...  
[14:14:09.915] [1] [ Info] [Eco] Инициализируем ПлагинМира...  
[14:14:09.915] [1] [ Info] [Eco] Обработка...  
[14:14:13.773] [138] [ Info] [Eco] DISCORDLINK: Connected to Discord.

 
[14:14:13.909] [1] [ Info] [Eco] Сжатие...  
[14:14:14.974] [139] [ Info] [Eco] DISCORDLINK: Connected and Ready
 
[14:14:18.226] [1] [ Info] [Eco] Инициализируем МенеджерСети...  
[14:14:18.497] [1] [ Info] [Eco] Инициализируем МенеджерСлоёвМира...  
[14:14:18.497] [1] [ Info] [Eco] Инициализируем ПлагинВебСервера...  
[14:14:19.210] [1] [ Info] [Eco] Инициализируем ПлагинТестовИнтеграции...  
[14:14:19.223] [1] [ Info] [NidToolbox] OK - Mono not detected, not a Linux environment 
[14:14:19.223] [1] [ Info] [NidToolbox] All commands in config up to date. 
[14:14:19.290] [1] [ Info] [NidToolbox] Running NidToolbox version 1.8.7 
[14:14:19.351] [1] [ Info] [Eco] Server Initialization завершена за 71 303,2мс
 
[14:18:13.158] [28] [ Info] [NidToolbox] letmeplay tried to run nid-ShowLog while this command is disabled. Command rejected. 
[14:18:19.314] [26] [ Info] [NidToolbox] Dark Avenger tried to run nid-ShowLog while this command is disabled. Command rejected. 
[14:19:17.151] [28] [ Info] [NidToolbox] letmeplay tried to run nid-SetServerChangelog while this command is disabled. Command rejected. 
[14:19:26.017] [21] [ Info] [NidToolbox] letmeplay tried to run nid-SetServerChangelog while this command is disabled. Command rejected. 
[14:19:40.690] [31] [ Info] [NidToolbox] Dark Avenger tried to run nid-ShowLog while this command is disabled. Command rejected. 
[14:27:50.728] [31] [ Info] [NidToolbox] Dark Avenger tried to run nid-ShowLog while this command is disabled. Command rejected. 
[14:28:32.907] [31] [ Info] [NidToolbox] Dark Avenger tried to run nid-SetServerChangelog while this command is disabled. Command rejected. 
[14:29:24.590] [33] [ Info] [NidToolbox] Dark Avenger tried to run nid-ShowLog while this command is disabled. Command rejected. 
[14:29:38.291] [19] [ Info] [NidToolbox] Dark Avenger tried to run nid-ShowLog while this command is disabled. Command rejected. 
[14:30:43.762] [26] [ Info] [NidToolbox] Dark Avenger tried to run nid-ShowLog while this command is disabled. Command rejected. 
[14:32:01.333] [21] [ Info] [Eco] Ошибка при проверке токена входа: Время ожидания операции истекло
 
[14:32:01.333] [21] [ Info] [Eco] Токен входа пользователя Dark Avenger изменён.  Возможно вошёл где то ещё?  Отключение...
 
[14:34:18.568] [15] [ Info] [NidToolbox] letmeplay tried to run nid-ShowLog while this command is disabled. Command rejected. 
[14:35:27.381] [1] [ Info] [Eco] Сохранение...
 
[14:35:27.381] [1] [ Info] [Eco] Сохранение мира...  
[14:35:29.490] [19] [ Info] [Eco] Пользователь с неверными данными пытался соединится: Dark Avenger
 
[14:35:33.958] [28] [ Info] [Eco] Пользователь с неверными данными пытался соединится: Dark Avenger
 
[14:35:37.405] [21] [ Info] [Eco] Пользователь с неверными данными пытался соединится: Dark Avenger
 
