[03:16:46.444] [1] [ Info] [Eco] >>> START EcoServer, Version=1.0.0.0, Culture=neutral, PublicKeyToken=null 
[03:16:46.473] [1] [ Info] [Eco] Eco Server 0.8.3.2 beta
 
[03:16:46.546] [1] [ Info] [Eco] Server Initialization...  
[03:16:46.546] [1] [ Info] [Eco] Starting LocalizationPlugin...  
[03:16:46.899] [1] [ Info] [Eco] Запуск ПлагинНабораМодификаций...  
[03:16:46.899] [1] [ Info] [Eco] Загрузка модификаций...  
[03:16:47.014] [1] [ Info] [Eco] Компилирование модификаций...  
[03:16:48.583] [1] [ Info] [Eco] Загружаем 0Harmony...
 
[03:16:48.583] [1] [ Info] [Eco] Загружаем Asphalt-ModKit...
 
[03:16:48.708] [1] [ Info] [Eco] Загружаем Eco.IntegrationTests...
 
[03:16:48.708] [1] [ Info] [Eco] Загружаем DiscordLinkUnified...
 
[03:16:48.760] [1] [ Info] [Eco] Загружаем EcoStory...
 
[03:16:48.765] [1] [ Info] [Eco] Загружаем HPStorage...
 
[03:16:48.765] [1] [ Info] [Eco] Загрузка модификаций завершена за 1 867,6мс
 
[03:16:48.765] [1] [ Info] [Eco] Запуск МенеджерСети...  
[03:16:48.765] [7] [ Info] [Eco] Инициализация типов симуляции...  
[03:16:48.841] [6] [ Info] [Eco] Запуск ПлагинГенератораМира...  
[03:16:48.841] [9] [ Info] [Eco] Запуск ПлагинРезервногоКопирования...  
[03:16:48.842] [13] [ Info] [Eco] Запуск ПлагинИгровойСтатистики...  
[03:16:48.842] [9] [ Info] [Eco] Запуск МенеджерХранилища...  
[03:16:50.248] [7] [ Info] [Eco] Инициализация предметов...  
[03:16:50.316] [7] [ Info] [NidToolbox] Checking Settings.json 
[03:16:50.316] [7] [ Info] [NidToolbox] Config file: Mods\NidToolbox\Config\Settings.json exists. 
[03:16:50.316] [7] [ Info] [NidToolbox] Json file: Mods\NidToolbox\Config\Settings.json readable and correct. 
[03:16:50.316] [7] [ Info] [NidToolbox] Checking CommandPermissions.json 
[03:16:50.316] [7] [ Info] [NidToolbox] Config file: Mods\NidToolbox\Config\CommandPermissions.json exists. 
[03:16:50.316] [7] [ Info] [NidToolbox] Json file: Mods\NidToolbox\Config\CommandPermissions.json readable and correct. 
[03:16:50.316] [7] [ Info] [NidToolbox] Checking TimerMessages.json 
[03:16:50.316] [7] [ Info] [NidToolbox] Config file: Mods\NidToolbox\Config\TimerMessages.json exists. 
[03:16:50.331] [7] [ Info] [NidToolbox] Json file: Mods\NidToolbox\Config\TimerMessages.json readable and correct. 
[03:16:50.331] [7] [ Info] [NidToolbox] Checking ScheduledMessages.json 
[03:16:50.354] [7] [ Info] [NidToolbox] Config file: Mods\NidToolbox\Config\ScheduledMessages.json exists. 
[03:16:50.354] [7] [ Info] [NidToolbox] Json file: Mods\NidToolbox\Config\ScheduledMessages.json readable and correct. 
[03:16:50.358] [7] [ Info] [NidToolbox] No UserHomes directory, skipping user homes config checks. 
[03:16:51.100] [9] [ Info] [Eco] Запуск Плагин паузы...  
[03:16:51.112] [9] [ Info] [Eco] Загружаем Pause...  
[03:16:53.015] [7] [ Info] [Eco] Инициализация навыков...  
[03:16:53.103] [9] [ Info] [Eco] Запуск БДСтатистики...  
[03:16:53.103] [10] [ Info] [Eco] Запуск ПлагинМира...  
[03:16:53.163] [10] [ Info] [Eco] Загружаем World...  
[03:16:56.524] [10] [ Info] [Eco] Инициализация мира...  
[03:16:58.253] [10] [ Info] [Eco] Запуск ПлагинВремени...  
[03:16:58.253] [10] [ Info] [Eco] Загружаем Time...  
[03:16:58.253] [10] [ Info] [Eco] Запуск ПлагинРепутации...  
[03:16:58.269] [10] [ Info] [Eco] Загружаем Reputation...  
[03:16:58.288] [10] [ Info] [Eco] Запуск МенеджерЖильяИгроков...  
[03:16:58.288] [10] [ Info] [Eco] Запуск МенеджерПользователей...  
[03:16:58.334] [10] [ Info] [Eco] Загружаем Users...  
[03:16:58.669] [10] [ Info] [Eco] Инициализация инвентарей...  
[03:16:58.714] [10] [ Info] [Eco] Запуск МенеджерОбъектовЭко...  
[03:16:58.720] [10] [ Info] [Eco] Загружаем Objects...  
[03:16:58.981] [29] [ Info] [Eco] Запуск ПлагинМусора...  
[03:16:58.981] [31] [ Info] [Eco] Запуск НастройкиСложности...  
[03:16:58.983] [10] [ Info] [Eco] Запуск ПлагинЭкономики...  
[03:16:58.983] [26] [ Info] [Eco] Запуск МенеджерКонтроллера...  
[03:16:58.983] [35] [ Info] [Eco] Запуск VoiceManager...  
[03:16:58.983] [28] [ Info] [Eco] Запуск СерверЧата...  
[03:16:58.983] [29] [ Info] [Eco] Загружаем Garbage...  
[03:16:58.983] [12] [ Info] [Eco] Запуск ПлагинУгроз...  
[03:16:58.983] [10] [ Info] [Eco] Загружаем Economy...  
[03:16:59.523] [10] [ Info] [Eco] Запуск Законодательство...  
[03:16:59.523] [12] [ Info] [Eco] Загружаем Disasters...  
[03:16:59.523] [28] [ Info] [Eco] Загружаем Chat...  
[03:17:04.638] [10] [ Info] [Eco] Загружаем Laws...  
[03:17:04.760] [10] [ Info] [Eco] Запуск МенеджерСобственности...  
[03:17:04.774] [10] [ Info] [Eco] Загружаем Property...  
[03:17:04.903] [10] [ Info] [Eco] Запуск МенеджерМиникарты...  
[03:17:04.908] [10] [ Info] [Eco] Запуск СимуляцияЭко...  
[03:17:04.973] [10] [ Info] [Eco] Загружаем Plants...  
[03:17:06.305] [10] [ Info] [Eco] Инициализация растений...  
[03:17:12.590] [10] [ Info] [Eco] Запуск RouteProbingPlugin...  
[03:17:12.596] [10] [ Info] [Eco] Загружаем RouteProbing...  
[03:17:15.004] [10] [ Info] [Eco] Запуск МенеджерСлоёвМира...  
[03:17:15.014] [10] [ Info] [Eco] Загружаем Layers...  
[03:17:15.707] [10] [ Info] [Eco] Инициализация слоёв мира...  
[03:17:15.707] [10] [ Info] [Eco] Загружаем ClimateSim...  
[03:17:18.510] [10] [ Info] [Eco] Запуск ТрекерЭкономики...  
[03:17:18.516] [10] [ Info] [Eco] Запуск UserTracker...  
[03:17:18.516] [10] [ Info] [Eco] Запуск МенеджерМировыхОбъектов...  
[03:17:18.605] [10] [ Info] [Eco] Загружаем WorldObjects...  
[03:17:19.534] [10] [ Info] [Eco] Запуск ПлагинКомнат...  
[03:17:19.534] [10] [ Info] [Eco] Загружаем Rooms...  
[03:17:19.551] [10] [ Info] [Eco] Запуск ПлагинЦелей...  
[03:17:19.551] [10] [ Info] [Eco] Загружаем Objectives...  
[03:17:19.581] [10] [ Info] [Eco] Запуск ПлагинСна...  
[03:17:19.581] [10] [ Info] [Eco] Загружаем Sleep...  
[03:17:19.581] [1] [ Info] [Eco] Запуск ПлагинВебСервера...  
[03:17:19.595] [1] [ Info] [Eco] Запуск OtherAliasCategory...  
[03:17:19.595] [17] [ Info] [Eco] Запуск Asphalt...  
[03:17:19.595] [19] [ Info] [Eco] Запуск NidToolboxPlugin...  
[03:17:19.595] [20] [ Info] [Eco] Запуск DiscordLink...  
[03:17:19.595] [12] [ Info] [Eco] Запуск ПлагинТестовИнтеграции...  
[03:17:19.743] [1] [ Info] [Eco] Инициализируем ПлагинПеревода...  
[03:17:19.743] [1] [ Info] [Eco] Инициализируем ПлагинНабораМодификаций...  
[03:17:19.963] [1] [ Info] [Eco] Инициализируем ПлагинГенератораМира...  
[03:17:19.963] [1] [ Info] [Eco] Инициализируем МенеджерПользователей...  
[03:17:20.065] [1] [ Info] [Eco] Инициализируем ПлагинМусора...  
[03:17:20.065] [1] [ Info] [Eco] Инициализируем ПлагинЭкономики...  
[03:17:20.195] [1] [ Info] [Eco] Инициализируем Законодательство...  
[03:17:39.771] [1] [ Info] [Eco] Инициализируем МенеджерСобственности...  
[03:17:39.806] [1] [ Info] [Eco] Инициализируем МенеджерМиникарты...  
[03:17:40.747] [1] [ Info] [Eco] Инициализируем UserTracker...  
[03:17:40.759] [1] [ Info] [Eco] Инициализируем МенеджерМировыхОбъектов...  
[03:17:47.837] [1] [ Info] [Eco] Инициализируем ПлагинКомнат...  
[03:17:51.347] [1] [ Info] [Eco] Инициализируем ПлагинСна...  
[03:17:51.347] [1] [ Info] [Eco] Инициализируем NidToolboxPlugin...  
[03:17:51.364] [1] [ Info] [NidToolbox] Checking declared file: Mods\NidToolbox\Texts\Motd.txt 
[03:17:51.364] [1] [ Info] [NidToolbox] Config file:  Mods\NidToolbox\Texts\Motd.txt exists. 
[03:17:51.364] [1] [ Info] [NidToolbox] Config file:  Mods\NidToolbox\Texts\Motd.txt readable. 
[03:17:51.364] [1] [ Info] [NidToolbox] Checking declared file: Mods\NidToolbox\Texts\Rules.txt 
[03:17:51.364] [1] [ Info] [NidToolbox] Config file:  Mods\NidToolbox\Texts\Rules.txt exists. 
[03:17:51.364] [1] [ Info] [NidToolbox] Config file:  Mods\NidToolbox\Texts\Rules.txt readable. 
[03:17:51.364] [1] [ Info] [NidToolbox] Checking declared file: Mods\NidToolbox\Texts\ServerChangelog.txt 
[03:17:51.364] [1] [ Info] [NidToolbox] Config file:  Mods\NidToolbox\Texts\ServerChangelog.txt exists. 
[03:17:51.374] [1] [ Info] [NidToolbox] Config file:  Mods\NidToolbox\Texts\ServerChangelog.txt readable. 
[03:17:51.481] [1] [ Info] [Eco] Инициализируем DiscordLink...  
[03:17:51.529] [1] [ Info] [Eco] Инициализируем ПлагинМира...  
[03:17:51.531] [1] [ Info] [Eco] Обработка...  
[03:17:51.795] [33] [ Info] [Eco] DISCORDLINK ERROR: Error connecting to discord: Authentication failed. Check your token and try again.

 
[03:17:54.334] [1] [ Info] [Eco] Сжатие...  
[03:17:58.425] [1] [ Info] [Eco] Инициализируем МенеджерСети...  
[03:17:58.684] [1] [ Info] [Eco] Инициализируем МенеджерСлоёвМира...  
[03:17:58.688] [1] [ Info] [Eco] Инициализируем ПлагинВебСервера...  
[03:17:59.420] [1] [ Info] [Eco] Инициализируем ПлагинТестовИнтеграции...  
[03:17:59.429] [1] [ Info] [NidToolbox] OK - Mono not detected, not a Linux environment 
[03:17:59.429] [1] [ Info] [NidToolbox] All commands in config up to date. 
[03:17:59.532] [1] [ Info] [NidToolbox] Running NidToolbox version 1.8.7 
[03:17:59.557] [1] [ Info] [Eco] Server Initialization завершена за 73 010,9мс
 
[03:18:02.983] [168] [ Info] [Eco] Ошибка при записи статистики в БД: InvalidCastException Не удалось привести тип объекта "LiteDB.EmptyPage" к типу "LiteDB.DataPage".
 
[03:18:05.563] [168] [ Info] [Eco] Ошибка при записи статистики в БД: InvalidCastException Не удалось привести тип объекта "LiteDB.EmptyPage" к типу "LiteDB.HeaderPage".
 
[03:18:19.574] [168] [ Info] [Eco] Ошибка при записи статистики в БД: InvalidCastException Не удалось привести тип объекта "LiteDB.EmptyPage" к типу "LiteDB.HeaderPage".
 
[03:18:19.574] [168] [ Info] [Eco] Ошибка при записи статистики в БД: InvalidCastException Не удалось привести тип объекта "LiteDB.EmptyPage" к типу "LiteDB.HeaderPage".
 
[03:18:19.574] [168] [ Info] [Eco] Ошибка при записи статистики в БД: InvalidCastException Не удалось привести тип объекта "LiteDB.EmptyPage" к типу "LiteDB.HeaderPage".
 
[03:18:23.908] [155] [ Info] [Eco] DISCORDLINK: Discord Token changed, reinitialising client.

 
[03:18:24.706] [155] [ Info] [Eco] DISCORDLINK: Connected to Discord.

 
[03:18:25.490] [172] [ Info] [Eco] DISCORDLINK: Connected and Ready
 
[03:18:32.791] [1] [ Info] [Eco] Сохранение...
 
[03:18:32.799] [1] [ Info] [Eco] Сохранение мира...  
