[08:49:52.301] [1] [ Info] [Eco] >>> START EcoServer, Version=1.0.0.0, Culture=neutral, PublicKeyToken=null 
[08:49:52.328] [1] [ Info] [Eco] Eco Server 0.8.3.3 beta
 
[08:49:52.400] [1] [ Info] [Eco] Server Initialization...  
[08:49:52.400] [1] [ Info] [Eco] Starting LocalizationPlugin...  
[08:49:52.770] [1] [ Info] [Eco] Запуск ПлагинНабораМодификаций...  
[08:49:52.770] [1] [ Info] [Eco] Загрузка модификаций...  
[08:49:52.883] [1] [ Info] [Eco] Компилирование модификаций...  
[08:49:54.261] [1] [ Info] [Eco] Загружаем 0Harmony...
 
[08:49:54.265] [1] [ Info] [Eco] Загружаем Asphalt-ModKit...
 
[08:49:54.383] [1] [ Info] [Eco] Загружаем DiscordLink_blue...
 
[08:49:54.428] [1] [ Info] [Eco] Загружаем Eco.IntegrationTests...
 
[08:49:54.428] [1] [ Info] [Eco] Загружаем NoPlayerCredits...
 
[08:49:54.428] [1] [ Info] [Eco] Загружаем em-realisticsmelting...
 
[08:49:54.428] [1] [ Info] [Eco] Загружаем HPStorage...
 
[08:49:54.428] [1] [ Info] [Eco] Загружаем NidToolbox...
 
[08:49:54.443] [1] [ Info] [Eco] Загрузка модификаций завершена за 1 669,8мс
 
[08:49:54.443] [1] [ Info] [Eco] Запуск МенеджерСети...  
[08:49:54.443] [6] [ Info] [Eco] Инициализация типов симуляции...  
[08:49:54.517] [8] [ Info] [Eco] Запуск ПлагинГенератораМира...  
[08:49:54.517] [16] [ Info] [Eco] Запуск ПлагинРезервногоКопирования...  
[08:49:54.517] [11] [ Info] [Eco] Запуск ПлагинИгровойСтатистики...  
[08:49:54.517] [16] [ Info] [Eco] Запуск МенеджерХранилища...  
[08:49:55.851] [6] [ Info] [Eco] Инициализация предметов...  
[08:49:55.937] [6] [ Info] [NidToolbox] Checking Settings.json 
[08:49:55.937] [6] [ Info] [NidToolbox] Config file: Mods\NidToolbox\Config\Settings.json exists. 
[08:49:55.937] [6] [ Info] [NidToolbox] Json file: Mods\NidToolbox\Config\Settings.json readable and correct. 
[08:49:55.937] [6] [ Info] [NidToolbox] Checking CommandPermissions.json 
[08:49:55.937] [6] [ Info] [NidToolbox] Config file: Mods\NidToolbox\Config\CommandPermissions.json exists. 
[08:49:55.954] [6] [ Info] [NidToolbox] Json file: Mods\NidToolbox\Config\CommandPermissions.json readable and correct. 
[08:49:55.954] [6] [ Info] [NidToolbox] Checking TimerMessages.json 
[08:49:55.969] [6] [ Info] [NidToolbox] Config file: Mods\NidToolbox\Config\TimerMessages.json exists. 
[08:49:55.998] [6] [ Info] [NidToolbox] Json file: Mods\NidToolbox\Config\TimerMessages.json readable and correct. 
[08:49:56.037] [6] [ Info] [NidToolbox] Checking ScheduledMessages.json 
[08:49:56.082] [6] [ Info] [NidToolbox] Config file: Mods\NidToolbox\Config\ScheduledMessages.json exists. 
[08:49:56.082] [6] [ Info] [NidToolbox] Json file: Mods\NidToolbox\Config\ScheduledMessages.json readable and correct. 
[08:49:56.082] [6] [ Info] [NidToolbox] No UserHomes directory, skipping user homes config checks. 
[08:49:57.782] [16] [ Info] [Eco] Запуск Плагин паузы...  
[08:49:57.782] [16] [ Info] [Eco] Загружаем Pause...  
[08:49:58.447] [6] [ Info] [Eco] Инициализация навыков...  
[08:49:58.523] [16] [ Info] [Eco] Запуск БДСтатистики...  
[08:49:58.523] [13] [ Info] [Eco] Запуск ПлагинМира...  
[08:49:58.569] [13] [ Info] [Eco] Загружаем World...  
[08:50:04.132] [13] [ Info] [Eco] Конвертация мира в новый формат...  
[08:50:31.296] [13] [ Info] [Eco] Инициализация мира...  
[08:50:31.558] [13] [ Info] [Eco] Запуск ПлагинВремени...  
[08:50:31.558] [13] [ Info] [Eco] Загружаем Time...  
[08:50:31.562] [13] [ Info] [Eco] Запуск ПлагинРепутации...  
[08:50:31.562] [13] [ Info] [Eco] Загружаем Reputation...  
[08:50:31.562] [13] [ Info] [Eco] Запуск МенеджерЖильяИгроков...  
[08:50:31.562] [13] [ Info] [Eco] Запуск МенеджерПользователей...  
[08:50:31.610] [13] [ Info] [Eco] Загружаем Users...  
[08:50:31.764] [13] [ Info] [Eco] Инициализация инвентарей...  
[08:50:31.789] [13] [ Info] [Eco] Запуск МенеджерОбъектовЭко...  
[08:50:31.789] [16] [ Info] [Eco] Запуск ПлагинМусора...  
[08:50:31.789] [30] [ Info] [Eco] Запуск ПлагинУгроз...  
[08:50:31.789] [24] [ Info] [Eco] Запуск VoiceManager...  
[08:50:31.796] [7] [ Info] [Eco] Запуск НастройкиСложности...  
[08:50:31.796] [5] [ Info] [Eco] Запуск МенеджерКонтроллера...  
[08:50:31.796] [23] [ Info] [Eco] Запуск СерверЧата...  
[08:50:31.796] [16] [ Info] [Eco] Загружаем Garbage...  
[08:50:31.796] [13] [ Info] [Eco] Запуск ПлагинЭкономики...  
[08:50:31.824] [30] [ Info] [Eco] Загружаем Disasters...  
[08:50:31.824] [13] [ Info] [Eco] Загружаем Economy...  
[08:50:31.993] [23] [ Info] [Eco] Загружаем Chat...  
[08:50:31.993] [13] [ Info] [Eco] Запуск Законодательство...  
[08:50:32.018] [13] [ Info] [Eco] Загружаем Laws...  
[08:50:32.098] [13] [ Info] [Eco] Запуск МенеджерСобственности...  
[08:50:32.098] [13] [ Info] [Eco] Загружаем Property...  
[08:50:32.160] [13] [ Info] [Eco] Запуск МенеджерМиникарты...  
[08:50:32.160] [13] [ Info] [Eco] Запуск СимуляцияЭко...  
[08:50:32.220] [13] [ Info] [Eco] Загружаем Plants...  
[08:50:34.817] [13] [ Info] [Eco] Инициализация растений...  
[08:50:43.067] [13] [ Info] [Eco] Запуск RouteProbingPlugin...  
[08:50:43.067] [13] [ Info] [Eco] Загружаем RouteProbing...  
[08:50:47.067] [13] [ Info] [Eco] Запуск МенеджерСлоёвМира...  
[08:50:47.067] [13] [ Info] [Eco] Загружаем Layers...  
[08:50:47.750] [13] [ Info] [Eco] Инициализация слоёв мира...  
[08:50:47.750] [13] [ Info] [Eco] Загружаем ClimateSim...  
[08:50:51.543] [13] [ Info] [Eco] Запуск ТрекерЭкономики...  
[08:50:51.548] [13] [ Info] [Eco] Запуск UserTracker...  
[08:50:51.548] [13] [ Info] [Eco] Запуск МенеджерМировыхОбъектов...  
[08:50:51.618] [13] [ Info] [Eco] Загружаем WorldObjects...  
[08:50:51.744] [13] [ Info] [Eco] Запуск ПлагинКомнат...  
[08:50:51.744] [13] [ Info] [Eco] Загружаем Rooms...  
[08:50:51.757] [13] [ Info] [Eco] Запуск ПлагинЦелей...  
[08:50:51.757] [13] [ Info] [Eco] Загружаем Objectives...  
[08:50:51.768] [13] [ Info] [Eco] Запуск ПлагинСна...  
[08:50:51.768] [13] [ Info] [Eco] Загружаем Sleep...  
[08:50:51.768] [1] [ Info] [Eco] Запуск ПлагинВебСервера...  
[08:50:51.780] [1] [ Info] [Eco] Запуск OtherAliasCategory...  
[08:50:51.780] [17] [ Info] [Eco] Запуск Asphalt...  
[08:50:51.780] [19] [ Info] [Eco] Запуск DiscordLink...  
[08:50:51.780] [25] [ Info] [Eco] Запуск NidToolboxPlugin...  
[08:50:51.780] [11] [ Info] [Eco] Запуск ПлагинТестовИнтеграции...  
[08:50:51.780] [30] [ Info] [Eco] Запуск NoPlayerCreditsPlugin...  
[08:50:51.888] [1] [ Info] [Eco] Инициализируем ПлагинПеревода...  
[08:50:51.895] [1] [ Info] [Eco] Инициализируем ПлагинНабораМодификаций...  
[08:50:52.131] [1] [ Info] [Eco] Инициализируем ПлагинГенератораМира...  
[08:50:52.131] [1] [ Info] [Eco] Инициализируем МенеджерПользователей...  
[08:50:52.172] [1] [ Info] [Eco] Инициализируем ПлагинМусора...  
[08:50:52.172] [1] [ Info] [Eco] Инициализируем ПлагинЭкономики...  
[08:50:52.190] [1] [ Info] [Eco] Инициализируем Законодательство...  
[08:50:52.838] [1] [ Info] [Eco] Инициализируем МенеджерСобственности...  
[08:50:52.848] [1] [ Info] [Eco] Инициализируем МенеджерМиникарты...  
[08:50:53.857] [1] [ Info] [Eco] Инициализируем UserTracker...  
[08:50:53.863] [1] [ Info] [Eco] Инициализируем МенеджерМировыхОбъектов...  
[08:50:54.076] [1] [ Info] [Eco] Инициализируем ПлагинКомнат...  
[08:50:54.190] [1] [ Info] [Eco] Инициализируем ПлагинСна...  
[08:50:54.190] [1] [ Info] [Eco] Инициализируем NidToolboxPlugin...  
[08:50:54.190] [1] [ Info] [NidToolbox] Checking declared file: Mods\NidToolbox\Texts\Motd.txt 
[08:50:54.202] [1] [ Info] [NidToolbox] Config file:  Mods\NidToolbox\Texts\Motd.txt exists. 
[08:50:54.202] [1] [ Info] [NidToolbox] Config file:  Mods\NidToolbox\Texts\Motd.txt readable. 
[08:50:54.202] [1] [ Info] [NidToolbox] Checking declared file: Mods\NidToolbox\Texts\Rules.txt 
[08:50:54.202] [1] [ Info] [NidToolbox] Config file:  Mods\NidToolbox\Texts\Rules.txt exists. 
[08:50:54.202] [1] [ Info] [NidToolbox] Config file:  Mods\NidToolbox\Texts\Rules.txt readable. 
[08:50:54.202] [1] [ Info] [NidToolbox] Checking declared file: Mods\NidToolbox\Texts\ServerChangelog.txt 
[08:50:54.202] [1] [ Info] [NidToolbox] Config file:  Mods\NidToolbox\Texts\ServerChangelog.txt exists. 
[08:50:54.202] [1] [ Info] [NidToolbox] Config file:  Mods\NidToolbox\Texts\ServerChangelog.txt readable. 
[08:50:54.298] [1] [ Info] [Eco] Инициализируем NoPlayerCreditsPlugin...  
[08:50:54.298] [1] [ Info] [Eco] Инициализируем DiscordLink...  
[08:50:54.333] [1] [ Info] [Eco] Инициализируем ПлагинМира...  
[08:50:54.333] [1] [ Info] [Eco] Обработка...  
[08:50:58.212] [133] [ Info] [Eco] DISCORDLINK: Connected to Discord.

 
[08:50:58.413] [1] [ Info] [Eco] Сжатие...  
[08:50:59.444] [134] [ Info] [Eco] DISCORDLINK: Connected and Ready
 
[08:51:09.819] [1] [ Info] [Eco] Сохранение мира...  
[08:51:14.149] [1] [ Info] [Eco] Инициализируем МенеджерСети...  
[08:51:14.361] [1] [ Info] [Eco] Инициализируем МенеджерСлоёвМира...  
[08:51:14.361] [1] [ Info] [Eco] Инициализируем ПлагинВебСервера...  
[08:51:15.032] [1] [ Info] [Eco] Инициализируем ПлагинТестовИнтеграции...  
[08:51:15.032] [1] [ Info] [NidToolbox] OK - Mono not detected, not a Linux environment 
[08:51:15.032] [1] [ Info] [NidToolbox] All commands in config up to date. 
[08:51:15.103] [1] [ Info] [NidToolbox] Running NidToolbox version 1.8.7 
[08:51:15.158] [1] [ Info] [Eco] Server Initialization завершена за 82 756,8мс
 
[08:51:40.335] [1] [ Info] [Eco] Сохранение...
 
[08:51:40.335] [1] [ Info] [Eco] Сохранение мира...  
[08:51:44.371] [1] [ Info] [Eco] Готово
 
[08:51:44.513] [1] [ Info] [Eco] Выключение завершено
 
