[05:00:12.336] [1] [ Info] [Eco] >>> START EcoServer, Version=1.0.0.0, Culture=neutral, PublicKeyToken=null 
[05:00:12.365] [1] [ Info] [Eco] Eco Server 0.8.3.2 beta
 
[05:00:12.439] [1] [ Info] [Eco] Server Initialization...  
[05:00:12.439] [1] [ Info] [Eco] Starting LocalizationPlugin...  
[05:00:12.789] [1] [ Info] [Eco] Запуск ПлагинНабораМодификаций...  
[05:00:12.789] [1] [ Info] [Eco] Загрузка модификаций...  
[05:00:12.885] [1] [ Info] [Eco] Компилирование модификаций...  
[05:00:14.374] [1] [ Info] [Eco] Загружаем 0Harmony...
 
[05:00:14.374] [1] [ Info] [Eco] Загружаем Asphalt-ModKit...
 
[05:00:14.500] [1] [ Info] [Eco] Загружаем Eco.IntegrationTests...
 
[05:00:14.500] [1] [ Info] [Eco] Загружаем DiscordLinkUnified...
 
[05:00:14.554] [1] [ Info] [Eco] Загрузка модификаций завершена за 1 762,8мс
 
[05:00:14.554] [1] [ Info] [Eco] Запуск МенеджерСети...  
[05:00:14.562] [7] [ Info] [Eco] Инициализация типов симуляции...  
[05:00:14.625] [14] [ Info] [Eco] Запуск ПлагинГенератораМира...  
[05:00:14.625] [9] [ Info] [Eco] Запуск ПлагинРезервногоКопирования...  
[05:00:14.625] [11] [ Info] [Eco] Запуск ПлагинИгровойСтатистики...  
[05:00:14.625] [9] [ Info] [Eco] Запуск МенеджерХранилища...  
[05:00:15.951] [7] [ Info] [Eco] Инициализация предметов...  
[05:00:16.845] [9] [ Info] [Eco] Запуск Плагин паузы...  
[05:00:18.682] [7] [ Info] [Eco] Инициализация навыков...  
[05:00:18.773] [9] [ Info] [Eco] Запуск БДСтатистики...  
[05:00:18.773] [5] [ Info] [Eco] Запуск ПлагинМира...  
[05:00:18.825] [5] [ Info] [Eco] Загружаем World...  
[05:00:22.173] [5] [ Info] [Eco] Инициализация мира...  
[05:00:23.887] [5] [ Info] [Eco] Запуск ПлагинВремени...  
[05:00:23.889] [5] [ Info] [Eco] Загружаем Time...  
[05:00:23.889] [5] [ Info] [Eco] Запуск ПлагинРепутации...  
[05:00:23.889] [5] [ Info] [Eco] Загружаем Reputation...  
[05:00:23.909] [5] [ Info] [Eco] Запуск МенеджерЖильяИгроков...  
[05:00:23.909] [5] [ Info] [Eco] Запуск МенеджерПользователей...  
[05:00:23.961] [5] [ Info] [Eco] Загружаем Users...  
[05:00:24.283] [5] [ Info] [Eco] Инициализация инвентарей...  
[05:00:24.329] [5] [ Info] [Eco] Запуск МенеджерОбъектовЭко...  
[05:00:24.329] [5] [ Info] [Eco] Загружаем Objects...  
[05:00:24.578] [22] [ Info] [Eco] Запуск ПлагинМусора...  
[05:00:24.578] [12] [ Info] [Eco] Запуск ПлагинУгроз...  
[05:00:24.578] [17] [ Info] [Eco] Запуск VoiceManager...  
[05:00:24.578] [6] [ Info] [Eco] Запуск НастройкиСложности...  
[05:00:24.578] [5] [ Info] [Eco] Запуск ПлагинЭкономики...  
[05:00:24.578] [28] [ Info] [Eco] Запуск МенеджерКонтроллера...  
[05:00:24.578] [22] [ Info] [Eco] Загружаем Garbage...  
[05:00:24.578] [35] [ Info] [Eco] Запуск СерверЧата...  
[05:00:24.595] [5] [ Info] [Eco] Загружаем Economy...  
[05:00:24.889] [5] [ Info] [Eco] Запуск Законодательство...  
[05:00:24.889] [12] [ Info] [Eco] Загружаем Disasters...  
[05:00:24.889] [35] [ Info] [Eco] Загружаем Chat...  
[05:00:26.526] [5] [ Info] [Eco] Загружаем Laws...  
[05:00:26.611] [5] [ Info] [Eco] Запуск МенеджерСобственности...  
[05:00:26.611] [5] [ Info] [Eco] Загружаем Property...  
[05:00:26.709] [5] [ Info] [Eco] Запуск МенеджерМиникарты...  
[05:00:26.709] [5] [ Info] [Eco] Запуск СимуляцияЭко...  
[05:00:26.775] [5] [ Info] [Eco] Загружаем Plants...  
[05:00:27.996] [5] [ Info] [Eco] Инициализация растений...  
[05:00:34.219] [5] [ Info] [Eco] Запуск RouteProbingPlugin...  
[05:00:34.219] [5] [ Info] [Eco] Загружаем RouteProbing...  
[05:00:36.308] [5] [ Info] [Eco] Запуск МенеджерСлоёвМира...  
[05:00:36.311] [5] [ Info] [Eco] Загружаем Layers...  
[05:00:36.961] [5] [ Info] [Eco] Инициализация слоёв мира...  
[05:00:36.968] [5] [ Info] [Eco] Загружаем ClimateSim...  
[05:00:40.391] [5] [ Info] [Eco] Запуск ТрекерЭкономики...  
[05:00:40.391] [5] [ Info] [Eco] Запуск UserTracker...  
[05:00:40.407] [5] [ Info] [Eco] Запуск МенеджерМировыхОбъектов...  
[05:00:40.486] [5] [ Info] [Eco] Загружаем WorldObjects...  
[05:00:41.139] [5] [ Info] [Eco] Запуск ПлагинКомнат...  
[05:00:41.139] [5] [ Info] [Eco] Загружаем Rooms...  
[05:00:41.139] [5] [ Info] [Eco] Запуск ПлагинЦелей...  
[05:00:41.155] [5] [ Info] [Eco] Загружаем Objectives...  
[05:00:41.172] [5] [ Info] [Eco] Запуск ПлагинСна...  
[05:00:41.172] [1] [ Info] [Eco] Запуск ПлагинВебСервера...  
[05:00:41.172] [1] [ Info] [Eco] Запуск OtherAliasCategory...  
[05:00:41.172] [24] [ Info] [Eco] Запуск DiscordLink...  
[05:00:41.172] [12] [ Info] [Eco] Запуск Asphalt...  
[05:00:41.186] [25] [ Info] [Eco] Запуск ПлагинТестовИнтеграции...  
[05:00:41.290] [1] [ Info] [Eco] Инициализируем ПлагинПеревода...  
[05:00:41.290] [1] [ Info] [Eco] Инициализируем ПлагинНабораМодификаций...  
[05:00:41.496] [1] [ Info] [Eco] Инициализируем ПлагинГенератораМира...  
[05:00:41.496] [1] [ Info] [Eco] Инициализируем МенеджерПользователей...  
[05:00:41.584] [1] [ Info] [Eco] Инициализируем ПлагинМусора...  
[05:00:41.616] [1] [ Info] [Eco] Инициализируем ПлагинЭкономики...  
[05:00:41.709] [1] [ Info] [Eco] Инициализируем Законодательство...  
[05:00:43.645] [1] [ Info] [Eco] Инициализируем МенеджерСобственности...  
[05:00:43.701] [1] [ Info] [Eco] Инициализируем МенеджерМиникарты...  
[05:00:44.642] [1] [ Info] [Eco] Инициализируем UserTracker...  
[05:00:44.642] [1] [ Info] [Eco] Инициализируем МенеджерМировыхОбъектов...  
[05:00:47.235] [1] [ Info] [Eco] Инициализируем ПлагинКомнат...  
[05:00:48.372] [1] [ Info] [Eco] Инициализируем ПлагинСна...  
[05:00:48.373] [1] [ Info] [Eco] Инициализируем DiscordLink...  
[05:00:48.411] [1] [ Info] [Eco] Инициализируем ПлагинМира...  
[05:00:48.411] [1] [ Info] [Eco] Обработка...  
[05:00:51.349] [1] [ Info] [Eco] Сжатие...  
[05:00:51.537] [138] [ Info] [Eco] DISCORDLINK: Connected to Discord.

 
[05:00:52.977] [138] [ Info] [Eco] DISCORDLINK: Connected and Ready
 
[05:00:54.720] [1] [ Info] [Eco] Инициализируем МенеджерСети...  
[05:00:54.919] [1] [ Info] [Eco] Инициализируем МенеджерСлоёвМира...  
[05:00:54.923] [1] [ Info] [Eco] Инициализируем ПлагинВебСервера...  
[05:00:55.608] [1] [ Info] [Eco] Инициализируем ПлагинТестовИнтеграции...  
[05:00:55.648] [1] [ Info] [Eco] Server Initialization завершена за 43 208,8мс
 
