[01:11:28.775] [1] [ Info] [Eco] >>> START EcoServer, Version=1.0.0.0, Culture=neutral, PublicKeyToken=null 
[01:11:28.802] [1] [ Info] [Eco] Eco Server 0.8.3.3 beta
 
[01:11:28.874] [1] [ Info] [Eco] Server Initialization...  
[01:11:28.874] [1] [ Info] [Eco] Starting LocalizationPlugin...  
[01:11:29.262] [1] [ Info] [Eco] Запуск ПлагинНабораМодификаций...  
[01:11:29.265] [1] [ Info] [Eco] Загрузка модификаций...  
[01:11:29.565] [1] [ Info] [Eco] Компилирование модификаций...  
[01:11:31.043] [1] [ Info] [Eco] Загружаем 0Harmony...
 
[01:11:31.046] [1] [ Info] [Eco] Загружаем Asphalt-ModKit...
 
[01:11:31.166] [1] [ Info] [Eco] Загружаем DiscordLink_blue...
 
[01:11:31.231] [1] [ Info] [Eco] Загружаем Eco.IntegrationTests...
 
[01:11:31.238] [1] [ Info] [Eco] Загружаем em-base...
 
[01:11:31.238] [1] [ Info] [Eco] Загружаем NoPlayerCredits...
 
[01:11:31.238] [1] [ Info] [Eco] Загружаем em-greenenergy...
 
[01:11:31.238] [1] [ Info] [Eco] Загружаем em-realisticsmelting...
 
[01:11:31.249] [1] [ Info] [Eco] Загружаем em-shippingcontainers...
 
[01:11:31.249] [1] [ Info] [Eco] Загружаем em-tailingspack...
 
[01:11:31.249] [1] [ Info] [Eco] Загружаем em-arches...
 
[01:11:31.249] [1] [ Info] [Eco] Загружаем em-doors...
 
[01:11:31.249] [1] [ Info] [Eco] Загружаем em-dyes...
 
[01:11:31.249] [1] [ Info] [Eco] Загружаем em-homeobjects...
 
[01:11:31.249] [1] [ Info] [Eco] Загружаем em-transportation...
 
[01:11:31.266] [1] [ Info] [Eco] Загружаем em-windows...
 
[01:11:31.266] [1] [ Info] [Eco] Загружаем em-zymology...
 
[01:11:31.266] [1] [ Info] [Eco] Загружаем HPStorage...
 
[01:11:31.280] [1] [ Info] [Eco] Загружаем NidToolbox...
 
[01:11:31.280] [1] [ Info] [Eco] Загрузка модификаций завершена за 2 021,9мс
 
[01:11:31.280] [1] [ Info] [Eco] Запуск МенеджерСети...  
[01:11:31.296] [6] [ Info] [Eco] Инициализация типов симуляции...  
[01:11:31.359] [15] [ Info] [Eco] Запуск ПлагинГенератораМира...  
[01:11:31.359] [13] [ Info] [Eco] Запуск ПлагинИгровойСтатистики...  
[01:11:31.359] [11] [ Info] [Eco] Запуск ПлагинРезервногоКопирования...  
[01:11:31.359] [11] [ Info] [Eco] Запуск МенеджерХранилища...  
[01:11:32.868] [6] [ Info] [Eco] Инициализация предметов...  
[01:11:32.939] [6] [ Info] [NidToolbox] Checking Settings.json 
[01:11:32.939] [6] [ Info] [NidToolbox] Config file: Mods\NidToolbox\Config\Settings.json exists. 
[01:11:32.939] [6] [ Info] [NidToolbox] Json file: Mods\NidToolbox\Config\Settings.json readable and correct. 
[01:11:32.939] [6] [ Info] [NidToolbox] Checking CommandPermissions.json 
[01:11:32.990] [6] [ Info] [NidToolbox] Config file: Mods\NidToolbox\Config\CommandPermissions.json exists. 
[01:11:32.990] [6] [ Info] [NidToolbox] Json file: Mods\NidToolbox\Config\CommandPermissions.json readable and correct. 
[01:11:32.990] [6] [ Info] [NidToolbox] Checking TimerMessages.json 
[01:11:32.990] [6] [ Info] [NidToolbox] Config file: Mods\NidToolbox\Config\TimerMessages.json exists. 
[01:11:33.026] [6] [ Info] [NidToolbox] Json file: Mods\NidToolbox\Config\TimerMessages.json readable and correct. 
[01:11:33.054] [6] [ Info] [NidToolbox] Checking ScheduledMessages.json 
[01:11:33.065] [6] [ Info] [NidToolbox] Config file: Mods\NidToolbox\Config\ScheduledMessages.json exists. 
[01:11:33.065] [6] [ Info] [NidToolbox] Json file: Mods\NidToolbox\Config\ScheduledMessages.json readable and correct. 
[01:11:33.065] [6] [ Info] [NidToolbox] No UserHomes directory, skipping user homes config checks. 
[01:11:33.931] [11] [ Info] [Eco] Запуск Плагин паузы...  
[01:11:33.938] [11] [ Info] [Eco] Загружаем Pause...  
[01:11:36.036] [6] [ Info] [Eco] Инициализация навыков...  
[01:11:36.152] [11] [ Info] [Eco] Запуск БДСтатистики...  
[01:11:36.152] [13] [ Info] [Eco] Запуск ПлагинМира...  
[01:11:36.204] [13] [ Info] [Eco] Загружаем World...  
[01:11:39.272] [13] [ Info] [Eco] Инициализация мира...  
[01:11:40.383] [13] [ Info] [Eco] Запуск ПлагинВремени...  
[01:11:40.396] [13] [ Info] [Eco] Загружаем Time...  
[01:11:40.396] [13] [ Info] [Eco] Запуск ПлагинРепутации...  
[01:11:40.396] [13] [ Info] [Eco] Загружаем Reputation...  
[01:11:40.409] [13] [ Info] [Eco] Запуск МенеджерЖильяИгроков...  
[01:11:40.409] [13] [ Info] [Eco] Запуск МенеджерПользователей...  
[01:11:40.451] [13] [ Info] [Eco] Загружаем Users...  
[01:11:40.589] [13] [ Info] [Eco] Инициализация инвентарей...  
[01:11:40.626] [13] [ Info] [Eco] Запуск МенеджерОбъектовЭко...  
[01:11:40.626] [35] [ Info] [Eco] Запуск ПлагинМусора...  
[01:11:40.626] [12] [ Info] [Eco] Запуск VoiceManager...  
[01:11:40.626] [7] [ Info] [Eco] Запуск ПлагинУгроз...  
[01:11:40.626] [23] [ Info] [Eco] Запуск НастройкиСложности...  
[01:11:40.626] [28] [ Info] [Eco] Запуск МенеджерКонтроллера...  
[01:11:40.626] [24] [ Info] [Eco] Запуск СерверЧата...  
[01:11:40.626] [11] [ Info] [Eco] Запуск ПлагинЭкономики...  
[01:11:40.626] [35] [ Info] [Eco] Загружаем Garbage...  
[01:11:40.643] [11] [ Info] [Eco] Загружаем Economy...  
[01:11:40.787] [7] [ Info] [Eco] Загружаем Disasters...  
[01:11:40.797] [11] [ Info] [Eco] Запуск Законодательство...  
[01:11:40.797] [24] [ Info] [Eco] Загружаем Chat...  
[01:11:40.828] [11] [ Info] [Eco] Загружаем Laws...  
[01:11:40.903] [11] [ Info] [Eco] Запуск МенеджерСобственности...  
[01:11:40.905] [11] [ Info] [Eco] Загружаем Property...  
[01:11:40.965] [11] [ Info] [Eco] Запуск МенеджерМиникарты...  
[01:11:40.968] [11] [ Info] [Eco] Запуск СимуляцияЭко...  
[01:11:41.026] [11] [ Info] [Eco] Загружаем Plants...  
[01:11:43.242] [11] [ Info] [Eco] Инициализация растений...  
[01:11:52.287] [11] [ Info] [Eco] Запуск RouteProbingPlugin...  
[01:11:52.287] [11] [ Info] [Eco] Загружаем RouteProbing...  
[01:11:55.038] [11] [ Info] [Eco] Запуск МенеджерСлоёвМира...  
[01:11:55.038] [11] [ Info] [Eco] Загружаем Layers...  
[01:11:55.667] [11] [ Info] [Eco] Инициализация слоёв мира...  
[01:11:55.672] [11] [ Info] [Eco] Загружаем ClimateSim...  
[01:11:58.944] [11] [ Info] [Eco] Запуск ТрекерЭкономики...  
[01:11:58.944] [11] [ Info] [Eco] Запуск UserTracker...  
[01:11:58.953] [11] [ Info] [Eco] Запуск МенеджерМировыхОбъектов...  
[01:11:59.039] [11] [ Info] [Eco] Загружаем WorldObjects...  
[01:11:59.190] [11] [ Info] [Eco] Запуск ПлагинКомнат...  
[01:11:59.190] [11] [ Info] [Eco] Загружаем Rooms...  
[01:11:59.202] [11] [ Info] [Eco] Запуск ПлагинЦелей...  
[01:11:59.202] [11] [ Info] [Eco] Загружаем Objectives...  
[01:11:59.202] [11] [ Info] [Eco] Запуск ПлагинСна...  
[01:11:59.202] [11] [ Info] [Eco] Загружаем Sleep...  
[01:11:59.221] [1] [ Info] [Eco] Запуск ПлагинВебСервера...  
[01:11:59.221] [1] [ Info] [Eco] Запуск OtherAliasCategory...  
[01:11:59.221] [10] [ Info] [Eco] Запуск Asphalt...  
[01:11:59.221] [12] [ Info] [Eco] Запуск ChatBase...  
[01:11:59.221] [31] [ Info] [Eco] Запуск DiscordLink...  
[01:11:59.221] [21] [ Info] [Eco] Запуск NidToolboxPlugin...  
[01:11:59.234] [34] [ Info] [Eco] Запуск ПлагинТестовИнтеграции...  
[01:11:59.234] [33] [ Info] [Eco] Запуск NoPlayerCreditsPlugin...  
[01:11:59.312] [1] [ Info] [Eco] Инициализируем ПлагинПеревода...  
[01:11:59.312] [1] [ Info] [Eco] Инициализируем ПлагинНабораМодификаций...  
[01:11:59.590] [1] [ Info] [Eco] Инициализируем ПлагинГенератораМира...  
[01:11:59.594] [1] [ Info] [Eco] Инициализируем МенеджерПользователей...  
[01:11:59.636] [1] [ Info] [Eco] Инициализируем ПлагинМусора...  
[01:11:59.645] [1] [ Info] [Eco] Инициализируем ПлагинЭкономики...  
[01:11:59.673] [1] [ Info] [Eco] Инициализируем Законодательство...  
[01:12:00.299] [1] [ Info] [Eco] Инициализируем МенеджерСобственности...  
[01:12:00.322] [1] [ Info] [Eco] Инициализируем МенеджерМиникарты...  
[01:12:01.475] [1] [ Info] [Eco] Инициализируем UserTracker...  
[01:12:01.483] [1] [ Info] [Eco] Инициализируем МенеджерМировыхОбъектов...  
[01:12:01.734] [1] [ Info] [Eco] Инициализируем ПлагинКомнат...  
[01:12:01.872] [1] [ Info] [Eco] Инициализируем ПлагинСна...  
[01:12:01.874] [1] [ Info] [Eco] Инициализируем NidToolboxPlugin...  
[01:12:01.874] [1] [ Info] [NidToolbox] Checking declared file: Mods\NidToolbox\Texts\Motd.txt 
[01:12:01.874] [1] [ Info] [NidToolbox] Config file:  Mods\NidToolbox\Texts\Motd.txt exists. 
[01:12:01.874] [1] [ Info] [NidToolbox] Config file:  Mods\NidToolbox\Texts\Motd.txt readable. 
[01:12:01.874] [1] [ Info] [NidToolbox] Checking declared file: Mods\NidToolbox\Texts\Rules.txt 
[01:12:01.874] [1] [ Info] [NidToolbox] Config file:  Mods\NidToolbox\Texts\Rules.txt exists. 
[01:12:01.874] [1] [ Info] [NidToolbox] Config file:  Mods\NidToolbox\Texts\Rules.txt readable. 
[01:12:01.874] [1] [ Info] [NidToolbox] Checking declared file: Mods\NidToolbox\Texts\ServerChangelog.txt 
[01:12:01.874] [1] [ Info] [NidToolbox] Config file:  Mods\NidToolbox\Texts\ServerChangelog.txt exists. 
[01:12:01.889] [1] [ Info] [NidToolbox] Config file:  Mods\NidToolbox\Texts\ServerChangelog.txt readable. 
[01:12:02.007] [1] [ Info] [Eco] Инициализируем NoPlayerCreditsPlugin...  
[01:12:02.007] [1] [ Info] [Eco] Инициализируем DiscordLink...  
[01:12:02.054] [1] [ Info] [Eco] Инициализируем ПлагинМира...  
[01:12:02.054] [1] [ Info] [Eco] Обработка...  
[01:12:02.742] [1] [ Info] [Eco] Сжатие...  
[01:12:04.414] [138] [ Info] [Eco] DISCORDLINK: Connected to Discord.

 
[01:12:06.107] [1] [ Info] [Eco] Инициализируем МенеджерСети...  
[01:12:06.341] [1] [ Info] [Eco] Инициализируем МенеджерСлоёвМира...  
[01:12:06.343] [1] [ Info] [Eco] Инициализируем ПлагинВебСервера...  
[01:12:06.465] [138] [ Info] [Eco] DISCORDLINK: Connected and Ready
 
[01:12:07.049] [1] [ Info] [Eco] Инициализируем ПлагинТестовИнтеграции...  
[01:12:07.064] [1] [ Info] [NidToolbox] OK - Mono not detected, not a Linux environment 
[01:12:07.064] [1] [ Info] [NidToolbox] All commands in config up to date. 
[01:12:07.158] [1] [ Info] [NidToolbox] Running NidToolbox version 1.8.7 
[01:12:07.185] [1] [ Info] [Eco] Server Initialization завершена за 38 309,8мс
 
[01:42:07.754] [8] [ Info] [Eco] Удалена резервная копия - D:/EcoBackup/Storage\Backup\Game-2020-02-22-09.16.34
 
[02:12:07.315] [33] [ Info] [Eco] Удалена резервная копия - D:/EcoBackup/Storage\Backup\Game-2020-02-24-00.45.35
 
[02:12:07.341] [33] [ Info] [Eco] Удалена резервная копия - D:/EcoBackup/Storage\Backup\Game-2020-02-22-10.16.34
 
[03:12:07.339] [33] [ Info] [Eco] Удалена резервная копия - D:/EcoBackup/Storage\Backup\Game-2020-02-22-11.20.01
 
[03:28:53.517] [139] [ Info] [log] AmeriQ invoked admin command '/passlaws' 
[03:31:16.005] [139] [ Info] [log] AmeriQ invoked admin command '/passlaws' 
[03:42:07.728] [11] [ Info] [Eco] Удалена резервная копия - D:/EcoBackup/Storage\Backup\Game-2020-02-24-02.42.07
 
[03:45:11.163] [139] [ Info] [log] AmeriQ invoked admin command '/fly' 
[04:12:07.366] [33] [ Info] [Eco] Удалена резервная копия - D:/EcoBackup/Storage\Backup\Game-2020-02-22-12.20.01
 
[04:42:07.387] [23] [ Info] [Eco] Удалена резервная копия - D:/EcoBackup/Storage\Backup\Game-2020-02-24-03.42.07
 
[05:12:07.385] [15] [ Info] [Eco] Удалена резервная копия - D:/EcoBackup/Storage\Backup\Game-2020-02-22-13.20.01
 
[05:42:07.726] [19] [ Info] [Eco] Удалена резервная копия - D:/EcoBackup/Storage\Backup\Game-2020-02-24-04.42.07
 
[06:12:07.378] [17] [ Info] [Eco] Удалена резервная копия - D:/EcoBackup/Storage\Backup\Game-2020-02-22-14.20.03
 
[06:42:07.383] [23] [ Info] [Eco] Удалена резервная копия - D:/EcoBackup/Storage\Backup\Game-2020-02-24-05.42.07
 
[07:12:07.763] [19] [ Info] [Eco] Удалена резервная копия - D:/EcoBackup/Storage\Backup\Game-2020-02-22-15.39.06
 
[07:42:07.759] [33] [ Info] [Eco] Удалена резервная копия - D:/EcoBackup/Storage\Backup\Game-2020-02-24-06.42.07
 
[08:12:07.780] [15] [ Info] [Eco] Удалена резервная копия - D:/EcoBackup/Storage\Backup\Game-2020-02-22-16.09.06
 
[08:42:07.671] [8] [ Info] [Eco] Удалена резервная копия - D:/EcoBackup/Storage\Backup\Game-2020-02-24-07.42.07
 
[09:12:07.807] [8] [ Info] [Eco] Удалена резервная копия - D:/EcoBackup/Storage\Backup\Game-2020-02-22-17.09.06
 
[09:42:07.843] [5] [ Info] [Eco] Удалена резервная копия - D:/EcoBackup/Storage\Backup\Game-2020-02-24-08.42.07
 
[10:12:07.855] [24] [ Info] [Eco] Удалена резервная копия - D:/EcoBackup/Storage\Backup\Game-2020-02-22-18.09.06
 
[10:42:07.483] [11] [ Info] [Eco] Удалена резервная копия - D:/EcoBackup/Storage\Backup\Game-2020-02-24-09.42.07
 
[11:12:07.508] [23] [ Info] [Eco] Удалена резервная копия - D:/EcoBackup/Storage\Backup\Game-2020-02-22-19.09.06
 
[11:42:07.530] [27] [ Info] [Eco] Удалена резервная копия - D:/EcoBackup/Storage\Backup\Game-2020-02-24-10.42.07
 
[12:12:07.887] [10] [ Info] [Eco] Удалена резервная копия - D:/EcoBackup/Storage\Backup\Game-2020-02-22-20.09.06
 
[12:42:07.536] [7] [ Info] [Eco] Удалена резервная копия - D:/EcoBackup/Storage\Backup\Game-2020-02-24-11.42.07
 
[13:12:07.542] [10] [ Info] [Eco] Удалена резервная копия - D:/EcoBackup/Storage\Backup\Game-2020-02-22-21.27.30
 
[13:42:07.893] [17] [ Info] [Eco] Удалена резервная копия - D:/EcoBackup/Storage\Backup\Game-2020-02-24-12.42.07
 
[14:12:07.893] [24] [ Info] [Eco] Удалена резервная копия - D:/EcoBackup/Storage\Backup\Game-2020-02-22-22.27.30
 
[14:42:07.587] [7] [ Info] [Eco] Удалена резервная копия - D:/EcoBackup/Storage\Backup\Game-2020-02-24-13.42.07
 
[15:12:07.947] [10] [ Info] [Eco] Удалена резервная копия - D:/EcoBackup/Storage\Backup\Game-2020-02-22-23.27.30
 
[15:42:07.936] [8] [ Info] [Eco] Удалена резервная копия - D:/EcoBackup/Storage\Backup\Game-2020-02-24-14.42.07
 
[16:42:07.948] [23] [ Info] [Eco] Удалена резервная копия - D:/EcoBackup/Storage\Backup\Game-2020-02-24-15.42.07
 
[17:12:07.585] [33] [ Info] [Eco] Удалена резервная копия - D:/EcoBackup/Storage\Backup\Game-2020-02-23-01.27.30
 
[17:28:42.817] [138] [ Info] [Eco] DISCORDLINK: Resumed connection
 
[17:42:07.931] [17] [ Info] [Eco] Удалена резервная копия - D:/EcoBackup/Storage\Backup\Game-2020-02-24-16.42.07
 
[17:51:42.594] [136] [ Info] [Eco] DISCORDLINK: Resumed connection
 
[18:12:07.588] [27] [ Info] [Eco] Удалена резервная копия - D:/EcoBackup/Storage\Backup\Game-2020-02-23-02.27.30
 
[18:42:07.951] [33] [ Info] [Eco] Удалена резервная копия - D:/EcoBackup/Storage\Backup\Game-2020-02-24-17.42.07
 
[19:09:55.856] [136] [ Info] [log] AmeriQ invoked admin command '/passlaws' 
[19:12:07.981] [17] [ Info] [Eco] Удалена резервная копия - D:/EcoBackup/Storage\Backup\Game-2020-02-23-19.10.10
 
[19:13:47.942] [136] [ Info] [log] AmeriQ invoked admin command '/passlaws' 
[19:13:56.457] [136] [ Info] [log] AmeriQ invoked admin command '/fly' 
[19:15:37.750] [136] [ Info] [log] AmeriQ invoked admin command '/dump' 
[19:21:39.389] [141] [ Info] [log] Dark Avenger invoked admin command '/fly' 
[19:42:07.631] [24] [ Info] [Eco] Удалена резервная копия - D:/EcoBackup/Storage\Backup\Game-2020-02-24-18.42.07
 
[19:53:38.503] [140] [ Info] [log] AmeriQ invoked admin command '/fly' 
[20:09:51.288] [140] [ Info] [log] AmeriQ invoked admin command '/passlaws' 
[20:12:08.035] [33] [ Info] [Eco] Удалена резервная копия - D:/EcoBackup/Storage\Backup\Game-2020-02-23-20.10.10
 
[20:36:21.012] [21] [ Info] [log] AmeriQ invoked admin command '/fly' 
[20:37:50.064] [136] [ Info] [log] Larsa invoked admin command '/eat' 
[20:42:07.628] [5] [ Info] [Eco] Удалена резервная копия - D:/EcoBackup/Storage\Backup\Game-2020-02-24-19.42.07
 
[20:43:28.906] [29] [ Info] [log] Dark Avenger invoked admin command '/fly' 
[20:48:17.148] [29] [ Info] [log] Dark Avenger invoked admin command '/give помидор' 
[20:48:42.098] [29] [ Info] [log] Dark Avenger invoked admin command '/eat' 
[20:50:01.296] [21] [ Info] [log] AmeriQ invoked admin command '/passlaws' 
[21:00:08.441] [29] [ Info] [log] Dark Avenger invoked admin command '/fly' 
[21:02:40.790] [13] [ Info] [log] AmeriQ invoked admin command '/fly' 
[21:12:07.656] [5] [ Info] [Eco] Удалена резервная копия - D:/EcoBackup/Storage\Backup\Game-2020-02-23-21.10.10
 
[21:18:37.691] [21] [ Info] [log] AmeriQ invoked admin command '/fly' 
[21:18:50.299] [30] [ Info] [log] Dark Avenger invoked admin command '/eat' 
[21:34:41.337] [21] [ Info] [log] AmeriQ invoked admin command '/passlaws' 
[21:42:07.645] [24] [ Info] [Eco] Удалена резервная копия - D:/EcoBackup/Storage\Backup\Game-2020-02-24-20.42.07
 
[21:47:19.136] [30] [ Info] [log] Dark Avenger invoked admin command '/fly' 
[21:49:06.692] [30] [ Info] [log] Dark Avenger invoked admin command '/passlaws' 
[22:12:07.659] [5] [ Info] [Eco] Удалена резервная копия - D:/EcoBackup/Storage\Backup\Game-2020-02-23-22.10.10
 
[22:39:48.251] [140] [ Info] [log] AmeriQ invoked admin command '/fly' 
[22:42:08.042] [15] [ Info] [Eco] Удалена резервная копия - D:/EcoBackup/Storage\Backup\Game-2020-02-24-21.42.07
 
[23:08:06.669] [34] [ Info] [Eco] DISCORDLINK: Resumed connection
 
[23:12:08.047] [5] [ Info] [Eco] Удалена резервная копия - D:/EcoBackup/Storage\Backup\Game-2020-02-23-23.10.10
 
[23:42:07.689] [27] [ Info] [Eco] Удалена резервная копия - D:/EcoBackup/Storage\Backup\Game-2020-02-24-22.42.07
 
[00:03:05.342] [25] [ Info] [Eco] DISCORDLINK: Resumed connection
 
[00:12:07.677] [7] [ Info] [Eco] Удалена резервная копия - D:/EcoBackup/Storage\Backup\Game-2020-02-22-00.16.33
 
[00:42:08.039] [5] [ Info] [Eco] Удалена резервная копия - D:/EcoBackup/Storage\Backup\Game-2020-02-24-23.42.07
 
[01:12:08.058] [19] [ Info] [Eco] Удалена резервная копия - D:/EcoBackup/Storage\Backup\Game-2020-02-24-01.42.07
 
[01:42:07.719] [24] [ Info] [Eco] Удалена резервная копия - D:/EcoBackup/Storage\Backup\Game-2020-02-25-00.42.07
 
[02:12:07.744] [33] [ Info] [Eco] Удалена резервная копия - D:/EcoBackup/Storage\Backup\Game-2020-02-24-02.12.07
 
[02:42:08.091] [24] [ Info] [Eco] Удалена резервная копия - D:/EcoBackup/Storage\Backup\Game-2020-02-25-01.42.07
 
[03:12:08.095] [5] [ Info] [Eco] Удалена резервная копия - D:/EcoBackup/Storage\Backup\Game-2020-02-24-03.12.07
 
[03:42:07.733] [15] [ Info] [Eco] Удалена резервная копия - D:/EcoBackup/Storage\Backup\Game-2020-02-25-02.42.07
 
[04:12:07.739] [17] [ Info] [Eco] Удалена резервная копия - D:/EcoBackup/Storage\Backup\Game-2020-02-24-04.12.07
 
[04:42:07.757] [15] [ Info] [Eco] Удалена резервная копия - D:/EcoBackup/Storage\Backup\Game-2020-02-25-03.42.07
 
[05:12:08.125] [19] [ Info] [Eco] Удалена резервная копия - D:/EcoBackup/Storage\Backup\Game-2020-02-24-05.12.07
 
[05:42:07.778] [10] [ Info] [Eco] Удалена резервная копия - D:/EcoBackup/Storage\Backup\Game-2020-02-25-04.42.07
 
[06:12:07.763] [17] [ Info] [Eco] Удалена резервная копия - D:/EcoBackup/Storage\Backup\Game-2020-02-24-06.12.07
 
[06:42:07.797] [5] [ Info] [Eco] Удалена резервная копия - D:/EcoBackup/Storage\Backup\Game-2020-02-25-05.42.07
 
[07:12:07.831] [27] [ Info] [Eco] Удалена резервная копия - D:/EcoBackup/Storage\Backup\Game-2020-02-24-07.12.07
 
[07:42:08.204] [27] [ Info] [Eco] Удалена резервная копия - D:/EcoBackup/Storage\Backup\Game-2020-02-25-06.42.07
 
[08:12:08.210] [24] [ Info] [Eco] Удалена резервная копия - D:/EcoBackup/Storage\Backup\Game-2020-02-24-08.12.07
 
[08:42:07.870] [27] [ Info] [Eco] Удалена резервная копия - D:/EcoBackup/Storage\Backup\Game-2020-02-25-07.42.07
 
[09:12:07.890] [8] [ Info] [Eco] Удалена резервная копия - D:/EcoBackup/Storage\Backup\Game-2020-02-24-09.12.07
 
[09:42:08.102] [5] [ Info] [Eco] Удалена резервная копия - D:/EcoBackup/Storage\Backup\Game-2020-02-25-08.42.07
 
[10:12:08.238] [10] [ Info] [Eco] Удалена резервная копия - D:/EcoBackup/Storage\Backup\Game-2020-02-24-10.12.07
 
[10:42:08.236] [27] [ Info] [Eco] Удалена резервная копия - D:/EcoBackup/Storage\Backup\Game-2020-02-25-09.42.07
 
[11:12:08.273] [19] [ Info] [Eco] Удалена резервная копия - D:/EcoBackup/Storage\Backup\Game-2020-02-24-11.12.07
 
[11:42:08.268] [10] [ Info] [Eco] Удалена резервная копия - D:/EcoBackup/Storage\Backup\Game-2020-02-25-10.42.07
 
[12:12:07.879] [8] [ Info] [Eco] Удалена резервная копия - D:/EcoBackup/Storage\Backup\Game-2020-02-24-12.12.07
 
[12:42:08.330] [27] [ Info] [Eco] Удалена резервная копия - D:/EcoBackup/Storage\Backup\Game-2020-02-25-11.42.07
 
[13:12:08.302] [33] [ Info] [Eco] Удалена резервная копия - D:/EcoBackup/Storage\Backup\Game-2020-02-24-13.12.07
 
[13:42:08.301] [24] [ Info] [Eco] Удалена резервная копия - D:/EcoBackup/Storage\Backup\Game-2020-02-25-12.42.07
 
[14:12:07.938] [8] [ Info] [Eco] Удалена резервная копия - D:/EcoBackup/Storage\Backup\Game-2020-02-24-14.12.07
 
[14:42:08.340] [24] [ Info] [Eco] Удалена резервная копия - D:/EcoBackup/Storage\Backup\Game-2020-02-25-13.42.07
 
[15:12:08.298] [27] [ Info] [Eco] Удалена резервная копия - D:/EcoBackup/Storage\Backup\Game-2020-02-24-15.12.07
 
[15:42:07.939] [15] [ Info] [Eco] Удалена резервная копия - D:/EcoBackup/Storage\Backup\Game-2020-02-25-14.42.07
 
[16:12:07.979] [8] [ Info] [Eco] Удалена резервная копия - D:/EcoBackup/Storage\Backup\Game-2020-02-24-16.12.07
 
[16:42:08.330] [5] [ Info] [Eco] Удалена резервная копия - D:/EcoBackup/Storage\Backup\Game-2020-02-25-15.42.07
 
[17:12:08.467] [7] [ Info] [Eco] Удалена резервная копия - D:/EcoBackup/Storage\Backup\Game-2020-02-24-17.12.07
 
[17:42:07.974] [8] [ Info] [Eco] Удалена резервная копия - D:/EcoBackup/Storage\Backup\Game-2020-02-25-16.42.07
 
[18:12:07.992] [17] [ Info] [Eco] Удалена резервная копия - D:/EcoBackup/Storage\Backup\Game-2020-02-24-18.12.07
 
[18:30:54.083] [139] [ Info] [log] Dark Avenger invoked admin command '/EAT' 
[18:41:58.223] [139] [ Info] [log] Dark Avenger invoked admin command '/FLY' 
[18:42:09.733] [27] [ Info] [Eco] Удалена резервная копия - D:/EcoBackup/Storage\Backup\Game-2020-02-25-17.42.07
 
[18:52:55.705] [139] [ Info] [log] Dark Avenger invoked admin command '/FLY' 
[18:59:34.063] [139] [ Info] [log] Dark Avenger invoked admin command '/eat' 
[18:59:56.459] [16] [ Info] [log] AmeriQ invoked admin command '/passlaws' 
[19:00:01.074] [16] [ Info] [log] AmeriQ invoked admin command '/fly' 
[19:09:53.833] [16] [ Info] [log] AmeriQ invoked admin command '/passlaws' 
[19:12:09.383] [23] [ Info] [Eco] Удалена резервная копия - D:/EcoBackup/Storage\Backup\Game-2020-02-24-19.12.07
 
[19:12:50.235] [5] [ Info] [Eco] Пользователь с неверными данными пытался соединится: Dark Avenger
 
[19:28:21.243] [16] [ Info] [log] AmeriQ invoked admin command '/passlaws' 
[19:32:24.392] [1] [ Info] [Eco] Сохранение...
 
[19:32:24.397] [1] [ Info] [Eco] Сохранение мира...  
[19:32:27.885] [1] [ Info] [Eco] Готово
 
[19:32:28.012] [1] [ Info] [Eco] Выключение завершено
 
