[09:53:11.748] [1] [ Info] [Eco] >>> START EcoServer, Version=1.0.0.0, Culture=neutral, PublicKeyToken=null 
[09:53:11.776] [1] [ Info] [Eco] Eco Server 0.8.3.3 beta
 
[09:53:11.847] [1] [ Info] [Eco] Server Initialization...  
[09:53:11.847] [1] [ Info] [Eco] Starting LocalizationPlugin...  
[09:53:12.232] [1] [ Info] [Eco] Запуск ПлагинНабораМодификаций...  
[09:53:12.232] [1] [ Info] [Eco] Загрузка модификаций...  
[09:53:12.528] [1] [ Info] [Eco] Компилирование модификаций...  
[09:53:13.992] [1] [ Info] [Eco] Загружаем 0Harmony...
 
[09:53:13.992] [1] [ Info] [Eco] Загружаем Asphalt-ModKit...
 
[09:53:14.117] [1] [ Info] [Eco] Загружаем DiscordLink_blue...
 
[09:53:14.162] [1] [ Info] [Eco] Загружаем Eco.IntegrationTests...
 
[09:53:14.165] [1] [ Info] [Eco] Загружаем em-base...
 
[09:53:14.165] [1] [ Info] [Eco] Загружаем NoPlayerCredits...
 
[09:53:14.165] [1] [ Info] [Eco] Загружаем em-greenenergy...
 
[09:53:14.165] [1] [ Info] [Eco] Загружаем em-realisticsmelting...
 
[09:53:14.165] [1] [ Info] [Eco] Загружаем em-shippingcontainers...
 
[09:53:14.165] [1] [ Info] [Eco] Загружаем em-tailingspack...
 
[09:53:14.165] [1] [ Info] [Eco] Загружаем em-arches...
 
[09:53:14.165] [1] [ Info] [Eco] Загружаем em-doors...
 
[09:53:14.181] [1] [ Info] [Eco] Загружаем em-dyes...
 
[09:53:14.181] [1] [ Info] [Eco] Загружаем em-homeobjects...
 
[09:53:14.181] [1] [ Info] [Eco] Загружаем em-transportation...
 
[09:53:14.181] [1] [ Info] [Eco] Загружаем em-windows...
 
[09:53:14.198] [1] [ Info] [Eco] Загружаем em-zymology...
 
[09:53:14.198] [1] [ Info] [Eco] Загружаем HPStorage...
 
[09:53:14.198] [1] [ Info] [Eco] Загружаем NidToolbox...
 
[09:53:14.210] [1] [ Info] [Eco] Загрузка модификаций завершена за 1 974,1мс
 
[09:53:14.210] [1] [ Info] [Eco] Запуск МенеджерСети...  
[09:53:14.228] [7] [ Info] [Eco] Инициализация типов симуляции...  
[09:53:14.291] [1] [ Info] [Eco] Server Initialization завершена за 2 444,0мс
 
[09:53:14.291] [1] [ Info] [Eco] Failed to load server, Exception was Exception: JsonReaderException
Message:After parsing a value an unexpected character was encountered: ". Path 'Description', line 6, position 210.
Source:Newtonsoft.Json

Newtonsoft.Json.JsonReaderException: After parsing a value an unexpected character was encountered: ". Path 'Description', line 6, position 210.
   at Newtonsoft.Json.JsonTextReader.ParsePostValue(Boolean ignoreComments)
   at Newtonsoft.Json.JsonTextReader.Read()
   at Newtonsoft.Json.Serialization.JsonSerializerInternalReader.PopulateObject(Object newObject, JsonReader reader, JsonObjectContract contract, JsonProperty member, String id)
   at Newtonsoft.Json.Serialization.JsonSerializerInternalReader.Populate(JsonReader reader, Object target)
   at Newtonsoft.Json.JsonSerializer.PopulateInternal(JsonReader reader, Object target)
   at Newtonsoft.Json.JsonConvert.PopulateObject(String value, Object target, JsonSerializerSettings settings)
   at Eco.Core.Plugins.PluginConfig`1.Load(String filename)
   at Eco.Plugins.Networking.NetworkManager..ctor()
 
[09:53:14.996] [7] [ Info] [Eco] Инициализация предметов...  
[09:53:15.432] [7] [ Info] [NidToolbox] Checking Settings.json 
[09:53:15.432] [7] [ Info] [NidToolbox] Config file: Mods\NidToolbox\Config\Settings.json exists. 
[09:53:15.432] [7] [ Info] [NidToolbox] Json file: Mods\NidToolbox\Config\Settings.json readable and correct. 
[09:53:15.432] [7] [ Info] [NidToolbox] Checking CommandPermissions.json 
[09:53:15.432] [7] [ Info] [NidToolbox] Config file: Mods\NidToolbox\Config\CommandPermissions.json exists. 
[09:53:15.432] [7] [ Info] [NidToolbox] Json file: Mods\NidToolbox\Config\CommandPermissions.json readable and correct. 
[09:53:15.432] [7] [ Info] [NidToolbox] Checking TimerMessages.json 
[09:53:15.445] [7] [ Info] [NidToolbox] Config file: Mods\NidToolbox\Config\TimerMessages.json exists. 
[09:53:15.445] [7] [ Info] [NidToolbox] Json file: Mods\NidToolbox\Config\TimerMessages.json readable and correct. 
[09:53:15.445] [7] [ Info] [NidToolbox] Checking ScheduledMessages.json 
[09:53:15.445] [7] [ Info] [NidToolbox] Config file: Mods\NidToolbox\Config\ScheduledMessages.json exists. 
[09:53:15.445] [7] [ Info] [NidToolbox] Json file: Mods\NidToolbox\Config\ScheduledMessages.json readable and correct. 
[09:53:15.445] [7] [ Info] [NidToolbox] No UserHomes directory, skipping user homes config checks. 
[09:53:18.135] [7] [ Info] [Eco] Инициализация навыков...  
