[21:15:36.057] [1] [ Info] [Eco] >>> START EcoServer, Version=1.0.0.0, Culture=neutral, PublicKeyToken=null 
[21:15:36.089] [1] [ Info] [Eco] Eco Server 0.8.3.2 beta
 
[21:15:36.211] [1] [ Info] [Eco] Server Initialization...  
[21:15:36.211] [1] [ Info] [Eco] Starting LocalizationPlugin...  
[21:15:36.683] [1] [ Info] [Eco] Запуск ПлагинНабораМодификаций...  
[21:15:36.683] [1] [ Info] [Eco] Загрузка модификаций...  
[21:15:36.795] [1] [ Info] [Eco] Компилирование модификаций...  
[21:15:38.700] [1] [ Info] [Eco] Загружаем 0Harmony...
 
[21:15:38.705] [1] [ Info] [Eco] Загружаем Asphalt-ModKit...
 
[21:15:38.851] [1] [ Info] [Eco] Загружаем Eco.IntegrationTests...
 
[21:15:38.851] [1] [ Info] [Eco] Загружаем DiscordLinkUnified...
 
[21:15:38.919] [1] [ Info] [Eco] Загрузка модификаций завершена за 2 234,3мс
 
[21:15:38.921] [1] [ Info] [Eco] Запуск МенеджерСети...  
[21:15:38.921] [6] [ Info] [Eco] Инициализация типов симуляции...  
[21:15:38.988] [16] [ Info] [Eco] Запуск ПлагинГенератораМира...  
[21:15:38.988] [17] [ Info] [Eco] Запуск ПлагинРезервногоКопирования...  
[21:15:38.988] [10] [ Info] [Eco] Запуск ПлагинИгровойСтатистики...  
[21:15:39.570] [1] [ Info] [Eco] Server Initialization завершена за 3 358,3мс
 
[21:15:39.576] [1] [ Info] [Eco] Failed to load server, Exception was Exception: JsonReaderException
Message:Invalid JavaScript property identifier character: ,. Path 'BackupFrequencyInHours', line 7, position 31.
Source:Newtonsoft.Json

Newtonsoft.Json.JsonReaderException: Invalid JavaScript property identifier character: ,. Path 'BackupFrequencyInHours', line 7, position 31.
   at Newtonsoft.Json.JsonTextReader.ReadUnquotedPropertyReportIfDone(Char currentChar, Int32 initialPosition)
   at Newtonsoft.Json.JsonTextReader.ParseUnquotedProperty()
   at Newtonsoft.Json.JsonTextReader.ParseProperty()
   at Newtonsoft.Json.Serialization.JsonSerializerInternalReader.PopulateObject(Object newObject, JsonReader reader, JsonObjectContract contract, JsonProperty member, String id)
   at Newtonsoft.Json.Serialization.JsonSerializerInternalReader.CreateObject(JsonReader reader, Type objectType, JsonContract contract, JsonProperty member, JsonContainerContract containerContract, JsonProperty containerMember, Object existingValue)
   at Newtonsoft.Json.Serialization.JsonSerializerInternalReader.Deserialize(JsonReader reader, Type objectType, Boolean checkAdditionalContent)
   at Newtonsoft.Json.JsonSerializer.DeserializeInternal(JsonReader reader, Type objectType)
   at Newtonsoft.Json.JsonConvert.DeserializeObject(String value, Type type, JsonSerializerSettings settings)
   at Newtonsoft.Json.JsonConvert.DeserializeObject[T](String value, JsonSerializerSettings settings)
   at Eco.Core.Plugins.PluginConfig`1.Load(String filename)
   at Eco.Core.Backup.BackupPlugin..ctor()
 
[21:15:39.728] [6] [ Info] [Eco] Инициализация предметов...  
[21:15:41.899] [6] [ Info] [Eco] Инициализация навыков...  
