[01:02:29.978] [1] [ Info] [Eco] >>> START EcoServer, Version=1.0.0.0, Culture=neutral, PublicKeyToken=null 
[01:02:30.007] [1] [ Info] [Eco] Eco Server 0.8.3.2 beta
 
[01:02:30.080] [1] [ Info] [Eco] Server Initialization...  
[01:02:30.080] [1] [ Info] [Eco] Starting LocalizationPlugin...  
[01:02:30.441] [1] [ Info] [Eco] Запуск ПлагинНабораМодификаций...  
[01:02:30.441] [1] [ Info] [Eco] Загрузка модификаций...  
[01:02:30.536] [1] [ Info] [Eco] Компилирование модификаций...  
[01:02:32.037] [1] [ Info] [Eco] Загружаем 0Harmony...
 
[01:02:32.037] [1] [ Info] [Eco] Загружаем Asphalt-ModKit...
 
[01:02:32.178] [1] [ Info] [Eco] Загружаем Eco.IntegrationTests...
 
[01:02:32.185] [1] [ Info] [Eco] Загружаем DiscordLinkUnified...
 
[01:02:32.236] [1] [ Info] [Eco] Загружаем EcoStory...
 
[01:02:32.236] [1] [ Info] [Eco] Загрузка модификаций завершена за 1 799,8мс
 
[01:02:32.236] [1] [ Info] [Eco] Запуск МенеджерСети...  
[01:02:32.252] [7] [ Info] [Eco] Инициализация типов симуляции...  
[01:02:32.319] [11] [ Info] [Eco] Запуск ПлагинГенератораМира...  
[01:02:32.319] [13] [ Info] [Eco] Запуск ПлагинРезервногоКопирования...  
[01:02:32.319] [12] [ Info] [Eco] Запуск ПлагинИгровойСтатистики...  
[01:02:32.331] [13] [ Info] [Eco] Запуск МенеджерХранилища...  
[01:02:33.680] [7] [ Info] [Eco] Инициализация предметов...  
[01:02:33.749] [7] [ Info] [NidToolbox] Checking Settings.json 
[01:02:33.749] [7] [ Info] [NidToolbox] Config file: Mods\NidToolbox\Config\Settings.json exists. 
[01:02:33.749] [7] [ Info] [NidToolbox] Json file: Mods\NidToolbox\Config\Settings.json readable and correct. 
[01:02:33.749] [7] [ Info] [NidToolbox] Checking CommandPermissions.json 
[01:02:33.749] [7] [ Info] [NidToolbox] Config file: Mods\NidToolbox\Config\CommandPermissions.json exists. 
[01:02:33.749] [7] [ Info] [NidToolbox] Json file: Mods\NidToolbox\Config\CommandPermissions.json readable and correct. 
[01:02:33.749] [7] [ Info] [NidToolbox] Checking TimerMessages.json 
[01:02:33.764] [7] [ Info] [NidToolbox] Config file: Mods\NidToolbox\Config\TimerMessages.json exists. 
[01:02:33.764] [7] [ Info] [NidToolbox] Json file: Mods\NidToolbox\Config\TimerMessages.json readable and correct. 
[01:02:33.764] [7] [ Info] [NidToolbox] Checking ScheduledMessages.json 
[01:02:33.764] [7] [ Info] [NidToolbox] Config file: Mods\NidToolbox\Config\ScheduledMessages.json exists. 
[01:02:33.764] [7] [ Info] [NidToolbox] Json file: Mods\NidToolbox\Config\ScheduledMessages.json readable and correct. 
[01:02:33.764] [7] [ Info] [NidToolbox] No UserHomes directory, skipping user homes config checks. 
[01:02:34.529] [13] [ Info] [Eco] Запуск Плагин паузы...  
[01:02:34.529] [13] [ Info] [Eco] Загружаем Pause...  
[01:02:36.369] [7] [ Info] [Eco] Инициализация навыков...  
[01:02:36.471] [16] [ Info] [Eco] Запуск БДСтатистики...  
[01:02:36.471] [17] [ Info] [Eco] Запуск ПлагинМира...  
[01:02:36.527] [17] [ Info] [Eco] Загружаем World...  
[01:02:40.064] [17] [ Info] [Eco] Инициализация мира...  
[01:02:41.566] [17] [ Info] [Eco] Запуск ПлагинВремени...  
[01:02:41.566] [17] [ Info] [Eco] Загружаем Time...  
[01:02:41.566] [17] [ Info] [Eco] Запуск ПлагинРепутации...  
[01:02:41.566] [17] [ Info] [Eco] Загружаем Reputation...  
[01:02:41.587] [17] [ Info] [Eco] Запуск МенеджерЖильяИгроков...  
[01:02:41.587] [17] [ Info] [Eco] Запуск МенеджерПользователей...  
[01:02:41.627] [17] [ Info] [Eco] Загружаем Users...  
[01:02:41.968] [17] [ Info] [Eco] Инициализация инвентарей...  
[01:02:42.007] [17] [ Info] [Eco] Запуск МенеджерОбъектовЭко...  
[01:02:42.007] [17] [ Info] [Eco] Загружаем Objects...  
[01:02:42.252] [19] [ Info] [Eco] Запуск ПлагинМусора...  
[01:02:42.252] [8] [ Info] [Eco] Запуск НастройкиСложности...  
[01:02:42.252] [20] [ Info] [Eco] Запуск VoiceManager...  
[01:02:42.252] [17] [ Info] [Eco] Запуск ПлагинЭкономики...  
[01:02:42.252] [36] [ Info] [Eco] Запуск СерверЧата...  
[01:02:42.252] [19] [ Info] [Eco] Загружаем Garbage...  
[01:02:42.252] [22] [ Info] [Eco] Запуск МенеджерКонтроллера...  
[01:02:42.252] [14] [ Info] [Eco] Запуск ПлагинУгроз...  
[01:02:42.252] [17] [ Info] [Eco] Загружаем Economy...  
[01:02:42.855] [17] [ Info] [Eco] Запуск Законодательство...  
[01:02:42.859] [14] [ Info] [Eco] Загружаем Disasters...  
[01:02:42.859] [36] [ Info] [Eco] Загружаем Chat...  
[01:02:46.593] [17] [ Info] [Eco] Загружаем Laws...  
[01:02:46.726] [17] [ Info] [Eco] Запуск МенеджерСобственности...  
[01:02:46.726] [17] [ Info] [Eco] Загружаем Property...  
[01:02:46.856] [17] [ Info] [Eco] Запуск МенеджерМиникарты...  
[01:02:46.863] [17] [ Info] [Eco] Запуск СимуляцияЭко...  
[01:02:46.932] [17] [ Info] [Eco] Загружаем Plants...  
[01:02:48.353] [17] [ Info] [Eco] Инициализация растений...  
[01:02:53.822] [17] [ Info] [Eco] Запуск RouteProbingPlugin...  
[01:02:53.822] [17] [ Info] [Eco] Загружаем RouteProbing...  
[01:02:56.058] [17] [ Info] [Eco] Запуск МенеджерСлоёвМира...  
[01:02:56.064] [17] [ Info] [Eco] Загружаем Layers...  
[01:02:56.717] [17] [ Info] [Eco] Инициализация слоёв мира...  
[01:02:56.717] [17] [ Info] [Eco] Загружаем ClimateSim...  
[01:02:59.434] [17] [ Info] [Eco] Запуск ТрекерЭкономики...  
[01:02:59.439] [17] [ Info] [Eco] Запуск UserTracker...  
[01:02:59.439] [17] [ Info] [Eco] Запуск МенеджерМировыхОбъектов...  
[01:02:59.520] [17] [ Info] [Eco] Загружаем WorldObjects...  
[01:03:00.262] [17] [ Info] [Eco] Запуск ПлагинКомнат...  
[01:03:00.265] [17] [ Info] [Eco] Загружаем Rooms...  
[01:03:00.282] [17] [ Info] [Eco] Запуск ПлагинЦелей...  
[01:03:00.282] [17] [ Info] [Eco] Загружаем Objectives...  
[01:03:00.310] [17] [ Info] [Eco] Запуск ПлагинСна...  
[01:03:00.313] [17] [ Info] [Eco] Загружаем Sleep...  
[01:03:00.313] [1] [ Info] [Eco] Запуск ПлагинВебСервера...  
[01:03:00.313] [1] [ Info] [Eco] Запуск OtherAliasCategory...  
[01:03:00.313] [29] [ Info] [Eco] Запуск Asphalt...  
[01:03:00.327] [14] [ Info] [Eco] Запуск DiscordLink...  
[01:03:00.327] [6] [ Info] [Eco] Запуск ПлагинТестовИнтеграции...  
[01:03:00.327] [15] [ Info] [Eco] Запуск NidToolboxPlugin...  
[01:03:00.438] [1] [ Info] [Eco] Инициализируем ПлагинПеревода...  
[01:03:00.438] [1] [ Info] [Eco] Инициализируем ПлагинНабораМодификаций...  
[01:03:01.231] [1] [ Info] [Eco] Инициализируем ПлагинГенератораМира...  
[01:03:01.232] [1] [ Info] [Eco] Инициализируем МенеджерПользователей...  
[01:03:01.329] [1] [ Info] [Eco] Инициализируем ПлагинМусора...  
[01:03:01.349] [1] [ Info] [Eco] Инициализируем ПлагинЭкономики...  
[01:03:01.452] [1] [ Info] [Eco] Инициализируем Законодательство...  
[01:03:17.977] [1] [ Info] [Eco] Инициализируем МенеджерСобственности...  
[01:03:18.024] [1] [ Info] [Eco] Инициализируем МенеджерМиникарты...  
[01:03:18.958] [1] [ Info] [Eco] Инициализируем UserTracker...  
[01:03:18.972] [1] [ Info] [Eco] Инициализируем МенеджерМировыхОбъектов...  
[01:03:24.431] [1] [ Info] [Eco] Инициализируем ПлагинКомнат...  
[01:03:26.552] [1] [ Info] [Eco] Инициализируем ПлагинСна...  
[01:03:26.552] [1] [ Info] [Eco] Инициализируем NidToolboxPlugin...  
[01:03:26.552] [1] [ Info] [NidToolbox] Checking declared file: Mods\NidToolbox\Texts\Motd.txt 
[01:03:26.562] [1] [ Info] [NidToolbox] Config file:  Mods\NidToolbox\Texts\Motd.txt exists. 
[01:03:26.562] [1] [ Info] [NidToolbox] Config file:  Mods\NidToolbox\Texts\Motd.txt readable. 
[01:03:26.562] [1] [ Info] [NidToolbox] Checking declared file: Mods\NidToolbox\Texts\Rules.txt 
[01:03:26.562] [1] [ Info] [NidToolbox] Config file:  Mods\NidToolbox\Texts\Rules.txt exists. 
[01:03:26.562] [1] [ Info] [NidToolbox] Config file:  Mods\NidToolbox\Texts\Rules.txt readable. 
[01:03:26.562] [1] [ Info] [NidToolbox] Checking declared file: Mods\NidToolbox\Texts\ServerChangelog.txt 
[01:03:26.562] [1] [ Info] [NidToolbox] Config file:  Mods\NidToolbox\Texts\ServerChangelog.txt exists. 
[01:03:26.562] [1] [ Info] [NidToolbox] Config file:  Mods\NidToolbox\Texts\ServerChangelog.txt readable. 
[01:03:26.687] [1] [ Info] [Eco] Инициализируем DiscordLink...  
[01:03:26.725] [1] [ Info] [Eco] Инициализируем ПлагинМира...  
[01:03:26.725] [1] [ Info] [Eco] Обработка...  
[01:03:30.757] [165] [ Info] [Eco] DISCORDLINK: Connected to Discord.

 
[01:03:31.446] [1] [ Info] [Eco] Сжатие...  
[01:03:31.540] [165] [ Info] [Eco] DISCORDLINK: Connected and Ready
 
[01:03:35.481] [1] [ Info] [Eco] Инициализируем МенеджерСети...  
[01:03:35.757] [1] [ Info] [Eco] Инициализируем МенеджерСлоёвМира...  
[01:03:35.757] [1] [ Info] [Eco] Инициализируем ПлагинВебСервера...  
[01:03:36.536] [1] [ Info] [Eco] Инициализируем ПлагинТестовИнтеграции...  
[01:03:36.545] [1] [ Info] [NidToolbox] OK - Mono not detected, not a Linux environment 
[01:03:36.545] [1] [ Info] [NidToolbox] All commands in config up to date. 
[01:03:36.611] [1] [ Info] [NidToolbox] Running NidToolbox version 1.8.7 
[01:03:36.730] [1] [ Info] [Eco] Server Initialization завершена за 66 648,3мс
 
[01:39:39.570] [141] [ Info] [Eco] Удалена резервная копия - C:\SteamServers\steamapps\common\Eco Server\Storage\Backup\Game-2020-02-02-01.27.36
 
[01:51:41.569] [143] [ Info] [Eco] Удалена резервная копия - C:\SteamServers\steamapps\common\Eco Server\Storage\Backup\Game-2020-02-02-01.39.36
 
[02:03:44.410] [150] [ Info] [Eco] Удалена резервная копия - C:\SteamServers\steamapps\common\Eco Server\Storage\Backup\Game-2020-02-02-01.51.36
 
[02:27:39.391] [146] [ Info] [Eco] Удалена резервная копия - C:\SteamServers\steamapps\common\Eco Server\Storage\Backup\Game-2020-02-02-02.15.36
 
[02:39:42.931] [141] [ Info] [Eco] Удалена резервная копия - C:\SteamServers\steamapps\common\Eco Server\Storage\Backup\Game-2020-02-02-02.27.36
 
[02:51:42.666] [6] [ Info] [Eco] Удалена резервная копия - C:\SteamServers\steamapps\common\Eco Server\Storage\Backup\Game-2020-02-02-02.39.36
 
[03:03:39.547] [150] [ Info] [Eco] Удалена резервная копия - C:\SteamServers\steamapps\common\Eco Server\Storage\Backup\Game-2020-02-02-02.51.36
 
[03:04:16.613] [25] [ Info] [Eco] Пользователь с неверными данными пытался соединится: Sillerence
 
[03:27:42.125] [6] [ Info] [Eco] Удалена резервная копия - C:\SteamServers\steamapps\common\Eco Server\Storage\Backup\Game-2020-02-02-03.15.36
 
[03:39:39.078] [15] [ Info] [Eco] Удалена резервная копия - C:\SteamServers\steamapps\common\Eco Server\Storage\Backup\Game-2020-02-02-03.27.36
 
[03:51:43.326] [32] [ Info] [Eco] Удалена резервная копия - C:\SteamServers\steamapps\common\Eco Server\Storage\Backup\Game-2020-02-02-03.39.36
 
[04:03:39.968] [25] [ Info] [Eco] Удалена резервная копия - C:\SteamServers\steamapps\common\Eco Server\Storage\Backup\Game-2020-02-02-03.51.36
 
[04:27:42.979] [141] [ Info] [Eco] Удалена резервная копия - C:\SteamServers\steamapps\common\Eco Server\Storage\Backup\Game-2020-02-02-04.15.36
 
[04:39:39.671] [141] [ Info] [Eco] Удалена резервная копия - C:\SteamServers\steamapps\common\Eco Server\Storage\Backup\Game-2020-02-02-04.27.36
 
[04:40:37.719] [162] [ Info] [Eco] Bayan участвует в голосовании за закон Закон: Избирательный Налог (Версия 2), голосуя: нет
 
[04:51:42.844] [6] [ Info] [Eco] Удалена резервная копия - C:\SteamServers\steamapps\common\Eco Server\Storage\Backup\Game-2020-02-02-04.39.36
 
[05:03:44.569] [136] [ Info] [Eco] Удалена резервная копия - C:\SteamServers\steamapps\common\Eco Server\Storage\Backup\Game-2020-02-02-04.51.36
 
[05:27:39.649] [141] [ Info] [Eco] Удалена резервная копия - C:\SteamServers\steamapps\common\Eco Server\Storage\Backup\Game-2020-02-02-05.15.36
 
[05:39:42.681] [137] [ Info] [Eco] Удалена резервная копия - C:\SteamServers\steamapps\common\Eco Server\Storage\Backup\Game-2020-02-02-05.27.36
 
[05:51:43.344] [15] [ Info] [Eco] Удалена резервная копия - C:\SteamServers\steamapps\common\Eco Server\Storage\Backup\Game-2020-02-02-05.39.36
 
[06:03:39.915] [143] [ Info] [Eco] Удалена резервная копия - C:\SteamServers\steamapps\common\Eco Server\Storage\Backup\Game-2020-02-02-05.51.36
 
[06:27:39.731] [150] [ Info] [Eco] Удалена резервная копия - C:\SteamServers\steamapps\common\Eco Server\Storage\Backup\Game-2020-02-02-06.15.36
 
[06:39:42.474] [32] [ Info] [Eco] Удалена резервная копия - C:\SteamServers\steamapps\common\Eco Server\Storage\Backup\Game-2020-02-02-06.27.36
 
[06:51:30.111] [141] [ Info] [Eco] Пользователь с неверными данными пытался соединится: Miro
 
[06:51:41.972] [141] [ Info] [Eco] Удалена резервная копия - C:\SteamServers\steamapps\common\Eco Server\Storage\Backup\Game-2020-02-02-06.39.36
 
[07:03:42.325] [150] [ Info] [Eco] Удалена резервная копия - C:\SteamServers\steamapps\common\Eco Server\Storage\Backup\Game-2020-02-02-06.51.36
 
[07:10:19.393] [178] [ Info] [Eco] Failed to send packet: System.Net.Sockets.SocketException (0x80004005): Невозможно выполнить операцию на сокете, т.к. буфер слишком мал или очередь переполнена
   в System.Net.Sockets.Socket.SendTo(Byte[] buffer, Int32 offset, Int32 size, SocketFlags socketFlags, EndPoint remoteEP)
   в Lidgren.Network.NetPeer.SendPacket(Int32 numBytes, IPEndPoint target, Int32 numMessages, Boolean& connectionReset) 
[07:27:38.972] [25] [ Info] [Eco] Ошибка при резервном копировании БД: Недостаточно места на диске.

 
[07:27:39.377] [135] [ Info] [Eco] Получено исключение при попытке очистить предыдущее исключение: Недостаточно места на диске.
 
