[15:00:55.544] [1] [ Info] [Eco] >>> START EcoServer, Version=1.0.0.0, Culture=neutral, PublicKeyToken=null 
[15:00:55.573] [1] [ Info] [Eco] Eco Server 0.8.3.3 beta
 
[15:00:55.651] [1] [ Info] [Eco] Server Initialization...  
[15:00:55.651] [1] [ Info] [Eco] Starting LocalizationPlugin...  
[15:00:56.220] [1] [ Info] [Eco] Запуск ПлагинНабораМодификаций...  
[15:00:56.220] [1] [ Info] [Eco] Загрузка модификаций...  
[15:00:56.585] [1] [ Info] [Eco] Компилирование модификаций...  
[15:00:58.568] [1] [ Info] [Eco] Загружаем 0Harmony...
 
[15:00:58.568] [1] [ Info] [Eco] Загружаем Asphalt-ModKit...
 
[15:00:58.700] [1] [ Info] [Eco] Загружаем DiscordLink_blue...
 
[15:00:58.753] [1] [ Info] [Eco] Загружаем Eco.IntegrationTests...
 
[15:00:58.753] [1] [ Info] [Eco] Загружаем em-base...
 
[15:00:58.753] [1] [ Info] [Eco] Загружаем NoPlayerCredits...
 
[15:00:58.753] [1] [ Info] [Eco] Загружаем em-greenenergy...
 
[15:00:58.753] [1] [ Info] [Eco] Загружаем em-realisticsmelting...
 
[15:00:58.771] [1] [ Info] [Eco] Загружаем em-shippingcontainers...
 
[15:00:58.771] [1] [ Info] [Eco] Загружаем em-tailingspack...
 
[15:00:58.771] [1] [ Info] [Eco] Загружаем em-arches...
 
[15:00:58.771] [1] [ Info] [Eco] Загружаем em-doors...
 
[15:00:58.787] [1] [ Info] [Eco] Загружаем em-dyes...
 
[15:00:58.787] [1] [ Info] [Eco] Загружаем em-homeobjects...
 
[15:00:58.787] [1] [ Info] [Eco] Загружаем em-transportation...
 
[15:00:58.787] [1] [ Info] [Eco] Загружаем em-windows...
 
[15:00:58.807] [1] [ Info] [Eco] Загружаем em-zymology...
 
[15:00:58.807] [1] [ Info] [Eco] Загружаем HPStorage...
 
[15:00:58.807] [1] [ Info] [Eco] Загружаем NidToolbox...
 
[15:00:58.821] [1] [ Info] [Eco] Загрузка модификаций завершена за 2 599,6мс
 
[15:00:58.821] [1] [ Info] [Eco] Запуск МенеджерСети...  
[15:00:58.821] [7] [ Info] [Eco] Инициализация типов симуляции...  
[15:00:58.895] [15] [ Info] [Eco] Запуск ПлагинГенератораМира...  
[15:00:58.895] [14] [ Info] [Eco] Запуск ПлагинРезервногоКопирования...  
[15:00:58.895] [13] [ Info] [Eco] Запуск ПлагинИгровойСтатистики...  
[15:00:58.895] [14] [ Info] [Eco] Запуск МенеджерХранилища...  
[15:01:00.563] [7] [ Info] [Eco] Инициализация предметов...  
[15:01:00.770] [7] [ Info] [NidToolbox] Checking Settings.json 
[15:01:00.971] [7] [ Info] [NidToolbox] Config file: Mods\NidToolbox\Config\Settings.json exists. 
[15:01:00.990] [7] [ Info] [NidToolbox] Json file: Mods\NidToolbox\Config\Settings.json readable and correct. 
[15:01:00.990] [7] [ Info] [NidToolbox] Checking CommandPermissions.json 
[15:01:00.990] [7] [ Info] [NidToolbox] Config file: Mods\NidToolbox\Config\CommandPermissions.json exists. 
[15:01:01.004] [7] [ Info] [NidToolbox] Json file: Mods\NidToolbox\Config\CommandPermissions.json readable and correct. 
[15:01:01.004] [7] [ Info] [NidToolbox] Checking TimerMessages.json 
[15:01:01.004] [7] [ Info] [NidToolbox] Config file: Mods\NidToolbox\Config\TimerMessages.json exists. 
[15:01:01.004] [7] [ Info] [NidToolbox] Json file: Mods\NidToolbox\Config\TimerMessages.json readable and correct. 
[15:01:01.004] [7] [ Info] [NidToolbox] Checking ScheduledMessages.json 
[15:01:01.004] [7] [ Info] [NidToolbox] Config file: Mods\NidToolbox\Config\ScheduledMessages.json exists. 
[15:01:01.004] [7] [ Info] [NidToolbox] Json file: Mods\NidToolbox\Config\ScheduledMessages.json readable and correct. 
[15:01:01.020] [7] [ Info] [NidToolbox] No UserHomes directory, skipping user homes config checks. 
[15:01:01.825] [14] [ Info] [Eco] Запуск Плагин паузы...  
[15:01:01.833] [14] [ Info] [Eco] Загружаем Pause...  
[15:01:04.018] [7] [ Info] [Eco] Инициализация навыков...  
[15:01:04.124] [12] [ Info] [Eco] Запуск БДСтатистики...  
[15:01:04.124] [8] [ Info] [Eco] Запуск ПлагинМира...  
[15:01:04.167] [8] [ Info] [Eco] Загружаем World...  
[15:01:07.220] [8] [ Info] [Eco] Инициализация мира...  
[15:01:08.300] [8] [ Info] [Eco] Запуск ПлагинВремени...  
[15:01:08.300] [8] [ Info] [Eco] Загружаем Time...  
[15:01:08.300] [8] [ Info] [Eco] Запуск ПлагинРепутации...  
[15:01:08.300] [8] [ Info] [Eco] Загружаем Reputation...  
[15:01:08.315] [8] [ Info] [Eco] Запуск МенеджерЖильяИгроков...  
[15:01:08.315] [8] [ Info] [Eco] Запуск МенеджерПользователей...  
[15:01:08.370] [8] [ Info] [Eco] Загружаем Users...  
[15:01:08.531] [8] [ Info] [Eco] Инициализация инвентарей...  
[15:01:08.580] [8] [ Info] [Eco] Запуск МенеджерОбъектовЭко...  
[15:01:08.584] [8] [ Info] [Eco] Запуск ПлагинМусора...  
[15:01:08.584] [33] [ Info] [Eco] Запуск СерверЧата...  
[15:01:08.584] [29] [ Info] [Eco] Запуск МенеджерКонтроллера...  
[15:01:08.584] [8] [ Info] [Eco] Загружаем Garbage...  
[15:01:08.584] [13] [ Info] [Eco] Запуск ПлагинУгроз...  
[15:01:08.584] [32] [ Info] [Eco] Запуск VoiceManager...  
[15:01:08.584] [14] [ Info] [Eco] Запуск ПлагинЭкономики...  
[15:01:08.584] [10] [ Info] [Eco] Запуск НастройкиСложности...  
[15:01:08.584] [14] [ Info] [Eco] Загружаем Economy...  
[15:01:08.750] [13] [ Info] [Eco] Загружаем Disasters...  
[15:01:08.761] [14] [ Info] [Eco] Запуск Законодательство...  
[15:01:08.761] [33] [ Info] [Eco] Загружаем Chat...  
[15:01:08.791] [14] [ Info] [Eco] Загружаем Laws...  
[15:01:08.882] [14] [ Info] [Eco] Запуск МенеджерСобственности...  
[15:01:08.882] [14] [ Info] [Eco] Загружаем Property...  
[15:01:08.948] [14] [ Info] [Eco] Запуск МенеджерМиникарты...  
[15:01:08.948] [14] [ Info] [Eco] Запуск СимуляцияЭко...  
[15:01:09.013] [14] [ Info] [Eco] Загружаем Plants...  
[15:01:11.321] [14] [ Info] [Eco] Инициализация растений...  
[15:01:20.783] [14] [ Info] [Eco] Запуск RouteProbingPlugin...  
[15:01:20.785] [14] [ Info] [Eco] Загружаем RouteProbing...  
[15:01:23.999] [14] [ Info] [Eco] Запуск МенеджерСлоёвМира...  
[15:01:23.999] [14] [ Info] [Eco] Загружаем Layers...  
[15:01:24.651] [14] [ Info] [Eco] Инициализация слоёв мира...  
[15:01:24.651] [14] [ Info] [Eco] Загружаем ClimateSim...  
[15:01:28.382] [14] [ Info] [Eco] Запуск ТрекерЭкономики...  
[15:01:28.382] [14] [ Info] [Eco] Запуск UserTracker...  
[15:01:28.394] [14] [ Info] [Eco] Запуск МенеджерМировыхОбъектов...  
[15:01:28.492] [14] [ Info] [Eco] Загружаем WorldObjects...  
[15:01:28.638] [14] [ Info] [Eco] Запуск ПлагинКомнат...  
[15:01:28.638] [14] [ Info] [Eco] Загружаем Rooms...  
[15:01:28.650] [14] [ Info] [Eco] Запуск ПлагинЦелей...  
[15:01:28.650] [14] [ Info] [Eco] Загружаем Objectives...  
[15:01:28.663] [14] [ Info] [Eco] Запуск ПлагинСна...  
[15:01:28.663] [14] [ Info] [Eco] Загружаем Sleep...  
[15:01:28.663] [1] [ Info] [Eco] Запуск ПлагинВебСервера...  
[15:01:28.676] [1] [ Info] [Eco] Запуск OtherAliasCategory...  
[15:01:28.676] [33] [ Info] [Eco] Запуск Asphalt...  
[15:01:28.676] [6] [ Info] [Eco] Запуск NidToolboxPlugin...  
[15:01:28.676] [36] [ Info] [Eco] Запуск NoPlayerCreditsPlugin...  
[15:01:28.676] [5] [ Info] [Eco] Запуск ПлагинТестовИнтеграции...  
[15:01:28.676] [21] [ Info] [Eco] Запуск ChatBase...  
[15:01:28.676] [8] [ Info] [Eco] Запуск DiscordLink...  
[15:01:28.776] [1] [ Info] [Eco] Инициализируем ПлагинПеревода...  
[15:01:28.776] [1] [ Info] [Eco] Инициализируем ПлагинНабораМодификаций...  
[15:01:29.062] [1] [ Info] [Eco] Инициализируем ПлагинГенератораМира...  
[15:01:29.062] [1] [ Info] [Eco] Инициализируем МенеджерПользователей...  
[15:01:29.127] [1] [ Info] [Eco] Инициализируем ПлагинМусора...  
[15:01:29.141] [1] [ Info] [Eco] Инициализируем ПлагинЭкономики...  
[15:01:29.158] [1] [ Info] [Eco] Инициализируем Законодательство...  
[15:01:31.501] [1] [ Info] [Eco] Инициализируем МенеджерСобственности...  
[15:01:31.512] [1] [ Info] [Eco] Инициализируем МенеджерМиникарты...  
[15:01:32.458] [1] [ Info] [Eco] Инициализируем UserTracker...  
[15:01:32.458] [1] [ Info] [Eco] Инициализируем МенеджерМировыхОбъектов...  
[15:01:32.683] [1] [ Info] [Eco] Инициализируем ПлагинКомнат...  
[15:01:32.800] [1] [ Info] [Eco] Инициализируем ПлагинСна...  
[15:01:32.800] [1] [ Info] [Eco] Инициализируем NidToolboxPlugin...  
[15:01:32.800] [1] [ Info] [NidToolbox] Checking declared file: Mods\NidToolbox\Texts\Motd.txt 
[15:01:32.800] [1] [ Info] [NidToolbox] Config file:  Mods\NidToolbox\Texts\Motd.txt exists. 
[15:01:32.800] [1] [ Info] [NidToolbox] Config file:  Mods\NidToolbox\Texts\Motd.txt readable. 
[15:01:32.815] [1] [ Info] [NidToolbox] Checking declared file: Mods\NidToolbox\Texts\Rules.txt 
[15:01:32.815] [1] [ Info] [NidToolbox] Config file:  Mods\NidToolbox\Texts\Rules.txt exists. 
[15:01:32.815] [1] [ Info] [NidToolbox] Config file:  Mods\NidToolbox\Texts\Rules.txt readable. 
[15:01:32.815] [1] [ Info] [NidToolbox] Checking declared file: Mods\NidToolbox\Texts\ServerChangelog.txt 
[15:01:32.815] [1] [ Info] [NidToolbox] Config file:  Mods\NidToolbox\Texts\ServerChangelog.txt exists. 
[15:01:32.815] [1] [ Info] [NidToolbox] Config file:  Mods\NidToolbox\Texts\ServerChangelog.txt readable. 
[15:01:32.927] [1] [ Info] [Eco] Инициализируем NoPlayerCreditsPlugin...  
[15:01:32.927] [1] [ Info] [Eco] Инициализируем DiscordLink...  
[15:01:32.978] [1] [ Info] [Eco] Инициализируем ПлагинМира...  
[15:01:32.978] [1] [ Info] [Eco] Обработка...  
[15:01:33.883] [1] [ Info] [Eco] Сжатие...  
[15:01:37.370] [1] [ Info] [Eco] Инициализируем МенеджерСети...  
[15:01:37.404] [139] [ Info] [Eco] DISCORDLINK: Connected to Discord.

 
[15:01:37.603] [1] [ Info] [Eco] Инициализируем МенеджерСлоёвМира...  
[15:01:37.603] [1] [ Info] [Eco] Инициализируем ПлагинВебСервера...  
[15:01:38.516] [1] [ Info] [Eco] Инициализируем ПлагинТестовИнтеграции...  
[15:01:38.522] [1] [ Info] [NidToolbox] OK - Mono not detected, not a Linux environment 
[15:01:38.522] [1] [ Info] [NidToolbox] All commands in config up to date. 
[15:01:38.542] [139] [ Info] [Eco] DISCORDLINK: Connected and Ready
 
[15:01:38.612] [1] [ Info] [NidToolbox] Running NidToolbox version 1.8.7 
[15:01:38.676] [1] [ Info] [Eco] Server Initialization завершена за 43 016,5мс
 
[15:24:20.166] [140] [ Info] [Eco] DISCORDLINK: Resumed connection
 
[15:31:39.145] [26] [ Info] [Eco] Удалена резервная копия - D:/EcoBackup/Storage\Backup\Game-2020-02-27-13.53.26
 
[15:31:39.166] [26] [ Info] [Eco] Удалена резервная копия - D:/EcoBackup/Storage\Backup\Game-2020-02-26-15.03.31
 
[16:01:39.174] [26] [ Info] [Eco] Удалена резервная копия - D:/EcoBackup/Storage\Backup\Game-2020-02-26-16.03.31
 
[17:01:38.765] [11] [ Info] [Eco] Удалена резервная копия - D:/EcoBackup/Storage\Backup\Game-2020-02-26-17.03.31
 
[17:31:39.178] [15] [ Info] [Eco] Удалена резервная копия - D:/EcoBackup/Storage\Backup\Game-2020-02-27-16.31.38
 
[18:01:39.165] [5] [ Info] [Eco] Удалена резервная копия - D:/EcoBackup/Storage\Backup\Game-2020-02-26-18.03.31
 
[18:31:38.766] [26] [ Info] [Eco] Удалена резервная копия - D:/EcoBackup/Storage\Backup\Game-2020-02-27-17.31.38
 
[18:47:37.653] [30] [ Info] [Eco] DISCORDLINK: Resumed connection
 
[19:01:39.198] [15] [ Info] [Eco] Удалена резервная копия - D:/EcoBackup/Storage\Backup\Game-2020-02-26-19.03.31
 
[19:31:39.201] [29] [ Info] [Eco] Удалена резервная копия - D:/EcoBackup/Storage\Backup\Game-2020-02-27-18.31.38
 
[20:01:39.188] [26] [ Info] [Eco] Удалена резервная копия - D:/EcoBackup/Storage\Backup\Game-2020-02-26-20.03.31
 
[20:31:39.037] [21] [ Info] [Eco] Удалена резервная копия - D:/EcoBackup/Storage\Backup\Game-2020-02-27-19.31.38
 
[20:55:19.172] [34] [ Info] [log] letmeplay invoked admin command '/fly' 
[20:55:21.672] [34] [ Info] [log] letmeplay invoked admin command '/fly' 
[21:01:39.224] [16] [ Info] [Eco] Удалена резервная копия - D:/EcoBackup/Storage\Backup\Game-2020-02-26-21.03.31
 
[21:07:29.403] [34] [ Info] [log] letmeplay invoked admin command '/fly' 
[21:31:39.177] [25] [ Info] [Eco] Удалена резервная копия - D:/EcoBackup/Storage\Backup\Game-2020-02-27-20.31.38
 
[22:01:39.152] [21] [ Info] [Eco] Удалена резервная копия - D:/EcoBackup/Storage\Backup\Game-2020-02-26-22.32.11
 
[22:31:38.816] [26] [ Info] [Eco] Удалена резервная копия - D:/EcoBackup/Storage\Backup\Game-2020-02-27-21.31.38
 
[23:01:38.850] [16] [ Info] [Eco] Удалена резервная копия - D:/EcoBackup/Storage\Backup\Game-2020-02-26-23.02.11
 
[23:31:38.817] [26] [ Info] [Eco] Удалена резервная копия - D:/EcoBackup/Storage\Backup\Game-2020-02-27-22.31.38
 
[00:01:38.815] [5] [ Info] [Eco] Удалена резервная копия - D:/EcoBackup/Storage\Backup\Game-2020-02-25-00.12.07
 
[00:31:38.838] [11] [ Info] [Eco] Удалена резервная копия - D:/EcoBackup/Storage\Backup\Game-2020-02-27-23.31.38
 
[01:00:33.113] [32] [ Info] [log] letmeplay invoked admin command '/fly' 
[01:01:39.288] [25] [ Info] [Eco] Удалена резервная копия - D:/EcoBackup/Storage\Backup\Game-2020-02-27-01.53.26
 
[01:31:38.860] [15] [ Info] [Eco] Удалена резервная копия - D:/EcoBackup/Storage\Backup\Game-2020-02-28-00.31.38
 
[02:01:38.914] [21] [ Info] [Eco] Удалена резервная копия - D:/EcoBackup/Storage\Backup\Game-2020-02-27-02.23.26
 
[02:31:39.322] [26] [ Info] [Eco] Удалена резервная копия - D:/EcoBackup/Storage\Backup\Game-2020-02-28-01.31.38
 
[03:01:39.301] [21] [ Info] [Eco] Удалена резервная копия - D:/EcoBackup/Storage\Backup\Game-2020-02-27-03.23.26
 
[03:31:39.316] [7] [ Info] [Eco] Удалена резервная копия - D:/EcoBackup/Storage\Backup\Game-2020-02-28-02.31.38
 
[03:42:02.596] [18] [ Info] [log] AmeriQ invoked admin command '/fly' 
[04:01:39.299] [16] [ Info] [Eco] Удалена резервная копия - D:/EcoBackup/Storage\Backup\Game-2020-02-27-04.23.26
 
[04:07:25.007] [32] [ Info] [log] letmeplay invoked admin command '/record' 
[04:14:35.942] [18] [ Info] [log] AmeriQ invoked admin command '/fly' 
[04:31:39.340] [35] [ Info] [Eco] Удалена резервная копия - D:/EcoBackup/Storage\Backup\Game-2020-02-28-03.31.38
 
[05:01:39.361] [7] [ Info] [Eco] Удалена резервная копия - D:/EcoBackup/Storage\Backup\Game-2020-02-27-05.23.26
 
[05:01:49.284] [18] [ Info] [log] AmeriQ invoked admin command '/eat' 
[05:31:39.337] [16] [ Info] [Eco] Удалена резервная копия - D:/EcoBackup/Storage\Backup\Game-2020-02-28-04.31.38
 
[06:01:39.351] [15] [ Info] [Eco] Удалена резервная копия - D:/EcoBackup/Storage\Backup\Game-2020-02-27-06.23.26
 
[06:31:39.357] [21] [ Info] [Eco] Удалена резервная копия - D:/EcoBackup/Storage\Backup\Game-2020-02-28-05.31.38
 
[07:01:39.375] [35] [ Info] [Eco] Удалена резервная копия - D:/EcoBackup/Storage\Backup\Game-2020-02-27-07.23.26
 
[07:31:39.398] [29] [ Info] [Eco] Удалена резервная копия - D:/EcoBackup/Storage\Backup\Game-2020-02-28-06.31.38
 
[08:01:39.387] [26] [ Info] [Eco] Удалена резервная копия - D:/EcoBackup/Storage\Backup\Game-2020-02-27-08.23.26
 
[08:31:39.378] [5] [ Info] [Eco] Удалена резервная копия - D:/EcoBackup/Storage\Backup\Game-2020-02-28-07.31.38
 
[09:01:38.974] [29] [ Info] [Eco] Удалена резервная копия - D:/EcoBackup/Storage\Backup\Game-2020-02-27-09.23.26
 
[09:31:38.990] [26] [ Info] [Eco] Удалена резервная копия - D:/EcoBackup/Storage\Backup\Game-2020-02-28-08.31.38
 
[10:01:39.000] [7] [ Info] [Eco] Удалена резервная копия - D:/EcoBackup/Storage\Backup\Game-2020-02-27-10.23.26
 
[10:31:39.283] [16] [ Info] [Eco] Удалена резервная копия - D:/EcoBackup/Storage\Backup\Game-2020-02-28-09.31.38
 
[11:01:39.483] [19] [ Info] [Eco] Удалена резервная копия - D:/EcoBackup/Storage\Backup\Game-2020-02-27-11.23.26
 
[11:31:39.436] [29] [ Info] [Eco] Удалена резервная копия - D:/EcoBackup/Storage\Backup\Game-2020-02-28-10.31.38
 
[12:01:39.423] [26] [ Info] [Eco] Удалена резервная копия - D:/EcoBackup/Storage\Backup\Game-2020-02-27-12.23.26
 
[12:31:39.447] [8] [ Info] [Eco] Удалена резервная копия - D:/EcoBackup/Storage\Backup\Game-2020-02-28-11.31.38
 
[13:01:39.441] [35] [ Info] [Eco] Удалена резервная копия - D:/EcoBackup/Storage\Backup\Game-2020-02-27-13.23.26
 
[13:31:39.023] [19] [ Info] [Eco] Удалена резервная копия - D:/EcoBackup/Storage\Backup\Game-2020-02-28-12.31.38
 
[14:01:39.029] [35] [ Info] [Eco] Удалена резервная копия - D:/EcoBackup/Storage\Backup\Game-2020-02-27-14.23.26
 
[14:06:59.180] [28] [ Info] [Eco] DISCORDLINK: Resumed connection
 
[14:31:39.439] [25] [ Info] [Eco] Удалена резервная копия - D:/EcoBackup/Storage\Backup\Game-2020-02-28-13.31.38
 
[15:01:39.449] [5] [ Info] [Eco] Удалена резервная копия - D:/EcoBackup/Storage\Backup\Game-2020-02-27-15.31.38
 
[15:31:39.467] [26] [ Info] [Eco] Удалена резервная копия - D:/EcoBackup/Storage\Backup\Game-2020-02-28-14.31.38
 
[16:01:39.475] [26] [ Info] [Eco] Удалена резервная копия - D:/EcoBackup/Storage\Backup\Game-2020-02-27-16.01.38
 
[16:31:39.487] [8] [ Info] [Eco] Удалена резервная копия - D:/EcoBackup/Storage\Backup\Game-2020-02-28-15.31.38
 
[17:01:39.489] [5] [ Info] [Eco] Удалена резервная копия - D:/EcoBackup/Storage\Backup\Game-2020-02-27-17.01.38
 
[17:31:39.508] [7] [ Info] [Eco] Удалена резервная копия - D:/EcoBackup/Storage\Backup\Game-2020-02-28-16.31.38
 
[18:01:39.505] [7] [ Info] [Eco] Удалена резервная копия - D:/EcoBackup/Storage\Backup\Game-2020-02-27-18.01.38
 
[18:31:39.503] [35] [ Info] [Eco] Удалена резервная копия - D:/EcoBackup/Storage\Backup\Game-2020-02-28-17.31.38
 
[18:49:26.431] [33] [ Info] [log] AmeriQ invoked admin command '/fly' 
[18:50:28.452] [32] [ Info] [log] letmeplay invoked admin command '/fly' 
[18:50:31.081] [32] [ Info] [log] letmeplay invoked admin command '/fly' 
[18:50:33.888] [32] [ Info] [log] letmeplay invoked admin command '/fly' 
[18:52:58.256] [138] [ Info] [log] Dark Avenger invoked admin command '/fly' 
[18:59:42.553] [138] [ Info] [log] Dark Avenger invoked admin command '/eat' 
[19:00:51.308] [32] [ Info] [log] letmeplay invoked admin command '/fly' 
[19:01:02.209] [32] [ Info] [log] letmeplay invoked admin command '/fly' 
[19:01:03.877] [32] [ Info] [log] letmeplay invoked admin command '/fly' 
[19:01:39.526] [16] [ Info] [Eco] Удалена резервная копия - D:/EcoBackup/Storage\Backup\Game-2020-02-27-19.01.38
 
[19:01:45.508] [32] [ Info] [log] letmeplay invoked admin command '/fly' 
[19:01:47.190] [32] [ Info] [log] letmeplay invoked admin command '/fly' 
[19:02:05.575] [32] [ Info] [log] letmeplay invoked admin command '/fly' 
[19:02:09.477] [32] [ Info] [log] letmeplay invoked admin command '/fly' 
[19:03:12.830] [32] [ Info] [log] letmeplay invoked admin command '/fly' 
[19:07:02.289] [138] [ Info] [log] Dark Avenger invoked admin command '/fly' 
[19:07:15.489] [138] [ Info] [log] Dark Avenger invoked admin command '/fly' 
[19:07:22.555] [138] [ Info] [log] Dark Avenger invoked admin command '/fly' 
[19:07:32.189] [138] [ Info] [log] Dark Avenger invoked admin command '/fly' 
[19:07:47.210] [138] [ Info] [log] Dark Avenger invoked admin command '/fly' 
[19:08:15.956] [138] [ Info] [log] Dark Avenger invoked admin command '/fly' 
[19:10:15.244] [138] [ Info] [log] Dark Avenger invoked admin command '/fly' 
[19:10:22.991] [138] [ Info] [log] Dark Avenger invoked admin command '/fly' 
[19:10:27.762] [138] [ Info] [log] Dark Avenger invoked admin command '/fly' 
[19:11:18.893] [138] [ Info] [log] Dark Avenger invoked admin command '/fly' 
[19:12:26.974] [138] [ Info] [log] Dark Avenger invoked admin command '/fly' 
[19:12:43.765] [32] [ Info] [log] letmeplay invoked admin command '/fly' 
[19:13:05.389] [138] [ Info] [log] Dark Avenger invoked admin command '/fly' 
[19:13:34.704] [33] [ Info] [log] AmeriQ invoked admin command '/fly' 
[19:13:50.550] [33] [ Info] [log] AmeriQ invoked admin command '/givealltools 0' 
[19:13:55.412] [33] [ Info] [log] AmeriQ invoked admin command '/fly' 
[19:14:08.731] [138] [ Info] [log] Dark Avenger invoked admin command '/fly' 
[19:14:11.421] [32] [ Info] [log] letmeplay invoked admin command '/fly' 
[19:14:13.706] [138] [ Info] [log] Dark Avenger invoked admin command '/fly' 
[19:14:13.792] [32] [ Info] [log] letmeplay invoked admin command '/fly' 
[19:14:14.432] [33] [ Info] [log] AmeriQ invoked admin command '/dump' 
[19:14:16.644] [138] [ Info] [log] Dark Avenger invoked admin command '/fly' 
[19:14:18.815] [33] [ Info] [log] AmeriQ invoked admin command '/fly' 
[19:14:18.940] [32] [ Info] [log] letmeplay invoked admin command '/fly' 
[19:14:20.957] [32] [ Info] [log] letmeplay invoked admin command '/fly' 
[19:14:24.692] [138] [ Info] [log] Dark Avenger invoked admin command '/fly' 
[19:14:27.650] [33] [ Info] [log] AmeriQ invoked admin command '/fly' 
[19:14:27.791] [32] [ Info] [log] letmeplay invoked admin command '/fly' 
[19:14:28.709] [138] [ Info] [log] Dark Avenger invoked admin command '/fly' 
[19:14:30.128] [33] [ Info] [log] AmeriQ invoked admin command '/fly' 
[19:14:32.442] [32] [ Info] [log] letmeplay invoked admin command '/fly' 
[19:14:35.074] [138] [ Info] [log] Dark Avenger invoked admin command '/fly' 
[19:14:37.303] [33] [ Info] [log] AmeriQ invoked admin command '/fly' 
[19:14:38.241] [138] [ Info] [log] Dark Avenger invoked admin command '/fly' 
[19:14:38.889] [32] [ Info] [log] letmeplay invoked admin command '/fly' 
[19:14:40.032] [33] [ Info] [log] AmeriQ invoked admin command '/fly' 
[19:14:41.111] [32] [ Info] [log] letmeplay invoked admin command '/fly' 
[19:14:43.841] [138] [ Info] [log] Dark Avenger invoked admin command '/fly' 
[19:14:44.789] [33] [ Info] [log] AmeriQ invoked admin command '/fly' 
[19:14:47.925] [138] [ Info] [log] Dark Avenger invoked admin command '/fly' 
[19:14:53.118] [33] [ Info] [log] AmeriQ invoked admin command '/fly' 
[19:14:58.262] [33] [ Info] [log] AmeriQ invoked admin command '/fly' 
[19:15:01.083] [33] [ Info] [log] AmeriQ invoked admin command '/fly' 
[19:15:04.173] [138] [ Info] [log] Dark Avenger invoked admin command '/fly' 
[19:15:05.553] [33] [ Info] [log] AmeriQ invoked admin command '/fly' 
[19:15:08.976] [33] [ Info] [log] AmeriQ invoked admin command '/fly' 
[19:15:14.273] [33] [ Info] [log] AmeriQ invoked admin command '/fly' 
[19:15:18.323] [33] [ Info] [log] AmeriQ invoked admin command '/fly' 
[19:15:22.408] [33] [ Info] [log] AmeriQ invoked admin command '/fly' 
[19:15:25.647] [33] [ Info] [log] AmeriQ invoked admin command '/fly' 
[19:15:31.507] [138] [ Info] [log] Dark Avenger invoked admin command '/fly' 
[19:15:31.920] [33] [ Info] [log] AmeriQ invoked admin command '/fly' 
[19:15:34.447] [33] [ Info] [log] AmeriQ invoked admin command '/fly' 
[19:15:40.969] [33] [ Info] [log] AmeriQ invoked admin command '/fly' 
[19:15:43.009] [33] [ Info] [log] AmeriQ invoked admin command '/fly' 
[19:15:47.235] [33] [ Info] [log] AmeriQ invoked admin command '/fly' 
[19:15:50.142] [33] [ Info] [log] AmeriQ invoked admin command '/fly' 
[19:15:55.158] [33] [ Info] [log] AmeriQ invoked admin command '/fly' 
[19:15:59.366] [33] [ Info] [log] AmeriQ invoked admin command '/fly' 
[19:16:04.551] [33] [ Info] [log] AmeriQ invoked admin command '/fly' 
[19:16:07.064] [33] [ Info] [log] AmeriQ invoked admin command '/fly' 
[19:16:12.426] [33] [ Info] [log] AmeriQ invoked admin command '/fly' 
[19:16:15.168] [33] [ Info] [log] AmeriQ invoked admin command '/fly' 
[19:16:26.797] [33] [ Info] [log] AmeriQ invoked admin command '/fly' 
[19:16:29.612] [33] [ Info] [log] AmeriQ invoked admin command '/fly' 
[19:16:35.051] [33] [ Info] [log] AmeriQ invoked admin command '/fly' 
[19:16:38.711] [33] [ Info] [log] AmeriQ invoked admin command '/fly' 
[19:16:45.582] [33] [ Info] [log] AmeriQ invoked admin command '/fly' 
[19:16:52.349] [33] [ Info] [log] AmeriQ invoked admin command '/fly' 
[19:16:57.955] [33] [ Info] [log] AmeriQ invoked admin command '/fly' 
[19:17:02.281] [33] [ Info] [log] AmeriQ invoked admin command '/fly' 
[19:17:05.195] [33] [ Info] [log] AmeriQ invoked admin command '/fly' 
[19:17:08.542] [33] [ Info] [log] AmeriQ invoked admin command '/fly' 
[19:17:11.922] [33] [ Info] [log] AmeriQ invoked admin command '/fly' 
[19:17:15.756] [33] [ Info] [log] AmeriQ invoked admin command '/fly' 
[19:18:05.235] [33] [ Info] [log] AmeriQ invoked admin command '/fly' 
[19:18:08.524] [33] [ Info] [log] AmeriQ invoked admin command '/fly' 
[19:18:14.503] [33] [ Info] [log] AmeriQ invoked admin command '/fly' 
[19:18:16.996] [33] [ Info] [log] AmeriQ invoked admin command '/fly' 
[19:18:22.992] [33] [ Info] [log] AmeriQ invoked admin command '/fly' 
[19:18:25.746] [33] [ Info] [log] AmeriQ invoked admin command '/fly' 
[19:18:32.000] [33] [ Info] [log] AmeriQ invoked admin command '/fly' 
[19:18:34.644] [33] [ Info] [log] AmeriQ invoked admin command '/fly' 
[19:18:39.758] [33] [ Info] [log] AmeriQ invoked admin command '/fly' 
[19:18:42.194] [33] [ Info] [log] AmeriQ invoked admin command '/fly' 
[19:18:47.179] [33] [ Info] [log] AmeriQ invoked admin command '/fly' 
[19:18:49.529] [33] [ Info] [log] AmeriQ invoked admin command '/fly' 
[19:18:54.688] [33] [ Info] [log] AmeriQ invoked admin command '/fly' 
[19:18:57.040] [33] [ Info] [log] AmeriQ invoked admin command '/fly' 
[19:19:02.217] [33] [ Info] [log] AmeriQ invoked admin command '/fly' 
[19:19:04.922] [33] [ Info] [log] AmeriQ invoked admin command '/fly' 
[19:19:10.476] [33] [ Info] [log] AmeriQ invoked admin command '/fly' 
[19:19:11.325] [138] [ Info] [log] Dark Avenger invoked admin command '/fly' 
[19:19:12.790] [33] [ Info] [log] AmeriQ invoked admin command '/fly' 
[19:19:15.292] [138] [ Info] [log] Dark Avenger invoked admin command '/fly' 
[19:19:19.418] [33] [ Info] [log] AmeriQ invoked admin command '/fly' 
[19:19:20.777] [138] [ Info] [log] Dark Avenger invoked admin command '/fly' 
[19:19:21.897] [33] [ Info] [log] AmeriQ invoked admin command '/fly' 
[19:19:24.009] [138] [ Info] [log] Dark Avenger invoked admin command '/fly' 
[19:19:31.666] [32] [ Info] [log] letmeplay invoked admin command '/fly' 
[19:19:35.680] [33] [ Info] [log] AmeriQ invoked admin command '/fly' 
[19:19:37.033] [32] [ Info] [log] letmeplay invoked admin command '/fly' 
[19:19:38.121] [33] [ Info] [log] AmeriQ invoked admin command '/fly' 
[19:19:48.952] [33] [ Info] [log] AmeriQ invoked admin command '/fly' 
[19:19:51.165] [33] [ Info] [log] AmeriQ invoked admin command '/fly' 
[19:19:54.355] [138] [ Info] [log] Dark Avenger invoked admin command '/fly' 
[19:19:57.376] [33] [ Info] [log] AmeriQ invoked admin command '/fly' 
[19:19:59.503] [33] [ Info] [log] AmeriQ invoked admin command '/fly' 
[19:20:04.382] [33] [ Info] [log] AmeriQ invoked admin command '/fly' 
[19:20:05.769] [138] [ Info] [log] Dark Avenger invoked admin command '/fly' 
[19:20:06.840] [33] [ Info] [log] AmeriQ invoked admin command '/fly' 
[19:20:10.221] [138] [ Info] [log] Dark Avenger invoked admin command '/fly' 
[19:20:12.335] [33] [ Info] [log] AmeriQ invoked admin command '/fly' 
[19:20:13.462] [138] [ Info] [log] Dark Avenger invoked admin command '/fly' 
[19:20:14.563] [33] [ Info] [log] AmeriQ invoked admin command '/fly' 
[19:20:20.906] [33] [ Info] [log] AmeriQ invoked admin command '/fly' 
[19:20:23.803] [33] [ Info] [log] AmeriQ invoked admin command '/fly' 
[19:20:33.370] [33] [ Info] [log] AmeriQ invoked admin command '/fly' 
[19:20:36.826] [33] [ Info] [log] AmeriQ invoked admin command '/fly' 
[19:20:42.367] [33] [ Info] [log] AmeriQ invoked admin command '/fly' 
[19:20:44.545] [33] [ Info] [log] AmeriQ invoked admin command '/fly' 
[19:20:50.022] [33] [ Info] [log] AmeriQ invoked admin command '/fly' 
[19:20:52.059] [33] [ Info] [log] AmeriQ invoked admin command '/fly' 
[19:21:05.576] [33] [ Info] [log] AmeriQ invoked admin command '/fly' 
[19:21:08.583] [33] [ Info] [log] AmeriQ invoked admin command '/fly' 
[19:21:11.015] [33] [ Info] [log] AmeriQ invoked admin command '/fly' 
[19:21:13.167] [33] [ Info] [log] AmeriQ invoked admin command '/fly' 
[19:21:21.683] [33] [ Info] [log] AmeriQ invoked admin command '/fly' 
[19:21:24.644] [33] [ Info] [log] AmeriQ invoked admin command '/fly' 
[19:21:30.924] [33] [ Info] [log] AmeriQ invoked admin command '/fly' 
[19:21:33.420] [33] [ Info] [log] AmeriQ invoked admin command '/fly' 
[19:21:49.839] [33] [ Info] [log] AmeriQ invoked admin command '/fly' 
[19:21:52.231] [33] [ Info] [log] AmeriQ invoked admin command '/fly' 
[19:21:58.189] [33] [ Info] [log] AmeriQ invoked admin command '/fly' 
[19:22:00.517] [33] [ Info] [log] AmeriQ invoked admin command '/fly' 
[19:22:05.665] [33] [ Info] [log] AmeriQ invoked admin command '/fly' 
[19:22:07.551] [33] [ Info] [log] AmeriQ invoked admin command '/fly' 
[19:22:13.812] [33] [ Info] [log] AmeriQ invoked admin command '/fly' 
[19:22:16.678] [33] [ Info] [log] AmeriQ invoked admin command '/fly' 
[19:22:21.605] [33] [ Info] [log] AmeriQ invoked admin command '/fly' 
[19:22:24.002] [33] [ Info] [log] AmeriQ invoked admin command '/fly' 
[19:22:29.508] [33] [ Info] [log] AmeriQ invoked admin command '/fly' 
[19:22:32.642] [33] [ Info] [log] AmeriQ invoked admin command '/fly' 
[19:22:40.059] [33] [ Info] [log] AmeriQ invoked admin command '/fly' 
[19:22:42.576] [33] [ Info] [log] AmeriQ invoked admin command '/fly' 
[19:22:48.132] [33] [ Info] [log] AmeriQ invoked admin command '/fly' 
[19:22:50.018] [33] [ Info] [log] AmeriQ invoked admin command '/fly' 
[19:22:56.563] [33] [ Info] [log] AmeriQ invoked admin command '/fly' 
[19:22:58.749] [33] [ Info] [log] AmeriQ invoked admin command '/fly' 
[19:23:05.120] [33] [ Info] [log] AmeriQ invoked admin command '/fly' 
[19:23:07.073] [33] [ Info] [log] AmeriQ invoked admin command '/fly' 
[19:23:11.857] [33] [ Info] [log] AmeriQ invoked admin command '/fly' 
[19:23:14.096] [33] [ Info] [log] AmeriQ invoked admin command '/fly' 
[19:23:20.228] [33] [ Info] [log] AmeriQ invoked admin command '/fly' 
[19:23:22.282] [33] [ Info] [log] AmeriQ invoked admin command '/fly' 
[19:23:27.994] [33] [ Info] [log] AmeriQ invoked admin command '/fly' 
[19:23:29.889] [33] [ Info] [log] AmeriQ invoked admin command '/fly' 
[19:23:38.624] [33] [ Info] [log] AmeriQ invoked admin command '/fly' 
[19:23:41.580] [33] [ Info] [log] AmeriQ invoked admin command '/fly' 
[19:31:39.542] [35] [ Info] [Eco] Удалена резервная копия - D:/EcoBackup/Storage\Backup\Game-2020-02-28-18.31.38
 
[19:39:12.289] [33] [ Info] [log] AmeriQ invoked admin command '/fly' 
[19:40:17.842] [33] [ Info] [log] AmeriQ invoked admin command '/givealltools 0' 
[19:42:03.554] [33] [ Info] [log] AmeriQ invoked admin command '/dump' 
[19:42:24.907] [33] [ Info] [log] AmeriQ invoked admin command '/give contract board, 5' 
[20:01:39.592] [26] [ Info] [Eco] Удалена резервная копия - D:/EcoBackup/Storage\Backup\Game-2020-02-27-20.01.38
 
[20:08:17.154] [33] [ Info] [log] AmeriQ invoked admin command '/givealltools 0' 
[20:08:48.077] [33] [ Info] [log] AmeriQ invoked admin command '/give строительный знак, 10' 
[20:15:52.032] [23] [ Info] [log] Dark Avenger invoked admin command '/fly' 
[20:31:39.600] [15] [ Info] [Eco] Удалена резервная копия - D:/EcoBackup/Storage\Backup\Game-2020-02-28-19.31.38
 
[20:35:50.689] [23] [ Info] [log] Dark Avenger invoked admin command '/dump' 
[20:43:57.659] [23] [ Info] [log] Dark Avenger invoked admin command '/givealltools 0' 
[21:01:39.172] [29] [ Info] [Eco] Удалена резервная копия - D:/EcoBackup/Storage\Backup\Game-2020-02-27-21.01.38
 
[21:31:40.817] [11] [ Info] [Eco] Удалена резервная копия - D:/EcoBackup/Storage\Backup\Game-2020-02-28-20.31.39
 
[21:32:43.071] [23] [ Info] [log] Dark Avenger invoked admin command '/fly' 
[21:33:16.109] [23] [ Info] [log] Dark Avenger invoked admin command '/fly' 
[21:38:20.045] [23] [ Info] [log] Dark Avenger invoked admin command '/dump' 
[21:38:44.660] [23] [ Info] [log] Dark Avenger invoked admin command '/give помидор' 
[21:38:54.178] [23] [ Info] [log] Dark Avenger invoked admin command '/eat' 
[21:39:35.761] [23] [ Info] [log] Dark Avenger invoked admin command '/fly' 
[21:39:50.762] [23] [ Info] [log] Dark Avenger invoked admin command '/givealltools 0' 
[22:01:39.623] [7] [ Info] [Eco] Удалена резервная копия - D:/EcoBackup/Storage\Backup\Game-2020-02-27-22.01.38
 
[22:04:09.023] [32] [ Info] [log] letmeplay invoked admin command '/fly' 
[22:31:39.576] [11] [ Info] [Eco] Удалена резервная копия - D:/EcoBackup/Storage\Backup\Game-2020-02-28-21.31.39
 
[23:01:39.596] [21] [ Info] [Eco] Удалена резервная копия - D:/EcoBackup/Storage\Backup\Game-2020-02-27-23.01.38
 
[23:31:39.588] [19] [ Info] [Eco] Удалена резервная копия - D:/EcoBackup/Storage\Backup\Game-2020-02-28-22.31.39
 
[23:41:59.095] [3] [ Info] [log] AmeriQ invoked admin command '/fly' 
[23:48:55.671] [3] [ Info] [log] AmeriQ invoked admin command '/eat' 
[00:00:23.653] [3] [ Info] [log] AmeriQ invoked admin command '/passlaws' 
[00:01:39.621] [5] [ Info] [Eco] Удалена резервная копия - D:/EcoBackup/Storage\Backup\Game-2020-02-26-00.03.31
 
[00:21:44.609] [3] [ Info] [log] AmeriQ invoked admin command '/passlaws' 
[00:31:39.182] [11] [ Info] [Eco] Удалена резервная копия - D:/EcoBackup/Storage\Backup\Game-2020-02-28-23.31.39
 
[01:01:39.637] [26] [ Info] [Eco] Удалена резервная копия - D:/EcoBackup/Storage\Backup\Game-2020-02-28-01.01.38
 
[01:31:39.649] [21] [ Info] [Eco] Удалена резервная копия - D:/EcoBackup/Storage\Backup\Game-2020-02-29-00.31.39
 
[01:55:45.624] [32] [ Info] [log] letmeplay invoked admin command '/fly' 
[01:56:04.424] [32] [ Info] [log] letmeplay invoked admin command '/eat' 
[01:56:08.976] [32] [ Info] [log] letmeplay invoked admin command '/fly' 
[01:56:12.249] [32] [ Info] [log] letmeplay invoked admin command '/fly' 
[01:56:18.381] [32] [ Info] [log] letmeplay invoked admin command '/fly' 
[01:56:20.450] [32] [ Info] [log] letmeplay invoked admin command '/fly' 
[01:56:43.638] [34] [ Info] [log] AmeriQ invoked admin command '/dump' 
[02:01:39.188] [19] [ Info] [Eco] Удалена резервная копия - D:/EcoBackup/Storage\Backup\Game-2020-02-28-02.01.38
 
[02:20:56.519] [34] [ Info] [log] AmeriQ invoked admin command '/passlaws' 
[02:21:24.759] [34] [ Info] [log] AmeriQ invoked admin command '/fly' 
[02:21:27.769] [34] [ Info] [log] AmeriQ invoked admin command '/fly' 
[02:31:39.446] [15] [ Info] [Eco] Удалена резервная копия - D:/EcoBackup/Storage\Backup\Game-2020-02-29-01.31.39
 
[03:01:39.616] [19] [ Info] [Eco] Удалена резервная копия - D:/EcoBackup/Storage\Backup\Game-2020-02-28-03.01.38
 
[03:17:27.817] [32] [ Info] [log] letmeplay invoked admin command '/fly' 
[03:31:39.636] [21] [ Info] [Eco] Удалена резервная копия - D:/EcoBackup/Storage\Backup\Game-2020-02-29-02.31.39
 
[04:01:39.699] [16] [ Info] [Eco] Удалена резервная копия - D:/EcoBackup/Storage\Backup\Game-2020-02-28-04.01.38
 
[04:31:39.637] [19] [ Info] [Eco] Удалена резервная копия - D:/EcoBackup/Storage\Backup\Game-2020-02-29-03.31.39
 
[05:01:39.643] [5] [ Info] [Eco] Удалена резервная копия - D:/EcoBackup/Storage\Backup\Game-2020-02-28-05.01.38
 
[05:31:39.761] [5] [ Info] [Eco] Удалена резервная копия - D:/EcoBackup/Storage\Backup\Game-2020-02-29-04.31.39
 
[06:01:39.666] [21] [ Info] [Eco] Удалена резервная копия - D:/EcoBackup/Storage\Backup\Game-2020-02-28-06.01.38
 
[06:31:39.684] [35] [ Info] [Eco] Удалена резервная копия - D:/EcoBackup/Storage\Backup\Game-2020-02-29-05.31.39
 
[07:01:39.692] [21] [ Info] [Eco] Удалена резервная копия - D:/EcoBackup/Storage\Backup\Game-2020-02-28-07.01.38
 
[07:31:39.687] [7] [ Info] [Eco] Удалена резервная копия - D:/EcoBackup/Storage\Backup\Game-2020-02-29-06.31.39
 
[08:01:39.572] [15] [ Info] [Eco] Удалена резервная копия - D:/EcoBackup/Storage\Backup\Game-2020-02-28-08.01.38
 
[08:31:39.726] [19] [ Info] [Eco] Удалена резервная копия - D:/EcoBackup/Storage\Backup\Game-2020-02-29-07.31.39
 
[09:01:39.708] [8] [ Info] [Eco] Удалена резервная копия - D:/EcoBackup/Storage\Backup\Game-2020-02-28-09.01.38
 
[09:31:39.717] [19] [ Info] [Eco] Удалена резервная копия - D:/EcoBackup/Storage\Backup\Game-2020-02-29-08.31.39
 
[10:01:39.719] [21] [ Info] [Eco] Удалена резервная копия - D:/EcoBackup/Storage\Backup\Game-2020-02-28-10.01.38
 
[10:31:39.836] [5] [ Info] [Eco] Удалена резервная копия - D:/EcoBackup/Storage\Backup\Game-2020-02-29-09.31.39
 
[11:01:39.722] [5] [ Info] [Eco] Удалена резервная копия - D:/EcoBackup/Storage\Backup\Game-2020-02-28-11.01.38
 
[11:31:39.739] [15] [ Info] [Eco] Удалена резервная копия - D:/EcoBackup/Storage\Backup\Game-2020-02-29-10.31.39
 
[12:01:39.740] [21] [ Info] [Eco] Удалена резервная копия - D:/EcoBackup/Storage\Backup\Game-2020-02-28-12.01.38
 
[12:31:39.764] [26] [ Info] [Eco] Удалена резервная копия - D:/EcoBackup/Storage\Backup\Game-2020-02-29-11.31.39
 
[13:01:39.781] [29] [ Info] [Eco] Удалена резервная копия - D:/EcoBackup/Storage\Backup\Game-2020-02-28-13.01.38
 
[13:31:39.791] [8] [ Info] [Eco] Удалена резервная копия - D:/EcoBackup/Storage\Backup\Game-2020-02-29-12.31.39
 
[14:01:39.810] [21] [ Info] [Eco] Удалена резервная копия - D:/EcoBackup/Storage\Backup\Game-2020-02-28-14.01.38
 
[14:31:39.804] [26] [ Info] [Eco] Удалена резервная копия - D:/EcoBackup/Storage\Backup\Game-2020-02-29-13.31.39
 
[15:01:39.387] [25] [ Info] [Eco] Удалена резервная копия - D:/EcoBackup/Storage\Backup\Game-2020-02-28-15.01.38
 
[15:10:56.714] [142] [ Info] [log] Dark Avenger invoked admin command '/fly' 
[15:11:02.238] [142] [ Info] [log] Dark Avenger invoked admin command '/eat' 
[15:31:39.383] [8] [ Info] [Eco] Удалена резервная копия - D:/EcoBackup/Storage\Backup\Game-2020-02-29-14.31.39
 
[16:01:39.396] [29] [ Info] [Eco] Удалена резервная копия - D:/EcoBackup/Storage\Backup\Game-2020-02-28-16.01.38
 
[16:31:39.393] [11] [ Info] [Eco] Удалена резервная копия - D:/EcoBackup/Storage\Backup\Game-2020-02-29-15.31.39
 
[17:01:39.395] [26] [ Info] [Eco] Удалена резервная копия - D:/EcoBackup/Storage\Backup\Game-2020-02-28-17.01.38
 
[17:31:39.426] [7] [ Info] [Eco] Удалена резервная копия - D:/EcoBackup/Storage\Backup\Game-2020-02-29-16.31.39
 
[18:01:39.413] [16] [ Info] [Eco] Удалена резервная копия - D:/EcoBackup/Storage\Backup\Game-2020-02-28-18.01.38
 
[18:31:39.418] [19] [ Info] [Eco] Удалена резервная копия - D:/EcoBackup/Storage\Backup\Game-2020-02-29-17.31.39
 
[19:01:39.415] [5] [ Info] [Eco] Удалена резервная копия - D:/EcoBackup/Storage\Backup\Game-2020-02-28-19.01.38
 
[19:31:39.427] [29] [ Info] [Eco] Удалена резервная копия - D:/EcoBackup/Storage\Backup\Game-2020-02-29-18.31.39
 
[19:55:26.461] [3] [ Info] [log] Dark Avenger invoked admin command '/fly' 
[19:57:37.408] [3] [ Info] [log] Dark Avenger invoked admin command '/fly' 
[19:57:59.233] [3] [ Info] [log] Dark Avenger invoked admin command '/fly' 
[20:01:39.414] [11] [ Info] [Eco] Удалена резервная копия - D:/EcoBackup/Storage\Backup\Game-2020-02-28-20.01.38
 
[20:17:21.804] [142] [ Info] [log] Dark Avenger invoked admin command '/fly' 
[20:27:27.058] [136] [ Info] [log] AmeriQ invoked admin command '/eat' 
[20:27:28.694] [136] [ Info] [log] AmeriQ invoked admin command '/fly' 
[20:31:39.427] [29] [ Info] [Eco] Удалена резервная копия - D:/EcoBackup/Storage\Backup\Game-2020-02-29-19.31.39
 
[21:00:28.039] [142] [ Info] [log] Dark Avenger invoked admin command '/fly' 
[21:00:37.394] [142] [ Info] [log] Dark Avenger invoked admin command '/fly' 
[21:00:40.095] [142] [ Info] [log] Dark Avenger invoked admin command '/fly' 
[21:01:07.095] [142] [ Info] [log] Dark Avenger invoked admin command '/fly' 
[21:01:39.859] [35] [ Info] [Eco] Удалена резервная копия - D:/EcoBackup/Storage\Backup\Game-2020-02-28-21.01.39
 
[21:01:53.288] [142] [ Info] [log] Dark Avenger invoked admin command '/give claim' 
[21:01:55.892] [142] [ Info] [log] Dark Avenger invoked admin command '/give claim' 
[21:08:33.224] [142] [ Info] [log] Dark Avenger invoked admin command '/fly' 
[21:08:35.708] [142] [ Info] [log] Dark Avenger invoked admin command '/fly' 
[21:08:40.990] [142] [ Info] [log] Dark Avenger invoked admin command '/fly' 
[21:09:39.442] [142] [ Info] [log] Dark Avenger invoked admin command '/fly' 
[21:16:28.224] [142] [ Info] [log] Dark Avenger invoked admin command '/fly' 
[21:17:12.993] [142] [ Info] [log] Dark Avenger invoked admin command '/fly' 
[21:31:39.932] [19] [ Info] [Eco] Удалена резервная копия - D:/EcoBackup/Storage\Backup\Game-2020-02-29-20.31.39
 
[21:38:13.583] [142] [ Info] [log] Dark Avenger invoked admin command '/fly' 
[21:38:30.282] [142] [ Info] [log] Dark Avenger invoked admin command '/fly' 
[21:39:59.459] [142] [ Info] [log] Dark Avenger invoked admin command '/fly' 
[21:40:05.594] [142] [ Info] [log] Dark Avenger invoked admin command '/fly' 
[22:01:39.978] [15] [ Info] [Eco] Удалена резервная копия - D:/EcoBackup/Storage\Backup\Game-2020-02-28-22.01.39
 
[22:10:37.325] [136] [ Info] [log] AmeriQ invoked admin command '/passlaws' 
[22:18:31.089] [142] [ Info] [log] Dark Avenger invoked admin command '/record' 
[22:23:28.134] [136] [ Info] [log] AmeriQ invoked admin command '/passlaws' 
[22:24:10.147] [142] [ Info] [log] Dark Avenger invoked admin command '/fly' 
[22:25:32.186] [142] [ Info] [log] Dark Avenger invoked admin command '/record' 
[22:31:39.861] [16] [ Info] [Eco] Удалена резервная копия - D:/EcoBackup/Storage\Backup\Game-2020-02-29-21.31.39
 
[22:33:16.802] [136] [ Info] [log] AmeriQ invoked admin command '/passlaws' 
[22:37:02.525] [142] [ Info] [log] Dark Avenger invoked admin command '/fly' 
[23:01:39.849] [26] [ Info] [Eco] Удалена резервная копия - D:/EcoBackup/Storage\Backup\Game-2020-02-28-23.01.39
 
[23:31:39.879] [25] [ Info] [Eco] Удалена резервная копия - D:/EcoBackup/Storage\Backup\Game-2020-02-29-22.31.39
 
[00:01:39.873] [11] [ Info] [Eco] Удалена резервная копия - D:/EcoBackup/Storage\Backup\Game-2020-02-27-00.02.11
 
[00:31:39.889] [11] [ Info] [Eco] Удалена резервная копия - D:/EcoBackup/Storage\Backup\Game-2020-02-29-23.31.39
 
[01:01:39.997] [16] [ Info] [Eco] Удалена резервная копия - D:/EcoBackup/Storage\Backup\Game-2020-02-29-01.01.39
 
[01:31:39.467] [35] [ Info] [Eco] Удалена резервная копия - D:/EcoBackup/Storage\Backup\Game-2020-03-01-00.31.39
 
[02:01:39.481] [25] [ Info] [Eco] Удалена резервная копия - D:/EcoBackup/Storage\Backup\Game-2020-02-29-02.01.39
 
[02:31:39.499] [7] [ Info] [Eco] Удалена резервная копия - D:/EcoBackup/Storage\Backup\Game-2020-03-01-01.31.39
 
[02:39:36.358] [1] [ Info] [Eco] Сохранение...
 
[02:39:36.362] [1] [ Info] [Eco] Сохранение мира...  
[02:39:39.964] [1] [ Info] [Eco] Готово
 
[02:39:40.113] [1] [ Info] [Eco] Выключение завершено
 
