[03:27:46.516] [1] [ Info] [Eco] >>> START EcoServer, Version=1.0.0.0, Culture=neutral, PublicKeyToken=null 
[03:27:46.545] [1] [ Info] [Eco] Eco Server 0.8.3.2 beta
 
[03:27:46.618] [1] [ Info] [Eco] Server Initialization...  
[03:27:46.618] [1] [ Info] [Eco] Starting LocalizationPlugin...  
[03:27:46.967] [1] [ Info] [Eco] Starting ModKitPlugin...  
[03:27:46.967] [1] [ Info] [Eco] Loading mods...  
[03:27:47.083] [1] [ Info] [Eco] Compiling mods...  
[03:27:48.575] [1] [ Info] [Eco] Loading 0Harmony...
 
[03:27:48.579] [1] [ Info] [Eco] Loading Asphalt-ModKit...
 
[03:27:48.700] [1] [ Info] [Eco] Loading Eco.IntegrationTests...
 
[03:27:48.703] [1] [ Info] [Eco] Loading DiscordLinkUnified...
 
[03:27:48.751] [1] [ Info] [Eco] Loading HPStorage...
 
[03:27:48.751] [1] [ Info] [Eco] Loading mods finished in 1 785,3ms
 
[03:27:48.751] [1] [ Info] [Eco] Starting NetworkManager...  
[03:27:48.751] [7] [ Info] [Eco] Initializing Simulation Types...  
[03:27:48.836] [8] [ Info] [Eco] Starting WorldGeneratorPlugin...  
[03:27:48.836] [11] [ Info] [Eco] Starting GameplayStatsPlugin...  
[03:27:48.836] [5] [ Info] [Eco] Starting BackupPlugin...  
[03:27:48.844] [5] [ Info] [Eco] Starting StorageManager...  
[03:27:50.010] [7] [ Info] [Eco] Initializing items...  
[03:27:50.851] [5] [ Info] [Eco] Starting PausePlugin...  
[03:27:52.897] [7] [ Info] [Eco] Initializing skills...  
[03:27:53.001] [16] [ Info] [Eco] Starting StatDatabase...  
[03:27:53.001] [6] [ Info] [Eco] Starting WorldPlugin...  
[03:27:53.061] [6] [ Info] [Eco] Initializing world...  
[03:27:53.061] [6] [ Info] [Eco] Starting TimePlugin...  
[03:27:53.061] [6] [ Info] [Eco] Starting ReputationPlugin...  
[03:27:53.061] [6] [ Info] [Eco] Starting PlayerHousingManager...  
[03:27:53.061] [6] [ Info] [Eco] Starting UserManager...  
[03:27:53.113] [6] [ Info] [Eco] Initializing inventories...  
[03:27:53.151] [6] [ Info] [Eco] Starting EcoObjectManager...  
[03:27:53.158] [5] [ Info] [Eco] Starting GarbagePlugin...  
[03:27:53.158] [11] [ Info] [Eco] Starting DifficultySettings...  
[03:27:53.158] [9] [ Info] [Eco] Starting ControllerManager...  
[03:27:53.158] [13] [ Info] [Eco] Starting VoiceManager...  
[03:27:53.158] [10] [ Info] [Eco] Starting ChatServer...  
[03:27:53.158] [16] [ Info] [Eco] Starting DisasterPlugin...  
[03:27:53.158] [7] [ Info] [Eco] Starting EconomyPlugin...  
[03:27:53.198] [7] [ Info] [Eco] Starting Legislation...  
[03:27:53.203] [7] [ Info] [Eco] Starting PropertyManager...  
[03:27:53.203] [7] [ Info] [Eco] Starting MinimapManager...  
[03:27:53.223] [7] [ Info] [Eco] Starting EcoSim...  
[03:27:53.339] [7] [ Info] [Eco] Initializing plants...  
[03:27:53.389] [7] [ Info] [Eco] Starting RouteProbingPlugin...  
[03:27:53.389] [7] [ Info] [Eco] Starting WorldLayerManager...  
[03:27:53.415] [7] [ Info] [Eco] Starting EconomyTracker...  
[03:27:53.421] [7] [ Info] [Eco] Starting UserTracker...  
[03:27:53.421] [7] [ Info] [Eco] Starting WorldObjectManager...  
[03:27:53.501] [7] [ Info] [Eco] Starting RoomPlugin...  
[03:27:53.514] [7] [ Info] [Eco] Starting ObjectivePlugin...  
[03:27:53.530] [7] [ Info] [Eco] Starting SleepPlugin...  
[03:27:53.801] [1] [ Info] [Eco] Starting WebServerPlugin...  
[03:27:53.814] [1] [ Info] [Eco] Starting OtherAliasCategory...  
[03:27:53.814] [17] [ Info] [Eco] Starting DiscordLink...  
[03:27:53.814] [6] [ Info] [Eco] Starting Asphalt...  
[03:27:53.814] [11] [ Info] [Eco] Starting IntegrationTestsPlugin...  
[03:27:53.905] [1] [ Info] [Eco] Initializing LocalizationPlugin...  
[03:27:53.977] [1] [ Info] [Eco] Initializing ModKitPlugin...  
[03:27:54.334] [1] [ Info] [Eco] Initializing WorldGeneratorPlugin...  
[03:27:54.357] [1] [ Info] [Eco] Generating world 2,96km²...  
[03:30:28.592] [1] [ Info] [Eco] Generating terrain...  
[03:33:50.334] [1] [ Info] [Eco] Caching world data...  
[03:34:14.478] [1] [ Info] [Eco] Placing water...  
[03:34:18.688] [1] [ Info] [Eco] Generating special features...  
[03:34:18.818] [1] [ Info] [Eco] Extruding cliffs...  
[03:34:30.588] [1] [ Info] [Eco] Ticking (Pass 1)...  
[03:36:30.665] [151] [ Info] [Eco] Initializing world layers...  
[03:36:39.259] [151] [ Info] [Eco] Ticking world layers...  
[03:37:52.644] [1] [ Info] [Eco] Ticking (Pass 2)...  
[03:37:58.179] [1] [ Info] [Eco] Computing stats...  
[03:38:01.576] [1] [ Info] [Eco] Determining visibility...  
[03:38:03.473] [1] [ Info] [Eco] Compressing...  
[03:38:25.143] [1] [ Info] [Eco] Saving world...  
[03:38:31.081] [1] [ Info] [Eco] Generating world 2,96km² finished in 636 723,1ms
 
[03:38:31.081] [1] [ Info] [Eco] Initializing UserManager...  
[03:38:31.081] [1] [ Info] [Eco] Initializing GarbagePlugin...  
[03:38:31.081] [1] [ Info] [Eco] Initializing EconomyPlugin...  
[03:38:31.116] [1] [ Info] [Eco] Initializing Legislation...  
[03:38:31.194] [1] [ Info] [Eco] Initializing PropertyManager...  
[03:38:31.194] [1] [ Info] [Eco] Initializing MinimapManager...  
[03:38:32.463] [1] [ Info] [Eco] Initializing UserTracker...  
[03:38:32.463] [1] [ Info] [Eco] Initializing WorldObjectManager...  
[03:38:32.513] [1] [ Info] [Eco] Initializing RoomPlugin...  
[03:38:32.517] [1] [ Info] [Eco] Initializing SleepPlugin...  
[03:38:32.517] [1] [ Info] [Eco] Initializing DiscordLink...  
[03:38:32.546] [1] [ Info] [Eco] Initializing WorldPlugin...  
[03:38:32.546] [1] [ Info] [Eco] Ticking...  
[03:38:32.585] [1] [ Info] [Eco] Compressing...  
[03:38:32.939] [1] [ Info] [Eco] Initializing NetworkManager...  
[03:38:33.193] [1] [ Info] [Eco] Initializing WorldLayerManager...  
[03:38:33.193] [1] [ Info] [Eco] Initializing WebServerPlugin...  
[03:38:33.568] [150] [ Info] [Eco] DISCORDLINK: Connected to Discord.

 
[03:38:33.924] [1] [ Info] [Eco] Initializing IntegrationTestsPlugin...  
[03:38:33.992] [1] [ Info] [Eco] Server Initialization finished in 647 373,6ms
 
[03:38:34.485] [150] [ Info] [Eco] DISCORDLINK: Connected and Ready
 
[03:38:51.851] [1] [ Info] [Eco] Saving...
 
[03:38:51.851] [1] [ Info] [Eco] Saving world...  
