[13:02:30.537] [1] [ Info] [Eco] >>> START EcoServer, Version=1.0.0.0, Culture=neutral, PublicKeyToken=null 
[13:02:30.566] [1] [ Info] [Eco] Eco Server 0.8.3.2 beta
 
[13:02:30.639] [1] [ Info] [Eco] Server Initialization...  
[13:02:30.640] [1] [ Info] [Eco] Starting LocalizationPlugin...  
[13:02:31.003] [1] [ Info] [Eco] Запуск ПлагинНабораМодификаций...  
[13:02:31.003] [1] [ Info] [Eco] Загрузка модификаций...  
[13:02:31.100] [1] [ Info] [Eco] Компилирование модификаций...  
[13:02:32.608] [1] [ Info] [Eco] Загружаем 0Harmony...
 
[13:02:32.614] [1] [ Info] [Eco] Загружаем Asphalt-ModKit...
 
[13:02:32.736] [1] [ Info] [Eco] Загружаем Eco.IntegrationTests...
 
[13:02:32.736] [1] [ Info] [Eco] Загружаем DiscordLinkUnified...
 
[13:02:32.788] [1] [ Info] [Eco] Загружаем EcoStory...
 
[13:02:32.788] [1] [ Info] [Eco] Загрузка модификаций завершена за 1 787,7мс
 
[13:02:32.796] [1] [ Info] [Eco] Запуск МенеджерСети...  
[13:02:32.796] [6] [ Info] [Eco] Инициализация типов симуляции...  
[13:02:32.873] [13] [ Info] [Eco] Запуск ПлагинГенератораМира...  
[13:02:32.873] [11] [ Info] [Eco] Запуск ПлагинРезервногоКопирования...  
[13:02:32.874] [10] [ Info] [Eco] Запуск ПлагинИгровойСтатистики...  
[13:02:32.874] [11] [ Info] [Eco] Запуск МенеджерХранилища...  
[13:02:33.344] [1] [ Info] [Eco] Server Initialization завершена за 2 704,8мс
 
[13:02:33.344] [1] [ Info] [Eco] Failed to load server, Exception was Exception: JsonReaderException
Message:Bad JSON escape sequence: \E. Path 'StorageDirectory', line 5, position 27.
Source:Newtonsoft.Json

Newtonsoft.Json.JsonReaderException: Bad JSON escape sequence: \E. Path 'StorageDirectory', line 5, position 27.
   at Newtonsoft.Json.JsonTextReader.ReadStringIntoBuffer(Char quote)
   at Newtonsoft.Json.JsonTextReader.ReadStringValue(ReadType readType)
   at Newtonsoft.Json.JsonTextReader.ReadAsString()
   at Newtonsoft.Json.JsonReader.ReadForType(JsonContract contract, Boolean hasConverter)
   at Newtonsoft.Json.Serialization.JsonSerializerInternalReader.PopulateObject(Object newObject, JsonReader reader, JsonObjectContract contract, JsonProperty member, String id)
   at Newtonsoft.Json.Serialization.JsonSerializerInternalReader.CreateObject(JsonReader reader, Type objectType, JsonContract contract, JsonProperty member, JsonContainerContract containerContract, JsonProperty containerMember, Object existingValue)
   at Newtonsoft.Json.Serialization.JsonSerializerInternalReader.Deserialize(JsonReader reader, Type objectType, Boolean checkAdditionalContent)
   at Newtonsoft.Json.JsonSerializer.DeserializeInternal(JsonReader reader, Type objectType)
   at Newtonsoft.Json.JsonConvert.DeserializeObject(String value, Type type, JsonSerializerSettings settings)
   at Newtonsoft.Json.JsonConvert.DeserializeObject[T](String value, JsonSerializerSettings settings)
   at Eco.Core.Plugins.PluginConfig`1.Load(String filename)
   at Eco.Core.Plugins.StorageManager..ctor()
 
[13:02:33.523] [6] [ Info] [Eco] Инициализация предметов...  
[13:02:33.593] [6] [ Info] [NidToolbox] Checking Settings.json 
[13:02:33.594] [6] [ Info] [NidToolbox] Config file: Mods\NidToolbox\Config\Settings.json exists. 
[13:02:33.594] [6] [ Info] [NidToolbox] Json file: Mods\NidToolbox\Config\Settings.json readable and correct. 
[13:02:33.594] [6] [ Info] [NidToolbox] Checking CommandPermissions.json 
[13:02:33.594] [6] [ Info] [NidToolbox] Config file: Mods\NidToolbox\Config\CommandPermissions.json exists. 
[13:02:33.594] [6] [ Info] [NidToolbox] Json file: Mods\NidToolbox\Config\CommandPermissions.json readable and correct. 
[13:02:33.594] [6] [ Info] [NidToolbox] Checking TimerMessages.json 
[13:02:33.609] [6] [ Info] [NidToolbox] Config file: Mods\NidToolbox\Config\TimerMessages.json exists. 
[13:02:33.609] [6] [ Info] [NidToolbox] Json file: Mods\NidToolbox\Config\TimerMessages.json readable and correct. 
[13:02:33.609] [6] [ Info] [NidToolbox] Checking ScheduledMessages.json 
[13:02:33.609] [6] [ Info] [NidToolbox] Config file: Mods\NidToolbox\Config\ScheduledMessages.json exists. 
[13:02:33.609] [6] [ Info] [NidToolbox] Json file: Mods\NidToolbox\Config\ScheduledMessages.json readable and correct. 
[13:02:33.609] [6] [ Info] [NidToolbox] No UserHomes directory, skipping user homes config checks. 
[13:02:35.899] [6] [ Info] [Eco] Инициализация навыков...  
