[10:10:44.558] [1] [ Info] [Eco] >>> START EcoServer, Version=1.0.0.0, Culture=neutral, PublicKeyToken=null 
[10:10:44.586] [1] [ Info] [Eco] Eco Server 0.8.3.3 beta
 
[10:10:44.658] [1] [ Info] [Eco] Server Initialization...  
[10:10:44.658] [1] [ Info] [Eco] Starting LocalizationPlugin...  
[10:10:45.053] [1] [ Info] [Eco] Запуск ПлагинНабораМодификаций...  
[10:10:45.054] [1] [ Info] [Eco] Загрузка модификаций...  
[10:10:45.346] [1] [ Info] [Eco] Компилирование модификаций...  
[10:10:46.824] [1] [ Info] [Eco] Загружаем 0Harmony...
 
[10:10:46.824] [1] [ Info] [Eco] Загружаем Asphalt-ModKit...
 
[10:10:46.949] [1] [ Info] [Eco] Загружаем DiscordLink_blue...
 
[10:10:46.995] [1] [ Info] [Eco] Загружаем Eco.IntegrationTests...
 
[10:10:46.995] [1] [ Info] [Eco] Загружаем em-base...
 
[10:10:46.995] [1] [ Info] [Eco] Загружаем NoPlayerCredits...
 
[10:10:46.995] [1] [ Info] [Eco] Загружаем em-greenenergy...
 
[10:10:46.995] [1] [ Info] [Eco] Загружаем em-realisticsmelting...
 
[10:10:46.995] [1] [ Info] [Eco] Загружаем em-shippingcontainers...
 
[10:10:46.995] [1] [ Info] [Eco] Загружаем em-tailingspack...
 
[10:10:47.007] [1] [ Info] [Eco] Загружаем em-arches...
 
[10:10:47.007] [1] [ Info] [Eco] Загружаем em-doors...
 
[10:10:47.007] [1] [ Info] [Eco] Загружаем em-dyes...
 
[10:10:47.007] [1] [ Info] [Eco] Загружаем em-homeobjects...
 
[10:10:47.024] [1] [ Info] [Eco] Загружаем em-transportation...
 
[10:10:47.024] [1] [ Info] [Eco] Загружаем em-windows...
 
[10:10:47.024] [1] [ Info] [Eco] Загружаем em-zymology...
 
[10:10:47.042] [1] [ Info] [Eco] Загружаем HPStorage...
 
[10:10:47.042] [1] [ Info] [Eco] Загружаем NidToolbox...
 
[10:10:47.042] [1] [ Info] [Eco] Загрузка модификаций завершена за 1 994,8мс
 
[10:10:47.042] [1] [ Info] [Eco] Запуск МенеджерСети...  
[10:10:47.056] [8] [ Info] [Eco] Инициализация типов симуляции...  
[10:10:47.107] [1] [ Info] [Eco] Server Initialization завершена за 2 448,0мс
 
[10:10:47.107] [1] [ Info] [Eco] Failed to load server, Exception was Exception: JsonReaderException
Message:After parsing a value an unexpected character was encountered: ". Path 'Description', line 6, position 210.
Source:Newtonsoft.Json

Newtonsoft.Json.JsonReaderException: After parsing a value an unexpected character was encountered: ". Path 'Description', line 6, position 210.
   at Newtonsoft.Json.JsonTextReader.ParsePostValue(Boolean ignoreComments)
   at Newtonsoft.Json.JsonTextReader.Read()
   at Newtonsoft.Json.Serialization.JsonSerializerInternalReader.PopulateObject(Object newObject, JsonReader reader, JsonObjectContract contract, JsonProperty member, String id)
   at Newtonsoft.Json.Serialization.JsonSerializerInternalReader.Populate(JsonReader reader, Object target)
   at Newtonsoft.Json.JsonSerializer.PopulateInternal(JsonReader reader, Object target)
   at Newtonsoft.Json.JsonConvert.PopulateObject(String value, Object target, JsonSerializerSettings settings)
   at Eco.Core.Plugins.PluginConfig`1.Load(String filename)
   at Eco.Plugins.Networking.NetworkManager..ctor()
 
[10:10:47.818] [8] [ Info] [Eco] Инициализация предметов...  
[10:10:47.896] [8] [ Info] [NidToolbox] Checking Settings.json 
[10:10:47.897] [8] [ Info] [NidToolbox] Config file: Mods\NidToolbox\Config\Settings.json exists. 
[10:10:47.897] [8] [ Info] [NidToolbox] Json file: Mods\NidToolbox\Config\Settings.json readable and correct. 
[10:10:47.897] [8] [ Info] [NidToolbox] Checking CommandPermissions.json 
[10:10:47.897] [8] [ Info] [NidToolbox] Config file: Mods\NidToolbox\Config\CommandPermissions.json exists. 
[10:10:47.897] [8] [ Info] [NidToolbox] Json file: Mods\NidToolbox\Config\CommandPermissions.json readable and correct. 
[10:10:47.897] [8] [ Info] [NidToolbox] Checking TimerMessages.json 
[10:10:47.897] [8] [ Info] [NidToolbox] Config file: Mods\NidToolbox\Config\TimerMessages.json exists. 
[10:10:47.897] [8] [ Info] [NidToolbox] Json file: Mods\NidToolbox\Config\TimerMessages.json readable and correct. 
[10:10:47.897] [8] [ Info] [NidToolbox] Checking ScheduledMessages.json 
[10:10:47.897] [8] [ Info] [NidToolbox] Config file: Mods\NidToolbox\Config\ScheduledMessages.json exists. 
[10:10:47.915] [8] [ Info] [NidToolbox] Json file: Mods\NidToolbox\Config\ScheduledMessages.json readable and correct. 
[10:10:47.915] [8] [ Info] [NidToolbox] No UserHomes directory, skipping user homes config checks. 
[10:10:50.468] [8] [ Info] [Eco] Инициализация навыков...  
