[09:49:49.862] [1] [ Info] [Eco] >>> START EcoServer, Version=1.0.0.0, Culture=neutral, PublicKeyToken=null 
[09:49:49.890] [1] [ Info] [Eco] Eco Server 0.8.3.3 beta
 
[09:49:49.961] [1] [ Info] [Eco] Server Initialization...  
[09:49:49.961] [1] [ Info] [Eco] Starting LocalizationPlugin...  
[09:49:50.351] [1] [ Info] [Eco] Запуск ПлагинНабораМодификаций...  
[09:49:50.351] [1] [ Info] [Eco] Загрузка модификаций...  
[09:49:50.646] [1] [ Info] [Eco] Компилирование модификаций...  
[09:49:52.123] [1] [ Info] [Eco] Загружаем 0Harmony...
 
[09:49:52.123] [1] [ Info] [Eco] Загружаем Asphalt-ModKit...
 
[09:49:52.250] [1] [ Info] [Eco] Загружаем DiscordLink_blue...
 
[09:49:52.310] [1] [ Info] [Eco] Загружаем Eco.IntegrationTests...
 
[09:49:52.310] [1] [ Info] [Eco] Загружаем em-base...
 
[09:49:52.310] [1] [ Info] [Eco] Загружаем NoPlayerCredits...
 
[09:49:52.310] [1] [ Info] [Eco] Загружаем em-greenenergy...
 
[09:49:52.310] [1] [ Info] [Eco] Загружаем em-realisticsmelting...
 
[09:49:52.310] [1] [ Info] [Eco] Загружаем em-shippingcontainers...
 
[09:49:52.319] [1] [ Info] [Eco] Загружаем em-tailingspack...
 
[09:49:52.319] [1] [ Info] [Eco] Загружаем em-arches...
 
[09:49:52.319] [1] [ Info] [Eco] Загружаем em-doors...
 
[09:49:52.319] [1] [ Info] [Eco] Загружаем em-dyes...
 
[09:49:52.319] [1] [ Info] [Eco] Загружаем em-homeobjects...
 
[09:49:52.319] [1] [ Info] [Eco] Загружаем em-transportation...
 
[09:49:52.335] [1] [ Info] [Eco] Загружаем em-windows...
 
[09:49:52.335] [1] [ Info] [Eco] Загружаем em-zymology...
 
[09:49:52.335] [1] [ Info] [Eco] Загружаем HPStorage...
 
[09:49:52.335] [1] [ Info] [Eco] Загружаем NidToolbox...
 
[09:49:52.356] [1] [ Info] [Eco] Загрузка модификаций завершена за 2 001,9мс
 
[09:49:52.356] [1] [ Info] [Eco] Запуск МенеджерСети...  
[09:49:52.356] [5] [ Info] [Eco] Инициализация типов симуляции...  
[09:49:52.415] [1] [ Info] [Eco] Server Initialization завершена за 2 453,8мс
 
[09:49:52.415] [1] [ Info] [Eco] Failed to load server, Exception was Exception: JsonReaderException
Message:After parsing a value an unexpected character was encountered: ". Path 'Description', line 6, position 210.
Source:Newtonsoft.Json

Newtonsoft.Json.JsonReaderException: After parsing a value an unexpected character was encountered: ". Path 'Description', line 6, position 210.
   at Newtonsoft.Json.JsonTextReader.ParsePostValue(Boolean ignoreComments)
   at Newtonsoft.Json.JsonTextReader.Read()
   at Newtonsoft.Json.Serialization.JsonSerializerInternalReader.PopulateObject(Object newObject, JsonReader reader, JsonObjectContract contract, JsonProperty member, String id)
   at Newtonsoft.Json.Serialization.JsonSerializerInternalReader.Populate(JsonReader reader, Object target)
   at Newtonsoft.Json.JsonSerializer.PopulateInternal(JsonReader reader, Object target)
   at Newtonsoft.Json.JsonConvert.PopulateObject(String value, Object target, JsonSerializerSettings settings)
   at Eco.Core.Plugins.PluginConfig`1.Load(String filename)
   at Eco.Plugins.Networking.NetworkManager..ctor()
 
[09:49:53.108] [5] [ Info] [Eco] Инициализация предметов...  
[09:49:53.187] [5] [ Info] [NidToolbox] Checking Settings.json 
[09:49:53.187] [5] [ Info] [NidToolbox] Config file: Mods\NidToolbox\Config\Settings.json exists. 
[09:49:53.194] [5] [ Info] [NidToolbox] Json file: Mods\NidToolbox\Config\Settings.json readable and correct. 
[09:49:53.194] [5] [ Info] [NidToolbox] Checking CommandPermissions.json 
[09:49:53.194] [5] [ Info] [NidToolbox] Config file: Mods\NidToolbox\Config\CommandPermissions.json exists. 
[09:49:53.194] [5] [ Info] [NidToolbox] Json file: Mods\NidToolbox\Config\CommandPermissions.json readable and correct. 
[09:49:53.194] [5] [ Info] [NidToolbox] Checking TimerMessages.json 
[09:49:53.194] [5] [ Info] [NidToolbox] Config file: Mods\NidToolbox\Config\TimerMessages.json exists. 
[09:49:53.194] [5] [ Info] [NidToolbox] Json file: Mods\NidToolbox\Config\TimerMessages.json readable and correct. 
[09:49:53.194] [5] [ Info] [NidToolbox] Checking ScheduledMessages.json 
[09:49:53.194] [5] [ Info] [NidToolbox] Config file: Mods\NidToolbox\Config\ScheduledMessages.json exists. 
[09:49:53.211] [5] [ Info] [NidToolbox] Json file: Mods\NidToolbox\Config\ScheduledMessages.json readable and correct. 
[09:49:53.211] [5] [ Info] [NidToolbox] No UserHomes directory, skipping user homes config checks. 
[09:49:55.746] [5] [ Info] [Eco] Инициализация навыков...  
