[15:08:55.064] [1] [ Info] [Eco] >>> START EcoServer, Version=1.0.0.0, Culture=neutral, PublicKeyToken=null 
[15:08:55.092] [1] [ Info] [Eco] Eco Server 0.8.3.3 beta
 
[15:08:55.165] [1] [ Info] [Eco] Server Initialization...  
[15:08:55.165] [1] [ Info] [Eco] Starting LocalizationPlugin...  
[15:08:55.544] [1] [ Info] [Eco] Запуск ПлагинНабораМодификаций...  
[15:08:55.544] [1] [ Info] [Eco] Загрузка модификаций...  
[15:08:55.848] [1] [ Info] [Eco] Компилирование модификаций...  
[15:08:57.325] [1] [ Info] [Eco] Загружаем 0Harmony...
 
[15:08:57.325] [1] [ Info] [Eco] Загружаем Asphalt-ModKit...
 
[15:08:57.450] [1] [ Info] [Eco] Загружаем DiscordLink_blue...
 
[15:08:57.496] [1] [ Info] [Eco] Загружаем Eco.IntegrationTests...
 
[15:08:57.496] [1] [ Info] [Eco] Загружаем em-base...
 
[15:08:57.496] [1] [ Info] [Eco] Загружаем NoPlayerCredits...
 
[15:08:57.496] [1] [ Info] [Eco] Загружаем em-greenenergy...
 
[15:08:57.496] [1] [ Info] [Eco] Загружаем em-realisticsmelting...
 
[15:08:57.496] [1] [ Info] [Eco] Загружаем em-shippingcontainers...
 
[15:08:57.496] [1] [ Info] [Eco] Загружаем em-tailingspack...
 
[15:08:57.507] [1] [ Info] [Eco] Загружаем em-arches...
 
[15:08:57.507] [1] [ Info] [Eco] Загружаем em-doors...
 
[15:08:57.507] [1] [ Info] [Eco] Загружаем em-dyes...
 
[15:08:57.507] [1] [ Info] [Eco] Загружаем em-homeobjects...
 
[15:08:57.507] [1] [ Info] [Eco] Загружаем em-transportation...
 
[15:08:57.524] [1] [ Info] [Eco] Загружаем em-windows...
 
[15:08:57.524] [1] [ Info] [Eco] Загружаем em-zymology...
 
[15:08:57.544] [1] [ Info] [Eco] Загружаем HPStorage...
 
[15:08:57.544] [1] [ Info] [Eco] Загружаем NidToolbox...
 
[15:08:57.557] [1] [ Info] [Eco] Загрузка модификаций завершена за 2 011,4мс
 
[15:08:57.557] [1] [ Info] [Eco] Запуск МенеджерСети...  
[15:08:57.557] [7] [ Info] [Eco] Инициализация типов симуляции...  
[15:08:57.615] [8] [ Info] [Eco] Запуск ПлагинГенератораМира...  
[15:08:57.616] [17] [ Info] [Eco] Запуск ПлагинРезервногоКопирования...  
[15:08:57.616] [16] [ Info] [Eco] Запуск ПлагинИгровойСтатистики...  
[15:08:57.616] [17] [ Info] [Eco] Запуск МенеджерХранилища...  
[15:08:59.137] [7] [ Info] [Eco] Инициализация предметов...  
[15:08:59.201] [7] [ Info] [NidToolbox] Checking Settings.json 
[15:08:59.201] [7] [ Info] [NidToolbox] Config file: Mods\NidToolbox\Config\Settings.json exists. 
[15:08:59.211] [7] [ Info] [NidToolbox] Json file: Mods\NidToolbox\Config\Settings.json readable and correct. 
[15:08:59.211] [7] [ Info] [NidToolbox] Checking CommandPermissions.json 
[15:08:59.211] [7] [ Info] [NidToolbox] Config file: Mods\NidToolbox\Config\CommandPermissions.json exists. 
[15:08:59.211] [7] [ Info] [NidToolbox] Json file: Mods\NidToolbox\Config\CommandPermissions.json readable and correct. 
[15:08:59.211] [7] [ Info] [NidToolbox] Checking TimerMessages.json 
[15:08:59.211] [7] [ Info] [NidToolbox] Config file: Mods\NidToolbox\Config\TimerMessages.json exists. 
[15:08:59.211] [7] [ Info] [NidToolbox] Json file: Mods\NidToolbox\Config\TimerMessages.json readable and correct. 
[15:08:59.211] [7] [ Info] [NidToolbox] Checking ScheduledMessages.json 
[15:08:59.211] [7] [ Info] [NidToolbox] Config file: Mods\NidToolbox\Config\ScheduledMessages.json exists. 
[15:08:59.211] [7] [ Info] [NidToolbox] Json file: Mods\NidToolbox\Config\ScheduledMessages.json readable and correct. 
[15:08:59.236] [7] [ Info] [NidToolbox] No UserHomes directory, skipping user homes config checks. 
[15:09:00.214] [17] [ Info] [Eco] Запуск Плагин паузы...  
[15:09:00.214] [17] [ Info] [Eco] Загружаем Pause...  
[15:09:02.440] [7] [ Info] [Eco] Инициализация навыков...  
[15:09:02.536] [6] [ Info] [Eco] Запуск БДСтатистики...  
[15:09:02.536] [9] [ Info] [Eco] Запуск ПлагинМира...  
[15:09:02.595] [9] [ Info] [Eco] Загружаем World...  
[15:09:05.678] [9] [ Info] [Eco] Инициализация мира...  
[15:09:07.027] [9] [ Info] [Eco] Запуск ПлагинВремени...  
[15:09:07.027] [9] [ Info] [Eco] Загружаем Time...  
[15:09:07.027] [9] [ Info] [Eco] Запуск ПлагинРепутации...  
[15:09:07.027] [9] [ Info] [Eco] Загружаем Reputation...  
[15:09:07.042] [9] [ Info] [Eco] Запуск МенеджерЖильяИгроков...  
[15:09:07.042] [9] [ Info] [Eco] Запуск МенеджерПользователей...  
[15:09:07.087] [9] [ Info] [Eco] Загружаем Users...  
[15:09:07.251] [9] [ Info] [Eco] Инициализация инвентарей...  
[15:09:07.290] [9] [ Info] [Eco] Запуск МенеджерОбъектовЭко...  
[15:09:07.290] [29] [ Info] [Eco] Запуск ПлагинМусора...  
[15:09:07.290] [31] [ Info] [Eco] Запуск СерверЧата...  
[15:09:07.290] [28] [ Info] [Eco] Запуск МенеджерКонтроллера...  
[15:09:07.290] [33] [ Info] [Eco] Запуск НастройкиСложности...  
[15:09:07.290] [21] [ Info] [Eco] Запуск ПлагинУгроз...  
[15:09:07.290] [29] [ Info] [Eco] Загружаем Garbage...  
[15:09:07.290] [9] [ Info] [Eco] Запуск ПлагинЭкономики...  
[15:09:07.290] [16] [ Info] [Eco] Запуск VoiceManager...  
[15:09:07.305] [9] [ Info] [Eco] Загружаем Economy...  
[15:09:07.490] [9] [ Info] [Eco] Запуск Законодательство...  
[15:09:07.493] [21] [ Info] [Eco] Загружаем Disasters...  
[15:09:07.493] [31] [ Info] [Eco] Загружаем Chat...  
[15:09:07.530] [9] [ Info] [Eco] Загружаем Laws...  
[15:09:07.625] [9] [ Info] [Eco] Запуск МенеджерСобственности...  
[15:09:07.625] [9] [ Info] [Eco] Загружаем Property...  
[15:09:07.687] [9] [ Info] [Eco] Запуск МенеджерМиникарты...  
[15:09:07.687] [9] [ Info] [Eco] Запуск СимуляцияЭко...  
[15:09:07.750] [9] [ Info] [Eco] Загружаем Plants...  
[15:09:10.070] [9] [ Info] [Eco] Инициализация растений...  
[15:09:20.575] [9] [ Info] [Eco] Запуск RouteProbingPlugin...  
[15:09:20.575] [9] [ Info] [Eco] Загружаем RouteProbing...  
[15:09:24.037] [9] [ Info] [Eco] Запуск МенеджерСлоёвМира...  
[15:09:24.039] [9] [ Info] [Eco] Загружаем Layers...  
[15:09:24.650] [9] [ Info] [Eco] Инициализация слоёв мира...  
[15:09:24.650] [9] [ Info] [Eco] Загружаем ClimateSim...  
[15:09:27.785] [9] [ Info] [Eco] Запуск ТрекерЭкономики...  
[15:09:27.796] [9] [ Info] [Eco] Запуск UserTracker...  
[15:09:27.796] [9] [ Info] [Eco] Запуск МенеджерМировыхОбъектов...  
[15:09:27.890] [9] [ Info] [Eco] Загружаем WorldObjects...  
[15:09:28.007] [9] [ Info] [Eco] Запуск ПлагинКомнат...  
[15:09:28.007] [9] [ Info] [Eco] Загружаем Rooms...  
[15:09:28.007] [9] [ Info] [Eco] Запуск ПлагинЦелей...  
[15:09:28.007] [9] [ Info] [Eco] Загружаем Objectives...  
[15:09:28.033] [9] [ Info] [Eco] Запуск ПлагинСна...  
[15:09:28.033] [9] [ Info] [Eco] Загружаем Sleep...  
[15:09:28.039] [1] [ Info] [Eco] Запуск ПлагинВебСервера...  
[15:09:28.039] [1] [ Info] [Eco] Запуск OtherAliasCategory...  
[15:09:28.039] [6] [ Info] [Eco] Запуск DiscordLink...  
[15:09:28.039] [11] [ Info] [Eco] Запуск NidToolboxPlugin...  
[15:09:28.039] [26] [ Info] [Eco] Запуск NoPlayerCreditsPlugin...  
[15:09:28.039] [5] [ Info] [Eco] Запуск ChatBase...  
[15:09:28.039] [27] [ Info] [Eco] Запуск ПлагинТестовИнтеграции...  
[15:09:28.039] [25] [ Info] [Eco] Запуск Asphalt...  
[15:09:28.133] [1] [ Info] [Eco] Инициализируем ПлагинПеревода...  
[15:09:28.133] [1] [ Info] [Eco] Инициализируем ПлагинНабораМодификаций...  
[15:09:28.412] [1] [ Info] [Eco] Инициализируем ПлагинГенератораМира...  
[15:09:28.414] [1] [ Info] [Eco] Инициализируем МенеджерПользователей...  
[15:09:28.464] [1] [ Info] [Eco] Инициализируем ПлагинМусора...  
[15:09:28.485] [1] [ Info] [Eco] Инициализируем ПлагинЭкономики...  
[15:09:28.510] [1] [ Info] [Eco] Инициализируем Законодательство...  
[15:09:31.773] [1] [ Info] [Eco] Инициализируем МенеджерСобственности...  
[15:09:31.773] [1] [ Info] [Eco] Инициализируем МенеджерМиникарты...  
[15:09:32.689] [1] [ Info] [Eco] Инициализируем UserTracker...  
[15:09:32.689] [1] [ Info] [Eco] Инициализируем МенеджерМировыхОбъектов...  
[15:09:32.912] [1] [ Info] [Eco] Инициализируем ПлагинКомнат...  
[15:09:33.029] [1] [ Info] [Eco] Инициализируем ПлагинСна...  
[15:09:33.029] [1] [ Info] [Eco] Инициализируем NidToolboxPlugin...  
[15:09:33.046] [1] [ Info] [NidToolbox] Checking declared file: Mods\NidToolbox\Texts\Motd.txt 
[15:09:33.046] [1] [ Info] [NidToolbox] Config file:  Mods\NidToolbox\Texts\Motd.txt exists. 
[15:09:33.046] [1] [ Info] [NidToolbox] Config file:  Mods\NidToolbox\Texts\Motd.txt readable. 
[15:09:33.046] [1] [ Info] [NidToolbox] Checking declared file: Mods\NidToolbox\Texts\Rules.txt 
[15:09:33.046] [1] [ Info] [NidToolbox] Config file:  Mods\NidToolbox\Texts\Rules.txt exists. 
[15:09:33.046] [1] [ Info] [NidToolbox] Config file:  Mods\NidToolbox\Texts\Rules.txt readable. 
[15:09:33.046] [1] [ Info] [NidToolbox] Checking declared file: Mods\NidToolbox\Texts\ServerChangelog.txt 
[15:09:33.046] [1] [ Info] [NidToolbox] Config file:  Mods\NidToolbox\Texts\ServerChangelog.txt exists. 
[15:09:33.054] [1] [ Info] [NidToolbox] Config file:  Mods\NidToolbox\Texts\ServerChangelog.txt readable. 
[15:09:33.140] [1] [ Info] [Eco] Инициализируем NoPlayerCreditsPlugin...  
[15:09:33.140] [1] [ Info] [Eco] Инициализируем DiscordLink...  
[15:09:33.184] [1] [ Info] [Eco] Инициализируем ПлагинМира...  
[15:09:33.184] [1] [ Info] [Eco] Обработка...  
[15:09:33.689] [1] [ Info] [Eco] Сжатие...  
[15:09:37.114] [1] [ Info] [Eco] Инициализируем МенеджерСети...  
[15:09:37.146] [145] [ Info] [Eco] DISCORDLINK: Connected to Discord.

 
[15:09:37.334] [1] [ Info] [Eco] Инициализируем МенеджерСлоёвМира...  
[15:09:37.335] [1] [ Info] [Eco] Инициализируем ПлагинВебСервера...  
[15:09:37.917] [145] [ Info] [Eco] DISCORDLINK: Connected and Ready
 
[15:09:38.072] [1] [ Info] [Eco] Инициализируем ПлагинТестовИнтеграции...  
[15:09:38.072] [1] [ Info] [NidToolbox] OK - Mono not detected, not a Linux environment 
[15:09:38.072] [1] [ Info] [NidToolbox] All commands in config up to date. 
[15:09:38.176] [1] [ Info] [NidToolbox] Running NidToolbox version 1.8.7 
[15:09:38.199] [1] [ Info] [Eco] Server Initialization завершена за 43 032,9мс
 
[15:10:07.518] [144] [ Info] [Eco] DISCORDLINK: Discord Token changed, reinitialising client.

 
[15:10:08.159] [144] [ Info] [Eco] DISCORDLINK: Connected to Discord.

 
[15:10:08.751] [146] [ Info] [Eco] DISCORDLINK: Connected and Ready
 
[15:16:38.528] [1] [ Info] [Eco] Сохранение...
 
[15:16:38.528] [1] [ Info] [Eco] Сохранение мира...  
[15:16:41.957] [1] [ Info] [Eco] Готово
 
[15:16:42.117] [1] [ Info] [Eco] Выключение завершено
 
