[23:10:13.539] [1] [ Info] [Eco] >>> START EcoServer, Version=1.0.0.0, Culture=neutral, PublicKeyToken=null 
[23:10:13.570] [1] [ Info] [Eco] Eco Server 0.8.3.2 beta
 
[23:10:13.680] [1] [ Info] [Eco] Server Initialization...  
[23:10:13.680] [1] [ Info] [Eco] Starting LocalizationPlugin...  
[23:10:14.145] [1] [ Info] [Eco] Запуск ПлагинНабораМодификаций...  
[23:10:14.145] [1] [ Info] [Eco] Загрузка модификаций...  
[23:10:14.309] [1] [ Info] [Eco] Компилирование модификаций...  
[23:10:16.174] [1] [ Info] [Eco] Загружаем 0Harmony...
 
[23:10:16.174] [1] [ Info] [Eco] Загружаем Asphalt-ModKit...
 
[23:10:16.330] [1] [ Info] [Eco] Загружаем Eco.IntegrationTests...
 
[23:10:16.330] [1] [ Info] [Eco] Загружаем DiscordLinkUnified...
 
[23:10:16.392] [1] [ Info] [Eco] Загружаем EcoStory...
 
[23:10:16.408] [1] [ Info] [Eco] Загружаем HPStorage...
 
[23:10:16.408] [1] [ Info] [Eco] Загрузка модификаций завершена за 2 254,5мс
 
[23:10:16.408] [1] [ Info] [Eco] Запуск МенеджерСети...  
[23:10:16.408] [7] [ Info] [Eco] Инициализация типов симуляции...  
[23:10:16.471] [17] [ Info] [Eco] Запуск ПлагинГенератораМира...  
[23:10:16.471] [12] [ Info] [Eco] Запуск ПлагинРезервногоКопирования...  
[23:10:16.471] [16] [ Info] [Eco] Запуск ПлагинИгровойСтатистики...  
[23:10:16.486] [12] [ Info] [Eco] Запуск МенеджерХранилища...  
[23:10:17.361] [7] [ Info] [Eco] Инициализация предметов...  
[23:10:17.423] [7] [ Info] [NidToolbox] Checking Settings.json 
[23:10:17.423] [7] [ Info] [NidToolbox] Config file: Mods\NidToolbox\Config\Settings.json exists. 
[23:10:17.423] [7] [ Info] [NidToolbox] Json file: Mods\NidToolbox\Config\Settings.json readable and correct. 
[23:10:17.423] [7] [ Info] [NidToolbox] Checking CommandPermissions.json 
[23:10:17.423] [7] [ Info] [NidToolbox] Config file: Mods\NidToolbox\Config\CommandPermissions.json exists. 
[23:10:17.439] [7] [ Info] [NidToolbox] Json file: Mods\NidToolbox\Config\CommandPermissions.json readable and correct. 
[23:10:17.439] [7] [ Info] [NidToolbox] Checking TimerMessages.json 
[23:10:17.439] [7] [ Info] [NidToolbox] Config file: Mods\NidToolbox\Config\TimerMessages.json exists. 
[23:10:17.439] [7] [ Info] [NidToolbox] Json file: Mods\NidToolbox\Config\TimerMessages.json readable and correct. 
[23:10:17.439] [7] [ Info] [NidToolbox] Checking ScheduledMessages.json 
[23:10:17.439] [7] [ Info] [NidToolbox] Config file: Mods\NidToolbox\Config\ScheduledMessages.json exists. 
[23:10:17.439] [7] [ Info] [NidToolbox] Json file: Mods\NidToolbox\Config\ScheduledMessages.json readable and correct. 
[23:10:17.439] [7] [ Info] [NidToolbox] No UserHomes directory, skipping user homes config checks. 
[23:10:19.423] [12] [ Info] [Eco] Запуск Плагин паузы...  
[23:10:19.423] [12] [ Info] [Eco] Загружаем Pause...  
[23:10:20.502] [7] [ Info] [Eco] Инициализация навыков...  
[23:10:20.580] [12] [ Info] [Eco] Запуск БДСтатистики...  
[23:10:20.595] [9] [ Info] [Eco] Запуск ПлагинМира...  
[23:10:20.642] [9] [ Info] [Eco] Загружаем World...  
[23:10:23.843] [9] [ Info] [Eco] Инициализация мира...  
[23:10:25.600] [9] [ Info] [Eco] Запуск ПлагинВремени...  
[23:10:25.600] [9] [ Info] [Eco] Загружаем Time...  
[23:10:25.600] [9] [ Info] [Eco] Запуск ПлагинРепутации...  
[23:10:25.615] [9] [ Info] [Eco] Загружаем Reputation...  
[23:10:25.631] [9] [ Info] [Eco] Запуск МенеджерЖильяИгроков...  
[23:10:25.631] [9] [ Info] [Eco] Запуск МенеджерПользователей...  
[23:10:25.693] [9] [ Info] [Eco] Загружаем Users...  
[23:10:26.022] [9] [ Info] [Eco] Инициализация инвентарей...  
[23:10:26.068] [9] [ Info] [Eco] Запуск МенеджерОбъектовЭко...  
[23:10:26.084] [9] [ Info] [Eco] Загружаем Objects...  
[23:10:26.318] [12] [ Info] [Eco] Запуск ПлагинМусора...  
[23:10:26.318] [28] [ Info] [Eco] Запуск VoiceManager...  
[23:10:26.318] [22] [ Info] [Eco] Запуск СерверЧата...  
[23:10:26.318] [16] [ Info] [Eco] Запуск МенеджерКонтроллера...  
[23:10:26.318] [10] [ Info] [Eco] Запуск НастройкиСложности...  
[23:10:26.318] [17] [ Info] [Eco] Запуск ПлагинУгроз...  
[23:10:26.318] [12] [ Info] [Eco] Загружаем Garbage...  
[23:10:26.318] [9] [ Info] [Eco] Запуск ПлагинЭкономики...  
[23:10:26.334] [9] [ Info] [Eco] Загружаем Economy...  
[23:10:26.834] [9] [ Info] [Eco] Запуск Законодательство...  
[23:10:26.834] [17] [ Info] [Eco] Загружаем Disasters...  
[23:10:26.834] [22] [ Info] [Eco] Загружаем Chat...  
[23:10:31.420] [9] [ Info] [Eco] Загружаем Laws...  
[23:10:31.545] [9] [ Info] [Eco] Запуск МенеджерСобственности...  
[23:10:31.560] [9] [ Info] [Eco] Загружаем Property...  
[23:10:31.685] [9] [ Info] [Eco] Запуск МенеджерМиникарты...  
[23:10:31.701] [9] [ Info] [Eco] Запуск СимуляцияЭко...  
[23:10:31.763] [9] [ Info] [Eco] Загружаем Plants...  
[23:10:33.050] [9] [ Info] [Eco] Инициализация растений...  
[23:10:39.659] [9] [ Info] [Eco] Запуск RouteProbingPlugin...  
[23:10:39.659] [9] [ Info] [Eco] Загружаем RouteProbing...  
[23:10:41.893] [9] [ Info] [Eco] Запуск МенеджерСлоёвМира...  
[23:10:41.909] [9] [ Info] [Eco] Загружаем Layers...  
[23:10:42.612] [9] [ Info] [Eco] Инициализация слоёв мира...  
[23:10:42.628] [9] [ Info] [Eco] Загружаем ClimateSim...  
[23:10:45.393] [9] [ Info] [Eco] Запуск ТрекерЭкономики...  
[23:10:45.393] [9] [ Info] [Eco] Запуск UserTracker...  
[23:10:45.393] [9] [ Info] [Eco] Запуск МенеджерМировыхОбъектов...  
[23:10:45.487] [9] [ Info] [Eco] Загружаем WorldObjects...  
[23:10:46.425] [9] [ Info] [Eco] Запуск ПлагинКомнат...  
[23:10:46.425] [9] [ Info] [Eco] Загружаем Rooms...  
[23:10:46.440] [9] [ Info] [Eco] Запуск ПлагинЦелей...  
[23:10:46.440] [9] [ Info] [Eco] Загружаем Objectives...  
[23:10:46.456] [9] [ Info] [Eco] Запуск ПлагинСна...  
[23:10:46.471] [9] [ Info] [Eco] Загружаем Sleep...  
[23:10:46.471] [1] [ Info] [Eco] Запуск ПлагинВебСервера...  
[23:10:46.487] [1] [ Info] [Eco] Запуск OtherAliasCategory...  
[23:10:46.487] [24] [ Info] [Eco] Запуск Asphalt...  
[23:10:46.487] [32] [ Info] [Eco] Запуск NidToolboxPlugin...  
[23:10:46.487] [34] [ Info] [Eco] Запуск DiscordLink...  
[23:10:46.487] [8] [ Info] [Eco] Запуск ПлагинТестовИнтеграции...  
[23:10:46.659] [1] [ Info] [Eco] Инициализируем ПлагинПеревода...  
[23:10:46.675] [1] [ Info] [Eco] Инициализируем ПлагинНабораМодификаций...  
[23:10:46.869] [1] [ Info] [Eco] Инициализируем ПлагинГенератораМира...  
[23:10:46.869] [1] [ Info] [Eco] Инициализируем МенеджерПользователей...  
[23:10:46.963] [1] [ Info] [Eco] Инициализируем ПлагинМусора...  
[23:10:46.963] [1] [ Info] [Eco] Инициализируем ПлагинЭкономики...  
[23:10:47.072] [1] [ Info] [Eco] Инициализируем Законодательство...  
[23:11:04.236] [1] [ Info] [Eco] Инициализируем МенеджерСобственности...  
[23:11:04.268] [1] [ Info] [Eco] Инициализируем МенеджерМиникарты...  
[23:11:05.280] [1] [ Info] [Eco] Инициализируем UserTracker...  
[23:11:05.280] [1] [ Info] [Eco] Инициализируем МенеджерМировыхОбъектов...  
[23:11:11.395] [1] [ Info] [Eco] Инициализируем ПлагинКомнат...  
[23:11:14.107] [1] [ Info] [Eco] Инициализируем ПлагинСна...  
[23:11:14.108] [1] [ Info] [Eco] Инициализируем NidToolboxPlugin...  
[23:11:14.108] [1] [ Info] [NidToolbox] Checking declared file: Mods\NidToolbox\Texts\Motd.txt 
[23:11:14.108] [1] [ Info] [NidToolbox] Config file:  Mods\NidToolbox\Texts\Motd.txt exists. 
[23:11:14.124] [1] [ Info] [NidToolbox] Config file:  Mods\NidToolbox\Texts\Motd.txt readable. 
[23:11:14.124] [1] [ Info] [NidToolbox] Checking declared file: Mods\NidToolbox\Texts\Rules.txt 
[23:11:14.124] [1] [ Info] [NidToolbox] Config file:  Mods\NidToolbox\Texts\Rules.txt exists. 
[23:11:14.124] [1] [ Info] [NidToolbox] Config file:  Mods\NidToolbox\Texts\Rules.txt readable. 
[23:11:14.124] [1] [ Info] [NidToolbox] Checking declared file: Mods\NidToolbox\Texts\ServerChangelog.txt 
[23:11:14.124] [1] [ Info] [NidToolbox] Config file:  Mods\NidToolbox\Texts\ServerChangelog.txt exists. 
[23:11:14.124] [1] [ Info] [NidToolbox] Config file:  Mods\NidToolbox\Texts\ServerChangelog.txt readable. 
[23:11:14.236] [1] [ Info] [Eco] Инициализируем DiscordLink...  
[23:11:14.273] [1] [ Info] [Eco] Инициализируем ПлагинМира...  
[23:11:14.273] [1] [ Info] [Eco] Обработка...  
[23:11:15.126] [139] [ Info] [Eco] DISCORDLINK ERROR: Error connecting to discord: Authentication failed. Check your token and try again.

 
[23:11:16.635] [1] [ Info] [Eco] Сжатие...  
[23:11:20.615] [1] [ Info] [Eco] Инициализируем МенеджерСети...  
[23:11:20.883] [1] [ Info] [Eco] Инициализируем МенеджерСлоёвМира...  
[23:11:20.883] [1] [ Info] [Eco] Инициализируем ПлагинВебСервера...  
[23:11:21.677] [1] [ Info] [Eco] Инициализируем ПлагинТестовИнтеграции...  
[23:11:21.677] [1] [ Info] [NidToolbox] OK - Mono not detected, not a Linux environment 
[23:11:21.686] [1] [ Info] [NidToolbox] All commands in config up to date. 
[23:11:21.769] [1] [ Info] [NidToolbox] Running NidToolbox version 1.8.7 
[23:11:21.789] [1] [ Info] [Eco] Server Initialization завершена за 68 097,7мс
 
[23:11:24.987] [169] [ Info] [Eco] Ошибка при записи статистики в БД: InvalidCastException Не удалось привести тип объекта "LiteDB.EmptyPage" к типу "LiteDB.DataPage".
 
[23:11:24.987] [165] [ Info] [Eco] Ошибка при определении наличия индекса в базе данных статистики: BunchgrassPopulation (TimeSeconds, Value): InvalidCastException Не удалось привести тип объекта "LiteDB.EmptyPage" к типу "LiteDB.HeaderPage".
 
[23:11:24.987] [165] [ Info] [Eco] Ошибка при записи статистики в БД: InvalidCastException Не удалось привести тип объекта "LiteDB.EmptyPage" к типу "LiteDB.HeaderPage".
 
[23:11:24.987] [165] [ Info] [Eco] Ошибка при определении наличия индекса в базе данных статистики: CamasPopulation (TimeSeconds, Value): InvalidCastException Не удалось привести тип объекта "LiteDB.EmptyPage" к типу "LiteDB.HeaderPage".
 
[23:11:24.987] [165] [ Info] [Eco] Ошибка при записи статистики в БД: InvalidCastException Не удалось привести тип объекта "LiteDB.EmptyPage" к типу "LiteDB.HeaderPage".
 
[23:11:24.987] [165] [ Info] [Eco] Ошибка при определении наличия индекса в базе данных статистики: CedarPopulation (TimeSeconds, Value): InvalidCastException Не удалось привести тип объекта "LiteDB.EmptyPage" к типу "LiteDB.HeaderPage".
 
[23:11:24.987] [165] [ Info] [Eco] Ошибка при записи статистики в БД: InvalidCastException Не удалось привести тип объекта "LiteDB.EmptyPage" к типу "LiteDB.HeaderPage".
 
[23:11:24.987] [165] [ Info] [Eco] Ошибка при определении наличия индекса в базе данных статистики: CeibaPopulation (TimeSeconds, Value): InvalidCastException Не удалось привести тип объекта "LiteDB.EmptyPage" к типу "LiteDB.HeaderPage".
 
[23:11:24.987] [165] [ Info] [Eco] Ошибка при записи статистики в БД: InvalidCastException Не удалось привести тип объекта "LiteDB.EmptyPage" к типу "LiteDB.HeaderPage".
 
[23:11:24.999] [165] [ Info] [Eco] Ошибка при определении наличия индекса в базе данных статистики: ClamPopulation (TimeSeconds, Value): InvalidCastException Не удалось привести тип объекта "LiteDB.EmptyPage" к типу "LiteDB.HeaderPage".
 
[23:11:24.999] [165] [ Info] [Eco] Ошибка при записи статистики в БД: InvalidCastException Не удалось привести тип объекта "LiteDB.EmptyPage" к типу "LiteDB.HeaderPage".
 
[23:11:24.999] [165] [ Info] [Eco] Ошибка при определении наличия индекса в базе данных статистики: CommonGrassPopulation (TimeSeconds, Value): InvalidCastException Не удалось привести тип объекта "LiteDB.EmptyPage" к типу "LiteDB.HeaderPage".
 
[23:11:24.999] [165] [ Info] [Eco] Ошибка при записи статистики в БД: InvalidCastException Не удалось привести тип объекта "LiteDB.EmptyPage" к типу "LiteDB.HeaderPage".
 
[23:11:24.999] [165] [ Info] [Eco] Ошибка при определении наличия индекса в базе данных статистики: CookeinaMushroomPopulation (TimeSeconds, Value): InvalidCastException Не удалось привести тип объекта "LiteDB.EmptyPage" к типу "LiteDB.HeaderPage".
 
[23:11:24.999] [165] [ Info] [Eco] Ошибка при записи статистики в БД: InvalidCastException Не удалось привести тип объекта "LiteDB.EmptyPage" к типу "LiteDB.HeaderPage".
 
[23:11:24.999] [165] [ Info] [Eco] Ошибка при определении наличия индекса в базе данных статистики: CornPopulation (TimeSeconds, Value): InvalidCastException Не удалось привести тип объекта "LiteDB.EmptyPage" к типу "LiteDB.HeaderPage".
 
[23:11:24.999] [165] [ Info] [Eco] Ошибка при записи статистики в БД: InvalidCastException Не удалось привести тип объекта "LiteDB.EmptyPage" к типу "LiteDB.HeaderPage".
 
[23:11:24.999] [165] [ Info] [Eco] Ошибка при определении наличия индекса в базе данных статистики: CreosoteBushPopulation (TimeSeconds, Value): InvalidCastException Не удалось привести тип объекта "LiteDB.EmptyPage" к типу "LiteDB.HeaderPage".
 
[23:11:24.999] [165] [ Info] [Eco] Ошибка при записи статистики в БД: InvalidCastException Не удалось привести тип объекта "LiteDB.EmptyPage" к типу "LiteDB.HeaderPage".
 
[23:11:24.999] [165] [ Info] [Eco] Ошибка при определении наличия индекса в базе данных статистики: CriminiMushroomPopulation (TimeSeconds, Value): InvalidCastException Не удалось привести тип объекта "LiteDB.EmptyPage" к типу "LiteDB.HeaderPage".
 
[23:11:24.999] [165] [ Info] [Eco] Ошибка при записи статистики в БД: InvalidCastException Не удалось привести тип объекта "LiteDB.EmptyPage" к типу "LiteDB.HeaderPage".
 
[23:11:25.014] [165] [ Info] [Eco] Ошибка при определении наличия индекса в базе данных статистики: DeerLichenPopulation (TimeSeconds, Value): InvalidCastException Не удалось привести тип объекта "LiteDB.EmptyPage" к типу "LiteDB.HeaderPage".
 
[23:11:25.014] [165] [ Info] [Eco] Ошибка при записи статистики в БД: InvalidCastException Не удалось привести тип объекта "LiteDB.EmptyPage" к типу "LiteDB.HeaderPage".
 
[23:11:25.014] [165] [ Info] [Eco] Ошибка при определении наличия индекса в базе данных статистики: DesertMossPopulation (TimeSeconds, Value): InvalidCastException Не удалось привести тип объекта "LiteDB.EmptyPage" к типу "LiteDB.HeaderPage".
 
[23:11:25.014] [165] [ Info] [Eco] Ошибка при записи статистики в БД: InvalidCastException Не удалось привести тип объекта "LiteDB.EmptyPage" к типу "LiteDB.HeaderPage".
 
[23:11:25.014] [165] [ Info] [Eco] Ошибка при определении наличия индекса в базе данных статистики: DwarfWillowPopulation (TimeSeconds, Value): InvalidCastException Не удалось привести тип объекта "LiteDB.EmptyPage" к типу "LiteDB.HeaderPage".
 
[23:11:25.014] [165] [ Info] [Eco] Ошибка при записи статистики в БД: InvalidCastException Не удалось привести тип объекта "LiteDB.EmptyPage" к типу "LiteDB.HeaderPage".
 
[23:11:25.014] [165] [ Info] [Eco] Ошибка при определении наличия индекса в базе данных статистики: FernPopulation (TimeSeconds, Value): InvalidCastException Не удалось привести тип объекта "LiteDB.EmptyPage" к типу "LiteDB.HeaderPage".
 
[23:11:25.014] [165] [ Info] [Eco] Ошибка при записи статистики в БД: InvalidCastException Не удалось привести тип объекта "LiteDB.EmptyPage" к типу "LiteDB.HeaderPage".
 
[23:11:25.014] [165] [ Info] [Eco] Ошибка при определении наличия индекса в базе данных статистики: FilmyFernPopulation (TimeSeconds, Value): InvalidCastException Не удалось привести тип объекта "LiteDB.EmptyPage" к типу "LiteDB.HeaderPage".
 
[23:11:25.014] [165] [ Info] [Eco] Ошибка при записи статистики в БД: InvalidCastException Не удалось привести тип объекта "LiteDB.EmptyPage" к типу "LiteDB.HeaderPage".
 
[23:11:25.014] [165] [ Info] [Eco] Ошибка при определении наличия индекса в базе данных статистики: FirPopulation (TimeSeconds, Value): InvalidCastException Не удалось привести тип объекта "LiteDB.EmptyPage" к типу "LiteDB.HeaderPage".
 
[23:11:25.030] [165] [ Info] [Eco] Ошибка при записи статистики в БД: InvalidCastException Не удалось привести тип объекта "LiteDB.EmptyPage" к типу "LiteDB.HeaderPage".
 
[23:11:25.030] [165] [ Info] [Eco] Ошибка при определении наличия индекса в базе данных статистики: FireweedPopulation (TimeSeconds, Value): InvalidCastException Не удалось привести тип объекта "LiteDB.EmptyPage" к типу "LiteDB.HeaderPage".
 
[23:11:25.030] [165] [ Info] [Eco] Ошибка при записи статистики в БД: InvalidCastException Не удалось привести тип объекта "LiteDB.EmptyPage" к типу "LiteDB.HeaderPage".
 
[23:11:25.030] [165] [ Info] [Eco] Ошибка при определении наличия индекса в базе данных статистики: HeliconiaPopulation (TimeSeconds, Value): InvalidCastException Не удалось привести тип объекта "LiteDB.EmptyPage" к типу "LiteDB.HeaderPage".
 
[23:11:25.030] [165] [ Info] [Eco] Ошибка при записи статистики в БД: InvalidCastException Не удалось привести тип объекта "LiteDB.EmptyPage" к типу "LiteDB.HeaderPage".
 
[23:11:25.030] [165] [ Info] [Eco] Ошибка при определении наличия индекса в базе данных статистики: HuckleberryPopulation (TimeSeconds, Value): InvalidCastException Не удалось привести тип объекта "LiteDB.EmptyPage" к типу "LiteDB.HeaderPage".
 
[23:11:25.030] [165] [ Info] [Eco] Ошибка при записи статистики в БД: InvalidCastException Не удалось привести тип объекта "LiteDB.EmptyPage" к типу "LiteDB.HeaderPage".
 
[23:11:25.030] [165] [ Info] [Eco] Ошибка при определении наличия индекса в базе данных статистики: JointfirPopulation (TimeSeconds, Value): InvalidCastException Не удалось привести тип объекта "LiteDB.EmptyPage" к типу "LiteDB.HeaderPage".
 
[23:11:25.030] [165] [ Info] [Eco] Ошибка при записи статистики в БД: InvalidCastException Не удалось привести тип объекта "LiteDB.EmptyPage" к типу "LiteDB.HeaderPage".
 
[23:11:25.030] [165] [ Info] [Eco] Ошибка при определении наличия индекса в базе данных статистики: JoshuaPopulation (TimeSeconds, Value): InvalidCastException Не удалось привести тип объекта "LiteDB.EmptyPage" к типу "LiteDB.HeaderPage".
 
[23:11:25.030] [165] [ Info] [Eco] Ошибка при записи статистики в БД: InvalidCastException Не удалось привести тип объекта "LiteDB.EmptyPage" к типу "LiteDB.HeaderPage".
 
[23:11:25.030] [165] [ Info] [Eco] Ошибка при определении наличия индекса в базе данных статистики: KelpPopulation (TimeSeconds, Value): InvalidCastException Не удалось привести тип объекта "LiteDB.EmptyPage" к типу "LiteDB.HeaderPage".
 
[23:11:25.030] [165] [ Info] [Eco] Ошибка при записи статистики в БД: InvalidCastException Не удалось привести тип объекта "LiteDB.EmptyPage" к типу "LiteDB.HeaderPage".
 
[23:11:25.030] [165] [ Info] [Eco] Ошибка при определении наличия индекса в базе данных статистики: KingFernPopulation (TimeSeconds, Value): InvalidCastException Не удалось привести тип объекта "LiteDB.EmptyPage" к типу "LiteDB.HeaderPage".
 
[23:11:25.047] [165] [ Info] [Eco] Ошибка при записи статистики в БД: InvalidCastException Не удалось привести тип объекта "LiteDB.EmptyPage" к типу "LiteDB.HeaderPage".
 
[23:11:25.047] [165] [ Info] [Eco] Ошибка при определении наличия индекса в базе данных статистики: LatticeMushroomPopulation (TimeSeconds, Value): InvalidCastException Не удалось привести тип объекта "LiteDB.EmptyPage" к типу "LiteDB.HeaderPage".
 
[23:11:25.047] [165] [ Info] [Eco] Ошибка при записи статистики в БД: InvalidCastException Не удалось привести тип объекта "LiteDB.EmptyPage" к типу "LiteDB.HeaderPage".
 
[23:11:25.047] [165] [ Info] [Eco] Ошибка при определении наличия индекса в базе данных статистики: LupinePopulation (TimeSeconds, Value): InvalidCastException Не удалось привести тип объекта "LiteDB.EmptyPage" к типу "LiteDB.HeaderPage".
 
[23:11:25.047] [165] [ Info] [Eco] Ошибка при записи статистики в БД: InvalidCastException Не удалось привести тип объекта "LiteDB.EmptyPage" к типу "LiteDB.HeaderPage".
 
[23:11:25.047] [165] [ Info] [Eco] Ошибка при определении наличия индекса в базе данных статистики: OakPopulation (TimeSeconds, Value): InvalidCastException Не удалось привести тип объекта "LiteDB.EmptyPage" к типу "LiteDB.HeaderPage".
 
[23:11:25.047] [165] [ Info] [Eco] Ошибка при записи статистики в БД: InvalidCastException Не удалось привести тип объекта "LiteDB.EmptyPage" к типу "LiteDB.HeaderPage".
 
[23:11:25.047] [165] [ Info] [Eco] Ошибка при определении наличия индекса в базе данных статистики: OceanSprayPopulation (TimeSeconds, Value): InvalidCastException Не удалось привести тип объекта "LiteDB.EmptyPage" к типу "LiteDB.HeaderPage".
 
[23:11:25.047] [165] [ Info] [Eco] Ошибка при записи статистики в БД: InvalidCastException Не удалось привести тип объекта "LiteDB.EmptyPage" к типу "LiteDB.HeaderPage".
 
[23:11:25.047] [165] [ Info] [Eco] Ошибка при определении наличия индекса в базе данных статистики: OldGrowthRedwoodPopulation (TimeSeconds, Value): InvalidCastException Не удалось привести тип объекта "LiteDB.EmptyPage" к типу "LiteDB.HeaderPage".
 
[23:11:25.047] [165] [ Info] [Eco] Ошибка при записи статистики в БД: InvalidCastException Не удалось привести тип объекта "LiteDB.EmptyPage" к типу "LiteDB.HeaderPage".
 
[23:11:25.061] [165] [ Info] [Eco] Ошибка при определении наличия индекса в базе данных статистики: OrchidPopulation (TimeSeconds, Value): InvalidCastException Не удалось привести тип объекта "LiteDB.EmptyPage" к типу "LiteDB.HeaderPage".
 
[23:11:25.061] [165] [ Info] [Eco] Ошибка при записи статистики в БД: InvalidCastException Не удалось привести тип объекта "LiteDB.EmptyPage" к типу "LiteDB.HeaderPage".
 
[23:11:25.061] [165] [ Info] [Eco] Ошибка при определении наличия индекса в базе данных статистики: PalmPopulation (TimeSeconds, Value): InvalidCastException Не удалось привести тип объекта "LiteDB.EmptyPage" к типу "LiteDB.HeaderPage".
 
[23:11:25.061] [169] [ Info] [Eco] Ошибка при записи статистики в БД: InvalidCastException Не удалось привести тип объекта "LiteDB.EmptyPage" к типу "LiteDB.HeaderPage".
 
[23:11:25.061] [165] [ Info] [Eco] Ошибка при записи статистики в БД: InvalidCastException Не удалось привести тип объекта "LiteDB.EmptyPage" к типу "LiteDB.HeaderPage".
 
[23:11:25.061] [165] [ Info] [Eco] Ошибка при определении наличия индекса в базе данных статистики: PapayaPopulation (TimeSeconds, Value): InvalidCastException Не удалось привести тип объекта "LiteDB.EmptyPage" к типу "LiteDB.HeaderPage".
 
[23:11:25.061] [165] [ Info] [Eco] Ошибка при записи статистики в БД: InvalidCastException Не удалось привести тип объекта "LiteDB.EmptyPage" к типу "LiteDB.HeaderPage".
 
[23:11:25.061] [165] [ Info] [Eco] Ошибка при определении наличия индекса в базе данных статистики: PeatMossPopulation (TimeSeconds, Value): InvalidCastException Не удалось привести тип объекта "LiteDB.EmptyPage" к типу "LiteDB.HeaderPage".
 
[23:11:25.061] [165] [ Info] [Eco] Ошибка при записи статистики в БД: InvalidCastException Не удалось привести тип объекта "LiteDB.EmptyPage" к типу "LiteDB.HeaderPage".
 
[23:11:25.061] [165] [ Info] [Eco] Ошибка при определении наличия индекса в базе данных статистики: PineapplePopulation (TimeSeconds, Value): InvalidCastException Не удалось привести тип объекта "LiteDB.EmptyPage" к типу "LiteDB.HeaderPage".
 
[23:11:25.061] [165] [ Info] [Eco] Ошибка при записи статистики в БД: InvalidCastException Не удалось привести тип объекта "LiteDB.EmptyPage" к типу "LiteDB.HeaderPage".
 
[23:11:25.061] [165] [ Info] [Eco] Ошибка при определении наличия индекса в базе данных статистики: PricklyPearPopulation (TimeSeconds, Value): InvalidCastException Не удалось привести тип объекта "LiteDB.EmptyPage" к типу "LiteDB.HeaderPage".
 
[23:11:25.077] [165] [ Info] [Eco] Ошибка при записи статистики в БД: InvalidCastException Не удалось привести тип объекта "LiteDB.EmptyPage" к типу "LiteDB.HeaderPage".
 
[23:11:25.077] [165] [ Info] [Eco] Ошибка при определении наличия индекса в базе данных статистики: PumpkinPopulation (TimeSeconds, Value): InvalidCastException Не удалось привести тип объекта "LiteDB.EmptyPage" к типу "LiteDB.HeaderPage".
 
[23:11:25.077] [165] [ Info] [Eco] Ошибка при записи статистики в БД: InvalidCastException Не удалось привести тип объекта "LiteDB.EmptyPage" к типу "LiteDB.HeaderPage".
 
[23:11:25.077] [165] [ Info] [Eco] Ошибка при определении наличия индекса в базе данных статистики: RedwoodPopulation (TimeSeconds, Value): InvalidCastException Не удалось привести тип объекта "LiteDB.EmptyPage" к типу "LiteDB.HeaderPage".
 
[23:11:25.077] [165] [ Info] [Eco] Ошибка при записи статистики в БД: InvalidCastException Не удалось привести тип объекта "LiteDB.EmptyPage" к типу "LiteDB.HeaderPage".
 
[23:11:25.077] [165] [ Info] [Eco] Ошибка при определении наличия индекса в базе данных статистики: RicePopulation (TimeSeconds, Value): InvalidCastException Не удалось привести тип объекта "LiteDB.EmptyPage" к типу "LiteDB.HeaderPage".
 
[23:11:25.077] [165] [ Info] [Eco] Ошибка при записи статистики в БД: InvalidCastException Не удалось привести тип объекта "LiteDB.EmptyPage" к типу "LiteDB.HeaderPage".
 
[23:11:25.077] [165] [ Info] [Eco] Ошибка при определении наличия индекса в базе данных статистики: SagebrushPopulation (TimeSeconds, Value): InvalidCastException Не удалось привести тип объекта "LiteDB.EmptyPage" к типу "LiteDB.HeaderPage".
 
[23:11:25.077] [165] [ Info] [Eco] Ошибка при записи статистики в БД: InvalidCastException Не удалось привести тип объекта "LiteDB.EmptyPage" к типу "LiteDB.HeaderPage".
 
[23:11:25.077] [165] [ Info] [Eco] Ошибка при определении наличия индекса в базе данных статистики: SaguaroCactusPopulation (TimeSeconds, Value): InvalidCastException Не удалось привести тип объекта "LiteDB.EmptyPage" к типу "LiteDB.HeaderPage".
 
[23:11:25.077] [165] [ Info] [Eco] Ошибка при записи статистики в БД: InvalidCastException Не удалось привести тип объекта "LiteDB.EmptyPage" к типу "LiteDB.HeaderPage".
 
[23:11:25.077] [165] [ Info] [Eco] Ошибка при определении наличия индекса в базе данных статистики: SalalPopulation (TimeSeconds, Value): InvalidCastException Не удалось привести тип объекта "LiteDB.EmptyPage" к типу "LiteDB.HeaderPage".
 
[23:11:25.077] [165] [ Info] [Eco] Ошибка при записи статистики в БД: InvalidCastException Не удалось привести тип объекта "LiteDB.EmptyPage" к типу "LiteDB.HeaderPage".
 
[23:11:25.092] [165] [ Info] [Eco] Ошибка при определении наличия индекса в базе данных статистики: SaxifragePopulation (TimeSeconds, Value): InvalidCastException Не удалось привести тип объекта "LiteDB.EmptyPage" к типу "LiteDB.HeaderPage".
 
[23:11:25.092] [165] [ Info] [Eco] Ошибка при записи статистики в БД: InvalidCastException Не удалось привести тип объекта "LiteDB.EmptyPage" к типу "LiteDB.HeaderPage".
 
[23:11:25.092] [165] [ Info] [Eco] Ошибка при определении наличия индекса в базе данных статистики: SeagrassPopulation (TimeSeconds, Value): InvalidCastException Не удалось привести тип объекта "LiteDB.EmptyPage" к типу "LiteDB.HeaderPage".
 
[23:11:25.092] [165] [ Info] [Eco] Ошибка при записи статистики в БД: InvalidCastException Не удалось привести тип объекта "LiteDB.EmptyPage" к типу "LiteDB.HeaderPage".
 
[23:11:25.092] [165] [ Info] [Eco] Ошибка при определении наличия индекса в базе данных статистики: SprucePopulation (TimeSeconds, Value): InvalidCastException Не удалось привести тип объекта "LiteDB.EmptyPage" к типу "LiteDB.HeaderPage".
 
[23:11:25.092] [165] [ Info] [Eco] Ошибка при записи статистики в БД: InvalidCastException Не удалось привести тип объекта "LiteDB.EmptyPage" к типу "LiteDB.HeaderPage".
 
[23:11:25.092] [165] [ Info] [Eco] Ошибка при определении наличия индекса в базе данных статистики: SunflowerPopulation (TimeSeconds, Value): InvalidCastException Не удалось привести тип объекта "LiteDB.EmptyPage" к типу "LiteDB.HeaderPage".
 
[23:11:25.092] [165] [ Info] [Eco] Ошибка при записи статистики в БД: InvalidCastException Не удалось привести тип объекта "LiteDB.EmptyPage" к типу "LiteDB.HeaderPage".
 
[23:11:25.092] [165] [ Info] [Eco] Ошибка при определении наличия индекса в базе данных статистики: SwitchgrassPopulation (TimeSeconds, Value): InvalidCastException Не удалось привести тип объекта "LiteDB.EmptyPage" к типу "LiteDB.HeaderPage".
 
[23:11:25.092] [165] [ Info] [Eco] Ошибка при записи статистики в БД: InvalidCastException Не удалось привести тип объекта "LiteDB.EmptyPage" к типу "LiteDB.HeaderPage".
 
[23:11:25.092] [165] [ Info] [Eco] Ошибка при определении наличия индекса в базе данных статистики: TaroPopulation (TimeSeconds, Value): InvalidCastException Не удалось привести тип объекта "LiteDB.EmptyPage" к типу "LiteDB.HeaderPage".
 
[23:11:25.092] [165] [ Info] [Eco] Ошибка при записи статистики в БД: InvalidCastException Не удалось привести тип объекта "LiteDB.EmptyPage" к типу "LiteDB.HeaderPage".
 
[23:11:25.092] [165] [ Info] [Eco] Ошибка при определении наличия индекса в базе данных статистики: TomatoesPopulation (TimeSeconds, Value): InvalidCastException Не удалось привести тип объекта "LiteDB.EmptyPage" к типу "LiteDB.HeaderPage".
 
[23:11:25.108] [165] [ Info] [Eco] Ошибка при записи статистики в БД: InvalidCastException Не удалось привести тип объекта "LiteDB.EmptyPage" к типу "LiteDB.HeaderPage".
 
[23:11:25.108] [165] [ Info] [Eco] Ошибка при определении наличия индекса в базе данных статистики: TrilliumPopulation (TimeSeconds, Value): InvalidCastException Не удалось привести тип объекта "LiteDB.EmptyPage" к типу "LiteDB.HeaderPage".
 
[23:11:25.108] [165] [ Info] [Eco] Ошибка при записи статистики в БД: InvalidCastException Не удалось привести тип объекта "LiteDB.EmptyPage" к типу "LiteDB.HeaderPage".
 
[23:11:25.108] [165] [ Info] [Eco] Ошибка при определении наличия индекса в базе данных статистики: UrchinPopulation (TimeSeconds, Value): InvalidCastException Не удалось привести тип объекта "LiteDB.EmptyPage" к типу "LiteDB.HeaderPage".
 
[23:11:25.108] [165] [ Info] [Eco] Ошибка при записи статистики в БД: InvalidCastException Не удалось привести тип объекта "LiteDB.EmptyPage" к типу "LiteDB.HeaderPage".
 
[23:11:25.108] [165] [ Info] [Eco] Ошибка при определении наличия индекса в базе данных статистики: WaterweedPopulation (TimeSeconds, Value): InvalidCastException Не удалось привести тип объекта "LiteDB.EmptyPage" к типу "LiteDB.HeaderPage".
 
[23:11:25.108] [165] [ Info] [Eco] Ошибка при записи статистики в БД: InvalidCastException Не удалось привести тип объекта "LiteDB.EmptyPage" к типу "LiteDB.HeaderPage".
 
[23:11:25.108] [165] [ Info] [Eco] Ошибка при определении наличия индекса в базе данных статистики: WheatPopulation (TimeSeconds, Value): InvalidCastException Не удалось привести тип объекта "LiteDB.EmptyPage" к типу "LiteDB.HeaderPage".
 
[23:11:25.108] [165] [ Info] [Eco] Ошибка при записи статистики в БД: InvalidCastException Не удалось привести тип объекта "LiteDB.EmptyPage" к типу "LiteDB.HeaderPage".
 
[23:11:25.108] [165] [ Info] [Eco] Ошибка при определении наличия индекса в базе данных статистики: WhiteBursagePopulation (TimeSeconds, Value): InvalidCastException Не удалось привести тип объекта "LiteDB.EmptyPage" к типу "LiteDB.HeaderPage".
 
[23:11:25.108] [165] [ Info] [Eco] Ошибка при записи статистики в БД: InvalidCastException Не удалось привести тип объекта "LiteDB.EmptyPage" к типу "LiteDB.HeaderPage".
 
[23:11:25.108] [165] [ Info] [Eco] Ошибка при определении наличия индекса в базе данных статистики: BighornSheepPopulation (TimeSeconds, Value): InvalidCastException Не удалось привести тип объекта "LiteDB.EmptyPage" к типу "LiteDB.HeaderPage".
 
[23:11:25.124] [165] [ Info] [Eco] Ошибка при записи статистики в БД: InvalidCastException Не удалось привести тип объекта "LiteDB.EmptyPage" к типу "LiteDB.HeaderPage".
 
[23:11:25.124] [165] [ Info] [Eco] Ошибка при определении наличия индекса в базе данных статистики: BisonPopulation (TimeSeconds, Value): InvalidCastException Не удалось привести тип объекта "LiteDB.EmptyPage" к типу "LiteDB.HeaderPage".
 
[23:11:25.124] [165] [ Info] [Eco] Ошибка при записи статистики в БД: InvalidCastException Не удалось привести тип объекта "LiteDB.EmptyPage" к типу "LiteDB.HeaderPage".
 
[23:11:25.124] [165] [ Info] [Eco] Ошибка при определении наличия индекса в базе данных статистики: DeerPopulation (TimeSeconds, Value): InvalidCastException Не удалось привести тип объекта "LiteDB.EmptyPage" к типу "LiteDB.HeaderPage".
 
[23:11:25.124] [165] [ Info] [Eco] Ошибка при записи статистики в БД: InvalidCastException Не удалось привести тип объекта "LiteDB.EmptyPage" к типу "LiteDB.HeaderPage".
 
[23:11:25.124] [165] [ Info] [Eco] Ошибка при определении наличия индекса в базе данных статистики: ElkPopulation (TimeSeconds, Value): InvalidCastException Не удалось привести тип объекта "LiteDB.EmptyPage" к типу "LiteDB.HeaderPage".
 
[23:11:25.124] [165] [ Info] [Eco] Ошибка при записи статистики в БД: InvalidCastException Не удалось привести тип объекта "LiteDB.EmptyPage" к типу "LiteDB.HeaderPage".
 
[23:11:25.124] [165] [ Info] [Eco] Ошибка при определении наличия индекса в базе данных статистики: FoxPopulation (TimeSeconds, Value): InvalidCastException Не удалось привести тип объекта "LiteDB.EmptyPage" к типу "LiteDB.HeaderPage".
 
[23:11:25.124] [165] [ Info] [Eco] Ошибка при записи статистики в БД: InvalidCastException Не удалось привести тип объекта "LiteDB.EmptyPage" к типу "LiteDB.HeaderPage".
 
[23:11:25.124] [165] [ Info] [Eco] Ошибка при определении наличия индекса в базе данных статистики: HarePopulation (TimeSeconds, Value): InvalidCastException Не удалось привести тип объекта "LiteDB.EmptyPage" к типу "LiteDB.HeaderPage".
 
[23:11:25.124] [165] [ Info] [Eco] Ошибка при записи статистики в БД: InvalidCastException Не удалось привести тип объекта "LiteDB.EmptyPage" к типу "LiteDB.HeaderPage".
 
[23:11:25.124] [165] [ Info] [Eco] Ошибка при определении наличия индекса в базе данных статистики: MountainGoatPopulation (TimeSeconds, Value): InvalidCastException Не удалось привести тип объекта "LiteDB.EmptyPage" к типу "LiteDB.HeaderPage".
 
[23:11:25.124] [165] [ Info] [Eco] Ошибка при записи статистики в БД: InvalidCastException Не удалось привести тип объекта "LiteDB.EmptyPage" к типу "LiteDB.HeaderPage".
 
[23:11:25.139] [165] [ Info] [Eco] Ошибка при определении наличия индекса в базе данных статистики: OtterPopulation (TimeSeconds, Value): InvalidCastException Не удалось привести тип объекта "LiteDB.EmptyPage" к типу "LiteDB.HeaderPage".
 
[23:11:25.139] [165] [ Info] [Eco] Ошибка при записи статистики в БД: InvalidCastException Не удалось привести тип объекта "LiteDB.EmptyPage" к типу "LiteDB.HeaderPage".
 
[23:11:25.139] [165] [ Info] [Eco] Ошибка при определении наличия индекса в базе данных статистики: SalmonPopulation (TimeSeconds, Value): InvalidCastException Не удалось привести тип объекта "LiteDB.EmptyPage" к типу "LiteDB.HeaderPage".
 
[23:11:25.139] [165] [ Info] [Eco] Ошибка при записи статистики в БД: InvalidCastException Не удалось привести тип объекта "LiteDB.EmptyPage" к типу "LiteDB.HeaderPage".
 
[23:11:25.139] [165] [ Info] [Eco] Ошибка при определении наличия индекса в базе данных статистики: TortoisePopulation (TimeSeconds, Value): InvalidCastException Не удалось привести тип объекта "LiteDB.EmptyPage" к типу "LiteDB.HeaderPage".
 
[23:11:25.139] [165] [ Info] [Eco] Ошибка при записи статистики в БД: InvalidCastException Не удалось привести тип объекта "LiteDB.EmptyPage" к типу "LiteDB.HeaderPage".
 
[23:11:25.139] [165] [ Info] [Eco] Ошибка при определении наличия индекса в базе данных статистики: TroutPopulation (TimeSeconds, Value): InvalidCastException Не удалось привести тип объекта "LiteDB.EmptyPage" к типу "LiteDB.HeaderPage".
 
[23:11:25.139] [165] [ Info] [Eco] Ошибка при записи статистики в БД: InvalidCastException Не удалось привести тип объекта "LiteDB.EmptyPage" к типу "LiteDB.HeaderPage".
 
[23:11:25.139] [165] [ Info] [Eco] Ошибка при определении наличия индекса в базе данных статистики: TunaPopulation (TimeSeconds, Value): InvalidCastException Не удалось привести тип объекта "LiteDB.EmptyPage" к типу "LiteDB.HeaderPage".
 
[23:11:25.139] [165] [ Info] [Eco] Ошибка при записи статистики в БД: InvalidCastException Не удалось привести тип объекта "LiteDB.EmptyPage" к типу "LiteDB.HeaderPage".
 
[23:11:25.139] [165] [ Info] [Eco] Ошибка при определении наличия индекса в базе данных статистики: TurkeyPopulation (TimeSeconds, Value): InvalidCastException Не удалось привести тип объекта "LiteDB.EmptyPage" к типу "LiteDB.HeaderPage".
 
[23:11:25.139] [165] [ Info] [Eco] Ошибка при записи статистики в БД: InvalidCastException Не удалось привести тип объекта "LiteDB.EmptyPage" к типу "LiteDB.HeaderPage".
 
[23:11:25.139] [165] [ Info] [Eco] Ошибка при определении наличия индекса в базе данных статистики: WolfPopulation (TimeSeconds, Value): InvalidCastException Не удалось привести тип объекта "LiteDB.EmptyPage" к типу "LiteDB.HeaderPage".
 
[23:11:25.139] [165] [ Info] [Eco] Ошибка при записи статистики в БД: InvalidCastException Не удалось привести тип объекта "LiteDB.EmptyPage" к типу "LiteDB.HeaderPage".
 
[23:11:25.139] [165] [ Info] [Eco] Ошибка при записи статистики в БД: InvalidCastException Не удалось привести тип объекта "LiteDB.EmptyPage" к типу "LiteDB.HeaderPage".
 
[23:11:25.139] [165] [ Info] [Eco] Ошибка при записи статистики в БД: InvalidCastException Не удалось привести тип объекта "LiteDB.EmptyPage" к типу "LiteDB.HeaderPage".
 
[23:11:25.155] [165] [ Info] [Eco] Ошибка при записи статистики в БД: InvalidCastException Не удалось привести тип объекта "LiteDB.EmptyPage" к типу "LiteDB.HeaderPage".
 
[23:11:25.155] [165] [ Info] [Eco] Ошибка при записи статистики в БД: InvalidCastException Не удалось привести тип объекта "LiteDB.EmptyPage" к типу "LiteDB.HeaderPage".
 
[23:11:25.155] [165] [ Info] [Eco] Ошибка при записи статистики в БД: InvalidCastException Не удалось привести тип объекта "LiteDB.EmptyPage" к типу "LiteDB.HeaderPage".
 
[23:11:25.155] [165] [ Info] [Eco] Ошибка при записи статистики в БД: InvalidCastException Не удалось привести тип объекта "LiteDB.EmptyPage" к типу "LiteDB.HeaderPage".
 
[23:11:25.155] [165] [ Info] [Eco] Ошибка при записи статистики в БД: InvalidCastException Не удалось привести тип объекта "LiteDB.EmptyPage" к типу "LiteDB.HeaderPage".
 
[23:11:26.246] [169] [ Info] [Eco] Ошибка при записи статистики в БД: InvalidCastException Не удалось привести тип объекта "LiteDB.EmptyPage" к типу "LiteDB.HeaderPage".
 
[23:11:26.288] [169] [ Info] [Eco] Ошибка при записи статистики в БД: InvalidCastException Не удалось привести тип объекта "LiteDB.EmptyPage" к типу "LiteDB.HeaderPage".
 
[23:11:26.340] [169] [ Info] [Eco] Ошибка при записи статистики в БД: InvalidCastException Не удалось привести тип объекта "LiteDB.EmptyPage" к типу "LiteDB.HeaderPage".
 
[23:11:26.346] [169] [ Info] [Eco] Ошибка при записи статистики в БД: InvalidCastException Не удалось привести тип объекта "LiteDB.EmptyPage" к типу "LiteDB.HeaderPage".
 
[23:11:26.346] [169] [ Info] [Eco] Ошибка при записи статистики в БД: InvalidCastException Не удалось привести тип объекта "LiteDB.EmptyPage" к типу "LiteDB.HeaderPage".
 
[23:11:27.494] [169] [ Info] [Eco] Ошибка при записи статистики в БД: InvalidCastException Не удалось привести тип объекта "LiteDB.EmptyPage" к типу "LiteDB.HeaderPage".
 
[23:11:28.729] [169] [ Info] [Eco] Ошибка при записи статистики в БД: InvalidCastException Не удалось привести тип объекта "LiteDB.EmptyPage" к типу "LiteDB.HeaderPage".
 
[23:11:29.807] [169] [ Info] [Eco] Ошибка при записи статистики в БД: InvalidCastException Не удалось привести тип объекта "LiteDB.EmptyPage" к типу "LiteDB.HeaderPage".
 
[23:11:29.840] [169] [ Info] [Eco] Ошибка при записи статистики в БД: InvalidCastException Не удалось привести тип объекта "LiteDB.EmptyPage" к типу "LiteDB.HeaderPage".
 
[23:11:29.844] [169] [ Info] [Eco] Ошибка при записи статистики в БД: InvalidCastException Не удалось привести тип объекта "LiteDB.EmptyPage" к типу "LiteDB.HeaderPage".
 
[23:11:31.045] [169] [ Info] [Eco] Ошибка при записи статистики в БД: InvalidCastException Не удалось привести тип объекта "LiteDB.EmptyPage" к типу "LiteDB.HeaderPage".
 
[23:11:32.188] [169] [ Info] [Eco] Ошибка при записи статистики в БД: InvalidCastException Не удалось привести тип объекта "LiteDB.EmptyPage" к типу "LiteDB.HeaderPage".
 
[23:11:32.246] [169] [ Info] [Eco] Ошибка при записи статистики в БД: InvalidCastException Не удалось привести тип объекта "LiteDB.EmptyPage" к типу "LiteDB.HeaderPage".
 
[23:11:33.418] [169] [ Info] [Eco] Ошибка при записи статистики в БД: InvalidCastException Не удалось привести тип объекта "LiteDB.EmptyPage" к типу "LiteDB.HeaderPage".
 
[23:11:34.512] [169] [ Info] [Eco] Ошибка при записи статистики в БД: InvalidCastException Не удалось привести тип объекта "LiteDB.EmptyPage" к типу "LiteDB.HeaderPage".
 
[23:11:35.729] [169] [ Info] [Eco] Ошибка при записи статистики в БД: InvalidCastException Не удалось привести тип объекта "LiteDB.EmptyPage" к типу "LiteDB.HeaderPage".
 
[23:11:36.806] [169] [ Info] [Eco] Ошибка при записи статистики в БД: InvalidCastException Не удалось привести тип объекта "LiteDB.EmptyPage" к типу "LiteDB.HeaderPage".
 
[23:11:36.844] [169] [ Info] [Eco] Ошибка при записи статистики в БД: InvalidCastException Не удалось привести тип объекта "LiteDB.EmptyPage" к типу "LiteDB.HeaderPage".
 
[23:11:39.202] [169] [ Info] [Eco] Ошибка при записи статистики в БД: InvalidCastException Не удалось привести тип объекта "LiteDB.EmptyPage" к типу "LiteDB.HeaderPage".
 
[23:11:39.292] [169] [ Info] [Eco] Ошибка при записи статистики в БД: InvalidCastException Не удалось привести тип объекта "LiteDB.EmptyPage" к типу "LiteDB.HeaderPage".
 
[23:11:41.664] [169] [ Info] [Eco] Ошибка при записи статистики в БД: InvalidCastException Не удалось привести тип объекта "LiteDB.EmptyPage" к типу "LiteDB.HeaderPage".
 
[23:11:42.792] [169] [ Info] [Eco] Ошибка при записи статистики в БД: InvalidCastException Не удалось привести тип объекта "LiteDB.EmptyPage" к типу "LiteDB.HeaderPage".
 
[23:11:42.848] [169] [ Info] [Eco] Ошибка при записи статистики в БД: InvalidCastException Не удалось привести тип объекта "LiteDB.EmptyPage" к типу "LiteDB.HeaderPage".
 
[23:11:42.879] [169] [ Info] [Eco] Ошибка при записи статистики в БД: InvalidCastException Не удалось привести тип объекта "LiteDB.EmptyPage" к типу "LiteDB.HeaderPage".
 
[23:11:44.020] [169] [ Info] [Eco] Ошибка при записи статистики в БД: InvalidCastException Не удалось привести тип объекта "LiteDB.EmptyPage" к типу "LiteDB.HeaderPage".
 
[23:11:46.390] [169] [ Info] [Eco] Ошибка при записи статистики в БД: InvalidCastException Не удалось привести тип объекта "LiteDB.EmptyPage" к типу "LiteDB.HeaderPage".
 
[23:11:46.441] [169] [ Info] [Eco] Ошибка при записи статистики в БД: InvalidCastException Не удалось привести тип объекта "LiteDB.EmptyPage" к типу "LiteDB.HeaderPage".
 
[23:11:48.730] [169] [ Info] [Eco] Ошибка при записи статистики в БД: InvalidCastException Не удалось привести тип объекта "LiteDB.EmptyPage" к типу "LiteDB.HeaderPage".
 
[23:11:48.788] [169] [ Info] [Eco] Ошибка при записи статистики в БД: InvalidCastException Не удалось привести тип объекта "LiteDB.EmptyPage" к типу "LiteDB.HeaderPage".
 
[23:11:50.039] [169] [ Info] [Eco] Ошибка при записи статистики в БД: InvalidCastException Не удалось привести тип объекта "LiteDB.EmptyPage" к типу "LiteDB.HeaderPage".
 
[23:11:51.186] [169] [ Info] [Eco] Ошибка при записи статистики в БД: InvalidCastException Не удалось привести тип объекта "LiteDB.EmptyPage" к типу "LiteDB.HeaderPage".
 
[23:11:51.248] [169] [ Info] [Eco] Ошибка при записи статистики в БД: InvalidCastException Не удалось привести тип объекта "LiteDB.EmptyPage" к типу "LiteDB.HeaderPage".
 
[23:11:53.539] [169] [ Info] [Eco] Ошибка при записи статистики в БД: InvalidCastException Не удалось привести тип объекта "LiteDB.EmptyPage" к типу "LiteDB.HeaderPage".
 
[23:11:53.539] [169] [ Info] [Eco] Ошибка при записи статистики в БД: InvalidCastException Не удалось привести тип объекта "LiteDB.EmptyPage" к типу "LiteDB.HeaderPage".
 
[23:11:53.601] [169] [ Info] [Eco] Ошибка при записи статистики в БД: InvalidCastException Не удалось привести тип объекта "LiteDB.EmptyPage" к типу "LiteDB.HeaderPage".
 
[23:11:53.664] [169] [ Info] [Eco] Ошибка при записи статистики в БД: InvalidCastException Не удалось привести тип объекта "LiteDB.EmptyPage" к типу "LiteDB.HeaderPage".
 
[23:11:54.781] [169] [ Info] [Eco] Ошибка при записи статистики в БД: InvalidCastException Не удалось привести тип объекта "LiteDB.EmptyPage" к типу "LiteDB.HeaderPage".
 
[23:11:54.844] [169] [ Info] [Eco] Ошибка при записи статистики в БД: InvalidCastException Не удалось привести тип объекта "LiteDB.EmptyPage" к типу "LiteDB.HeaderPage".
 
[23:11:55.969] [169] [ Info] [Eco] Ошибка при записи статистики в БД: InvalidCastException Не удалось привести тип объекта "LiteDB.EmptyPage" к типу "LiteDB.HeaderPage".
 
[23:11:55.985] [169] [ Info] [Eco] Ошибка при записи статистики в БД: InvalidCastException Не удалось привести тип объекта "LiteDB.EmptyPage" к типу "LiteDB.HeaderPage".
 
[23:11:55.985] [169] [ Info] [Eco] Ошибка при записи статистики в БД: InvalidCastException Не удалось привести тип объекта "LiteDB.EmptyPage" к типу "LiteDB.HeaderPage".
 
[23:11:56.031] [169] [ Info] [Eco] Ошибка при записи статистики в БД: InvalidCastException Не удалось привести тип объекта "LiteDB.EmptyPage" к типу "LiteDB.HeaderPage".
 
[23:11:57.283] [169] [ Info] [Eco] Ошибка при записи статистики в БД: InvalidCastException Не удалось привести тип объекта "LiteDB.EmptyPage" к типу "LiteDB.HeaderPage".
 
[23:11:57.345] [154] [ Info] [Eco] Ошибка при записи статистики в БД: InvalidCastException Не удалось привести тип объекта "LiteDB.EmptyPage" к типу "LiteDB.HeaderPage".
 
[23:11:58.486] [169] [ Info] [Eco] Ошибка при записи статистики в БД: InvalidCastException Не удалось привести тип объекта "LiteDB.EmptyPage" к типу "LiteDB.HeaderPage".
 
[23:11:59.629] [169] [ Info] [Eco] Ошибка при записи статистики в БД: InvalidCastException Не удалось привести тип объекта "LiteDB.EmptyPage" к типу "LiteDB.HeaderPage".
 
[23:12:00.830] [169] [ Info] [Eco] Ошибка при записи статистики в БД: InvalidCastException Не удалось привести тип объекта "LiteDB.EmptyPage" к типу "LiteDB.HeaderPage".
 
[23:12:00.877] [169] [ Info] [Eco] Ошибка при записи статистики в БД: InvalidCastException Не удалось привести тип объекта "LiteDB.EmptyPage" к типу "LiteDB.HeaderPage".
 
[23:12:00.924] [169] [ Info] [Eco] Ошибка при записи статистики в БД: InvalidCastException Не удалось привести тип объекта "LiteDB.EmptyPage" к типу "LiteDB.HeaderPage".
 
[23:12:03.275] [169] [ Info] [Eco] Ошибка при записи статистики в БД: InvalidCastException Не удалось привести тип объекта "LiteDB.EmptyPage" к типу "LiteDB.HeaderPage".
 
[23:12:03.322] [169] [ Info] [Eco] Ошибка при записи статистики в БД: InvalidCastException Не удалось привести тип объекта "LiteDB.EmptyPage" к типу "LiteDB.HeaderPage".
 
[23:12:04.588] [169] [ Info] [Eco] Ошибка при записи статистики в БД: InvalidCastException Не удалось привести тип объекта "LiteDB.EmptyPage" к типу "LiteDB.HeaderPage".
 
[23:12:05.728] [169] [ Info] [Eco] Ошибка при записи статистики в БД: InvalidCastException Не удалось привести тип объекта "LiteDB.EmptyPage" к типу "LiteDB.HeaderPage".
 
[23:12:05.791] [169] [ Info] [Eco] Ошибка при записи статистики в БД: InvalidCastException Не удалось привести тип объекта "LiteDB.EmptyPage" к типу "LiteDB.HeaderPage".
 
[23:12:05.822] [169] [ Info] [Eco] Ошибка при записи статистики в БД: InvalidCastException Не удалось привести тип объекта "LiteDB.EmptyPage" к типу "LiteDB.HeaderPage".
 
[23:12:05.822] [169] [ Info] [Eco] Ошибка при записи статистики в БД: InvalidCastException Не удалось привести тип объекта "LiteDB.EmptyPage" к типу "LiteDB.HeaderPage".
 
[23:12:05.822] [169] [ Info] [Eco] Ошибка при записи статистики в БД: InvalidCastException Не удалось привести тип объекта "LiteDB.EmptyPage" к типу "LiteDB.HeaderPage".
 
[23:12:07.041] [169] [ Info] [Eco] Ошибка при записи статистики в БД: InvalidCastException Не удалось привести тип объекта "LiteDB.EmptyPage" к типу "LiteDB.HeaderPage".
 
[23:12:07.056] [169] [ Info] [Eco] Ошибка при записи статистики в БД: InvalidCastException Не удалось привести тип объекта "LiteDB.EmptyPage" к типу "LiteDB.HeaderPage".
 
[23:12:08.259] [169] [ Info] [Eco] Ошибка при записи статистики в БД: InvalidCastException Не удалось привести тип объекта "LiteDB.EmptyPage" к типу "LiteDB.HeaderPage".
 
[23:12:08.275] [169] [ Info] [Eco] Ошибка при записи статистики в БД: InvalidCastException Не удалось привести тип объекта "LiteDB.EmptyPage" к типу "LiteDB.HeaderPage".
 
[23:12:08.275] [169] [ Info] [Eco] Ошибка при записи статистики в БД: InvalidCastException Не удалось привести тип объекта "LiteDB.EmptyPage" к типу "LiteDB.HeaderPage".
 
[23:12:08.275] [169] [ Info] [Eco] Ошибка при записи статистики в БД: InvalidCastException Не удалось привести тип объекта "LiteDB.EmptyPage" к типу "LiteDB.HeaderPage".
 
[23:12:08.322] [169] [ Info] [Eco] Ошибка при записи статистики в БД: InvalidCastException Не удалось привести тип объекта "LiteDB.EmptyPage" к типу "LiteDB.HeaderPage".
 
[23:12:09.505] [169] [ Info] [Eco] Ошибка при записи статистики в БД: InvalidCastException Не удалось привести тип объекта "LiteDB.EmptyPage" к типу "LiteDB.HeaderPage".
 
[23:12:09.521] [169] [ Info] [Eco] Ошибка при записи статистики в БД: InvalidCastException Не удалось привести тип объекта "LiteDB.EmptyPage" к типу "LiteDB.HeaderPage".
 
[23:12:10.635] [169] [ Info] [Eco] Ошибка при записи статистики в БД: InvalidCastException Не удалось привести тип объекта "LiteDB.EmptyPage" к типу "LiteDB.HeaderPage".
 
