[15:45:31.760] [1] [ Info] [Eco] >>> START EcoServer, Version=1.0.0.0, Culture=neutral, PublicKeyToken=null 
[15:45:31.789] [1] [ Info] [Eco] Eco Server 0.8.3.2 beta
 
[15:45:31.865] [1] [ Info] [Eco] Server Initialization...  
[15:45:31.865] [1] [ Info] [Eco] Starting LocalizationPlugin...  
[15:45:32.228] [1] [ Info] [Eco] Запуск ПлагинНабораМодификаций...  
[15:45:32.228] [1] [ Info] [Eco] Загрузка модификаций...  
[15:45:32.328] [1] [ Info] [Eco] Компилирование модификаций...  
[15:45:33.846] [1] [ Info] [Eco] Загружаем 0Harmony...
 
[15:45:33.846] [1] [ Info] [Eco] Загружаем Asphalt-ModKit...
 
[15:45:33.973] [1] [ Info] [Eco] Загружаем Eco.IntegrationTests...
 
[15:45:33.973] [1] [ Info] [Eco] Загружаем DiscordLinkUnified...
 
[15:45:34.025] [1] [ Info] [Eco] Загружаем EcoStory...
 
[15:45:34.032] [1] [ Info] [Eco] Загрузка модификаций завершена за 1 800,4мс
 
[15:45:34.032] [1] [ Info] [Eco] Запуск МенеджерСети...  
[15:45:34.032] [5] [ Info] [Eco] Инициализация типов симуляции...  
[15:45:34.104] [13] [ Info] [Eco] Запуск ПлагинГенератораМира...  
[15:45:34.104] [11] [ Info] [Eco] Запуск ПлагинРезервногоКопирования...  
[15:45:34.104] [12] [ Info] [Eco] Запуск ПлагинИгровойСтатистики...  
[15:45:34.113] [11] [ Info] [Eco] Запуск МенеджерХранилища...  
[15:45:35.444] [5] [ Info] [Eco] Инициализация предметов...  
[15:45:35.501] [5] [ Info] [NidToolbox] Checking Settings.json 
[15:45:35.501] [5] [ Info] [NidToolbox] Config file: Mods\NidToolbox\Config\Settings.json exists. 
[15:45:35.501] [5] [ Info] [NidToolbox] Json file: Mods\NidToolbox\Config\Settings.json readable and correct. 
[15:45:35.501] [5] [ Info] [NidToolbox] Checking CommandPermissions.json 
[15:45:35.501] [5] [ Info] [NidToolbox] Config file: Mods\NidToolbox\Config\CommandPermissions.json exists. 
[15:45:35.501] [5] [ Info] [NidToolbox] Json file: Mods\NidToolbox\Config\CommandPermissions.json readable and correct. 
[15:45:35.501] [5] [ Info] [NidToolbox] Checking TimerMessages.json 
[15:45:35.501] [5] [ Info] [NidToolbox] Config file: Mods\NidToolbox\Config\TimerMessages.json exists. 
[15:45:35.501] [5] [ Info] [NidToolbox] Json file: Mods\NidToolbox\Config\TimerMessages.json readable and correct. 
[15:45:35.501] [5] [ Info] [NidToolbox] Checking ScheduledMessages.json 
[15:45:35.501] [5] [ Info] [NidToolbox] Config file: Mods\NidToolbox\Config\ScheduledMessages.json exists. 
[15:45:35.525] [5] [ Info] [NidToolbox] Json file: Mods\NidToolbox\Config\ScheduledMessages.json readable and correct. 
[15:45:35.525] [5] [ Info] [NidToolbox] No UserHomes directory, skipping user homes config checks. 
[15:45:36.326] [11] [ Info] [Eco] Запуск Плагин паузы...  
[15:45:36.326] [11] [ Info] [Eco] Загружаем Pause...  
[15:45:38.122] [5] [ Info] [Eco] Инициализация навыков...  
[15:45:38.204] [9] [ Info] [Eco] Запуск БДСтатистики...  
[15:45:38.204] [13] [ Info] [Eco] Запуск ПлагинМира...  
[15:45:38.245] [13] [ Info] [Eco] Загружаем World...  
[15:45:41.716] [13] [ Info] [Eco] Инициализация мира...  
[15:45:43.597] [13] [ Info] [Eco] Запуск ПлагинВремени...  
[15:45:43.597] [13] [ Info] [Eco] Загружаем Time...  
[15:45:43.597] [13] [ Info] [Eco] Запуск ПлагинРепутации...  
[15:45:43.597] [13] [ Info] [Eco] Загружаем Reputation...  
[15:45:43.620] [13] [ Info] [Eco] Запуск МенеджерЖильяИгроков...  
[15:45:43.620] [13] [ Info] [Eco] Запуск МенеджерПользователей...  
[15:45:43.662] [13] [ Info] [Eco] Загружаем Users...  
[15:45:44.006] [13] [ Info] [Eco] Инициализация инвентарей...  
[15:45:44.050] [13] [ Info] [Eco] Запуск МенеджерОбъектовЭко...  
[15:45:44.050] [13] [ Info] [Eco] Загружаем Objects...  
[15:45:44.283] [11] [ Info] [Eco] Запуск ПлагинМусора...  
[15:45:44.283] [24] [ Info] [Eco] Запуск VoiceManager...  
[15:45:44.283] [22] [ Info] [Eco] Запуск МенеджерКонтроллера...  
[15:45:44.283] [10] [ Info] [Eco] Запуск СерверЧата...  
[15:45:44.283] [36] [ Info] [Eco] Запуск ПлагинЭкономики...  
[15:45:44.283] [14] [ Info] [Eco] Запуск НастройкиСложности...  
[15:45:44.283] [5] [ Info] [Eco] Запуск ПлагинУгроз...  
[15:45:44.283] [11] [ Info] [Eco] Загружаем Garbage...  
[15:45:44.296] [36] [ Info] [Eco] Загружаем Economy...  
[15:45:44.775] [36] [ Info] [Eco] Запуск Законодательство...  
[15:45:44.775] [5] [ Info] [Eco] Загружаем Disasters...  
[15:45:44.779] [10] [ Info] [Eco] Загружаем Chat...  
[15:45:49.228] [36] [ Info] [Eco] Загружаем Laws...  
[15:45:49.349] [36] [ Info] [Eco] Запуск МенеджерСобственности...  
[15:45:49.349] [36] [ Info] [Eco] Загружаем Property...  
[15:45:49.475] [36] [ Info] [Eco] Запуск МенеджерМиникарты...  
[15:45:49.475] [36] [ Info] [Eco] Запуск СимуляцияЭко...  
[15:45:49.539] [36] [ Info] [Eco] Загружаем Plants...  
[15:45:50.932] [36] [ Info] [Eco] Инициализация растений...  
[15:45:56.443] [36] [ Info] [Eco] Запуск RouteProbingPlugin...  
[15:45:56.443] [36] [ Info] [Eco] Загружаем RouteProbing...  
[15:45:58.647] [36] [ Info] [Eco] Запуск МенеджерСлоёвМира...  
[15:45:58.647] [36] [ Info] [Eco] Загружаем Layers...  
[15:45:59.339] [36] [ Info] [Eco] Инициализация слоёв мира...  
[15:45:59.345] [36] [ Info] [Eco] Загружаем ClimateSim...  
[15:46:02.089] [36] [ Info] [Eco] Запуск ТрекерЭкономики...  
[15:46:02.094] [36] [ Info] [Eco] Запуск UserTracker...  
[15:46:02.094] [36] [ Info] [Eco] Запуск МенеджерМировыхОбъектов...  
[15:46:02.174] [36] [ Info] [Eco] Загружаем WorldObjects...  
[15:46:03.213] [36] [ Info] [Eco] Запуск ПлагинКомнат...  
[15:46:03.213] [36] [ Info] [Eco] Загружаем Rooms...  
[15:46:03.232] [36] [ Info] [Eco] Запуск ПлагинЦелей...  
[15:46:03.232] [36] [ Info] [Eco] Загружаем Objectives...  
[15:46:03.262] [36] [ Info] [Eco] Запуск ПлагинСна...  
[15:46:03.265] [36] [ Info] [Eco] Загружаем Sleep...  
[15:46:03.265] [1] [ Info] [Eco] Запуск ПлагинВебСервера...  
[15:46:03.265] [1] [ Info] [Eco] Запуск OtherAliasCategory...  
[15:46:03.281] [7] [ Info] [Eco] Запуск DiscordLink...  
[15:46:03.281] [21] [ Info] [Eco] Запуск NidToolboxPlugin...  
[15:46:03.281] [8] [ Info] [Eco] Запуск Asphalt...  
[15:46:03.281] [27] [ Info] [Eco] Запуск ПлагинТестовИнтеграции...  
[15:46:03.403] [1] [ Info] [Eco] Инициализируем ПлагинПеревода...  
[15:46:03.407] [1] [ Info] [Eco] Инициализируем ПлагинНабораМодификаций...  
[15:46:03.997] [1] [ Info] [Eco] Инициализируем ПлагинГенератораМира...  
[15:46:03.999] [1] [ Info] [Eco] Инициализируем МенеджерПользователей...  
[15:46:04.101] [1] [ Info] [Eco] Инициализируем ПлагинМусора...  
[15:46:04.109] [1] [ Info] [Eco] Инициализируем ПлагинЭкономики...  
[15:46:04.211] [1] [ Info] [Eco] Инициализируем Законодательство...  
[15:46:19.018] [1] [ Info] [Eco] Инициализируем МенеджерСобственности...  
[15:46:19.050] [1] [ Info] [Eco] Инициализируем МенеджерМиникарты...  
[15:46:20.060] [1] [ Info] [Eco] Инициализируем UserTracker...  
[15:46:20.074] [1] [ Info] [Eco] Инициализируем МенеджерМировыхОбъектов...  
[15:46:27.557] [1] [ Info] [Eco] Инициализируем ПлагинКомнат...  
[15:46:30.307] [1] [ Info] [Eco] Инициализируем ПлагинСна...  
[15:46:30.307] [1] [ Info] [Eco] Инициализируем NidToolboxPlugin...  
[15:46:30.315] [1] [ Info] [NidToolbox] Checking declared file: Mods\NidToolbox\Texts\Motd.txt 
[15:46:30.315] [1] [ Info] [NidToolbox] Config file:  Mods\NidToolbox\Texts\Motd.txt exists. 
[15:46:30.315] [1] [ Info] [NidToolbox] Config file:  Mods\NidToolbox\Texts\Motd.txt readable. 
[15:46:30.315] [1] [ Info] [NidToolbox] Checking declared file: Mods\NidToolbox\Texts\Rules.txt 
[15:46:30.315] [1] [ Info] [NidToolbox] Config file:  Mods\NidToolbox\Texts\Rules.txt exists. 
[15:46:30.315] [1] [ Info] [NidToolbox] Config file:  Mods\NidToolbox\Texts\Rules.txt readable. 
[15:46:30.315] [1] [ Info] [NidToolbox] Checking declared file: Mods\NidToolbox\Texts\ServerChangelog.txt 
[15:46:30.315] [1] [ Info] [NidToolbox] Config file:  Mods\NidToolbox\Texts\ServerChangelog.txt exists. 
[15:46:30.315] [1] [ Info] [NidToolbox] Config file:  Mods\NidToolbox\Texts\ServerChangelog.txt readable. 
[15:46:30.423] [1] [ Info] [Eco] Инициализируем DiscordLink...  
[15:46:30.455] [1] [ Info] [Eco] Инициализируем ПлагинМира...  
[15:46:30.455] [1] [ Info] [Eco] Обработка...  
[15:46:34.593] [138] [ Info] [Eco] DISCORDLINK: Connected to Discord.

 
[15:46:34.767] [1] [ Info] [Eco] Сжатие...  
[15:46:35.604] [141] [ Info] [Eco] DISCORDLINK: Connected and Ready
 
[15:46:38.910] [1] [ Info] [Eco] Инициализируем МенеджерСети...  
[15:46:39.177] [1] [ Info] [Eco] Инициализируем МенеджерСлоёвМира...  
[15:46:39.177] [1] [ Info] [Eco] Инициализируем ПлагинВебСервера...  
[15:46:39.837] [1] [ Info] [Eco] Инициализируем ПлагинТестовИнтеграции...  
[15:46:39.844] [1] [ Info] [NidToolbox] OK - Mono not detected, not a Linux environment 
[15:46:39.844] [1] [ Info] [NidToolbox] Plugin update added new command: nid-ShowLog to the config. 
[15:46:39.910] [1] [ Info] [NidToolbox] Running NidToolbox version 1.8.7 
[15:46:39.953] [1] [ Info] [Eco] Server Initialization завершена за 68 086,7мс
 
[15:48:00.140] [35] [ Info] [NidToolbox] letmeplay tried to run nid-ShowLog while this command is disabled. Command rejected. 
