[20:47:38.575] [1] [ Info] [Eco] >>> START EcoServer, Version=1.0.0.0, Culture=neutral, PublicKeyToken=null 
[20:47:38.602] [1] [ Info] [Eco] Eco Server 0.8.3.3 beta
 
[20:47:38.675] [1] [ Info] [Eco] Server Initialization...  
[20:47:38.675] [1] [ Info] [Eco] Starting LocalizationPlugin...  
[20:47:39.060] [1] [ Info] [Eco] Запуск ПлагинНабораМодификаций...  
[20:47:39.060] [1] [ Info] [Eco] Загрузка модификаций...  
[20:47:39.352] [1] [ Info] [Eco] Компилирование модификаций...  
[20:47:40.859] [1] [ Info] [Eco] Загружаем 0Harmony...
 
[20:47:40.859] [1] [ Info] [Eco] Загружаем Asphalt-ModKit...
 
[20:47:40.987] [1] [ Info] [Eco] Загружаем DiscordLink_blue...
 
[20:47:41.040] [1] [ Info] [Eco] Загружаем Eco.IntegrationTests...
 
[20:47:41.040] [1] [ Info] [Eco] Загружаем em-base...
 
[20:47:41.045] [1] [ Info] [Eco] Загружаем NoPlayerCredits...
 
[20:47:41.045] [1] [ Info] [Eco] Загружаем em-greenenergy...
 
[20:47:41.045] [1] [ Info] [Eco] Загружаем em-realisticsmelting...
 
[20:47:41.045] [1] [ Info] [Eco] Загружаем em-shippingcontainers...
 
[20:47:41.045] [1] [ Info] [Eco] Загружаем em-tailingspack...
 
[20:47:41.045] [1] [ Info] [Eco] Загружаем em-arches...
 
[20:47:41.045] [1] [ Info] [Eco] Загружаем em-doors...
 
[20:47:41.060] [1] [ Info] [Eco] Загружаем em-dyes...
 
[20:47:41.060] [1] [ Info] [Eco] Загружаем em-homeobjects...
 
[20:47:41.060] [1] [ Info] [Eco] Загружаем em-transportation...
 
[20:47:41.078] [1] [ Info] [Eco] Загружаем em-windows...
 
[20:47:41.095] [1] [ Info] [Eco] Загружаем em-zymology...
 
[20:47:41.095] [1] [ Info] [Eco] Загружаем HPStorage...
 
[20:47:41.095] [1] [ Info] [Eco] Загружаем NidToolbox...
 
[20:47:41.107] [1] [ Info] [Eco] Загрузка модификаций завершена за 2 045,2мс
 
[20:47:41.107] [1] [ Info] [Eco] Запуск МенеджерСети...  
[20:47:41.107] [5] [ Info] [Eco] Инициализация типов симуляции...  
[20:47:41.163] [1] [ Info] [Eco] Server Initialization завершена за 2 487,8мс
 
[20:47:41.170] [1] [ Info] [Eco] Failed to load server, Exception was Exception: JsonReaderException
Message:After parsing a value an unexpected character was encountered: S. Path 'DetailedDescription', line 8, position 3.
Source:Newtonsoft.Json

Newtonsoft.Json.JsonReaderException: After parsing a value an unexpected character was encountered: S. Path 'DetailedDescription', line 8, position 3.
   at Newtonsoft.Json.JsonTextReader.ParsePostValue(Boolean ignoreComments)
   at Newtonsoft.Json.JsonTextReader.Read()
   at Newtonsoft.Json.Serialization.JsonSerializerInternalReader.PopulateObject(Object newObject, JsonReader reader, JsonObjectContract contract, JsonProperty member, String id)
   at Newtonsoft.Json.Serialization.JsonSerializerInternalReader.Populate(JsonReader reader, Object target)
   at Newtonsoft.Json.JsonSerializer.PopulateInternal(JsonReader reader, Object target)
   at Newtonsoft.Json.JsonConvert.PopulateObject(String value, Object target, JsonSerializerSettings settings)
   at Eco.Core.Plugins.PluginConfig`1.Load(String filename)
   at Eco.Plugins.Networking.NetworkManager..ctor()
 
[20:47:41.874] [5] [ Info] [Eco] Инициализация предметов...  
[20:47:41.949] [5] [ Info] [NidToolbox] Checking Settings.json 
[20:47:41.951] [5] [ Info] [NidToolbox] Config file: Mods\NidToolbox\Config\Settings.json exists. 
[20:47:41.951] [5] [ Info] [NidToolbox] Json file: Mods\NidToolbox\Config\Settings.json readable and correct. 
[20:47:41.951] [5] [ Info] [NidToolbox] Checking CommandPermissions.json 
[20:47:41.951] [5] [ Info] [NidToolbox] Config file: Mods\NidToolbox\Config\CommandPermissions.json exists. 
[20:47:41.951] [5] [ Info] [NidToolbox] Json file: Mods\NidToolbox\Config\CommandPermissions.json readable and correct. 
[20:47:41.951] [5] [ Info] [NidToolbox] Checking TimerMessages.json 
[20:47:41.951] [5] [ Info] [NidToolbox] Config file: Mods\NidToolbox\Config\TimerMessages.json exists. 
[20:47:41.951] [5] [ Info] [NidToolbox] Json file: Mods\NidToolbox\Config\TimerMessages.json readable and correct. 
[20:47:41.966] [5] [ Info] [NidToolbox] Checking ScheduledMessages.json 
[20:47:41.966] [5] [ Info] [NidToolbox] Config file: Mods\NidToolbox\Config\ScheduledMessages.json exists. 
[20:47:41.966] [5] [ Info] [NidToolbox] Json file: Mods\NidToolbox\Config\ScheduledMessages.json readable and correct. 
[20:47:41.966] [5] [ Info] [NidToolbox] No UserHomes directory, skipping user homes config checks. 
[20:47:44.509] [5] [ Info] [Eco] Инициализация навыков...  
