[21:52:45.769] [1] [ Info] [Eco] >>> START EcoServer, Version=1.0.0.0, Culture=neutral, PublicKeyToken=null 
[21:52:45.802] [1] [ Info] [Eco] Eco Server 0.8.3.2 beta
 
[21:52:45.924] [1] [ Info] [Eco] Server Initialization...  
[21:52:45.924] [1] [ Info] [Eco] Starting LocalizationPlugin...  
[21:52:46.397] [1] [ Info] [Eco] Запуск ПлагинНабораМодификаций...  
[21:52:46.397] [1] [ Info] [Eco] Загрузка модификаций...  
[21:52:46.555] [1] [ Info] [Eco] Компилирование модификаций...  
[21:52:48.494] [1] [ Info] [Eco] Загружаем 0Harmony...
 
[21:52:48.499] [1] [ Info] [Eco] Загружаем Asphalt-ModKit...
 
[21:52:48.638] [1] [ Info] [Eco] Загружаем Eco.IntegrationTests...
 
[21:52:48.641] [1] [ Info] [Eco] Загружаем DiscordLinkUnified...
 
[21:52:48.705] [1] [ Info] [Eco] Загружаем EcoStory...
 
[21:52:48.705] [1] [ Info] [Eco] Загружаем HPStorage...
 
[21:52:48.705] [1] [ Info] [Eco] Загрузка модификаций завершена за 2 316,7мс
 
[21:52:48.717] [1] [ Info] [Eco] Запуск МенеджерСети...  
[21:52:48.717] [7] [ Info] [Eco] Инициализация типов симуляции...  
[21:52:48.786] [15] [ Info] [Eco] Запуск ПлагинГенератораМира...  
[21:52:48.786] [17] [ Info] [Eco] Запуск ПлагинИгровойСтатистики...  
[21:52:48.786] [16] [ Info] [Eco] Запуск ПлагинРезервногоКопирования...  
[21:52:48.795] [16] [ Info] [Eco] Запуск МенеджерХранилища...  
[21:52:49.709] [7] [ Info] [Eco] Инициализация предметов...  
[21:52:49.768] [7] [ Info] [NidToolbox] Checking Settings.json 
[21:52:49.768] [7] [ Info] [NidToolbox] Config file: Mods\NidToolbox\Config\Settings.json exists. 
[21:52:49.768] [7] [ Info] [NidToolbox] Json file: Mods\NidToolbox\Config\Settings.json readable and correct. 
[21:52:49.768] [7] [ Info] [NidToolbox] Checking CommandPermissions.json 
[21:52:49.768] [7] [ Info] [NidToolbox] Config file: Mods\NidToolbox\Config\CommandPermissions.json exists. 
[21:52:49.768] [7] [ Info] [NidToolbox] Json file: Mods\NidToolbox\Config\CommandPermissions.json readable and correct. 
[21:52:49.768] [7] [ Info] [NidToolbox] Checking TimerMessages.json 
[21:52:49.768] [7] [ Info] [NidToolbox] Config file: Mods\NidToolbox\Config\TimerMessages.json exists. 
[21:52:49.768] [7] [ Info] [NidToolbox] Json file: Mods\NidToolbox\Config\TimerMessages.json readable and correct. 
[21:52:49.768] [7] [ Info] [NidToolbox] Checking ScheduledMessages.json 
[21:52:49.780] [7] [ Info] [NidToolbox] Config file: Mods\NidToolbox\Config\ScheduledMessages.json exists. 
[21:52:49.780] [7] [ Info] [NidToolbox] Json file: Mods\NidToolbox\Config\ScheduledMessages.json readable and correct. 
[21:52:49.780] [7] [ Info] [NidToolbox] No UserHomes directory, skipping user homes config checks. 
[21:52:52.598] [16] [ Info] [Eco] Запуск Плагин паузы...  
[21:52:52.607] [16] [ Info] [Eco] Загружаем Pause...  
[21:52:53.230] [7] [ Info] [Eco] Инициализация навыков...  
[21:52:53.325] [5] [ Info] [Eco] Запуск БДСтатистики...  
[21:52:53.325] [9] [ Info] [Eco] Запуск ПлагинМира...  
[21:52:53.372] [9] [ Info] [Eco] Загружаем World...  
[21:52:59.353] [9] [ Info] [Eco] Конвертация мира в новый формат...  
[21:53:32.987] [9] [ Info] [Eco] Инициализация мира...  
[21:53:33.253] [9] [ Info] [Eco] Запуск ПлагинВремени...  
[21:53:33.253] [9] [ Info] [Eco] Загружаем Time...  
[21:53:33.253] [9] [ Info] [Eco] Запуск ПлагинРепутации...  
[21:53:33.253] [9] [ Info] [Eco] Загружаем Reputation...  
[21:53:33.284] [9] [ Info] [Eco] Запуск МенеджерЖильяИгроков...  
[21:53:33.284] [9] [ Info] [Eco] Запуск МенеджерПользователей...  
[21:53:33.329] [9] [ Info] [Eco] Загружаем Users...  
[21:53:33.727] [9] [ Info] [Eco] Инициализация инвентарей...  
[21:53:33.761] [9] [ Info] [Eco] Запуск МенеджерОбъектовЭко...  
[21:53:33.768] [9] [ Info] [Eco] Загружаем Objects...  
[21:53:34.079] [16] [ Info] [Eco] Запуск ПлагинМусора...  
[21:53:34.079] [21] [ Info] [Eco] Запуск НастройкиСложности...  
[21:53:34.079] [9] [ Info] [Eco] Запуск ПлагинЭкономики...  
[21:53:34.079] [23] [ Info] [Eco] Запуск VoiceManager...  
[21:53:34.079] [7] [ Info] [Eco] Запуск СерверЧата...  
[21:53:34.079] [30] [ Info] [Eco] Запуск МенеджерКонтроллера...  
[21:53:34.079] [16] [ Info] [Eco] Загружаем Garbage...  
[21:53:34.079] [22] [ Info] [Eco] Запуск ПлагинУгроз...  
[21:53:34.100] [9] [ Info] [Eco] Загружаем Economy...  
[21:53:34.872] [9] [ Info] [Eco] Запуск Законодательство...  
[21:53:34.872] [22] [ Info] [Eco] Загружаем Disasters...  
[21:53:34.876] [7] [ Info] [Eco] Загружаем Chat...  
[21:53:42.216] [9] [ Info] [Eco] Загружаем Laws...  
[21:53:42.357] [9] [ Info] [Eco] Запуск МенеджерСобственности...  
[21:53:42.357] [9] [ Info] [Eco] Загружаем Property...  
[21:53:42.512] [9] [ Info] [Eco] Запуск МенеджерМиникарты...  
[21:53:42.516] [9] [ Info] [Eco] Запуск СимуляцияЭко...  
[21:53:42.584] [9] [ Info] [Eco] Загружаем Plants...  
[21:53:44.430] [9] [ Info] [Eco] Инициализация растений...  
[21:53:50.678] [9] [ Info] [Eco] Запуск RouteProbingPlugin...  
[21:53:50.678] [9] [ Info] [Eco] Загружаем RouteProbing...  
[21:53:53.875] [9] [ Info] [Eco] Запуск МенеджерСлоёвМира...  
[21:53:53.875] [9] [ Info] [Eco] Загружаем Layers...  
[21:53:54.700] [9] [ Info] [Eco] Инициализация слоёв мира...  
[21:53:54.707] [9] [ Info] [Eco] Загружаем ClimateSim...  
[21:54:00.076] [9] [ Info] [Eco] Запуск ТрекерЭкономики...  
[21:54:00.076] [9] [ Info] [Eco] Запуск UserTracker...  
[21:54:00.076] [9] [ Info] [Eco] Запуск МенеджерМировыхОбъектов...  
[21:54:00.219] [9] [ Info] [Eco] Загружаем WorldObjects...  
[21:54:01.464] [9] [ Info] [Eco] Запуск ПлагинКомнат...  
[21:54:01.468] [9] [ Info] [Eco] Загружаем Rooms...  
[21:54:01.485] [9] [ Info] [Eco] Запуск ПлагинЦелей...  
[21:54:01.485] [9] [ Info] [Eco] Загружаем Objectives...  
[21:54:01.504] [9] [ Info] [Eco] Запуск ПлагинСна...  
[21:54:01.521] [9] [ Info] [Eco] Загружаем Sleep...  
[21:54:01.521] [1] [ Info] [Eco] Запуск ПлагинВебСервера...  
[21:54:01.535] [1] [ Info] [Eco] Запуск OtherAliasCategory...  
[21:54:01.535] [31] [ Info] [Eco] Запуск Asphalt...  
[21:54:01.535] [29] [ Info] [Eco] Запуск NidToolboxPlugin...  
[21:54:01.535] [17] [ Info] [Eco] Запуск DiscordLink...  
[21:54:01.535] [16] [ Info] [Eco] Запуск ПлагинТестовИнтеграции...  
[21:54:01.626] [1] [ Info] [Eco] Инициализируем ПлагинПеревода...  
[21:54:01.626] [1] [ Info] [Eco] Инициализируем ПлагинНабораМодификаций...  
[21:54:01.833] [1] [ Info] [Eco] Инициализируем ПлагинГенератораМира...  
[21:54:01.833] [1] [ Info] [Eco] Инициализируем МенеджерПользователей...  
[21:54:01.936] [1] [ Info] [Eco] Инициализируем ПлагинМусора...  
[21:54:01.936] [1] [ Info] [Eco] Инициализируем ПлагинЭкономики...  
[21:54:02.023] [1] [ Info] [Eco] Инициализируем Законодательство...  
[21:54:20.551] [1] [ Info] [Eco] Инициализируем МенеджерСобственности...  
[21:54:20.592] [1] [ Info] [Eco] Инициализируем МенеджерМиникарты...  
[21:54:21.539] [1] [ Info] [Eco] Инициализируем UserTracker...  
[21:54:21.552] [1] [ Info] [Eco] Инициализируем МенеджерМировыхОбъектов...  
[21:54:29.054] [1] [ Info] [Eco] Инициализируем ПлагинКомнат...  
[21:54:31.574] [1] [ Info] [Eco] Инициализируем ПлагинСна...  
[21:54:31.574] [1] [ Info] [Eco] Инициализируем NidToolboxPlugin...  
[21:54:31.588] [1] [ Info] [NidToolbox] Checking declared file: Mods\NidToolbox\Texts\Motd.txt 
[21:54:31.588] [1] [ Info] [NidToolbox] Config file:  Mods\NidToolbox\Texts\Motd.txt exists. 
[21:54:31.588] [1] [ Info] [NidToolbox] Config file:  Mods\NidToolbox\Texts\Motd.txt readable. 
[21:54:31.588] [1] [ Info] [NidToolbox] Checking declared file: Mods\NidToolbox\Texts\Rules.txt 
[21:54:31.588] [1] [ Info] [NidToolbox] Config file:  Mods\NidToolbox\Texts\Rules.txt exists. 
[21:54:31.595] [1] [ Info] [NidToolbox] Config file:  Mods\NidToolbox\Texts\Rules.txt readable. 
[21:54:31.595] [1] [ Info] [NidToolbox] Checking declared file: Mods\NidToolbox\Texts\ServerChangelog.txt 
[21:54:31.595] [1] [ Info] [NidToolbox] Config file:  Mods\NidToolbox\Texts\ServerChangelog.txt exists. 
[21:54:31.595] [1] [ Info] [NidToolbox] Config file:  Mods\NidToolbox\Texts\ServerChangelog.txt readable. 
[21:54:31.715] [1] [ Info] [Eco] Инициализируем DiscordLink...  
[21:54:31.752] [1] [ Info] [Eco] Инициализируем ПлагинМира...  
[21:54:31.752] [1] [ Info] [Eco] Обработка...  
[21:54:32.036] [159] [ Info] [Eco] DISCORDLINK ERROR: Error connecting to discord: Authentication failed. Check your token and try again.

 
[21:54:37.702] [1] [ Info] [Eco] Сжатие...  
[21:54:53.907] [1] [ Info] [Eco] Сохранение мира...  
[21:54:59.345] [1] [ Info] [Eco] Инициализируем МенеджерСети...  
[21:54:59.607] [1] [ Info] [Eco] Инициализируем МенеджерСлоёвМира...  
[21:54:59.609] [1] [ Info] [Eco] Инициализируем ПлагинВебСервера...  
[21:55:00.455] [1] [ Info] [Eco] Инициализируем ПлагинТестовИнтеграции...  
[21:55:00.455] [1] [ Info] [NidToolbox] OK - Mono not detected, not a Linux environment 
[21:55:00.455] [1] [ Info] [NidToolbox] All commands in config up to date. 
[21:55:00.536] [1] [ Info] [NidToolbox] Running NidToolbox version 1.8.7 
[21:55:00.560] [1] [ Info] [Eco] Server Initialization завершена за 134 635,9мс
 
[21:55:05.207] [161] [ Info] [Eco] Ошибка при определении наличия индекса в базе данных статистики: BoleteMushroomPopulation (TimeSeconds, Value): TimeoutException Время ожидания операции истекло.
 
[21:57:17.953] [155] [ Info] [NidToolbox] letmeplay tried to run nid-ShowLog. Command allowed. 
[21:58:36.874] [148] [ Info] [log] letmeplay invoked admin command '/give storagebox' 
[21:59:10.027] [148] [ Info] [log] letmeplay invoked admin command '/give storagerack' 
[22:14:07.004] [143] [ Info] [NidToolbox] Титаникус tried to run nid-ShowLog. Command allowed. 
[22:25:33.717] [28] [ Info] [Eco] Удалена резервная копия - D:/EcoBackup/Storage\Backup\Game-2020-02-05-22.07.41
 
[22:55:08.377] [155] [ Info] [Eco] Удалена резервная копия - D:/EcoBackup/Storage\Backup\Game-2020-02-06-21.41.39
 
[23:02:42.442] [153] [ Info] [Eco] Пользователь с неверными данными пытался соединится: NuclearElement
 
