[22:25:53.840] [1] [ Info] [Eco] >>> START EcoServer, Version=1.0.0.0, Culture=neutral, PublicKeyToken=null 
[22:25:53.867] [1] [ Info] [Eco] Eco Server 0.8.3.3 beta
 
[22:25:53.950] [1] [ Info] [Eco] Server Initialization...  
[22:25:53.950] [1] [ Info] [Eco] Starting LocalizationPlugin...  
[22:25:54.323] [1] [ Info] [Eco] Запуск ПлагинНабораМодификаций...  
[22:25:54.323] [1] [ Info] [Eco] Загрузка модификаций...  
[22:25:54.595] [1] [ Info] [Eco] Компилирование модификаций...  
[22:25:56.065] [1] [ Info] [Eco] Загружаем 0Harmony...
 
[22:25:56.065] [1] [ Info] [Eco] Загружаем Asphalt-ModKit...
 
[22:25:56.187] [1] [ Info] [Eco] Загружаем DiscordLink_blue...
 
[22:25:56.246] [1] [ Info] [Eco] Загрузка модификаций завершена за 1 921,0мс
 
[22:25:56.248] [1] [ Info] [Eco] Server Initialization завершена за 2 297,8мс
 
[22:25:56.248] [1] [ Info] [Eco] Failed to load server, Exception was Exception: ReflectionTypeLoadException
Message:Не удается загрузить один или более запрошенных типов. Обратитесь к свойству LoaderExceptions для получения дополнительных сведений.
Source:mscorlib

System.Reflection.ReflectionTypeLoadException: Не удается загрузить один или более запрошенных типов. Обратитесь к свойству LoaderExceptions для получения дополнительных сведений.
   at System.Reflection.RuntimeModule.GetTypes(RuntimeModule module)
   at System.Reflection.Assembly.GetTypes()
   at Eco.ModKit.ModKitPlugin.LoadModDlls()
   at Eco.ModKit.ModKitPlugin.LoadModsData(TaskCompletionSource`1 done)
   at Eco.ModKit.ModKitPlugin..ctor(TaskCompletionSource`1 done)
 
