[23:30:23.147] [1] [ Info] [Eco] >>> START EcoServer, Version=1.0.0.0, Culture=neutral, PublicKeyToken=null 
[23:30:23.193] [1] [ Info] [Eco] Eco Server 0.8.3.2 beta
 
[23:30:23.782] [1] [ Info] [Eco] Server Initialization...  
[23:30:23.782] [1] [ Info] [Eco] Starting LocalizationPlugin...  
[23:30:24.420] [1] [ Info] [Eco] Запуск ПлагинНабораМодификаций...  
[23:30:24.420] [1] [ Info] [Eco] Загрузка модификаций...  
[23:30:24.964] [1] [ Info] [Eco] Компилирование модификаций...  
[23:30:33.103] [1] [ Info] [Eco] Загружаем 0Harmony...
 
[23:30:33.214] [1] [ Info] [Eco] Загружаем Eco.IntegrationTests...
 
[23:30:33.312] [1] [ Info] [Eco] Загружаем em-base...
 
[23:30:33.369] [1] [ Info] [Eco] Загружаем NoPlayerCredits...
 
[23:30:33.413] [1] [ Info] [Eco] Загружаем em-greenenergy...
 
[23:30:33.470] [1] [ Info] [Eco] Загружаем em-realisticsmelting...
 
[23:30:33.523] [1] [ Info] [Eco] Загружаем em-shippingcontainers...
 
[23:30:33.569] [1] [ Info] [Eco] Загружаем em-tailingspack...
 
[23:30:33.594] [1] [ Info] [Eco] Загружаем em-arches...
 
[23:30:33.659] [1] [ Info] [Eco] Загружаем em-doors...
 
[23:30:33.724] [1] [ Info] [Eco] Загружаем em-dyes...
 
[23:30:33.780] [1] [ Info] [Eco] Загружаем em-homeobjects...
 
[23:30:33.848] [1] [ Info] [Eco] Загружаем em-transportation...
 
[23:30:33.917] [1] [ Info] [Eco] Загружаем em-windows...
 
[23:30:33.995] [1] [ Info] [Eco] Загружаем em-zymology...
 
[23:30:34.045] [1] [ Info] [Eco] Загрузка модификаций завершена за 9 620,9мс
 
[23:30:34.045] [1] [ Info] [Eco] Запуск МенеджерСети...  
[23:30:34.057] [7] [ Info] [Eco] Инициализация типов симуляции...  
[23:30:34.242] [5] [ Info] [Eco] Запуск ПлагинГенератораМира...  
[23:30:34.242] [10] [ Info] [Eco] Запуск ПлагинРезервногоКопирования...  
[23:30:34.290] [12] [ Info] [Eco] Запуск ПлагинИгровойСтатистики...  
[23:30:34.290] [10] [ Info] [Eco] Запуск МенеджерХранилища...  
[23:30:36.681] [7] [ Info] [Eco] Инициализация предметов...  
[23:30:38.329] [10] [ Info] [Eco] Запуск Плагин паузы...  
[23:30:41.519] [7] [ Info] [Eco] Инициализация навыков...  
[23:30:41.643] [10] [ Info] [Eco] Запуск БДСтатистики...  
[23:30:41.643] [7] [ Info] [Eco] Запуск ПлагинМира...  
[23:30:41.716] [7] [ Info] [Eco] Инициализация мира...  
[23:30:41.716] [7] [ Info] [Eco] Запуск ПлагинВремени...  
[23:30:41.729] [7] [ Info] [Eco] Запуск ПлагинРепутации...  
[23:30:41.729] [7] [ Info] [Eco] Запуск МенеджерЖильяИгроков...  
[23:30:41.729] [7] [ Info] [Eco] Запуск МенеджерПользователей...  
[23:30:41.791] [7] [ Info] [Eco] Инициализация инвентарей...  
[23:30:41.850] [7] [ Info] [Eco] Запуск МенеджерОбъектовЭко...  
[23:30:41.850] [10] [ Info] [Eco] Запуск ПлагинМусора...  
[23:30:41.850] [13] [ Info] [Eco] Запуск ПлагинУгроз...  
[23:30:41.850] [12] [ Info] [Eco] Запуск МенеджерКонтроллера...  
[23:30:41.850] [8] [ Info] [Eco] Запуск СерверЧата...  
[23:30:41.867] [14] [ Info] [Eco] Запуск НастройкиСложности...  
[23:30:41.867] [5] [ Info] [Eco] Запуск VoiceManager...  
[23:30:41.867] [7] [ Info] [Eco] Запуск ПлагинЭкономики...  
[23:30:41.959] [7] [ Info] [Eco] Запуск Законодательство...  
[23:30:41.987] [7] [ Info] [Eco] Запуск МенеджерСобственности...  
[23:30:42.008] [7] [ Info] [Eco] Запуск МенеджерМиникарты...  
[23:30:42.081] [7] [ Info] [Eco] Запуск СимуляцияЭко...  
[23:30:42.227] [7] [ Info] [Eco] Инициализация растений...  
[23:30:42.300] [7] [ Info] [Eco] Запуск RouteProbingPlugin...  
[23:30:42.305] [7] [ Info] [Eco] Запуск МенеджерСлоёвМира...  
[23:30:42.341] [7] [ Info] [Eco] Запуск ТрекерЭкономики...  
[23:30:42.341] [7] [ Info] [Eco] Запуск UserTracker...  
[23:30:42.355] [7] [ Info] [Eco] Запуск МенеджерМировыхОбъектов...  
[23:30:42.477] [7] [ Info] [Eco] Запуск ПлагинКомнат...  
[23:30:42.494] [7] [ Info] [Eco] Запуск ПлагинЦелей...  
[23:30:42.521] [7] [ Info] [Eco] Запуск ПлагинСна...  
[23:30:43.045] [1] [ Info] [Eco] Запуск ПлагинВебСервера...  
[23:30:43.059] [1] [ Info] [Eco] Запуск OtherAliasCategory...  
[23:30:43.059] [6] [ Info] [Eco] Запуск ChatBase...  
[23:30:43.059] [11] [ Info] [Eco] Запуск ПлагинТестовИнтеграции...  
[23:30:43.059] [5] [ Info] [Eco] Запуск NoPlayerCreditsPlugin...  
[23:30:43.218] [1] [ Info] [Eco] Инициализируем ПлагинПеревода...  
[23:30:43.218] [1] [ Info] [Eco] Инициализируем ПлагинНабораМодификаций...  
[23:30:43.677] [1] [ Info] [Eco] Инициализируем ПлагинГенератораМира...  
[23:30:43.718] [1] [ Info] [Eco] Генерация мира 2,96km²...  
