[20:26:49.579] [1] [ Info] [Eco] >>> START EcoServer, Version=1.0.0.0, Culture=neutral, PublicKeyToken=null 
[20:26:49.606] [1] [ Info] [Eco] Eco Server 0.8.3.3 beta
 
[20:26:49.688] [1] [ Info] [Eco] Server Initialization...  
[20:26:49.688] [1] [ Info] [Eco] Starting LocalizationPlugin...  
[20:26:50.071] [1] [ Info] [Eco] Запуск ПлагинНабораМодификаций...  
[20:26:50.071] [1] [ Info] [Eco] Загрузка модификаций...  
[20:26:50.364] [1] [ Info] [Eco] Компилирование модификаций...  
[20:26:51.858] [1] [ Info] [Eco] Загружаем 0Harmony...
 
[20:26:51.862] [1] [ Info] [Eco] Загружаем Asphalt-ModKit...
 
[20:26:51.982] [1] [ Info] [Eco] Загружаем DiscordLink_blue...
 
[20:26:52.026] [1] [ Info] [Eco] Загружаем Eco.IntegrationTests...
 
[20:26:52.026] [1] [ Info] [Eco] Загружаем em-base...
 
[20:26:52.030] [1] [ Info] [Eco] Загружаем NoPlayerCredits...
 
[20:26:52.030] [1] [ Info] [Eco] Загружаем em-greenenergy...
 
[20:26:52.030] [1] [ Info] [Eco] Загружаем em-realisticsmelting...
 
[20:26:52.030] [1] [ Info] [Eco] Загружаем em-shippingcontainers...
 
[20:26:52.030] [1] [ Info] [Eco] Загружаем em-tailingspack...
 
[20:26:52.030] [1] [ Info] [Eco] Загружаем em-arches...
 
[20:26:52.030] [1] [ Info] [Eco] Загружаем em-doors...
 
[20:26:52.030] [1] [ Info] [Eco] Загружаем em-dyes...
 
[20:26:52.030] [1] [ Info] [Eco] Загружаем em-homeobjects...
 
[20:26:52.047] [1] [ Info] [Eco] Загружаем em-transportation...
 
[20:26:52.047] [1] [ Info] [Eco] Загружаем em-windows...
 
[20:26:52.047] [1] [ Info] [Eco] Загружаем em-zymology...
 
[20:26:52.065] [1] [ Info] [Eco] Загружаем HPStorage...
 
[20:26:52.065] [1] [ Info] [Eco] Загружаем NidToolbox...
 
[20:26:52.065] [1] [ Info] [Eco] Загрузка модификаций завершена за 1 999,0мс
 
[20:26:52.065] [1] [ Info] [Eco] Запуск МенеджерСети...  
[20:26:52.079] [6] [ Info] [Eco] Инициализация типов симуляции...  
[20:26:52.142] [11] [ Info] [Eco] Запуск ПлагинГенератораМира...  
[20:26:52.142] [16] [ Info] [Eco] Запуск ПлагинИгровойСтатистики...  
[20:26:52.142] [13] [ Info] [Eco] Запуск ПлагинРезервногоКопирования...  
[20:26:52.155] [13] [ Info] [Eco] Запуск МенеджерХранилища...  
[20:26:53.616] [6] [ Info] [Eco] Инициализация предметов...  
[20:26:53.696] [6] [ Info] [NidToolbox] Checking Settings.json 
[20:26:53.696] [6] [ Info] [NidToolbox] Config file: Mods\NidToolbox\Config\Settings.json exists. 
[20:26:53.704] [6] [ Info] [NidToolbox] Json file: Mods\NidToolbox\Config\Settings.json readable and correct. 
[20:26:53.725] [6] [ Info] [NidToolbox] Checking CommandPermissions.json 
[20:26:53.747] [6] [ Info] [NidToolbox] Config file: Mods\NidToolbox\Config\CommandPermissions.json exists. 
[20:26:53.749] [6] [ Info] [NidToolbox] Json file: Mods\NidToolbox\Config\CommandPermissions.json readable and correct. 
[20:26:53.749] [6] [ Info] [NidToolbox] Checking TimerMessages.json 
[20:26:53.749] [6] [ Info] [NidToolbox] Config file: Mods\NidToolbox\Config\TimerMessages.json exists. 
[20:26:53.749] [6] [ Info] [NidToolbox] Json file: Mods\NidToolbox\Config\TimerMessages.json readable and correct. 
[20:26:53.749] [6] [ Info] [NidToolbox] Checking ScheduledMessages.json 
[20:26:53.749] [6] [ Info] [NidToolbox] Config file: Mods\NidToolbox\Config\ScheduledMessages.json exists. 
[20:26:53.749] [6] [ Info] [NidToolbox] Json file: Mods\NidToolbox\Config\ScheduledMessages.json readable and correct. 
[20:26:53.765] [6] [ Info] [NidToolbox] No UserHomes directory, skipping user homes config checks. 
[20:26:54.666] [13] [ Info] [Eco] Запуск Плагин паузы...  
[20:26:54.676] [13] [ Info] [Eco] Загружаем Pause...  
[20:26:56.756] [6] [ Info] [Eco] Инициализация навыков...  
[20:26:56.853] [8] [ Info] [Eco] Запуск БДСтатистики...  
[20:26:56.853] [10] [ Info] [Eco] Запуск ПлагинМира...  
[20:26:56.900] [10] [ Info] [Eco] Загружаем World...  
[20:26:59.948] [10] [ Info] [Eco] Инициализация мира...  
[20:27:00.988] [10] [ Info] [Eco] Запуск ПлагинВремени...  
[20:27:00.988] [10] [ Info] [Eco] Загружаем Time...  
[20:27:00.988] [10] [ Info] [Eco] Запуск ПлагинРепутации...  
[20:27:00.988] [10] [ Info] [Eco] Загружаем Reputation...  
[20:27:01.002] [10] [ Info] [Eco] Запуск МенеджерЖильяИгроков...  
[20:27:01.002] [10] [ Info] [Eco] Запуск МенеджерПользователей...  
[20:27:01.039] [10] [ Info] [Eco] Загружаем Users...  
[20:27:01.169] [10] [ Info] [Eco] Инициализация инвентарей...  
[20:27:01.210] [10] [ Info] [Eco] Запуск МенеджерОбъектовЭко...  
[20:27:01.210] [13] [ Info] [Eco] Запуск ПлагинМусора...  
[20:27:01.210] [29] [ Info] [Eco] Запуск VoiceManager...  
[20:27:01.210] [12] [ Info] [Eco] Запуск ПлагинУгроз...  
[20:27:01.210] [13] [ Info] [Eco] Загружаем Garbage...  
[20:27:01.219] [10] [ Info] [Eco] Запуск ПлагинЭкономики...  
[20:27:01.219] [21] [ Info] [Eco] Запуск НастройкиСложности...  
[20:27:01.219] [17] [ Info] [Eco] Запуск СерверЧата...  
[20:27:01.219] [11] [ Info] [Eco] Запуск МенеджерКонтроллера...  
[20:27:01.219] [10] [ Info] [Eco] Загружаем Economy...  
[20:27:01.412] [12] [ Info] [Eco] Загружаем Disasters...  
[20:27:01.425] [10] [ Info] [Eco] Запуск Законодательство...  
[20:27:01.425] [17] [ Info] [Eco] Загружаем Chat...  
[20:27:01.482] [10] [ Info] [Eco] Загружаем Laws...  
[20:27:01.611] [10] [ Info] [Eco] Запуск МенеджерСобственности...  
[20:27:01.611] [10] [ Info] [Eco] Загружаем Property...  
[20:27:01.673] [10] [ Info] [Eco] Запуск МенеджерМиникарты...  
[20:27:01.673] [10] [ Info] [Eco] Запуск СимуляцияЭко...  
[20:27:01.736] [10] [ Info] [Eco] Загружаем Plants...  
[20:27:03.964] [10] [ Info] [Eco] Инициализация растений...  
[20:27:14.256] [10] [ Info] [Eco] Запуск RouteProbingPlugin...  
[20:27:14.256] [10] [ Info] [Eco] Загружаем RouteProbing...  
[20:27:17.431] [10] [ Info] [Eco] Запуск МенеджерСлоёвМира...  
[20:27:17.431] [10] [ Info] [Eco] Загружаем Layers...  
[20:27:18.094] [10] [ Info] [Eco] Инициализация слоёв мира...  
[20:27:18.094] [10] [ Info] [Eco] Загружаем ClimateSim...  
[20:27:21.667] [10] [ Info] [Eco] Запуск ТрекерЭкономики...  
[20:27:21.672] [10] [ Info] [Eco] Запуск UserTracker...  
[20:27:21.672] [10] [ Info] [Eco] Запуск МенеджерМировыхОбъектов...  
[20:27:21.765] [10] [ Info] [Eco] Загружаем WorldObjects...  
[20:27:21.871] [10] [ Info] [Eco] Запуск ПлагинКомнат...  
[20:27:21.871] [10] [ Info] [Eco] Загружаем Rooms...  
[20:27:21.883] [10] [ Info] [Eco] Запуск ПлагинЦелей...  
[20:27:21.883] [10] [ Info] [Eco] Загружаем Objectives...  
[20:27:21.898] [10] [ Info] [Eco] Запуск ПлагинСна...  
[20:27:21.898] [10] [ Info] [Eco] Загружаем Sleep...  
[20:27:21.898] [1] [ Info] [Eco] Запуск ПлагинВебСервера...  
[20:27:21.916] [1] [ Info] [Eco] Запуск OtherAliasCategory...  
[20:27:21.916] [6] [ Info] [Eco] Запуск NoPlayerCreditsPlugin...  
[20:27:21.916] [24] [ Info] [Eco] Запуск NidToolboxPlugin...  
[20:27:21.916] [7] [ Info] [Eco] Запуск ChatBase...  
[20:27:21.921] [8] [ Info] [Eco] Запуск Asphalt...  
[20:27:21.921] [12] [ Info] [Eco] Запуск ПлагинТестовИнтеграции...  
[20:27:21.921] [11] [ Info] [Eco] Запуск DiscordLink...  
[20:27:22.020] [1] [ Info] [Eco] Инициализируем ПлагинПеревода...  
[20:27:22.020] [1] [ Info] [Eco] Инициализируем ПлагинНабораМодификаций...  
[20:27:22.342] [1] [ Info] [Eco] Инициализируем ПлагинГенератораМира...  
[20:27:22.344] [1] [ Info] [Eco] Инициализируем МенеджерПользователей...  
[20:27:22.389] [1] [ Info] [Eco] Инициализируем ПлагинМусора...  
[20:27:22.398] [1] [ Info] [Eco] Инициализируем ПлагинЭкономики...  
[20:27:22.418] [1] [ Info] [Eco] Инициализируем Законодательство...  
[20:27:23.123] [1] [ Info] [Eco] Инициализируем МенеджерСобственности...  
[20:27:23.134] [1] [ Info] [Eco] Инициализируем МенеджерМиникарты...  
[20:27:24.033] [1] [ Info] [Eco] Инициализируем UserTracker...  
[20:27:24.033] [1] [ Info] [Eco] Инициализируем МенеджерМировыхОбъектов...  
[20:27:24.267] [1] [ Info] [Eco] Инициализируем ПлагинКомнат...  
[20:27:24.384] [1] [ Info] [Eco] Инициализируем ПлагинСна...  
[20:27:24.384] [1] [ Info] [Eco] Инициализируем NidToolboxPlugin...  
[20:27:24.392] [1] [ Info] [NidToolbox] Checking declared file: Mods\NidToolbox\Texts\Motd.txt 
[20:27:24.392] [1] [ Info] [NidToolbox] Config file:  Mods\NidToolbox\Texts\Motd.txt exists. 
[20:27:24.392] [1] [ Info] [NidToolbox] Config file:  Mods\NidToolbox\Texts\Motd.txt readable. 
[20:27:24.392] [1] [ Info] [NidToolbox] Checking declared file: Mods\NidToolbox\Texts\Rules.txt 
[20:27:24.392] [1] [ Info] [NidToolbox] Config file:  Mods\NidToolbox\Texts\Rules.txt exists. 
[20:27:24.392] [1] [ Info] [NidToolbox] Config file:  Mods\NidToolbox\Texts\Rules.txt readable. 
[20:27:24.392] [1] [ Info] [NidToolbox] Checking declared file: Mods\NidToolbox\Texts\ServerChangelog.txt 
[20:27:24.392] [1] [ Info] [NidToolbox] Config file:  Mods\NidToolbox\Texts\ServerChangelog.txt exists. 
[20:27:24.392] [1] [ Info] [NidToolbox] Config file:  Mods\NidToolbox\Texts\ServerChangelog.txt readable. 
[20:27:24.490] [1] [ Info] [Eco] Инициализируем NoPlayerCreditsPlugin...  
[20:27:24.490] [1] [ Info] [Eco] Инициализируем DiscordLink...  
[20:27:24.518] [1] [ Info] [Eco] Инициализируем ПлагинМира...  
[20:27:24.518] [1] [ Info] [Eco] Обработка...  
[20:27:25.551] [1] [ Info] [Eco] Сжатие...  
[20:27:29.202] [1] [ Info] [Eco] Инициализируем МенеджерСети...  
[20:27:29.229] [138] [ Info] [Eco] DISCORDLINK: Connected to Discord.

 
[20:27:29.473] [1] [ Info] [Eco] Инициализируем МенеджерСлоёвМира...  
[20:27:29.473] [1] [ Info] [Eco] Инициализируем ПлагинВебСервера...  
[20:27:30.031] [138] [ Info] [Eco] DISCORDLINK: Connected and Ready
 
[20:27:30.263] [1] [ Info] [Eco] Инициализируем ПлагинТестовИнтеграции...  
[20:27:30.269] [1] [ Info] [NidToolbox] OK - Mono not detected, not a Linux environment 
[20:27:30.269] [1] [ Info] [NidToolbox] All commands in config up to date. 
[20:27:30.368] [1] [ Info] [NidToolbox] Running NidToolbox version 1.8.7 
[20:27:30.397] [1] [ Info] [Eco] Server Initialization завершена за 40 703,3мс
 
[20:57:30.896] [15] [ Info] [Eco] Удалена резервная копия - D:/EcoBackup/Storage\Backup\Game-2020-02-22-19.39.06
 
[21:27:30.506] [6] [ Info] [Eco] Удалена резервная копия - D:/EcoBackup/Storage\Backup\Game-2020-02-21-21.16.33
 
[21:57:30.887] [12] [ Info] [Eco] Удалена резервная копия - D:/EcoBackup/Storage\Backup\Game-2020-02-22-20.57.30
 
[22:27:30.520] [5] [ Info] [Eco] Удалена резервная копия - D:/EcoBackup/Storage\Backup\Game-2020-02-21-22.16.33
 
[22:57:30.945] [24] [ Info] [Eco] Удалена резервная копия - D:/EcoBackup/Storage\Backup\Game-2020-02-22-21.57.30
 
[23:14:15.748] [172] [ Info] [log] letmeplay invoked admin command '/eat' 
[23:14:21.951] [172] [ Info] [log] letmeplay invoked admin command '/fly' 
[23:21:09.984] [172] [ Info] [log] letmeplay invoked admin command '/fly' 
[23:27:30.554] [5] [ Info] [Eco] Удалена резервная копия - D:/EcoBackup/Storage\Backup\Game-2020-02-21-23.16.33
 
[23:29:55.562] [172] [ Info] [log] letmeplay invoked admin command '/fly' 
[23:32:53.917] [172] [ Info] [log] letmeplay invoked admin command '/give каменная дверь' 
[23:36:53.693] [172] [ Info] [log] letmeplay invoked admin command '/give книжный шкаф' 
[23:37:01.208] [172] [ Info] [log] letmeplay invoked admin command '/give книжный шкаф' 
[23:37:03.624] [172] [ Info] [log] letmeplay invoked admin command '/give книжный шкаф' 
[23:37:05.893] [172] [ Info] [log] letmeplay invoked admin command '/give книжный шкаф' 
[23:37:07.544] [172] [ Info] [log] letmeplay invoked admin command '/give книжный шкаф' 
[23:37:09.677] [172] [ Info] [log] letmeplay invoked admin command '/give книжный шкаф' 
[23:37:43.710] [172] [ Info] [log] letmeplay invoked admin command '/give Большая вывеска из тёсанных брёвен' 
[23:37:54.305] [172] [ Info] [log] letmeplay invoked admin command '/give Большая вывеска из тёсанных брёвен' 
[23:37:57.461] [172] [ Info] [log] letmeplay invoked admin command '/give Большая вывеска из тёсанных брёвен' 
[23:38:01.255] [172] [ Info] [log] letmeplay invoked admin command '/fly' 
[23:45:03.528] [172] [ Info] [log] letmeplay invoked admin command '/fly' 
[23:48:57.802] [172] [ Info] [log] letmeplay invoked admin command '/fly' 
[23:57:18.919] [172] [ Info] [log] letmeplay invoked admin command '/fly' 
[23:57:31.001] [15] [ Info] [Eco] Удалена резервная копия - D:/EcoBackup/Storage\Backup\Game-2020-02-22-22.57.30
 
[23:58:23.642] [172] [ Info] [log] letmeplay invoked admin command '/fly' 
[00:00:57.209] [172] [ Info] [log] letmeplay invoked admin command '/give стол исследователя' 
[00:01:15.478] [172] [ Info] [log] letmeplay invoked admin command '/give стол для исследований' 
[00:05:11.053] [172] [ Info] [log] letmeplay invoked admin command '/give стол для исследований' 
[00:05:13.636] [172] [ Info] [log] letmeplay invoked admin command '/fly' 
[00:27:30.795] [15] [ Info] [Eco] Удалена резервная копия - D:/EcoBackup/Storage\Backup\Game-2020-02-20-00.13.25
 
[00:28:49.841] [172] [ Info] [log] letmeplay invoked admin command '/fly' 
[00:57:31.010] [23] [ Info] [Eco] Удалена резервная копия - D:/EcoBackup/Storage\Backup\Game-2020-02-22-23.57.30
 
[01:19:59.492] [172] [ Info] [log] letmeplay invoked admin command '/record' 
[01:27:30.601] [11] [ Info] [Eco] Удалена резервная копия - D:/EcoBackup/Storage\Backup\Game-2020-02-22-01.16.33
 
[01:30:04.581] [172] [ Info] [log] letmeplay invoked admin command '/record' 
[01:30:07.214] [172] [ Info] [log] letmeplay invoked admin command '/fly' 
[01:33:03.524] [172] [ Info] [log] letmeplay invoked admin command '/fly' 
[01:40:06.766] [172] [ Info] [log] letmeplay invoked admin command '/fly' 
[01:52:03.246] [172] [ Info] [log] letmeplay invoked admin command '/give Большая вывеска из тёсанных брёвен,2' 
[01:57:30.998] [14] [ Info] [Eco] Удалена резервная копия - D:/EcoBackup/Storage\Backup\Game-2020-02-23-00.57.30
 
[02:26:40.478] [172] [ Info] [log] letmeplay invoked admin command '/fly' 
[02:27:32.701] [15] [ Info] [Eco] Удалена резервная копия - D:/EcoBackup/Storage\Backup\Game-2020-02-22-02.16.33
 
[02:29:52.163] [172] [ Info] [log] letmeplay invoked admin command '/fly' 
[02:30:27.332] [172] [ Info] [log] letmeplay invoked admin command '/give крошечный склад,7' 
[02:32:23.604] [172] [ Info] [log] letmeplay invoked admin command '/give крошечный склад,7' 
[02:57:30.605] [10] [ Info] [Eco] Удалена резервная копия - D:/EcoBackup/Storage\Backup\Game-2020-02-23-01.57.30
 
[03:13:20.262] [1] [ Info] [Eco] Сохранение...
 
[03:13:20.266] [1] [ Info] [Eco] Сохранение мира...  
[03:13:23.732] [1] [ Info] [Eco] Готово
 
[03:13:23.855] [1] [ Info] [Eco] Выключение завершено
 
