[08:49:20.788] [1] [ Info] [Eco] >>> START EcoServer, Version=1.0.0.0, Culture=neutral, PublicKeyToken=null 
[08:49:20.816] [1] [ Info] [Eco] Eco Server 0.8.3.3 beta
 
[08:49:20.888] [1] [ Info] [Eco] Server Initialization...  
[08:49:20.888] [1] [ Info] [Eco] Starting LocalizationPlugin...  
[08:49:21.281] [1] [ Info] [Eco] Запуск ПлагинНабораМодификаций...  
[08:49:21.281] [1] [ Info] [Eco] Загрузка модификаций...  
[08:49:21.622] [1] [ Info] [Eco] Компилирование модификаций...  
[08:49:23.112] [1] [ Info] [Eco] Загружаем 0Harmony...
 
[08:49:23.112] [1] [ Info] [Eco] Загружаем Asphalt-ModKit...
 
[08:49:23.234] [1] [ Info] [Eco] Загружаем DiscordLink_blue...
 
[08:49:23.280] [1] [ Info] [Eco] Загружаем Eco.IntegrationTests...
 
[08:49:23.280] [1] [ Info] [Eco] Загружаем em-base...
 
[08:49:23.280] [1] [ Info] [Eco] Загружаем NoPlayerCredits...
 
[08:49:23.280] [1] [ Info] [Eco] Загружаем em-greenenergy...
 
[08:49:23.280] [1] [ Info] [Eco] Загружаем em-realisticsmelting...
 
[08:49:23.280] [1] [ Info] [Eco] Загружаем em-shippingcontainers...
 
[08:49:23.280] [1] [ Info] [Eco] Загружаем em-tailingspack...
 
[08:49:23.280] [1] [ Info] [Eco] Загружаем realisticsmelting...
 
[08:49:23.295] [1] [ Info] [Eco] Загружаем em-arches...
 
[08:49:23.295] [1] [ Info] [Eco] Загружаем em-doors...
 
[08:49:23.295] [1] [ Info] [Eco] Загружаем em-dyes...
 
[08:49:23.295] [1] [ Info] [Eco] Загружаем em-homeobjects...
 
[08:49:23.295] [1] [ Info] [Eco] Загружаем em-transportation...
 
[08:49:23.311] [1] [ Info] [Eco] Загружаем em-windows...
 
[08:49:23.311] [1] [ Info] [Eco] Загружаем em-zymology...
 
[08:49:23.311] [1] [ Info] [Eco] Загружаем HPStorage...
 
[08:49:23.311] [1] [ Info] [Eco] Загружаем NidToolbox...
 
[08:49:23.333] [1] [ Info] [Eco] Загрузка модификаций завершена за 2 049,6мс
 
[08:49:23.333] [1] [ Info] [Eco] Запуск МенеджерСети...  
[08:49:23.333] [5] [ Info] [Eco] Инициализация типов симуляции...  
[08:49:23.398] [14] [ Info] [Eco] Запуск ПлагинГенератораМира...  
[08:49:23.398] [17] [ Info] [Eco] Запуск ПлагинРезервногоКопирования...  
[08:49:23.398] [11] [ Info] [Eco] Запуск ПлагинИгровойСтатистики...  
[08:49:23.406] [17] [ Info] [Eco] Запуск МенеджерХранилища...  
[08:49:23.948] [1] [ Info] [Eco] Server Initialization завершена за 3 058,8мс
 
[08:49:23.958] [1] [ Info] [Eco] Failed to load server, Exception was Exception: ArgumentException
Message:Элемент с тем же ключом уже был добавлен.
Source:mscorlib

System.ArgumentException: Элемент с тем же ключом уже был добавлен.
   at System.ThrowHelper.ThrowArgumentException(ExceptionResource resource)
   at System.Collections.Generic.Dictionary`2.Insert(TKey key, TValue value, Boolean add)
   at System.Linq.Enumerable.ToDictionary[TSource,TKey,TElement](IEnumerable`1 source, Func`2 keySelector, Func`2 elementSelector, IEqualityComparer`1 comparer)
   at Eco.Core.Serialization.SimpleSerializer.InitializeSerializableTypes()
   at Eco.Core.Serialization.SimpleSerializer..cctor()
 
[08:49:24.089] [5] [ Info] [Eco] Инициализация предметов...  
[08:49:24.158] [5] [ Info] [NidToolbox] Checking Settings.json 
[08:49:24.158] [5] [ Info] [NidToolbox] Config file: Mods\NidToolbox\Config\Settings.json exists. 
[08:49:24.158] [5] [ Info] [NidToolbox] Json file: Mods\NidToolbox\Config\Settings.json readable and correct. 
[08:49:24.158] [5] [ Info] [NidToolbox] Checking CommandPermissions.json 
[08:49:24.158] [5] [ Info] [NidToolbox] Config file: Mods\NidToolbox\Config\CommandPermissions.json exists. 
[08:49:24.170] [5] [ Info] [NidToolbox] Json file: Mods\NidToolbox\Config\CommandPermissions.json readable and correct. 
[08:49:24.170] [5] [ Info] [NidToolbox] Checking TimerMessages.json 
[08:49:24.170] [5] [ Info] [NidToolbox] Config file: Mods\NidToolbox\Config\TimerMessages.json exists. 
[08:49:24.170] [5] [ Info] [NidToolbox] Json file: Mods\NidToolbox\Config\TimerMessages.json readable and correct. 
[08:49:24.170] [5] [ Info] [NidToolbox] Checking ScheduledMessages.json 
[08:49:24.170] [5] [ Info] [NidToolbox] Config file: Mods\NidToolbox\Config\ScheduledMessages.json exists. 
[08:49:24.170] [5] [ Info] [NidToolbox] Json file: Mods\NidToolbox\Config\ScheduledMessages.json readable and correct. 
[08:49:24.170] [5] [ Info] [NidToolbox] No UserHomes directory, skipping user homes config checks. 
