[12:32:41.497] [1] [ Info] [Eco] >>> START EcoServer, Version=1.0.0.0, Culture=neutral, PublicKeyToken=null 
[12:32:41.525] [1] [ Info] [Eco] Eco Server 0.8.3.3 beta
 
[12:32:41.597] [1] [ Info] [Eco] Server Initialization...  
[12:32:41.597] [1] [ Info] [Eco] Starting LocalizationPlugin...  
[12:32:41.988] [1] [ Info] [Eco] Запуск ПлагинНабораМодификаций...  
[12:32:41.988] [1] [ Info] [Eco] Загрузка модификаций...  
[12:32:42.295] [1] [ Info] [Eco] Компилирование модификаций...  
[12:32:43.817] [1] [ Info] [Eco] Загружаем 0Harmony...
 
[12:32:43.820] [1] [ Info] [Eco] Загружаем Asphalt-ModKit...
 
[12:32:43.945] [1] [ Info] [Eco] Загружаем DiscordLink_blue...
 
[12:32:43.991] [1] [ Info] [Eco] Загружаем Eco.IntegrationTests...
 
[12:32:43.994] [1] [ Info] [Eco] Загружаем em-base...
 
[12:32:43.994] [1] [ Info] [Eco] Загружаем NoPlayerCredits...
 
[12:32:43.994] [1] [ Info] [Eco] Загружаем em-greenenergy...
 
[12:32:43.994] [1] [ Info] [Eco] Загружаем em-realisticsmelting...
 
[12:32:43.994] [1] [ Info] [Eco] Загружаем em-shippingcontainers...
 
[12:32:43.994] [1] [ Info] [Eco] Загружаем em-tailingspack...
 
[12:32:44.007] [1] [ Info] [Eco] Загружаем em-arches...
 
[12:32:44.007] [1] [ Info] [Eco] Загружаем em-doors...
 
[12:32:44.007] [1] [ Info] [Eco] Загружаем em-dyes...
 
[12:32:44.007] [1] [ Info] [Eco] Загружаем em-homeobjects...
 
[12:32:44.007] [1] [ Info] [Eco] Загружаем em-transportation...
 
[12:32:44.023] [1] [ Info] [Eco] Загружаем em-windows...
 
[12:32:44.023] [1] [ Info] [Eco] Загружаем em-zymology...
 
[12:32:44.023] [1] [ Info] [Eco] Загружаем HPStorage...
 
[12:32:44.038] [1] [ Info] [Eco] Загружаем NidToolbox...
 
[12:32:44.038] [1] [ Info] [Eco] Загрузка модификаций завершена за 2 056,9мс
 
[12:32:44.038] [1] [ Info] [Eco] Запуск МенеджерСети...  
[12:32:44.057] [6] [ Info] [Eco] Инициализация типов симуляции...  
[12:32:44.115] [5] [ Info] [Eco] Запуск ПлагинГенератораМира...  
[12:32:44.115] [14] [ Info] [Eco] Запуск ПлагинИгровойСтатистики...  
[12:32:44.117] [16] [ Info] [Eco] Запуск ПлагинРезервногоКопирования...  
[12:32:44.117] [16] [ Info] [Eco] Запуск МенеджерХранилища...  
[12:32:45.635] [6] [ Info] [Eco] Инициализация предметов...  
[12:32:45.705] [6] [ Info] [NidToolbox] Checking Settings.json 
[12:32:45.715] [6] [ Info] [NidToolbox] Config file: Mods\NidToolbox\Config\Settings.json exists. 
[12:32:45.766] [6] [ Info] [NidToolbox] Json file: Mods\NidToolbox\Config\Settings.json readable and correct. 
[12:32:45.796] [6] [ Info] [NidToolbox] Checking CommandPermissions.json 
[12:32:45.840] [6] [ Info] [NidToolbox] Config file: Mods\NidToolbox\Config\CommandPermissions.json exists. 
[12:32:45.871] [6] [ Info] [NidToolbox] Json file: Mods\NidToolbox\Config\CommandPermissions.json readable and correct. 
[12:32:45.871] [6] [ Info] [NidToolbox] Checking TimerMessages.json 
[12:32:45.871] [6] [ Info] [NidToolbox] Config file: Mods\NidToolbox\Config\TimerMessages.json exists. 
[12:32:45.871] [6] [ Info] [NidToolbox] Json file: Mods\NidToolbox\Config\TimerMessages.json readable and correct. 
[12:32:45.871] [6] [ Info] [NidToolbox] Checking ScheduledMessages.json 
[12:32:45.888] [6] [ Info] [NidToolbox] Config file: Mods\NidToolbox\Config\ScheduledMessages.json exists. 
[12:32:45.917] [6] [ Info] [NidToolbox] Json file: Mods\NidToolbox\Config\ScheduledMessages.json readable and correct. 
[12:32:45.917] [6] [ Info] [NidToolbox] No UserHomes directory, skipping user homes config checks. 
[12:32:46.697] [16] [ Info] [Eco] Запуск Плагин паузы...  
[12:32:46.697] [16] [ Info] [Eco] Загружаем Pause...  
[12:32:48.787] [6] [ Info] [Eco] Инициализация навыков...  
[12:32:48.885] [16] [ Info] [Eco] Запуск БДСтатистики...  
[12:32:48.885] [12] [ Info] [Eco] Запуск ПлагинМира...  
[12:32:48.937] [12] [ Info] [Eco] Загружаем World...  
[12:32:51.937] [12] [ Info] [Eco] Инициализация мира...  
[12:32:53.256] [12] [ Info] [Eco] Запуск ПлагинВремени...  
[12:32:53.257] [12] [ Info] [Eco] Загружаем Time...  
[12:32:53.257] [12] [ Info] [Eco] Запуск ПлагинРепутации...  
[12:32:53.257] [12] [ Info] [Eco] Загружаем Reputation...  
[12:32:53.257] [12] [ Info] [Eco] Запуск МенеджерЖильяИгроков...  
[12:32:53.257] [12] [ Info] [Eco] Запуск МенеджерПользователей...  
[12:32:53.307] [12] [ Info] [Eco] Загружаем Users...  
[12:32:53.470] [12] [ Info] [Eco] Инициализация инвентарей...  
[12:32:53.508] [12] [ Info] [Eco] Запуск МенеджерОбъектовЭко...  
[12:32:53.508] [19] [ Info] [Eco] Запуск МенеджерКонтроллера...  
[12:32:53.508] [24] [ Info] [Eco] Запуск ПлагинЭкономики...  
[12:32:53.508] [8] [ Info] [Eco] Запуск VoiceManager...  
[12:32:53.508] [34] [ Info] [Eco] Запуск ПлагинУгроз...  
[12:32:53.508] [12] [ Info] [Eco] Запуск СерверЧата...  
[12:32:53.508] [16] [ Info] [Eco] Запуск ПлагинМусора...  
[12:32:53.508] [15] [ Info] [Eco] Запуск НастройкиСложности...  
[12:32:53.508] [24] [ Info] [Eco] Загружаем Economy...  
[12:32:53.684] [24] [ Info] [Eco] Запуск Законодательство...  
[12:32:53.684] [16] [ Info] [Eco] Загружаем Garbage...  
[12:32:53.684] [34] [ Info] [Eco] Загружаем Disasters...  
[12:32:53.684] [12] [ Info] [Eco] Загружаем Chat...  
[12:32:53.727] [24] [ Info] [Eco] Загружаем Laws...  
[12:32:53.819] [24] [ Info] [Eco] Запуск МенеджерСобственности...  
[12:32:53.819] [24] [ Info] [Eco] Загружаем Property...  
[12:32:53.881] [24] [ Info] [Eco] Запуск МенеджерМиникарты...  
[12:32:53.885] [24] [ Info] [Eco] Запуск СимуляцияЭко...  
[12:32:53.944] [24] [ Info] [Eco] Загружаем Plants...  
[12:32:56.200] [24] [ Info] [Eco] Инициализация растений...  
[12:33:06.120] [24] [ Info] [Eco] Запуск RouteProbingPlugin...  
[12:33:06.120] [24] [ Info] [Eco] Загружаем RouteProbing...  
[12:33:09.260] [24] [ Info] [Eco] Запуск МенеджерСлоёвМира...  
[12:33:09.260] [24] [ Info] [Eco] Загружаем Layers...  
[12:33:09.907] [24] [ Info] [Eco] Инициализация слоёв мира...  
[12:33:09.907] [24] [ Info] [Eco] Загружаем ClimateSim...  
[12:33:13.165] [24] [ Info] [Eco] Запуск ТрекерЭкономики...  
[12:33:13.165] [24] [ Info] [Eco] Запуск UserTracker...  
[12:33:13.165] [24] [ Info] [Eco] Запуск МенеджерМировыхОбъектов...  
[12:33:13.261] [24] [ Info] [Eco] Загружаем WorldObjects...  
[12:33:13.390] [24] [ Info] [Eco] Запуск ПлагинКомнат...  
[12:33:13.390] [24] [ Info] [Eco] Загружаем Rooms...  
[12:33:13.402] [24] [ Info] [Eco] Запуск ПлагинЦелей...  
[12:33:13.402] [24] [ Info] [Eco] Загружаем Objectives...  
[12:33:13.415] [24] [ Info] [Eco] Запуск ПлагинСна...  
[12:33:13.415] [24] [ Info] [Eco] Загружаем Sleep...  
[12:33:13.415] [1] [ Info] [Eco] Запуск ПлагинВебСервера...  
[12:33:13.429] [1] [ Info] [Eco] Запуск OtherAliasCategory...  
[12:33:13.429] [15] [ Info] [Eco] Запуск Asphalt...  
[12:33:13.429] [20] [ Info] [Eco] Запуск NoPlayerCreditsPlugin...  
[12:33:13.429] [19] [ Info] [Eco] Запуск ПлагинТестовИнтеграции...  
[12:33:13.429] [35] [ Info] [Eco] Запуск ChatBase...  
[12:33:13.429] [37] [ Info] [Eco] Запуск DiscordLink...  
[12:33:13.429] [32] [ Info] [Eco] Запуск NidToolboxPlugin...  
[12:33:13.520] [1] [ Info] [Eco] Инициализируем ПлагинПеревода...  
[12:33:13.523] [1] [ Info] [Eco] Инициализируем ПлагинНабораМодификаций...  
[12:33:13.801] [1] [ Info] [Eco] Инициализируем ПлагинГенератораМира...  
[12:33:13.801] [1] [ Info] [Eco] Инициализируем МенеджерПользователей...  
[12:33:13.853] [1] [ Info] [Eco] Инициализируем ПлагинЭкономики...  
[12:33:13.884] [1] [ Info] [Eco] Инициализируем ПлагинМусора...  
[12:33:13.884] [1] [ Info] [Eco] Инициализируем Законодательство...  
[12:33:17.137] [1] [ Info] [Eco] Инициализируем МенеджерСобственности...  
[12:33:17.149] [1] [ Info] [Eco] Инициализируем МенеджерМиникарты...  
[12:33:18.127] [1] [ Info] [Eco] Инициализируем UserTracker...  
[12:33:18.134] [1] [ Info] [Eco] Инициализируем МенеджерМировыхОбъектов...  
[12:33:18.373] [1] [ Info] [Eco] Инициализируем ПлагинКомнат...  
[12:33:18.499] [1] [ Info] [Eco] Инициализируем ПлагинСна...  
[12:33:18.499] [1] [ Info] [Eco] Инициализируем NidToolboxPlugin...  
[12:33:18.514] [1] [ Info] [NidToolbox] Checking declared file: Mods\NidToolbox\Texts\Motd.txt 
[12:33:18.514] [1] [ Info] [NidToolbox] Config file:  Mods\NidToolbox\Texts\Motd.txt exists. 
[12:33:18.514] [1] [ Info] [NidToolbox] Config file:  Mods\NidToolbox\Texts\Motd.txt readable. 
[12:33:18.514] [1] [ Info] [NidToolbox] Checking declared file: Mods\NidToolbox\Texts\Rules.txt 
[12:33:18.514] [1] [ Info] [NidToolbox] Config file:  Mods\NidToolbox\Texts\Rules.txt exists. 
[12:33:18.523] [1] [ Info] [NidToolbox] Config file:  Mods\NidToolbox\Texts\Rules.txt readable. 
[12:33:18.523] [1] [ Info] [NidToolbox] Checking declared file: Mods\NidToolbox\Texts\ServerChangelog.txt 
[12:33:18.523] [1] [ Info] [NidToolbox] Config file:  Mods\NidToolbox\Texts\ServerChangelog.txt exists. 
[12:33:18.523] [1] [ Info] [NidToolbox] Config file:  Mods\NidToolbox\Texts\ServerChangelog.txt readable. 
[12:33:18.627] [1] [ Info] [Eco] Инициализируем NoPlayerCreditsPlugin...  
[12:33:18.627] [1] [ Info] [Eco] Инициализируем DiscordLink...  
[12:33:18.657] [1] [ Info] [Eco] Инициализируем ПлагинМира...  
[12:33:18.657] [1] [ Info] [Eco] Обработка...  
[12:33:19.263] [1] [ Info] [Eco] Сжатие...  
[12:33:22.862] [1] [ Info] [Eco] Инициализируем МенеджерСети...  
[12:33:22.886] [139] [ Info] [Eco] DISCORDLINK: Connected to Discord.

 
[12:33:23.095] [1] [ Info] [Eco] Инициализируем МенеджерСлоёвМира...  
[12:33:23.095] [1] [ Info] [Eco] Инициализируем ПлагинВебСервера...  
[12:33:23.651] [139] [ Info] [Eco] DISCORDLINK: Connected and Ready
 
[12:33:23.850] [1] [ Info] [Eco] Инициализируем ПлагинТестовИнтеграции...  
[12:33:23.857] [1] [ Info] [NidToolbox] OK - Mono not detected, not a Linux environment 
[12:33:23.857] [1] [ Info] [NidToolbox] All commands in config up to date. 
[12:33:23.920] [1] [ Info] [NidToolbox] Running NidToolbox version 1.8.7 
[12:33:23.939] [1] [ Info] [Eco] Server Initialization завершена за 42 341,5мс
 
[13:03:24.473] [14] [ Info] [Eco] Удалена резервная копия - D:/EcoBackup/Storage\Backup\Game-2020-03-06-08.32.28
 
[13:03:24.493] [14] [ Info] [Eco] Удалена резервная копия - D:/EcoBackup/Storage\Backup\Game-2020-03-04-17.03.05
 
[13:43:31.291] [1] [ Info] [Eco] Сохранение...
 
[13:43:31.291] [1] [ Info] [Eco] Сохранение мира...  
[13:43:35.339] [1] [ Info] [Eco] Готово
 
[13:43:35.798] [1] [ Info] [Eco] Выключение завершено
 
