[13:02:59.723] [1] [ Info] [Eco] >>> START EcoServer, Version=1.0.0.0, Culture=neutral, PublicKeyToken=null 
[13:02:59.751] [1] [ Info] [Eco] Eco Server 0.8.3.2 beta
 
[13:02:59.846] [1] [ Info] [Eco] Server Initialization...  
[13:02:59.846] [1] [ Info] [Eco] Starting LocalizationPlugin...  
[13:03:00.207] [1] [ Info] [Eco] Запуск ПлагинНабораМодификаций...  
[13:03:00.207] [1] [ Info] [Eco] Загрузка модификаций...  
[13:03:00.302] [1] [ Info] [Eco] Компилирование модификаций...  
[13:03:01.775] [1] [ Info] [Eco] Загружаем 0Harmony...
 
[13:03:01.781] [1] [ Info] [Eco] Загружаем Asphalt-ModKit...
 
[13:03:01.903] [1] [ Info] [Eco] Загружаем Eco.IntegrationTests...
 
[13:03:01.910] [1] [ Info] [Eco] Загружаем DiscordLinkUnified...
 
[13:03:01.960] [1] [ Info] [Eco] Загружаем EcoStory...
 
[13:03:01.960] [1] [ Info] [Eco] Загрузка модификаций завершена за 1 757,6мс
 
[13:03:01.969] [1] [ Info] [Eco] Запуск МенеджерСети...  
[13:03:01.969] [7] [ Info] [Eco] Инициализация типов симуляции...  
[13:03:02.043] [16] [ Info] [Eco] Запуск ПлагинГенератораМира...  
[13:03:02.043] [8] [ Info] [Eco] Запуск ПлагинИгровойСтатистики...  
[13:03:02.043] [12] [ Info] [Eco] Запуск ПлагинРезервногоКопирования...  
[13:03:02.054] [12] [ Info] [Eco] Запуск МенеджерХранилища...  
[13:03:02.541] [1] [ Info] [Eco] Server Initialization завершена за 2 694,6мс
 
[13:03:02.547] [1] [ Info] [Eco] Failed to load server, Exception was Exception: JsonReaderException
Message:Bad JSON escape sequence: \E. Path 'StorageDirectory', line 5, position 27.
Source:Newtonsoft.Json

Newtonsoft.Json.JsonReaderException: Bad JSON escape sequence: \E. Path 'StorageDirectory', line 5, position 27.
   at Newtonsoft.Json.JsonTextReader.ReadStringIntoBuffer(Char quote)
   at Newtonsoft.Json.JsonTextReader.ReadStringValue(ReadType readType)
   at Newtonsoft.Json.JsonTextReader.ReadAsString()
   at Newtonsoft.Json.JsonReader.ReadForType(JsonContract contract, Boolean hasConverter)
   at Newtonsoft.Json.Serialization.JsonSerializerInternalReader.PopulateObject(Object newObject, JsonReader reader, JsonObjectContract contract, JsonProperty member, String id)
   at Newtonsoft.Json.Serialization.JsonSerializerInternalReader.CreateObject(JsonReader reader, Type objectType, JsonContract contract, JsonProperty member, JsonContainerContract containerContract, JsonProperty containerMember, Object existingValue)
   at Newtonsoft.Json.Serialization.JsonSerializerInternalReader.Deserialize(JsonReader reader, Type objectType, Boolean checkAdditionalContent)
   at Newtonsoft.Json.JsonSerializer.DeserializeInternal(JsonReader reader, Type objectType)
   at Newtonsoft.Json.JsonConvert.DeserializeObject(String value, Type type, JsonSerializerSettings settings)
   at Newtonsoft.Json.JsonConvert.DeserializeObject[T](String value, JsonSerializerSettings settings)
   at Eco.Core.Plugins.PluginConfig`1.Load(String filename)
   at Eco.Core.Plugins.StorageManager..ctor()
 
[13:03:02.708] [7] [ Info] [Eco] Инициализация предметов...  
[13:03:02.771] [7] [ Info] [NidToolbox] Checking Settings.json 
[13:03:02.771] [7] [ Info] [NidToolbox] Config file: Mods\NidToolbox\Config\Settings.json exists. 
[13:03:02.771] [7] [ Info] [NidToolbox] Json file: Mods\NidToolbox\Config\Settings.json readable and correct. 
[13:03:02.771] [7] [ Info] [NidToolbox] Checking CommandPermissions.json 
[13:03:02.771] [7] [ Info] [NidToolbox] Config file: Mods\NidToolbox\Config\CommandPermissions.json exists. 
[13:03:02.771] [7] [ Info] [NidToolbox] Json file: Mods\NidToolbox\Config\CommandPermissions.json readable and correct. 
[13:03:02.781] [7] [ Info] [NidToolbox] Checking TimerMessages.json 
[13:03:02.781] [7] [ Info] [NidToolbox] Config file: Mods\NidToolbox\Config\TimerMessages.json exists. 
[13:03:02.781] [7] [ Info] [NidToolbox] Json file: Mods\NidToolbox\Config\TimerMessages.json readable and correct. 
[13:03:02.781] [7] [ Info] [NidToolbox] Checking ScheduledMessages.json 
[13:03:02.781] [7] [ Info] [NidToolbox] Config file: Mods\NidToolbox\Config\ScheduledMessages.json exists. 
[13:03:02.781] [7] [ Info] [NidToolbox] Json file: Mods\NidToolbox\Config\ScheduledMessages.json readable and correct. 
[13:03:02.781] [7] [ Info] [NidToolbox] No UserHomes directory, skipping user homes config checks. 
[13:03:05.184] [7] [ Info] [Eco] Инициализация навыков...  
