[10:49:20.592] [1] [ Info] [Eco] >>> START EcoServer, Version=1.0.0.0, Culture=neutral, PublicKeyToken=null 
[10:49:20.619] [1] [ Info] [Eco] Eco Server 0.8.3.3 beta
 
[10:49:20.691] [1] [ Info] [Eco] Server Initialization...  
[10:49:20.691] [1] [ Info] [Eco] Starting LocalizationPlugin...  
[10:49:21.083] [1] [ Info] [Eco] Запуск ПлагинНабораМодификаций...  
[10:49:21.083] [1] [ Info] [Eco] Загрузка модификаций...  
[10:49:21.376] [1] [ Info] [Eco] Компилирование модификаций...  
[10:49:22.877] [1] [ Info] [Eco] Загружаем 0Harmony...
 
[10:49:22.877] [1] [ Info] [Eco] Загружаем Asphalt-ModKit...
 
[10:49:23.001] [1] [ Info] [Eco] Загружаем DiscordLink_blue...
 
[10:49:23.070] [1] [ Info] [Eco] Загружаем Eco.IntegrationTests...
 
[10:49:23.077] [1] [ Info] [Eco] Загружаем em-base...
 
[10:49:23.077] [1] [ Info] [Eco] Загружаем NoPlayerCredits...
 
[10:49:23.077] [1] [ Info] [Eco] Загружаем em-greenenergy...
 
[10:49:23.077] [1] [ Info] [Eco] Загружаем em-shippingcontainers...
 
[10:49:23.077] [1] [ Info] [Eco] Загружаем em-tailingspack...
 
[10:49:23.093] [1] [ Info] [Eco] Загружаем realisticsmelting...
 
[10:49:23.093] [1] [ Info] [Eco] Загружаем em-arches...
 
[10:49:23.093] [1] [ Info] [Eco] Загружаем em-doors...
 
[10:49:23.093] [1] [ Info] [Eco] Загружаем em-dyes...
 
[10:49:23.093] [1] [ Info] [Eco] Загружаем em-homeobjects...
 
[10:49:23.111] [1] [ Info] [Eco] Загружаем em-transportation...
 
[10:49:23.111] [1] [ Info] [Eco] Загружаем em-windows...
 
[10:49:23.128] [1] [ Info] [Eco] Загружаем em-zymology...
 
[10:49:23.128] [1] [ Info] [Eco] Загружаем HPStorage...
 
[10:49:23.128] [1] [ Info] [Eco] Загружаем NidToolbox...
 
[10:49:23.144] [1] [ Info] [Eco] Загрузка модификаций завершена за 2 058,2мс
 
[10:49:23.144] [1] [ Info] [Eco] Запуск МенеджерСети...  
[10:49:23.144] [5] [ Info] [Eco] Инициализация типов симуляции...  
[10:49:23.202] [17] [ Info] [Eco] Запуск ПлагинРезервногоКопирования...  
[10:49:23.202] [6] [ Info] [Eco] Запуск ПлагинИгровойСтатистики...  
[10:49:23.202] [14] [ Info] [Eco] Запуск ПлагинГенератораМира...  
[10:49:23.202] [17] [ Info] [Eco] Запуск МенеджерХранилища...  
[10:49:24.741] [5] [ Info] [Eco] Инициализация предметов...  
[10:49:24.821] [5] [ Info] [NidToolbox] Checking Settings.json 
[10:49:24.821] [5] [ Info] [NidToolbox] Config file: Mods\NidToolbox\Config\Settings.json exists. 
[10:49:24.829] [5] [ Info] [NidToolbox] Json file: Mods\NidToolbox\Config\Settings.json readable and correct. 
[10:49:24.829] [5] [ Info] [NidToolbox] Checking CommandPermissions.json 
[10:49:24.829] [5] [ Info] [NidToolbox] Config file: Mods\NidToolbox\Config\CommandPermissions.json exists. 
[10:49:24.829] [5] [ Info] [NidToolbox] Json file: Mods\NidToolbox\Config\CommandPermissions.json readable and correct. 
[10:49:24.829] [5] [ Info] [NidToolbox] Checking TimerMessages.json 
[10:49:24.845] [5] [ Info] [NidToolbox] Config file: Mods\NidToolbox\Config\TimerMessages.json exists. 
[10:49:24.845] [5] [ Info] [NidToolbox] Json file: Mods\NidToolbox\Config\TimerMessages.json readable and correct. 
[10:49:24.845] [5] [ Info] [NidToolbox] Checking ScheduledMessages.json 
[10:49:24.845] [5] [ Info] [NidToolbox] Config file: Mods\NidToolbox\Config\ScheduledMessages.json exists. 
[10:49:24.845] [5] [ Info] [NidToolbox] Json file: Mods\NidToolbox\Config\ScheduledMessages.json readable and correct. 
[10:49:24.845] [5] [ Info] [NidToolbox] No UserHomes directory, skipping user homes config checks. 
[10:49:25.858] [17] [ Info] [Eco] Запуск Плагин паузы...  
[10:49:25.865] [17] [ Info] [Eco] Загружаем Pause...  
[10:49:28.013] [5] [ Info] [Eco] Инициализация навыков...  
[10:49:28.101] [17] [ Info] [Eco] Запуск БДСтатистики...  
[10:49:28.101] [10] [ Info] [Eco] Запуск ПлагинМира...  
[10:49:28.165] [10] [ Info] [Eco] Загружаем World...  
[10:49:31.267] [10] [ Info] [Eco] Инициализация мира...  
[10:49:32.113] [10] [ Info] [Eco] Запуск ПлагинВремени...  
[10:49:32.113] [10] [ Info] [Eco] Загружаем Time...  
[10:49:32.113] [10] [ Info] [Eco] Запуск ПлагинРепутации...  
[10:49:32.113] [10] [ Info] [Eco] Загружаем Reputation...  
[10:49:32.127] [10] [ Info] [Eco] Запуск МенеджерЖильяИгроков...  
[10:49:32.127] [10] [ Info] [Eco] Запуск МенеджерПользователей...  
[10:49:32.170] [10] [ Info] [Eco] Загружаем Users...  
[10:49:32.314] [10] [ Info] [Eco] Инициализация инвентарей...  
[10:49:32.354] [10] [ Info] [Eco] Запуск МенеджерОбъектовЭко...  
[10:49:32.354] [17] [ Info] [Eco] Запуск МенеджерКонтроллера...  
[10:49:32.359] [8] [ Info] [Eco] Запуск НастройкиСложности...  
[10:49:32.359] [16] [ Info] [Eco] Запуск ПлагинЭкономики...  
[10:49:32.359] [35] [ Info] [Eco] Запуск ПлагинУгроз...  
[10:49:32.359] [23] [ Info] [Eco] Запуск СерверЧата...  
[10:49:32.359] [10] [ Info] [Eco] Запуск ПлагинМусора...  
[10:49:32.359] [12] [ Info] [Eco] Запуск VoiceManager...  
[10:49:32.359] [16] [ Info] [Eco] Загружаем Economy...  
[10:49:32.510] [10] [ Info] [Eco] Загружаем Garbage...  
[10:49:32.520] [16] [ Info] [Eco] Запуск Законодательство...  
[10:49:32.520] [35] [ Info] [Eco] Загружаем Disasters...  
[10:49:32.536] [23] [ Info] [Eco] Загружаем Chat...  
[10:49:32.563] [16] [ Info] [Eco] Загружаем Laws...  
[10:49:32.644] [16] [ Info] [Eco] Запуск МенеджерСобственности...  
[10:49:32.644] [16] [ Info] [Eco] Загружаем Property...  
[10:49:32.707] [16] [ Info] [Eco] Запуск МенеджерМиникарты...  
[10:49:32.707] [16] [ Info] [Eco] Запуск СимуляцияЭко...  
[10:49:32.770] [16] [ Info] [Eco] Загружаем Plants...  
[10:49:34.935] [16] [ Info] [Eco] Инициализация растений...  
[10:49:45.331] [16] [ Info] [Eco] Запуск RouteProbingPlugin...  
[10:49:45.331] [16] [ Info] [Eco] Загружаем RouteProbing...  
[10:49:48.500] [16] [ Info] [Eco] Запуск МенеджерСлоёвМира...  
[10:49:48.500] [16] [ Info] [Eco] Загружаем Layers...  
[10:49:49.133] [16] [ Info] [Eco] Инициализация слоёв мира...  
[10:49:49.133] [16] [ Info] [Eco] Загружаем ClimateSim...  
[10:49:52.401] [16] [ Info] [Eco] Запуск ТрекерЭкономики...  
[10:49:52.408] [16] [ Info] [Eco] Запуск UserTracker...  
[10:49:52.408] [16] [ Info] [Eco] Запуск МенеджерМировыхОбъектов...  
[10:49:52.506] [16] [ Info] [Eco] Загружаем WorldObjects...  
[10:49:52.618] [16] [ Info] [Eco] Запуск ПлагинКомнат...  
[10:49:52.618] [16] [ Info] [Eco] Загружаем Rooms...  
[10:49:52.630] [16] [ Info] [Eco] Запуск ПлагинЦелей...  
[10:49:52.630] [16] [ Info] [Eco] Загружаем Objectives...  
[10:49:52.643] [16] [ Info] [Eco] Запуск ПлагинСна...  
[10:49:52.643] [16] [ Info] [Eco] Загружаем Sleep...  
[10:49:52.643] [1] [ Info] [Eco] Запуск ПлагинВебСервера...  
[10:49:52.657] [1] [ Info] [Eco] Запуск OtherAliasCategory...  
[10:49:52.657] [22] [ Info] [Eco] Запуск DiscordLink...  
[10:49:52.657] [14] [ Info] [Eco] Запуск ПлагинТестовИнтеграции...  
[10:49:52.657] [28] [ Info] [Eco] Запуск Asphalt...  
[10:49:52.657] [26] [ Info] [Eco] Запуск ChatBase...  
[10:49:52.657] [12] [ Info] [Eco] Запуск NoPlayerCreditsPlugin...  
[10:49:52.657] [32] [ Info] [Eco] Запуск NidToolboxPlugin...  
[10:49:52.774] [1] [ Info] [Eco] Инициализируем ПлагинПеревода...  
[10:49:52.774] [1] [ Info] [Eco] Инициализируем ПлагинНабораМодификаций...  
[10:49:53.057] [1] [ Info] [Eco] Инициализируем ПлагинГенератораМира...  
[10:49:53.057] [1] [ Info] [Eco] Инициализируем МенеджерПользователей...  
[10:49:53.100] [1] [ Info] [Eco] Инициализируем ПлагинЭкономики...  
[10:49:53.121] [1] [ Info] [Eco] Инициализируем ПлагинМусора...  
[10:49:53.130] [1] [ Info] [Eco] Инициализируем Законодательство...  
[10:49:53.760] [1] [ Info] [Eco] Инициализируем МенеджерСобственности...  
[10:49:53.771] [1] [ Info] [Eco] Инициализируем МенеджерМиникарты...  
[10:49:54.688] [1] [ Info] [Eco] Инициализируем UserTracker...  
[10:49:54.688] [1] [ Info] [Eco] Инициализируем МенеджерМировыхОбъектов...  
[10:49:54.939] [1] [ Info] [Eco] Инициализируем ПлагинКомнат...  
[10:49:55.073] [1] [ Info] [Eco] Инициализируем ПлагинСна...  
[10:49:55.077] [1] [ Info] [Eco] Инициализируем NidToolboxPlugin...  
[10:49:55.096] [1] [ Info] [NidToolbox] Checking declared file: Mods\NidToolbox\Texts\Motd.txt 
[10:49:55.096] [1] [ Info] [NidToolbox] Config file:  Mods\NidToolbox\Texts\Motd.txt exists. 
[10:49:55.096] [1] [ Info] [NidToolbox] Config file:  Mods\NidToolbox\Texts\Motd.txt readable. 
[10:49:55.096] [1] [ Info] [NidToolbox] Checking declared file: Mods\NidToolbox\Texts\Rules.txt 
[10:49:55.108] [1] [ Info] [NidToolbox] Config file:  Mods\NidToolbox\Texts\Rules.txt exists. 
[10:49:55.108] [1] [ Info] [NidToolbox] Config file:  Mods\NidToolbox\Texts\Rules.txt readable. 
[10:49:55.108] [1] [ Info] [NidToolbox] Checking declared file: Mods\NidToolbox\Texts\ServerChangelog.txt 
[10:49:55.108] [1] [ Info] [NidToolbox] Config file:  Mods\NidToolbox\Texts\ServerChangelog.txt exists. 
[10:49:55.108] [1] [ Info] [NidToolbox] Config file:  Mods\NidToolbox\Texts\ServerChangelog.txt readable. 
[10:49:55.209] [1] [ Info] [Eco] Инициализируем NoPlayerCreditsPlugin...  
[10:49:55.209] [1] [ Info] [Eco] Инициализируем DiscordLink...  
[10:49:55.253] [1] [ Info] [Eco] Инициализируем ПлагинМира...  
[10:49:55.253] [1] [ Info] [Eco] Обработка...  
[10:49:57.248] [1] [ Info] [Eco] Сжатие...  
[10:49:57.629] [138] [ Info] [Eco] DISCORDLINK: Connected to Discord.

 
[10:50:00.909] [1] [ Info] [Eco] Инициализируем МенеджерСети...  
[10:50:01.127] [1] [ Info] [Eco] Инициализируем МенеджерСлоёвМира...  
[10:50:01.127] [1] [ Info] [Eco] Инициализируем ПлагинВебСервера...  
[10:50:01.272] [138] [ Info] [Eco] DISCORDLINK: Connected and Ready
 
[10:50:01.848] [1] [ Info] [Eco] Инициализируем ПлагинТестовИнтеграции...  
[10:50:01.848] [1] [ Info] [NidToolbox] OK - Mono not detected, not a Linux environment 
[10:50:01.861] [1] [ Info] [NidToolbox] All commands in config up to date. 
[10:50:01.941] [1] [ Info] [NidToolbox] Running NidToolbox version 1.8.7 
[10:50:01.972] [1] [ Info] [Eco] Server Initialization завершена за 41 280,1мс
 
[11:20:02.462] [30] [ Info] [Eco] Удалена резервная копия - D:/EcoBackup/Storage\Backup\Game-2020-02-21-11.24.18
 
[11:50:02.267] [16] [ Info] [Eco] Удалена резервная копия - D:/EcoBackup/Storage\Backup\Game-2020-02-22-10.46.34
 
[12:20:02.417] [35] [ Info] [Eco] Удалена резервная копия - D:/EcoBackup/Storage\Backup\Game-2020-02-21-12.24.18
 
[12:50:02.321] [10] [ Info] [Eco] Удалена резервная копия - D:/EcoBackup/Storage\Backup\Game-2020-02-22-11.50.01
 
[13:20:02.469] [12] [ Info] [Eco] Удалена резервная копия - D:/EcoBackup/Storage\Backup\Game-2020-02-21-13.24.18
 
[13:50:02.446] [23] [ Info] [Eco] Удалена резервная копия - D:/EcoBackup/Storage\Backup\Game-2020-02-22-12.50.01
 
[14:20:03.913] [16] [ Info] [Eco] Удалена резервная копия - D:/EcoBackup/Storage\Backup\Game-2020-02-21-14.24.18
 
[14:50:03.952] [35] [ Info] [Eco] Удалена резервная копия - D:/EcoBackup/Storage\Backup\Game-2020-02-22-13.50.01
 
[15:02:30.639] [138] [ Info] [log] Dark Avenger invoked admin command '/eat' 
[15:03:08.929] [138] [ Info] [log] Dark Avenger invoked admin command '/give ore washer' 
[15:06:17.341] [1] [ Info] [Eco] Сохранение...
 
[15:06:17.345] [1] [ Info] [Eco] Сохранение мира...  
[15:06:20.729] [1] [ Info] [Eco] Готово
 
[15:06:20.879] [1] [ Info] [Eco] Выключение завершено
 
