[13:43:53.718] [1] [ Info] [Eco] >>> START EcoServer, Version=1.0.0.0, Culture=neutral, PublicKeyToken=null 
[13:43:53.746] [1] [ Info] [Eco] Eco Server 0.8.3.3 beta
 
[13:43:53.818] [1] [ Info] [Eco] Server Initialization...  
[13:43:53.819] [1] [ Info] [Eco] Starting LocalizationPlugin...  
[13:43:54.206] [1] [ Info] [Eco] Запуск ПлагинНабораМодификаций...  
[13:43:54.206] [1] [ Info] [Eco] Загрузка модификаций...  
[13:43:54.500] [1] [ Info] [Eco] Компилирование модификаций...  
[13:43:56.004] [1] [ Info] [Eco] Загружаем 0Harmony...
 
[13:43:56.008] [1] [ Info] [Eco] Загружаем Asphalt-ModKit...
 
[13:43:56.130] [1] [ Info] [Eco] Загружаем DiscordLink_blue...
 
[13:43:56.176] [1] [ Info] [Eco] Загружаем Eco.IntegrationTests...
 
[13:43:56.179] [1] [ Info] [Eco] Загружаем em-base...
 
[13:43:56.179] [1] [ Info] [Eco] Загружаем NoPlayerCredits...
 
[13:43:56.179] [1] [ Info] [Eco] Загружаем em-greenenergy...
 
[13:43:56.179] [1] [ Info] [Eco] Загружаем em-realisticsmelting...
 
[13:43:56.179] [1] [ Info] [Eco] Загружаем em-shippingcontainers...
 
[13:43:56.179] [1] [ Info] [Eco] Загружаем em-tailingspack...
 
[13:43:56.179] [1] [ Info] [Eco] Загружаем em-arches...
 
[13:43:56.179] [1] [ Info] [Eco] Загружаем em-doors...
 
[13:43:56.179] [1] [ Info] [Eco] Загружаем em-dyes...
 
[13:43:56.179] [1] [ Info] [Eco] Загружаем em-homeobjects...
 
[13:43:56.197] [1] [ Info] [Eco] Загружаем em-transportation...
 
[13:43:56.197] [1] [ Info] [Eco] Загружаем em-windows...
 
[13:43:56.210] [1] [ Info] [Eco] Загружаем em-zymology...
 
[13:43:56.210] [1] [ Info] [Eco] Загружаем HPStorage...
 
[13:43:56.210] [1] [ Info] [Eco] Загружаем NidToolbox...
 
[13:43:56.210] [1] [ Info] [Eco] Загрузка модификаций завершена за 2 014,0мс
 
[13:43:56.210] [1] [ Info] [Eco] Запуск МенеджерСети...  
[13:43:56.229] [8] [ Info] [Eco] Инициализация типов симуляции...  
[13:43:56.289] [11] [ Info] [Eco] Запуск ПлагинГенератораМира...  
[13:43:56.289] [13] [ Info] [Eco] Запуск ПлагинРезервногоКопирования...  
[13:43:56.289] [14] [ Info] [Eco] Запуск ПлагинИгровойСтатистики...  
[13:43:56.289] [13] [ Info] [Eco] Запуск МенеджерХранилища...  
[13:43:57.923] [8] [ Info] [Eco] Инициализация предметов...  
[13:43:58.026] [8] [ Info] [NidToolbox] Checking Settings.json 
[13:43:58.026] [8] [ Info] [NidToolbox] Config file: Mods\NidToolbox\Config\Settings.json exists. 
[13:43:58.026] [8] [ Info] [NidToolbox] Json file: Mods\NidToolbox\Config\Settings.json readable and correct. 
[13:43:58.026] [8] [ Info] [NidToolbox] Checking CommandPermissions.json 
[13:43:58.026] [8] [ Info] [NidToolbox] Config file: Mods\NidToolbox\Config\CommandPermissions.json exists. 
[13:43:58.044] [8] [ Info] [NidToolbox] Json file: Mods\NidToolbox\Config\CommandPermissions.json readable and correct. 
[13:43:58.044] [8] [ Info] [NidToolbox] Checking TimerMessages.json 
[13:43:58.044] [8] [ Info] [NidToolbox] Config file: Mods\NidToolbox\Config\TimerMessages.json exists. 
[13:43:58.044] [8] [ Info] [NidToolbox] Json file: Mods\NidToolbox\Config\TimerMessages.json readable and correct. 
[13:43:58.044] [8] [ Info] [NidToolbox] Checking ScheduledMessages.json 
[13:43:58.044] [8] [ Info] [NidToolbox] Config file: Mods\NidToolbox\Config\ScheduledMessages.json exists. 
[13:43:58.054] [8] [ Info] [NidToolbox] Json file: Mods\NidToolbox\Config\ScheduledMessages.json readable and correct. 
[13:43:58.054] [8] [ Info] [NidToolbox] No UserHomes directory, skipping user homes config checks. 
[13:43:59.030] [13] [ Info] [Eco] Запуск Плагин паузы...  
[13:43:59.030] [13] [ Info] [Eco] Загружаем Pause...  
[13:44:01.246] [8] [ Info] [Eco] Инициализация навыков...  
[13:44:01.366] [13] [ Info] [Eco] Запуск БДСтатистики...  
[13:44:01.368] [14] [ Info] [Eco] Запуск ПлагинМира...  
[13:44:01.429] [14] [ Info] [Eco] Загружаем World...  
[13:44:04.670] [14] [ Info] [Eco] Инициализация мира...  
[13:44:05.958] [14] [ Info] [Eco] Запуск ПлагинВремени...  
[13:44:05.958] [14] [ Info] [Eco] Загружаем Time...  
[13:44:05.961] [14] [ Info] [Eco] Запуск ПлагинРепутации...  
[13:44:05.961] [14] [ Info] [Eco] Загружаем Reputation...  
[13:44:05.961] [14] [ Info] [Eco] Запуск МенеджерЖильяИгроков...  
[13:44:05.961] [14] [ Info] [Eco] Запуск МенеджерПользователей...  
[13:44:06.019] [14] [ Info] [Eco] Загружаем Users...  
[13:44:06.174] [14] [ Info] [Eco] Инициализация инвентарей...  
[13:44:06.218] [14] [ Info] [Eco] Запуск МенеджерОбъектовЭко...  
[13:44:06.218] [35] [ Info] [Eco] Запуск МенеджерКонтроллера...  
[13:44:06.218] [21] [ Info] [Eco] Запуск СерверЧата...  
[13:44:06.218] [14] [ Info] [Eco] Запуск ПлагинЭкономики...  
[13:44:06.218] [13] [ Info] [Eco] Запуск ПлагинМусора...  
[13:44:06.226] [8] [ Info] [Eco] Запуск НастройкиСложности...  
[13:44:06.226] [28] [ Info] [Eco] Запуск VoiceManager...  
[13:44:06.226] [14] [ Info] [Eco] Загружаем Economy...  
[13:44:06.226] [33] [ Info] [Eco] Запуск ПлагинУгроз...  
[13:44:06.398] [14] [ Info] [Eco] Запуск Законодательство...  
[13:44:06.398] [13] [ Info] [Eco] Загружаем Garbage...  
[13:44:06.398] [33] [ Info] [Eco] Загружаем Disasters...  
[13:44:06.398] [21] [ Info] [Eco] Загружаем Chat...  
[13:44:06.447] [14] [ Info] [Eco] Загружаем Laws...  
[13:44:06.543] [14] [ Info] [Eco] Запуск МенеджерСобственности...  
[13:44:06.543] [14] [ Info] [Eco] Загружаем Property...  
[13:44:06.607] [14] [ Info] [Eco] Запуск МенеджерМиникарты...  
[13:44:06.607] [14] [ Info] [Eco] Запуск СимуляцияЭко...  
[13:44:06.678] [14] [ Info] [Eco] Загружаем Plants...  
[13:44:08.866] [14] [ Info] [Eco] Инициализация растений...  
[13:44:18.394] [14] [ Info] [Eco] Запуск RouteProbingPlugin...  
[13:44:18.394] [14] [ Info] [Eco] Загружаем RouteProbing...  
[13:44:21.500] [14] [ Info] [Eco] Запуск МенеджерСлоёвМира...  
[13:44:21.500] [14] [ Info] [Eco] Загружаем Layers...  
[13:44:22.182] [14] [ Info] [Eco] Инициализация слоёв мира...  
[13:44:22.182] [14] [ Info] [Eco] Загружаем ClimateSim...  
[13:44:25.614] [14] [ Info] [Eco] Запуск ТрекерЭкономики...  
[13:44:25.625] [14] [ Info] [Eco] Запуск UserTracker...  
[13:44:25.625] [14] [ Info] [Eco] Запуск МенеджерМировыхОбъектов...  
[13:44:25.724] [14] [ Info] [Eco] Загружаем WorldObjects...  
[13:44:25.907] [14] [ Info] [Eco] Запуск ПлагинКомнат...  
[13:44:25.907] [14] [ Info] [Eco] Загружаем Rooms...  
[13:44:25.920] [14] [ Info] [Eco] Запуск ПлагинЦелей...  
[13:44:25.920] [14] [ Info] [Eco] Загружаем Objectives...  
[13:44:25.934] [14] [ Info] [Eco] Запуск ПлагинСна...  
[13:44:25.934] [14] [ Info] [Eco] Загружаем Sleep...  
[13:44:25.934] [1] [ Info] [Eco] Запуск ПлагинВебСервера...  
[13:44:25.947] [1] [ Info] [Eco] Запуск OtherAliasCategory...  
[13:44:25.947] [30] [ Info] [Eco] Запуск DiscordLink...  
[13:44:25.947] [23] [ Info] [Eco] Запуск ПлагинТестовИнтеграции...  
[13:44:25.947] [36] [ Info] [Eco] Запуск NoPlayerCreditsPlugin...  
[13:44:25.947] [35] [ Info] [Eco] Запуск ChatBase...  
[13:44:25.947] [34] [ Info] [Eco] Запуск Asphalt...  
[13:44:25.947] [9] [ Info] [Eco] Запуск NidToolboxPlugin...  
[13:44:26.044] [1] [ Info] [Eco] Инициализируем ПлагинПеревода...  
[13:44:26.044] [1] [ Info] [Eco] Инициализируем ПлагинНабораМодификаций...  
[13:44:26.346] [1] [ Info] [Eco] Инициализируем ПлагинГенератораМира...  
[13:44:26.346] [1] [ Info] [Eco] Инициализируем МенеджерПользователей...  
[13:44:26.389] [1] [ Info] [Eco] Инициализируем ПлагинЭкономики...  
[13:44:26.416] [1] [ Info] [Eco] Инициализируем ПлагинМусора...  
[13:44:26.416] [1] [ Info] [Eco] Инициализируем Законодательство...  
[13:44:29.730] [1] [ Info] [Eco] Инициализируем МенеджерСобственности...  
[13:44:29.742] [1] [ Info] [Eco] Инициализируем МенеджерМиникарты...  
[13:44:30.660] [1] [ Info] [Eco] Инициализируем UserTracker...  
[13:44:30.666] [1] [ Info] [Eco] Инициализируем МенеджерМировыхОбъектов...  
[13:44:30.913] [1] [ Info] [Eco] Инициализируем ПлагинКомнат...  
[13:44:31.036] [1] [ Info] [Eco] Инициализируем ПлагинСна...  
[13:44:31.036] [1] [ Info] [Eco] Инициализируем NidToolboxPlugin...  
[13:44:31.045] [1] [ Info] [NidToolbox] Checking declared file: Mods\NidToolbox\Texts\Motd.txt 
[13:44:31.045] [1] [ Info] [NidToolbox] Config file:  Mods\NidToolbox\Texts\Motd.txt exists. 
[13:44:31.045] [1] [ Info] [NidToolbox] Config file:  Mods\NidToolbox\Texts\Motd.txt readable. 
[13:44:31.045] [1] [ Info] [NidToolbox] Checking declared file: Mods\NidToolbox\Texts\Rules.txt 
[13:44:31.045] [1] [ Info] [NidToolbox] Config file:  Mods\NidToolbox\Texts\Rules.txt exists. 
[13:44:31.045] [1] [ Info] [NidToolbox] Config file:  Mods\NidToolbox\Texts\Rules.txt readable. 
[13:44:31.045] [1] [ Info] [NidToolbox] Checking declared file: Mods\NidToolbox\Texts\ServerChangelog.txt 
[13:44:31.045] [1] [ Info] [NidToolbox] Config file:  Mods\NidToolbox\Texts\ServerChangelog.txt exists. 
[13:44:31.045] [1] [ Info] [NidToolbox] Config file:  Mods\NidToolbox\Texts\ServerChangelog.txt readable. 
[13:44:31.142] [1] [ Info] [Eco] Инициализируем NoPlayerCreditsPlugin...  
[13:44:31.142] [1] [ Info] [Eco] Инициализируем DiscordLink...  
[13:44:31.177] [1] [ Info] [Eco] Инициализируем ПлагинМира...  
[13:44:31.179] [1] [ Info] [Eco] Обработка...  
[13:44:31.761] [1] [ Info] [Eco] Сжатие...  
[13:44:35.294] [1] [ Info] [Eco] Инициализируем МенеджерСети...  
[13:44:35.329] [145] [ Info] [Eco] DISCORDLINK: Connected to Discord.

 
[13:44:35.522] [1] [ Info] [Eco] Инициализируем МенеджерСлоёвМира...  
[13:44:35.522] [1] [ Info] [Eco] Инициализируем ПлагинВебСервера...  
[13:44:36.081] [145] [ Info] [Eco] DISCORDLINK: Connected and Ready
 
[13:44:36.249] [1] [ Info] [Eco] Инициализируем ПлагинТестовИнтеграции...  
[13:44:36.257] [1] [ Info] [NidToolbox] OK - Mono not detected, not a Linux environment 
[13:44:36.257] [1] [ Info] [NidToolbox] All commands in config up to date. 
[13:44:36.322] [1] [ Info] [NidToolbox] Running NidToolbox version 1.8.7 
[13:44:36.350] [1] [ Info] [Eco] Server Initialization завершена за 42 520,8мс
 
[13:50:19.698] [1] [ Info] [Eco] Сохранение...
 
[13:50:19.698] [1] [ Info] [Eco] Сохранение мира...  
[13:50:23.150] [1] [ Info] [Eco] Готово
 
[13:50:23.316] [1] [ Info] [Eco] Выключение завершено
 
