[15:07:27.492] [1] [ Info] [Eco] >>> START EcoServer, Version=1.0.0.0, Culture=neutral, PublicKeyToken=null 
[15:07:27.524] [1] [ Info] [Eco] Eco Server 0.8.3.2 beta
 
[15:07:27.597] [1] [ Info] [Eco] Server Initialization...  
[15:07:27.597] [1] [ Info] [Eco] Starting LocalizationPlugin...  
[15:07:27.980] [1] [ Info] [Eco] Запуск ПлагинНабораМодификаций...  
[15:07:27.980] [1] [ Info] [Eco] Загрузка модификаций...  
[15:07:28.079] [1] [ Info] [Eco] Компилирование модификаций...  
[15:07:29.592] [1] [ Info] [Eco] Загружаем 0Harmony...
 
[15:07:29.596] [1] [ Info] [Eco] Загружаем Asphalt-ModKit...
 
[15:07:29.719] [1] [ Info] [Eco] Загружаем Eco.IntegrationTests...
 
[15:07:29.719] [1] [ Info] [Eco] Загружаем DiscordLinkUnified...
 
[15:07:29.796] [1] [ Info] [Eco] Загружаем EcoStory...
 
[15:07:29.811] [1] [ Info] [Eco] Загрузка модификаций завершена за 1 829,8мс
 
[15:07:29.811] [1] [ Info] [Eco] Запуск МенеджерСети...  
[15:07:29.811] [7] [ Info] [Eco] Инициализация типов симуляции...  
[15:07:29.900] [11] [ Info] [Eco] Запуск ПлагинГенератораМира...  
[15:07:29.900] [14] [ Info] [Eco] Запуск ПлагинРезервногоКопирования...  
[15:07:29.900] [16] [ Info] [Eco] Запуск ПлагинИгровойСтатистики...  
[15:07:29.913] [14] [ Info] [Eco] Запуск МенеджерХранилища...  
[15:07:31.311] [7] [ Info] [Eco] Инициализация предметов...  
[15:07:31.427] [7] [ Info] [NidToolbox] Checking Settings.json 
[15:07:31.472] [7] [ Info] [NidToolbox] Config file: Mods\NidToolbox\Config\Settings.json exists. 
[15:07:31.484] [7] [ Info] [NidToolbox] Json file: Mods\NidToolbox\Config\Settings.json readable and correct. 
[15:07:31.484] [7] [ Info] [NidToolbox] Checking CommandPermissions.json 
[15:07:31.484] [7] [ Info] [NidToolbox] Config file: Mods\NidToolbox\Config\CommandPermissions.json exists. 
[15:07:31.484] [7] [ Info] [NidToolbox] Json file: Mods\NidToolbox\Config\CommandPermissions.json readable and correct. 
[15:07:31.484] [7] [ Info] [NidToolbox] Checking TimerMessages.json 
[15:07:31.484] [7] [ Info] [NidToolbox] Config file: Mods\NidToolbox\Config\TimerMessages.json exists. 
[15:07:31.498] [7] [ Info] [NidToolbox] Json file: Mods\NidToolbox\Config\TimerMessages.json readable and correct. 
[15:07:31.498] [7] [ Info] [NidToolbox] Checking ScheduledMessages.json 
[15:07:31.498] [7] [ Info] [NidToolbox] Config file: Mods\NidToolbox\Config\ScheduledMessages.json exists. 
[15:07:31.498] [7] [ Info] [NidToolbox] Json file: Mods\NidToolbox\Config\ScheduledMessages.json readable and correct. 
[15:07:31.498] [7] [ Info] [NidToolbox] No UserHomes directory, skipping user homes config checks. 
[15:07:32.211] [14] [ Info] [Eco] Запуск Плагин паузы...  
[15:07:32.220] [14] [ Info] [Eco] Загружаем Pause...  
[15:07:34.129] [7] [ Info] [Eco] Инициализация навыков...  
[15:07:34.224] [14] [ Info] [Eco] Запуск БДСтатистики...  
[15:07:34.224] [17] [ Info] [Eco] Запуск ПлагинМира...  
[15:07:34.268] [17] [ Info] [Eco] Загружаем World...  
[15:07:37.781] [17] [ Info] [Eco] Инициализация мира...  
[15:07:39.586] [17] [ Info] [Eco] Запуск ПлагинВремени...  
[15:07:39.586] [17] [ Info] [Eco] Загружаем Time...  
[15:07:39.593] [17] [ Info] [Eco] Запуск ПлагинРепутации...  
[15:07:39.593] [17] [ Info] [Eco] Загружаем Reputation...  
[15:07:39.611] [17] [ Info] [Eco] Запуск МенеджерЖильяИгроков...  
[15:07:39.611] [17] [ Info] [Eco] Запуск МенеджерПользователей...  
[15:07:39.652] [17] [ Info] [Eco] Загружаем Users...  
[15:07:40.001] [17] [ Info] [Eco] Инициализация инвентарей...  
[15:07:40.040] [17] [ Info] [Eco] Запуск МенеджерОбъектовЭко...  
[15:07:40.046] [17] [ Info] [Eco] Загружаем Objects...  
[15:07:40.293] [28] [ Info] [Eco] Запуск ПлагинМусора...  
[15:07:40.293] [7] [ Info] [Eco] Запуск МенеджерКонтроллера...  
[15:07:40.295] [35] [ Info] [Eco] Запуск НастройкиСложности...  
[15:07:40.295] [10] [ Info] [Eco] Запуск СерверЧата...  
[15:07:40.295] [31] [ Info] [Eco] Запуск VoiceManager...  
[15:07:40.295] [23] [ Info] [Eco] Запуск ПлагинУгроз...  
[15:07:40.295] [17] [ Info] [Eco] Запуск ПлагинЭкономики...  
[15:07:40.295] [28] [ Info] [Eco] Загружаем Garbage...  
[15:07:40.295] [17] [ Info] [Eco] Загружаем Economy...  
[15:07:40.997] [17] [ Info] [Eco] Запуск Законодательство...  
[15:07:40.998] [23] [ Info] [Eco] Загружаем Disasters...  
[15:07:40.998] [10] [ Info] [Eco] Загружаем Chat...  
[15:07:45.398] [17] [ Info] [Eco] Загружаем Laws...  
[15:07:45.517] [17] [ Info] [Eco] Запуск МенеджерСобственности...  
[15:07:45.517] [17] [ Info] [Eco] Загружаем Property...  
[15:07:45.642] [17] [ Info] [Eco] Запуск МенеджерМиникарты...  
[15:07:45.642] [17] [ Info] [Eco] Запуск СимуляцияЭко...  
[15:07:45.711] [17] [ Info] [Eco] Загружаем Plants...  
[15:07:47.288] [17] [ Info] [Eco] Инициализация растений...  
[15:07:53.003] [17] [ Info] [Eco] Запуск RouteProbingPlugin...  
[15:07:53.003] [17] [ Info] [Eco] Загружаем RouteProbing...  
[15:07:55.431] [17] [ Info] [Eco] Запуск МенеджерСлоёвМира...  
[15:07:55.431] [17] [ Info] [Eco] Загружаем Layers...  
[15:07:56.091] [17] [ Info] [Eco] Инициализация слоёв мира...  
[15:07:56.097] [17] [ Info] [Eco] Загружаем ClimateSim...  
[15:07:58.838] [17] [ Info] [Eco] Запуск ТрекерЭкономики...  
[15:07:58.844] [17] [ Info] [Eco] Запуск UserTracker...  
[15:07:58.844] [17] [ Info] [Eco] Запуск МенеджерМировыхОбъектов...  
[15:07:58.954] [17] [ Info] [Eco] Загружаем WorldObjects...  
[15:07:59.729] [17] [ Info] [Eco] Запуск ПлагинКомнат...  
[15:07:59.732] [17] [ Info] [Eco] Загружаем Rooms...  
[15:07:59.732] [17] [ Info] [Eco] Запуск ПлагинЦелей...  
[15:07:59.748] [17] [ Info] [Eco] Загружаем Objectives...  
[15:07:59.768] [17] [ Info] [Eco] Запуск ПлагинСна...  
[15:07:59.768] [17] [ Info] [Eco] Загружаем Sleep...  
[15:07:59.768] [1] [ Info] [Eco] Запуск ПлагинВебСервера...  
[15:07:59.781] [1] [ Info] [Eco] Запуск OtherAliasCategory...  
[15:07:59.781] [12] [ Info] [Eco] Запуск DiscordLink...  
[15:07:59.781] [27] [ Info] [Eco] Запуск Asphalt...  
[15:07:59.781] [8] [ Info] [Eco] Запуск ПлагинТестовИнтеграции...  
[15:07:59.781] [23] [ Info] [Eco] Запуск NidToolboxPlugin...  
[15:07:59.906] [1] [ Info] [Eco] Инициализируем ПлагинПеревода...  
[15:07:59.906] [1] [ Info] [Eco] Инициализируем ПлагинНабораМодификаций...  
[15:08:00.118] [1] [ Info] [Eco] Инициализируем ПлагинГенератораМира...  
[15:08:00.118] [1] [ Info] [Eco] Инициализируем МенеджерПользователей...  
[15:08:00.218] [1] [ Info] [Eco] Инициализируем ПлагинМусора...  
[15:08:00.237] [1] [ Info] [Eco] Инициализируем ПлагинЭкономики...  
[15:08:00.342] [1] [ Info] [Eco] Инициализируем Законодательство...  
[15:08:15.272] [1] [ Info] [Eco] Инициализируем МенеджерСобственности...  
[15:08:15.322] [1] [ Info] [Eco] Инициализируем МенеджерМиникарты...  
[15:08:16.185] [1] [ Info] [Eco] Инициализируем UserTracker...  
[15:08:16.197] [1] [ Info] [Eco] Инициализируем МенеджерМировыхОбъектов...  
[15:08:21.497] [1] [ Info] [Eco] Инициализируем ПлагинКомнат...  
[15:08:23.975] [1] [ Info] [Eco] Инициализируем ПлагинСна...  
[15:08:23.975] [1] [ Info] [Eco] Инициализируем NidToolboxPlugin...  
[15:08:23.985] [1] [ Info] [NidToolbox] Checking declared file: Mods\NidToolbox\Texts\Motd.txt 
[15:08:23.985] [1] [ Info] [NidToolbox] Config file:  Mods\NidToolbox\Texts\Motd.txt exists. 
[15:08:23.985] [1] [ Info] [NidToolbox] Config file:  Mods\NidToolbox\Texts\Motd.txt readable. 
[15:08:23.985] [1] [ Info] [NidToolbox] Checking declared file: Mods\NidToolbox\Texts\Rules.txt 
[15:08:23.985] [1] [ Info] [NidToolbox] Config file:  Mods\NidToolbox\Texts\Rules.txt exists. 
[15:08:23.985] [1] [ Info] [NidToolbox] Config file:  Mods\NidToolbox\Texts\Rules.txt readable. 
[15:08:23.985] [1] [ Info] [NidToolbox] Checking declared file: Mods\NidToolbox\Texts\ServerChangelog.txt 
[15:08:23.985] [1] [ Info] [NidToolbox] Config file:  Mods\NidToolbox\Texts\ServerChangelog.txt exists. 
[15:08:23.985] [1] [ Info] [NidToolbox] Config file:  Mods\NidToolbox\Texts\ServerChangelog.txt readable. 
[15:08:24.117] [1] [ Info] [Eco] Инициализируем DiscordLink...  
[15:08:24.148] [1] [ Info] [Eco] Инициализируем ПлагинМира...  
[15:08:24.148] [1] [ Info] [Eco] Обработка...  
[15:08:27.459] [140] [ Info] [Eco] DISCORDLINK: Connected to Discord.

 
[15:08:27.853] [1] [ Info] [Eco] Сжатие...  
[15:08:28.737] [137] [ Info] [Eco] DISCORDLINK: Connected and Ready
 
[15:08:32.099] [1] [ Info] [Eco] Инициализируем МенеджерСети...  
[15:08:32.375] [1] [ Info] [Eco] Инициализируем МенеджерСлоёвМира...  
[15:08:32.375] [1] [ Info] [Eco] Инициализируем ПлагинВебСервера...  
[15:08:33.087] [1] [ Info] [Eco] Инициализируем ПлагинТестовИнтеграции...  
[15:08:33.094] [1] [ Info] [NidToolbox] OK - Mono not detected, not a Linux environment 
[15:08:33.094] [1] [ Info] [NidToolbox] All commands in config up to date. 
[15:08:33.160] [1] [ Info] [NidToolbox] Running NidToolbox version 1.8.7 
[15:08:33.268] [1] [ Info] [Eco] Server Initialization завершена за 65 670,0мс
 
[15:09:42.782] [15] [ Info] [NidToolbox] letmeplay tried to run nid-ShowLog while this command is disabled. Command rejected. 
[15:09:50.758] [19] [ Info] [NidToolbox] letmeplay tried to run nid-ShowLog while this command is disabled. Command rejected. 
[15:09:53.089] [15] [ Info] [NidToolbox] letmeplay tried to run nid-ShowLog while this command is disabled. Command rejected. 
[15:10:00.725] [31] [ Info] [NidToolbox] letmeplay tried to run nid-ShowLog while this command is disabled. Command rejected. 
[15:14:14.486] [5] [ Info] [NidToolbox] letmeplay tried to run nid-ListAll. Command allowed. 
