[22:22:31.605] [1] [ Info] [Eco] >>> START EcoServer, Version=1.0.0.0, Culture=neutral, PublicKeyToken=null 
[22:22:31.632] [1] [ Info] [Eco] Eco Server 0.8.3.3 beta
 
[22:22:31.714] [1] [ Info] [Eco] Server Initialization...  
[22:22:31.714] [1] [ Info] [Eco] Starting LocalizationPlugin...  
[22:22:32.084] [1] [ Info] [Eco] Запуск ПлагинНабораМодификаций...  
[22:22:32.084] [1] [ Info] [Eco] Загрузка модификаций...  
[22:22:32.356] [1] [ Info] [Eco] Компилирование модификаций...  
[22:22:33.830] [1] [ Info] [Eco] Загружаем 0Harmony...
 
[22:22:33.830] [1] [ Info] [Eco] Загружаем Asphalt-ModKit...
 
[22:22:33.956] [1] [ Info] [Eco] Загружаем DiscordLink_v1_blue...
 
[22:22:34.015] [1] [ Info] [Eco] Загрузка модификаций завершена за 1 928,2мс
 
[22:22:34.015] [1] [ Info] [Eco] Server Initialization завершена за 2 301,9мс
 
[22:22:34.015] [1] [ Info] [Eco] Failed to load server, Exception was Exception: ReflectionTypeLoadException
Message:Не удается загрузить один или более запрошенных типов. Обратитесь к свойству LoaderExceptions для получения дополнительных сведений.
Source:mscorlib

System.Reflection.ReflectionTypeLoadException: Не удается загрузить один или более запрошенных типов. Обратитесь к свойству LoaderExceptions для получения дополнительных сведений.
   at System.Reflection.RuntimeModule.GetTypes(RuntimeModule module)
   at System.Reflection.Assembly.GetTypes()
   at Eco.ModKit.ModKitPlugin.LoadModDlls()
   at Eco.ModKit.ModKitPlugin.LoadModsData(TaskCompletionSource`1 done)
   at Eco.ModKit.ModKitPlugin..ctor(TaskCompletionSource`1 done)
 
