[19:29:48.041] [1] [ Info] [Eco] >>> START EcoServer, Version=1.0.0.0, Culture=neutral, PublicKeyToken=null 
[19:29:48.069] [1] [ Info] [Eco] Eco Server 0.8.3.3 beta
 
[19:29:48.140] [1] [ Info] [Eco] Server Initialization...  
[19:29:48.140] [1] [ Info] [Eco] Starting LocalizationPlugin...  
[19:29:48.524] [1] [ Info] [Eco] Запуск ПлагинНабораМодификаций...  
[19:29:48.524] [1] [ Info] [Eco] Загрузка модификаций...  
[19:29:48.816] [1] [ Info] [Eco] Компилирование модификаций...  
[19:29:50.313] [1] [ Info] [Eco] Загружаем 0Harmony...
 
[19:29:50.313] [1] [ Info] [Eco] Загружаем Asphalt-ModKit...
 
[19:29:50.452] [1] [ Info] [Eco] Загружаем DiscordLink_blue...
 
[19:29:50.498] [1] [ Info] [Eco] Загружаем Eco.IntegrationTests...
 
[19:29:50.498] [1] [ Info] [Eco] Загружаем em-base...
 
[19:29:50.498] [1] [ Info] [Eco] Загружаем NoPlayerCredits...
 
[19:29:50.498] [1] [ Info] [Eco] Загружаем em-greenenergy...
 
[19:29:50.498] [1] [ Info] [Eco] Загружаем em-realisticsmelting...
 
[19:29:50.498] [1] [ Info] [Eco] Загружаем em-shippingcontainers...
 
[19:29:50.498] [1] [ Info] [Eco] Загружаем em-tailingspack...
 
[19:29:50.498] [1] [ Info] [Eco] Загружаем em-arches...
 
[19:29:50.513] [1] [ Info] [Eco] Загружаем em-doors...
 
[19:29:50.513] [1] [ Info] [Eco] Загружаем em-dyes...
 
[19:29:50.513] [1] [ Info] [Eco] Загружаем em-homeobjects...
 
[19:29:50.513] [1] [ Info] [Eco] Загружаем em-transportation...
 
[19:29:50.513] [1] [ Info] [Eco] Загружаем em-windows...
 
[19:29:50.542] [1] [ Info] [Eco] Загружаем em-zymology...
 
[19:29:50.547] [1] [ Info] [Eco] Загружаем HPStorage...
 
[19:29:50.547] [1] [ Info] [Eco] Загружаем NidToolbox...
 
[19:29:50.547] [1] [ Info] [Eco] Загрузка модификаций завершена за 2 028,8мс
 
[19:29:50.547] [1] [ Info] [Eco] Запуск МенеджерСети...  
[19:29:50.562] [8] [ Info] [Eco] Инициализация типов симуляции...  
[19:29:50.619] [7] [ Info] [Eco] Запуск ПлагинИгровойСтатистики...  
[19:29:50.619] [13] [ Info] [Eco] Запуск ПлагинГенератораМира...  
[19:29:50.619] [5] [ Info] [Eco] Запуск ПлагинРезервногоКопирования...  
[19:29:50.632] [5] [ Info] [Eco] Запуск МенеджерХранилища...  
[19:29:52.173] [8] [ Info] [Eco] Инициализация предметов...  
[19:29:52.280] [8] [ Info] [NidToolbox] Checking Settings.json 
[19:29:52.280] [8] [ Info] [NidToolbox] Config file: Mods\NidToolbox\Config\Settings.json exists. 
[19:29:52.326] [8] [ Info] [NidToolbox] Json file: Mods\NidToolbox\Config\Settings.json readable and correct. 
[19:29:52.326] [8] [ Info] [NidToolbox] Checking CommandPermissions.json 
[19:29:52.326] [8] [ Info] [NidToolbox] Config file: Mods\NidToolbox\Config\CommandPermissions.json exists. 
[19:29:52.326] [8] [ Info] [NidToolbox] Json file: Mods\NidToolbox\Config\CommandPermissions.json readable and correct. 
[19:29:52.326] [8] [ Info] [NidToolbox] Checking TimerMessages.json 
[19:29:52.326] [8] [ Info] [NidToolbox] Config file: Mods\NidToolbox\Config\TimerMessages.json exists. 
[19:29:52.326] [8] [ Info] [NidToolbox] Json file: Mods\NidToolbox\Config\TimerMessages.json readable and correct. 
[19:29:52.347] [8] [ Info] [NidToolbox] Checking ScheduledMessages.json 
[19:29:52.384] [8] [ Info] [NidToolbox] Config file: Mods\NidToolbox\Config\ScheduledMessages.json exists. 
[19:29:52.422] [8] [ Info] [NidToolbox] Json file: Mods\NidToolbox\Config\ScheduledMessages.json readable and correct. 
[19:29:52.422] [8] [ Info] [NidToolbox] No UserHomes directory, skipping user homes config checks. 
[19:29:53.297] [5] [ Info] [Eco] Запуск Плагин паузы...  
[19:29:53.297] [5] [ Info] [Eco] Загружаем Pause...  
[19:29:55.460] [8] [ Info] [Eco] Инициализация навыков...  
[19:29:55.577] [5] [ Info] [Eco] Запуск БДСтатистики...  
[19:29:55.577] [10] [ Info] [Eco] Запуск ПлагинМира...  
[19:29:55.622] [10] [ Info] [Eco] Загружаем World...  
[19:29:58.673] [10] [ Info] [Eco] Инициализация мира...  
[19:29:59.853] [10] [ Info] [Eco] Запуск ПлагинВремени...  
[19:29:59.853] [10] [ Info] [Eco] Загружаем Time...  
[19:29:59.859] [10] [ Info] [Eco] Запуск ПлагинРепутации...  
[19:29:59.859] [10] [ Info] [Eco] Загружаем Reputation...  
[19:29:59.859] [10] [ Info] [Eco] Запуск МенеджерЖильяИгроков...  
[19:29:59.872] [10] [ Info] [Eco] Запуск МенеджерПользователей...  
[19:29:59.912] [10] [ Info] [Eco] Загружаем Users...  
[19:30:00.059] [10] [ Info] [Eco] Инициализация инвентарей...  
[19:30:00.098] [10] [ Info] [Eco] Запуск МенеджерОбъектовЭко...  
[19:30:00.098] [5] [ Info] [Eco] Запуск ПлагинМусора...  
[19:30:00.098] [22] [ Info] [Eco] Запуск ПлагинУгроз...  
[19:30:00.098] [5] [ Info] [Eco] Загружаем Garbage...  
[19:30:00.098] [34] [ Info] [Eco] Запуск VoiceManager...  
[19:30:00.106] [26] [ Info] [Eco] Запуск НастройкиСложности...  
[19:30:00.106] [28] [ Info] [Eco] Запуск ПлагинЭкономики...  
[19:30:00.106] [29] [ Info] [Eco] Запуск СерверЧата...  
[19:30:00.106] [17] [ Info] [Eco] Запуск МенеджерКонтроллера...  
[19:30:00.106] [28] [ Info] [Eco] Загружаем Economy...  
[19:30:00.269] [22] [ Info] [Eco] Загружаем Disasters...  
[19:30:00.269] [29] [ Info] [Eco] Загружаем Chat...  
[19:30:00.297] [28] [ Info] [Eco] Запуск Законодательство...  
[19:30:00.322] [28] [ Info] [Eco] Загружаем Laws...  
[19:30:00.413] [28] [ Info] [Eco] Запуск МенеджерСобственности...  
[19:30:00.413] [28] [ Info] [Eco] Загружаем Property...  
[19:30:00.481] [28] [ Info] [Eco] Запуск МенеджерМиникарты...  
[19:30:00.484] [28] [ Info] [Eco] Запуск СимуляцияЭко...  
[19:30:00.548] [28] [ Info] [Eco] Загружаем Plants...  
[19:30:02.819] [28] [ Info] [Eco] Инициализация растений...  
[19:30:13.208] [28] [ Info] [Eco] Запуск RouteProbingPlugin...  
[19:30:13.208] [28] [ Info] [Eco] Загружаем RouteProbing...  
[19:30:16.256] [28] [ Info] [Eco] Запуск МенеджерСлоёвМира...  
[19:30:16.256] [28] [ Info] [Eco] Загружаем Layers...  
[19:30:16.899] [28] [ Info] [Eco] Инициализация слоёв мира...  
[19:30:16.904] [28] [ Info] [Eco] Загружаем ClimateSim...  
[19:30:20.488] [28] [ Info] [Eco] Запуск ТрекерЭкономики...  
[19:30:20.488] [28] [ Info] [Eco] Запуск UserTracker...  
[19:30:20.498] [28] [ Info] [Eco] Запуск МенеджерМировыхОбъектов...  
[19:30:20.583] [28] [ Info] [Eco] Загружаем WorldObjects...  
[19:30:20.718] [28] [ Info] [Eco] Запуск ПлагинКомнат...  
[19:30:20.718] [28] [ Info] [Eco] Загружаем Rooms...  
[19:30:20.733] [28] [ Info] [Eco] Запуск ПлагинЦелей...  
[19:30:20.733] [28] [ Info] [Eco] Загружаем Objectives...  
[19:30:20.747] [28] [ Info] [Eco] Запуск ПлагинСна...  
[19:30:20.747] [28] [ Info] [Eco] Загружаем Sleep...  
[19:30:20.747] [1] [ Info] [Eco] Запуск ПлагинВебСервера...  
[19:30:20.747] [1] [ Info] [Eco] Запуск OtherAliasCategory...  
[19:30:20.747] [14] [ Info] [Eco] Запуск Asphalt...  
[19:30:20.763] [10] [ Info] [Eco] Запуск ПлагинТестовИнтеграции...  
[19:30:20.763] [30] [ Info] [Eco] Запуск NoPlayerCreditsPlugin...  
[19:30:20.763] [6] [ Info] [Eco] Запуск DiscordLink...  
[19:30:20.763] [19] [ Info] [Eco] Запуск NidToolboxPlugin...  
[19:30:20.763] [36] [ Info] [Eco] Запуск ChatBase...  
[19:30:20.851] [1] [ Info] [Eco] Инициализируем ПлагинПеревода...  
[19:30:20.858] [1] [ Info] [Eco] Инициализируем ПлагинНабораМодификаций...  
[19:30:21.153] [1] [ Info] [Eco] Инициализируем ПлагинГенератораМира...  
[19:30:21.155] [1] [ Info] [Eco] Инициализируем МенеджерПользователей...  
[19:30:21.196] [1] [ Info] [Eco] Инициализируем ПлагинМусора...  
[19:30:21.206] [1] [ Info] [Eco] Инициализируем ПлагинЭкономики...  
[19:30:21.238] [1] [ Info] [Eco] Инициализируем Законодательство...  
[19:30:24.204] [1] [ Info] [Eco] Инициализируем МенеджерСобственности...  
[19:30:24.216] [1] [ Info] [Eco] Инициализируем МенеджерМиникарты...  
[19:30:25.297] [1] [ Info] [Eco] Инициализируем UserTracker...  
[19:30:25.297] [1] [ Info] [Eco] Инициализируем МенеджерМировыхОбъектов...  
[19:30:25.551] [1] [ Info] [Eco] Инициализируем ПлагинКомнат...  
[19:30:25.678] [1] [ Info] [Eco] Инициализируем ПлагинСна...  
[19:30:25.678] [1] [ Info] [Eco] Инициализируем NidToolboxPlugin...  
[19:30:25.691] [1] [ Info] [NidToolbox] Checking declared file: Mods\NidToolbox\Texts\Motd.txt 
[19:30:25.691] [1] [ Info] [NidToolbox] Config file:  Mods\NidToolbox\Texts\Motd.txt exists. 
[19:30:25.691] [1] [ Info] [NidToolbox] Config file:  Mods\NidToolbox\Texts\Motd.txt readable. 
[19:30:25.691] [1] [ Info] [NidToolbox] Checking declared file: Mods\NidToolbox\Texts\Rules.txt 
[19:30:25.691] [1] [ Info] [NidToolbox] Config file:  Mods\NidToolbox\Texts\Rules.txt exists. 
[19:30:25.691] [1] [ Info] [NidToolbox] Config file:  Mods\NidToolbox\Texts\Rules.txt readable. 
[19:30:25.691] [1] [ Info] [NidToolbox] Checking declared file: Mods\NidToolbox\Texts\ServerChangelog.txt 
[19:30:25.691] [1] [ Info] [NidToolbox] Config file:  Mods\NidToolbox\Texts\ServerChangelog.txt exists. 
[19:30:25.701] [1] [ Info] [NidToolbox] Config file:  Mods\NidToolbox\Texts\ServerChangelog.txt readable. 
[19:30:25.791] [1] [ Info] [Eco] Инициализируем NoPlayerCreditsPlugin...  
[19:30:25.791] [1] [ Info] [Eco] Инициализируем DiscordLink...  
[19:30:25.831] [1] [ Info] [Eco] Инициализируем ПлагинМира...  
[19:30:25.831] [1] [ Info] [Eco] Обработка...  
[19:30:26.654] [1] [ Info] [Eco] Сжатие...  
[19:30:30.140] [1] [ Info] [Eco] Инициализируем МенеджерСети...  
[19:30:30.161] [141] [ Info] [Eco] DISCORDLINK: Connected to Discord.

 
[19:30:30.356] [1] [ Info] [Eco] Инициализируем МенеджерСлоёвМира...  
[19:30:30.357] [1] [ Info] [Eco] Инициализируем ПлагинВебСервера...  
[19:30:31.040] [1] [ Info] [Eco] Инициализируем ПлагинТестовИнтеграции...  
[19:30:31.047] [1] [ Info] [NidToolbox] OK - Mono not detected, not a Linux environment 
[19:30:31.047] [1] [ Info] [NidToolbox] All commands in config up to date. 
[19:30:31.133] [141] [ Info] [Eco] DISCORDLINK: Connected and Ready
 
[19:30:31.133] [1] [ Info] [NidToolbox] Running NidToolbox version 1.8.7 
[19:30:31.156] [1] [ Info] [Eco] Server Initialization завершена за 43 014,6мс
 
[19:43:45.468] [1] [ Info] [Eco] Сохранение...
 
[19:43:45.468] [1] [ Info] [Eco] Сохранение мира...  
[19:43:49.332] [1] [ Info] [Eco] Готово
 
[19:43:49.479] [1] [ Info] [Eco] Выключение завершено
 
