[05:31:46.652] [1] [ Info] [Eco] >>> START EcoServer, Version=1.0.0.0, Culture=neutral, PublicKeyToken=null 
[05:31:46.684] [1] [ Info] [Eco] Eco Server 0.8.3.3 beta
 
[05:31:46.755] [1] [ Info] [Eco] Server Initialization...  
[05:31:46.755] [1] [ Info] [Eco] Starting LocalizationPlugin...  
[05:31:47.129] [1] [ Info] [Eco] Запуск ПлагинНабораМодификаций...  
[05:31:47.129] [1] [ Info] [Eco] Загрузка модификаций...  
[05:31:47.424] [1] [ Info] [Eco] Компилирование модификаций...  
[05:31:48.884] [1] [ Info] [Eco] Загружаем 0Harmony...
 
[05:31:48.884] [1] [ Info] [Eco] Загружаем Asphalt-ModKit...
 
[05:31:49.009] [1] [ Info] [Eco] Загружаем DiscordLink_blue...
 
[05:31:49.054] [1] [ Info] [Eco] Загружаем Eco.IntegrationTests...
 
[05:31:49.054] [1] [ Info] [Eco] Загружаем em-base...
 
[05:31:49.054] [1] [ Info] [Eco] Загружаем NoPlayerCredits...
 
[05:31:49.054] [1] [ Info] [Eco] Загружаем em-greenenergy...
 
[05:31:49.054] [1] [ Info] [Eco] Загружаем em-realisticsmelting...
 
[05:31:49.054] [1] [ Info] [Eco] Загружаем em-shippingcontainers...
 
[05:31:49.054] [1] [ Info] [Eco] Загружаем em-tailingspack...
 
[05:31:49.054] [1] [ Info] [Eco] Загружаем em-arches...
 
[05:31:49.069] [1] [ Info] [Eco] Загружаем em-doors...
 
[05:31:49.069] [1] [ Info] [Eco] Загружаем em-dyes...
 
[05:31:49.069] [1] [ Info] [Eco] Загружаем em-homeobjects...
 
[05:31:49.069] [1] [ Info] [Eco] Загружаем em-transportation...
 
[05:31:49.069] [1] [ Info] [Eco] Загружаем em-windows...
 
[05:31:49.091] [1] [ Info] [Eco] Загружаем em-zymology...
 
[05:31:49.091] [1] [ Info] [Eco] Загружаем HPStorage...
 
[05:31:49.091] [1] [ Info] [Eco] Загружаем NidToolbox...
 
[05:31:49.103] [1] [ Info] [Eco] Загрузка модификаций завершена за 1 971,5мс
 
[05:31:49.103] [1] [ Info] [Eco] Запуск МенеджерСети...  
[05:31:49.103] [7] [ Info] [Eco] Инициализация типов симуляции...  
[05:31:49.160] [15] [ Info] [Eco] Запуск ПлагинГенератораМира...  
[05:31:49.160] [6] [ Info] [Eco] Запуск ПлагинИгровойСтатистики...  
[05:31:49.160] [17] [ Info] [Eco] Запуск ПлагинРезервногоКопирования...  
[05:31:49.171] [17] [ Info] [Eco] Запуск МенеджерХранилища...  
[05:31:49.845] [7] [ Info] [Eco] Инициализация предметов...  
[05:31:49.916] [7] [ Info] [NidToolbox] Checking Settings.json 
[05:31:49.916] [7] [ Info] [NidToolbox] Config file: Mods\NidToolbox\Config\Settings.json exists. 
[05:31:49.916] [7] [ Info] [NidToolbox] Json file: Mods\NidToolbox\Config\Settings.json readable and correct. 
[05:31:49.916] [7] [ Info] [NidToolbox] Checking CommandPermissions.json 
[05:31:49.916] [7] [ Info] [NidToolbox] Config file: Mods\NidToolbox\Config\CommandPermissions.json exists. 
[05:31:49.916] [7] [ Info] [NidToolbox] Json file: Mods\NidToolbox\Config\CommandPermissions.json readable and correct. 
[05:31:49.916] [7] [ Info] [NidToolbox] Checking TimerMessages.json 
[05:31:49.916] [7] [ Info] [NidToolbox] Config file: Mods\NidToolbox\Config\TimerMessages.json exists. 
[05:31:49.929] [7] [ Info] [NidToolbox] Json file: Mods\NidToolbox\Config\TimerMessages.json readable and correct. 
[05:31:49.929] [7] [ Info] [NidToolbox] Checking ScheduledMessages.json 
[05:31:49.929] [7] [ Info] [NidToolbox] Config file: Mods\NidToolbox\Config\ScheduledMessages.json exists. 
[05:31:49.929] [7] [ Info] [NidToolbox] Json file: Mods\NidToolbox\Config\ScheduledMessages.json readable and correct. 
[05:31:49.929] [7] [ Info] [NidToolbox] No UserHomes directory, skipping user homes config checks. 
[05:31:52.533] [17] [ Info] [Eco] Запуск Плагин паузы...  
[05:31:52.540] [17] [ Info] [Eco] Загружаем Pause...  
[05:31:53.763] [7] [ Info] [Eco] Инициализация навыков...  
[05:31:53.851] [6] [ Info] [Eco] Запуск БДСтатистики...  
[05:31:53.851] [16] [ Info] [Eco] Запуск ПлагинМира...  
[05:31:53.895] [16] [ Info] [Eco] Загружаем World...  
[05:31:56.781] [16] [ Info] [Eco] Инициализация мира...  
[05:31:58.095] [16] [ Info] [Eco] Запуск ПлагинВремени...  
[05:31:58.095] [16] [ Info] [Eco] Загружаем Time...  
[05:31:58.095] [16] [ Info] [Eco] Запуск ПлагинРепутации...  
[05:31:58.095] [16] [ Info] [Eco] Загружаем Reputation...  
[05:31:58.113] [16] [ Info] [Eco] Запуск МенеджерЖильяИгроков...  
[05:31:58.113] [16] [ Info] [Eco] Запуск МенеджерПользователей...  
[05:31:58.165] [16] [ Info] [Eco] Загружаем Users...  
[05:31:58.299] [16] [ Info] [Eco] Инициализация инвентарей...  
[05:31:58.344] [16] [ Info] [Eco] Запуск МенеджерОбъектовЭко...  
[05:31:58.344] [16] [ Info] [Eco] Запуск МенеджерКонтроллера...  
[05:31:58.344] [33] [ Info] [Eco] Запуск СерверЧата...  
[05:31:58.344] [17] [ Info] [Eco] Запуск ПлагинМусора...  
[05:31:58.351] [6] [ Info] [Eco] Запуск VoiceManager...  
[05:31:58.351] [17] [ Info] [Eco] Загружаем Garbage...  
[05:31:58.351] [15] [ Info] [Eco] Запуск НастройкиСложности...  
[05:31:58.351] [27] [ Info] [Eco] Запуск ПлагинЭкономики...  
[05:31:58.351] [14] [ Info] [Eco] Запуск ПлагинУгроз...  
[05:31:58.351] [27] [ Info] [Eco] Загружаем Economy...  
[05:31:58.518] [14] [ Info] [Eco] Загружаем Disasters...  
[05:31:58.522] [33] [ Info] [Eco] Загружаем Chat...  
[05:31:58.522] [27] [ Info] [Eco] Запуск Законодательство...  
[05:31:58.568] [27] [ Info] [Eco] Загружаем Laws...  
[05:31:58.661] [27] [ Info] [Eco] Запуск МенеджерСобственности...  
[05:31:58.661] [27] [ Info] [Eco] Загружаем Property...  
[05:31:58.722] [27] [ Info] [Eco] Запуск МенеджерМиникарты...  
[05:31:58.725] [27] [ Info] [Eco] Запуск СимуляцияЭко...  
[05:31:58.785] [27] [ Info] [Eco] Загружаем Plants...  
[05:32:00.923] [27] [ Info] [Eco] Инициализация растений...  
[05:32:11.359] [27] [ Info] [Eco] Запуск RouteProbingPlugin...  
[05:32:11.359] [27] [ Info] [Eco] Загружаем RouteProbing...  
[05:32:14.144] [27] [ Info] [Eco] Запуск МенеджерСлоёвМира...  
[05:32:14.144] [27] [ Info] [Eco] Загружаем Layers...  
[05:32:14.751] [27] [ Info] [Eco] Инициализация слоёв мира...  
[05:32:14.751] [27] [ Info] [Eco] Загружаем ClimateSim...  
[05:32:17.979] [27] [ Info] [Eco] Запуск ТрекерЭкономики...  
[05:32:17.979] [27] [ Info] [Eco] Запуск UserTracker...  
[05:32:17.979] [27] [ Info] [Eco] Запуск МенеджерМировыхОбъектов...  
[05:32:18.072] [27] [ Info] [Eco] Загружаем WorldObjects...  
[05:32:18.179] [27] [ Info] [Eco] Запуск ПлагинКомнат...  
[05:32:18.179] [27] [ Info] [Eco] Загружаем Rooms...  
[05:32:18.179] [27] [ Info] [Eco] Запуск ПлагинЦелей...  
[05:32:18.179] [27] [ Info] [Eco] Загружаем Objectives...  
[05:32:18.205] [27] [ Info] [Eco] Запуск ПлагинСна...  
[05:32:18.205] [27] [ Info] [Eco] Загружаем Sleep...  
[05:32:18.211] [1] [ Info] [Eco] Запуск ПлагинВебСервера...  
[05:32:18.211] [1] [ Info] [Eco] Запуск OtherAliasCategory...  
[05:32:18.211] [17] [ Info] [Eco] Запуск Asphalt...  
[05:32:18.211] [19] [ Info] [Eco] Запуск ПлагинТестовИнтеграции...  
[05:32:18.211] [36] [ Info] [Eco] Запуск DiscordLink...  
[05:32:18.226] [35] [ Info] [Eco] Запуск NidToolboxPlugin...  
[05:32:18.226] [7] [ Info] [Eco] Запуск NoPlayerCreditsPlugin...  
[05:32:18.226] [22] [ Info] [Eco] Запуск ChatBase...  
[05:32:18.313] [1] [ Info] [Eco] Инициализируем ПлагинПеревода...  
[05:32:18.313] [1] [ Info] [Eco] Инициализируем ПлагинНабораМодификаций...  
[05:32:18.586] [1] [ Info] [Eco] Инициализируем ПлагинГенератораМира...  
[05:32:18.586] [1] [ Info] [Eco] Инициализируем МенеджерПользователей...  
[05:32:18.626] [1] [ Info] [Eco] Инициализируем ПлагинМусора...  
[05:32:18.641] [1] [ Info] [Eco] Инициализируем ПлагинЭкономики...  
[05:32:18.657] [1] [ Info] [Eco] Инициализируем Законодательство...  
[05:32:21.556] [1] [ Info] [Eco] Инициализируем МенеджерСобственности...  
[05:32:21.556] [1] [ Info] [Eco] Инициализируем МенеджерМиникарты...  
[05:32:22.567] [1] [ Info] [Eco] Инициализируем UserTracker...  
[05:32:22.573] [1] [ Info] [Eco] Инициализируем МенеджерМировыхОбъектов...  
[05:32:22.808] [1] [ Info] [Eco] Инициализируем ПлагинКомнат...  
[05:32:22.936] [1] [ Info] [Eco] Инициализируем ПлагинСна...  
[05:32:22.936] [1] [ Info] [Eco] Инициализируем NidToolboxPlugin...  
[05:32:22.950] [1] [ Info] [NidToolbox] Checking declared file: Mods\NidToolbox\Texts\Motd.txt 
[05:32:22.950] [1] [ Info] [NidToolbox] Config file:  Mods\NidToolbox\Texts\Motd.txt exists. 
[05:32:22.950] [1] [ Info] [NidToolbox] Config file:  Mods\NidToolbox\Texts\Motd.txt readable. 
[05:32:22.950] [1] [ Info] [NidToolbox] Checking declared file: Mods\NidToolbox\Texts\Rules.txt 
[05:32:22.950] [1] [ Info] [NidToolbox] Config file:  Mods\NidToolbox\Texts\Rules.txt exists. 
[05:32:22.950] [1] [ Info] [NidToolbox] Config file:  Mods\NidToolbox\Texts\Rules.txt readable. 
[05:32:22.950] [1] [ Info] [NidToolbox] Checking declared file: Mods\NidToolbox\Texts\ServerChangelog.txt 
[05:32:22.950] [1] [ Info] [NidToolbox] Config file:  Mods\NidToolbox\Texts\ServerChangelog.txt exists. 
[05:32:22.950] [1] [ Info] [NidToolbox] Config file:  Mods\NidToolbox\Texts\ServerChangelog.txt readable. 
[05:32:23.051] [1] [ Info] [Eco] Инициализируем NoPlayerCreditsPlugin...  
[05:32:23.051] [1] [ Info] [Eco] Инициализируем DiscordLink...  
[05:32:23.082] [1] [ Info] [Eco] Инициализируем ПлагинМира...  
[05:32:23.082] [1] [ Info] [Eco] Обработка...  
[05:32:23.717] [1] [ Info] [Eco] Сжатие...  
[05:32:27.032] [1] [ Info] [Eco] Инициализируем МенеджерСети...  
[05:32:27.072] [143] [ Info] [Eco] DISCORDLINK: Connected to Discord.

 
[05:32:27.242] [1] [ Info] [Eco] Инициализируем МенеджерСлоёвМира...  
[05:32:27.242] [1] [ Info] [Eco] Инициализируем ПлагинВебСервера...  
[05:32:27.944] [143] [ Info] [Eco] DISCORDLINK: Connected and Ready
 
[05:32:28.068] [1] [ Info] [Eco] Инициализируем ПлагинТестовИнтеграции...  
[05:32:28.074] [1] [ Info] [NidToolbox] OK - Mono not detected, not a Linux environment 
[05:32:28.074] [1] [ Info] [NidToolbox] All commands in config up to date. 
[05:32:28.134] [1] [ Info] [NidToolbox] Running NidToolbox version 1.8.7 
[05:32:28.152] [1] [ Info] [Eco] Server Initialization завершена за 41 397,1мс
 
[06:00:49.473] [136] [ Info] [log] AmeriQ invoked admin command '/passlaws' 
[06:02:28.653] [31] [ Info] [Eco] Удалена резервная копия - D:/EcoBackup/Storage\Backup\Game-2020-03-04-13.03.05
 
[06:02:28.653] [31] [ Info] [Eco] Удалена резервная копия - D:/EcoBackup/Storage\Backup\Game-2020-03-03-00.03.04
 
[06:14:14.830] [28] [ Info] [log] AmeriQ invoked admin command '/passlaws' 
[06:23:54.708] [28] [ Info] [log] AmeriQ invoked admin command '/fly' 
[07:02:28.481] [6] [ Info] [Eco] Удалена резервная копия - D:/EcoBackup/Storage\Backup\Game-2020-03-04-14.03.05
 
[07:30:50.355] [28] [ Info] [log] AmeriQ invoked admin command '/dump' 
[07:32:28.647] [33] [ Info] [Eco] Удалена резервная копия - D:/EcoBackup/Storage\Backup\Game-2020-03-06-06.32.28
 
[07:56:05.734] [28] [ Info] [log] AmeriQ invoked admin command '/givealltools 0' 
[07:59:00.673] [146] [ Info] [log] letmeplay invoked admin command '/fly' 
[08:02:28.537] [31] [ Info] [Eco] Удалена резервная копия - D:/EcoBackup/Storage\Backup\Game-2020-03-04-15.03.05
 
[08:08:10.868] [28] [ Info] [log] AmeriQ invoked admin command '/dump' 
[08:10:45.356] [28] [ Info] [log] AmeriQ invoked admin command '/give Fishery, 10' 
[08:10:53.829] [28] [ Info] [log] AmeriQ invoked admin command '/give Bloomery, 10' 
[08:11:02.275] [28] [ Info] [log] AmeriQ invoked admin command '/give Workbench, 10' 
[08:11:14.978] [28] [ Info] [log] AmeriQ invoked admin command '/give Masonry Table, 10' 
[08:11:43.470] [28] [ Info] [log] AmeriQ invoked admin command '/give Repair Station, 10' 
[08:11:51.963] [28] [ Info] [log] AmeriQ invoked admin command '/give Klin, 10' 
[08:11:58.858] [28] [ Info] [log] AmeriQ invoked admin command '/give Kiln, 10' 
[08:12:09.720] [28] [ Info] [log] AmeriQ invoked admin command '/give Carpentry Table, 10' 
[08:12:33.438] [28] [ Info] [log] AmeriQ invoked admin command '/give Butchey Table, 10' 
[08:12:40.617] [28] [ Info] [log] AmeriQ invoked admin command '/give Butchery Table, 10' 
[08:12:47.634] [28] [ Info] [log] AmeriQ invoked admin command '/give Mill, 10' 
[08:13:01.574] [28] [ Info] [log] AmeriQ invoked admin command '/give Chicken Coop, 10' 
[08:13:26.007] [28] [ Info] [log] AmeriQ invoked admin command '/give Campfire, 10' 
[08:13:51.497] [28] [ Info] [log] AmeriQ invoked admin command '/give Tailoring Table, 10' 
[08:14:09.288] [28] [ Info] [log] AmeriQ invoked admin command '/give Wainwright Table, 10' 
[08:15:00.703] [28] [ Info] [log] AmeriQ invoked admin command '/give Large Hanging Hewn Log Sign, 10' 
[08:15:13.995] [28] [ Info] [log] AmeriQ invoked admin command '/give Large Standing Hewn Log Sign, 10' 
[08:17:49.365] [28] [ Info] [log] AmeriQ invoked admin command '/give Wooden Latrine, 10' 
[08:17:59.242] [28] [ Info] [log] AmeriQ invoked admin command '/give Wooden Straw Bed, 10' 
[08:18:09.524] [28] [ Info] [log] AmeriQ invoked admin command '/give Hewn Log Door, 10' 
[08:18:28.281] [28] [ Info] [log] AmeriQ invoked admin command '/give Door, 10' 
[08:18:46.182] [28] [ Info] [log] AmeriQ invoked admin command '/give Large Hanging Hewn Log Sign, 40' 
[08:18:55.420] [28] [ Info] [log] AmeriQ invoked admin command '/give Large Standing Hewn Log Sign, 40' 
[08:19:03.567] [28] [ Info] [log] AmeriQ invoked admin command '/give Wooden Latrine, 40' 
[08:19:16.828] [28] [ Info] [log] AmeriQ invoked admin command '/give Wooden Straw Bed, 40' 
[08:19:35.078] [28] [ Info] [log] AmeriQ invoked admin command '/give Icebox, 10' 
[08:19:40.430] [28] [ Info] [log] AmeriQ invoked admin command '/give Store, 10' 
[08:19:55.802] [28] [ Info] [log] AmeriQ invoked admin command '/give Small Standing Hewn Log Sign, 10' 
[08:20:05.648] [28] [ Info] [log] AmeriQ invoked admin command '/give Small Hanging Hewn Log Sign, 10' 
[08:20:14.329] [28] [ Info] [log] AmeriQ invoked admin command '/give Small Wood Cart, 10' 
[08:21:22.687] [28] [ Info] [log] AmeriQ invoked admin command '/give Small Wood Cart, 5' 
[08:21:30.720] [28] [ Info] [log] AmeriQ invoked admin command '/give Small Wood Cart, 5' 
[08:21:33.942] [28] [ Info] [log] AmeriQ invoked admin command '/give Small Wood Cart, 5' 
[08:21:37.179] [28] [ Info] [log] AmeriQ invoked admin command '/give Small Wood Cart, 5' 
[08:21:42.344] [28] [ Info] [log] AmeriQ invoked admin command '/give Small Wood Cart, 5' 
[08:21:45.331] [28] [ Info] [log] AmeriQ invoked admin command '/give Small Wood Cart, 5' 
[08:22:04.177] [28] [ Info] [log] AmeriQ invoked admin command '/give Stockpile, 20' 
[08:22:15.542] [28] [ Info] [log] AmeriQ invoked admin command '/give Table, 10' 
[08:22:22.816] [28] [ Info] [log] AmeriQ invoked admin command '/give Torch Stand, 10' 
[08:22:43.964] [28] [ Info] [log] AmeriQ invoked admin command '/give Distribution Station , 10' 
[08:24:53.396] [15] [ Info] [Eco] Ошибка при проверке токена входа: Время ожидания операции истекло
 
[08:24:53.396] [15] [ Info] [Eco] Токен входа пользователя AmeriQ изменён.  Возможно вошёл где то ещё?  Отключение...
 
[08:26:04.969] [146] [ Info] [log] letmeplay invoked admin command '/save' 
[08:26:04.978] [36] [ Info] [Eco] Сохранение мира...  
[08:39:16.821] [141] [ Info] [log] AmeriQ invoked admin command '/give Storage Chest, 10' 
[08:39:23.768] [141] [ Info] [log] AmeriQ invoked admin command '/give Chair, 10' 
[08:39:32.218] [141] [ Info] [log] AmeriQ invoked admin command '/give Small Table, 10' 
[08:39:44.106] [141] [ Info] [log] AmeriQ invoked admin command '/give Stone Brazier, 10' 
[08:40:02.951] [141] [ Info] [log] AmeriQ invoked admin command '/give Small Hanging Stone Sign, 10' 
[08:40:12.940] [141] [ Info] [log] AmeriQ invoked admin command '/give Small Standing Stone Sign, 10' 
[08:40:23.861] [141] [ Info] [log] AmeriQ invoked admin command '/give Large Standing Stone Sign, 10' 
[08:40:42.955] [141] [ Info] [log] AmeriQ invoked admin command '/give Large Hanging Stone Sign, 10' 
[08:41:10.943] [141] [ Info] [log] AmeriQ invoked admin command '/give Small Stockpile, 10' 
[08:41:19.272] [141] [ Info] [log] AmeriQ invoked admin command '/give Tiny Stockpile, 10' 
[08:41:29.302] [141] [ Info] [log] AmeriQ invoked admin command '/give Stone Door, 10' 
[08:41:38.453] [141] [ Info] [log] AmeriQ invoked admin command '/give Contract Board, 10' 
[08:43:15.096] [141] [ Info] [log] AmeriQ invoked admin command '/give Fur Pelt, 100' 
[08:43:19.450] [141] [ Info] [log] AmeriQ invoked admin command '/give Fur Pelt, 50' 
[08:43:39.458] [144] [ Info] [log] Dark Avenger invoked admin command '/fly' 
[08:43:49.038] [141] [ Info] [log] AmeriQ invoked admin command '/give Fur Pelt, 50' 
[08:43:52.977] [141] [ Info] [log] AmeriQ invoked admin command '/give Fur Pelt, 50' 
[08:44:24.136] [141] [ Info] [log] AmeriQ invoked admin command '/give Leather Hide, 50' 
[08:44:33.417] [141] [ Info] [log] AmeriQ invoked admin command '/give Leather Hide, 50' 
[08:44:36.133] [141] [ Info] [log] AmeriQ invoked admin command '/give Leather Hide, 50' 
[08:45:03.616] [141] [ Info] [log] AmeriQ invoked admin command '/give Clam, 200' 
[08:45:15.107] [141] [ Info] [log] AmeriQ invoked admin command '/give Urchin, 200' 
[08:45:27.390] [141] [ Info] [log] AmeriQ invoked admin command '/give Urchin, 200' 
[08:45:38.619] [141] [ Info] [log] AmeriQ invoked admin command '/give Kelp, 200' 
[08:45:54.320] [141] [ Info] [log] AmeriQ invoked admin command '/give Plant Fibers, 200' 
[08:46:04.248] [141] [ Info] [log] AmeriQ invoked admin command '/give Plant Fibers, 200' 
[08:47:05.388] [141] [ Info] [log] AmeriQ invoked admin command '/give Wooden Shovel, 50' 
[08:47:20.653] [141] [ Info] [log] AmeriQ invoked admin command '/give Медвежий рюкзак' 
[08:47:37.048] [141] [ Info] [log] AmeriQ invoked admin command '/give Wooden Shovel, 50' 
[08:47:41.686] [141] [ Info] [log] AmeriQ invoked admin command '/give Wooden Shovel, 30' 
[08:47:44.799] [141] [ Info] [log] AmeriQ invoked admin command '/give Wooden Shovel, 25' 
[08:50:22.415] [25] [ Info] [log] AmeriQ invoked admin command '/dump' 
[08:51:50.185] [25] [ Info] [log] AmeriQ invoked admin command '/give Wooden Hoe' 
[08:51:55.653] [25] [ Info] [log] AmeriQ invoked admin command '/give Wooden Hoe, 11' 
[08:52:41.857] [25] [ Info] [log] AmeriQ invoked admin command '/give Wooden shovel' 
[08:52:55.375] [25] [ Info] [log] AmeriQ invoked admin command '/give Wooden shovel, 11' 
[08:53:57.748] [25] [ Info] [log] AmeriQ invoked admin command '/give Stone Pickaxe, 25' 
[08:54:41.537] [25] [ Info] [log] AmeriQ invoked admin command '/give Stone Pickaxe, 10' 
[08:55:06.316] [25] [ Info] [log] AmeriQ invoked admin command '/give Stone axe, 25' 
[08:55:42.229] [25] [ Info] [log] AmeriQ invoked admin command '/give Stone axe, 10' 
[08:56:57.657] [25] [ Info] [log] AmeriQ invoked admin command '/give Stone Hammer, 25' 
[08:57:14.498] [25] [ Info] [log] AmeriQ invoked admin command '/give Stone Hammer, 10' 
[08:58:03.882] [25] [ Info] [log] AmeriQ invoked admin command '/give Stone Scythe, 25' 
[08:58:24.025] [25] [ Info] [log] AmeriQ invoked admin command '/give Stone Scythe, 10' 
[08:58:32.129] [23] [ Info] [log] Dark Avenger invoked admin command '/fly' 
[08:59:17.656] [25] [ Info] [log] AmeriQ invoked admin command '/dump' 
[08:59:24.582] [25] [ Info] [log] AmeriQ invoked admin command '/give Stone Hammer, 15' 
[09:01:02.314] [25] [ Info] [log] AmeriQ invoked admin command '/give Bow, 15' 
[09:01:04.733] [146] [ Info] [log] letmeplay invoked admin command '/save' 
[09:01:36.623] [25] [ Info] [log] AmeriQ invoked admin command '/give Arrows, 100' 
[09:01:39.852] [25] [ Info] [log] AmeriQ invoked admin command '/give Arrow, 100' 
[09:01:47.152] [25] [ Info] [log] AmeriQ invoked admin command '/dump' 
[09:02:01.800] [25] [ Info] [log] AmeriQ invoked admin command '/fly' 
[09:03:03.898] [23] [ Info] [log] Dark Avenger invoked admin command '/fly' 
[09:03:37.346] [25] [ Info] [log] AmeriQ invoked admin command '/fly' 
[09:04:29.496] [25] [ Info] [log] AmeriQ invoked admin command '/give fishing pole, 10' 
[09:05:24.338] [25] [ Info] [log] AmeriQ invoked admin command '/give fishing pole, 5' 
[09:06:01.315] [25] [ Info] [log] AmeriQ invoked admin command '/give Torch, 5' 
[09:06:30.919] [25] [ Info] [log] AmeriQ invoked admin command '/give Fish Trap, 5' 
[09:06:36.988] [25] [ Info] [log] AmeriQ invoked admin command '/give Fish Trap, 15' 
[09:06:42.918] [25] [ Info] [log] AmeriQ invoked admin command '/give Fish Trap, 10' 
[09:07:23.519] [25] [ Info] [log] AmeriQ invoked admin command '/give Строительный знак, 10' 
[09:07:25.212] [25] [ Info] [log] AmeriQ invoked admin command '/give Строительный знак, 10' 
[09:07:25.826] [25] [ Info] [log] AmeriQ invoked admin command '/give Строительный знак, 10' 
[09:07:27.230] [25] [ Info] [log] AmeriQ invoked admin command '/give Строительный знак, 10' 
[09:08:21.320] [25] [ Info] [log] AmeriQ invoked admin command '/give Wooden Shovel, 10' 
[09:08:36.457] [25] [ Info] [log] AmeriQ invoked admin command '/give Wooden Shovel, 10' 
[09:10:34.296] [25] [ Info] [log] AmeriQ invoked admin command '/give Stone Scythe' 
[09:26:13.119] [141] [ Info] [log] Dark Avenger invoked admin command '/fly' 
[09:29:28.069] [141] [ Info] [log] Dark Avenger invoked admin command '/fly' 
[09:31:34.750] [141] [ Info] [log] Dark Avenger invoked admin command '/fly' 
[09:34:36.178] [25] [ Info] [log] AmeriQ invoked admin command '/fly' 
[09:43:41.806] [141] [ Info] [log] Dark Avenger invoked admin command '/give claim 2' 
[09:43:47.842] [141] [ Info] [log] Dark Avenger invoked admin command '/give claim, 2' 
[09:46:32.280] [146] [ Info] [log] letmeplay invoked admin command '/save' 
[09:46:39.373] [146] [ Info] [log] letmeplay invoked admin command '/save' 
[09:46:55.999] [36] [ Info] [Eco] Удалена резервная копия - D:/EcoBackup/Storage\Backup\Game-2020-03-06-07.32.28
 
[09:46:55.999] [33] [ Info] [Eco] Сохранение мира...  
[09:46:58.297] [1] [ Info] [Eco] Сохранение...
 
[09:46:58.297] [1] [ Info] [Eco] Сохранение мира...  
[09:46:58.565] [30] [ Info] [Eco] DISCORDLINK: Connected and Ready
 
[09:47:02.590] [1] [ Info] [Eco] Готово
 
[09:47:02.743] [1] [ Info] [Eco] Выключение завершено
 
