[10:53:29.338] [1] [ Info] [Eco] >>> START EcoServer, Version=1.0.0.0, Culture=neutral, PublicKeyToken=null 
[10:53:29.367] [1] [ Info] [Eco] Eco Server 0.8.3.2 beta
 
[10:53:29.574] [1] [ Info] [Eco] Server Initialization...  
[10:53:29.574] [1] [ Info] [Eco] Starting LocalizationPlugin...  
[10:53:30.440] [1] [ Info] [Eco] Запуск ПлагинНабораМодификаций...  
[10:53:30.440] [1] [ Info] [Eco] Загрузка модификаций...  
[10:53:30.564] [1] [ Info] [Eco] Компилирование модификаций...  
[10:53:33.834] [1] [ Info] [Eco] Загружаем 0Harmony...
 
[10:53:33.834] [1] [ Info] [Eco] Загружаем Asphalt-ModKit...
 
[10:53:33.961] [1] [ Info] [Eco] Загружаем Eco.IntegrationTests...
 
[10:53:33.961] [1] [ Info] [Eco] Загружаем DiscordLinkUnified...
 
[10:53:34.020] [1] [ Info] [Eco] Загружаем EcoStory...
 
[10:53:34.020] [1] [ Info] [Eco] Загрузка модификаций завершена за 3 585,7мс
 
[10:53:34.031] [1] [ Info] [Eco] Запуск МенеджерСети...  
[10:53:34.031] [5] [ Info] [Eco] Инициализация типов симуляции...  
[10:53:34.107] [8] [ Info] [Eco] Запуск ПлагинГенератораМира...  
[10:53:34.107] [12] [ Info] [Eco] Запуск ПлагинИгровойСтатистики...  
[10:53:34.107] [11] [ Info] [Eco] Запуск ПлагинРезервногоКопирования...  
[10:53:34.117] [11] [ Info] [Eco] Запуск МенеджерХранилища...  
[10:53:35.419] [5] [ Info] [Eco] Инициализация предметов...  
[10:53:35.475] [5] [ Info] [NidToolbox] Checking Settings.json 
[10:53:35.475] [5] [ Info] [NidToolbox] Config file: Mods\NidToolbox\Config\Settings.json exists. 
[10:53:35.475] [5] [ Info] [NidToolbox] Json file: Mods\NidToolbox\Config\Settings.json readable and correct. 
[10:53:35.475] [5] [ Info] [NidToolbox] Checking CommandPermissions.json 
[10:53:35.475] [5] [ Info] [NidToolbox] Config file: Mods\NidToolbox\Config\CommandPermissions.json exists. 
[10:53:35.489] [5] [ Info] [NidToolbox] Json file: Mods\NidToolbox\Config\CommandPermissions.json readable and correct. 
[10:53:35.489] [5] [ Info] [NidToolbox] Checking TimerMessages.json 
[10:53:35.489] [5] [ Info] [NidToolbox] Config file: Mods\NidToolbox\Config\TimerMessages.json exists. 
[10:53:35.489] [5] [ Info] [NidToolbox] Json file: Mods\NidToolbox\Config\TimerMessages.json readable and correct. 
[10:53:35.489] [5] [ Info] [NidToolbox] Checking ScheduledMessages.json 
[10:53:35.489] [5] [ Info] [NidToolbox] Config file: Mods\NidToolbox\Config\ScheduledMessages.json exists. 
[10:53:35.489] [5] [ Info] [NidToolbox] Json file: Mods\NidToolbox\Config\ScheduledMessages.json readable and correct. 
[10:53:35.489] [5] [ Info] [NidToolbox] No UserHomes directory, skipping user homes config checks. 
[10:53:36.277] [11] [ Info] [Eco] Запуск Плагин паузы...  
[10:53:36.288] [11] [ Info] [Eco] Загружаем Pause...  
[10:53:38.087] [5] [ Info] [Eco] Инициализация навыков...  
[10:53:38.178] [16] [ Info] [Eco] Запуск БДСтатистики...  
[10:53:38.178] [10] [ Info] [Eco] Запуск ПлагинМира...  
[10:53:38.220] [10] [ Info] [Eco] Загружаем World...  
[10:53:41.912] [10] [ Info] [Eco] Инициализация мира...  
[10:53:43.345] [10] [ Info] [Eco] Запуск ПлагинВремени...  
[10:53:43.345] [10] [ Info] [Eco] Загружаем Time...  
[10:53:43.345] [10] [ Info] [Eco] Запуск ПлагинРепутации...  
[10:53:43.345] [10] [ Info] [Eco] Загружаем Reputation...  
[10:53:43.370] [10] [ Info] [Eco] Запуск МенеджерЖильяИгроков...  
[10:53:43.370] [10] [ Info] [Eco] Запуск МенеджерПользователей...  
[10:53:43.414] [10] [ Info] [Eco] Загружаем Users...  
[10:53:43.749] [10] [ Info] [Eco] Инициализация инвентарей...  
[10:53:43.790] [10] [ Info] [Eco] Запуск МенеджерОбъектовЭко...  
[10:53:43.799] [10] [ Info] [Eco] Загружаем Objects...  
[10:53:44.038] [11] [ Info] [Eco] Запуск ПлагинМусора...  
[10:53:44.038] [12] [ Info] [Eco] Запуск VoiceManager...  
[10:53:44.038] [5] [ Info] [Eco] Запуск СерверЧата...  
[10:53:44.038] [9] [ Info] [Eco] Запуск ПлагинЭкономики...  
[10:53:44.038] [18] [ Info] [Eco] Запуск НастройкиСложности...  
[10:53:44.038] [13] [ Info] [Eco] Запуск ПлагинУгроз...  
[10:53:44.038] [11] [ Info] [Eco] Загружаем Garbage...  
[10:53:44.038] [35] [ Info] [Eco] Запуск МенеджерКонтроллера...  
[10:53:44.053] [9] [ Info] [Eco] Загружаем Economy...  
[10:53:44.522] [9] [ Info] [Eco] Запуск Законодательство...  
[10:53:44.522] [13] [ Info] [Eco] Загружаем Disasters...  
[10:53:44.522] [5] [ Info] [Eco] Загружаем Chat...  
[10:53:48.923] [9] [ Info] [Eco] Загружаем Laws...  
[10:53:49.032] [9] [ Info] [Eco] Запуск МенеджерСобственности...  
[10:53:49.032] [9] [ Info] [Eco] Загружаем Property...  
[10:53:49.167] [9] [ Info] [Eco] Запуск МенеджерМиникарты...  
[10:53:49.172] [9] [ Info] [Eco] Запуск СимуляцияЭко...  
[10:53:49.245] [9] [ Info] [Eco] Загружаем Plants...  
[10:53:50.570] [9] [ Info] [Eco] Инициализация растений...  
[10:53:57.527] [9] [ Info] [Eco] Запуск RouteProbingPlugin...  
[10:53:57.527] [9] [ Info] [Eco] Загружаем RouteProbing...  
[10:53:59.781] [9] [ Info] [Eco] Запуск МенеджерСлоёвМира...  
[10:53:59.781] [9] [ Info] [Eco] Загружаем Layers...  
[10:54:00.460] [9] [ Info] [Eco] Инициализация слоёв мира...  
[10:54:00.477] [9] [ Info] [Eco] Загружаем ClimateSim...  
[10:54:03.268] [9] [ Info] [Eco] Запуск ТрекерЭкономики...  
[10:54:03.268] [9] [ Info] [Eco] Запуск UserTracker...  
[10:54:03.268] [9] [ Info] [Eco] Запуск МенеджерМировыхОбъектов...  
[10:54:03.367] [9] [ Info] [Eco] Загружаем WorldObjects...  
[10:54:04.351] [9] [ Info] [Eco] Запуск ПлагинКомнат...  
[10:54:04.351] [9] [ Info] [Eco] Загружаем Rooms...  
[10:54:04.366] [9] [ Info] [Eco] Запуск ПлагинЦелей...  
[10:54:04.366] [9] [ Info] [Eco] Загружаем Objectives...  
[10:54:04.389] [9] [ Info] [Eco] Запуск ПлагинСна...  
[10:54:04.391] [9] [ Info] [Eco] Загружаем Sleep...  
[10:54:04.391] [1] [ Info] [Eco] Запуск ПлагинВебСервера...  
[10:54:04.391] [1] [ Info] [Eco] Запуск OtherAliasCategory...  
[10:54:04.391] [6] [ Info] [Eco] Запуск Asphalt...  
[10:54:04.391] [30] [ Info] [Eco] Запуск NidToolboxPlugin...  
[10:54:04.391] [34] [ Info] [Eco] Запуск ПлагинТестовИнтеграции...  
[10:54:04.406] [29] [ Info] [Eco] Запуск DiscordLink...  
[10:54:04.518] [1] [ Info] [Eco] Инициализируем ПлагинПеревода...  
[10:54:04.518] [1] [ Info] [Eco] Инициализируем ПлагинНабораМодификаций...  
[10:54:04.732] [1] [ Info] [Eco] Инициализируем ПлагинГенератораМира...  
[10:54:04.732] [1] [ Info] [Eco] Инициализируем МенеджерПользователей...  
[10:54:04.843] [1] [ Info] [Eco] Инициализируем ПлагинМусора...  
[10:54:04.843] [1] [ Info] [Eco] Инициализируем ПлагинЭкономики...  
[10:54:04.955] [1] [ Info] [Eco] Инициализируем Законодательство...  
[10:54:19.849] [1] [ Info] [Eco] Инициализируем МенеджерСобственности...  
[10:54:19.882] [1] [ Info] [Eco] Инициализируем МенеджерМиникарты...  
[10:54:20.799] [1] [ Info] [Eco] Инициализируем UserTracker...  
[10:54:20.799] [1] [ Info] [Eco] Инициализируем МенеджерМировыхОбъектов...  
[10:54:25.843] [1] [ Info] [Eco] Инициализируем ПлагинКомнат...  
[10:54:28.112] [1] [ Info] [Eco] Инициализируем ПлагинСна...  
[10:54:28.112] [1] [ Info] [Eco] Инициализируем NidToolboxPlugin...  
[10:54:28.112] [1] [ Info] [NidToolbox] Checking declared file: Mods\NidToolbox\Texts\Motd.txt 
[10:54:28.125] [1] [ Info] [NidToolbox] Config file:  Mods\NidToolbox\Texts\Motd.txt exists. 
[10:54:28.125] [1] [ Info] [NidToolbox] Config file:  Mods\NidToolbox\Texts\Motd.txt readable. 
[10:54:28.125] [1] [ Info] [NidToolbox] Checking declared file: Mods\NidToolbox\Texts\Rules.txt 
[10:54:28.125] [1] [ Info] [NidToolbox] Config file:  Mods\NidToolbox\Texts\Rules.txt exists. 
[10:54:28.125] [1] [ Info] [NidToolbox] Config file:  Mods\NidToolbox\Texts\Rules.txt readable. 
[10:54:28.125] [1] [ Info] [NidToolbox] Checking declared file: Mods\NidToolbox\Texts\ServerChangelog.txt 
[10:54:28.125] [1] [ Info] [NidToolbox] Config file:  Mods\NidToolbox\Texts\ServerChangelog.txt exists. 
[10:54:28.141] [1] [ Info] [NidToolbox] Config file:  Mods\NidToolbox\Texts\ServerChangelog.txt readable. 
[10:54:28.240] [1] [ Info] [Eco] Инициализируем DiscordLink...  
[10:54:28.274] [1] [ Info] [Eco] Инициализируем ПлагинМира...  
[10:54:28.274] [1] [ Info] [Eco] Обработка...  
[10:54:32.740] [137] [ Info] [Eco] DISCORDLINK: Connected to Discord.

 
[10:54:32.893] [1] [ Info] [Eco] Сжатие...  
[10:54:33.872] [139] [ Info] [Eco] DISCORDLINK: Connected and Ready
 
[10:54:37.137] [1] [ Info] [Eco] Инициализируем МенеджерСети...  
[10:54:37.392] [1] [ Info] [Eco] Инициализируем МенеджерСлоёвМира...  
[10:54:37.392] [1] [ Info] [Eco] Инициализируем ПлагинВебСервера...  
[10:54:38.242] [1] [ Info] [Eco] Инициализируем ПлагинТестовИнтеграции...  
[10:54:38.251] [1] [ Info] [NidToolbox] OK - Mono not detected, not a Linux environment 
[10:54:38.251] [1] [ Info] [NidToolbox] All commands in config up to date. 
[10:54:38.319] [1] [ Info] [NidToolbox] Running NidToolbox version 1.8.7 
[10:54:38.367] [1] [ Info] [Eco] Server Initialization завершена за 68 792,6мс
 
[11:07:24.857] [33] [ Info] [log] letmeplay invoked admin command '/record' 
[11:30:44.657] [13] [ Info] [Eco] Удалена резервная копия - C:\SteamServers\steamapps\common\Eco Server\Storage\Backup\Game-2020-02-03-11.18.38
 
[11:42:43.897] [25] [ Info] [Eco] Удалена резервная копия - C:\SteamServers\steamapps\common\Eco Server\Storage\Backup\Game-2020-02-03-11.30.38
 
[11:54:41.185] [27] [ Info] [Eco] Удалена резервная копия - C:\SteamServers\steamapps\common\Eco Server\Storage\Backup\Game-2020-02-03-11.42.38
 
[12:06:44.278] [35] [ Info] [Eco] Удалена резервная копия - C:\SteamServers\steamapps\common\Eco Server\Storage\Backup\Game-2020-02-03-11.54.38
 
[12:30:40.645] [15] [ Info] [Eco] Удалена резервная копия - C:\SteamServers\steamapps\common\Eco Server\Storage\Backup\Game-2020-02-03-12.18.38
 
[12:42:40.284] [17] [ Info] [Eco] Удалена резервная копия - C:\SteamServers\steamapps\common\Eco Server\Storage\Backup\Game-2020-02-03-12.30.38
 
[12:54:03.602] [19] [ Info] [log] letmeplay invoked admin command '/save' 
[12:54:03.619] [17] [ Info] [Eco] Сохранение мира...  
[12:54:41.064] [15] [ Info] [Eco] Удалена резервная копия - C:\SteamServers\steamapps\common\Eco Server\Storage\Backup\Game-2020-02-03-12.42.38
 
[12:55:03.005] [1] [ Info] [Eco] Сохранение...
 
[12:55:03.005] [1] [ Info] [Eco] Сохранение мира...  
