[20:15:02.812] [1] [ Info] [Eco] >>> START EcoServer, Version=1.0.0.0, Culture=neutral, PublicKeyToken=null 
[20:15:02.839] [1] [ Info] [Eco] Eco Server 0.8.3.3 beta
 
[20:15:02.919] [1] [ Info] [Eco] Server Initialization...  
[20:15:02.919] [1] [ Info] [Eco] Starting LocalizationPlugin...  
[20:15:03.309] [1] [ Info] [Eco] Запуск ПлагинНабораМодификаций...  
[20:15:03.309] [1] [ Info] [Eco] Загрузка модификаций...  
[20:15:03.603] [1] [ Info] [Eco] Компилирование модификаций...  
[20:15:05.170] [1] [ Info] [Eco] Загружаем 0Harmony...
 
[20:15:05.174] [1] [ Info] [Eco] Загружаем Asphalt-ModKit...
 
[20:15:05.293] [1] [ Info] [Eco] Загружаем DiscordLink_blue...
 
[20:15:05.337] [1] [ Info] [Eco] Загружаем Eco.IntegrationTests...
 
[20:15:05.337] [1] [ Info] [Eco] Загружаем em-base...
 
[20:15:05.337] [1] [ Info] [Eco] Загружаем NoPlayerCredits...
 
[20:15:05.337] [1] [ Info] [Eco] Загружаем em-greenenergy...
 
[20:15:05.345] [1] [ Info] [Eco] Загружаем em-realisticsmelting...
 
[20:15:05.345] [1] [ Info] [Eco] Загружаем em-shippingcontainers...
 
[20:15:05.345] [1] [ Info] [Eco] Загружаем em-tailingspack...
 
[20:15:05.345] [1] [ Info] [Eco] Загружаем em-arches...
 
[20:15:05.345] [1] [ Info] [Eco] Загружаем em-doors...
 
[20:15:05.345] [1] [ Info] [Eco] Загружаем em-dyes...
 
[20:15:05.358] [1] [ Info] [Eco] Загружаем em-homeobjects...
 
[20:15:05.358] [1] [ Info] [Eco] Загружаем em-transportation...
 
[20:15:05.358] [1] [ Info] [Eco] Загружаем em-windows...
 
[20:15:05.374] [1] [ Info] [Eco] Загружаем em-zymology...
 
[20:15:05.374] [1] [ Info] [Eco] Загружаем HPStorage...
 
[20:15:05.374] [1] [ Info] [Eco] Загружаем NidToolbox...
 
[20:15:05.374] [1] [ Info] [Eco] Загрузка модификаций завершена за 2 077,8мс
 
[20:15:05.391] [1] [ Info] [Eco] Запуск МенеджерСети...  
[20:15:05.391] [5] [ Info] [Eco] Инициализация типов симуляции...  
[20:15:05.455] [11] [ Info] [Eco] Запуск ПлагинГенератораМира...  
[20:15:05.455] [17] [ Info] [Eco] Запуск ПлагинРезервногоКопирования...  
[20:15:05.455] [14] [ Info] [Eco] Запуск ПлагинИгровойСтатистики...  
[20:15:05.455] [17] [ Info] [Eco] Запуск МенеджерХранилища...  
[20:15:06.993] [5] [ Info] [Eco] Инициализация предметов...  
[20:15:07.074] [5] [ Info] [NidToolbox] Checking Settings.json 
[20:15:07.074] [5] [ Info] [NidToolbox] Config file: Mods\NidToolbox\Config\Settings.json exists. 
[20:15:07.093] [5] [ Info] [NidToolbox] Json file: Mods\NidToolbox\Config\Settings.json readable and correct. 
[20:15:07.093] [5] [ Info] [NidToolbox] Checking CommandPermissions.json 
[20:15:07.093] [5] [ Info] [NidToolbox] Config file: Mods\NidToolbox\Config\CommandPermissions.json exists. 
[20:15:07.093] [5] [ Info] [NidToolbox] Json file: Mods\NidToolbox\Config\CommandPermissions.json readable and correct. 
[20:15:07.093] [5] [ Info] [NidToolbox] Checking TimerMessages.json 
[20:15:07.093] [5] [ Info] [NidToolbox] Config file: Mods\NidToolbox\Config\TimerMessages.json exists. 
[20:15:07.127] [5] [ Info] [NidToolbox] Json file: Mods\NidToolbox\Config\TimerMessages.json readable and correct. 
[20:15:07.127] [5] [ Info] [NidToolbox] Checking ScheduledMessages.json 
[20:15:07.127] [5] [ Info] [NidToolbox] Config file: Mods\NidToolbox\Config\ScheduledMessages.json exists. 
[20:15:07.127] [5] [ Info] [NidToolbox] Json file: Mods\NidToolbox\Config\ScheduledMessages.json readable and correct. 
[20:15:07.145] [5] [ Info] [NidToolbox] No UserHomes directory, skipping user homes config checks. 
[20:15:08.083] [17] [ Info] [Eco] Запуск Плагин паузы...  
[20:15:08.083] [17] [ Info] [Eco] Загружаем Pause...  
[20:15:10.142] [5] [ Info] [Eco] Инициализация навыков...  
[20:15:10.243] [17] [ Info] [Eco] Запуск БДСтатистики...  
[20:15:10.243] [11] [ Info] [Eco] Запуск ПлагинМира...  
[20:15:10.291] [11] [ Info] [Eco] Загружаем World...  
[20:15:13.397] [11] [ Info] [Eco] Инициализация мира...  
[20:15:14.434] [11] [ Info] [Eco] Запуск ПлагинВремени...  
[20:15:14.434] [11] [ Info] [Eco] Загружаем Time...  
[20:15:14.437] [11] [ Info] [Eco] Запуск ПлагинРепутации...  
[20:15:14.437] [11] [ Info] [Eco] Загружаем Reputation...  
[20:15:14.437] [11] [ Info] [Eco] Запуск МенеджерЖильяИгроков...  
[20:15:14.437] [11] [ Info] [Eco] Запуск МенеджерПользователей...  
[20:15:14.496] [11] [ Info] [Eco] Загружаем Users...  
[20:15:14.642] [11] [ Info] [Eco] Инициализация инвентарей...  
[20:15:14.681] [11] [ Info] [Eco] Запуск МенеджерОбъектовЭко...  
[20:15:14.681] [15] [ Info] [Eco] Запуск ПлагинМусора...  
[20:15:14.687] [12] [ Info] [Eco] Запуск ПлагинУгроз...  
[20:15:14.687] [36] [ Info] [Eco] Запуск НастройкиСложности...  
[20:15:14.687] [11] [ Info] [Eco] Запуск ПлагинЭкономики...  
[20:15:14.687] [10] [ Info] [Eco] Запуск СерверЧата...  
[20:15:14.687] [28] [ Info] [Eco] Запуск МенеджерКонтроллера...  
[20:15:14.687] [15] [ Info] [Eco] Загружаем Garbage...  
[20:15:14.687] [31] [ Info] [Eco] Запуск VoiceManager...  
[20:15:14.703] [11] [ Info] [Eco] Загружаем Economy...  
[20:15:14.869] [12] [ Info] [Eco] Загружаем Disasters...  
[20:15:14.875] [11] [ Info] [Eco] Запуск Законодательство...  
[20:15:14.875] [10] [ Info] [Eco] Загружаем Chat...  
[20:15:14.908] [11] [ Info] [Eco] Загружаем Laws...  
[20:15:14.989] [11] [ Info] [Eco] Запуск МенеджерСобственности...  
[20:15:14.989] [11] [ Info] [Eco] Загружаем Property...  
[20:15:15.049] [11] [ Info] [Eco] Запуск МенеджерМиникарты...  
[20:15:15.049] [11] [ Info] [Eco] Запуск СимуляцияЭко...  
[20:15:15.112] [11] [ Info] [Eco] Загружаем Plants...  
[20:15:17.344] [11] [ Info] [Eco] Инициализация растений...  
[20:15:26.281] [11] [ Info] [Eco] Запуск RouteProbingPlugin...  
[20:15:26.281] [11] [ Info] [Eco] Загружаем RouteProbing...  
[20:15:29.188] [11] [ Info] [Eco] Запуск МенеджерСлоёвМира...  
[20:15:29.188] [11] [ Info] [Eco] Загружаем Layers...  
[20:15:29.802] [11] [ Info] [Eco] Инициализация слоёв мира...  
[20:15:29.802] [11] [ Info] [Eco] Загружаем ClimateSim...  
[20:15:33.362] [11] [ Info] [Eco] Запуск ТрекерЭкономики...  
[20:15:33.362] [11] [ Info] [Eco] Запуск UserTracker...  
[20:15:33.362] [11] [ Info] [Eco] Запуск МенеджерМировыхОбъектов...  
[20:15:33.465] [11] [ Info] [Eco] Загружаем WorldObjects...  
[20:15:33.615] [11] [ Info] [Eco] Запуск ПлагинКомнат...  
[20:15:33.615] [11] [ Info] [Eco] Загружаем Rooms...  
[20:15:33.627] [11] [ Info] [Eco] Запуск ПлагинЦелей...  
[20:15:33.627] [11] [ Info] [Eco] Загружаем Objectives...  
[20:15:33.627] [11] [ Info] [Eco] Запуск ПлагинСна...  
[20:15:33.641] [11] [ Info] [Eco] Загружаем Sleep...  
[20:15:33.641] [1] [ Info] [Eco] Запуск ПлагинВебСервера...  
[20:15:33.641] [1] [ Info] [Eco] Запуск OtherAliasCategory...  
[20:15:33.641] [22] [ Info] [Eco] Запуск Asphalt...  
[20:15:33.641] [13] [ Info] [Eco] Запуск ПлагинТестовИнтеграции...  
[20:15:33.641] [23] [ Info] [Eco] Запуск NoPlayerCreditsPlugin...  
[20:15:33.655] [5] [ Info] [Eco] Запуск DiscordLink...  
[20:15:33.655] [16] [ Info] [Eco] Запуск ChatBase...  
[20:15:33.655] [18] [ Info] [Eco] Запуск NidToolboxPlugin...  
[20:15:33.754] [1] [ Info] [Eco] Инициализируем ПлагинПеревода...  
[20:15:33.754] [1] [ Info] [Eco] Инициализируем ПлагинНабораМодификаций...  
[20:15:34.033] [1] [ Info] [Eco] Инициализируем ПлагинГенератораМира...  
[20:15:34.033] [1] [ Info] [Eco] Инициализируем МенеджерПользователей...  
[20:15:34.075] [1] [ Info] [Eco] Инициализируем ПлагинМусора...  
[20:15:34.085] [1] [ Info] [Eco] Инициализируем ПлагинЭкономики...  
[20:15:34.102] [1] [ Info] [Eco] Инициализируем Законодательство...  
[20:15:34.727] [1] [ Info] [Eco] Инициализируем МенеджерСобственности...  
[20:15:34.738] [1] [ Info] [Eco] Инициализируем МенеджерМиникарты...  
[20:15:35.558] [1] [ Info] [Eco] Инициализируем UserTracker...  
[20:15:35.563] [1] [ Info] [Eco] Инициализируем МенеджерМировыхОбъектов...  
[20:15:35.761] [1] [ Info] [Eco] Инициализируем ПлагинКомнат...  
[20:15:35.892] [1] [ Info] [Eco] Инициализируем ПлагинСна...  
[20:15:35.892] [1] [ Info] [Eco] Инициализируем NidToolboxPlugin...  
[20:15:35.892] [1] [ Info] [NidToolbox] Checking declared file: Mods\NidToolbox\Texts\Motd.txt 
[20:15:35.892] [1] [ Info] [NidToolbox] Config file:  Mods\NidToolbox\Texts\Motd.txt exists. 
[20:15:35.892] [1] [ Info] [NidToolbox] Config file:  Mods\NidToolbox\Texts\Motd.txt readable. 
[20:15:35.892] [1] [ Info] [NidToolbox] Checking declared file: Mods\NidToolbox\Texts\Rules.txt 
[20:15:35.892] [1] [ Info] [NidToolbox] Config file:  Mods\NidToolbox\Texts\Rules.txt exists. 
[20:15:35.906] [1] [ Info] [NidToolbox] Config file:  Mods\NidToolbox\Texts\Rules.txt readable. 
[20:15:35.906] [1] [ Info] [NidToolbox] Checking declared file: Mods\NidToolbox\Texts\ServerChangelog.txt 
[20:15:35.906] [1] [ Info] [NidToolbox] Config file:  Mods\NidToolbox\Texts\ServerChangelog.txt exists. 
[20:15:35.906] [1] [ Info] [NidToolbox] Config file:  Mods\NidToolbox\Texts\ServerChangelog.txt readable. 
[20:15:35.998] [1] [ Info] [Eco] Инициализируем NoPlayerCreditsPlugin...  
[20:15:36.000] [1] [ Info] [Eco] Инициализируем DiscordLink...  
[20:15:36.027] [1] [ Info] [Eco] Инициализируем ПлагинМира...  
[20:15:36.030] [1] [ Info] [Eco] Обработка...  
[20:15:37.011] [1] [ Info] [Eco] Сжатие...  
[20:15:37.306] [138] [ Info] [Eco] DISCORDLINK: Connected to Discord.

 
[20:15:40.554] [1] [ Info] [Eco] Инициализируем МенеджерСети...  
[20:15:40.775] [1] [ Info] [Eco] Инициализируем МенеджерСлоёвМира...  
[20:15:40.775] [1] [ Info] [Eco] Инициализируем ПлагинВебСервера...  
[20:15:41.063] [138] [ Info] [Eco] DISCORDLINK: Connected and Ready
 
[20:15:41.492] [1] [ Info] [Eco] Инициализируем ПлагинТестовИнтеграции...  
[20:15:41.502] [1] [ Info] [NidToolbox] OK - Mono not detected, not a Linux environment 
[20:15:41.502] [1] [ Info] [NidToolbox] All commands in config up to date. 
[20:15:41.582] [1] [ Info] [NidToolbox] Running NidToolbox version 1.8.7 
[20:15:41.601] [1] [ Info] [Eco] Server Initialization завершена за 38 681,0мс
 
[20:24:31.876] [1] [ Info] [Eco] Сохранение...
 
[20:24:31.876] [1] [ Info] [Eco] Сохранение мира...  
[20:24:35.331] [1] [ Info] [Eco] Готово
 
[20:24:35.491] [1] [ Info] [Eco] Выключение завершено
 
