[18:39:28.280] [1] [ Info] [Eco] >>> START EcoServer, Version=1.0.0.0, Culture=neutral, PublicKeyToken=null 
[18:39:28.308] [1] [ Info] [Eco] Eco Server 0.8.3.3 beta
 
[18:39:28.384] [1] [ Info] [Eco] Server Initialization...  
[18:39:28.384] [1] [ Info] [Eco] Starting LocalizationPlugin...  
[18:39:28.995] [1] [ Info] [Eco] Запуск ПлагинНабораМодификаций...  
[18:39:28.995] [1] [ Info] [Eco] Загрузка модификаций...  
[18:39:29.404] [1] [ Info] [Eco] Компилирование модификаций...  
[18:39:31.339] [1] [ Info] [Eco] Загружаем 0Harmony...
 
[18:39:31.344] [1] [ Info] [Eco] Загружаем Asphalt-ModKit...
 
[18:39:31.468] [1] [ Info] [Eco] Загружаем DiscordLink_blue...
 
[18:39:31.521] [1] [ Info] [Eco] Загружаем Eco.IntegrationTests...
 
[18:39:31.521] [1] [ Info] [Eco] Загружаем em-base...
 
[18:39:31.521] [1] [ Info] [Eco] Загружаем NoPlayerCredits...
 
[18:39:31.521] [1] [ Info] [Eco] Загружаем em-greenenergy...
 
[18:39:31.531] [1] [ Info] [Eco] Загружаем em-realisticsmelting...
 
[18:39:31.531] [1] [ Info] [Eco] Загружаем em-shippingcontainers...
 
[18:39:31.531] [1] [ Info] [Eco] Загружаем em-tailingspack...
 
[18:39:31.531] [1] [ Info] [Eco] Загружаем em-arches...
 
[18:39:31.531] [1] [ Info] [Eco] Загружаем em-doors...
 
[18:39:31.531] [1] [ Info] [Eco] Загружаем em-dyes...
 
[18:39:31.546] [1] [ Info] [Eco] Загружаем em-homeobjects...
 
[18:39:31.546] [1] [ Info] [Eco] Загружаем em-transportation...
 
[18:39:31.546] [1] [ Info] [Eco] Загружаем em-windows...
 
[18:39:31.563] [1] [ Info] [Eco] Загружаем em-zymology...
 
[18:39:31.563] [1] [ Info] [Eco] Загружаем HPStorage...
 
[18:39:31.563] [1] [ Info] [Eco] Загружаем NidToolbox...
 
[18:39:31.577] [1] [ Info] [Eco] Загрузка модификаций завершена за 2 580,2мс
 
[18:39:31.577] [1] [ Info] [Eco] Запуск МенеджерСети...  
[18:39:31.577] [8] [ Info] [Eco] Инициализация типов симуляции...  
[18:39:31.640] [13] [ Info] [Eco] Запуск ПлагинГенератораМира...  
[18:39:31.640] [11] [ Info] [Eco] Запуск ПлагинИгровойСтатистики...  
[18:39:31.640] [15] [ Info] [Eco] Запуск ПлагинРезервногоКопирования...  
[18:39:31.640] [15] [ Info] [Eco] Запуск МенеджерХранилища...  
[18:39:33.183] [8] [ Info] [Eco] Инициализация предметов...  
[18:39:33.254] [8] [ Info] [NidToolbox] Checking Settings.json 
[18:39:33.254] [8] [ Info] [NidToolbox] Config file: Mods\NidToolbox\Config\Settings.json exists. 
[18:39:33.254] [8] [ Info] [NidToolbox] Json file: Mods\NidToolbox\Config\Settings.json readable and correct. 
[18:39:33.270] [8] [ Info] [NidToolbox] Checking CommandPermissions.json 
[18:39:33.306] [8] [ Info] [NidToolbox] Config file: Mods\NidToolbox\Config\CommandPermissions.json exists. 
[18:39:33.306] [8] [ Info] [NidToolbox] Json file: Mods\NidToolbox\Config\CommandPermissions.json readable and correct. 
[18:39:33.306] [8] [ Info] [NidToolbox] Checking TimerMessages.json 
[18:39:33.311] [8] [ Info] [NidToolbox] Config file: Mods\NidToolbox\Config\TimerMessages.json exists. 
[18:39:33.311] [8] [ Info] [NidToolbox] Json file: Mods\NidToolbox\Config\TimerMessages.json readable and correct. 
[18:39:33.311] [8] [ Info] [NidToolbox] Checking ScheduledMessages.json 
[18:39:33.311] [8] [ Info] [NidToolbox] Config file: Mods\NidToolbox\Config\ScheduledMessages.json exists. 
[18:39:33.342] [8] [ Info] [NidToolbox] Json file: Mods\NidToolbox\Config\ScheduledMessages.json readable and correct. 
[18:39:33.345] [8] [ Info] [NidToolbox] No UserHomes directory, skipping user homes config checks. 
[18:39:34.296] [15] [ Info] [Eco] Запуск Плагин паузы...  
[18:39:34.296] [15] [ Info] [Eco] Загружаем Pause...  
[18:39:36.371] [8] [ Info] [Eco] Инициализация навыков...  
[18:39:36.484] [16] [ Info] [Eco] Запуск БДСтатистики...  
[18:39:36.484] [7] [ Info] [Eco] Запуск ПлагинМира...  
[18:39:36.541] [7] [ Info] [Eco] Загружаем World...  
[18:39:39.636] [7] [ Info] [Eco] Инициализация мира...  
[18:39:40.632] [7] [ Info] [Eco] Запуск ПлагинВремени...  
[18:39:40.632] [7] [ Info] [Eco] Загружаем Time...  
[18:39:40.632] [7] [ Info] [Eco] Запуск ПлагинРепутации...  
[18:39:40.632] [7] [ Info] [Eco] Загружаем Reputation...  
[18:39:40.653] [7] [ Info] [Eco] Запуск МенеджерЖильяИгроков...  
[18:39:40.653] [7] [ Info] [Eco] Запуск МенеджерПользователей...  
[18:39:40.700] [7] [ Info] [Eco] Загружаем Users...  
[18:39:40.847] [7] [ Info] [Eco] Инициализация инвентарей...  
[18:39:40.888] [7] [ Info] [Eco] Запуск МенеджерОбъектовЭко...  
[18:39:40.893] [7] [ Info] [Eco] Запуск МенеджерКонтроллера...  
[18:39:40.893] [15] [ Info] [Eco] Запуск ПлагинМусора...  
[18:39:40.893] [17] [ Info] [Eco] Запуск VoiceManager...  
[18:39:40.893] [8] [ Info] [Eco] Запуск НастройкиСложности...  
[18:39:40.893] [24] [ Info] [Eco] Запуск ПлагинЭкономики...  
[18:39:40.893] [15] [ Info] [Eco] Загружаем Garbage...  
[18:39:40.893] [29] [ Info] [Eco] Запуск ПлагинУгроз...  
[18:39:40.893] [19] [ Info] [Eco] Запуск СерверЧата...  
[18:39:40.893] [24] [ Info] [Eco] Загружаем Economy...  
[18:39:41.062] [24] [ Info] [Eco] Запуск Законодательство...  
[18:39:41.062] [29] [ Info] [Eco] Загружаем Disasters...  
[18:39:41.062] [19] [ Info] [Eco] Загружаем Chat...  
[18:39:41.099] [24] [ Info] [Eco] Загружаем Laws...  
[18:39:41.177] [24] [ Info] [Eco] Запуск МенеджерСобственности...  
[18:39:41.177] [24] [ Info] [Eco] Загружаем Property...  
[18:39:41.238] [24] [ Info] [Eco] Запуск МенеджерМиникарты...  
[18:39:41.238] [24] [ Info] [Eco] Запуск СимуляцияЭко...  
[18:39:41.307] [24] [ Info] [Eco] Загружаем Plants...  
[18:39:43.474] [24] [ Info] [Eco] Инициализация растений...  
[18:39:53.861] [24] [ Info] [Eco] Запуск RouteProbingPlugin...  
[18:39:53.861] [24] [ Info] [Eco] Загружаем RouteProbing...  
[18:39:57.002] [24] [ Info] [Eco] Запуск МенеджерСлоёвМира...  
[18:39:57.002] [24] [ Info] [Eco] Загружаем Layers...  
[18:39:57.653] [24] [ Info] [Eco] Инициализация слоёв мира...  
[18:39:57.658] [24] [ Info] [Eco] Загружаем ClimateSim...  
[18:40:01.128] [24] [ Info] [Eco] Запуск ТрекерЭкономики...  
[18:40:01.128] [24] [ Info] [Eco] Запуск UserTracker...  
[18:40:01.128] [24] [ Info] [Eco] Запуск МенеджерМировыхОбъектов...  
[18:40:01.247] [24] [ Info] [Eco] Загружаем WorldObjects...  
[18:40:01.363] [24] [ Info] [Eco] Запуск ПлагинКомнат...  
[18:40:01.363] [24] [ Info] [Eco] Загружаем Rooms...  
[18:40:01.377] [24] [ Info] [Eco] Запуск ПлагинЦелей...  
[18:40:01.377] [24] [ Info] [Eco] Загружаем Objectives...  
[18:40:01.390] [24] [ Info] [Eco] Запуск ПлагинСна...  
[18:40:01.390] [24] [ Info] [Eco] Загружаем Sleep...  
[18:40:01.390] [1] [ Info] [Eco] Запуск ПлагинВебСервера...  
[18:40:01.390] [1] [ Info] [Eco] Запуск OtherAliasCategory...  
[18:40:01.390] [27] [ Info] [Eco] Запуск NoPlayerCreditsPlugin...  
[18:40:01.390] [9] [ Info] [Eco] Запуск Asphalt...  
[18:40:01.390] [22] [ Info] [Eco] Запуск NidToolboxPlugin...  
[18:40:01.407] [20] [ Info] [Eco] Запуск DiscordLink...  
[18:40:01.407] [8] [ Info] [Eco] Запуск ChatBase...  
[18:40:01.407] [31] [ Info] [Eco] Запуск ПлагинТестовИнтеграции...  
[18:40:01.495] [1] [ Info] [Eco] Инициализируем ПлагинПеревода...  
[18:40:01.499] [1] [ Info] [Eco] Инициализируем ПлагинНабораМодификаций...  
[18:40:01.781] [1] [ Info] [Eco] Инициализируем ПлагинГенератораМира...  
[18:40:01.781] [1] [ Info] [Eco] Инициализируем МенеджерПользователей...  
[18:40:01.827] [1] [ Info] [Eco] Инициализируем ПлагинМусора...  
[18:40:01.827] [1] [ Info] [Eco] Инициализируем ПлагинЭкономики...  
[18:40:01.861] [1] [ Info] [Eco] Инициализируем Законодательство...  
[18:40:02.597] [1] [ Info] [Eco] Инициализируем МенеджерСобственности...  
[18:40:02.609] [1] [ Info] [Eco] Инициализируем МенеджерМиникарты...  
[18:40:04.001] [1] [ Info] [Eco] Инициализируем UserTracker...  
[18:40:04.001] [1] [ Info] [Eco] Инициализируем МенеджерМировыхОбъектов...  
[18:40:04.256] [1] [ Info] [Eco] Инициализируем ПлагинКомнат...  
[18:40:04.382] [1] [ Info] [Eco] Инициализируем ПлагинСна...  
[18:40:04.382] [1] [ Info] [Eco] Инициализируем NidToolboxPlugin...  
[18:40:04.400] [1] [ Info] [NidToolbox] Checking declared file: Mods\NidToolbox\Texts\Motd.txt 
[18:40:04.400] [1] [ Info] [NidToolbox] Config file:  Mods\NidToolbox\Texts\Motd.txt exists. 
[18:40:04.400] [1] [ Info] [NidToolbox] Config file:  Mods\NidToolbox\Texts\Motd.txt readable. 
[18:40:04.400] [1] [ Info] [NidToolbox] Checking declared file: Mods\NidToolbox\Texts\Rules.txt 
[18:40:04.407] [1] [ Info] [NidToolbox] Config file:  Mods\NidToolbox\Texts\Rules.txt exists. 
[18:40:04.407] [1] [ Info] [NidToolbox] Config file:  Mods\NidToolbox\Texts\Rules.txt readable. 
[18:40:04.407] [1] [ Info] [NidToolbox] Checking declared file: Mods\NidToolbox\Texts\ServerChangelog.txt 
[18:40:04.407] [1] [ Info] [NidToolbox] Config file:  Mods\NidToolbox\Texts\ServerChangelog.txt exists. 
[18:40:04.407] [1] [ Info] [NidToolbox] Config file:  Mods\NidToolbox\Texts\ServerChangelog.txt readable. 
[18:40:04.504] [1] [ Info] [Eco] Инициализируем NoPlayerCreditsPlugin...  
[18:40:04.504] [1] [ Info] [Eco] Инициализируем DiscordLink...  
[18:40:04.546] [1] [ Info] [Eco] Инициализируем ПлагинМира...  
[18:40:04.546] [1] [ Info] [Eco] Обработка...  
[18:40:05.728] [1] [ Info] [Eco] Сжатие...  
[18:40:09.222] [1] [ Info] [Eco] Инициализируем МенеджерСети...  
[18:40:09.250] [141] [ Info] [Eco] DISCORDLINK: Connected to Discord.

 
[18:40:09.457] [1] [ Info] [Eco] Инициализируем МенеджерСлоёвМира...  
[18:40:09.457] [1] [ Info] [Eco] Инициализируем ПлагинВебСервера...  
[18:40:09.993] [138] [ Info] [Eco] DISCORDLINK: Connected and Ready
 
[18:40:10.347] [1] [ Info] [Eco] Инициализируем ПлагинТестовИнтеграции...  
[18:40:10.347] [1] [ Info] [NidToolbox] OK - Mono not detected, not a Linux environment 
[18:40:10.347] [1] [ Info] [NidToolbox] All commands in config up to date. 
[18:40:10.442] [1] [ Info] [NidToolbox] Running NidToolbox version 1.8.7 
[18:40:10.477] [1] [ Info] [Eco] Server Initialization завершена за 42 079,2мс
 
[18:48:23.257] [180] [ Info] [log] Dark Avenger invoked admin command '/eat' 
[18:49:00.369] [180] [ Info] [log] Dark Avenger invoked admin command '/dump' 
[18:49:11.089] [180] [ Info] [log] Dark Avenger invoked admin command '/givealltools 0' 
[18:49:48.950] [180] [ Info] [log] Dark Avenger invoked admin command '/fly' 
[18:49:56.129] [180] [ Info] [log] Dark Avenger invoked admin command '/fly' 
[19:10:11.021] [9] [ Info] [Eco] Удалена резервная копия - D:/EcoBackup/Storage\Backup\Game-2020-02-22-03.16.33
 
[19:10:15.488] [180] [ Info] [log] Dark Avenger invoked admin command '/fly' 
[19:16:08.190] [180] [ Info] [log] Dark Avenger invoked admin command '/give деревянная табличка из тёсанх брёвен' 
[19:16:58.833] [180] [ Info] [log] Dark Avenger invoked admin command '/give большая табличка из тёсанных брёвен' 
[19:22:04.551] [174] [ Info] [log] Dark Avenger invoked admin command '/fly' 
[19:40:10.594] [9] [ Info] [Eco] Удалена резервная копия - D:/EcoBackup/Storage\Backup\Game-2020-02-23-02.57.30
 
[20:10:10.618] [7] [ Info] [Eco] Удалена резервная копия - D:/EcoBackup/Storage\Backup\Game-2020-02-22-04.16.33
 
[20:40:10.619] [28] [ Info] [Eco] Удалена резервная копия - D:/EcoBackup/Storage\Backup\Game-2020-02-23-19.40.10
 
[21:10:10.620] [36] [ Info] [Eco] Удалена резервная копия - D:/EcoBackup/Storage\Backup\Game-2020-02-22-05.16.33
 
[21:40:10.989] [28] [ Info] [Eco] Удалена резервная копия - D:/EcoBackup/Storage\Backup\Game-2020-02-23-20.40.10
 
[22:10:10.631] [34] [ Info] [Eco] Удалена резервная копия - D:/EcoBackup/Storage\Backup\Game-2020-02-22-06.16.33
 
[22:40:11.010] [24] [ Info] [Eco] Удалена резервная копия - D:/EcoBackup/Storage\Backup\Game-2020-02-23-21.40.10
 
[23:10:11.022] [20] [ Info] [Eco] Удалена резервная копия - D:/EcoBackup/Storage\Backup\Game-2020-02-22-07.16.33
 
[23:22:10.454] [35] [ Info] [log] Dark Avenger invoked admin command '/eat' 
[23:22:20.121] [35] [ Info] [log] Dark Avenger invoked admin command '/fly' 
[23:22:27.774] [35] [ Info] [log] Dark Avenger invoked admin command '/fly' 
[23:28:23.355] [35] [ Info] [log] Dark Avenger invoked admin command '/give' 
[23:28:56.004] [35] [ Info] [log] Dark Avenger invoked admin command '/give Бочка для бражения' 
[23:29:00.207] [35] [ Info] [log] Dark Avenger invoked admin command '/give Бочка для брожения' 
[23:39:44.975] [35] [ Info] [log] Dark Avenger invoked admin command '/fly' 
[23:40:10.652] [26] [ Info] [Eco] Удалена резервная копия - D:/EcoBackup/Storage\Backup\Game-2020-02-23-22.40.10
 
[00:10:11.020] [9] [ Info] [Eco] Удалена резервная копия - D:/EcoBackup/Storage\Backup\Game-2020-02-22-08.16.34
 
[00:10:11.020] [9] [ Info] [Eco] Удалена резервная копия - D:/EcoBackup/Storage\Backup\Game-2020-02-21-00.24.18
 
