[04:50:38.105] [1] [ Info] [Eco] >>> START EcoServer, Version=1.0.0.0, Culture=neutral, PublicKeyToken=null 
[04:50:38.132] [1] [ Info] [Eco] Eco Server 0.8.3.3 beta
 
[04:50:38.204] [1] [ Info] [Eco] Server Initialization...  
[04:50:38.204] [1] [ Info] [Eco] Starting LocalizationPlugin...  
[04:50:38.583] [1] [ Info] [Eco] Запуск ПлагинНабораМодификаций...  
[04:50:38.583] [1] [ Info] [Eco] Загрузка модификаций...  
[04:50:38.852] [1] [ Info] [Eco] Компилирование модификаций...  
[04:50:40.329] [1] [ Info] [Eco] Загружаем 0Harmony...
 
[04:50:40.333] [1] [ Info] [Eco] Загружаем Asphalt-ModKit...
 
[04:50:40.452] [1] [ Info] [Eco] Загружаем DiscordLink_blue...
 
[04:50:40.497] [1] [ Info] [Eco] Загружаем Eco.IntegrationTests...
 
[04:50:40.497] [1] [ Info] [Eco] Загружаем em-base...
 
[04:50:40.497] [1] [ Info] [Eco] Загружаем NoPlayerCredits...
 
[04:50:40.497] [1] [ Info] [Eco] Загружаем em-greenenergy...
 
[04:50:40.506] [1] [ Info] [Eco] Загружаем em-realisticsmelting...
 
[04:50:40.506] [1] [ Info] [Eco] Загружаем em-shippingcontainers...
 
[04:50:40.506] [1] [ Info] [Eco] Загружаем em-tailingspack...
 
[04:50:40.506] [1] [ Info] [Eco] Загружаем em-arches...
 
[04:50:40.532] [1] [ Info] [Eco] Загружаем em-doors...
 
[04:50:40.535] [1] [ Info] [Eco] Загружаем em-dyes...
 
[04:50:40.535] [1] [ Info] [Eco] Загружаем em-homeobjects...
 
[04:50:40.535] [1] [ Info] [Eco] Загружаем em-transportation...
 
[04:50:40.535] [1] [ Info] [Eco] Загружаем em-windows...
 
[04:50:40.554] [1] [ Info] [Eco] Загружаем em-zymology...
 
[04:50:40.554] [1] [ Info] [Eco] Загружаем NidToolbox...
 
[04:50:40.554] [1] [ Info] [Eco] Загрузка модификаций завершена за 1 979,5мс
 
[04:50:40.554] [1] [ Info] [Eco] Запуск МенеджерСети...  
[04:50:40.571] [7] [ Info] [Eco] Инициализация типов симуляции...  
[04:50:40.627] [6] [ Info] [Eco] Запуск ПлагинГенератораМира...  
[04:50:40.627] [16] [ Info] [Eco] Запуск ПлагинИгровойСтатистики...  
[04:50:40.627] [14] [ Info] [Eco] Запуск ПлагинРезервногоКопирования...  
[04:50:40.638] [14] [ Info] [Eco] Запуск МенеджерХранилища...  
[04:50:42.155] [7] [ Info] [Eco] Инициализация предметов...  
[04:50:42.224] [7] [ Info] [NidToolbox] Checking Settings.json 
[04:50:42.224] [7] [ Info] [NidToolbox] Config file: Mods\NidToolbox\Config\Settings.json exists. 
[04:50:42.224] [7] [ Info] [NidToolbox] Json file: Mods\NidToolbox\Config\Settings.json readable and correct. 
[04:50:42.224] [7] [ Info] [NidToolbox] Checking CommandPermissions.json 
[04:50:42.224] [7] [ Info] [NidToolbox] Config file: Mods\NidToolbox\Config\CommandPermissions.json exists. 
[04:50:42.224] [7] [ Info] [NidToolbox] Json file: Mods\NidToolbox\Config\CommandPermissions.json readable and correct. 
[04:50:42.224] [7] [ Info] [NidToolbox] Checking TimerMessages.json 
[04:50:42.224] [7] [ Info] [NidToolbox] Config file: Mods\NidToolbox\Config\TimerMessages.json exists. 
[04:50:42.239] [7] [ Info] [NidToolbox] Json file: Mods\NidToolbox\Config\TimerMessages.json readable and correct. 
[04:50:42.239] [7] [ Info] [NidToolbox] Checking ScheduledMessages.json 
[04:50:42.269] [7] [ Info] [NidToolbox] Config file: Mods\NidToolbox\Config\ScheduledMessages.json exists. 
[04:50:42.270] [7] [ Info] [NidToolbox] Json file: Mods\NidToolbox\Config\ScheduledMessages.json readable and correct. 
[04:50:42.270] [7] [ Info] [NidToolbox] No UserHomes directory, skipping user homes config checks. 
[04:50:43.244] [14] [ Info] [Eco] Запуск Плагин паузы...  
[04:50:43.244] [14] [ Info] [Eco] Загружаем Pause...  
[04:50:45.394] [7] [ Info] [Eco] Инициализация навыков...  
[04:50:45.491] [6] [ Info] [Eco] Запуск БДСтатистики...  
[04:50:45.491] [15] [ Info] [Eco] Запуск ПлагинМира...  
[04:50:45.546] [15] [ Info] [Eco] Загружаем World...  
[04:50:49.646] [15] [ Info] [Eco] Инициализация мира...  
[04:50:50.033] [15] [ Info] [Eco] Запуск ПлагинВремени...  
[04:50:50.033] [15] [ Info] [Eco] Загружаем Time...  
[04:50:50.033] [15] [ Info] [Eco] Запуск ПлагинРепутации...  
[04:50:50.036] [15] [ Info] [Eco] Загружаем Reputation...  
[04:50:50.036] [15] [ Info] [Eco] Запуск МенеджерЖильяИгроков...  
[04:50:50.036] [15] [ Info] [Eco] Запуск МенеджерПользователей...  
[04:50:50.084] [15] [ Info] [Eco] Загружаем Users...  
[04:50:50.211] [15] [ Info] [Eco] Инициализация инвентарей...  
[04:50:50.250] [15] [ Info] [Eco] Запуск МенеджерОбъектовЭко...  
[04:50:50.254] [15] [ Info] [Eco] Запуск МенеджерКонтроллера...  
[04:50:50.254] [5] [ Info] [Eco] Запуск VoiceManager...  
[04:50:50.254] [14] [ Info] [Eco] Запуск ПлагинЭкономики...  
[04:50:50.254] [13] [ Info] [Eco] Запуск ПлагинМусора...  
[04:50:50.254] [18] [ Info] [Eco] Запуск ПлагинУгроз...  
[04:50:50.254] [14] [ Info] [Eco] Загружаем Economy...  
[04:50:50.254] [23] [ Info] [Eco] Запуск НастройкиСложности...  
[04:50:50.254] [10] [ Info] [Eco] Запуск СерверЧата...  
[04:50:50.344] [13] [ Info] [Eco] Загружаем Garbage...  
[04:50:50.344] [14] [ Info] [Eco] Запуск Законодательство...  
[04:50:50.362] [18] [ Info] [Eco] Загружаем Disasters...  
[04:50:50.415] [10] [ Info] [Eco] Загружаем Chat...  
[04:50:50.429] [14] [ Info] [Eco] Загружаем Laws...  
[04:50:50.483] [14] [ Info] [Eco] Запуск МенеджерСобственности...  
[04:50:50.483] [14] [ Info] [Eco] Загружаем Property...  
[04:50:50.538] [14] [ Info] [Eco] Запуск МенеджерМиникарты...  
[04:50:50.538] [14] [ Info] [Eco] Запуск СимуляцияЭко...  
[04:50:50.604] [14] [ Info] [Eco] Загружаем Plants...  
[04:50:52.484] [14] [ Info] [Eco] Инициализация растений...  
[04:50:59.849] [14] [ Info] [Eco] Запуск RouteProbingPlugin...  
[04:50:59.849] [14] [ Info] [Eco] Загружаем RouteProbing...  
[04:51:03.127] [14] [ Info] [Eco] Запуск МенеджерСлоёвМира...  
[04:51:03.131] [14] [ Info] [Eco] Загружаем Layers...  
[04:51:03.703] [14] [ Info] [Eco] Инициализация слоёв мира...  
[04:51:03.709] [14] [ Info] [Eco] Загружаем ClimateSim...  
[04:51:06.770] [14] [ Info] [Eco] Запуск ТрекерЭкономики...  
[04:51:06.770] [14] [ Info] [Eco] Запуск UserTracker...  
[04:51:06.770] [14] [ Info] [Eco] Запуск МенеджерМировыхОбъектов...  
[04:51:06.921] [14] [ Info] [Eco] Загружаем WorldObjects...  
[04:51:07.076] [14] [ Info] [Eco] Запуск ПлагинКомнат...  
[04:51:07.076] [14] [ Info] [Eco] Загружаем Rooms...  
[04:51:07.100] [14] [ Info] [Eco] Запуск ПлагинЦелей...  
[04:51:07.100] [14] [ Info] [Eco] Загружаем Objectives...  
[04:51:07.124] [14] [ Info] [Eco] Запуск ПлагинСна...  
[04:51:07.124] [14] [ Info] [Eco] Загружаем Sleep...  
[04:51:07.131] [1] [ Info] [Eco] Запуск ПлагинВебСервера...  
[04:51:07.131] [1] [ Info] [Eco] Запуск OtherAliasCategory...  
[04:51:07.145] [28] [ Info] [Eco] Запуск NidToolboxPlugin...  
[04:51:07.145] [5] [ Info] [Eco] Запуск ПлагинТестовИнтеграции...  
[04:51:07.145] [33] [ Info] [Eco] Запуск NoPlayerCreditsPlugin...  
[04:51:07.145] [23] [ Info] [Eco] Запуск Asphalt...  
[04:51:07.145] [8] [ Info] [Eco] Запуск DiscordLink...  
[04:51:07.145] [15] [ Info] [Eco] Запуск ChatBase...  
[04:51:07.289] [1] [ Info] [Eco] Инициализируем ПлагинПеревода...  
[04:51:07.289] [1] [ Info] [Eco] Инициализируем ПлагинНабораМодификаций...  
[04:51:08.647] [1] [ Info] [Eco] Инициализируем ПлагинГенератораМира...  
[04:51:08.647] [1] [ Info] [Eco] Инициализируем МенеджерПользователей...  
[04:51:08.687] [1] [ Info] [Eco] Инициализируем ПлагинЭкономики...  
[04:51:08.698] [1] [ Info] [Eco] Инициализируем ПлагинМусора...  
[04:51:08.698] [1] [ Info] [Eco] Инициализируем Законодательство...  
[04:51:09.182] [1] [ Info] [Eco] Инициализируем МенеджерСобственности...  
[04:51:09.193] [1] [ Info] [Eco] Инициализируем МенеджерМиникарты...  
[04:51:10.127] [1] [ Info] [Eco] Инициализируем UserTracker...  
[04:51:10.135] [1] [ Info] [Eco] Инициализируем МенеджерМировыхОбъектов...  
[04:51:10.401] [1] [ Info] [Eco] Инициализируем ПлагинКомнат...  
[04:51:10.499] [1] [ Info] [Eco] Инициализируем ПлагинСна...  
[04:51:10.499] [1] [ Info] [Eco] Инициализируем NidToolboxPlugin...  
[04:51:10.510] [1] [ Info] [NidToolbox] Checking declared file: Mods\NidToolbox\Texts\Motd.txt 
[04:51:10.510] [1] [ Info] [NidToolbox] Config file:  Mods\NidToolbox\Texts\Motd.txt exists. 
[04:51:10.510] [1] [ Info] [NidToolbox] Config file:  Mods\NidToolbox\Texts\Motd.txt readable. 
[04:51:10.510] [1] [ Info] [NidToolbox] Checking declared file: Mods\NidToolbox\Texts\Rules.txt 
[04:51:10.510] [1] [ Info] [NidToolbox] Config file:  Mods\NidToolbox\Texts\Rules.txt exists. 
[04:51:10.510] [1] [ Info] [NidToolbox] Config file:  Mods\NidToolbox\Texts\Rules.txt readable. 
[04:51:10.510] [1] [ Info] [NidToolbox] Checking declared file: Mods\NidToolbox\Texts\ServerChangelog.txt 
[04:51:10.510] [1] [ Info] [NidToolbox] Config file:  Mods\NidToolbox\Texts\ServerChangelog.txt exists. 
[04:51:10.520] [1] [ Info] [NidToolbox] Config file:  Mods\NidToolbox\Texts\ServerChangelog.txt readable. 
[04:51:10.652] [1] [ Info] [Eco] Инициализируем NoPlayerCreditsPlugin...  
[04:51:10.652] [1] [ Info] [Eco] Инициализируем DiscordLink...  
[04:51:10.693] [1] [ Info] [Eco] Инициализируем ПлагинМира...  
[04:51:10.693] [1] [ Info] [Eco] Обработка...  
[04:51:20.495] [143] [ Info] [Eco] DISCORDLINK: Connected to Discord.

 
[04:51:20.962] [1] [ Info] [Eco] Сжатие...  
[04:51:21.428] [145] [ Info] [Eco] DISCORDLINK: Connected and Ready
 
[04:51:26.121] [1] [ Info] [Eco] Инициализируем МенеджерСети...  
[04:51:26.385] [1] [ Info] [Eco] Инициализируем МенеджерСлоёвМира...  
[04:51:26.385] [1] [ Info] [Eco] Инициализируем ПлагинВебСервера...  
[04:51:27.244] [1] [ Info] [Eco] Инициализируем ПлагинТестовИнтеграции...  
[04:51:27.244] [1] [ Info] [NidToolbox] OK - Mono not detected, not a Linux environment 
[04:51:27.254] [1] [ Info] [NidToolbox] All commands in config up to date. 
[04:51:27.320] [1] [ Info] [NidToolbox] Running NidToolbox version 1.8.7 
[04:51:27.349] [1] [ Info] [Eco] Server Initialization завершена за 49 144,1мс
 
[04:51:52.920] [172] [ Info] [log] letmeplay invoked admin command '/fly' 
[04:52:49.198] [184] [ Info] [log] AmeriQ invoked admin command '/fly' 
[04:53:37.287] [184] [ Info] [log] AmeriQ invoked admin command '/fly' 
[04:54:06.781] [184] [ Info] [log] AmeriQ invoked admin command '/fly' 
[04:54:11.292] [172] [ Info] [log] letmeplay invoked admin command '/fly' 
[04:54:22.723] [184] [ Info] [log] AmeriQ invoked admin command '/give hammer' 
[04:54:40.733] [184] [ Info] [log] AmeriQ invoked admin command '/givealltools 0' 
[04:54:47.780] [184] [ Info] [log] AmeriQ invoked admin command '/give железобетон' 
[04:55:21.390] [184] [ Info] [log] AmeriQ invoked admin command '/eat' 
[05:09:39.837] [184] [ Info] [log] AmeriQ invoked admin command '/give torch' 
[05:10:09.010] [184] [ Info] [log] AmeriQ invoked admin command '/give torch stand' 
[05:10:25.167] [172] [ Info] [log] letmeplay invoked admin command '/give казна' 
[05:10:58.060] [184] [ Info] [log] AmeriQ invoked admin command '/give железобетон' 
[05:13:37.390] [172] [ Info] [log] letmeplay invoked admin command '/leader letmeplay' 
[05:15:11.568] [184] [ Info] [log] AmeriQ invoked admin command '/fly' 
[05:15:47.076] [184] [ Info] [log] AmeriQ invoked admin command '/fly' 
[05:17:03.167] [172] [ Info] [log] letmeplay invoked admin command '/give казна' 
[05:19:27.486] [184] [ Info] [log] AmeriQ invoked admin command '/rmcurrency E-Coin' 
[05:19:57.388] [184] [ Info] [log] AmeriQ invoked admin command '/dump' 
[05:20:03.616] [172] [ Info] [log] letmeplay invoked admin command '/give казна' 
[05:20:54.891] [172] [ Info] [log] letmeplay invoked admin command '/dump' 
[05:21:29.021] [7] [ Info] [Eco] Удалена резервная копия - D:/EcoBackup/Storage\Backup\Game-2020-02-15-02.15.42
 
[05:21:38.787] [172] [ Info] [log] letmeplay invoked admin command '/dump' 
[05:21:45.021] [172] [ Info] [log] letmeplay invoked admin command '/save' 
[05:21:45.021] [10] [ Info] [Eco] Сохранение мира...  
[05:22:04.196] [1] [ Info] [Eco] Сохранение...
 
[05:22:04.196] [1] [ Info] [Eco] Сохранение мира...  
[05:22:07.776] [1] [ Info] [Eco] Готово
 
[05:22:07.963] [1] [ Info] [Eco] Выключение завершено
 
