[20:03:01.586] [1] [ Info] [Eco] >>> START EcoServer, Version=1.0.0.0, Culture=neutral, PublicKeyToken=null 
[20:03:01.615] [1] [ Info] [Eco] Eco Server 0.8.3.2 beta
 
[20:03:01.688] [1] [ Info] [Eco] Server Initialization...  
[20:03:01.688] [1] [ Info] [Eco] Starting LocalizationPlugin...  
[20:03:02.051] [1] [ Info] [Eco] Запуск ПлагинНабораМодификаций...  
[20:03:02.051] [1] [ Info] [Eco] Загрузка модификаций...  
[20:03:02.145] [1] [ Info] [Eco] Компилирование модификаций...  
[20:03:03.644] [1] [ Info] [Eco] Загружаем 0Harmony...
 
[20:03:03.644] [1] [ Info] [Eco] Загружаем Asphalt-ModKit...
 
[20:03:03.770] [1] [ Info] [Eco] Загружаем Eco.IntegrationTests...
 
[20:03:03.770] [1] [ Info] [Eco] Загружаем DiscordLinkUnified...
 
[20:03:03.836] [1] [ Info] [Eco] Загрузка модификаций завершена за 1 781,8мс
 
[20:03:03.836] [1] [ Info] [Eco] Запуск МенеджерСети...  
[20:03:03.853] [5] [ Info] [Eco] Инициализация типов симуляции...  
[20:03:03.921] [15] [ Info] [Eco] Запуск ПлагинГенератораМира...  
[20:03:03.921] [7] [ Info] [Eco] Запуск ПлагинИгровойСтатистики...  
[20:03:03.921] [13] [ Info] [Eco] Запуск ПлагинРезервногоКопирования...  
[20:03:04.393] [1] [ Info] [Eco] Server Initialization завершена за 2 704,7мс
 
[20:03:04.393] [1] [ Info] [Eco] Failed to load server, Exception was Exception: JsonReaderException
Message:Invalid JavaScript property identifier character: ,. Path 'BackupFrequencyInHours', line 7, position 31.
Source:Newtonsoft.Json

Newtonsoft.Json.JsonReaderException: Invalid JavaScript property identifier character: ,. Path 'BackupFrequencyInHours', line 7, position 31.
   at Newtonsoft.Json.JsonTextReader.ReadUnquotedPropertyReportIfDone(Char currentChar, Int32 initialPosition)
   at Newtonsoft.Json.JsonTextReader.ParseUnquotedProperty()
   at Newtonsoft.Json.JsonTextReader.ParseProperty()
   at Newtonsoft.Json.Serialization.JsonSerializerInternalReader.PopulateObject(Object newObject, JsonReader reader, JsonObjectContract contract, JsonProperty member, String id)
   at Newtonsoft.Json.Serialization.JsonSerializerInternalReader.CreateObject(JsonReader reader, Type objectType, JsonContract contract, JsonProperty member, JsonContainerContract containerContract, JsonProperty containerMember, Object existingValue)
   at Newtonsoft.Json.Serialization.JsonSerializerInternalReader.Deserialize(JsonReader reader, Type objectType, Boolean checkAdditionalContent)
   at Newtonsoft.Json.JsonSerializer.DeserializeInternal(JsonReader reader, Type objectType)
   at Newtonsoft.Json.JsonConvert.DeserializeObject(String value, Type type, JsonSerializerSettings settings)
   at Newtonsoft.Json.JsonConvert.DeserializeObject[T](String value, JsonSerializerSettings settings)
   at Eco.Core.Plugins.PluginConfig`1.Load(String filename)
   at Eco.Core.Backup.BackupPlugin..ctor()
 
[20:03:04.563] [5] [ Info] [Eco] Инициализация предметов...  
[20:03:06.765] [5] [ Info] [Eco] Инициализация навыков...  
