[13:05:44.883] [1] [ Info] [Eco] >>> START EcoServer, Version=1.0.0.0, Culture=neutral, PublicKeyToken=null 
[13:05:44.917] [1] [ Info] [Eco] Eco Server 0.8.3.2 beta
 
[13:05:45.047] [1] [ Info] [Eco] Server Initialization...  
[13:05:45.047] [1] [ Info] [Eco] Starting LocalizationPlugin...  
[13:05:45.549] [1] [ Info] [Eco] Запуск ПлагинНабораМодификаций...  
[13:05:45.549] [1] [ Info] [Eco] Загрузка модификаций...  
[13:05:45.682] [1] [ Info] [Eco] Компилирование модификаций...  
[13:05:47.699] [1] [ Info] [Eco] Загружаем 0Harmony...
 
[13:05:47.704] [1] [ Info] [Eco] Загружаем Asphalt-ModKit...
 
[13:05:47.864] [1] [ Info] [Eco] Загружаем Eco.IntegrationTests...
 
[13:05:47.864] [1] [ Info] [Eco] Загружаем DiscordLinkUnified...
 
[13:05:47.935] [1] [ Info] [Eco] Загружаем EcoStory...
 
[13:05:47.935] [1] [ Info] [Eco] Загрузка модификаций завершена за 2 392,6мс
 
[13:05:47.935] [1] [ Info] [Eco] Запуск МенеджерСети...  
[13:05:47.955] [7] [ Info] [Eco] Инициализация типов симуляции...  
[13:05:48.026] [17] [ Info] [Eco] Запуск ПлагинРезервногоКопирования...  
[13:05:48.026] [16] [ Info] [Eco] Запуск ПлагинГенератораМира...  
[13:05:48.034] [11] [ Info] [Eco] Запуск ПлагинИгровойСтатистики...  
[13:05:48.034] [17] [ Info] [Eco] Запуск МенеджерХранилища...  
[13:05:48.773] [17] [ Info] [Eco] Обнаружено повреждение в D:/EcoBackup/Storage\Game.eco! Ошибка: End of Central Directory record could not be found.
 
[13:05:48.886] [17] [ Info] [Eco] Восстановление резервной копии 'D:/EcoBackup/Storage\Backup\Game-2020-02-05-12.34.28'...
 
[13:05:49.148] [7] [ Info] [Eco] Инициализация предметов...  
[13:05:49.216] [7] [ Info] [NidToolbox] Checking Settings.json 
[13:05:49.216] [7] [ Info] [NidToolbox] Config file: Mods\NidToolbox\Config\Settings.json exists. 
[13:05:49.216] [7] [ Info] [NidToolbox] Json file: Mods\NidToolbox\Config\Settings.json readable and correct. 
[13:05:49.216] [7] [ Info] [NidToolbox] Checking CommandPermissions.json 
[13:05:49.216] [7] [ Info] [NidToolbox] Config file: Mods\NidToolbox\Config\CommandPermissions.json exists. 
[13:05:49.216] [7] [ Info] [NidToolbox] Json file: Mods\NidToolbox\Config\CommandPermissions.json readable and correct. 
[13:05:49.216] [7] [ Info] [NidToolbox] Checking TimerMessages.json 
[13:05:49.216] [7] [ Info] [NidToolbox] Config file: Mods\NidToolbox\Config\TimerMessages.json exists. 
[13:05:49.216] [7] [ Info] [NidToolbox] Json file: Mods\NidToolbox\Config\TimerMessages.json readable and correct. 
[13:05:49.216] [7] [ Info] [NidToolbox] Checking ScheduledMessages.json 
[13:05:49.216] [7] [ Info] [NidToolbox] Config file: Mods\NidToolbox\Config\ScheduledMessages.json exists. 
[13:05:49.232] [7] [ Info] [NidToolbox] Json file: Mods\NidToolbox\Config\ScheduledMessages.json readable and correct. 
[13:05:49.232] [7] [ Info] [NidToolbox] No UserHomes directory, skipping user homes config checks. 
[13:05:51.618] [7] [ Info] [Eco] Инициализация навыков...  
[13:06:34.312] [17] [ Info] [Eco] Запуск Плагин паузы...  
[13:06:34.312] [17] [ Info] [Eco] Загружаем Pause...  
[13:06:34.335] [10] [ Info] [Eco] Запуск БДСтатистики...  
[13:06:34.335] [16] [ Info] [Eco] Запуск ПлагинМира...  
[13:06:34.383] [16] [ Info] [Eco] Загружаем World...  
[13:06:37.796] [16] [ Info] [Eco] Инициализация мира...  
[13:06:39.417] [16] [ Info] [Eco] Запуск ПлагинВремени...  
[13:06:39.420] [16] [ Info] [Eco] Загружаем Time...  
[13:06:39.420] [16] [ Info] [Eco] Запуск ПлагинРепутации...  
[13:06:39.420] [16] [ Info] [Eco] Загружаем Reputation...  
[13:06:39.445] [16] [ Info] [Eco] Запуск МенеджерЖильяИгроков...  
[13:06:39.445] [16] [ Info] [Eco] Запуск МенеджерПользователей...  
[13:06:39.496] [16] [ Info] [Eco] Загружаем Users...  
[13:06:39.814] [16] [ Info] [Eco] Инициализация инвентарей...  
[13:06:39.859] [16] [ Info] [Eco] Запуск МенеджерОбъектовЭко...  
[13:06:39.859] [16] [ Info] [Eco] Загружаем Objects...  
[13:06:40.194] [31] [ Info] [Eco] Запуск ПлагинМусора...  
[13:06:40.194] [12] [ Info] [Eco] Запуск VoiceManager...  
[13:06:40.194] [20] [ Info] [Eco] Запуск НастройкиСложности...  
[13:06:40.194] [24] [ Info] [Eco] Запуск ПлагинУгроз...  
[13:06:40.194] [26] [ Info] [Eco] Запуск МенеджерКонтроллера...  
[13:06:40.194] [9] [ Info] [Eco] Запуск ПлагинЭкономики...  
[13:06:40.194] [31] [ Info] [Eco] Загружаем Garbage...  
[13:06:40.201] [15] [ Info] [Eco] Запуск СерверЧата...  
[13:06:40.201] [9] [ Info] [Eco] Загружаем Economy...  
[13:06:40.707] [9] [ Info] [Eco] Запуск Законодательство...  
[13:06:40.707] [24] [ Info] [Eco] Загружаем Disasters...  
[13:06:40.707] [15] [ Info] [Eco] Загружаем Chat...  
[13:06:45.251] [9] [ Info] [Eco] Загружаем Laws...  
[13:06:45.371] [9] [ Info] [Eco] Запуск МенеджерСобственности...  
[13:06:45.378] [9] [ Info] [Eco] Загружаем Property...  
[13:06:45.493] [9] [ Info] [Eco] Запуск МенеджерМиникарты...  
[13:06:45.493] [9] [ Info] [Eco] Запуск СимуляцияЭко...  
[13:06:45.559] [9] [ Info] [Eco] Загружаем Plants...  
[13:06:46.887] [9] [ Info] [Eco] Инициализация растений...  
[13:06:52.796] [9] [ Info] [Eco] Запуск RouteProbingPlugin...  
[13:06:52.796] [9] [ Info] [Eco] Загружаем RouteProbing...  
[13:06:55.223] [9] [ Info] [Eco] Запуск МенеджерСлоёвМира...  
[13:06:55.223] [9] [ Info] [Eco] Загружаем Layers...  
[13:06:55.914] [9] [ Info] [Eco] Инициализация слоёв мира...  
[13:06:55.924] [9] [ Info] [Eco] Загружаем ClimateSim...  
[13:06:58.722] [9] [ Info] [Eco] Запуск ТрекерЭкономики...  
[13:06:58.722] [9] [ Info] [Eco] Запуск UserTracker...  
[13:06:58.734] [9] [ Info] [Eco] Запуск МенеджерМировыхОбъектов...  
[13:06:58.821] [9] [ Info] [Eco] Загружаем WorldObjects...  
[13:06:59.750] [9] [ Info] [Eco] Запуск ПлагинКомнат...  
[13:06:59.750] [9] [ Info] [Eco] Загружаем Rooms...  
[13:06:59.768] [9] [ Info] [Eco] Запуск ПлагинЦелей...  
[13:06:59.768] [9] [ Info] [Eco] Загружаем Objectives...  
[13:06:59.788] [9] [ Info] [Eco] Запуск ПлагинСна...  
[13:06:59.788] [9] [ Info] [Eco] Загружаем Sleep...  
[13:06:59.800] [1] [ Info] [Eco] Запуск ПлагинВебСервера...  
[13:06:59.800] [1] [ Info] [Eco] Запуск OtherAliasCategory...  
[13:06:59.800] [16] [ Info] [Eco] Запуск NidToolboxPlugin...  
[13:06:59.811] [18] [ Info] [Eco] Запуск ПлагинТестовИнтеграции...  
[13:06:59.811] [29] [ Info] [Eco] Запуск Asphalt...  
[13:06:59.811] [22] [ Info] [Eco] Запуск DiscordLink...  
[13:06:59.945] [1] [ Info] [Eco] Инициализируем ПлагинПеревода...  
[13:06:59.945] [1] [ Info] [Eco] Инициализируем ПлагинНабораМодификаций...  
[13:07:00.158] [1] [ Info] [Eco] Инициализируем ПлагинГенератораМира...  
[13:07:00.158] [1] [ Info] [Eco] Инициализируем МенеджерПользователей...  
[13:07:00.256] [1] [ Info] [Eco] Инициализируем ПлагинМусора...  
[13:07:00.293] [1] [ Info] [Eco] Инициализируем ПлагинЭкономики...  
[13:07:00.399] [1] [ Info] [Eco] Инициализируем Законодательство...  
[13:07:20.642] [1] [ Info] [Eco] Инициализируем МенеджерСобственности...  
[13:07:20.679] [1] [ Info] [Eco] Инициализируем МенеджерМиникарты...  
[13:07:21.588] [1] [ Info] [Eco] Инициализируем UserTracker...  
[13:07:21.600] [1] [ Info] [Eco] Инициализируем МенеджерМировыхОбъектов...  
[13:07:27.864] [1] [ Info] [Eco] Инициализируем ПлагинКомнат...  
[13:07:30.715] [1] [ Info] [Eco] Инициализируем ПлагинСна...  
[13:07:30.717] [1] [ Info] [Eco] Инициализируем NidToolboxPlugin...  
[13:07:30.717] [1] [ Info] [NidToolbox] Checking declared file: Mods\NidToolbox\Texts\Motd.txt 
[13:07:30.717] [1] [ Info] [NidToolbox] Config file:  Mods\NidToolbox\Texts\Motd.txt exists. 
[13:07:30.717] [1] [ Info] [NidToolbox] Config file:  Mods\NidToolbox\Texts\Motd.txt readable. 
[13:07:30.717] [1] [ Info] [NidToolbox] Checking declared file: Mods\NidToolbox\Texts\Rules.txt 
[13:07:30.717] [1] [ Info] [NidToolbox] Config file:  Mods\NidToolbox\Texts\Rules.txt exists. 
[13:07:30.717] [1] [ Info] [NidToolbox] Config file:  Mods\NidToolbox\Texts\Rules.txt readable. 
[13:07:30.717] [1] [ Info] [NidToolbox] Checking declared file: Mods\NidToolbox\Texts\ServerChangelog.txt 
[13:07:30.717] [1] [ Info] [NidToolbox] Config file:  Mods\NidToolbox\Texts\ServerChangelog.txt exists. 
[13:07:30.733] [1] [ Info] [NidToolbox] Config file:  Mods\NidToolbox\Texts\ServerChangelog.txt readable. 
[13:07:30.846] [1] [ Info] [Eco] Инициализируем DiscordLink...  
[13:07:30.883] [1] [ Info] [Eco] Инициализируем ПлагинМира...  
[13:07:30.883] [1] [ Info] [Eco] Обработка...  
[13:07:35.448] [27] [ Info] [Eco] DISCORDLINK: Connected to Discord.

 
[13:07:35.585] [1] [ Info] [Eco] Сжатие...  
[13:07:36.645] [27] [ Info] [Eco] DISCORDLINK: Connected and Ready
 
[13:07:39.954] [1] [ Info] [Eco] Инициализируем МенеджерСети...  
[13:07:40.218] [1] [ Info] [Eco] Инициализируем МенеджерСлоёвМира...  
[13:07:40.218] [1] [ Info] [Eco] Инициализируем ПлагинВебСервера...  
[13:07:41.082] [1] [ Info] [Eco] Инициализируем ПлагинТестовИнтеграции...  
[13:07:41.082] [1] [ Info] [NidToolbox] OK - Mono not detected, not a Linux environment 
[13:07:41.093] [1] [ Info] [NidToolbox] All commands in config up to date. 
[13:07:41.155] [1] [ Info] [NidToolbox] Running NidToolbox version 1.8.7 
[13:07:41.247] [1] [ Info] [Eco] Server Initialization завершена за 116 196,6мс
 
[13:16:59.961] [182] [ Info] [log] Dark Avenger invoked admin command '/give Вода' 
[13:17:17.820] [182] [ Info] [log] Dark Avenger invoked admin command '/give Вода' 
[13:17:30.042] [182] [ Info] [log] Dark Avenger invoked admin command '/give Вода' 
[13:17:36.991] [182] [ Info] [log] Dark Avenger invoked admin command '/give Вода,5' 
[13:18:05.819] [179] [ Info] [log] letmeplay invoked admin command '/save' 
[13:18:05.838] [140] [ Info] [Eco] Сохранение мира...  
[13:37:48.619] [149] [ Info] [Eco] Удалена резервная копия - D:/EcoBackup/Storage\Backup\Game-2020-02-05-11.35.25
 
[13:37:49.037] [149] [ Info] [Eco] Удалена резервная копия - D:/EcoBackup/Storage\Backup\Game-2020-02-04-13.05.37
 
[14:07:45.887] [144] [ Info] [Eco] Удалена резервная копия - D:/EcoBackup/Storage\Backup\Game-2020-02-04-14.05.37
 
[14:30:57.178] [179] [ Info] [log] letmeplay invoked admin command '/owner letmeplay' 
[14:31:07.011] [179] [ Info] [log] letmeplay invoked admin command '/owner' 
[14:31:48.975] [179] [ Info] [log] letmeplay invoked admin command '/owner' 
[14:32:12.759] [179] [ Info] [log] letmeplay invoked admin command '/owner' 
[14:32:32.968] [179] [ Info] [log] letmeplay invoked admin command '/owner' 
[14:32:35.542] [179] [ Info] [log] letmeplay invoked admin command '/owner' 
[14:47:08.565] [35] [ Info] [Eco] DISCORDLINK: Resumed connection
 
[15:04:50.812] [174] [ Info] [Eco] DISCORDLINK: Resumed connection
 
[15:07:47.991] [9] [ Info] [Eco] Удалена резервная копия - D:/EcoBackup/Storage\Backup\Game-2020-02-04-15.05.37
 
[15:37:43.905] [136] [ Info] [Eco] Удалена резервная копия - D:/EcoBackup/Storage\Backup\Game-2020-02-05-14.37.41
 
[15:46:12.982] [173] [ Info] [Eco] Failed to send packet: System.Net.Sockets.SocketException (0x80004005): Невозможно выполнить операцию на сокете, т.к. буфер слишком мал или очередь переполнена
   в System.Net.Sockets.Socket.SendTo(Byte[] buffer, Int32 offset, Int32 size, SocketFlags socketFlags, EndPoint remoteEP)
   в Lidgren.Network.NetPeer.SendPacket(Int32 numBytes, IPEndPoint target, Int32 numMessages, Boolean& connectionReset) 
[16:07:46.745] [154] [ Info] [Eco] Удалена резервная копия - D:/EcoBackup/Storage\Backup\Game-2020-02-04-16.05.37
 
[16:37:46.468] [152] [ Info] [Eco] Удалена резервная копия - D:/EcoBackup/Storage\Backup\Game-2020-02-05-15.37.41
 
[17:06:11.239] [149] [ Info] [Eco] Пользователь с неверными данными пытался соединится: Badger
 
[17:07:44.191] [13] [ Info] [Eco] Удалена резервная копия - D:/EcoBackup/Storage\Backup\Game-2020-02-04-17.05.37
 
[17:37:48.000] [136] [ Info] [Eco] Удалена резервная копия - D:/EcoBackup/Storage\Backup\Game-2020-02-05-16.37.41
 
[18:07:44.423] [140] [ Info] [Eco] Удалена резервная копия - D:/EcoBackup/Storage\Backup\Game-2020-02-04-18.05.37
 
[18:12:29.977] [29] [ Info] [Eco] Пользователь с неверными данными пытался соединится: MONG[S1]
 
[18:20:27.749] [144] [ Info] [Eco] Пользователь с неверными данными пытался соединится: Sirrius
 
[18:37:46.191] [149] [ Info] [Eco] Удалена резервная копия - D:/EcoBackup/Storage\Backup\Game-2020-02-05-17.37.41
 
[18:51:48.873] [29] [ Info] [Eco] Пользователь с неверными данными пытался соединится: Goldberg
 
[19:07:45.637] [9] [ Info] [Eco] Удалена резервная копия - D:/EcoBackup/Storage\Backup\Game-2020-02-04-19.05.37
 
[19:37:47.260] [140] [ Info] [Eco] Удалена резервная копия - D:/EcoBackup/Storage\Backup\Game-2020-02-05-18.37.41
 
[20:07:44.236] [139] [ Info] [Eco] Удалена резервная копия - D:/EcoBackup/Storage\Backup\Game-2020-02-04-20.15.48
 
[20:12:07.684] [154] [ Info] [Eco] Пользователь с неверными данными пытался соединится: Goldberg
 
[20:23:18.528] [149] [ Info] [Eco] Пользователь с неверными данными пытался соединится: Goldberg
 
[20:37:48.157] [152] [ Info] [Eco] Удалена резервная копия - D:/EcoBackup/Storage\Backup\Game-2020-02-05-19.37.41
 
[20:56:50.800] [29] [ Info] [Eco] Пользователь с неверными данными пытался соединится: Jormun
 
[21:07:47.027] [149] [ Info] [Eco] Удалена резервная копия - D:/EcoBackup/Storage\Backup\Game-2020-02-04-21.15.48
 
[21:37:48.068] [29] [ Info] [Eco] Удалена резервная копия - D:/EcoBackup/Storage\Backup\Game-2020-02-05-20.37.41
 
[21:53:58.068] [148] [ Info] [log] letmeplay invoked admin command '/time 10' 
[21:56:21.464] [176] [ Info] [Eco] Пользователь с неверными данными пытался соединится: n0f1nk
 
[22:07:49.940] [154] [ Info] [Eco] Удалена резервная копия - D:/EcoBackup/Storage\Backup\Game-2020-02-04-22.15.48
 
[22:08:04.856] [148] [ Info] [log] letmeplay invoked admin command '/save' 
[22:08:04.857] [17] [ Info] [Eco] Сохранение мира...  
[22:08:58.087] [1] [ Info] [Eco] Сохранение...
 
[22:08:58.087] [1] [ Info] [Eco] Сохранение мира...  
