[22:28:51.272] [1] [ Info] [Eco] >>> START EcoServer, Version=1.0.0.0, Culture=neutral, PublicKeyToken=null 
[22:28:51.300] [1] [ Info] [Eco] Eco Server 0.8.3.3 beta
 
[22:28:51.372] [1] [ Info] [Eco] Server Initialization...  
[22:28:51.372] [1] [ Info] [Eco] Starting LocalizationPlugin...  
[22:28:51.739] [1] [ Info] [Eco] Запуск ПлагинНабораМодификаций...  
[22:28:51.739] [1] [ Info] [Eco] Загрузка модификаций...  
[22:28:52.013] [1] [ Info] [Eco] Компилирование модификаций...  
[22:28:53.530] [1] [ Info] [Eco] Загружаем 0Harmony...
 
[22:28:53.530] [1] [ Info] [Eco] Загружаем Asphalt-ModKit...
 
[22:28:53.654] [1] [ Info] [Eco] Загружаем Eco.IntegrationTests...
 
[22:28:53.654] [1] [ Info] [Eco] Загружаем em-base...
 
[22:28:53.654] [1] [ Info] [Eco] Загружаем NoPlayerCredits...
 
[22:28:53.654] [1] [ Info] [Eco] Загружаем em-greenenergy...
 
[22:28:53.654] [1] [ Info] [Eco] Загружаем em-realisticsmelting...
 
[22:28:53.654] [1] [ Info] [Eco] Загружаем em-shippingcontainers...
 
[22:28:53.654] [1] [ Info] [Eco] Загружаем em-tailingspack...
 
[22:28:53.669] [1] [ Info] [Eco] Загружаем em-arches...
 
[22:28:53.669] [1] [ Info] [Eco] Загружаем em-doors...
 
[22:28:53.669] [1] [ Info] [Eco] Загружаем em-dyes...
 
[22:28:53.669] [1] [ Info] [Eco] Загружаем em-homeobjects...
 
[22:28:53.669] [1] [ Info] [Eco] Загружаем em-transportation...
 
[22:28:53.685] [1] [ Info] [Eco] Загружаем em-windows...
 
[22:28:53.685] [1] [ Info] [Eco] Загружаем em-zymology...
 
[22:28:53.685] [1] [ Info] [Eco] Загружаем NidToolbox...
 
[22:28:53.705] [1] [ Info] [Eco] Загрузка модификаций завершена за 1 963,2мс
 
[22:28:53.705] [1] [ Info] [Eco] Запуск МенеджерСети...  
[22:28:53.718] [6] [ Info] [Eco] Инициализация типов симуляции...  
[22:28:53.779] [16] [ Info] [Eco] Запуск ПлагинГенератораМира...  
[22:28:53.779] [7] [ Info] [Eco] Запуск ПлагинИгровойСтатистики...  
[22:28:53.779] [15] [ Info] [Eco] Запуск ПлагинРезервногоКопирования...  
[22:28:53.779] [15] [ Info] [Eco] Запуск МенеджерХранилища...  
[22:28:55.256] [6] [ Info] [Eco] Инициализация предметов...  
[22:28:55.322] [6] [ Info] [NidToolbox] Checking Settings.json 
[22:28:55.328] [6] [ Info] [NidToolbox] Config file: Mods\NidToolbox\Config\Settings.json exists. 
[22:28:55.328] [6] [ Info] [NidToolbox] Json file: Mods\NidToolbox\Config\Settings.json readable and correct. 
[22:28:55.328] [6] [ Info] [NidToolbox] Checking CommandPermissions.json 
[22:28:55.328] [6] [ Info] [NidToolbox] Config file: Mods\NidToolbox\Config\CommandPermissions.json exists. 
[22:28:55.328] [6] [ Info] [NidToolbox] Json file: Mods\NidToolbox\Config\CommandPermissions.json readable and correct. 
[22:28:55.328] [6] [ Info] [NidToolbox] Checking TimerMessages.json 
[22:28:55.341] [6] [ Info] [NidToolbox] Config file: Mods\NidToolbox\Config\TimerMessages.json exists. 
[22:28:55.341] [6] [ Info] [NidToolbox] Json file: Mods\NidToolbox\Config\TimerMessages.json readable and correct. 
[22:28:55.341] [6] [ Info] [NidToolbox] Checking ScheduledMessages.json 
[22:28:55.341] [6] [ Info] [NidToolbox] Config file: Mods\NidToolbox\Config\ScheduledMessages.json exists. 
[22:28:55.341] [6] [ Info] [NidToolbox] Json file: Mods\NidToolbox\Config\ScheduledMessages.json readable and correct. 
[22:28:55.364] [6] [ Info] [NidToolbox] No UserHomes directory, skipping user homes config checks. 
[22:28:56.327] [15] [ Info] [Eco] Запуск Плагин паузы...  
[22:28:56.327] [15] [ Info] [Eco] Загружаем Pause...  
[22:28:58.448] [6] [ Info] [Eco] Инициализация навыков...  
[22:28:58.539] [15] [ Info] [Eco] Запуск БДСтатистики...  
[22:28:58.539] [5] [ Info] [Eco] Запуск ПлагинМира...  
[22:28:58.600] [5] [ Info] [Eco] Загружаем World...  
[22:29:01.841] [5] [ Info] [Eco] Инициализация мира...  
[22:29:02.614] [5] [ Info] [Eco] Запуск ПлагинВремени...  
[22:29:02.614] [5] [ Info] [Eco] Загружаем Time...  
[22:29:02.614] [5] [ Info] [Eco] Запуск ПлагинРепутации...  
[22:29:02.614] [5] [ Info] [Eco] Загружаем Reputation...  
[22:29:02.627] [5] [ Info] [Eco] Запуск МенеджерЖильяИгроков...  
[22:29:02.627] [5] [ Info] [Eco] Запуск МенеджерПользователей...  
[22:29:02.663] [5] [ Info] [Eco] Загружаем Users...  
[22:29:02.795] [5] [ Info] [Eco] Инициализация инвентарей...  
[22:29:02.833] [5] [ Info] [Eco] Запуск МенеджерОбъектовЭко...  
[22:29:02.833] [28] [ Info] [Eco] Запуск ПлагинМусора...  
[22:29:02.833] [11] [ Info] [Eco] Запуск ПлагинУгроз...  
[22:29:02.833] [34] [ Info] [Eco] Запуск VoiceManager...  
[22:29:02.841] [5] [ Info] [Eco] Запуск ПлагинЭкономики...  
[22:29:02.841] [12] [ Info] [Eco] Запуск СерверЧата...  
[22:29:02.841] [33] [ Info] [Eco] Запуск НастройкиСложности...  
[22:29:02.841] [15] [ Info] [Eco] Запуск МенеджерКонтроллера...  
[22:29:02.841] [28] [ Info] [Eco] Загружаем Garbage...  
[22:29:02.841] [5] [ Info] [Eco] Загружаем Economy...  
[22:29:02.948] [11] [ Info] [Eco] Загружаем Disasters...  
[22:29:02.958] [12] [ Info] [Eco] Загружаем Chat...  
[22:29:03.013] [5] [ Info] [Eco] Запуск Законодательство...  
[22:29:03.013] [5] [ Info] [Eco] Загружаем Laws...  
[22:29:03.071] [5] [ Info] [Eco] Запуск МенеджерСобственности...  
[22:29:03.071] [5] [ Info] [Eco] Загружаем Property...  
[22:29:03.111] [5] [ Info] [Eco] Запуск МенеджерМиникарты...  
[22:29:03.111] [5] [ Info] [Eco] Запуск СимуляцияЭко...  
[22:29:03.172] [5] [ Info] [Eco] Загружаем Plants...  
[22:29:04.978] [5] [ Info] [Eco] Инициализация растений...  
[22:29:11.149] [5] [ Info] [Eco] Запуск RouteProbingPlugin...  
[22:29:11.149] [5] [ Info] [Eco] Загружаем RouteProbing...  
[22:29:14.291] [5] [ Info] [Eco] Запуск МенеджерСлоёвМира...  
[22:29:14.291] [5] [ Info] [Eco] Загружаем Layers...  
[22:29:14.910] [5] [ Info] [Eco] Инициализация слоёв мира...  
[22:29:14.910] [5] [ Info] [Eco] Загружаем ClimateSim...  
[22:29:17.915] [5] [ Info] [Eco] Запуск ТрекерЭкономики...  
[22:29:17.920] [5] [ Info] [Eco] Запуск UserTracker...  
[22:29:17.920] [5] [ Info] [Eco] Запуск МенеджерМировыхОбъектов...  
[22:29:18.006] [5] [ Info] [Eco] Загружаем WorldObjects...  
[22:29:18.015] [5] [ Info] [Eco] Запуск ПлагинКомнат...  
[22:29:18.015] [5] [ Info] [Eco] Загружаем Rooms...  
[22:29:18.030] [5] [ Info] [Eco] Запуск ПлагинЦелей...  
[22:29:18.030] [5] [ Info] [Eco] Загружаем Objectives...  
[22:29:18.045] [5] [ Info] [Eco] Запуск ПлагинСна...  
[22:29:18.045] [5] [ Info] [Eco] Загружаем Sleep...  
[22:29:18.045] [1] [ Info] [Eco] Запуск ПлагинВебСервера...  
[22:29:18.061] [1] [ Info] [Eco] Запуск OtherAliasCategory...  
[22:29:18.061] [17] [ Info] [Eco] Запуск ChatBase...  
[22:29:18.061] [12] [ Info] [Eco] Запуск NidToolboxPlugin...  
[22:29:18.061] [27] [ Info] [Eco] Запуск NoPlayerCreditsPlugin...  
[22:29:18.061] [11] [ Info] [Eco] Запуск Asphalt...  
[22:29:18.061] [23] [ Info] [Eco] Запуск ПлагинТестовИнтеграции...  
[22:29:18.093] [1] [ Info] [Eco] Инициализируем ПлагинПеревода...  
[22:29:18.093] [1] [ Info] [Eco] Инициализируем ПлагинНабораМодификаций...  
[22:29:18.372] [1] [ Info] [Eco] Инициализируем ПлагинГенератораМира...  
[22:29:18.372] [1] [ Info] [Eco] Инициализируем МенеджерПользователей...  
[22:29:18.412] [1] [ Info] [Eco] Инициализируем ПлагинМусора...  
[22:29:18.420] [1] [ Info] [Eco] Инициализируем ПлагинЭкономики...  
[22:29:18.420] [1] [ Info] [Eco] Инициализируем Законодательство...  
[22:29:18.910] [1] [ Info] [Eco] Инициализируем МенеджерСобственности...  
[22:29:18.920] [1] [ Info] [Eco] Инициализируем МенеджерМиникарты...  
[22:29:19.854] [1] [ Info] [Eco] Инициализируем UserTracker...  
[22:29:19.861] [1] [ Info] [Eco] Инициализируем МенеджерМировыхОбъектов...  
[22:29:19.939] [1] [ Info] [Eco] Инициализируем ПлагинКомнат...  
[22:29:19.939] [1] [ Info] [Eco] Инициализируем ПлагинСна...  
[22:29:19.939] [1] [ Info] [Eco] Инициализируем NidToolboxPlugin...  
[22:29:19.951] [1] [ Info] [NidToolbox] Checking declared file: Mods\NidToolbox\Texts\Motd.txt 
[22:29:19.951] [1] [ Info] [NidToolbox] Config file:  Mods\NidToolbox\Texts\Motd.txt exists. 
[22:29:19.951] [1] [ Info] [NidToolbox] Config file:  Mods\NidToolbox\Texts\Motd.txt readable. 
[22:29:19.951] [1] [ Info] [NidToolbox] Checking declared file: Mods\NidToolbox\Texts\Rules.txt 
[22:29:19.951] [1] [ Info] [NidToolbox] Config file:  Mods\NidToolbox\Texts\Rules.txt exists. 
[22:29:19.951] [1] [ Info] [NidToolbox] Config file:  Mods\NidToolbox\Texts\Rules.txt readable. 
[22:29:19.951] [1] [ Info] [NidToolbox] Checking declared file: Mods\NidToolbox\Texts\ServerChangelog.txt 
[22:29:19.951] [1] [ Info] [NidToolbox] Config file:  Mods\NidToolbox\Texts\ServerChangelog.txt exists. 
[22:29:19.967] [1] [ Info] [NidToolbox] Config file:  Mods\NidToolbox\Texts\ServerChangelog.txt readable. 
[22:29:20.057] [1] [ Info] [Eco] Инициализируем NoPlayerCreditsPlugin...  
[22:29:20.060] [1] [ Info] [Eco] Инициализируем ПлагинМира...  
[22:29:20.060] [1] [ Info] [Eco] Обработка...  
[22:29:22.847] [1] [ Info] [Eco] Сжатие...  
[22:29:26.193] [1] [ Info] [Eco] Инициализируем МенеджерСети...  
[22:29:26.424] [1] [ Info] [Eco] Инициализируем МенеджерСлоёвМира...  
[22:29:26.424] [1] [ Info] [Eco] Инициализируем ПлагинВебСервера...  
[22:29:27.148] [1] [ Info] [Eco] Инициализируем ПлагинТестовИнтеграции...  
[22:29:27.157] [1] [ Info] [NidToolbox] OK - Mono not detected, not a Linux environment 
[22:29:27.157] [1] [ Info] [NidToolbox] All commands in config up to date. 
[22:29:27.213] [1] [ Info] [NidToolbox] Running NidToolbox version 1.8.7 
[22:29:27.247] [1] [ Info] [Eco] Server Initialization завершена за 35 873,8мс
 
[22:30:22.852] [172] [ Info] [log] letmeplay invoked admin command '/fly' 
[22:35:34.888] [172] [ Info] [log] letmeplay invoked admin command '/save' 
[22:35:34.888] [6] [ Info] [Eco] Сохранение мира...  
[22:35:59.397] [1] [ Info] [Eco] Сохранение...
 
[22:35:59.397] [1] [ Info] [Eco] Сохранение мира...  
[22:36:02.526] [1] [ Info] [Eco] Готово
 
[22:36:02.702] [1] [ Info] [Eco] Выключение завершено
 
