[21:31:38.059] [1] [ Info] [Eco] >>> START EcoServer, Version=1.0.0.0, Culture=neutral, PublicKeyToken=null 
[21:31:38.086] [1] [ Info] [Eco] Eco Server 0.8.3.3 beta
 
[21:31:38.158] [1] [ Info] [Eco] Server Initialization...  
[21:31:38.158] [1] [ Info] [Eco] Starting LocalizationPlugin...  
[21:31:38.534] [1] [ Info] [Eco] Запуск ПлагинНабораМодификаций...  
[21:31:38.534] [1] [ Info] [Eco] Загрузка модификаций...  
[21:31:38.807] [1] [ Info] [Eco] Компилирование модификаций...  
[21:31:40.333] [1] [ Info] [Eco] Загружаем 0Harmony...
 
[21:31:40.333] [1] [ Info] [Eco] Загружаем Asphalt-ModKit...
 
[21:31:40.458] [1] [ Info] [Eco] Загружаем DiscordLink_blue...
 
[21:31:40.505] [1] [ Info] [Eco] Загружаем Eco.IntegrationTests...
 
[21:31:40.505] [1] [ Info] [Eco] Загружаем em-base...
 
[21:31:40.505] [1] [ Info] [Eco] Загружаем NoPlayerCredits...
 
[21:31:40.505] [1] [ Info] [Eco] Загружаем em-greenenergy...
 
[21:31:40.514] [1] [ Info] [Eco] Загружаем em-realisticsmelting...
 
[21:31:40.514] [1] [ Info] [Eco] Загружаем em-shippingcontainers...
 
[21:31:40.514] [1] [ Info] [Eco] Загружаем em-tailingspack...
 
[21:31:40.514] [1] [ Info] [Eco] Загружаем em-arches...
 
[21:31:40.514] [1] [ Info] [Eco] Загружаем em-doors...
 
[21:31:40.514] [1] [ Info] [Eco] Загружаем em-dyes...
 
[21:31:40.514] [1] [ Info] [Eco] Загружаем em-homeobjects...
 
[21:31:40.514] [1] [ Info] [Eco] Загружаем em-transportation...
 
[21:31:40.532] [1] [ Info] [Eco] Загружаем em-windows...
 
[21:31:40.532] [1] [ Info] [Eco] Загружаем em-zymology...
 
[21:31:40.545] [1] [ Info] [Eco] Загружаем NidToolbox...
 
[21:31:40.545] [1] [ Info] [Eco] Загрузка модификаций завершена за 2 014,0мс
 
[21:31:40.545] [1] [ Info] [Eco] Запуск МенеджерСети...  
[21:31:40.559] [7] [ Info] [Eco] Инициализация типов симуляции...  
[21:31:40.618] [14] [ Info] [Eco] Запуск ПлагинГенератораМира...  
[21:31:40.618] [15] [ Info] [Eco] Запуск ПлагинРезервногоКопирования...  
[21:31:40.618] [12] [ Info] [Eco] Запуск ПлагинИгровойСтатистики...  
[21:31:40.626] [15] [ Info] [Eco] Запуск МенеджерХранилища...  
[21:31:42.147] [7] [ Info] [Eco] Инициализация предметов...  
[21:31:42.218] [7] [ Info] [NidToolbox] Checking Settings.json 
[21:31:42.218] [7] [ Info] [NidToolbox] Config file: Mods\NidToolbox\Config\Settings.json exists. 
[21:31:42.218] [7] [ Info] [NidToolbox] Json file: Mods\NidToolbox\Config\Settings.json readable and correct. 
[21:31:42.218] [7] [ Info] [NidToolbox] Checking CommandPermissions.json 
[21:31:42.218] [7] [ Info] [NidToolbox] Config file: Mods\NidToolbox\Config\CommandPermissions.json exists. 
[21:31:42.218] [7] [ Info] [NidToolbox] Json file: Mods\NidToolbox\Config\CommandPermissions.json readable and correct. 
[21:31:42.218] [7] [ Info] [NidToolbox] Checking TimerMessages.json 
[21:31:42.238] [7] [ Info] [NidToolbox] Config file: Mods\NidToolbox\Config\TimerMessages.json exists. 
[21:31:42.238] [7] [ Info] [NidToolbox] Json file: Mods\NidToolbox\Config\TimerMessages.json readable and correct. 
[21:31:42.238] [7] [ Info] [NidToolbox] Checking ScheduledMessages.json 
[21:31:42.238] [7] [ Info] [NidToolbox] Config file: Mods\NidToolbox\Config\ScheduledMessages.json exists. 
[21:31:42.238] [7] [ Info] [NidToolbox] Json file: Mods\NidToolbox\Config\ScheduledMessages.json readable and correct. 
[21:31:42.247] [7] [ Info] [NidToolbox] No UserHomes directory, skipping user homes config checks. 
[21:31:43.241] [15] [ Info] [Eco] Запуск Плагин паузы...  
[21:31:43.248] [15] [ Info] [Eco] Загружаем Pause...  
[21:31:45.461] [7] [ Info] [Eco] Инициализация навыков...  
[21:31:45.562] [15] [ Info] [Eco] Запуск БДСтатистики...  
[21:31:45.562] [8] [ Info] [Eco] Запуск ПлагинМира...  
[21:31:45.609] [8] [ Info] [Eco] Загружаем World...  
[21:31:48.579] [8] [ Info] [Eco] Инициализация мира...  
[21:31:50.123] [8] [ Info] [Eco] Запуск ПлагинВремени...  
[21:31:50.123] [8] [ Info] [Eco] Загружаем Time...  
[21:31:50.123] [8] [ Info] [Eco] Запуск ПлагинРепутации...  
[21:31:50.123] [8] [ Info] [Eco] Загружаем Reputation...  
[21:31:50.123] [8] [ Info] [Eco] Запуск МенеджерЖильяИгроков...  
[21:31:50.123] [8] [ Info] [Eco] Запуск МенеджерПользователей...  
[21:31:50.174] [8] [ Info] [Eco] Загружаем Users...  
[21:31:50.306] [8] [ Info] [Eco] Инициализация инвентарей...  
[21:31:50.352] [8] [ Info] [Eco] Запуск МенеджерОбъектовЭко...  
[21:31:50.357] [8] [ Info] [Eco] Запуск ПлагинМусора...  
[21:31:50.357] [25] [ Info] [Eco] Запуск VoiceManager...  
[21:31:50.357] [14] [ Info] [Eco] Запуск ПлагинЭкономики...  
[21:31:50.357] [8] [ Info] [Eco] Загружаем Garbage...  
[21:31:50.357] [32] [ Info] [Eco] Запуск МенеджерКонтроллера...  
[21:31:50.357] [19] [ Info] [Eco] Запуск НастройкиСложности...  
[21:31:50.357] [13] [ Info] [Eco] Запуск ПлагинУгроз...  
[21:31:50.357] [14] [ Info] [Eco] Загружаем Economy...  
[21:31:50.357] [26] [ Info] [Eco] Запуск СерверЧата...  
[21:31:50.546] [13] [ Info] [Eco] Загружаем Disasters...  
[21:31:50.546] [14] [ Info] [Eco] Запуск Законодательство...  
[21:31:50.546] [26] [ Info] [Eco] Загружаем Chat...  
[21:31:50.567] [14] [ Info] [Eco] Загружаем Laws...  
[21:31:50.619] [14] [ Info] [Eco] Запуск МенеджерСобственности...  
[21:31:50.619] [14] [ Info] [Eco] Загружаем Property...  
[21:31:50.659] [14] [ Info] [Eco] Запуск МенеджерМиникарты...  
[21:31:50.659] [14] [ Info] [Eco] Запуск СимуляцияЭко...  
[21:31:50.723] [14] [ Info] [Eco] Загружаем Plants...  
[21:31:52.636] [14] [ Info] [Eco] Инициализация растений...  
[21:31:58.916] [14] [ Info] [Eco] Запуск RouteProbingPlugin...  
[21:31:58.916] [14] [ Info] [Eco] Загружаем RouteProbing...  
[21:32:02.073] [14] [ Info] [Eco] Запуск МенеджерСлоёвМира...  
[21:32:02.078] [14] [ Info] [Eco] Загружаем Layers...  
[21:32:02.630] [14] [ Info] [Eco] Инициализация слоёв мира...  
[21:32:06.094] [14] [ Info] [Eco] Запуск ТрекерЭкономики...  
[21:32:06.094] [14] [ Info] [Eco] Запуск UserTracker...  
[21:32:06.107] [14] [ Info] [Eco] Запуск МенеджерМировыхОбъектов...  
[21:32:06.216] [14] [ Info] [Eco] Загружаем WorldObjects...  
[21:32:06.216] [14] [ Info] [Eco] Запуск ПлагинКомнат...  
[21:32:06.216] [14] [ Info] [Eco] Загружаем Rooms...  
[21:32:06.243] [14] [ Info] [Eco] Запуск ПлагинЦелей...  
[21:32:06.248] [14] [ Info] [Eco] Загружаем Objectives...  
[21:32:06.248] [14] [ Info] [Eco] Запуск ПлагинСна...  
[21:32:06.248] [14] [ Info] [Eco] Загружаем Sleep...  
[21:32:06.267] [1] [ Info] [Eco] Запуск ПлагинВебСервера...  
[21:32:06.267] [1] [ Info] [Eco] Запуск OtherAliasCategory...  
[21:32:06.267] [15] [ Info] [Eco] Запуск Asphalt...  
[21:32:06.267] [23] [ Info] [Eco] Запуск DiscordLink...  
[21:32:06.267] [10] [ Info] [Eco] Запуск NoPlayerCreditsPlugin...  
[21:32:06.279] [31] [ Info] [Eco] Запуск ПлагинТестовИнтеграции...  
[21:32:06.279] [36] [ Info] [Eco] Запуск NidToolboxPlugin...  
[21:32:06.279] [32] [ Info] [Eco] Запуск ChatBase...  
[21:32:06.379] [1] [ Info] [Eco] Инициализируем ПлагинПеревода...  
[21:32:06.379] [1] [ Info] [Eco] Инициализируем ПлагинНабораМодификаций...  
[21:32:06.682] [1] [ Info] [Eco] Инициализируем ПлагинГенератораМира...  
[21:32:06.684] [1] [ Info] [Eco] Инициализируем МенеджерПользователей...  
[21:32:06.732] [1] [ Info] [Eco] Инициализируем ПлагинМусора...  
[21:32:06.732] [1] [ Info] [Eco] Инициализируем ПлагинЭкономики...  
[21:32:06.753] [1] [ Info] [Eco] Инициализируем Законодательство...  
[21:32:07.238] [1] [ Info] [Eco] Инициализируем МенеджерСобственности...  
[21:32:07.238] [1] [ Info] [Eco] Инициализируем МенеджерМиникарты...  
[21:32:08.170] [1] [ Info] [Eco] Инициализируем UserTracker...  
[21:32:08.170] [1] [ Info] [Eco] Инициализируем МенеджерМировыхОбъектов...  
[21:32:08.255] [1] [ Info] [Eco] Инициализируем ПлагинКомнат...  
[21:32:08.255] [1] [ Info] [Eco] Инициализируем ПлагинСна...  
[21:32:08.255] [1] [ Info] [Eco] Инициализируем NidToolboxPlugin...  
[21:32:08.267] [1] [ Info] [NidToolbox] Checking declared file: Mods\NidToolbox\Texts\Motd.txt 
[21:32:08.267] [1] [ Info] [NidToolbox] Config file:  Mods\NidToolbox\Texts\Motd.txt exists. 
[21:32:08.267] [1] [ Info] [NidToolbox] Config file:  Mods\NidToolbox\Texts\Motd.txt readable. 
[21:32:08.267] [1] [ Info] [NidToolbox] Checking declared file: Mods\NidToolbox\Texts\Rules.txt 
[21:32:08.267] [1] [ Info] [NidToolbox] Config file:  Mods\NidToolbox\Texts\Rules.txt exists. 
[21:32:08.267] [1] [ Info] [NidToolbox] Config file:  Mods\NidToolbox\Texts\Rules.txt readable. 
[21:32:08.267] [1] [ Info] [NidToolbox] Checking declared file: Mods\NidToolbox\Texts\ServerChangelog.txt 
[21:32:08.267] [1] [ Info] [NidToolbox] Config file:  Mods\NidToolbox\Texts\ServerChangelog.txt exists. 
[21:32:08.267] [1] [ Info] [NidToolbox] Config file:  Mods\NidToolbox\Texts\ServerChangelog.txt readable. 
[21:32:08.362] [1] [ Info] [Eco] Инициализируем NoPlayerCreditsPlugin...  
[21:32:08.362] [1] [ Info] [Eco] Инициализируем DiscordLink...  
[21:32:08.398] [1] [ Info] [Eco] Инициализируем ПлагинМира...  
[21:32:08.398] [1] [ Info] [Eco] Обработка...  
[21:32:08.456] [1] [ Info] [Eco] Сжатие...  
[21:32:08.863] [140] [ Info] [Eco] DISCORDLINK ERROR: Error connecting to discord: Authentication failed. Check your token and try again.

 
[21:32:11.417] [1] [ Info] [Eco] Инициализируем МенеджерСети...  
[21:32:11.645] [1] [ Info] [Eco] Инициализируем МенеджерСлоёвМира...  
[21:32:11.645] [1] [ Info] [Eco] Инициализируем ПлагинВебСервера...  
[21:32:12.336] [1] [ Info] [Eco] Инициализируем ПлагинТестовИнтеграции...  
[21:32:12.344] [1] [ Info] [NidToolbox] OK - Mono not detected, not a Linux environment 
[21:32:12.344] [1] [ Info] [NidToolbox] All commands in config up to date. 
[21:32:12.403] [1] [ Info] [NidToolbox] Running NidToolbox version 1.8.7 
[21:32:12.444] [1] [ Info] [Eco] Server Initialization завершена за 34 285,3мс
 
[21:32:56.190] [3] [ Info] [Eco] DISCORDLINK: Discord Token changed, reinitialising client.

 
[21:32:56.923] [3] [ Info] [Eco] DISCORDLINK: Connected to Discord.

 
[21:32:57.674] [174] [ Info] [Eco] DISCORDLINK: Connected and Ready
 
[21:38:01.911] [178] [ Info] [log] letmeplay invoked admin command '/fly' 
[21:38:28.602] [178] [ Info] [log] letmeplay invoked admin command '/setspawn' 
[21:38:32.101] [178] [ Info] [log] letmeplay invoked admin command '/setspawn' 
[21:38:36.117] [178] [ Info] [log] letmeplay invoked admin command '/fly' 
[21:39:07.252] [178] [ Info] [log] letmeplay invoked admin command '/givealltools 0' 
[21:39:50.391] [178] [ Info] [log] letmeplay invoked admin command '/fly' 
[21:49:55.846] [178] [ Info] [log] letmeplay invoked admin command '/save' 
[21:49:55.846] [15] [ Info] [Eco] Сохранение мира...  
[21:53:35.904] [178] [ Info] [log] letmeplay invoked admin command '/give земля' 
[22:12:51.827] [178] [ Info] [log] letmeplay invoked admin command '/give земляной подъем' 
[22:13:05.663] [178] [ Info] [log] letmeplay invoked admin command '/give dirtpamp' 
[22:13:08.530] [178] [ Info] [log] letmeplay invoked admin command '/give dirt pamp' 
[22:13:20.329] [178] [ Info] [log] letmeplay invoked admin command '/give dirt ramp' 
[22:17:26.722] [178] [ Info] [log] letmeplay invoked admin command '/give тёсанное бревно' 
[22:17:37.155] [178] [ Info] [log] letmeplay invoked admin command '/give тёсанное бревно,1' 
[22:18:31.524] [178] [ Info] [log] letmeplay invoked admin command '/give Hewnlog, 10' 
[22:18:56.209] [178] [ Info] [log] letmeplay invoked admin command '/save' 
[22:18:56.209] [17] [ Info] [Eco] Сохранение мира...  
[22:19:29.172] [1] [ Info] [Eco] Сохранение...
 
[22:19:29.172] [1] [ Info] [Eco] Сохранение мира...  
[22:19:32.352] [1] [ Info] [Eco] Готово
 
[22:19:32.532] [1] [ Info] [Eco] Выключение завершено
 
