[04:57:02.400] [1] [ Info] [Eco] >>> START EcoServer, Version=1.0.0.0, Culture=neutral, PublicKeyToken=null 
[04:57:02.433] [1] [ Info] [Eco] Eco Server 0.8.3.2 beta
 
[04:57:02.558] [1] [ Info] [Eco] Server Initialization...  
[04:57:02.558] [1] [ Info] [Eco] Starting LocalizationPlugin...  
[04:57:02.971] [1] [ Info] [Eco] Запуск ПлагинНабораМодификаций...  
[04:57:02.971] [1] [ Info] [Eco] Загрузка модификаций...  
[04:57:03.084] [1] [ Info] [Eco] Компилирование модификаций...  
[04:57:04.926] [1] [ Info] [Eco] Загружаем 0Harmony...
 
[04:57:04.926] [1] [ Info] [Eco] Загружаем Asphalt-ModKit...
 
[04:57:05.082] [1] [ Info] [Eco] Загружаем Eco.IntegrationTests...
 
[04:57:05.082] [1] [ Info] [Eco] Загружаем DiscordLinkUnified...
 
[04:57:05.165] [1] [ Info] [Eco] Загрузка модификаций завершена за 2 191,7мс
 
[04:57:05.165] [1] [ Info] [Eco] Запуск МенеджерСети...  
[04:57:05.173] [6] [ Info] [Eco] Инициализация типов симуляции...  
[04:57:05.240] [12] [ Info] [Eco] Запуск ПлагинГенератораМира...  
[04:57:05.240] [14] [ Info] [Eco] Запуск ПлагинИгровойСтатистики...  
[04:57:05.240] [16] [ Info] [Eco] Запуск ПлагинРезервногоКопирования...  
[04:57:05.252] [16] [ Info] [Eco] Запуск МенеджерХранилища...  
[04:57:06.746] [6] [ Info] [Eco] Инициализация предметов...  
[04:57:07.659] [16] [ Info] [Eco] Запуск Плагин паузы...  
[04:57:09.439] [6] [ Info] [Eco] Инициализация навыков...  
[04:57:09.534] [16] [ Info] [Eco] Запуск БДСтатистики...  
[04:57:09.534] [5] [ Info] [Eco] Запуск ПлагинМира...  
[04:57:09.601] [5] [ Info] [Eco] Загружаем World...  
[04:57:12.886] [5] [ Info] [Eco] Инициализация мира...  
[04:57:14.768] [5] [ Info] [Eco] Запуск ПлагинВремени...  
[04:57:14.768] [5] [ Info] [Eco] Загружаем Time...  
[04:57:14.768] [5] [ Info] [Eco] Запуск ПлагинРепутации...  
[04:57:14.768] [5] [ Info] [Eco] Загружаем Reputation...  
[04:57:14.787] [5] [ Info] [Eco] Запуск МенеджерЖильяИгроков...  
[04:57:14.787] [5] [ Info] [Eco] Запуск МенеджерПользователей...  
[04:57:14.828] [5] [ Info] [Eco] Загружаем Users...  
[04:57:15.150] [5] [ Info] [Eco] Инициализация инвентарей...  
[04:57:15.197] [5] [ Info] [Eco] Запуск МенеджерОбъектовЭко...  
[04:57:15.208] [5] [ Info] [Eco] Загружаем Objects...  
[04:57:15.352] [5] [ Info] [Eco] Запуск МенеджерКонтроллера...  
[04:57:15.352] [36] [ Info] [Eco] Запуск НастройкиСложности...  
[04:57:15.352] [31] [ Info] [Eco] Запуск VoiceManager...  
[04:57:15.352] [25] [ Info] [Eco] Запуск СерверЧата...  
[04:57:15.352] [13] [ Info] [Eco] Запуск ПлагинУгроз...  
[04:57:15.352] [24] [ Info] [Eco] Запуск ПлагинМусора...  
[04:57:15.352] [16] [ Info] [Eco] Запуск ПлагинЭкономики...  
[04:57:15.359] [24] [ Info] [Eco] Загружаем Garbage...  
[04:57:15.359] [16] [ Info] [Eco] Загружаем Economy...  
[04:57:15.685] [16] [ Info] [Eco] Запуск Законодательство...  
[04:57:15.686] [13] [ Info] [Eco] Загружаем Disasters...  
[04:57:15.686] [25] [ Info] [Eco] Загружаем Chat...  
[04:57:17.329] [16] [ Info] [Eco] Загружаем Laws...  
[04:57:17.417] [16] [ Info] [Eco] Запуск МенеджерСобственности...  
[04:57:17.424] [16] [ Info] [Eco] Загружаем Property...  
[04:57:17.546] [16] [ Info] [Eco] Запуск МенеджерМиникарты...  
[04:57:17.546] [16] [ Info] [Eco] Запуск СимуляцияЭко...  
[04:57:17.615] [16] [ Info] [Eco] Загружаем Plants...  
[04:57:19.037] [16] [ Info] [Eco] Инициализация растений...  
[04:57:24.098] [16] [ Info] [Eco] Запуск RouteProbingPlugin...  
[04:57:24.098] [16] [ Info] [Eco] Загружаем RouteProbing...  
[04:57:26.193] [16] [ Info] [Eco] Запуск МенеджерСлоёвМира...  
[04:57:26.193] [16] [ Info] [Eco] Загружаем Layers...  
[04:57:26.833] [16] [ Info] [Eco] Инициализация слоёв мира...  
[04:57:26.845] [16] [ Info] [Eco] Загружаем ClimateSim...  
[04:57:30.027] [16] [ Info] [Eco] Запуск ТрекерЭкономики...  
[04:57:30.035] [16] [ Info] [Eco] Запуск UserTracker...  
[04:57:30.035] [16] [ Info] [Eco] Запуск МенеджерМировыхОбъектов...  
[04:57:30.132] [16] [ Info] [Eco] Загружаем WorldObjects...  
[04:57:30.740] [16] [ Info] [Eco] Запуск ПлагинКомнат...  
[04:57:30.740] [16] [ Info] [Eco] Загружаем Rooms...  
[04:57:30.758] [16] [ Info] [Eco] Запуск ПлагинЦелей...  
[04:57:30.758] [16] [ Info] [Eco] Загружаем Objectives...  
[04:57:30.776] [16] [ Info] [Eco] Запуск ПлагинСна...  
[04:57:30.782] [1] [ Info] [Eco] Запуск ПлагинВебСервера...  
[04:57:30.796] [1] [ Info] [Eco] Запуск OtherAliasCategory...  
[04:57:30.796] [35] [ Info] [Eco] Запуск Asphalt...  
[04:57:30.796] [24] [ Info] [Eco] Запуск ПлагинТестовИнтеграции...  
[04:57:30.796] [13] [ Info] [Eco] Запуск DiscordLink...  
[04:57:30.933] [1] [ Info] [Eco] Инициализируем ПлагинПеревода...  
[04:57:30.936] [1] [ Info] [Eco] Инициализируем ПлагинНабораМодификаций...  
[04:57:31.169] [1] [ Info] [Eco] Инициализируем ПлагинГенератораМира...  
[04:57:31.171] [1] [ Info] [Eco] Инициализируем МенеджерПользователей...  
[04:57:31.264] [1] [ Info] [Eco] Инициализируем ПлагинМусора...  
[04:57:31.296] [1] [ Info] [Eco] Инициализируем ПлагинЭкономики...  
[04:57:31.392] [1] [ Info] [Eco] Инициализируем Законодательство...  
[04:57:33.385] [1] [ Info] [Eco] Инициализируем МенеджерСобственности...  
[04:57:33.441] [1] [ Info] [Eco] Инициализируем МенеджерМиникарты...  
[04:57:34.392] [1] [ Info] [Eco] Инициализируем UserTracker...  
[04:57:34.392] [1] [ Info] [Eco] Инициализируем МенеджерМировыхОбъектов...  
[04:57:37.030] [1] [ Info] [Eco] Инициализируем ПлагинКомнат...  
[04:57:38.156] [1] [ Info] [Eco] Инициализируем ПлагинСна...  
[04:57:38.156] [1] [ Info] [Eco] Инициализируем DiscordLink...  
[04:57:38.195] [1] [ Info] [Eco] Инициализируем ПлагинМира...  
[04:57:38.195] [1] [ Info] [Eco] Обработка...  
[04:57:41.223] [1] [ Info] [Eco] Сжатие...  
[04:57:41.238] [138] [ Info] [Eco] DISCORDLINK: Connected to Discord.

 
[04:57:43.323] [141] [ Info] [Eco] DISCORDLINK: Connected and Ready
 
[04:57:44.508] [1] [ Info] [Eco] Инициализируем МенеджерСети...  
[04:57:44.737] [1] [ Info] [Eco] Инициализируем МенеджерСлоёвМира...  
[04:57:44.737] [1] [ Info] [Eco] Инициализируем ПлагинВебСервера...  
[04:57:45.595] [1] [ Info] [Eco] Инициализируем ПлагинТестовИнтеграции...  
[04:57:45.696] [1] [ Info] [Eco] Server Initialization завершена за 43 136,4мс
 
