[15:13:50.785] [1] [ Info] [Eco] >>> START EcoServer, Version=1.0.0.0, Culture=neutral, PublicKeyToken=null 
[15:13:50.815] [1] [ Info] [Eco] Eco Server 0.8.3.3 beta
 
[15:13:50.945] [1] [ Info] [Eco] Server Initialization...  
[15:13:50.945] [1] [ Info] [Eco] Starting LocalizationPlugin...  
[15:13:51.651] [1] [ Info] [Eco] Запуск ПлагинНабораМодификаций...  
[15:13:51.651] [1] [ Info] [Eco] Загрузка модификаций...  
[15:13:52.042] [1] [ Info] [Eco] Компилирование модификаций...  
[15:13:54.177] [1] [ Info] [Eco] Загружаем 0Harmony...
 
[15:13:54.183] [1] [ Info] [Eco] Загружаем Asphalt-ModKit...
 
[15:13:54.343] [1] [ Info] [Eco] Загружаем DiscordLink_blue...
 
[15:13:54.407] [1] [ Info] [Eco] Загружаем Eco.IntegrationTests...
 
[15:13:54.407] [1] [ Info] [Eco] Загружаем em-base...
 
[15:13:54.407] [1] [ Info] [Eco] Загружаем NoPlayerCredits...
 
[15:13:54.407] [1] [ Info] [Eco] Загружаем em-greenenergy...
 
[15:13:54.418] [1] [ Info] [Eco] Загружаем em-realisticsmelting...
 
[15:13:54.418] [1] [ Info] [Eco] Загружаем em-shippingcontainers...
 
[15:13:54.418] [1] [ Info] [Eco] Загружаем em-tailingspack...
 
[15:13:54.418] [1] [ Info] [Eco] Загружаем em-arches...
 
[15:13:54.418] [1] [ Info] [Eco] Загружаем em-doors...
 
[15:13:54.418] [1] [ Info] [Eco] Загружаем em-dyes...
 
[15:13:54.435] [1] [ Info] [Eco] Загружаем em-homeobjects...
 
[15:13:54.435] [1] [ Info] [Eco] Загружаем em-transportation...
 
[15:13:54.435] [1] [ Info] [Eco] Загружаем em-windows...
 
[15:13:54.455] [1] [ Info] [Eco] Загружаем em-zymology...
 
[15:13:54.455] [1] [ Info] [Eco] Загружаем HPStorage...
 
[15:13:54.465] [1] [ Info] [Eco] Загружаем NidToolbox...
 
[15:13:54.465] [1] [ Info] [Eco] Загрузка модификаций завершена за 2 818,9мс
 
[15:13:54.465] [1] [ Info] [Eco] Запуск МенеджерСети...  
[15:13:54.481] [6] [ Info] [Eco] Инициализация типов симуляции...  
[15:13:54.533] [14] [ Info] [Eco] Запуск ПлагинГенератораМира...  
[15:13:54.533] [17] [ Info] [Eco] Запуск ПлагинИгровойСтатистики...  
[15:13:54.533] [9] [ Info] [Eco] Запуск ПлагинРезервногоКопирования...  
[15:13:54.547] [9] [ Info] [Eco] Запуск МенеджерХранилища...  
[15:13:55.328] [6] [ Info] [Eco] Инициализация предметов...  
[15:13:55.398] [6] [ Info] [NidToolbox] Checking Settings.json 
[15:13:55.398] [6] [ Info] [NidToolbox] Config file: Mods\NidToolbox\Config\Settings.json exists. 
[15:13:55.403] [6] [ Info] [NidToolbox] Json file: Mods\NidToolbox\Config\Settings.json readable and correct. 
[15:13:55.403] [6] [ Info] [NidToolbox] Checking CommandPermissions.json 
[15:13:55.403] [6] [ Info] [NidToolbox] Config file: Mods\NidToolbox\Config\CommandPermissions.json exists. 
[15:13:55.403] [6] [ Info] [NidToolbox] Json file: Mods\NidToolbox\Config\CommandPermissions.json readable and correct. 
[15:13:55.403] [6] [ Info] [NidToolbox] Checking TimerMessages.json 
[15:13:55.403] [6] [ Info] [NidToolbox] Config file: Mods\NidToolbox\Config\TimerMessages.json exists. 
[15:13:55.403] [6] [ Info] [NidToolbox] Json file: Mods\NidToolbox\Config\TimerMessages.json readable and correct. 
[15:13:55.403] [6] [ Info] [NidToolbox] Checking ScheduledMessages.json 
[15:13:55.403] [6] [ Info] [NidToolbox] Config file: Mods\NidToolbox\Config\ScheduledMessages.json exists. 
[15:13:55.418] [6] [ Info] [NidToolbox] Json file: Mods\NidToolbox\Config\ScheduledMessages.json readable and correct. 
[15:13:55.418] [6] [ Info] [NidToolbox] No UserHomes directory, skipping user homes config checks. 
[15:13:58.837] [9] [ Info] [Eco] Запуск Плагин паузы...  
[15:13:58.845] [9] [ Info] [Eco] Загружаем Pause...  
[15:13:59.207] [6] [ Info] [Eco] Инициализация навыков...  
[15:13:59.313] [5] [ Info] [Eco] Запуск БДСтатистики...  
[15:13:59.313] [11] [ Info] [Eco] Запуск ПлагинМира...  
[15:13:59.358] [11] [ Info] [Eco] Загружаем World...  
[15:14:02.548] [11] [ Info] [Eco] Инициализация мира...  
[15:14:03.561] [11] [ Info] [Eco] Запуск ПлагинВремени...  
[15:14:03.561] [11] [ Info] [Eco] Загружаем Time...  
[15:14:03.561] [11] [ Info] [Eco] Запуск ПлагинРепутации...  
[15:14:03.561] [11] [ Info] [Eco] Загружаем Reputation...  
[15:14:03.579] [11] [ Info] [Eco] Запуск МенеджерЖильяИгроков...  
[15:14:03.579] [11] [ Info] [Eco] Запуск МенеджерПользователей...  
[15:14:03.627] [11] [ Info] [Eco] Загружаем Users...  
[15:14:03.767] [11] [ Info] [Eco] Инициализация инвентарей...  
[15:14:03.809] [11] [ Info] [Eco] Запуск МенеджерОбъектовЭко...  
[15:14:03.809] [29] [ Info] [Eco] Запуск ПлагинМусора...  
[15:14:03.809] [28] [ Info] [Eco] Запуск VoiceManager...  
[15:14:03.809] [34] [ Info] [Eco] Запуск ПлагинЭкономики...  
[15:14:03.809] [23] [ Info] [Eco] Запуск НастройкиСложности...  
[15:14:03.809] [22] [ Info] [Eco] Запуск СерверЧата...  
[15:14:03.809] [36] [ Info] [Eco] Запуск ПлагинУгроз...  
[15:14:03.809] [9] [ Info] [Eco] Запуск МенеджерКонтроллера...  
[15:14:03.809] [29] [ Info] [Eco] Загружаем Garbage...  
[15:14:03.824] [34] [ Info] [Eco] Загружаем Economy...  
[15:14:03.981] [34] [ Info] [Eco] Запуск Законодательство...  
[15:14:03.981] [36] [ Info] [Eco] Загружаем Disasters...  
[15:14:03.981] [34] [ Info] [Eco] Загружаем Laws...  
[15:14:04.096] [34] [ Info] [Eco] Запуск МенеджерСобственности...  
[15:14:04.096] [22] [ Info] [Eco] Загружаем Chat...  
[15:14:04.125] [34] [ Info] [Eco] Загружаем Property...  
[15:14:04.192] [34] [ Info] [Eco] Запуск МенеджерМиникарты...  
[15:14:04.192] [34] [ Info] [Eco] Запуск СимуляцияЭко...  
[15:14:04.260] [34] [ Info] [Eco] Загружаем Plants...  
[15:14:06.487] [34] [ Info] [Eco] Инициализация растений...  
[15:14:17.139] [34] [ Info] [Eco] Запуск RouteProbingPlugin...  
[15:14:17.139] [34] [ Info] [Eco] Загружаем RouteProbing...  
[15:14:20.348] [34] [ Info] [Eco] Запуск МенеджерСлоёвМира...  
[15:14:20.348] [34] [ Info] [Eco] Загружаем Layers...  
[15:14:21.035] [34] [ Info] [Eco] Инициализация слоёв мира...  
[15:14:21.035] [34] [ Info] [Eco] Загружаем ClimateSim...  
[15:14:24.540] [34] [ Info] [Eco] Запуск ТрекерЭкономики...  
[15:14:24.556] [34] [ Info] [Eco] Запуск UserTracker...  
[15:14:24.560] [34] [ Info] [Eco] Запуск МенеджерМировыхОбъектов...  
[15:14:24.658] [34] [ Info] [Eco] Загружаем WorldObjects...  
[15:14:24.776] [34] [ Info] [Eco] Запуск ПлагинКомнат...  
[15:14:24.778] [34] [ Info] [Eco] Загружаем Rooms...  
[15:14:24.778] [34] [ Info] [Eco] Запуск ПлагинЦелей...  
[15:14:24.778] [34] [ Info] [Eco] Загружаем Objectives...  
[15:14:24.805] [34] [ Info] [Eco] Запуск ПлагинСна...  
[15:14:24.805] [34] [ Info] [Eco] Загружаем Sleep...  
[15:14:24.811] [1] [ Info] [Eco] Запуск ПлагинВебСервера...  
[15:14:24.811] [1] [ Info] [Eco] Запуск OtherAliasCategory...  
[15:14:24.811] [8] [ Info] [Eco] Запуск NoPlayerCreditsPlugin...  
[15:14:24.811] [33] [ Info] [Eco] Запуск NidToolboxPlugin...  
[15:14:24.811] [30] [ Info] [Eco] Запуск Asphalt...  
[15:14:24.811] [19] [ Info] [Eco] Запуск ChatBase...  
[15:14:24.811] [25] [ Info] [Eco] Запуск DiscordLink...  
[15:14:24.824] [9] [ Info] [Eco] Запуск ПлагинТестовИнтеграции...  
[15:14:24.917] [1] [ Info] [Eco] Инициализируем ПлагинПеревода...  
[15:14:24.917] [1] [ Info] [Eco] Инициализируем ПлагинНабораМодификаций...  
[15:14:25.222] [1] [ Info] [Eco] Инициализируем ПлагинГенератораМира...  
[15:14:25.222] [1] [ Info] [Eco] Инициализируем МенеджерПользователей...  
[15:14:25.269] [1] [ Info] [Eco] Инициализируем ПлагинМусора...  
[15:14:25.279] [1] [ Info] [Eco] Инициализируем ПлагинЭкономики...  
[15:14:25.297] [1] [ Info] [Eco] Инициализируем Законодательство...  
[15:14:28.017] [1] [ Info] [Eco] Инициализируем МенеджерСобственности...  
[15:14:28.031] [1] [ Info] [Eco] Инициализируем МенеджерМиникарты...  
[15:14:29.002] [1] [ Info] [Eco] Инициализируем UserTracker...  
[15:14:29.002] [1] [ Info] [Eco] Инициализируем МенеджерМировыхОбъектов...  
[15:14:29.240] [1] [ Info] [Eco] Инициализируем ПлагинКомнат...  
[15:14:29.358] [1] [ Info] [Eco] Инициализируем ПлагинСна...  
[15:14:29.358] [1] [ Info] [Eco] Инициализируем NidToolboxPlugin...  
[15:14:29.381] [1] [ Info] [NidToolbox] Checking declared file: Mods\NidToolbox\Texts\Motd.txt 
[15:14:29.381] [1] [ Info] [NidToolbox] Config file:  Mods\NidToolbox\Texts\Motd.txt exists. 
[15:14:29.381] [1] [ Info] [NidToolbox] Config file:  Mods\NidToolbox\Texts\Motd.txt readable. 
[15:14:29.381] [1] [ Info] [NidToolbox] Checking declared file: Mods\NidToolbox\Texts\Rules.txt 
[15:14:29.386] [1] [ Info] [NidToolbox] Config file:  Mods\NidToolbox\Texts\Rules.txt exists. 
[15:14:29.386] [1] [ Info] [NidToolbox] Config file:  Mods\NidToolbox\Texts\Rules.txt readable. 
[15:14:29.386] [1] [ Info] [NidToolbox] Checking declared file: Mods\NidToolbox\Texts\ServerChangelog.txt 
[15:14:29.386] [1] [ Info] [NidToolbox] Config file:  Mods\NidToolbox\Texts\ServerChangelog.txt exists. 
[15:14:29.386] [1] [ Info] [NidToolbox] Config file:  Mods\NidToolbox\Texts\ServerChangelog.txt readable. 
[15:14:29.496] [1] [ Info] [Eco] Инициализируем NoPlayerCreditsPlugin...  
[15:14:29.496] [1] [ Info] [Eco] Инициализируем DiscordLink...  
[15:14:29.532] [1] [ Info] [Eco] Инициализируем ПлагинМира...  
[15:14:29.532] [1] [ Info] [Eco] Обработка...  
[15:14:31.791] [1] [ Info] [Eco] Сжатие...  
[15:14:32.073] [138] [ Info] [Eco] DISCORDLINK: Connected to Discord.

 
[15:14:35.429] [1] [ Info] [Eco] Инициализируем МенеджерСети...  
[15:14:35.673] [1] [ Info] [Eco] Инициализируем МенеджерСлоёвМира...  
[15:14:35.673] [1] [ Info] [Eco] Инициализируем ПлагинВебСервера...  
[15:14:36.066] [139] [ Info] [Eco] DISCORDLINK: Connected and Ready
 
[15:14:36.582] [1] [ Info] [Eco] Инициализируем ПлагинТестовИнтеграции...  
[15:14:36.582] [1] [ Info] [NidToolbox] OK - Mono not detected, not a Linux environment 
[15:14:36.592] [1] [ Info] [NidToolbox] All commands in config up to date. 
[15:14:36.654] [1] [ Info] [NidToolbox] Running NidToolbox version 1.8.7 
[15:14:36.675] [1] [ Info] [Eco] Server Initialization завершена за 45 728,6мс
 
[15:44:37.360] [11] [ Info] [Eco] Удалена резервная копия - D:/EcoBackup/Storage\Backup\Game-2020-02-29-03.01.39
 
[16:14:36.980] [36] [ Info] [Eco] Удалена резервная копия - D:/EcoBackup/Storage\Backup\Game-2020-03-01-02.31.39
 
[16:14:37.035] [36] [ Info] [Eco] Удалена резервная копия - D:/EcoBackup/Storage\Backup\Game-2020-02-29-04.01.39
 
[17:14:37.172] [32] [ Info] [Eco] Удалена резервная копия - D:/EcoBackup/Storage\Backup\Game-2020-02-29-05.01.39
 
[17:44:37.180] [31] [ Info] [Eco] Удалена резервная копия - D:/EcoBackup/Storage\Backup\Game-2020-03-01-16.44.36
 
[18:14:37.168] [26] [ Info] [Eco] Удалена резервная копия - D:/EcoBackup/Storage\Backup\Game-2020-02-29-06.01.39
 
[18:44:37.189] [12] [ Info] [Eco] Удалена резервная копия - D:/EcoBackup/Storage\Backup\Game-2020-03-01-17.44.36
 
[19:14:37.193] [36] [ Info] [Eco] Удалена резервная копия - D:/EcoBackup/Storage\Backup\Game-2020-02-29-07.01.39
 
[19:44:37.193] [22] [ Info] [Eco] Удалена резервная копия - D:/EcoBackup/Storage\Backup\Game-2020-03-01-18.44.36
 
[20:14:36.848] [31] [ Info] [Eco] Удалена резервная копия - D:/EcoBackup/Storage\Backup\Game-2020-02-29-08.01.39
 
[20:44:36.838] [26] [ Info] [Eco] Удалена резервная копия - D:/EcoBackup/Storage\Backup\Game-2020-03-01-19.44.36
 
[21:14:36.858] [17] [ Info] [Eco] Удалена резервная копия - D:/EcoBackup/Storage\Backup\Game-2020-02-29-09.01.39
 
[21:44:37.217] [12] [ Info] [Eco] Удалена резервная копия - D:/EcoBackup/Storage\Backup\Game-2020-03-01-20.44.36
 
[22:14:37.203] [17] [ Info] [Eco] Удалена резервная копия - D:/EcoBackup/Storage\Backup\Game-2020-02-29-10.01.39
 
[22:44:37.247] [24] [ Info] [Eco] Удалена резервная копия - D:/EcoBackup/Storage\Backup\Game-2020-03-01-21.44.36
 
[22:59:18.092] [34] [ Info] [log] AmeriQ invoked admin command '/fly' 
[23:00:27.665] [34] [ Info] [log] AmeriQ invoked admin command '/give верстак' 
[23:01:06.442] [34] [ Info] [log] AmeriQ invoked admin command '/record' 
[23:01:19.456] [34] [ Info] [log] AmeriQ invoked admin command '/fly' 
[23:02:45.540] [140] [ Info] [log] letmeplay invoked admin command '/fly' 
[23:03:13.333] [34] [ Info] [log] AmeriQ invoked admin command '/record' 
[23:04:16.444] [34] [ Info] [log] AmeriQ invoked admin command '/fly' 
[23:10:21.917] [34] [ Info] [log] AmeriQ invoked admin command '/record' 
[23:14:37.405] [26] [ Info] [Eco] Удалена резервная копия - D:/EcoBackup/Storage\Backup\Game-2020-02-29-11.01.39
 
[23:19:58.529] [34] [ Info] [log] AmeriQ invoked admin command '/fly' 
[23:30:56.220] [34] [ Info] [log] AmeriQ invoked admin command '/fly' 
[23:31:07.461] [34] [ Info] [log] AmeriQ invoked admin command '/fly' 
[23:37:13.138] [34] [ Info] [log] AmeriQ invoked admin command '/fly' 
[23:38:11.340] [34] [ Info] [log] AmeriQ invoked admin command '/fly' 
[23:38:14.950] [34] [ Info] [log] AmeriQ invoked admin command '/fly' 
[23:38:18.616] [34] [ Info] [log] AmeriQ invoked admin command '/fly' 
[23:40:29.016] [16] [ Info] [log] AmeriQ invoked admin command '/teleportplayer Letmeplay' 
[23:40:33.980] [16] [ Info] [log] AmeriQ invoked admin command '/teleportplayer letmeplay' 
[23:44:37.303] [32] [ Info] [Eco] Удалена резервная копия - D:/EcoBackup/Storage\Backup\Game-2020-03-01-22.44.36
 
[23:44:44.669] [16] [ Info] [log] AmeriQ invoked admin command '/fly' 
[23:53:26.753] [16] [ Info] [log] AmeriQ invoked admin command '/givealltools 0' 
[23:53:47.217] [16] [ Info] [log] AmeriQ invoked admin command '/give доменная печь' 
[23:54:26.118] [16] [ Info] [log] AmeriQ invoked admin command '/give bloomery' 
[23:54:42.123] [16] [ Info] [log] AmeriQ invoked admin command '/give workbench' 
[23:57:59.023] [16] [ Info] [log] AmeriQ invoked admin command '/give шкаф рыбака' 
[23:59:17.315] [16] [ Info] [log] AmeriQ invoked admin command '/dump' 
[00:12:38.271] [16] [ Info] [log] AmeriQ invoked admin command '/give workbench' 
[00:14:37.310] [24] [ Info] [Eco] Удалена резервная копия - D:/EcoBackup/Storage\Backup\Game-2020-02-29-12.01.39
 
[00:14:37.362] [24] [ Info] [Eco] Удалена резервная копия - D:/EcoBackup/Storage\Backup\Game-2020-02-28-00.01.38
 
[00:19:41.406] [16] [ Info] [log] AmeriQ invoked admin command '/givealltools 0' 
[00:20:25.586] [16] [ Info] [log] AmeriQ invoked admin command '/dump' 
[00:44:37.323] [23] [ Info] [Eco] Удалена резервная копия - D:/EcoBackup/Storage\Backup\Game-2020-03-01-23.44.36
 
[01:14:37.311] [17] [ Info] [Eco] Удалена резервная копия - D:/EcoBackup/Storage\Backup\Game-2020-02-29-13.01.39
 
[01:20:57.358] [16] [ Info] [log] AmeriQ invoked admin command '/give steel shipping conainer' 
[01:21:05.345] [16] [ Info] [log] AmeriQ invoked admin command '/give steel shipping container' 
[01:30:24.215] [16] [ Info] [log] AmeriQ invoked admin command '/fly' 
[01:44:37.361] [11] [ Info] [Eco] Удалена резервная копия - D:/EcoBackup/Storage\Backup\Game-2020-03-02-00.44.36
 
[02:14:37.339] [22] [ Info] [Eco] Удалена резервная копия - D:/EcoBackup/Storage\Backup\Game-2020-02-29-14.01.39
 
[02:23:28.948] [1] [ Info] [Eco] Сохранение...
 
[02:23:28.952] [1] [ Info] [Eco] Сохранение мира...  
[02:23:32.549] [1] [ Info] [Eco] Готово
 
[02:23:32.721] [1] [ Info] [Eco] Выключение завершено
 
