[05:22:10.759] [1] [ Info] [Eco] >>> START EcoServer, Version=1.0.0.0, Culture=neutral, PublicKeyToken=null 
[05:22:10.788] [1] [ Info] [Eco] Eco Server 0.8.3.3 beta
 
[05:22:10.867] [1] [ Info] [Eco] Server Initialization...  
[05:22:10.867] [1] [ Info] [Eco] Starting LocalizationPlugin...  
[05:22:11.234] [1] [ Info] [Eco] Запуск ПлагинНабораМодификаций...  
[05:22:11.234] [1] [ Info] [Eco] Загрузка модификаций...  
[05:22:11.505] [1] [ Info] [Eco] Компилирование модификаций...  
[05:22:12.961] [1] [ Info] [Eco] Загружаем 0Harmony...
 
[05:22:12.961] [1] [ Info] [Eco] Загружаем Asphalt-ModKit...
 
[05:22:13.084] [1] [ Info] [Eco] Загружаем DiscordLink_blue...
 
[05:22:13.129] [1] [ Info] [Eco] Загружаем Eco.IntegrationTests...
 
[05:22:13.129] [1] [ Info] [Eco] Загружаем em-base...
 
[05:22:13.129] [1] [ Info] [Eco] Загружаем NoPlayerCredits...
 
[05:22:13.129] [1] [ Info] [Eco] Загружаем em-greenenergy...
 
[05:22:13.129] [1] [ Info] [Eco] Загружаем em-realisticsmelting...
 
[05:22:13.129] [1] [ Info] [Eco] Загружаем em-shippingcontainers...
 
[05:22:13.129] [1] [ Info] [Eco] Загружаем em-tailingspack...
 
[05:22:13.129] [1] [ Info] [Eco] Загружаем em-arches...
 
[05:22:13.129] [1] [ Info] [Eco] Загружаем em-doors...
 
[05:22:13.147] [1] [ Info] [Eco] Загружаем em-dyes...
 
[05:22:13.147] [1] [ Info] [Eco] Загружаем em-homeobjects...
 
[05:22:13.147] [1] [ Info] [Eco] Загружаем em-transportation...
 
[05:22:13.147] [1] [ Info] [Eco] Загружаем em-windows...
 
[05:22:13.165] [1] [ Info] [Eco] Загружаем em-zymology...
 
[05:22:13.165] [1] [ Info] [Eco] Загружаем NidToolbox...
 
[05:22:13.176] [1] [ Info] [Eco] Загрузка модификаций завершена за 1 939,2мс
 
[05:22:13.176] [1] [ Info] [Eco] Запуск МенеджерСети...  
[05:22:13.176] [6] [ Info] [Eco] Инициализация типов симуляции...  
[05:22:13.246] [5] [ Info] [Eco] Запуск ПлагинГенератораМира...  
[05:22:13.246] [16] [ Info] [Eco] Запуск ПлагинРезервногоКопирования...  
[05:22:13.246] [14] [ Info] [Eco] Запуск ПлагинИгровойСтатистики...  
[05:22:13.254] [16] [ Info] [Eco] Запуск МенеджерХранилища...  
[05:22:14.736] [6] [ Info] [Eco] Инициализация предметов...  
[05:22:14.809] [6] [ Info] [NidToolbox] Checking Settings.json 
[05:22:14.809] [6] [ Info] [NidToolbox] Config file: Mods\NidToolbox\Config\Settings.json exists. 
[05:22:14.817] [6] [ Info] [NidToolbox] Json file: Mods\NidToolbox\Config\Settings.json readable and correct. 
[05:22:14.817] [6] [ Info] [NidToolbox] Checking CommandPermissions.json 
[05:22:14.817] [6] [ Info] [NidToolbox] Config file: Mods\NidToolbox\Config\CommandPermissions.json exists. 
[05:22:14.817] [6] [ Info] [NidToolbox] Json file: Mods\NidToolbox\Config\CommandPermissions.json readable and correct. 
[05:22:14.817] [6] [ Info] [NidToolbox] Checking TimerMessages.json 
[05:22:14.834] [6] [ Info] [NidToolbox] Config file: Mods\NidToolbox\Config\TimerMessages.json exists. 
[05:22:14.834] [6] [ Info] [NidToolbox] Json file: Mods\NidToolbox\Config\TimerMessages.json readable and correct. 
[05:22:14.834] [6] [ Info] [NidToolbox] Checking ScheduledMessages.json 
[05:22:14.834] [6] [ Info] [NidToolbox] Config file: Mods\NidToolbox\Config\ScheduledMessages.json exists. 
[05:22:14.834] [6] [ Info] [NidToolbox] Json file: Mods\NidToolbox\Config\ScheduledMessages.json readable and correct. 
[05:22:14.834] [6] [ Info] [NidToolbox] No UserHomes directory, skipping user homes config checks. 
[05:22:15.786] [16] [ Info] [Eco] Запуск Плагин паузы...  
[05:22:15.786] [16] [ Info] [Eco] Загружаем Pause...  
[05:22:17.858] [6] [ Info] [Eco] Инициализация навыков...  
[05:22:17.963] [8] [ Info] [Eco] Запуск БДСтатистики...  
[05:22:17.963] [7] [ Info] [Eco] Запуск ПлагинМира...  
[05:22:18.020] [7] [ Info] [Eco] Загружаем World...  
[05:22:21.146] [7] [ Info] [Eco] Инициализация мира...  
[05:22:22.207] [7] [ Info] [Eco] Запуск ПлагинВремени...  
[05:22:22.207] [7] [ Info] [Eco] Загружаем Time...  
[05:22:22.207] [7] [ Info] [Eco] Запуск ПлагинРепутации...  
[05:22:22.207] [7] [ Info] [Eco] Загружаем Reputation...  
[05:22:22.207] [7] [ Info] [Eco] Запуск МенеджерЖильяИгроков...  
[05:22:22.223] [7] [ Info] [Eco] Запуск МенеджерПользователей...  
[05:22:22.267] [7] [ Info] [Eco] Загружаем Users...  
[05:22:22.404] [7] [ Info] [Eco] Инициализация инвентарей...  
[05:22:22.448] [7] [ Info] [Eco] Запуск МенеджерОбъектовЭко...  
[05:22:22.448] [16] [ Info] [Eco] Запуск ПлагинМусора...  
[05:22:22.448] [32] [ Info] [Eco] Запуск МенеджерКонтроллера...  
[05:22:22.448] [7] [ Info] [Eco] Запуск ПлагинЭкономики...  
[05:22:22.448] [18] [ Info] [Eco] Запуск VoiceManager...  
[05:22:22.458] [21] [ Info] [Eco] Запуск СерверЧата...  
[05:22:22.458] [26] [ Info] [Eco] Запуск ПлагинУгроз...  
[05:22:22.458] [16] [ Info] [Eco] Загружаем Garbage...  
[05:22:22.458] [22] [ Info] [Eco] Запуск НастройкиСложности...  
[05:22:22.458] [7] [ Info] [Eco] Загружаем Economy...  
[05:22:22.545] [7] [ Info] [Eco] Запуск Законодательство...  
[05:22:22.567] [26] [ Info] [Eco] Загружаем Disasters...  
[05:22:22.631] [21] [ Info] [Eco] Загружаем Chat...  
[05:22:22.631] [7] [ Info] [Eco] Загружаем Laws...  
[05:22:22.697] [7] [ Info] [Eco] Запуск МенеджерСобственности...  
[05:22:22.697] [7] [ Info] [Eco] Загружаем Property...  
[05:22:22.761] [7] [ Info] [Eco] Запуск МенеджерМиникарты...  
[05:22:22.761] [7] [ Info] [Eco] Запуск СимуляцияЭко...  
[05:22:22.828] [7] [ Info] [Eco] Загружаем Plants...  
[05:22:24.731] [7] [ Info] [Eco] Инициализация растений...  
[05:22:32.479] [7] [ Info] [Eco] Запуск RouteProbingPlugin...  
[05:22:32.479] [7] [ Info] [Eco] Загружаем RouteProbing...  
[05:22:35.721] [7] [ Info] [Eco] Запуск МенеджерСлоёвМира...  
[05:22:35.726] [7] [ Info] [Eco] Загружаем Layers...  
[05:22:36.343] [7] [ Info] [Eco] Инициализация слоёв мира...  
[05:22:36.349] [7] [ Info] [Eco] Загружаем ClimateSim...  
[05:22:39.897] [7] [ Info] [Eco] Запуск ТрекерЭкономики...  
[05:22:39.911] [7] [ Info] [Eco] Запуск UserTracker...  
[05:22:39.911] [7] [ Info] [Eco] Запуск МенеджерМировыхОбъектов...  
[05:22:40.017] [7] [ Info] [Eco] Загружаем WorldObjects...  
[05:22:40.085] [7] [ Info] [Eco] Запуск ПлагинКомнат...  
[05:22:40.085] [7] [ Info] [Eco] Загружаем Rooms...  
[05:22:40.102] [7] [ Info] [Eco] Запуск ПлагинЦелей...  
[05:22:40.102] [7] [ Info] [Eco] Загружаем Objectives...  
[05:22:40.116] [7] [ Info] [Eco] Запуск ПлагинСна...  
[05:22:40.116] [7] [ Info] [Eco] Загружаем Sleep...  
[05:22:40.116] [1] [ Info] [Eco] Запуск ПлагинВебСервера...  
[05:22:40.132] [1] [ Info] [Eco] Запуск OtherAliasCategory...  
[05:22:40.132] [29] [ Info] [Eco] Запуск ПлагинТестовИнтеграции...  
[05:22:40.132] [12] [ Info] [Eco] Запуск Asphalt...  
[05:22:40.132] [13] [ Info] [Eco] Запуск DiscordLink...  
[05:22:40.132] [7] [ Info] [Eco] Запуск ChatBase...  
[05:22:40.132] [16] [ Info] [Eco] Запуск NoPlayerCreditsPlugin...  
[05:22:40.132] [34] [ Info] [Eco] Запуск NidToolboxPlugin...  
[05:22:40.240] [1] [ Info] [Eco] Инициализируем ПлагинПеревода...  
[05:22:40.240] [1] [ Info] [Eco] Инициализируем ПлагинНабораМодификаций...  
[05:22:40.524] [1] [ Info] [Eco] Инициализируем ПлагинГенератораМира...  
[05:22:40.524] [1] [ Info] [Eco] Инициализируем МенеджерПользователей...  
[05:22:40.566] [1] [ Info] [Eco] Инициализируем ПлагинМусора...  
[05:22:40.576] [1] [ Info] [Eco] Инициализируем ПлагинЭкономики...  
[05:22:40.602] [1] [ Info] [Eco] Инициализируем Законодательство...  
[05:22:41.082] [1] [ Info] [Eco] Инициализируем МенеджерСобственности...  
[05:22:41.093] [1] [ Info] [Eco] Инициализируем МенеджерМиникарты...  
[05:22:42.052] [1] [ Info] [Eco] Инициализируем UserTracker...  
[05:22:42.052] [1] [ Info] [Eco] Инициализируем МенеджерМировыхОбъектов...  
[05:22:42.217] [1] [ Info] [Eco] Инициализируем ПлагинКомнат...  
[05:22:42.289] [1] [ Info] [Eco] Инициализируем ПлагинСна...  
[05:22:42.289] [1] [ Info] [Eco] Инициализируем NidToolboxPlugin...  
[05:22:42.289] [1] [ Info] [NidToolbox] Checking declared file: Mods\NidToolbox\Texts\Motd.txt 
[05:22:42.301] [1] [ Info] [NidToolbox] Config file:  Mods\NidToolbox\Texts\Motd.txt exists. 
[05:22:42.301] [1] [ Info] [NidToolbox] Config file:  Mods\NidToolbox\Texts\Motd.txt readable. 
[05:22:42.301] [1] [ Info] [NidToolbox] Checking declared file: Mods\NidToolbox\Texts\Rules.txt 
[05:22:42.301] [1] [ Info] [NidToolbox] Config file:  Mods\NidToolbox\Texts\Rules.txt exists. 
[05:22:42.301] [1] [ Info] [NidToolbox] Config file:  Mods\NidToolbox\Texts\Rules.txt readable. 
[05:22:42.301] [1] [ Info] [NidToolbox] Checking declared file: Mods\NidToolbox\Texts\ServerChangelog.txt 
[05:22:42.301] [1] [ Info] [NidToolbox] Config file:  Mods\NidToolbox\Texts\ServerChangelog.txt exists. 
[05:22:42.301] [1] [ Info] [NidToolbox] Config file:  Mods\NidToolbox\Texts\ServerChangelog.txt readable. 
[05:22:42.439] [1] [ Info] [Eco] Инициализируем NoPlayerCreditsPlugin...  
[05:22:42.439] [1] [ Info] [Eco] Инициализируем DiscordLink...  
[05:22:42.471] [1] [ Info] [Eco] Инициализируем ПлагинМира...  
[05:22:42.473] [1] [ Info] [Eco] Обработка...  
[05:22:44.348] [1] [ Info] [Eco] Сжатие...  
[05:22:48.030] [1] [ Info] [Eco] Инициализируем МенеджерСети...  
[05:22:48.061] [141] [ Info] [Eco] DISCORDLINK: Connected to Discord.

 
[05:22:48.249] [1] [ Info] [Eco] Инициализируем МенеджерСлоёвМира...  
[05:22:48.249] [1] [ Info] [Eco] Инициализируем ПлагинВебСервера...  
[05:22:48.819] [141] [ Info] [Eco] DISCORDLINK: Connected and Ready
 
[05:22:49.017] [1] [ Info] [Eco] Инициализируем ПлагинТестовИнтеграции...  
[05:22:49.024] [1] [ Info] [NidToolbox] OK - Mono not detected, not a Linux environment 
[05:22:49.024] [1] [ Info] [NidToolbox] All commands in config up to date. 
[05:22:49.107] [1] [ Info] [NidToolbox] Running NidToolbox version 1.8.7 
[05:22:49.135] [1] [ Info] [Eco] Server Initialization завершена за 38 267,5мс
 
[05:23:20.606] [174] [ Info] [log] AmeriQ invoked admin command '/fly' 
[05:23:42.749] [181] [ Info] [log] letmeplay invoked admin command '/fly' 
[05:23:56.565] [181] [ Info] [log] letmeplay invoked admin command '/give прес для чеканки монет' 
[05:24:00.799] [181] [ Info] [log] letmeplay invoked admin command '/give пресс для чеканки монет' 
[05:24:21.875] [181] [ Info] [log] letmeplay invoked admin command '/give казна' 
[05:24:39.708] [181] [ Info] [log] letmeplay invoked admin command '/givealltools' 
[05:24:50.844] [181] [ Info] [log] letmeplay invoked admin command '/givealltools 0' 
[05:26:37.008] [174] [ Info] [log] AmeriQ invoked admin command '/givealltools 0' 
[05:27:02.138] [181] [ Info] [log] letmeplay invoked admin command '/save' 
[05:27:02.146] [20] [ Info] [Eco] Сохранение мира...  
[05:31:36.240] [174] [ Info] [log] AmeriQ invoked admin command '/dump' 
[05:35:50.997] [174] [ Info] [log] AmeriQ invoked admin command '/givealltools 0' 
[05:38:30.228] [174] [ Info] [log] AmeriQ invoked admin command '/fly' 
[05:39:15.729] [181] [ Info] [log] letmeplay invoked admin command '/fly' 
[05:39:32.878] [174] [ Info] [log] AmeriQ invoked admin command '/fly' 
[05:39:38.618] [174] [ Info] [log] AmeriQ invoked admin command '/fly' 
[05:40:03.135] [174] [ Info] [log] AmeriQ invoked admin command '/fly' 
[05:40:06.894] [174] [ Info] [log] AmeriQ invoked admin command '/fly' 
[05:40:22.485] [174] [ Info] [log] AmeriQ invoked admin command '/fly' 
[05:40:28.384] [174] [ Info] [log] AmeriQ invoked admin command '/fly' 
[05:40:35.716] [174] [ Info] [log] AmeriQ invoked admin command '/fly' 
[05:40:39.589] [174] [ Info] [log] AmeriQ invoked admin command '/fly' 
[05:40:46.555] [174] [ Info] [log] AmeriQ invoked admin command '/fly' 
[05:40:53.629] [174] [ Info] [log] AmeriQ invoked admin command '/fly' 
[05:43:04.124] [181] [ Info] [log] letmeplay invoked admin command '/fly' 
[05:43:36.183] [174] [ Info] [log] AmeriQ invoked admin command '/fly' 
[05:51:28.707] [181] [ Info] [log] letmeplay invoked admin command '/save' 
[05:51:28.708] [24] [ Info] [Eco] Сохранение мира...  
[05:52:49.303] [37] [ Info] [Eco] Удалена резервная копия - D:/EcoBackup/Storage\Backup\Game-2020-02-16-01.54.45
 
