[22:42:07.287] [1] [ Info] [Eco] >>> START EcoServer, Version=1.0.0.0, Culture=neutral, PublicKeyToken=null 
[22:42:07.315] [1] [ Info] [Eco] Eco Server 0.8.3.3 beta
 
[22:42:07.387] [1] [ Info] [Eco] Server Initialization...  
[22:42:07.388] [1] [ Info] [Eco] Starting LocalizationPlugin...  
[22:42:07.775] [1] [ Info] [Eco] Запуск ПлагинНабораМодификаций...  
[22:42:07.775] [1] [ Info] [Eco] Загрузка модификаций...  
[22:42:08.047] [1] [ Info] [Eco] Компилирование модификаций...  
[22:42:09.531] [1] [ Info] [Eco] Загружаем 0Harmony...
 
[22:42:09.531] [1] [ Info] [Eco] Загружаем Asphalt-ModKit...
 
[22:42:09.655] [1] [ Info] [Eco] Загружаем DiscordLinkUnified...
 
[22:42:09.713] [1] [ Info] [Eco] Загружаем Eco.IntegrationTests...
 
[22:42:09.717] [1] [ Info] [Eco] Загружаем em-base...
 
[22:42:09.717] [1] [ Info] [Eco] Загружаем NoPlayerCredits...
 
[22:42:09.717] [1] [ Info] [Eco] Загружаем em-greenenergy...
 
[22:42:09.717] [1] [ Info] [Eco] Загружаем em-realisticsmelting...
 
[22:42:09.717] [1] [ Info] [Eco] Загружаем em-shippingcontainers...
 
[22:42:09.717] [1] [ Info] [Eco] Загружаем em-tailingspack...
 
[22:42:09.717] [1] [ Info] [Eco] Загружаем em-arches...
 
[22:42:09.717] [1] [ Info] [Eco] Загружаем em-doors...
 
[22:42:09.731] [1] [ Info] [Eco] Загружаем em-dyes...
 
[22:42:09.731] [1] [ Info] [Eco] Загружаем em-homeobjects...
 
[22:42:09.731] [1] [ Info] [Eco] Загружаем em-transportation...
 
[22:42:09.731] [1] [ Info] [Eco] Загружаем em-windows...
 
[22:42:09.750] [1] [ Info] [Eco] Загружаем em-zymology...
 
[22:42:09.750] [1] [ Info] [Eco] Загружаем NidToolbox...
 
[22:42:09.750] [1] [ Info] [Eco] Загрузка модификаций завершена за 1 983,5мс
 
[22:42:09.762] [1] [ Info] [Eco] Запуск МенеджерСети...  
[22:42:09.762] [7] [ Info] [Eco] Инициализация типов симуляции...  
[22:42:09.830] [14] [ Info] [Eco] Запуск ПлагинГенератораМира...  
[22:42:09.830] [13] [ Info] [Eco] Запуск ПлагинИгровойСтатистики...  
[22:42:09.830] [10] [ Info] [Eco] Запуск ПлагинРезервногоКопирования...  
[22:42:09.840] [10] [ Info] [Eco] Запуск МенеджерХранилища...  
[22:42:11.360] [7] [ Info] [Eco] Инициализация предметов...  
[22:42:11.425] [7] [ Info] [NidToolbox] Checking Settings.json 
[22:42:11.425] [7] [ Info] [NidToolbox] Config file: Mods\NidToolbox\Config\Settings.json exists. 
[22:42:11.434] [7] [ Info] [NidToolbox] Json file: Mods\NidToolbox\Config\Settings.json readable and correct. 
[22:42:11.434] [7] [ Info] [NidToolbox] Checking CommandPermissions.json 
[22:42:11.434] [7] [ Info] [NidToolbox] Config file: Mods\NidToolbox\Config\CommandPermissions.json exists. 
[22:42:11.434] [7] [ Info] [NidToolbox] Json file: Mods\NidToolbox\Config\CommandPermissions.json readable and correct. 
[22:42:11.434] [7] [ Info] [NidToolbox] Checking TimerMessages.json 
[22:42:11.434] [7] [ Info] [NidToolbox] Config file: Mods\NidToolbox\Config\TimerMessages.json exists. 
[22:42:11.434] [7] [ Info] [NidToolbox] Json file: Mods\NidToolbox\Config\TimerMessages.json readable and correct. 
[22:42:11.434] [7] [ Info] [NidToolbox] Checking ScheduledMessages.json 
[22:42:11.434] [7] [ Info] [NidToolbox] Config file: Mods\NidToolbox\Config\ScheduledMessages.json exists. 
[22:42:11.434] [7] [ Info] [NidToolbox] Json file: Mods\NidToolbox\Config\ScheduledMessages.json readable and correct. 
[22:42:11.453] [7] [ Info] [NidToolbox] No UserHomes directory, skipping user homes config checks. 
[22:42:12.444] [10] [ Info] [Eco] Запуск Плагин паузы...  
[22:42:12.454] [10] [ Info] [Eco] Загружаем Pause...  
[22:42:14.607] [7] [ Info] [Eco] Инициализация навыков...  
[22:42:14.709] [10] [ Info] [Eco] Запуск БДСтатистики...  
[22:42:14.709] [14] [ Info] [Eco] Запуск ПлагинМира...  
[22:42:14.782] [14] [ Info] [Eco] Загружаем World...  
[22:42:18.038] [14] [ Info] [Eco] Инициализация мира...  
[22:42:18.836] [14] [ Info] [Eco] Запуск ПлагинВремени...  
[22:42:18.836] [14] [ Info] [Eco] Загружаем Time...  
[22:42:18.836] [14] [ Info] [Eco] Запуск ПлагинРепутации...  
[22:42:18.836] [14] [ Info] [Eco] Загружаем Reputation...  
[22:42:18.850] [14] [ Info] [Eco] Запуск МенеджерЖильяИгроков...  
[22:42:18.850] [14] [ Info] [Eco] Запуск МенеджерПользователей...  
[22:42:18.892] [14] [ Info] [Eco] Загружаем Users...  
[22:42:19.029] [14] [ Info] [Eco] Инициализация инвентарей...  
[22:42:19.071] [14] [ Info] [Eco] Запуск МенеджерОбъектовЭко...  
[22:42:19.076] [33] [ Info] [Eco] Запуск ПлагинМусора...  
[22:42:19.076] [7] [ Info] [Eco] Запуск НастройкиСложности...  
[22:42:19.076] [10] [ Info] [Eco] Запуск МенеджерКонтроллера...  
[22:42:19.076] [31] [ Info] [Eco] Запуск VoiceManager...  
[22:42:19.076] [21] [ Info] [Eco] Запуск СерверЧата...  
[22:42:19.076] [33] [ Info] [Eco] Загружаем Garbage...  
[22:42:19.076] [27] [ Info] [Eco] Запуск ПлагинУгроз...  
[22:42:19.076] [14] [ Info] [Eco] Запуск ПлагинЭкономики...  
[22:42:19.076] [14] [ Info] [Eco] Загружаем Economy...  
[22:42:19.208] [27] [ Info] [Eco] Загружаем Disasters...  
[22:42:19.258] [21] [ Info] [Eco] Загружаем Chat...  
[22:42:19.258] [14] [ Info] [Eco] Запуск Законодательство...  
[22:42:19.264] [14] [ Info] [Eco] Загружаем Laws...  
[22:42:19.319] [14] [ Info] [Eco] Запуск МенеджерСобственности...  
[22:42:19.319] [14] [ Info] [Eco] Загружаем Property...  
[22:42:19.362] [14] [ Info] [Eco] Запуск МенеджерМиникарты...  
[22:42:19.362] [14] [ Info] [Eco] Запуск СимуляцияЭко...  
[22:42:19.427] [14] [ Info] [Eco] Загружаем Plants...  
[22:42:21.219] [14] [ Info] [Eco] Инициализация растений...  
[22:42:26.931] [14] [ Info] [Eco] Запуск RouteProbingPlugin...  
[22:42:26.934] [14] [ Info] [Eco] Загружаем RouteProbing...  
[22:42:30.162] [14] [ Info] [Eco] Запуск МенеджерСлоёвМира...  
[22:42:30.162] [14] [ Info] [Eco] Загружаем Layers...  
[22:42:30.811] [14] [ Info] [Eco] Инициализация слоёв мира...  
[22:42:30.811] [14] [ Info] [Eco] Загружаем ClimateSim...  
[22:42:33.762] [14] [ Info] [Eco] Запуск ТрекерЭкономики...  
[22:42:33.762] [14] [ Info] [Eco] Запуск UserTracker...  
[22:42:33.762] [14] [ Info] [Eco] Запуск МенеджерМировыхОбъектов...  
[22:42:33.856] [14] [ Info] [Eco] Загружаем WorldObjects...  
[22:42:33.874] [14] [ Info] [Eco] Запуск ПлагинКомнат...  
[22:42:33.874] [14] [ Info] [Eco] Загружаем Rooms...  
[22:42:33.895] [14] [ Info] [Eco] Запуск ПлагинЦелей...  
[22:42:33.895] [14] [ Info] [Eco] Загружаем Objectives...  
[22:42:33.913] [14] [ Info] [Eco] Запуск ПлагинСна...  
[22:42:33.913] [14] [ Info] [Eco] Загружаем Sleep...  
[22:42:33.919] [1] [ Info] [Eco] Запуск ПлагинВебСервера...  
[22:42:33.919] [1] [ Info] [Eco] Запуск OtherAliasCategory...  
[22:42:33.919] [21] [ Info] [Eco] Запуск ПлагинТестовИнтеграции...  
[22:42:33.919] [13] [ Info] [Eco] Запуск Asphalt...  
[22:42:33.919] [28] [ Info] [Eco] Запуск NidToolboxPlugin...  
[22:42:33.919] [31] [ Info] [Eco] Запуск NoPlayerCreditsPlugin...  
[22:42:33.919] [14] [ Info] [Eco] Запуск ChatBase...  
[22:42:33.934] [17] [ Info] [Eco] Запуск DiscordLink...  
[22:42:34.015] [1] [ Info] [Eco] Инициализируем ПлагинПеревода...  
[22:42:34.015] [1] [ Info] [Eco] Инициализируем ПлагинНабораМодификаций...  
[22:42:34.299] [1] [ Info] [Eco] Инициализируем ПлагинГенератораМира...  
[22:42:34.299] [1] [ Info] [Eco] Инициализируем МенеджерПользователей...  
[22:42:34.341] [1] [ Info] [Eco] Инициализируем ПлагинМусора...  
[22:42:34.341] [1] [ Info] [Eco] Инициализируем ПлагинЭкономики...  
[22:42:34.362] [1] [ Info] [Eco] Инициализируем Законодательство...  
[22:42:34.843] [1] [ Info] [Eco] Инициализируем МенеджерСобственности...  
[22:42:34.843] [1] [ Info] [Eco] Инициализируем МенеджерМиникарты...  
[22:42:35.776] [1] [ Info] [Eco] Инициализируем UserTracker...  
[22:42:35.782] [1] [ Info] [Eco] Инициализируем МенеджерМировыхОбъектов...  
[22:42:35.860] [1] [ Info] [Eco] Инициализируем ПлагинКомнат...  
[22:42:35.860] [1] [ Info] [Eco] Инициализируем ПлагинСна...  
[22:42:35.860] [1] [ Info] [Eco] Инициализируем NidToolboxPlugin...  
[22:42:35.860] [1] [ Info] [NidToolbox] Checking declared file: Mods\NidToolbox\Texts\Motd.txt 
[22:42:35.860] [1] [ Info] [NidToolbox] Config file:  Mods\NidToolbox\Texts\Motd.txt exists. 
[22:42:35.860] [1] [ Info] [NidToolbox] Config file:  Mods\NidToolbox\Texts\Motd.txt readable. 
[22:42:35.872] [1] [ Info] [NidToolbox] Checking declared file: Mods\NidToolbox\Texts\Rules.txt 
[22:42:35.872] [1] [ Info] [NidToolbox] Config file:  Mods\NidToolbox\Texts\Rules.txt exists. 
[22:42:35.872] [1] [ Info] [NidToolbox] Config file:  Mods\NidToolbox\Texts\Rules.txt readable. 
[22:42:35.872] [1] [ Info] [NidToolbox] Checking declared file: Mods\NidToolbox\Texts\ServerChangelog.txt 
[22:42:35.872] [1] [ Info] [NidToolbox] Config file:  Mods\NidToolbox\Texts\ServerChangelog.txt exists. 
[22:42:35.872] [1] [ Info] [NidToolbox] Config file:  Mods\NidToolbox\Texts\ServerChangelog.txt readable. 
[22:42:35.963] [1] [ Info] [Eco] Инициализируем NoPlayerCreditsPlugin...  
[22:42:35.966] [1] [ Info] [Eco] Инициализируем DiscordLink...  
[22:42:35.995] [1] [ Info] [Eco] Инициализируем ПлагинМира...  
[22:42:35.997] [1] [ Info] [Eco] Обработка...  
[22:42:38.723] [1] [ Info] [Eco] Сжатие...  
[22:42:42.227] [1] [ Info] [Eco] Инициализируем МенеджерСети...  
[22:42:42.249] [138] [ Info] [Eco] DISCORDLINK: Connected to Discord.

 
[22:42:42.458] [1] [ Info] [Eco] Инициализируем МенеджерСлоёвМира...  
[22:42:42.458] [1] [ Info] [Eco] Инициализируем ПлагинВебСервера...  
[22:42:43.037] [140] [ Info] [Eco] DISCORDLINK: Connected and Ready
 
[22:42:43.193] [1] [ Info] [Eco] Инициализируем ПлагинТестовИнтеграции...  
[22:42:43.193] [1] [ Info] [NidToolbox] OK - Mono not detected, not a Linux environment 
[22:42:43.203] [1] [ Info] [NidToolbox] All commands in config up to date. 
[22:42:43.282] [1] [ Info] [NidToolbox] Running NidToolbox version 1.8.7 
[22:42:43.316] [1] [ Info] [Eco] Server Initialization завершена за 35 915,2мс
 
