[14:42:30.332] [1] [ Info] [Eco] >>> START EcoServer, Version=1.0.0.0, Culture=neutral, PublicKeyToken=null 
[14:42:30.360] [1] [ Info] [Eco] Eco Server 0.8.3.2 beta
 
[14:42:30.433] [1] [ Info] [Eco] Server Initialization...  
[14:42:30.433] [1] [ Info] [Eco] Starting LocalizationPlugin...  
[14:42:30.790] [1] [ Info] [Eco] Запуск ПлагинНабораМодификаций...  
[14:42:30.790] [1] [ Info] [Eco] Загрузка модификаций...  
[14:42:30.888] [1] [ Info] [Eco] Компилирование модификаций...  
[14:42:32.388] [1] [ Info] [Eco] Загружаем 0Harmony...
 
[14:42:32.392] [1] [ Info] [Eco] Загружаем Asphalt-ModKit...
 
[14:42:32.515] [1] [ Info] [Eco] Загружаем Eco.IntegrationTests...
 
[14:42:32.515] [1] [ Info] [Eco] Загружаем DiscordLinkUnified...
 
[14:42:32.567] [1] [ Info] [Eco] Загружаем EcoStory...
 
[14:42:32.567] [1] [ Info] [Eco] Загрузка модификаций завершена за 1 782,3мс
 
[14:42:32.577] [1] [ Info] [Eco] Запуск МенеджерСети...  
[14:42:32.577] [6] [ Info] [Eco] Инициализация типов симуляции...  
[14:42:32.646] [10] [ Info] [Eco] Запуск ПлагинГенератораМира...  
[14:42:32.646] [13] [ Info] [Eco] Запуск ПлагинИгровойСтатистики...  
[14:42:32.646] [8] [ Info] [Eco] Запуск ПлагинРезервногоКопирования...  
[14:42:32.657] [8] [ Info] [Eco] Запуск МенеджерХранилища...  
[14:42:34.001] [6] [ Info] [Eco] Инициализация предметов...  
[14:42:34.072] [6] [ Info] [NidToolbox] Checking Settings.json 
[14:42:34.135] [6] [ Info] [NidToolbox] Config file: Mods\NidToolbox\Config\Settings.json exists. 
[14:42:34.150] [6] [ Info] [NidToolbox] Json file: Mods\NidToolbox\Config\Settings.json readable and correct. 
[14:42:34.150] [6] [ Info] [NidToolbox] Checking CommandPermissions.json 
[14:42:34.150] [6] [ Info] [NidToolbox] Config file: Mods\NidToolbox\Config\CommandPermissions.json exists. 
[14:42:34.150] [6] [ Info] [NidToolbox] Json file: Mods\NidToolbox\Config\CommandPermissions.json readable and correct. 
[14:42:34.150] [6] [ Info] [NidToolbox] Checking TimerMessages.json 
[14:42:34.155] [6] [ Info] [NidToolbox] Config file: Mods\NidToolbox\Config\TimerMessages.json exists. 
[14:42:34.155] [6] [ Info] [NidToolbox] Json file: Mods\NidToolbox\Config\TimerMessages.json readable and correct. 
[14:42:34.155] [6] [ Info] [NidToolbox] Checking ScheduledMessages.json 
[14:42:34.175] [6] [ Info] [NidToolbox] Config file: Mods\NidToolbox\Config\ScheduledMessages.json exists. 
[14:42:34.196] [6] [ Info] [NidToolbox] Json file: Mods\NidToolbox\Config\ScheduledMessages.json readable and correct. 
[14:42:34.211] [6] [ Info] [NidToolbox] No UserHomes directory, skipping user homes config checks. 
[14:42:34.860] [8] [ Info] [Eco] Запуск Плагин паузы...  
[14:42:34.860] [8] [ Info] [Eco] Загружаем Pause...  
[14:42:36.652] [6] [ Info] [Eco] Инициализация навыков...  
[14:42:36.755] [15] [ Info] [Eco] Запуск БДСтатистики...  
[14:42:36.755] [12] [ Info] [Eco] Запуск ПлагинМира...  
[14:42:36.814] [12] [ Info] [Eco] Загружаем World...  
[14:42:40.276] [12] [ Info] [Eco] Инициализация мира...  
[14:42:42.039] [12] [ Info] [Eco] Запуск ПлагинВремени...  
[14:42:42.039] [12] [ Info] [Eco] Загружаем Time...  
[14:42:42.047] [12] [ Info] [Eco] Запуск ПлагинРепутации...  
[14:42:42.047] [12] [ Info] [Eco] Загружаем Reputation...  
[14:42:42.072] [12] [ Info] [Eco] Запуск МенеджерЖильяИгроков...  
[14:42:42.072] [12] [ Info] [Eco] Запуск МенеджерПользователей...  
[14:42:42.123] [12] [ Info] [Eco] Загружаем Users...  
[14:42:42.456] [12] [ Info] [Eco] Инициализация инвентарей...  
[14:42:42.495] [12] [ Info] [Eco] Запуск МенеджерОбъектовЭко...  
[14:42:42.504] [12] [ Info] [Eco] Загружаем Objects...  
[14:42:42.737] [15] [ Info] [Eco] Запуск ПлагинМусора...  
[14:42:42.737] [22] [ Info] [Eco] Запуск ПлагинУгроз...  
[14:42:42.737] [31] [ Info] [Eco] Запуск МенеджерКонтроллера...  
[14:42:42.737] [32] [ Info] [Eco] Запуск VoiceManager...  
[14:42:42.737] [6] [ Info] [Eco] Запуск СерверЧата...  
[14:42:42.737] [8] [ Info] [Eco] Запуск ПлагинЭкономики...  
[14:42:42.737] [29] [ Info] [Eco] Запуск НастройкиСложности...  
[14:42:42.737] [15] [ Info] [Eco] Загружаем Garbage...  
[14:42:42.750] [8] [ Info] [Eco] Загружаем Economy...  
[14:42:43.242] [8] [ Info] [Eco] Запуск Законодательство...  
[14:42:43.242] [22] [ Info] [Eco] Загружаем Disasters...  
[14:42:43.242] [6] [ Info] [Eco] Загружаем Chat...  
[14:42:47.740] [8] [ Info] [Eco] Загружаем Laws...  
[14:42:47.860] [8] [ Info] [Eco] Запуск МенеджерСобственности...  
[14:42:47.860] [8] [ Info] [Eco] Загружаем Property...  
[14:42:47.993] [8] [ Info] [Eco] Запуск МенеджерМиникарты...  
[14:42:47.993] [8] [ Info] [Eco] Запуск СимуляцияЭко...  
[14:42:48.066] [8] [ Info] [Eco] Загружаем Plants...  
[14:42:49.442] [8] [ Info] [Eco] Инициализация растений...  
[14:42:55.079] [8] [ Info] [Eco] Запуск RouteProbingPlugin...  
[14:42:55.079] [8] [ Info] [Eco] Загружаем RouteProbing...  
[14:42:57.437] [8] [ Info] [Eco] Запуск МенеджерСлоёвМира...  
[14:42:57.437] [8] [ Info] [Eco] Загружаем Layers...  
[14:42:58.102] [8] [ Info] [Eco] Инициализация слоёв мира...  
[14:42:58.110] [8] [ Info] [Eco] Загружаем ClimateSim...  
[14:43:00.704] [8] [ Info] [Eco] Запуск ТрекерЭкономики...  
[14:43:00.704] [8] [ Info] [Eco] Запуск UserTracker...  
[14:43:00.704] [8] [ Info] [Eco] Запуск МенеджерМировыхОбъектов...  
[14:43:00.800] [8] [ Info] [Eco] Загружаем WorldObjects...  
[14:43:02.040] [8] [ Info] [Eco] Запуск ПлагинКомнат...  
[14:43:02.040] [8] [ Info] [Eco] Загружаем Rooms...  
[14:43:02.061] [8] [ Info] [Eco] Запуск ПлагинЦелей...  
[14:43:02.067] [8] [ Info] [Eco] Загружаем Objectives...  
[14:43:02.085] [8] [ Info] [Eco] Запуск ПлагинСна...  
[14:43:02.085] [8] [ Info] [Eco] Загружаем Sleep...  
[14:43:02.098] [1] [ Info] [Eco] Запуск ПлагинВебСервера...  
[14:43:02.098] [1] [ Info] [Eco] Запуск OtherAliasCategory...  
[14:43:02.098] [29] [ Info] [Eco] Запуск Asphalt...  
[14:43:02.110] [17] [ Info] [Eco] Запуск NidToolboxPlugin...  
[14:43:02.110] [18] [ Info] [Eco] Запуск ПлагинТестовИнтеграции...  
[14:43:02.110] [16] [ Info] [Eco] Запуск DiscordLink...  
[14:43:02.227] [1] [ Info] [Eco] Инициализируем ПлагинПеревода...  
[14:43:02.227] [1] [ Info] [Eco] Инициализируем ПлагинНабораМодификаций...  
[14:43:02.620] [1] [ Info] [Eco] Инициализируем ПлагинГенератораМира...  
[14:43:02.620] [1] [ Info] [Eco] Инициализируем МенеджерПользователей...  
[14:43:02.721] [1] [ Info] [Eco] Инициализируем ПлагинМусора...  
[14:43:02.721] [1] [ Info] [Eco] Инициализируем ПлагинЭкономики...  
[14:43:02.841] [1] [ Info] [Eco] Инициализируем Законодательство...  
[14:43:18.060] [1] [ Info] [Eco] Инициализируем МенеджерСобственности...  
[14:43:18.094] [1] [ Info] [Eco] Инициализируем МенеджерМиникарты...  
[14:43:19.171] [1] [ Info] [Eco] Инициализируем UserTracker...  
[14:43:19.184] [1] [ Info] [Eco] Инициализируем МенеджерМировыхОбъектов...  
[14:43:24.859] [1] [ Info] [Eco] Инициализируем ПлагинКомнат...  
[14:43:27.201] [1] [ Info] [Eco] Инициализируем ПлагинСна...  
[14:43:27.201] [1] [ Info] [Eco] Инициализируем NidToolboxPlugin...  
[14:43:27.209] [1] [ Info] [NidToolbox] Checking declared file: Mods\NidToolbox\Texts\Motd.txt 
[14:43:27.209] [1] [ Info] [NidToolbox] Config file:  Mods\NidToolbox\Texts\Motd.txt exists. 
[14:43:27.209] [1] [ Info] [NidToolbox] Config file:  Mods\NidToolbox\Texts\Motd.txt readable. 
[14:43:27.209] [1] [ Info] [NidToolbox] Checking declared file: Mods\NidToolbox\Texts\Rules.txt 
[14:43:27.209] [1] [ Info] [NidToolbox] Config file:  Mods\NidToolbox\Texts\Rules.txt exists. 
[14:43:27.209] [1] [ Info] [NidToolbox] Config file:  Mods\NidToolbox\Texts\Rules.txt readable. 
[14:43:27.209] [1] [ Info] [NidToolbox] Checking declared file: Mods\NidToolbox\Texts\ServerChangelog.txt 
[14:43:27.209] [1] [ Info] [NidToolbox] Config file:  Mods\NidToolbox\Texts\ServerChangelog.txt exists. 
[14:43:27.209] [1] [ Info] [NidToolbox] Config file:  Mods\NidToolbox\Texts\ServerChangelog.txt readable. 
[14:43:27.320] [1] [ Info] [Eco] Инициализируем DiscordLink...  
[14:43:27.348] [1] [ Info] [Eco] Инициализируем ПлагинМира...  
[14:43:27.348] [1] [ Info] [Eco] Обработка...  
[14:43:31.215] [139] [ Info] [Eco] DISCORDLINK: Connected to Discord.

 
[14:43:31.386] [1] [ Info] [Eco] Сжатие...  
[14:43:32.405] [137] [ Info] [Eco] DISCORDLINK: Connected and Ready
 
[14:43:35.639] [1] [ Info] [Eco] Инициализируем МенеджерСети...  
[14:43:35.907] [1] [ Info] [Eco] Инициализируем МенеджерСлоёвМира...  
[14:43:35.907] [1] [ Info] [Eco] Инициализируем ПлагинВебСервера...  
[14:43:36.572] [1] [ Info] [Eco] Инициализируем ПлагинТестовИнтеграции...  
[14:43:36.580] [1] [ Info] [NidToolbox] OK - Mono not detected, not a Linux environment 
[14:43:36.580] [1] [ Info] [NidToolbox] All commands in config up to date. 
[14:43:36.641] [1] [ Info] [NidToolbox] Running NidToolbox version 1.8.7 
[14:43:36.695] [1] [ Info] [Eco] Server Initialization завершена за 66 258,0мс
 
[14:44:34.578] [35] [ Info] [Eco] Пользователь с неверными данными пытался соединится: letmeplay
 
[14:44:39.674] [29] [ Info] [Eco] Пользователь с неверными данными пытался соединится: letmeplay
 
[14:45:33.119] [33] [ Info] [Eco] Пользователь с неверными данными пытался соединится: letmeplay
 
[14:45:47.282] [5] [ Info] [Eco] Пользователь с неверными данными пытался соединится: Dark Avenger
 
