[20:38:47.993] [1] [ Info] [Eco] >>> START EcoServer, Version=1.0.0.0, Culture=neutral, PublicKeyToken=null 
[20:38:48.032] [1] [ Info] [Eco] Eco Server 0.8.3.2 beta
 
[20:38:48.472] [1] [ Info] [Eco] Server Initialization...  
[20:38:48.472] [1] [ Info] [Eco] Starting LocalizationPlugin...  
[20:38:49.204] [1] [ Info] [Eco] Запуск ПлагинНабораМодификаций...  
[20:38:49.204] [1] [ Info] [Eco] Загрузка модификаций...  
[20:38:49.711] [1] [ Info] [Eco] Компилирование модификаций...  
[20:38:52.410] [1] [ Info] [Eco] Загружаем 0Harmony...
 
[20:38:52.470] [1] [ Info] [Eco] Загружаем Asphalt-ModKit...
 
[20:38:52.704] [1] [ Info] [Eco] Загружаем Eco.IntegrationTests...
 
[20:38:52.752] [1] [ Info] [Eco] Загружаем em-base...
 
[20:38:52.780] [1] [ Info] [Eco] Загружаем DiscordLinkUnified...
 
[20:38:52.933] [1] [ Info] [Eco] Загружаем EcoStory...
 
[20:38:53.022] [1] [ Info] [Eco] Загружаем em-greenenergy...
 
[20:38:53.049] [1] [ Info] [Eco] Загружаем em-realisticsmelting...
 
[20:38:53.073] [1] [ Info] [Eco] Загружаем em-shippingcontainers...
 
[20:38:53.098] [1] [ Info] [Eco] Загружаем em-tailingspack...
 
[20:38:53.098] [1] [ Info] [Eco] Загружаем em-arches...
 
[20:38:53.134] [1] [ Info] [Eco] Загружаем em-doors...
 
[20:38:53.170] [1] [ Info] [Eco] Загружаем em-dyes...
 
[20:38:53.197] [1] [ Info] [Eco] Загружаем em-homeobjects...
 
[20:38:53.235] [1] [ Info] [Eco] Загружаем em-transportation...
 
[20:38:53.272] [1] [ Info] [Eco] Загружаем em-windows...
 
[20:38:53.314] [1] [ Info] [Eco] Загружаем em-zymology...
 
[20:38:53.353] [1] [ Info] [Eco] Загружаем em-admin...
 
[20:38:53.376] [1] [ Info] [Eco] Загружаем em-commands...
 
[20:38:53.404] [1] [ Info] [Eco] Загружаем em-daily...
 
[20:38:53.429] [1] [ Info] [Eco] Загружаем em-infomatics...
 
[20:38:53.449] [1] [ Info] [Eco] Загружаем em-jokes...
 
[20:38:53.473] [1] [ Info] [Eco] Загружаем em-tp...
 
[20:38:53.498] [1] [ Info] [Eco] Загружаем em-warp...
 
[20:38:53.524] [1] [ Info] [Eco] Загружаем HPStorage...
 
[20:38:53.546] [1] [ Info] [Eco] Загружаем NidToolbox...
 
[20:38:53.641] [1] [ Info] [Eco] Загрузка модификаций завершена за 4 433,0мс
 
[20:38:53.641] [1] [ Info] [Eco] Запуск МенеджерСети...  
[20:38:53.641] [5] [ Info] [Eco] Инициализация типов симуляции...  
[20:38:53.797] [12] [ Info] [Eco] Запуск ПлагинГенератораМира...  
[20:38:53.797] [10] [ Info] [Eco] Запуск ПлагинИгровойСтатистики...  
[20:38:53.797] [8] [ Info] [Eco] Запуск ПлагинРезервногоКопирования...  
[20:38:53.822] [8] [ Info] [Eco] Запуск МенеджерХранилища...  
[20:38:56.389] [5] [ Info] [Eco] Инициализация предметов...  
[20:38:56.520] [5] [ Info] [NidToolbox] Checking Settings.json 
[20:38:56.520] [5] [ Info] [NidToolbox] Config file: Mods\NidToolbox\Config\Settings.json exists. 
[20:38:56.539] [5] [ Info] [NidToolbox] Json file: Mods\NidToolbox\Config\Settings.json readable and correct. 
[20:38:56.539] [5] [ Info] [NidToolbox] Checking CommandPermissions.json 
[20:38:56.548] [5] [ Info] [NidToolbox] Config file: Mods\NidToolbox\Config\CommandPermissions.json exists. 
[20:38:56.548] [5] [ Info] [NidToolbox] Json file: Mods\NidToolbox\Config\CommandPermissions.json readable and correct. 
[20:38:56.548] [5] [ Info] [NidToolbox] Checking TimerMessages.json 
[20:38:56.582] [5] [ Info] [NidToolbox] Config file: Mods\NidToolbox\Config\TimerMessages.json exists. 
[20:38:56.607] [5] [ Info] [NidToolbox] Json file: Mods\NidToolbox\Config\TimerMessages.json readable and correct. 
[20:38:56.661] [5] [ Info] [NidToolbox] Checking ScheduledMessages.json 
[20:38:56.687] [5] [ Info] [NidToolbox] Config file: Mods\NidToolbox\Config\ScheduledMessages.json exists. 
[20:38:56.687] [5] [ Info] [NidToolbox] Json file: Mods\NidToolbox\Config\ScheduledMessages.json readable and correct. 
[20:38:56.687] [5] [ Info] [NidToolbox] No UserHomes directory, skipping user homes config checks. 
[20:38:57.303] [5] [ Info] [NidToolbox] Checking Settings.json 
[20:38:57.303] [5] [ Info] [NidToolbox] Config file: Mods\NidToolbox\Config\Settings.json exists. 
[20:38:57.313] [5] [ Info] [NidToolbox] Json file: Mods\NidToolbox\Config\Settings.json readable and correct. 
[20:38:57.313] [5] [ Info] [NidToolbox] Checking CommandPermissions.json 
[20:38:57.313] [5] [ Info] [NidToolbox] Config file: Mods\NidToolbox\Config\CommandPermissions.json exists. 
[20:38:57.313] [5] [ Info] [NidToolbox] Json file: Mods\NidToolbox\Config\CommandPermissions.json readable and correct. 
[20:38:57.336] [5] [ Info] [NidToolbox] Checking TimerMessages.json 
[20:38:57.336] [5] [ Info] [NidToolbox] Config file: Mods\NidToolbox\Config\TimerMessages.json exists. 
[20:38:57.344] [5] [ Info] [NidToolbox] Json file: Mods\NidToolbox\Config\TimerMessages.json readable and correct. 
[20:38:57.344] [5] [ Info] [NidToolbox] Checking ScheduledMessages.json 
[20:38:57.344] [5] [ Info] [NidToolbox] Config file: Mods\NidToolbox\Config\ScheduledMessages.json exists. 
[20:38:57.344] [5] [ Info] [NidToolbox] Json file: Mods\NidToolbox\Config\ScheduledMessages.json readable and correct. 
[20:38:57.367] [5] [ Info] [NidToolbox] No UserHomes directory, skipping user homes config checks. 
[20:39:00.482] [8] [ Info] [Eco] Запуск Плагин паузы...  
[20:39:01.810] [5] [ Info] [Eco] Инициализация навыков...  
[20:39:01.932] [8] [ Info] [Eco] Запуск БДСтатистики...  
[20:39:01.932] [11] [ Info] [Eco] Запуск ПлагинМира...  
[20:39:01.992] [11] [ Info] [Eco] Загружаем World...  
[20:39:10.669] [11] [ Info] [Eco] Конвертация мира в новый формат...  
