[23:12:59.376] [1] [ Info] [Eco] >>> START EcoServer, Version=1.0.0.0, Culture=neutral, PublicKeyToken=null 
[23:12:59.403] [1] [ Info] [Eco] Eco Server 0.8.3.3 beta
 
[23:12:59.474] [1] [ Info] [Eco] Server Initialization...  
[23:12:59.474] [1] [ Info] [Eco] Starting LocalizationPlugin...  
[23:12:59.848] [1] [ Info] [Eco] Запуск ПлагинНабораМодификаций...  
[23:12:59.848] [1] [ Info] [Eco] Загрузка модификаций...  
[23:13:00.117] [1] [ Info] [Eco] Компилирование модификаций...  
[23:13:01.568] [1] [ Info] [Eco] Загружаем 0Harmony...
 
[23:13:01.568] [1] [ Info] [Eco] Загружаем Asphalt-ModKit...
 
[23:13:01.689] [1] [ Info] [Eco] Загружаем DiscordLinkUnified...
 
[23:13:01.736] [1] [ Info] [Eco] Загружаем Eco.IntegrationTests...
 
[23:13:01.736] [1] [ Info] [Eco] Загружаем em-base...
 
[23:13:01.736] [1] [ Info] [Eco] Загружаем NoPlayerCredits...
 
[23:13:01.736] [1] [ Info] [Eco] Загружаем em-greenenergy...
 
[23:13:01.748] [1] [ Info] [Eco] Загружаем em-realisticsmelting...
 
[23:13:01.748] [1] [ Info] [Eco] Загружаем em-shippingcontainers...
 
[23:13:01.748] [1] [ Info] [Eco] Загружаем em-tailingspack...
 
[23:13:01.748] [1] [ Info] [Eco] Загружаем em-arches...
 
[23:13:01.748] [1] [ Info] [Eco] Загружаем em-doors...
 
[23:13:01.765] [1] [ Info] [Eco] Загружаем em-dyes...
 
[23:13:01.765] [1] [ Info] [Eco] Загружаем em-homeobjects...
 
[23:13:01.765] [1] [ Info] [Eco] Загружаем em-transportation...
 
[23:13:01.765] [1] [ Info] [Eco] Загружаем em-windows...
 
[23:13:01.786] [1] [ Info] [Eco] Загружаем em-zymology...
 
[23:13:01.786] [1] [ Info] [Eco] Загружаем NidToolbox...
 
[23:13:01.796] [1] [ Info] [Eco] Загрузка модификаций завершена за 1 945,9мс
 
[23:13:01.796] [1] [ Info] [Eco] Запуск МенеджерСети...  
[23:13:01.796] [7] [ Info] [Eco] Инициализация типов симуляции...  
[23:13:01.860] [14] [ Info] [Eco] Запуск ПлагинГенератораМира...  
[23:13:01.860] [8] [ Info] [Eco] Запуск ПлагинРезервногоКопирования...  
[23:13:01.860] [6] [ Info] [Eco] Запуск ПлагинИгровойСтатистики...  
[23:13:01.860] [8] [ Info] [Eco] Запуск МенеджерХранилища...  
[23:13:03.345] [7] [ Info] [Eco] Инициализация предметов...  
[23:13:03.419] [7] [ Info] [NidToolbox] Checking Settings.json 
[23:13:03.419] [7] [ Info] [NidToolbox] Config file: Mods\NidToolbox\Config\Settings.json exists. 
[23:13:03.419] [7] [ Info] [NidToolbox] Json file: Mods\NidToolbox\Config\Settings.json readable and correct. 
[23:13:03.438] [7] [ Info] [NidToolbox] Checking CommandPermissions.json 
[23:13:03.476] [7] [ Info] [NidToolbox] Config file: Mods\NidToolbox\Config\CommandPermissions.json exists. 
[23:13:03.476] [7] [ Info] [NidToolbox] Json file: Mods\NidToolbox\Config\CommandPermissions.json readable and correct. 
[23:13:03.476] [7] [ Info] [NidToolbox] Checking TimerMessages.json 
[23:13:03.481] [7] [ Info] [NidToolbox] Config file: Mods\NidToolbox\Config\TimerMessages.json exists. 
[23:13:03.481] [7] [ Info] [NidToolbox] Json file: Mods\NidToolbox\Config\TimerMessages.json readable and correct. 
[23:13:03.481] [7] [ Info] [NidToolbox] Checking ScheduledMessages.json 
[23:13:03.481] [7] [ Info] [NidToolbox] Config file: Mods\NidToolbox\Config\ScheduledMessages.json exists. 
[23:13:03.481] [7] [ Info] [NidToolbox] Json file: Mods\NidToolbox\Config\ScheduledMessages.json readable and correct. 
[23:13:03.499] [7] [ Info] [NidToolbox] No UserHomes directory, skipping user homes config checks. 
[23:13:04.426] [8] [ Info] [Eco] Запуск Плагин паузы...  
[23:13:04.426] [8] [ Info] [Eco] Загружаем Pause...  
[23:13:06.499] [7] [ Info] [Eco] Инициализация навыков...  
[23:13:06.592] [8] [ Info] [Eco] Запуск БДСтатистики...  
[23:13:06.592] [5] [ Info] [Eco] Запуск ПлагинМира...  
[23:13:06.646] [5] [ Info] [Eco] Загружаем World...  
[23:13:09.747] [5] [ Info] [Eco] Инициализация мира...  
[23:13:10.518] [5] [ Info] [Eco] Запуск ПлагинВремени...  
[23:13:10.518] [5] [ Info] [Eco] Загружаем Time...  
[23:13:10.518] [5] [ Info] [Eco] Запуск ПлагинРепутации...  
[23:13:10.518] [5] [ Info] [Eco] Загружаем Reputation...  
[23:13:10.536] [5] [ Info] [Eco] Запуск МенеджерЖильяИгроков...  
[23:13:10.536] [5] [ Info] [Eco] Запуск МенеджерПользователей...  
[23:13:10.579] [5] [ Info] [Eco] Загружаем Users...  
[23:13:10.703] [5] [ Info] [Eco] Инициализация инвентарей...  
[23:13:10.745] [5] [ Info] [Eco] Запуск МенеджерОбъектовЭко...  
[23:13:10.749] [8] [ Info] [Eco] Запуск ПлагинМусора...  
[23:13:10.749] [35] [ Info] [Eco] Запуск СерверЧата...  
[23:13:10.749] [9] [ Info] [Eco] Запуск МенеджерКонтроллера...  
[23:13:10.749] [10] [ Info] [Eco] Запуск НастройкиСложности...  
[23:13:10.749] [8] [ Info] [Eco] Загружаем Garbage...  
[23:13:10.749] [5] [ Info] [Eco] Запуск ПлагинЭкономики...  
[23:13:10.749] [30] [ Info] [Eco] Запуск VoiceManager...  
[23:13:10.749] [34] [ Info] [Eco] Запуск ПлагинУгроз...  
[23:13:10.749] [5] [ Info] [Eco] Загружаем Economy...  
[23:13:10.905] [34] [ Info] [Eco] Загружаем Disasters...  
[23:13:10.905] [35] [ Info] [Eco] Загружаем Chat...  
[23:13:10.905] [5] [ Info] [Eco] Запуск Законодательство...  
[23:13:10.923] [5] [ Info] [Eco] Загружаем Laws...  
[23:13:10.975] [5] [ Info] [Eco] Запуск МенеджерСобственности...  
[23:13:10.975] [5] [ Info] [Eco] Загружаем Property...  
[23:13:11.013] [5] [ Info] [Eco] Запуск МенеджерМиникарты...  
[23:13:11.013] [5] [ Info] [Eco] Запуск СимуляцияЭко...  
[23:13:11.075] [5] [ Info] [Eco] Загружаем Plants...  
[23:13:12.792] [5] [ Info] [Eco] Инициализация растений...  
[23:13:18.838] [5] [ Info] [Eco] Запуск RouteProbingPlugin...  
[23:13:18.841] [5] [ Info] [Eco] Загружаем RouteProbing...  
[23:13:21.883] [5] [ Info] [Eco] Запуск МенеджерСлоёвМира...  
[23:13:21.887] [5] [ Info] [Eco] Загружаем Layers...  
[23:13:22.482] [5] [ Info] [Eco] Инициализация слоёв мира...  
[23:13:22.482] [5] [ Info] [Eco] Загружаем ClimateSim...  
[23:13:25.356] [5] [ Info] [Eco] Запуск ТрекерЭкономики...  
[23:13:25.367] [5] [ Info] [Eco] Запуск UserTracker...  
[23:13:25.367] [5] [ Info] [Eco] Запуск МенеджерМировыхОбъектов...  
[23:13:25.455] [5] [ Info] [Eco] Загружаем WorldObjects...  
[23:13:25.455] [5] [ Info] [Eco] Запуск ПлагинКомнат...  
[23:13:25.455] [5] [ Info] [Eco] Загружаем Rooms...  
[23:13:25.476] [5] [ Info] [Eco] Запуск ПлагинЦелей...  
[23:13:25.476] [5] [ Info] [Eco] Загружаем Objectives...  
[23:13:25.490] [5] [ Info] [Eco] Запуск ПлагинСна...  
[23:13:25.490] [5] [ Info] [Eco] Загружаем Sleep...  
[23:13:25.490] [1] [ Info] [Eco] Запуск ПлагинВебСервера...  
[23:13:25.502] [1] [ Info] [Eco] Запуск OtherAliasCategory...  
[23:13:25.502] [28] [ Info] [Eco] Запуск Asphalt...  
[23:13:25.502] [8] [ Info] [Eco] Запуск ПлагинТестовИнтеграции...  
[23:13:25.502] [34] [ Info] [Eco] Запуск DiscordLink...  
[23:13:25.502] [10] [ Info] [Eco] Запуск NidToolboxPlugin...  
[23:13:25.502] [14] [ Info] [Eco] Запуск NoPlayerCreditsPlugin...  
[23:13:25.502] [9] [ Info] [Eco] Запуск ChatBase...  
[23:13:25.599] [1] [ Info] [Eco] Инициализируем ПлагинПеревода...  
[23:13:25.599] [1] [ Info] [Eco] Инициализируем ПлагинНабораМодификаций...  
[23:13:25.883] [1] [ Info] [Eco] Инициализируем ПлагинГенератораМира...  
[23:13:25.883] [1] [ Info] [Eco] Инициализируем МенеджерПользователей...  
[23:13:25.923] [1] [ Info] [Eco] Инициализируем ПлагинМусора...  
[23:13:25.923] [1] [ Info] [Eco] Инициализируем ПлагинЭкономики...  
[23:13:25.942] [1] [ Info] [Eco] Инициализируем Законодательство...  
[23:13:26.418] [1] [ Info] [Eco] Инициализируем МенеджерСобственности...  
[23:13:26.424] [1] [ Info] [Eco] Инициализируем МенеджерМиникарты...  
[23:13:27.376] [1] [ Info] [Eco] Инициализируем UserTracker...  
[23:13:27.376] [1] [ Info] [Eco] Инициализируем МенеджерМировыхОбъектов...  
[23:13:27.462] [1] [ Info] [Eco] Инициализируем ПлагинКомнат...  
[23:13:27.462] [1] [ Info] [Eco] Инициализируем ПлагинСна...  
[23:13:27.466] [1] [ Info] [Eco] Инициализируем NidToolboxPlugin...  
[23:13:27.466] [1] [ Info] [NidToolbox] Checking declared file: Mods\NidToolbox\Texts\Motd.txt 
[23:13:27.466] [1] [ Info] [NidToolbox] Config file:  Mods\NidToolbox\Texts\Motd.txt exists. 
[23:13:27.466] [1] [ Info] [NidToolbox] Config file:  Mods\NidToolbox\Texts\Motd.txt readable. 
[23:13:27.466] [1] [ Info] [NidToolbox] Checking declared file: Mods\NidToolbox\Texts\Rules.txt 
[23:13:27.466] [1] [ Info] [NidToolbox] Config file:  Mods\NidToolbox\Texts\Rules.txt exists. 
[23:13:27.466] [1] [ Info] [NidToolbox] Config file:  Mods\NidToolbox\Texts\Rules.txt readable. 
[23:13:27.483] [1] [ Info] [NidToolbox] Checking declared file: Mods\NidToolbox\Texts\ServerChangelog.txt 
[23:13:27.483] [1] [ Info] [NidToolbox] Config file:  Mods\NidToolbox\Texts\ServerChangelog.txt exists. 
[23:13:27.483] [1] [ Info] [NidToolbox] Config file:  Mods\NidToolbox\Texts\ServerChangelog.txt readable. 
[23:13:27.573] [1] [ Info] [Eco] Инициализируем NoPlayerCreditsPlugin...  
[23:13:27.575] [1] [ Info] [Eco] Инициализируем DiscordLink...  
[23:13:27.618] [1] [ Info] [Eco] Инициализируем ПлагинМира...  
[23:13:27.618] [1] [ Info] [Eco] Обработка...  
[23:13:30.370] [1] [ Info] [Eco] Сжатие...  
[23:13:31.936] [142] [ Info] [Eco] DISCORDLINK: Connected to Discord.

 
[23:13:33.627] [1] [ Info] [Eco] Инициализируем МенеджерСети...  
[23:13:33.865] [1] [ Info] [Eco] Инициализируем МенеджерСлоёвМира...  
[23:13:33.865] [1] [ Info] [Eco] Инициализируем ПлагинВебСервера...  
[23:13:34.020] [140] [ Info] [Eco] DISCORDLINK: Connected and Ready
 
[23:13:34.579] [1] [ Info] [Eco] Инициализируем ПлагинТестовИнтеграции...  
[23:13:34.579] [1] [ Info] [NidToolbox] OK - Mono not detected, not a Linux environment 
[23:13:34.591] [1] [ Info] [NidToolbox] All commands in config up to date. 
[23:13:34.678] [1] [ Info] [NidToolbox] Running NidToolbox version 1.8.7 
[23:13:34.703] [1] [ Info] [Eco] Server Initialization завершена за 35 224,2мс
 
