[14:40:37.043] [1] [ Info] [Eco] >>> START EcoServer, Version=1.0.0.0, Culture=neutral, PublicKeyToken=null 
[14:40:37.072] [1] [ Info] [Eco] Eco Server 0.8.3.2 beta
 
[14:40:37.145] [1] [ Info] [Eco] Server Initialization...  
[14:40:37.145] [1] [ Info] [Eco] Starting LocalizationPlugin...  
[14:40:37.502] [1] [ Info] [Eco] Запуск ПлагинНабораМодификаций...  
[14:40:37.502] [1] [ Info] [Eco] Загрузка модификаций...  
[14:40:37.596] [1] [ Info] [Eco] Компилирование модификаций...  
[14:40:39.088] [1] [ Info] [Eco] Загружаем 0Harmony...
 
[14:40:39.088] [1] [ Info] [Eco] Загружаем Asphalt-ModKit...
 
[14:40:39.215] [1] [ Info] [Eco] Загружаем Eco.IntegrationTests...
 
[14:40:39.218] [1] [ Info] [Eco] Загружаем DiscordLinkUnified...
 
[14:40:39.274] [1] [ Info] [Eco] Загружаем EcoStory...
 
[14:40:39.281] [1] [ Info] [Eco] Загрузка модификаций завершена за 1 776,3мс
 
[14:40:39.281] [1] [ Info] [Eco] Запуск МенеджерСети...  
[14:40:39.281] [7] [ Info] [Eco] Инициализация типов симуляции...  
[14:40:39.359] [8] [ Info] [Eco] Запуск ПлагинГенератораМира...  
[14:40:39.359] [6] [ Info] [Eco] Запуск ПлагинИгровойСтатистики...  
[14:40:39.359] [5] [ Info] [Eco] Запуск ПлагинРезервногоКопирования...  
[14:40:39.359] [5] [ Info] [Eco] Запуск МенеджерХранилища...  
[14:40:40.712] [7] [ Info] [Eco] Инициализация предметов...  
[14:40:40.832] [7] [ Info] [NidToolbox] Checking Settings.json 
[14:40:40.832] [7] [ Info] [NidToolbox] Config file: Mods\NidToolbox\Config\Settings.json exists. 
[14:40:40.851] [7] [Error] [NidToolbox] Critical Error: File: Settings.json Location: Mods\NidToolbox\Config\Settings.json 
[14:40:40.851] [7] [Error] [NidToolbox] File is corruted or contains illegal characters, read the message below to get the details. 
[14:40:40.851] [7] [Error] [NidToolbox] After parsing a value an unexpected character was encountered: ". Path 'ServerChangelogModule.FileName', line 47, position 4. 
[14:40:41.572] [5] [ Info] [Eco] Запуск Плагин паузы...  
[14:40:41.582] [5] [ Info] [Eco] Загружаем Pause...  
