[16:15:14.290] [1] [ Info] [Eco] >>> START EcoServer, Version=1.0.0.0, Culture=neutral, PublicKeyToken=null 
[16:15:14.318] [1] [ Info] [Eco] Eco Server 0.8.3.2 beta
 
[16:15:14.392] [1] [ Info] [Eco] Server Initialization...  
[16:15:14.392] [1] [ Info] [Eco] Starting LocalizationPlugin...  
[16:15:14.751] [1] [ Info] [Eco] Запуск ПлагинНабораМодификаций...  
[16:15:14.751] [1] [ Info] [Eco] Загрузка модификаций...  
[16:15:14.851] [1] [ Info] [Eco] Компилирование модификаций...  
[16:15:16.393] [1] [ Info] [Eco] Загружаем 0Harmony...
 
[16:15:16.393] [1] [ Info] [Eco] Загружаем Asphalt-ModKit...
 
[16:15:16.517] [1] [ Info] [Eco] Загружаем Eco.IntegrationTests...
 
[16:15:16.517] [1] [ Info] [Eco] Загружаем DiscordLinkUnified...
 
[16:15:16.574] [1] [ Info] [Eco] Загрузка модификаций завершена за 1 818,8мс
 
[16:15:16.574] [1] [ Info] [Eco] Запуск МенеджерСети...  
[16:15:16.580] [5] [ Info] [Eco] Инициализация типов симуляции...  
[16:15:16.648] [12] [ Info] [Eco] Запуск ПлагинГенератораМира...  
[16:15:16.648] [7] [ Info] [Eco] Запуск ПлагинРезервногоКопирования...  
[16:15:16.648] [8] [ Info] [Eco] Запуск ПлагинИгровойСтатистики...  
[16:15:16.655] [7] [ Info] [Eco] Запуск МенеджерХранилища...  
[16:15:17.988] [5] [ Info] [Eco] Инициализация предметов...  
[16:15:18.910] [7] [ Info] [Eco] Запуск Плагин паузы...  
[16:15:18.910] [7] [ Info] [Eco] Загружаем Pause...  
[16:15:20.596] [5] [ Info] [Eco] Инициализация навыков...  
[16:15:20.695] [7] [ Info] [Eco] Запуск БДСтатистики...  
[16:15:20.695] [11] [ Info] [Eco] Запуск ПлагинМира...  
[16:15:20.760] [11] [ Info] [Eco] Загружаем World...  
[16:15:24.222] [11] [ Info] [Eco] Инициализация мира...  
[16:15:25.893] [11] [ Info] [Eco] Запуск ПлагинВремени...  
[16:15:25.893] [11] [ Info] [Eco] Загружаем Time...  
[16:15:25.893] [11] [ Info] [Eco] Запуск ПлагинРепутации...  
[16:15:25.893] [11] [ Info] [Eco] Загружаем Reputation...  
[16:15:25.912] [11] [ Info] [Eco] Запуск МенеджерЖильяИгроков...  
[16:15:25.912] [11] [ Info] [Eco] Запуск МенеджерПользователей...  
[16:15:25.959] [11] [ Info] [Eco] Загружаем Users...  
[16:15:26.331] [11] [ Info] [Eco] Инициализация инвентарей...  
[16:15:26.371] [11] [ Info] [Eco] Запуск МенеджерОбъектовЭко...  
[16:15:26.389] [11] [ Info] [Eco] Загружаем Objects...  
[16:15:26.603] [7] [ Info] [Eco] Запуск ПлагинМусора...  
[16:15:26.603] [11] [ Info] [Eco] Запуск МенеджерКонтроллера...  
[16:15:26.603] [29] [ Info] [Eco] Запуск ПлагинЭкономики...  
[16:15:26.603] [14] [ Info] [Eco] Запуск СерверЧата...  
[16:15:26.603] [22] [ Info] [Eco] Запуск ПлагинУгроз...  
[16:15:26.608] [26] [ Info] [Eco] Запуск НастройкиСложности...  
[16:15:26.608] [5] [ Info] [Eco] Запуск VoiceManager...  
[16:15:26.608] [7] [ Info] [Eco] Загружаем Garbage...  
[16:15:26.608] [29] [ Info] [Eco] Загружаем Economy...  
[16:15:26.959] [29] [ Info] [Eco] Запуск Законодательство...  
[16:15:26.959] [22] [ Info] [Eco] Загружаем Disasters...  
[16:15:26.959] [14] [ Info] [Eco] Загружаем Chat...  
[16:15:29.033] [29] [ Info] [Eco] Загружаем Laws...  
[16:15:29.114] [29] [ Info] [Eco] Запуск МенеджерСобственности...  
[16:15:29.114] [29] [ Info] [Eco] Загружаем Property...  
[16:15:29.219] [29] [ Info] [Eco] Запуск МенеджерМиникарты...  
[16:15:29.219] [29] [ Info] [Eco] Запуск СимуляцияЭко...  
[16:15:29.285] [29] [ Info] [Eco] Загружаем Plants...  
[16:15:30.569] [29] [ Info] [Eco] Инициализация растений...  
[16:15:36.671] [29] [ Info] [Eco] Запуск RouteProbingPlugin...  
[16:15:36.671] [29] [ Info] [Eco] Загружаем RouteProbing...  
[16:15:38.835] [29] [ Info] [Eco] Запуск МенеджерСлоёвМира...  
[16:15:38.835] [29] [ Info] [Eco] Загружаем Layers...  
[16:15:39.489] [29] [ Info] [Eco] Инициализация слоёв мира...  
[16:15:39.489] [29] [ Info] [Eco] Загружаем ClimateSim...  
[16:15:42.976] [29] [ Info] [Eco] Запуск ТрекерЭкономики...  
[16:15:42.987] [29] [ Info] [Eco] Запуск UserTracker...  
[16:15:42.987] [29] [ Info] [Eco] Запуск МенеджерМировыхОбъектов...  
[16:15:43.067] [29] [ Info] [Eco] Загружаем WorldObjects...  
[16:15:43.809] [29] [ Info] [Eco] Запуск ПлагинКомнат...  
[16:15:43.812] [29] [ Info] [Eco] Загружаем Rooms...  
[16:15:43.812] [29] [ Info] [Eco] Запуск ПлагинЦелей...  
[16:15:43.812] [29] [ Info] [Eco] Загружаем Objectives...  
[16:15:43.843] [29] [ Info] [Eco] Запуск ПлагинСна...  
[16:15:43.843] [29] [ Info] [Eco] Загружаем Sleep...  
[16:15:43.843] [1] [ Info] [Eco] Запуск ПлагинВебСервера...  
[16:15:43.843] [1] [ Info] [Eco] Запуск OtherAliasCategory...  
[16:15:43.843] [12] [ Info] [Eco] Запуск Asphalt...  
[16:15:43.857] [33] [ Info] [Eco] Запуск ПлагинТестовИнтеграции...  
[16:15:43.857] [19] [ Info] [Eco] Запуск DiscordLink...  
[16:15:44.017] [1] [ Info] [Eco] Инициализируем ПлагинПеревода...  
[16:15:44.017] [1] [ Info] [Eco] Инициализируем ПлагинНабораМодификаций...  
[16:15:44.220] [1] [ Info] [Eco] Инициализируем ПлагинГенератораМира...  
[16:15:44.220] [1] [ Info] [Eco] Инициализируем МенеджерПользователей...  
[16:15:44.311] [1] [ Info] [Eco] Инициализируем ПлагинМусора...  
[16:15:44.311] [1] [ Info] [Eco] Инициализируем ПлагинЭкономики...  
[16:15:44.423] [1] [ Info] [Eco] Инициализируем Законодательство...  
[16:15:49.204] [1] [ Info] [Eco] Инициализируем МенеджерСобственности...  
[16:15:49.263] [1] [ Info] [Eco] Инициализируем МенеджерМиникарты...  
[16:15:50.211] [1] [ Info] [Eco] Инициализируем UserTracker...  
[16:15:50.222] [1] [ Info] [Eco] Инициализируем МенеджерМировыхОбъектов...  
[16:15:53.859] [1] [ Info] [Eco] Инициализируем ПлагинКомнат...  
[16:15:55.395] [1] [ Info] [Eco] Инициализируем ПлагинСна...  
[16:15:55.395] [1] [ Info] [Eco] Инициализируем DiscordLink...  
[16:15:55.431] [1] [ Info] [Eco] Инициализируем ПлагинМира...  
[16:15:55.431] [1] [ Info] [Eco] Обработка...  
[16:15:58.730] [140] [ Info] [Eco] DISCORDLINK: Connected to Discord.

 
[16:15:59.232] [1] [ Info] [Eco] Сжатие...  
[16:15:59.802] [140] [ Info] [Eco] DISCORDLINK: Connected and Ready
 
[16:16:02.996] [1] [ Info] [Eco] Инициализируем МенеджерСети...  
[16:16:03.225] [1] [ Info] [Eco] Инициализируем МенеджерСлоёвМира...  
[16:16:03.225] [1] [ Info] [Eco] Инициализируем ПлагинВебСервера...  
[16:16:03.892] [1] [ Info] [Eco] Инициализируем ПлагинТестовИнтеграции...  
[16:16:03.892] [19] [ Info] [Eco] DISCORDLINK DEBUG:Message received from Discord on channel: сервер-в-работе
 
[16:16:03.934] [1] [ Info] [Eco] Server Initialization завершена за 49 541,4мс
 
[16:16:11.532] [36] [ Info] [Eco] DISCORDLINK DEBUG:Message received from Discord on channel: сервер-в-работе
 
[16:16:19.019] [12] [ Info] [Eco] DISCORDLINK DEBUG:Message received from Discord on channel: сервер-в-работе
 
[16:16:26.905] [137] [ Info] [Eco] DISCORDLINK DEBUG:Eco Message Processed:
 
[16:16:26.905] [137] [ Info] [Eco] DISCORDLINK DEBUG:Message: <style="InfoLight">закончено изготовление <b><link="WorkOrder:88d71a69-8a61-4f3f-a15c-85d3c931196c:8b0de943-c47b-4f78-9e44-222bea7a3076"><nobr><ecoicon item='Construction Post'>Construction Post проект</ecoicon></nobr></link></b> в <b><link="WorldObject:88d71a69-8a61-4f3f-a15c-85d3c931196c"><nobr><ecoicon item='Workbench'>Серый Волк Верстак</ecoicon></nobr></link></b>.</style>
 
[16:16:26.905] [137] [ Info] [Eco] DISCORDLINK DEBUG:Tag: _Crafting
 
[16:16:26.905] [137] [ Info] [Eco] DISCORDLINK DEBUG:Category: Info
 
[16:16:26.905] [137] [ Info] [Eco] DISCORDLINK DEBUG:Temporary: False
 
[16:16:26.905] [137] [ Info] [Eco] DISCORDLINK DEBUG:Sender: 
 
[16:16:28.095] [27] [ Info] [Eco] DISCORDLINK DEBUG:Message received from Discord on channel: сервер-в-работе
 
[16:16:37.192] [19] [ Info] [Eco] DISCORDLINK DEBUG:Message received from Discord on channel: сервер-в-работе
 
[16:16:39.129] [137] [ Info] [Eco] DISCORDLINK DEBUG:Eco Message Processed:
 
[16:16:39.129] [137] [ Info] [Eco] DISCORDLINK DEBUG:Message: <style="InfoLight">закончено изготовление <b><link="WorkOrder:f96f52a2-2097-4365-b56a-e5bb8a3421cc:9542a519-94d6-42db-8df3-372bcf845eb9"><nobr><ecoicon item='Dirt Ramp'>Dirt Ramp проект</ecoicon></nobr></link></b> в <b><link="WorldObject:f96f52a2-2097-4365-b56a-e5bb8a3421cc"><nobr><ecoicon item='Workbench'>Титаникус Верстак</ecoicon></nobr></link></b>.</style>
 
[16:16:39.129] [137] [ Info] [Eco] DISCORDLINK DEBUG:Tag: _Crafting
 
[16:16:39.129] [137] [ Info] [Eco] DISCORDLINK DEBUG:Category: Info
 
[16:16:39.129] [137] [ Info] [Eco] DISCORDLINK DEBUG:Temporary: False
 
[16:16:39.129] [137] [ Info] [Eco] DISCORDLINK DEBUG:Sender: 
 
[16:16:45.253] [137] [ Info] [Eco] DISCORDLINK DEBUG:Eco Message Processed:
 
[16:16:45.253] [137] [ Info] [Eco] DISCORDLINK DEBUG:Message: <style="InfoLight"><b><link="User::76561198025755741"><ecobadgeicon tier='4'><color=#51FFB7>letmeplay</color></ecobadgeicon></link></b> вернулся в игру (Последний раз в сети 1m 33s назад).</style>
 
[16:16:45.253] [137] [ Info] [Eco] DISCORDLINK DEBUG:Tag: _Logins
 
[16:16:45.253] [137] [ Info] [Eco] DISCORDLINK DEBUG:Category: Info
 
[16:16:45.253] [137] [ Info] [Eco] DISCORDLINK DEBUG:Temporary: False
 
[16:16:45.253] [137] [ Info] [Eco] DISCORDLINK DEBUG:Sender: 
 
[16:16:49.654] [12] [ Info] [Eco] DISCORDLINK DEBUG:Message received from Discord on channel: сервер-в-работе
 
[16:16:54.100] [29] [ Info] [Eco] DISCORDLINK DEBUG:Message received from Discord on channel: сервер-в-работе
 
[16:17:03.380] [24] [ Info] [Eco] DISCORDLINK DEBUG:Message received from Discord on channel: сервер-в-работе
 
[16:17:07.332] [137] [ Info] [Eco] DISCORDLINK DEBUG:Eco Message Processed:
 
[16:17:07.332] [137] [ Info] [Eco] DISCORDLINK DEBUG:Message: <style="InfoLight"><b><link="User::76561198025755741"><ecobadgeicon tier='4'><color=#51FFB7>letmeplay</color></ecobadgeicon></link></b> покинул игру</style>
 
[16:17:07.332] [137] [ Info] [Eco] DISCORDLINK DEBUG:Tag: _Logins
 
[16:17:07.332] [137] [ Info] [Eco] DISCORDLINK DEBUG:Category: Info
 
[16:17:07.332] [137] [ Info] [Eco] DISCORDLINK DEBUG:Temporary: False
 
[16:17:07.332] [137] [ Info] [Eco] DISCORDLINK DEBUG:Sender: 
 
