[22:25:33.742] [1] [ Info] [Eco] >>> START EcoServer, Version=1.0.0.0, Culture=neutral, PublicKeyToken=null 
[22:25:33.770] [1] [ Info] [Eco] Eco Server 0.8.3.3 beta
 
[22:25:33.842] [1] [ Info] [Eco] Server Initialization...  
[22:25:33.842] [1] [ Info] [Eco] Starting LocalizationPlugin...  
[22:25:34.212] [1] [ Info] [Eco] Запуск ПлагинНабораМодификаций...  
[22:25:34.212] [1] [ Info] [Eco] Загрузка модификаций...  
[22:25:34.484] [1] [ Info] [Eco] Компилирование модификаций...  
[22:25:35.966] [1] [ Info] [Eco] Загружаем 0Harmony...
 
[22:25:35.966] [1] [ Info] [Eco] Загружаем Asphalt-ModKit...
 
[22:25:36.093] [1] [ Info] [Eco] Загружаем Eco.IntegrationTests...
 
[22:25:36.093] [1] [ Info] [Eco] Загружаем em-base...
 
[22:25:36.093] [1] [ Info] [Eco] Загружаем NoPlayerCredits...
 
[22:25:36.093] [1] [ Info] [Eco] Загружаем em-greenenergy...
 
[22:25:36.093] [1] [ Info] [Eco] Загружаем em-realisticsmelting...
 
[22:25:36.093] [1] [ Info] [Eco] Загружаем em-shippingcontainers...
 
[22:25:36.107] [1] [ Info] [Eco] Загружаем em-tailingspack...
 
[22:25:36.107] [1] [ Info] [Eco] Загружаем em-arches...
 
[22:25:36.107] [1] [ Info] [Eco] Загружаем em-doors...
 
[22:25:36.107] [1] [ Info] [Eco] Загружаем em-dyes...
 
[22:25:36.107] [1] [ Info] [Eco] Загружаем em-homeobjects...
 
[22:25:36.107] [1] [ Info] [Eco] Загружаем em-transportation...
 
[22:25:36.122] [1] [ Info] [Eco] Загружаем em-windows...
 
[22:25:36.122] [1] [ Info] [Eco] Загружаем em-zymology...
 
[22:25:36.122] [1] [ Info] [Eco] Загружаем NidToolbox...
 
[22:25:36.141] [1] [ Info] [Eco] Загрузка модификаций завершена за 1 926,1мс
 
[22:25:36.141] [1] [ Info] [Eco] Запуск МенеджерСети...  
[22:25:36.141] [7] [ Info] [Eco] Инициализация типов симуляции...  
[22:25:36.207] [17] [ Info] [Eco] Запуск ПлагинГенератораМира...  
[22:25:36.207] [6] [ Info] [Eco] Запуск ПлагинРезервногоКопирования...  
[22:25:36.207] [14] [ Info] [Eco] Запуск ПлагинИгровойСтатистики...  
[22:25:36.215] [6] [ Info] [Eco] Запуск МенеджерХранилища...  
[22:25:37.677] [7] [ Info] [Eco] Инициализация предметов...  
[22:25:37.750] [7] [ Info] [NidToolbox] Checking Settings.json 
[22:25:37.750] [7] [ Info] [NidToolbox] Config file: Mods\NidToolbox\Config\Settings.json exists. 
[22:25:37.750] [7] [ Info] [NidToolbox] Json file: Mods\NidToolbox\Config\Settings.json readable and correct. 
[22:25:37.750] [7] [ Info] [NidToolbox] Checking CommandPermissions.json 
[22:25:37.750] [7] [ Info] [NidToolbox] Config file: Mods\NidToolbox\Config\CommandPermissions.json exists. 
[22:25:37.750] [7] [ Info] [NidToolbox] Json file: Mods\NidToolbox\Config\CommandPermissions.json readable and correct. 
[22:25:37.750] [7] [ Info] [NidToolbox] Checking TimerMessages.json 
[22:25:37.750] [7] [ Info] [NidToolbox] Config file: Mods\NidToolbox\Config\TimerMessages.json exists. 
[22:25:37.769] [7] [ Info] [NidToolbox] Json file: Mods\NidToolbox\Config\TimerMessages.json readable and correct. 
[22:25:37.769] [7] [ Info] [NidToolbox] Checking ScheduledMessages.json 
[22:25:37.769] [7] [ Info] [NidToolbox] Config file: Mods\NidToolbox\Config\ScheduledMessages.json exists. 
[22:25:37.769] [7] [ Info] [NidToolbox] Json file: Mods\NidToolbox\Config\ScheduledMessages.json readable and correct. 
[22:25:37.769] [7] [ Info] [NidToolbox] No UserHomes directory, skipping user homes config checks. 
[22:25:38.773] [6] [ Info] [Eco] Запуск Плагин паузы...  
[22:25:38.780] [6] [ Info] [Eco] Загружаем Pause...  
