[09:12:04.739] [1] [ Info] [Eco] >>> START EcoServer, Version=1.0.0.0, Culture=neutral, PublicKeyToken=null 
[09:12:04.771] [1] [ Info] [Eco] Eco Server 0.8.3.3 beta
 
[09:12:04.854] [1] [ Info] [Eco] Server Initialization...  
[09:12:04.854] [1] [ Info] [Eco] Starting LocalizationPlugin...  
[09:12:05.238] [1] [ Info] [Eco] Запуск ПлагинНабораМодификаций...  
[09:12:05.238] [1] [ Info] [Eco] Загрузка модификаций...  
[09:12:05.531] [1] [ Info] [Eco] Компилирование модификаций...  
[09:12:07.008] [1] [ Info] [Eco] Загружаем 0Harmony...
 
[09:12:07.016] [1] [ Info] [Eco] Загружаем Asphalt-ModKit...
 
[09:12:07.135] [1] [ Info] [Eco] Загружаем Eco.IntegrationTests...
 
[09:12:07.135] [1] [ Info] [Eco] Загружаем em-base...
 
[09:12:07.135] [1] [ Info] [Eco] Загружаем NoPlayerCredits...
 
[09:12:07.140] [1] [ Info] [Eco] Загружаем em-greenenergy...
 
[09:12:07.140] [1] [ Info] [Eco] Загружаем em-shippingcontainers...
 
[09:12:07.140] [1] [ Info] [Eco] Загружаем em-tailingspack...
 
[09:12:07.140] [1] [ Info] [Eco] Загружаем realisticsmelting...
 
[09:12:07.140] [1] [ Info] [Eco] Загружаем em-arches...
 
[09:12:07.140] [1] [ Info] [Eco] Загружаем em-doors...
 
[09:12:07.140] [1] [ Info] [Eco] Загружаем em-dyes...
 
[09:12:07.155] [1] [ Info] [Eco] Загружаем em-homeobjects...
 
[09:12:07.155] [1] [ Info] [Eco] Загружаем em-transportation...
 
[09:12:07.155] [1] [ Info] [Eco] Загружаем em-windows...
 
[09:12:07.172] [1] [ Info] [Eco] Загружаем em-zymology...
 
[09:12:07.172] [1] [ Info] [Eco] Загружаем HPStorage...
 
[09:12:07.172] [1] [ Info] [Eco] Загружаем NidToolbox...
 
[09:12:07.172] [1] [ Info] [Eco] Загрузка модификаций завершена за 1 942,4мс
 
[09:12:07.172] [1] [ Info] [Eco] Запуск МенеджерСети...  
[09:12:07.194] [7] [ Info] [Eco] Инициализация типов симуляции...  
[09:12:07.247] [11] [ Info] [Eco] Запуск ПлагинГенератораМира...  
[09:12:07.247] [16] [ Info] [Eco] Запуск ПлагинРезервногоКопирования...  
[09:12:07.249] [14] [ Info] [Eco] Запуск ПлагинИгровойСтатистики...  
[09:12:07.249] [16] [ Info] [Eco] Запуск МенеджерХранилища...  
[09:12:08.764] [7] [ Info] [Eco] Инициализация предметов...  
[09:12:08.830] [7] [ Info] [NidToolbox] Checking Settings.json 
[09:12:08.830] [7] [ Info] [NidToolbox] Config file: Mods\NidToolbox\Config\Settings.json exists. 
[09:12:08.830] [7] [ Info] [NidToolbox] Json file: Mods\NidToolbox\Config\Settings.json readable and correct. 
[09:12:08.830] [7] [ Info] [NidToolbox] Checking CommandPermissions.json 
[09:12:08.830] [7] [ Info] [NidToolbox] Config file: Mods\NidToolbox\Config\CommandPermissions.json exists. 
[09:12:08.830] [7] [ Info] [NidToolbox] Json file: Mods\NidToolbox\Config\CommandPermissions.json readable and correct. 
[09:12:08.843] [7] [ Info] [NidToolbox] Checking TimerMessages.json 
[09:12:08.843] [7] [ Info] [NidToolbox] Config file: Mods\NidToolbox\Config\TimerMessages.json exists. 
[09:12:08.843] [7] [ Info] [NidToolbox] Json file: Mods\NidToolbox\Config\TimerMessages.json readable and correct. 
[09:12:08.843] [7] [ Info] [NidToolbox] Checking ScheduledMessages.json 
[09:12:08.843] [7] [ Info] [NidToolbox] Config file: Mods\NidToolbox\Config\ScheduledMessages.json exists. 
[09:12:08.843] [7] [ Info] [NidToolbox] Json file: Mods\NidToolbox\Config\ScheduledMessages.json readable and correct. 
[09:12:08.843] [7] [ Info] [NidToolbox] No UserHomes directory, skipping user homes config checks. 
[09:12:11.046] [16] [ Info] [Eco] Запуск Плагин паузы...  
[09:12:11.046] [16] [ Info] [Eco] Загружаем Pause...  
[09:12:12.179] [7] [ Info] [Eco] Инициализация навыков...  
[09:12:12.280] [12] [ Info] [Eco] Запуск БДСтатистики...  
[09:12:12.280] [6] [ Info] [Eco] Запуск ПлагинМира...  
[09:12:12.330] [6] [ Info] [Eco] Загружаем World...  
[09:12:17.199] [6] [ Info] [Eco] Конвертация мира в новый формат...  
[09:12:45.531] [6] [ Info] [Eco] Инициализация мира...  
[09:12:45.808] [6] [ Info] [Eco] Запуск ПлагинВремени...  
[09:12:45.808] [6] [ Info] [Eco] Загружаем Time...  
[09:12:45.812] [6] [ Info] [Eco] Запуск ПлагинРепутации...  
[09:12:45.812] [6] [ Info] [Eco] Загружаем Reputation...  
[09:12:45.827] [6] [ Info] [Eco] Запуск МенеджерЖильяИгроков...  
[09:12:45.827] [6] [ Info] [Eco] Запуск МенеджерПользователей...  
[09:12:45.867] [6] [ Info] [Eco] Загружаем Users...  
[09:12:46.033] [6] [ Info] [Eco] Инициализация инвентарей...  
[09:12:46.063] [6] [ Info] [Eco] Запуск МенеджерОбъектовЭко...  
[09:12:46.063] [24] [ Info] [Eco] Запуск ПлагинМусора...  
[09:12:46.063] [25] [ Info] [Eco] Запуск ПлагинУгроз...  
[09:12:46.063] [24] [ Info] [Eco] Загружаем Garbage...  
[09:12:46.063] [11] [ Info] [Eco] Запуск VoiceManager...  
[09:12:46.063] [7] [ Info] [Eco] Запуск ПлагинЭкономики...  
[09:12:46.063] [8] [ Info] [Eco] Запуск СерверЧата...  
[09:12:46.063] [32] [ Info] [Eco] Запуск НастройкиСложности...  
[09:12:46.063] [10] [ Info] [Eco] Запуск МенеджерКонтроллера...  
[09:12:46.084] [7] [ Info] [Eco] Загружаем Economy...  
[09:12:46.241] [25] [ Info] [Eco] Загружаем Disasters...  
[09:12:46.241] [8] [ Info] [Eco] Загружаем Chat...  
[09:12:46.241] [7] [ Info] [Eco] Запуск Законодательство...  
[09:12:46.284] [7] [ Info] [Eco] Загружаем Laws...  
[09:12:46.377] [7] [ Info] [Eco] Запуск МенеджерСобственности...  
[09:12:46.377] [7] [ Info] [Eco] Загружаем Property...  
[09:12:46.446] [7] [ Info] [Eco] Запуск МенеджерМиникарты...  
[09:12:46.446] [7] [ Info] [Eco] Запуск СимуляцияЭко...  
[09:12:46.513] [7] [ Info] [Eco] Загружаем Plants...  
[09:12:49.311] [7] [ Info] [Eco] Инициализация растений...  
[09:12:57.895] [7] [ Info] [Eco] Запуск RouteProbingPlugin...  
[09:12:57.895] [7] [ Info] [Eco] Загружаем RouteProbing...  
[09:13:01.877] [7] [ Info] [Eco] Запуск МенеджерСлоёвМира...  
[09:13:01.877] [7] [ Info] [Eco] Загружаем Layers...  
[09:13:02.578] [7] [ Info] [Eco] Инициализация слоёв мира...  
[09:13:02.578] [7] [ Info] [Eco] Загружаем ClimateSim...  
[09:13:05.401] [7] [ Info] [Eco] Запуск ТрекерЭкономики...  
[09:13:05.411] [7] [ Info] [Eco] Запуск UserTracker...  
[09:13:05.411] [7] [ Info] [Eco] Запуск МенеджерМировыхОбъектов...  
[09:13:05.505] [7] [ Info] [Eco] Загружаем WorldObjects...  
[09:13:05.659] [7] [ Info] [Eco] Запуск ПлагинКомнат...  
[09:13:05.659] [7] [ Info] [Eco] Загружаем Rooms...  
[09:13:05.672] [7] [ Info] [Eco] Запуск ПлагинЦелей...  
[09:13:05.672] [7] [ Info] [Eco] Загружаем Objectives...  
[09:13:05.672] [7] [ Info] [Eco] Запуск ПлагинСна...  
[09:13:05.687] [7] [ Info] [Eco] Загружаем Sleep...  
[09:13:05.687] [1] [ Info] [Eco] Запуск ПлагинВебСервера...  
[09:13:05.687] [1] [ Info] [Eco] Запуск OtherAliasCategory...  
[09:13:05.702] [31] [ Info] [Eco] Запуск Asphalt...  
[09:13:05.702] [6] [ Info] [Eco] Запуск NoPlayerCreditsPlugin...  
[09:13:05.702] [14] [ Info] [Eco] Запуск ChatBase...  
[09:13:05.702] [9] [ Info] [Eco] Запуск NidToolboxPlugin...  
[09:13:05.702] [8] [ Info] [Eco] Запуск ПлагинТестовИнтеграции...  
[09:13:05.722] [1] [ Info] [Eco] Инициализируем ПлагинПеревода...  
[09:13:05.722] [1] [ Info] [Eco] Инициализируем ПлагинНабораМодификаций...  
[09:13:06.012] [1] [ Info] [Eco] Инициализируем ПлагинГенератораМира...  
[09:13:06.014] [1] [ Info] [Eco] Инициализируем МенеджерПользователей...  
[09:13:06.055] [1] [ Info] [Eco] Инициализируем ПлагинМусора...  
[09:13:06.055] [1] [ Info] [Eco] Инициализируем ПлагинЭкономики...  
[09:13:06.076] [1] [ Info] [Eco] Инициализируем Законодательство...  
[09:13:06.704] [1] [ Info] [Eco] Инициализируем МенеджерСобственности...  
[09:13:06.704] [1] [ Info] [Eco] Инициализируем МенеджерМиникарты...  
[09:13:07.745] [1] [ Info] [Eco] Инициализируем UserTracker...  
[09:13:07.751] [1] [ Info] [Eco] Инициализируем МенеджерМировыхОбъектов...  
[09:13:07.950] [1] [ Info] [Eco] Инициализируем ПлагинКомнат...  
[09:13:08.063] [1] [ Info] [Eco] Инициализируем ПлагинСна...  
[09:13:08.063] [1] [ Info] [Eco] Инициализируем NidToolboxPlugin...  
[09:13:08.063] [1] [ Info] [NidToolbox] Checking declared file: Mods\NidToolbox\Texts\Motd.txt 
[09:13:08.063] [1] [ Info] [NidToolbox] Config file:  Mods\NidToolbox\Texts\Motd.txt exists. 
[09:13:08.077] [1] [ Info] [NidToolbox] Config file:  Mods\NidToolbox\Texts\Motd.txt readable. 
[09:13:08.077] [1] [ Info] [NidToolbox] Checking declared file: Mods\NidToolbox\Texts\Rules.txt 
[09:13:08.077] [1] [ Info] [NidToolbox] Config file:  Mods\NidToolbox\Texts\Rules.txt exists. 
[09:13:08.077] [1] [ Info] [NidToolbox] Config file:  Mods\NidToolbox\Texts\Rules.txt readable. 
[09:13:08.077] [1] [ Info] [NidToolbox] Checking declared file: Mods\NidToolbox\Texts\ServerChangelog.txt 
[09:13:08.077] [1] [ Info] [NidToolbox] Config file:  Mods\NidToolbox\Texts\ServerChangelog.txt exists. 
[09:13:08.077] [1] [ Info] [NidToolbox] Config file:  Mods\NidToolbox\Texts\ServerChangelog.txt readable. 
[09:13:08.200] [1] [ Info] [Eco] Инициализируем NoPlayerCreditsPlugin...  
[09:13:08.203] [1] [ Info] [Eco] Инициализируем ПлагинМира...  
[09:13:08.203] [1] [ Info] [Eco] Обработка...  
[09:13:08.290] [1] [ Info] [Eco] Сжатие...  
[09:13:19.706] [1] [ Info] [Eco] Сохранение мира...  
[09:13:24.208] [1] [ Info] [Eco] Инициализируем МенеджерСети...  
[09:13:24.426] [1] [ Info] [Eco] Инициализируем МенеджерСлоёвМира...  
[09:13:24.426] [1] [ Info] [Eco] Инициализируем ПлагинВебСервера...  
[09:13:25.062] [1] [ Info] [Eco] Инициализируем ПлагинТестовИнтеграции...  
[09:13:25.062] [1] [ Info] [NidToolbox] OK - Mono not detected, not a Linux environment 
[09:13:25.062] [1] [ Info] [NidToolbox] All commands in config up to date. 
[09:13:25.134] [1] [ Info] [NidToolbox] Running NidToolbox version 1.8.7 
[09:13:25.181] [1] [ Info] [Eco] Server Initialization завершена за 80 324,7мс
 
[09:15:33.726] [186] [ Info] [log] Dark Avenger invoked admin command '/fly' 
[09:16:33.354] [178] [ Info] [log] letmeplay invoked admin command '/fly' 
[09:16:45.074] [186] [ Info] [log] Dark Avenger invoked admin command '/give wooden sliding window, 20' 
[09:18:19.604] [186] [ Info] [log] Dark Avenger invoked admin command '/give дверь из пиломатериалов' 
[09:18:29.257] [186] [ Info] [log] Dark Avenger invoked admin command '/give дверь из пиломатериалов, 20' 
[09:21:12.746] [186] [ Info] [log] Dark Avenger invoked admin command '/give стекляная дверь' 
[09:21:19.074] [186] [ Info] [log] Dark Avenger invoked admin command '/give стеклянная дверь' 
[09:22:31.144] [186] [ Info] [log] Dark Avenger invoked admin command '/give double door lumber' 
[09:23:02.339] [186] [ Info] [log] Dark Avenger invoked admin command '/give double lumber door,20' 
[09:25:23.112] [186] [ Info] [log] Dark Avenger invoked admin command '/give steal shipping container' 
[09:26:49.860] [186] [ Info] [log] Dark Avenger invoked admin command '/give steel shipping container' 
[09:27:12.260] [186] [ Info] [log] Dark Avenger invoked admin command '/give Shipping container' 
[09:27:33.416] [186] [ Info] [log] Dark Avenger invoked admin command '/give steal Shipping container' 
[09:27:45.810] [186] [ Info] [log] Dark Avenger invoked admin command '/give steel Shipping container' 
[09:28:08.911] [186] [ Info] [log] Dark Avenger invoked admin command '/give steel Shipping container' 
[09:28:31.707] [186] [ Info] [log] Dark Avenger invoked admin command '/give steel Shipping container' 
[09:28:41.310] [186] [ Info] [log] Dark Avenger invoked admin command '/give steel Shipping container' 
[09:28:49.976] [186] [ Info] [log] Dark Avenger invoked admin command '/give steel Shipping container' 
[09:29:06.611] [186] [ Info] [log] Dark Avenger invoked admin command '/give steel Shipping container' 
[09:29:15.275] [186] [ Info] [log] Dark Avenger invoked admin command '/give steel Shipping container' 
[09:29:35.127] [186] [ Info] [log] Dark Avenger invoked admin command '/give steel Shipping container' 
[09:29:50.682] [186] [ Info] [log] Dark Avenger invoked admin command '/give steel Shipping container' 
[09:29:55.625] [186] [ Info] [log] Dark Avenger invoked admin command '/give steel Shipping container' 
[09:30:21.989] [186] [ Info] [log] Dark Avenger invoked admin command '/give Shipping container' 
[09:30:33.462] [186] [ Info] [log] Dark Avenger invoked admin command '/give Shipping container' 
[09:31:20.377] [186] [ Info] [log] Dark Avenger invoked admin command '/give washer machine' 
[09:31:40.809] [186] [ Info] [log] Dark Avenger invoked admin command '/give кузня' 
[09:31:52.578] [186] [ Info] [log] Dark Avenger invoked admin command '/give anvil' 
[09:32:29.844] [186] [ Info] [log] Dark Avenger invoked admin command '/give ore washer' 
[09:39:46.878] [186] [ Info] [log] Dark Avenger invoked admin command '/give сыродутная печь' 
[09:41:24.959] [186] [ Info] [log] Dark Avenger invoked admin command '/give ore washer' 
[09:41:37.525] [186] [ Info] [log] Dark Avenger invoked admin command '/give anvil' 
[09:43:09.168] [178] [ Info] [log] letmeplay invoked admin command '/give Маленькая вывеска из камня' 
[09:43:27.021] [3] [ Info] [Eco] Удалена резервная копия - D:/EcoBackup/Storage\Backup\Game-2020-02-17-15.24.25
 
[10:13:25.817] [6] [ Info] [Eco] Удалена резервная копия - D:/EcoBackup/Storage\Backup\Game-2020-02-19-08.48.39
 
[10:13:25.831] [6] [ Info] [Eco] Удалена резервная копия - D:/EcoBackup/Storage\Backup\Game-2020-02-17-16.24.25
 
[10:33:36.045] [186] [ Info] [log] Dark Avenger invoked admin command '/give compost table' 
[10:34:59.287] [186] [ Info] [log] Dark Avenger invoked admin command '/give compostablesitem' 
[10:37:04.012] [186] [ Info] [log] Dark Avenger invoked admin command '/give solar panel' 
[10:43:53.837] [178] [ Info] [log] letmeplay invoked admin command '/give Маленькая вывеска из камня' 
[10:43:59.106] [178] [ Info] [log] letmeplay invoked admin command '/give Маленькая вывеска из камня' 
[10:48:52.761] [186] [ Info] [log] Dark Avenger invoked admin command '/give chicken coop' 
[10:50:02.737] [178] [ Info] [log] letmeplay invoked admin command '/give Маленькая вывеска из камня' 
[10:51:52.787] [186] [ Info] [log] Dark Avenger invoked admin command '/give fermenting barrel' 
[10:53:00.302] [186] [ Info] [log] Dark Avenger invoked admin command '/eat' 
[11:03:54.783] [186] [ Info] [log] Dark Avenger invoked admin command '/give верстак' 
[11:04:37.191] [186] [ Info] [log] Dark Avenger invoked admin command '/give верстак' 
[11:07:27.720] [178] [ Info] [log] letmeplay invoked admin command '/give Маленькая вывеска из камня' 
[11:13:25.756] [3] [ Info] [Eco] Удалена резервная копия - D:/EcoBackup/Storage\Backup\Game-2020-02-17-17.27.48
 
[11:20:11.157] [178] [ Info] [log] letmeplay invoked admin command '/give Маленькая вывеска из камня' 
[11:26:05.342] [178] [ Info] [log] letmeplay invoked admin command '/save' 
[11:26:05.342] [29] [ Info] [Eco] Сохранение мира...  
[11:43:25.295] [10] [ Info] [Eco] Удалена резервная копия - D:/EcoBackup/Storage\Backup\Game-2020-02-19-10.43.25
 
[12:04:08.213] [171] [ Info] [log] letmeplay invoked admin command '/EAT' 
[12:04:16.208] [183] [ Info] [log] Larsa invoked admin command '/eat' 
[12:06:11.960] [171] [ Info] [log] letmeplay invoked admin command '/save' 
[12:06:11.960] [6] [ Info] [Eco] Сохранение мира...  
[12:13:26.539] [29] [ Info] [Eco] Удалена резервная копия - D:/EcoBackup/Storage\Backup\Game-2020-02-17-18.27.48
 
[12:31:41.146] [171] [ Info] [log] letmeplay invoked admin command '/fly' 
[12:32:11.502] [171] [ Info] [log] letmeplay invoked admin command '/give Маленькая вывеска из тёсанных брёвен,20' 
[12:37:06.031] [171] [ Info] [log] letmeplay invoked admin command '/save' 
[12:37:06.031] [32] [ Info] [Eco] Сохранение мира...  
[12:42:02.695] [8] [ Info] [log] Dark Avenger invoked admin command '/give ore washer' 
[12:42:12.027] [8] [ Info] [log] Dark Avenger invoked admin command '/give anve' 
[12:42:19.722] [8] [ Info] [log] Dark Avenger invoked admin command '/give anvil' 
[12:43:25.322] [17] [ Info] [Eco] Удалена резервная копия - D:/EcoBackup/Storage\Backup\Game-2020-02-19-11.43.25
 
[12:45:15.692] [8] [ Info] [log] Dark Avenger invoked admin command '/give сырмытная печь' 
[12:45:48.926] [8] [ Info] [log] Dark Avenger invoked admin command '/give сыродутная печь' 
[12:46:01.903] [8] [ Info] [log] Dark Avenger invoked admin command '/give домменная печь' 
[12:46:06.309] [8] [ Info] [log] Dark Avenger invoked admin command '/give доменная печь' 
[12:52:19.791] [8] [ Info] [log] Dark Avenger invoked admin command '/fly' 
[13:13:25.941] [32] [ Info] [Eco] Удалена резервная копия - D:/EcoBackup/Storage\Backup\Game-2020-02-17-19.27.48
 
[13:27:42.250] [179] [ Info] [log] Dark Avenger invoked admin command '/fly' 
[13:43:25.320] [3] [ Info] [Eco] Удалена резервная копия - D:/EcoBackup/Storage\Backup\Game-2020-02-19-12.43.25
 
[14:13:25.320] [10] [ Info] [Eco] Удалена резервная копия - D:/EcoBackup/Storage\Backup\Game-2020-02-17-21.19.04
 
[14:43:25.764] [10] [ Info] [Eco] Удалена резервная копия - D:/EcoBackup/Storage\Backup\Game-2020-02-19-13.43.25
 
[15:13:25.785] [23] [ Info] [Eco] Удалена резервная копия - D:/EcoBackup/Storage\Backup\Game-2020-02-17-22.19.04
 
[15:17:58.594] [179] [ Info] [log] Dark Avenger invoked admin command '/fly' 
[15:18:22.080] [179] [ Info] [log] Dark Avenger invoked admin command '/fly' 
[15:24:51.524] [179] [ Info] [log] Dark Avenger invoked admin command '/give верстак' 
[15:27:16.027] [179] [ Info] [log] Dark Avenger invoked admin command '/give верстак' 
[15:43:25.329] [23] [ Info] [Eco] Удалена резервная копия - D:/EcoBackup/Storage\Backup\Game-2020-02-19-14.43.25
 
[15:50:11.263] [180] [ Info] [log] Larsa invoked admin command '/give кухня' 
[15:50:53.258] [180] [ Info] [log] Larsa invoked admin command '/give плита' 
[15:51:10.606] [180] [ Info] [log] Larsa invoked admin command '/give железная труба, 10' 
[15:52:47.391] [180] [ Info] [log] Larsa invoked admin command '/give печь для обжига' 
[15:53:05.194] [179] [ Info] [log] Dark Avenger invoked admin command '/fly' 
[15:54:37.832] [180] [ Info] [log] Larsa invoked admin command '/give печь для обжига цемента' 
[15:55:38.305] [180] [ Info] [log] Larsa invoked admin command '/give нефтеперерабатывающий завод' 
[15:56:31.465] [179] [ Info] [log] Dark Avenger invoked admin command '/fly' 
[15:56:42.257] [179] [ Info] [log] Dark Avenger invoked admin command '/fly' 
[15:56:53.923] [180] [ Info] [log] Larsa invoked admin command '/fly' 
[16:02:49.148] [179] [ Info] [log] Dark Avenger invoked admin command '/give костёр' 
[16:05:35.255] [179] [ Info] [log] Dark Avenger invoked admin command '/give табличка' 
[16:05:57.443] [179] [ Info] [log] Dark Avenger invoked admin command '/give маленькая табличка из тёсаных брёвен' 
[16:06:42.681] [179] [ Info] [log] Dark Avenger invoked admin command '/give маленькая табличка из тёсанных брёвен' 
[16:07:19.043] [179] [ Info] [log] Dark Avenger invoked admin command '/give маленькая табличка из пиломатериаллов' 
[16:07:22.610] [179] [ Info] [log] Dark Avenger invoked admin command '/give маленькая табличка из пиломатериалов' 
[16:07:53.833] [179] [ Info] [log] Dark Avenger invoked admin command '/give маленькая вывеска из тёсанных брёвен' 
[16:11:11.818] [179] [ Info] [log] Dark Avenger invoked admin command '/fly' 
[16:11:48.832] [179] [ Info] [log] Dark Avenger invoked admin command '/fly' 
[16:13:25.771] [10] [ Info] [Eco] Удалена резервная копия - D:/EcoBackup/Storage\Backup\Game-2020-02-17-23.19.04
 
[16:13:44.769] [180] [ Info] [log] Larsa invoked admin command '/fly' 
[16:16:38.731] [180] [ Info] [log] Larsa invoked admin command '/fly' 
[16:38:24.150] [180] [ Info] [log] Larsa invoked admin command '/dumpcarried' 
[16:43:25.343] [29] [ Info] [Eco] Удалена резервная копия - D:/EcoBackup/Storage\Backup\Game-2020-02-19-15.43.25
 
[16:51:42.293] [171] [ Info] [log] letmeplay invoked admin command '/fly' 
[16:51:52.207] [171] [ Info] [log] letmeplay invoked admin command '/setspawn' 
[16:52:03.189] [171] [ Info] [log] letmeplay invoked admin command '/setspawn' 
[16:58:17.751] [171] [ Info] [log] letmeplay invoked admin command '/setspawn' 
[16:58:21.824] [171] [ Info] [log] letmeplay invoked admin command '/fly' 
[16:58:25.267] [171] [ Info] [log] letmeplay invoked admin command '/fly' 
[16:58:30.390] [171] [ Info] [log] letmeplay invoked admin command '/setspawn' 
[16:58:33.539] [171] [ Info] [log] letmeplay invoked admin command '/fly' 
[17:05:00.901] [171] [ Info] [log] letmeplay invoked admin command '/give Большая вывеска из тёсанных брёвен' 
[17:05:02.223] [171] [ Info] [log] letmeplay invoked admin command '/give Большая вывеска из тёсанных брёвен' 
[17:05:55.721] [18] [ Info] [log] Dark Avenger invoked admin command '/fly' 
[17:35:09.789] [171] [ Info] [log] letmeplay invoked admin command '/give Большая табличка из камня' 
[17:43:25.783] [32] [ Info] [Eco] Удалена резервная копия - D:/EcoBackup/Storage\Backup\Game-2020-02-19-16.43.25
 
[17:49:12.089] [171] [ Info] [log] letmeplay invoked admin command '/fly' 
[17:57:08.037] [171] [ Info] [log] letmeplay invoked admin command '/fly' 
[18:13:25.745] [21] [ Info] [Eco] Удалена резервная копия - D:/EcoBackup/Storage\Backup\Game-2020-02-18-01.19.04
 
[18:23:30.682] [169] [ Info] [log] AmeriQ invoked admin command '/eat' 
[18:43:25.353] [10] [ Info] [Eco] Удалена резервная копия - D:/EcoBackup/Storage\Backup\Game-2020-02-19-17.43.25
 
[18:47:15.034] [171] [ Info] [log] letmeplay invoked admin command '/give Строительный камень,20' 
[18:47:34.685] [171] [ Info] [log] letmeplay invoked admin command '/give Строительный камень,20' 
[18:47:39.770] [171] [ Info] [log] letmeplay invoked admin command '/dump' 
[18:47:47.247] [171] [ Info] [log] letmeplay invoked admin command '/give Строительный камень,20' 
[18:47:56.945] [171] [ Info] [log] letmeplay invoked admin command '/give Строительный камень,10' 
[18:48:02.264] [171] [ Info] [log] letmeplay invoked admin command '/give Строительный камень,15' 
[18:48:14.167] [171] [ Info] [log] letmeplay invoked admin command '/give Строительный камень,15' 
[18:48:28.102] [171] [ Info] [log] letmeplay invoked admin command '/give Строительный камень,15' 
[18:48:33.870] [171] [ Info] [log] letmeplay invoked admin command '/give Строительный камень,15' 
[18:48:50.197] [171] [ Info] [log] letmeplay invoked admin command '/give Строительный камень,15' 
[18:48:57.742] [171] [ Info] [log] letmeplay invoked admin command '/give Строительный камень,15' 
[18:49:01.842] [171] [ Info] [log] letmeplay invoked admin command '/give Строительный камень,15' 
[18:50:20.239] [171] [ Info] [log] letmeplay invoked admin command '/give Строительный камень,15' 
[18:51:10.595] [171] [ Info] [log] letmeplay invoked admin command '/give Строительный камень,15' 
[18:51:15.885] [171] [ Info] [log] letmeplay invoked admin command '/give Строительный камень,15' 
[18:51:26.006] [171] [ Info] [log] letmeplay invoked admin command '/give Строительный камень,15' 
[18:51:29.609] [171] [ Info] [log] letmeplay invoked admin command '/give Строительный камень,15' 
[18:51:32.666] [171] [ Info] [log] letmeplay invoked admin command '/give Строительный камень,15' 
[18:51:35.926] [171] [ Info] [log] letmeplay invoked admin command '/give Строительный камень,15' 
[18:51:39.023] [171] [ Info] [log] letmeplay invoked admin command '/give Строительный камень,15' 
[18:51:42.759] [171] [ Info] [log] letmeplay invoked admin command '/give Строительный камень,15' 
[18:51:46.429] [171] [ Info] [log] letmeplay invoked admin command '/give Строительный камень,15' 
[18:51:49.421] [171] [ Info] [log] letmeplay invoked admin command '/give Строительный камень,15' 
[18:51:52.986] [171] [ Info] [log] letmeplay invoked admin command '/give Строительный камень,15' 
[18:51:59.844] [171] [ Info] [log] letmeplay invoked admin command '/give Строительный камень,15' 
[18:52:05.692] [171] [ Info] [log] letmeplay invoked admin command '/give Строительный камень,15' 
[18:52:09.412] [171] [ Info] [log] letmeplay invoked admin command '/give Строительный камень,15' 
[18:52:13.178] [171] [ Info] [log] letmeplay invoked admin command '/give Строительный камень,15' 
[18:52:21.591] [171] [ Info] [log] letmeplay invoked admin command '/give Строительный камень,5' 
[18:53:36.894] [178] [ Info] [log] AmeriQ invoked admin command '/dump' 
[18:53:37.585] [171] [ Info] [log] letmeplay invoked admin command '/give Строительный известняк,15' 
[18:53:44.231] [178] [ Info] [log] AmeriQ invoked admin command '/give mortar, 100' 
[18:53:45.811] [171] [ Info] [log] letmeplay invoked admin command '/give Строительный известняк,15' 
[18:53:48.706] [171] [ Info] [log] letmeplay invoked admin command '/give Строительный известняк,15' 
[18:53:51.690] [171] [ Info] [log] letmeplay invoked admin command '/give Строительный известняк,15' 
[18:53:54.340] [171] [ Info] [log] letmeplay invoked admin command '/give Строительный известняк,15' 
[18:53:57.010] [171] [ Info] [log] letmeplay invoked admin command '/give Строительный известняк,15' 
[18:54:00.105] [171] [ Info] [log] letmeplay invoked admin command '/give Строительный известняк,15' 
[18:54:00.437] [178] [ Info] [log] AmeriQ invoked admin command '/give coal, 20' 
[18:54:02.661] [171] [ Info] [log] letmeplay invoked admin command '/give Строительный известняк,15' 
[18:54:05.569] [171] [ Info] [log] letmeplay invoked admin command '/give Строительный известняк,15' 
[18:54:08.279] [171] [ Info] [log] letmeplay invoked admin command '/give Строительный известняк,15' 
[18:54:10.867] [171] [ Info] [log] letmeplay invoked admin command '/give Строительный известняк,15' 
[18:54:13.638] [171] [ Info] [log] letmeplay invoked admin command '/give Строительный известняк,15' 
[18:54:14.678] [178] [ Info] [log] AmeriQ invoked admin command '/give coal, 20' 
[18:54:16.395] [171] [ Info] [log] letmeplay invoked admin command '/give Строительный известняк,15' 
[18:54:17.477] [178] [ Info] [log] AmeriQ invoked admin command '/give coal, 20' 
[18:54:19.067] [171] [ Info] [log] letmeplay invoked admin command '/give Строительный известняк,15' 
[18:54:22.467] [171] [ Info] [log] letmeplay invoked admin command '/give Строительный известняк,15' 
[18:54:27.813] [171] [ Info] [log] letmeplay invoked admin command '/give Строительный известняк,15' 
[18:54:30.942] [171] [ Info] [log] letmeplay invoked admin command '/give Строительный известняк,15' 
[18:54:33.261] [178] [ Info] [log] AmeriQ invoked admin command '/give coal, 20' 
[18:54:33.669] [171] [ Info] [log] letmeplay invoked admin command '/give Строительный известняк,15' 
[18:54:36.044] [171] [ Info] [log] letmeplay invoked admin command '/give Строительный известняк,15' 
[18:54:37.733] [178] [ Info] [log] AmeriQ invoked admin command '/give coal, 20' 
[18:54:38.174] [171] [ Info] [log] letmeplay invoked admin command '/give Строительный известняк,15' 
[18:54:39.810] [178] [ Info] [log] AmeriQ invoked admin command '/give coal, 20' 
[18:54:43.991] [178] [ Info] [log] AmeriQ invoked admin command '/give coal, 20' 
[18:54:46.773] [178] [ Info] [log] AmeriQ invoked admin command '/give coal, 20' 
[18:54:49.298] [178] [ Info] [log] AmeriQ invoked admin command '/give coal, 20' 
[18:54:53.366] [178] [ Info] [log] AmeriQ invoked admin command '/give coal, 20' 
[18:54:55.622] [178] [ Info] [log] AmeriQ invoked admin command '/give coal, 20' 
[18:54:57.843] [178] [ Info] [log] AmeriQ invoked admin command '/give coal, 20' 
[18:54:59.375] [171] [ Info] [log] letmeplay invoked admin command '/give Строительный песчаник,15' 
[18:55:00.220] [178] [ Info] [log] AmeriQ invoked admin command '/give coal, 20' 
[18:55:02.626] [178] [ Info] [log] AmeriQ invoked admin command '/give coal, 20' 
[18:55:04.505] [171] [ Info] [log] letmeplay invoked admin command '/give Строительный песчаник,15' 
[18:55:04.868] [178] [ Info] [log] AmeriQ invoked admin command '/give coal, 20' 
[18:55:06.593] [171] [ Info] [log] letmeplay invoked admin command '/give Строительный песчаник,15' 
[18:55:07.160] [178] [ Info] [log] AmeriQ invoked admin command '/give coal, 20' 
[18:55:08.712] [171] [ Info] [log] letmeplay invoked admin command '/give Строительный песчаник,15' 
[18:55:09.612] [178] [ Info] [log] AmeriQ invoked admin command '/give coal, 20' 
[18:55:10.609] [171] [ Info] [log] letmeplay invoked admin command '/give Строительный песчаник,15' 
[18:55:12.784] [171] [ Info] [log] letmeplay invoked admin command '/give Строительный песчаник,15' 
[18:55:14.629] [171] [ Info] [log] letmeplay invoked admin command '/give Строительный песчаник,15' 
[18:55:16.598] [171] [ Info] [log] letmeplay invoked admin command '/give Строительный песчаник,15' 
[18:55:18.498] [171] [ Info] [log] letmeplay invoked admin command '/give Строительный песчаник,15' 
[18:55:19.679] [178] [ Info] [log] AmeriQ invoked admin command '/give coal, 20' 
[18:55:20.619] [171] [ Info] [log] letmeplay invoked admin command '/give Строительный песчаник,15' 
[18:55:22.678] [171] [ Info] [log] letmeplay invoked admin command '/give Строительный песчаник,15' 
[18:55:23.144] [178] [ Info] [log] AmeriQ invoked admin command '/give coal, 20' 
[18:55:24.754] [171] [ Info] [log] letmeplay invoked admin command '/give Строительный песчаник,15' 
[18:55:26.273] [178] [ Info] [log] AmeriQ invoked admin command '/give coal, 20' 
[18:55:26.582] [171] [ Info] [log] letmeplay invoked admin command '/give Строительный песчаник,15' 
[18:55:28.370] [171] [ Info] [log] letmeplay invoked admin command '/give Строительный песчаник,15' 
[18:55:30.341] [171] [ Info] [log] letmeplay invoked admin command '/give Строительный песчаник,15' 
[18:55:32.164] [171] [ Info] [log] letmeplay invoked admin command '/give Строительный песчаник,15' 
[18:55:33.703] [171] [ Info] [log] letmeplay invoked admin command '/give Строительный песчаник,15' 
[18:55:35.169] [171] [ Info] [log] letmeplay invoked admin command '/give Строительный песчаник,15' 
[18:55:36.719] [171] [ Info] [log] letmeplay invoked admin command '/give Строительный песчаник,15' 
[18:55:38.313] [171] [ Info] [log] letmeplay invoked admin command '/give Строительный песчаник,15' 
[18:55:53.087] [178] [ Info] [log] AmeriQ invoked admin command '/give coal, 20' 
[18:55:55.519] [178] [ Info] [log] AmeriQ invoked admin command '/give coal, 20' 
[18:55:57.537] [178] [ Info] [log] AmeriQ invoked admin command '/give coal, 20' 
[18:55:59.979] [178] [ Info] [log] AmeriQ invoked admin command '/give coal, 20' 
[18:56:02.167] [178] [ Info] [log] AmeriQ invoked admin command '/give coal, 20' 
[18:56:04.319] [178] [ Info] [log] AmeriQ invoked admin command '/give coal, 20' 
[18:56:40.473] [178] [ Info] [log] AmeriQ invoked admin command '/give board, 20' 
[18:56:52.779] [171] [ Info] [log] letmeplay invoked admin command '/give Строительный гранит,15' 
[18:56:55.698] [171] [ Info] [log] letmeplay invoked admin command '/give Строительный гранит,15' 
[18:56:57.518] [171] [ Info] [log] letmeplay invoked admin command '/give Строительный гранит,15' 
[18:56:57.750] [178] [ Info] [log] AmeriQ invoked admin command '/give board, 60' 
[18:56:59.116] [171] [ Info] [log] letmeplay invoked admin command '/give Строительный гранит,15' 
[18:57:00.579] [171] [ Info] [log] letmeplay invoked admin command '/give Строительный гранит,15' 
[18:57:01.644] [178] [ Info] [log] AmeriQ invoked admin command '/give board, 40' 
[18:57:02.125] [171] [ Info] [log] letmeplay invoked admin command '/give Строительный гранит,15' 
[18:57:03.683] [171] [ Info] [log] letmeplay invoked admin command '/give Строительный гранит,15' 
[18:57:05.199] [171] [ Info] [log] letmeplay invoked admin command '/give Строительный гранит,15' 
[18:57:08.334] [171] [ Info] [log] letmeplay invoked admin command '/give Строительный гранит,15' 
[18:57:10.197] [171] [ Info] [log] letmeplay invoked admin command '/give Строительный гранит,15' 
[18:57:15.320] [171] [ Info] [log] letmeplay invoked admin command '/give Строительный гранит,15' 
[18:57:16.763] [171] [ Info] [log] letmeplay invoked admin command '/give Строительный гранит,15' 
[18:57:17.402] [178] [ Info] [log] AmeriQ invoked admin command '/give board, 60' 
[18:57:18.335] [171] [ Info] [log] letmeplay invoked admin command '/give Строительный гранит,15' 
[18:57:19.788] [171] [ Info] [log] letmeplay invoked admin command '/give Строительный гранит,15' 
[18:57:21.099] [171] [ Info] [log] letmeplay invoked admin command '/give Строительный гранит,15' 
[18:57:23.886] [178] [ Info] [log] AmeriQ invoked admin command '/give board, 60' 
[18:57:26.711] [178] [ Info] [log] AmeriQ invoked admin command '/give board, 60' 
[18:57:30.389] [178] [ Info] [log] AmeriQ invoked admin command '/give board, 60' 
[18:57:33.771] [178] [ Info] [log] AmeriQ invoked admin command '/give board, 60' 
[18:57:37.539] [178] [ Info] [log] AmeriQ invoked admin command '/give board, 40' 
[18:57:39.071] [171] [ Info] [log] letmeplay invoked admin command '/give Строительный гранит,15' 
[18:57:40.558] [171] [ Info] [log] letmeplay invoked admin command '/give Строительный гранит,15' 
[18:57:42.455] [171] [ Info] [log] letmeplay invoked admin command '/give Строительный гранит,15' 
[18:57:57.439] [178] [ Info] [log] AmeriQ invoked admin command '/give board, 60' 
[18:58:00.055] [178] [ Info] [log] AmeriQ invoked admin command '/give board, 60' 
[18:58:02.445] [178] [ Info] [log] AmeriQ invoked admin command '/give board, 60' 
[18:58:03.323] [171] [ Info] [log] letmeplay invoked admin command '/give Строительный гранит,15' 
[18:58:05.156] [171] [ Info] [log] letmeplay invoked admin command '/give Строительный гранит,15' 
[18:58:06.653] [178] [ Info] [log] AmeriQ invoked admin command '/give board, 60' 
[18:58:09.397] [178] [ Info] [log] AmeriQ invoked admin command '/give board, 60' 
[18:58:52.864] [178] [ Info] [log] AmeriQ invoked admin command '/give sand, 10' 
[18:58:56.601] [178] [ Info] [log] AmeriQ invoked admin command '/give sand, 10' 
[18:58:59.710] [178] [ Info] [log] AmeriQ invoked admin command '/give sand, 10' 
[18:59:02.133] [178] [ Info] [log] AmeriQ invoked admin command '/give sand, 10' 
[18:59:04.325] [178] [ Info] [log] AmeriQ invoked admin command '/give sand, 10' 
[18:59:06.807] [178] [ Info] [log] AmeriQ invoked admin command '/give sand, 10' 
[18:59:07.613] [171] [ Info] [log] letmeplay invoked admin command '/give Тёсаное бревно,20' 
[18:59:09.014] [178] [ Info] [log] AmeriQ invoked admin command '/give sand, 10' 
[18:59:11.374] [178] [ Info] [log] AmeriQ invoked admin command '/give sand, 10' 
[18:59:13.515] [178] [ Info] [log] AmeriQ invoked admin command '/give sand, 10' 
[18:59:14.881] [171] [ Info] [log] letmeplay invoked admin command '/give Тёсаное бревно,15' 
[18:59:15.644] [178] [ Info] [log] AmeriQ invoked admin command '/give sand, 10' 
[18:59:17.833] [178] [ Info] [log] AmeriQ invoked admin command '/give sand, 10' 
[18:59:23.390] [178] [ Info] [log] AmeriQ invoked admin command '/give sand, 10' 
[18:59:24.597] [171] [ Info] [log] letmeplay invoked admin command '/give Тёсаное бревно,15' 
[18:59:25.830] [178] [ Info] [log] AmeriQ invoked admin command '/give sand, 10' 
[18:59:27.791] [171] [ Info] [log] letmeplay invoked admin command '/give Тёсаное бревно,15' 
[18:59:28.355] [178] [ Info] [log] AmeriQ invoked admin command '/give sand, 10' 
[18:59:29.222] [171] [ Info] [log] letmeplay invoked admin command '/give Тёсаное бревно,15' 
[18:59:30.791] [178] [ Info] [log] AmeriQ invoked admin command '/give sand, 10' 
[18:59:30.859] [171] [ Info] [log] letmeplay invoked admin command '/give Тёсаное бревно,15' 
[18:59:32.321] [171] [ Info] [log] letmeplay invoked admin command '/give Тёсаное бревно,15' 
[18:59:33.068] [178] [ Info] [log] AmeriQ invoked admin command '/give sand, 10' 
[18:59:33.812] [171] [ Info] [log] letmeplay invoked admin command '/give Тёсаное бревно,15' 
[18:59:35.274] [178] [ Info] [log] AmeriQ invoked admin command '/give sand, 10' 
[18:59:35.375] [171] [ Info] [log] letmeplay invoked admin command '/give Тёсаное бревно,15' 
[18:59:36.836] [171] [ Info] [log] letmeplay invoked admin command '/give Тёсаное бревно,15' 
[18:59:37.598] [178] [ Info] [log] AmeriQ invoked admin command '/give sand, 10' 
[18:59:38.429] [171] [ Info] [log] letmeplay invoked admin command '/give Тёсаное бревно,15' 
[18:59:39.894] [178] [ Info] [log] AmeriQ invoked admin command '/give sand, 10' 
[18:59:40.009] [171] [ Info] [log] letmeplay invoked admin command '/give Тёсаное бревно,15' 
[18:59:41.667] [171] [ Info] [log] letmeplay invoked admin command '/give Тёсаное бревно,15' 
[18:59:42.536] [178] [ Info] [log] AmeriQ invoked admin command '/give sand, 10' 
[18:59:43.089] [171] [ Info] [log] letmeplay invoked admin command '/give Тёсаное бревно,15' 
[18:59:44.561] [171] [ Info] [log] letmeplay invoked admin command '/give Тёсаное бревно,15' 
[18:59:45.895] [171] [ Info] [log] letmeplay invoked admin command '/give Тёсаное бревно,15' 
[18:59:47.123] [171] [ Info] [log] letmeplay invoked admin command '/give Тёсаное бревно,15' 
[18:59:48.562] [171] [ Info] [log] letmeplay invoked admin command '/give Тёсаное бревно,15' 
[18:59:50.219] [171] [ Info] [log] letmeplay invoked admin command '/give Тёсаное бревно,15' 
[18:59:51.522] [171] [ Info] [log] letmeplay invoked admin command '/give Тёсаное бревно,15' 
[18:59:52.864] [171] [ Info] [log] letmeplay invoked admin command '/give Тёсаное бревно,15' 
[18:59:54.505] [171] [ Info] [log] letmeplay invoked admin command '/give Тёсаное бревно,15' 
[18:59:55.787] [171] [ Info] [log] letmeplay invoked admin command '/give Тёсаное бревно,15' 
[18:59:57.235] [171] [ Info] [log] letmeplay invoked admin command '/give Тёсаное бревно,15' 
[18:59:58.792] [171] [ Info] [log] letmeplay invoked admin command '/give Тёсаное бревно,15' 
[19:00:00.108] [171] [ Info] [log] letmeplay invoked admin command '/give Тёсаное бревно,15' 
[19:00:01.963] [171] [ Info] [log] letmeplay invoked admin command '/give Тёсаное бревно,15' 
[19:00:12.415] [171] [ Info] [log] letmeplay invoked admin command '/give Тёсаное бревно,15' 
[19:00:13.991] [171] [ Info] [log] letmeplay invoked admin command '/give Тёсаное бревно,15' 
[19:00:15.635] [171] [ Info] [log] letmeplay invoked admin command '/give Тёсаное бревно,15' 
[19:00:17.074] [171] [ Info] [log] letmeplay invoked admin command '/give Тёсаное бревно,15' 
[19:00:18.538] [171] [ Info] [log] letmeplay invoked admin command '/give Тёсаное бревно,15' 
[19:00:27.544] [171] [ Info] [log] letmeplay invoked admin command '/give Тёсаное бревно,15' 
[19:02:06.315] [171] [ Info] [log] letmeplay invoked admin command '/give Камень,20' 
[19:02:10.002] [171] [ Info] [log] letmeplay invoked admin command '/give Камень,20' 
[19:02:11.646] [171] [ Info] [log] letmeplay invoked admin command '/give Камень,20' 
[19:02:13.305] [171] [ Info] [log] letmeplay invoked admin command '/give Камень,20' 
[19:02:14.614] [171] [ Info] [log] letmeplay invoked admin command '/give Камень,20' 
[19:02:15.938] [171] [ Info] [log] letmeplay invoked admin command '/give Камень,20' 
[19:02:17.146] [171] [ Info] [log] letmeplay invoked admin command '/give Камень,20' 
[19:02:18.402] [171] [ Info] [log] letmeplay invoked admin command '/give Камень,20' 
[19:02:20.583] [171] [ Info] [log] letmeplay invoked admin command '/give Камень,20' 
[19:02:21.919] [171] [ Info] [log] letmeplay invoked admin command '/give Камень,20' 
[19:02:24.059] [171] [ Info] [log] letmeplay invoked admin command '/give Камень,20' 
[19:02:25.329] [171] [ Info] [log] letmeplay invoked admin command '/give Камень,20' 
[19:02:26.719] [171] [ Info] [log] letmeplay invoked admin command '/give Камень,20' 
[19:02:27.980] [171] [ Info] [log] letmeplay invoked admin command '/give Камень,20' 
[19:02:29.381] [171] [ Info] [log] letmeplay invoked admin command '/give Камень,20' 
[19:02:30.847] [178] [ Info] [log] AmeriQ invoked admin command '/give log, 20' 
[19:02:30.911] [171] [ Info] [log] letmeplay invoked admin command '/give Камень,20' 
[19:02:32.361] [171] [ Info] [log] letmeplay invoked admin command '/give Камень,20' 
[19:02:34.318] [171] [ Info] [log] letmeplay invoked admin command '/give Камень,20' 
[19:02:35.034] [178] [ Info] [log] AmeriQ invoked admin command '/give log, 20' 
[19:02:35.682] [171] [ Info] [log] letmeplay invoked admin command '/give Камень,20' 
[19:02:36.859] [171] [ Info] [log] letmeplay invoked admin command '/give Камень,20' 
[19:02:39.574] [171] [ Info] [log] letmeplay invoked admin command '/give Камень,20' 
[19:02:40.706] [171] [ Info] [log] letmeplay invoked admin command '/give Камень,20' 
[19:02:40.774] [178] [ Info] [log] AmeriQ invoked admin command '/give log, 20' 
[19:02:41.969] [171] [ Info] [log] letmeplay invoked admin command '/give Камень,20' 
[19:02:43.113] [178] [ Info] [log] AmeriQ invoked admin command '/give log, 20' 
[19:02:43.455] [171] [ Info] [log] letmeplay invoked admin command '/give Камень,20' 
[19:02:44.754] [171] [ Info] [log] letmeplay invoked admin command '/give Камень,20' 
[19:02:45.708] [178] [ Info] [log] AmeriQ invoked admin command '/give log, 20' 
[19:02:46.162] [171] [ Info] [log] letmeplay invoked admin command '/give Камень,20' 
[19:02:47.447] [171] [ Info] [log] letmeplay invoked admin command '/give Камень,20' 
[19:02:48.693] [171] [ Info] [log] letmeplay invoked admin command '/give Камень,20' 
[19:02:51.149] [178] [ Info] [log] AmeriQ invoked admin command '/give log, 20' 
[19:02:51.281] [171] [ Info] [log] letmeplay invoked admin command '/give Камень,20' 
[19:02:52.585] [171] [ Info] [log] letmeplay invoked admin command '/give Камень,20' 
[19:02:53.402] [178] [ Info] [log] AmeriQ invoked admin command '/give log, 20' 
[19:02:54.045] [171] [ Info] [log] letmeplay invoked admin command '/give Камень,20' 
[19:02:55.251] [178] [ Info] [log] AmeriQ invoked admin command '/give log, 20' 
[19:02:55.293] [171] [ Info] [log] letmeplay invoked admin command '/give Камень,20' 
[19:02:56.618] [171] [ Info] [log] letmeplay invoked admin command '/give Камень,20' 
[19:02:57.053] [178] [ Info] [log] AmeriQ invoked admin command '/give log, 20' 
[19:02:57.886] [171] [ Info] [log] letmeplay invoked admin command '/give Камень,20' 
[19:02:58.851] [178] [ Info] [log] AmeriQ invoked admin command '/give log, 20' 
[19:03:00.506] [178] [ Info] [log] AmeriQ invoked admin command '/give log, 20' 
[19:03:02.225] [178] [ Info] [log] AmeriQ invoked admin command '/give log, 20' 
[19:03:04.040] [178] [ Info] [log] AmeriQ invoked admin command '/give log, 20' 
[19:03:05.778] [178] [ Info] [log] AmeriQ invoked admin command '/give log, 20' 
[19:03:07.596] [178] [ Info] [log] AmeriQ invoked admin command '/give log, 20' 
[19:03:09.463] [178] [ Info] [log] AmeriQ invoked admin command '/give log, 20' 
[19:03:11.445] [178] [ Info] [log] AmeriQ invoked admin command '/give log, 20' 
[19:03:13.231] [178] [ Info] [log] AmeriQ invoked admin command '/give log, 20' 
[19:03:15.040] [178] [ Info] [log] AmeriQ invoked admin command '/give log, 20' 
[19:03:17.284] [178] [ Info] [log] AmeriQ invoked admin command '/give log, 20' 
[19:03:19.364] [178] [ Info] [log] AmeriQ invoked admin command '/give log, 20' 
[19:03:23.373] [178] [ Info] [log] AmeriQ invoked admin command '/give log, 20' 
[19:03:25.496] [171] [ Info] [log] letmeplay invoked admin command '/give Mortar,100' 
[19:03:26.564] [178] [ Info] [log] AmeriQ invoked admin command '/give log, 20' 
[19:03:28.296] [178] [ Info] [log] AmeriQ invoked admin command '/give log, 20' 
[19:03:30.038] [178] [ Info] [log] AmeriQ invoked admin command '/give log, 20' 
[19:03:30.244] [171] [ Info] [log] letmeplay invoked admin command '/give Mortar,50' 
[19:03:32.000] [178] [ Info] [log] AmeriQ invoked admin command '/give log, 20' 
[19:03:33.761] [178] [ Info] [log] AmeriQ invoked admin command '/give log, 20' 
[19:03:35.429] [178] [ Info] [log] AmeriQ invoked admin command '/give log, 20' 
[19:03:37.131] [178] [ Info] [log] AmeriQ invoked admin command '/give log, 20' 
[19:03:38.921] [178] [ Info] [log] AmeriQ invoked admin command '/give log, 20' 
[19:03:40.635] [178] [ Info] [log] AmeriQ invoked admin command '/give log, 20' 
[19:03:41.817] [171] [ Info] [log] letmeplay invoked admin command '/give Mortar,50' 
[19:03:42.176] [178] [ Info] [log] AmeriQ invoked admin command '/give log, 20' 
[19:03:43.542] [171] [ Info] [log] letmeplay invoked admin command '/give Mortar,50' 
[19:03:43.872] [178] [ Info] [log] AmeriQ invoked admin command '/give log, 20' 
[19:03:45.217] [171] [ Info] [log] letmeplay invoked admin command '/give Mortar,50' 
[19:03:46.921] [171] [ Info] [log] letmeplay invoked admin command '/give Mortar,50' 
[19:03:49.635] [171] [ Info] [log] letmeplay invoked admin command '/give Mortar,50' 
[19:03:51.323] [171] [ Info] [log] letmeplay invoked admin command '/give Mortar,50' 
[19:03:52.485] [178] [ Info] [log] AmeriQ invoked admin command '/give log, 20' 
[19:03:52.914] [171] [ Info] [log] letmeplay invoked admin command '/give Mortar,50' 
[19:03:54.377] [178] [ Info] [log] AmeriQ invoked admin command '/give log, 20' 
[19:03:54.521] [171] [ Info] [log] letmeplay invoked admin command '/give Mortar,50' 
[19:03:56.064] [171] [ Info] [log] letmeplay invoked admin command '/give Mortar,50' 
[19:03:56.130] [178] [ Info] [log] AmeriQ invoked admin command '/give log, 20' 
[19:03:57.637] [171] [ Info] [log] letmeplay invoked admin command '/give Mortar,50' 
[19:03:57.867] [178] [ Info] [log] AmeriQ invoked admin command '/give log, 20' 
[19:03:59.407] [171] [ Info] [log] letmeplay invoked admin command '/give Mortar,50' 
[19:03:59.601] [178] [ Info] [log] AmeriQ invoked admin command '/give log, 20' 
[19:04:02.033] [171] [ Info] [log] letmeplay invoked admin command '/give Mortar,50' 
[19:04:04.133] [171] [ Info] [log] letmeplay invoked admin command '/give Mortar,50' 
[19:04:05.892] [171] [ Info] [log] letmeplay invoked admin command '/give Mortar,50' 
[19:04:06.199] [178] [ Info] [log] AmeriQ invoked admin command '/give log, 20' 
[19:04:07.520] [171] [ Info] [log] letmeplay invoked admin command '/give Mortar,50' 
[19:04:08.330] [178] [ Info] [log] AmeriQ invoked admin command '/give log, 20' 
[19:04:09.984] [178] [ Info] [log] AmeriQ invoked admin command '/give log, 20' 
[19:04:10.040] [171] [ Info] [log] letmeplay invoked admin command '/give Mortar,50' 
[19:04:11.568] [171] [ Info] [log] letmeplay invoked admin command '/give Mortar,50' 
[19:04:11.598] [178] [ Info] [log] AmeriQ invoked admin command '/give log, 20' 
[19:04:13.110] [178] [ Info] [log] AmeriQ invoked admin command '/give log, 20' 
[19:04:13.308] [171] [ Info] [log] letmeplay invoked admin command '/give Mortar,50' 
[19:04:14.611] [178] [ Info] [log] AmeriQ invoked admin command '/give log, 20' 
[19:04:15.022] [171] [ Info] [log] letmeplay invoked admin command '/give Mortar,50' 
[19:04:16.375] [178] [ Info] [log] AmeriQ invoked admin command '/give log, 20' 
[19:04:18.102] [171] [ Info] [log] letmeplay invoked admin command '/give Mortar,50' 
[19:04:20.818] [171] [ Info] [log] letmeplay invoked admin command '/give Mortar,50' 
[19:04:22.066] [171] [ Info] [log] letmeplay invoked admin command '/give Mortar,50' 
[19:04:22.893] [178] [ Info] [log] AmeriQ invoked admin command '/give log, 20' 
[19:04:23.503] [171] [ Info] [log] letmeplay invoked admin command '/give Mortar,50' 
[19:04:24.763] [178] [ Info] [log] AmeriQ invoked admin command '/give log, 20' 
[19:04:25.217] [171] [ Info] [log] letmeplay invoked admin command '/give Mortar,50' 
[19:04:26.462] [178] [ Info] [log] AmeriQ invoked admin command '/give log, 20' 
[19:04:26.611] [171] [ Info] [log] letmeplay invoked admin command '/give Mortar,50' 
[19:04:28.104] [171] [ Info] [log] letmeplay invoked admin command '/give Mortar,50' 
[19:04:28.110] [178] [ Info] [log] AmeriQ invoked admin command '/give log, 20' 
[19:04:29.742] [171] [ Info] [log] letmeplay invoked admin command '/give Mortar,50' 
[19:04:29.835] [178] [ Info] [log] AmeriQ invoked admin command '/give log, 20' 
[19:04:31.074] [171] [ Info] [log] letmeplay invoked admin command '/give Mortar,50' 
[19:04:32.427] [171] [ Info] [log] letmeplay invoked admin command '/give Mortar,50' 
[19:04:33.917] [171] [ Info] [log] letmeplay invoked admin command '/give Mortar,50' 
[19:04:35.386] [171] [ Info] [log] letmeplay invoked admin command '/give Mortar,50' 
[19:05:01.728] [171] [ Info] [log] letmeplay invoked admin command '/give Тёсаное бревно,15' 
[19:05:05.139] [171] [ Info] [log] letmeplay invoked admin command '/give Тёсаное бревно,15' 
[19:05:07.039] [171] [ Info] [log] letmeplay invoked admin command '/give Тёсаное бревно,15' 
[19:05:08.280] [171] [ Info] [log] letmeplay invoked admin command '/give Тёсаное бревно,15' 
[19:05:21.235] [171] [ Info] [log] letmeplay invoked admin command '/give Тёсаное бревно,15' 
[19:05:24.356] [171] [ Info] [log] letmeplay invoked admin command '/give Тёсаное бревно,15' 
[19:05:25.941] [171] [ Info] [log] letmeplay invoked admin command '/give Тёсаное бревно,15' 
[19:05:27.427] [171] [ Info] [log] letmeplay invoked admin command '/give Тёсаное бревно,15' 
[19:05:28.956] [171] [ Info] [log] letmeplay invoked admin command '/give Тёсаное бревно,15' 
[19:05:31.545] [171] [ Info] [log] letmeplay invoked admin command '/give Тёсаное бревно,15' 
[19:06:14.288] [171] [ Info] [log] letmeplay invoked admin command '/give Тёсаное бревно,15' 
[19:06:16.229] [171] [ Info] [log] letmeplay invoked admin command '/give Тёсаное бревно,15' 
[19:06:17.874] [171] [ Info] [log] letmeplay invoked admin command '/give Тёсаное бревно,15' 
[19:06:19.434] [171] [ Info] [log] letmeplay invoked admin command '/give Тёсаное бревно,15' 
[19:06:20.872] [171] [ Info] [log] letmeplay invoked admin command '/give Тёсаное бревно,15' 
[19:06:22.503] [171] [ Info] [log] letmeplay invoked admin command '/give Тёсаное бревно,15' 
[19:06:24.074] [171] [ Info] [log] letmeplay invoked admin command '/give Тёсаное бревно,15' 
[19:11:13.893] [171] [ Info] [log] letmeplay invoked admin command '/save' 
[19:11:13.893] [29] [ Info] [Eco] Сохранение мира...  
[19:13:25.368] [6] [ Info] [Eco] Удалена резервная копия - D:/EcoBackup/Storage\Backup\Game-2020-02-18-19.48.38
 
[19:28:16.714] [181] [ Info] [log] letmeplay invoked admin command '/fly' 
[19:29:10.196] [180] [ Info] [log] Dark Avenger invoked admin command '/fly' 
[19:29:47.012] [180] [ Info] [log] Dark Avenger invoked admin command '/fly' 
[19:30:32.302] [180] [ Info] [log] Dark Avenger invoked admin command '/fly' 
[19:30:34.584] [180] [ Info] [log] Dark Avenger invoked admin command '/fly' 
[19:43:25.782] [6] [ Info] [Eco] Удалена резервная копия - D:/EcoBackup/Storage\Backup\Game-2020-02-19-18.43.25
 
[19:52:27.658] [180] [ Info] [log] Dark Avenger invoked admin command '/fly' 
[19:56:12.491] [180] [ Info] [log] Dark Avenger invoked admin command '/give каменная дверь' 
[19:58:41.334] [181] [ Info] [log] letmeplay invoked admin command '/give Маленькая вывеска из камня,14' 
[20:04:00.924] [181] [ Info] [log] letmeplay invoked admin command '/give молоток' 
[20:04:04.456] [178] [ Info] [log] AmeriQ invoked admin command '/fly' 
[20:04:13.314] [178] [ Info] [log] AmeriQ invoked admin command '/fly' 
[20:12:13.431] [18] [ Info] [log] AmeriQ invoked admin command '/fly' 
[20:12:21.570] [18] [ Info] [log] AmeriQ invoked admin command '/give workbench' 
[20:12:38.559] [18] [ Info] [log] AmeriQ invoked admin command '/givealltools 0' 
[20:12:44.252] [18] [ Info] [log] AmeriQ invoked admin command '/dump' 
[20:13:26.676] [7] [ Info] [Eco] Удалена резервная копия - D:/EcoBackup/Storage\Backup\Game-2020-02-18-20.18.38
 
[20:16:59.661] [180] [ Info] [log] Dark Avenger invoked admin command '/fly' 
[20:20:32.303] [181] [ Info] [log] letmeplay invoked admin command '/givealltools 0' 
[20:24:05.695] [181] [ Info] [log] letmeplay invoked admin command '/fly' 
[20:29:40.916] [181] [ Info] [log] letmeplay invoked admin command '/give Маленькая вывеска из камня,10' 
[20:33:50.982] [181] [ Info] [log] letmeplay invoked admin command '/eat' 
[20:34:29.083] [181] [ Info] [log] letmeplay invoked admin command '/fly' 
[20:42:41.025] [181] [ Info] [log] letmeplay invoked admin command '/fly' 
[20:43:27.143] [22] [ Info] [Eco] Удалена резервная копия - D:/EcoBackup/Storage\Backup\Game-2020-02-19-19.43.25
 
[20:53:59.507] [181] [ Info] [log] letmeplay invoked admin command '/give Большая вывеска из тёсанных бревен' 
[20:54:05.229] [181] [ Info] [log] letmeplay invoked admin command '/give Большая вывеска из тёсанных брёвен' 
[20:54:13.339] [181] [ Info] [log] letmeplay invoked admin command '/give Большая вывеска из тёсанных брёвен' 
[21:13:26.963] [32] [ Info] [Eco] Удалена резервная копия - D:/EcoBackup/Storage\Backup\Game-2020-02-18-21.18.38
 
[21:43:26.844] [27] [ Info] [Eco] Удалена резервная копия - D:/EcoBackup/Storage\Backup\Game-2020-02-19-20.43.25
 
[22:13:26.082] [23] [ Info] [Eco] Удалена резервная копия - D:/EcoBackup/Storage\Backup\Game-2020-02-18-22.18.38
 
[22:17:33.749] [18] [ Info] [log] AmeriQ invoked admin command '/give campfire' 
[22:19:56.911] [18] [ Info] [log] AmeriQ invoked admin command '/givealltools 0' 
[22:29:17.461] [181] [ Info] [log] letmeplay invoked admin command '/Admin Andrix' 
[22:29:32.535] [176] [ Info] [log] Andrix invoked admin command '/fly' 
[22:29:48.175] [176] [ Info] [log] Andrix invoked admin command '/fly' 
[22:31:11.780] [176] [ Info] [log] Andrix invoked admin command '/fly' 
[22:31:13.619] [169] [ Info] [log] Dark Avenger invoked admin command '/fly' 
[22:31:51.635] [176] [ Info] [log] Andrix invoked admin command '/fly' 
[22:43:25.444] [7] [ Info] [Eco] Удалена резервная копия - D:/EcoBackup/Storage\Backup\Game-2020-02-19-21.43.25
 
[22:46:11.857] [176] [ Info] [log] Andrix invoked admin command '/fly' 
[22:49:11.386] [176] [ Info] [log] Andrix invoked admin command '/fly' 
[22:51:11.282] [18] [ Info] [log] AmeriQ invoked admin command '/give campfire' 
[22:51:52.106] [18] [ Info] [log] AmeriQ invoked admin command '/give workbench' 
[23:05:02.130] [176] [ Info] [log] Andrix invoked admin command '/fly' 
[23:07:23.728] [176] [ Info] [log] Andrix invoked admin command '/fly' 
[23:07:25.476] [169] [ Info] [log] Dark Avenger invoked admin command '/fly' 
[23:07:32.794] [169] [ Info] [log] Dark Avenger invoked admin command '/fly' 
[23:07:42.115] [181] [ Info] [log] letmeplay invoked admin command '/fly' 
[23:12:09.889] [181] [ Info] [log] letmeplay invoked admin command '/fly' 
[23:13:27.050] [17] [ Info] [Eco] Удалена резервная копия - D:/EcoBackup/Storage\Backup\Game-2020-02-18-23.18.38
 
[23:14:45.447] [181] [ Info] [log] letmeplay invoked admin command '/dump' 
[23:14:56.994] [181] [ Info] [log] letmeplay invoked admin command '/give Квитанции землемера,600' 
[23:15:36.603] [181] [ Info] [log] letmeplay invoked admin command '/give Квитанции землемера,600' 
[23:15:42.484] [181] [ Info] [log] letmeplay invoked admin command '/give Квитанции землемера,200' 
[23:16:04.124] [181] [ Info] [log] letmeplay invoked admin command '/give Квитанции землемера,200' 
[23:16:21.906] [181] [ Info] [log] letmeplay invoked admin command '/give Квитанции землемера,400' 
[23:21:23.749] [181] [ Info] [log] letmeplay invoked admin command '/givealltools 0' 
[23:24:46.958] [169] [ Info] [log] Dark Avenger invoked admin command '/fly' 
[23:26:26.665] [169] [ Info] [log] Dark Avenger invoked admin command '/eat' 
[23:26:34.725] [169] [ Info] [log] Dark Avenger invoked admin command '/fly' 
[23:29:26.608] [169] [ Info] [log] Dark Avenger invoked admin command '/fly' 
[23:31:21.877] [169] [ Info] [log] Dark Avenger invoked admin command '/fly' 
[23:32:15.350] [18] [ Info] [log] AmeriQ invoked admin command '/give campfire' 
[23:37:06.589] [181] [ Info] [log] letmeplay invoked admin command '/give земляной подъём, 3' 
[23:37:31.389] [181] [ Info] [log] letmeplay invoked admin command '/give земляной подъём, 3' 
[23:38:01.834] [181] [ Info] [log] letmeplay invoked admin command '/give земляной подъём, 3' 
[23:38:23.320] [181] [ Info] [log] letmeplay invoked admin command '/give земляной подъём, 3' 
[23:38:36.141] [181] [ Info] [log] letmeplay invoked admin command '/give земляной подъём, 3' 
[23:38:38.047] [176] [ Info] [log] Andrix invoked admin command '/fly' 
[23:38:45.822] [181] [ Info] [log] letmeplay invoked admin command '/give земляной подъём, 3' 
[23:38:50.053] [176] [ Info] [log] Andrix invoked admin command '/fly' 
[23:39:17.442] [181] [ Info] [log] letmeplay invoked admin command '/give земляной подъём, 3' 
[23:39:30.976] [181] [ Info] [log] letmeplay invoked admin command '/give земляной подъём, 3' 
[23:39:59.895] [181] [ Info] [log] letmeplay invoked admin command '/give земляной подъём, 3' 
[23:40:19.909] [181] [ Info] [log] letmeplay invoked admin command '/give земляной подъём, 3' 
[23:40:29.129] [181] [ Info] [log] letmeplay invoked admin command '/give земляной подъём, 3' 
[23:43:28.877] [6] [ Info] [Eco] Удалена резервная копия - D:/EcoBackup/Storage\Backup\Game-2020-02-19-22.43.25
 
[23:44:19.907] [181] [ Info] [log] letmeplay invoked admin command '/fly' 
[23:45:10.982] [181] [ Info] [log] letmeplay invoked admin command '/fly' 
[23:45:40.119] [181] [ Info] [log] letmeplay invoked admin command '/fly' 
[23:46:16.665] [181] [ Info] [log] letmeplay invoked admin command '/fly' 
[23:47:53.989] [181] [ Info] [log] letmeplay invoked admin command '/save' 
[23:47:53.989] [173] [ Info] [Eco] Сохранение мира...  
[23:52:25.298] [176] [ Info] [log] Andrix invoked admin command '/fly' 
[23:53:16.735] [176] [ Info] [log] Andrix invoked admin command '/fly' 
[00:43:25.909] [32] [ Info] [Eco] Удалена резервная копия - D:/EcoBackup/Storage\Backup\Game-2020-02-19-23.43.25
 
[01:13:25.451] [23] [ Info] [Eco] Удалена резервная копия - D:/EcoBackup/Storage\Backup\Game-2020-02-19-01.18.39
 
[01:43:26.788] [27] [ Info] [Eco] Удалена резервная копия - D:/EcoBackup/Storage\Backup\Game-2020-02-20-00.43.25
 
[02:13:25.465] [7] [ Info] [Eco] Удалена резервная копия - D:/EcoBackup/Storage\Backup\Game-2020-02-19-02.18.39
 
[02:43:25.533] [10] [ Info] [Eco] Удалена резервная копия - D:/EcoBackup/Storage\Backup\Game-2020-02-20-01.43.25
 
[03:13:25.467] [22] [ Info] [Eco] Удалена резервная копия - D:/EcoBackup/Storage\Backup\Game-2020-02-19-03.18.39
 
[03:43:25.488] [6] [ Info] [Eco] Удалена резервная копия - D:/EcoBackup/Storage\Backup\Game-2020-02-20-02.43.25
 
[04:13:25.501] [29] [ Info] [Eco] Удалена резервная копия - D:/EcoBackup/Storage\Backup\Game-2020-02-19-04.18.39
 
[04:43:27.132] [6] [ Info] [Eco] Удалена резервная копия - D:/EcoBackup/Storage\Backup\Game-2020-02-20-03.43.25
 
[05:13:26.449] [29] [ Info] [Eco] Удалена резервная копия - D:/EcoBackup/Storage\Backup\Game-2020-02-19-05.18.39
 
[05:43:27.057] [32] [ Info] [Eco] Удалена резервная копия - D:/EcoBackup/Storage\Backup\Game-2020-02-20-04.43.25
 
[06:13:27.123] [10] [ Info] [Eco] Удалена резервная копия - D:/EcoBackup/Storage\Backup\Game-2020-02-19-06.18.39
 
[06:43:25.612] [22] [ Info] [Eco] Удалена резервная копия - D:/EcoBackup/Storage\Backup\Game-2020-02-20-05.43.25
 
[07:13:26.315] [6] [ Info] [Eco] Удалена резервная копия - D:/EcoBackup/Storage\Backup\Game-2020-02-19-07.18.39
 
[07:43:26.928] [21] [ Info] [Eco] Удалена резервная копия - D:/EcoBackup/Storage\Backup\Game-2020-02-20-06.43.25
 
[08:13:26.997] [173] [ Info] [Eco] Удалена резервная копия - D:/EcoBackup/Storage\Backup\Game-2020-02-19-08.18.39
 
[08:43:25.608] [17] [ Info] [Eco] Удалена резервная копия - D:/EcoBackup/Storage\Backup\Game-2020-02-20-07.43.25
 
[09:13:25.560] [21] [ Info] [Eco] Удалена резервная копия - D:/EcoBackup/Storage\Backup\Game-2020-02-19-09.43.25
 
[09:43:25.569] [3] [ Info] [Eco] Удалена резервная копия - D:/EcoBackup/Storage\Backup\Game-2020-02-20-08.43.25
 
[10:13:25.581] [23] [ Info] [Eco] Удалена резервная копия - D:/EcoBackup/Storage\Backup\Game-2020-02-19-10.13.25
 
[10:43:25.951] [32] [ Info] [Eco] Удалена резервная копия - D:/EcoBackup/Storage\Backup\Game-2020-02-20-09.43.25
 
[11:13:25.946] [32] [ Info] [Eco] Удалена резервная копия - D:/EcoBackup/Storage\Backup\Game-2020-02-19-11.13.25
 
[11:43:25.965] [10] [ Info] [Eco] Удалена резервная копия - D:/EcoBackup/Storage\Backup\Game-2020-02-20-10.43.25
 
[12:13:25.972] [17] [ Info] [Eco] Удалена резервная копия - D:/EcoBackup/Storage\Backup\Game-2020-02-19-12.13.25
 
[12:43:25.989] [3] [ Info] [Eco] Удалена резервная копия - D:/EcoBackup/Storage\Backup\Game-2020-02-20-11.43.25
 
[13:13:25.979] [29] [ Info] [Eco] Удалена резервная копия - D:/EcoBackup/Storage\Backup\Game-2020-02-19-13.13.25
 
[13:43:25.973] [6] [ Info] [Eco] Удалена резервная копия - D:/EcoBackup/Storage\Backup\Game-2020-02-20-12.43.25
 
[14:13:25.976] [23] [ Info] [Eco] Удалена резервная копия - D:/EcoBackup/Storage\Backup\Game-2020-02-19-14.13.25
 
[14:30:14.614] [135] [ Info] [log] AmeriQ invoked admin command '/fly' 
[14:30:19.526] [137] [ Info] [log] Dark Avenger invoked admin command '/fly' 
[14:38:51.135] [137] [ Info] [log] Dark Avenger invoked admin command '/fly' 
[14:42:20.241] [137] [ Info] [log] Dark Avenger invoked admin command '/fly' 
[14:43:26.015] [29] [ Info] [Eco] Удалена резервная копия - D:/EcoBackup/Storage\Backup\Game-2020-02-20-13.43.25
 
[14:50:27.435] [137] [ Info] [log] Dark Avenger invoked admin command '/give ксотёр' 
[14:50:37.484] [137] [ Info] [log] Dark Avenger invoked admin command '/give кастёр' 
[14:50:41.437] [137] [ Info] [log] Dark Avenger invoked admin command '/give костёр' 
[15:13:16.346] [133] [ Info] [log] Dark Avenger invoked admin command '/fly' 
[15:13:26.006] [7] [ Info] [Eco] Удалена резервная копия - D:/EcoBackup/Storage\Backup\Game-2020-02-19-15.13.25
 
[15:14:10.877] [178] [ Info] [log] AmeriQ invoked admin command '/fly' 
[15:22:41.560] [133] [ Info] [log] Dark Avenger invoked admin command '/eat' 
[15:23:23.797] [133] [ Info] [log] Dark Avenger invoked admin command '/eat' 
[15:26:01.404] [133] [ Info] [log] Dark Avenger invoked admin command '/give земельный подъём' 
[15:26:09.191] [133] [ Info] [log] Dark Avenger invoked admin command '/give земеляной подъём' 
[15:26:21.217] [178] [ Info] [log] AmeriQ invoked admin command '/dump' 
[15:26:37.699] [133] [ Info] [log] Dark Avenger invoked admin command '/give земляной подъём, 2' 
[15:26:58.454] [133] [ Info] [log] Dark Avenger invoked admin command '/give земляной подъём, 2' 
[15:28:12.209] [133] [ Info] [log] Dark Avenger invoked admin command '/give земляной подъём, 2' 
[15:28:17.558] [133] [ Info] [log] Dark Avenger invoked admin command '/give земляной подъём, 2' 
[15:28:52.568] [133] [ Info] [log] Dark Avenger invoked admin command '/give земляной подъём, 2' 
[15:29:26.444] [133] [ Info] [log] Dark Avenger invoked admin command '/give земляной подъём, 2' 
[15:30:25.489] [133] [ Info] [log] Dark Avenger invoked admin command '/eat' 
[15:31:29.290] [133] [ Info] [log] Dark Avenger invoked admin command '/eat' 
[15:33:33.678] [133] [ Info] [log] Dark Avenger invoked admin command '/give земляной подъём, 2' 
[15:33:38.743] [133] [ Info] [log] Dark Avenger invoked admin command '/give земляной подъём, 2' 
[15:33:43.421] [133] [ Info] [log] Dark Avenger invoked admin command '/give земляной подъём, 2' 
[15:34:45.172] [133] [ Info] [log] Dark Avenger invoked admin command '/give земляной подъём, 2' 
[15:34:48.107] [133] [ Info] [log] Dark Avenger invoked admin command '/eat' 
[15:37:31.838] [133] [ Info] [log] Dark Avenger invoked admin command '/give земляной подъём, 2' 
[15:37:39.876] [133] [ Info] [log] Dark Avenger invoked admin command '/give земляной подъём, 2' 
[15:37:51.826] [133] [ Info] [log] Dark Avenger invoked admin command '/give земляной подъём, 2' 
[15:38:08.924] [133] [ Info] [log] Dark Avenger invoked admin command '/give земляной подъём, 2' 
[15:38:27.475] [133] [ Info] [log] Dark Avenger invoked admin command '/give земляной подъём, 2' 
[15:38:44.073] [133] [ Info] [log] Dark Avenger invoked admin command '/give земляной подъём, 2' 
[15:39:59.363] [133] [ Info] [log] Dark Avenger invoked admin command '/eat' 
[15:43:25.993] [22] [ Info] [Eco] Удалена резервная копия - D:/EcoBackup/Storage\Backup\Game-2020-02-20-14.43.25
 
[15:56:10.516] [178] [ Info] [log] AmeriQ invoked admin command '/givealltools 0' 
[15:56:14.814] [178] [ Info] [log] AmeriQ invoked admin command '/eat' 
[16:02:27.725] [11] [ Info] [log] Dark Avenger invoked admin command '/fly' 
[16:13:26.005] [21] [ Info] [Eco] Удалена резервная копия - D:/EcoBackup/Storage\Backup\Game-2020-02-19-16.13.25
 
[16:43:25.656] [27] [ Info] [Eco] Удалена резервная копия - D:/EcoBackup/Storage\Backup\Game-2020-02-20-15.43.25
 
[16:57:38.616] [138] [ Info] [log] letmeplay invoked admin command '/eat' 
[17:13:25.675] [27] [ Info] [Eco] Удалена резервная копия - D:/EcoBackup/Storage\Backup\Game-2020-02-19-17.13.25
 
[17:43:25.649] [23] [ Info] [Eco] Удалена резервная копия - D:/EcoBackup/Storage\Backup\Game-2020-02-20-16.43.25
 
[17:44:24.914] [176] [ Info] [log] Dark Avenger invoked admin command '/fly' 
[18:13:25.681] [17] [ Info] [Eco] Удалена резервная копия - D:/EcoBackup/Storage\Backup\Game-2020-02-19-18.13.25
 
[18:43:26.044] [7] [ Info] [Eco] Удалена резервная копия - D:/EcoBackup/Storage\Backup\Game-2020-02-20-17.43.25
 
[19:09:18.749] [1] [ Info] [Eco] Сохранение...
 
[19:09:18.749] [1] [ Info] [Eco] Сохранение мира...  
[19:09:22.393] [1] [ Info] [Eco] Готово
 
