[15:00:55.635] [1] [ Info] [Eco] >>> START EcoServer, Version=1.0.0.0, Culture=neutral, PublicKeyToken=null 
[15:00:55.668] [1] [ Info] [Eco] Eco Server 0.8.3.2 beta
 
[15:00:55.790] [1] [ Info] [Eco] Server Initialization...  
[15:00:55.790] [1] [ Info] [Eco] Starting LocalizationPlugin...  
[15:00:56.272] [1] [ Info] [Eco] Запуск ПлагинНабораМодификаций...  
[15:00:56.272] [1] [ Info] [Eco] Загрузка модификаций...  
[15:00:56.388] [1] [ Info] [Eco] Компилирование модификаций...  
[15:00:58.316] [1] [ Info] [Eco] Загружаем 0Harmony...
 
[15:00:58.316] [1] [ Info] [Eco] Загружаем Asphalt-ModKit...
 
[15:00:58.478] [1] [ Info] [Eco] Загружаем Eco.IntegrationTests...
 
[15:00:58.482] [1] [ Info] [Eco] Загружаем DiscordLinkUnified...
 
[15:00:58.558] [1] [ Info] [Eco] Загружаем EcoStory...
 
[15:00:58.567] [1] [ Info] [Eco] Загрузка модификаций завершена за 2 293,1мс
 
[15:00:58.567] [1] [ Info] [Eco] Запуск МенеджерСети...  
[15:00:58.576] [6] [ Info] [Eco] Инициализация типов симуляции...  
[15:00:58.641] [13] [ Info] [Eco] Запуск ПлагинГенератораМира...  
[15:00:58.641] [16] [ Info] [Eco] Запуск ПлагинРезервногоКопирования...  
[15:00:58.641] [12] [ Info] [Eco] Запуск ПлагинИгровойСтатистики...  
[15:00:58.641] [16] [ Info] [Eco] Запуск МенеджерХранилища...  
[15:00:59.500] [6] [ Info] [Eco] Инициализация предметов...  
[15:00:59.582] [6] [ Info] [NidToolbox] Checking Settings.json 
[15:00:59.582] [6] [ Info] [NidToolbox] Config file: Mods\NidToolbox\Config\Settings.json exists. 
[15:00:59.582] [6] [ Info] [NidToolbox] Json file: Mods\NidToolbox\Config\Settings.json readable and correct. 
[15:00:59.582] [6] [ Info] [NidToolbox] Checking CommandPermissions.json 
[15:00:59.582] [6] [ Info] [NidToolbox] Config file: Mods\NidToolbox\Config\CommandPermissions.json exists. 
[15:00:59.593] [6] [ Info] [NidToolbox] Json file: Mods\NidToolbox\Config\CommandPermissions.json readable and correct. 
[15:00:59.593] [6] [ Info] [NidToolbox] Checking TimerMessages.json 
[15:00:59.593] [6] [ Info] [NidToolbox] Config file: Mods\NidToolbox\Config\TimerMessages.json exists. 
[15:00:59.593] [6] [ Info] [NidToolbox] Json file: Mods\NidToolbox\Config\TimerMessages.json readable and correct. 
[15:00:59.593] [6] [ Info] [NidToolbox] Checking ScheduledMessages.json 
[15:00:59.593] [6] [ Info] [NidToolbox] Config file: Mods\NidToolbox\Config\ScheduledMessages.json exists. 
[15:00:59.593] [6] [ Info] [NidToolbox] Json file: Mods\NidToolbox\Config\ScheduledMessages.json readable and correct. 
[15:00:59.593] [6] [ Info] [NidToolbox] No UserHomes directory, skipping user homes config checks. 
[15:01:01.797] [16] [ Info] [Eco] Запуск Плагин паузы...  
[15:01:01.797] [16] [ Info] [Eco] Загружаем Pause...  
[15:01:02.926] [6] [ Info] [Eco] Инициализация навыков...  
[15:01:03.016] [16] [ Info] [Eco] Запуск БДСтатистики...  
[15:01:03.016] [5] [ Info] [Eco] Запуск ПлагинМира...  
[15:01:03.067] [5] [ Info] [Eco] Загружаем World...  
[15:01:06.557] [5] [ Info] [Eco] Инициализация мира...  
[15:01:08.484] [5] [ Info] [Eco] Запуск ПлагинВремени...  
[15:01:08.484] [5] [ Info] [Eco] Загружаем Time...  
[15:01:08.484] [5] [ Info] [Eco] Запуск ПлагинРепутации...  
[15:01:08.484] [5] [ Info] [Eco] Загружаем Reputation...  
[15:01:08.507] [5] [ Info] [Eco] Запуск МенеджерЖильяИгроков...  
[15:01:08.507] [5] [ Info] [Eco] Запуск МенеджерПользователей...  
[15:01:08.553] [5] [ Info] [Eco] Загружаем Users...  
[15:01:08.897] [5] [ Info] [Eco] Инициализация инвентарей...  
[15:01:08.943] [5] [ Info] [Eco] Запуск МенеджерОбъектовЭко...  
[15:01:08.943] [5] [ Info] [Eco] Загружаем Objects...  
[15:01:09.168] [16] [ Info] [Eco] Запуск ПлагинМусора...  
[15:01:09.168] [32] [ Info] [Eco] Запуск НастройкиСложности...  
[15:01:09.170] [5] [ Info] [Eco] Запуск ПлагинЭкономики...  
[15:01:09.170] [15] [ Info] [Eco] Запуск МенеджерКонтроллера...  
[15:01:09.170] [26] [ Info] [Eco] Запуск VoiceManager...  
[15:01:09.170] [34] [ Info] [Eco] Запуск СерверЧата...  
[15:01:09.170] [16] [ Info] [Eco] Загружаем Garbage...  
[15:01:09.170] [22] [ Info] [Eco] Запуск ПлагинУгроз...  
[15:01:09.170] [5] [ Info] [Eco] Загружаем Economy...  
[15:01:09.666] [5] [ Info] [Eco] Запуск Законодательство...  
[15:01:09.670] [22] [ Info] [Eco] Загружаем Disasters...  
[15:01:09.670] [34] [ Info] [Eco] Загружаем Chat...  
[15:01:14.261] [5] [ Info] [Eco] Загружаем Laws...  
[15:01:14.386] [5] [ Info] [Eco] Запуск МенеджерСобственности...  
[15:01:14.389] [5] [ Info] [Eco] Загружаем Property...  
[15:01:14.514] [5] [ Info] [Eco] Запуск МенеджерМиникарты...  
[15:01:14.514] [5] [ Info] [Eco] Запуск СимуляцияЭко...  
[15:01:14.584] [5] [ Info] [Eco] Загружаем Plants...  
[15:01:15.895] [5] [ Info] [Eco] Инициализация растений...  
[15:01:21.568] [5] [ Info] [Eco] Запуск RouteProbingPlugin...  
[15:01:21.568] [5] [ Info] [Eco] Загружаем RouteProbing...  
[15:01:23.932] [5] [ Info] [Eco] Запуск МенеджерСлоёвМира...  
[15:01:23.936] [5] [ Info] [Eco] Загружаем Layers...  
[15:01:24.615] [5] [ Info] [Eco] Инициализация слоёв мира...  
[15:01:24.625] [5] [ Info] [Eco] Загружаем ClimateSim...  
[15:01:28.334] [5] [ Info] [Eco] Запуск ТрекерЭкономики...  
[15:01:28.334] [5] [ Info] [Eco] Запуск UserTracker...  
[15:01:28.342] [5] [ Info] [Eco] Запуск МенеджерМировыхОбъектов...  
[15:01:28.427] [5] [ Info] [Eco] Загружаем WorldObjects...  
[15:01:29.444] [5] [ Info] [Eco] Запуск ПлагинКомнат...  
[15:01:29.469] [5] [ Info] [Eco] Загружаем Rooms...  
[15:01:29.488] [5] [ Info] [Eco] Запуск ПлагинЦелей...  
[15:01:29.488] [5] [ Info] [Eco] Загружаем Objectives...  
[15:01:29.510] [5] [ Info] [Eco] Запуск ПлагинСна...  
[15:01:29.515] [5] [ Info] [Eco] Загружаем Sleep...  
[15:01:29.515] [1] [ Info] [Eco] Запуск ПлагинВебСервера...  
[15:01:29.515] [1] [ Info] [Eco] Запуск OtherAliasCategory...  
[15:01:29.515] [17] [ Info] [Eco] Запуск Asphalt...  
[15:01:29.530] [20] [ Info] [Eco] Запуск DiscordLink...  
[15:01:29.530] [25] [ Info] [Eco] Запуск NidToolboxPlugin...  
[15:01:29.530] [14] [ Info] [Eco] Запуск ПлагинТестовИнтеграции...  
[15:01:29.644] [1] [ Info] [Eco] Инициализируем ПлагинПеревода...  
[15:01:29.644] [1] [ Info] [Eco] Инициализируем ПлагинНабораМодификаций...  
[15:01:29.861] [1] [ Info] [Eco] Инициализируем ПлагинГенератораМира...  
[15:01:29.861] [1] [ Info] [Eco] Инициализируем МенеджерПользователей...  
[15:01:29.955] [1] [ Info] [Eco] Инициализируем ПлагинМусора...  
[15:01:29.955] [1] [ Info] [Eco] Инициализируем ПлагинЭкономики...  
[15:01:30.080] [1] [ Info] [Eco] Инициализируем Законодательство...  
[15:01:45.384] [1] [ Info] [Eco] Инициализируем МенеджерСобственности...  
[15:01:45.439] [1] [ Info] [Eco] Инициализируем МенеджерМиникарты...  
[15:01:46.285] [1] [ Info] [Eco] Инициализируем UserTracker...  
[15:01:46.296] [1] [ Info] [Eco] Инициализируем МенеджерМировыхОбъектов...  
[15:01:52.211] [1] [ Info] [Eco] Инициализируем ПлагинКомнат...  
[15:01:54.675] [1] [ Info] [Eco] Инициализируем ПлагинСна...  
[15:01:54.675] [1] [ Info] [Eco] Инициализируем NidToolboxPlugin...  
[15:01:54.687] [1] [ Info] [NidToolbox] Checking declared file: Mods\NidToolbox\Texts\Motd.txt 
[15:01:54.687] [1] [ Info] [NidToolbox] Config file:  Mods\NidToolbox\Texts\Motd.txt exists. 
[15:01:54.687] [1] [ Info] [NidToolbox] Config file:  Mods\NidToolbox\Texts\Motd.txt readable. 
[15:01:54.687] [1] [ Info] [NidToolbox] Checking declared file: Mods\NidToolbox\Texts\Rules.txt 
[15:01:54.687] [1] [ Info] [NidToolbox] Config file:  Mods\NidToolbox\Texts\Rules.txt exists. 
[15:01:54.687] [1] [ Info] [NidToolbox] Config file:  Mods\NidToolbox\Texts\Rules.txt readable. 
[15:01:54.687] [1] [ Info] [NidToolbox] Checking declared file: Mods\NidToolbox\Texts\ServerChangelog.txt 
[15:01:54.687] [1] [ Info] [NidToolbox] Config file:  Mods\NidToolbox\Texts\ServerChangelog.txt exists. 
[15:01:54.687] [1] [ Info] [NidToolbox] Config file:  Mods\NidToolbox\Texts\ServerChangelog.txt readable. 
[15:01:54.807] [1] [ Info] [Eco] Инициализируем DiscordLink...  
[15:01:54.844] [1] [ Info] [Eco] Инициализируем ПлагинМира...  
[15:01:54.844] [1] [ Info] [Eco] Обработка...  
[15:01:58.266] [137] [ Info] [Eco] DISCORDLINK: Connected to Discord.

 
[15:01:58.708] [1] [ Info] [Eco] Сжатие...  
[15:01:59.339] [137] [ Info] [Eco] DISCORDLINK: Connected and Ready
 
[15:02:02.804] [1] [ Info] [Eco] Инициализируем МенеджерСети...  
[15:02:03.103] [1] [ Info] [Eco] Инициализируем МенеджерСлоёвМира...  
[15:02:03.103] [1] [ Info] [Eco] Инициализируем ПлагинВебСервера...  
[15:02:03.973] [1] [ Info] [Eco] Инициализируем ПлагинТестовИнтеграции...  
[15:02:03.973] [1] [ Info] [NidToolbox] OK - Mono not detected, not a Linux environment 
[15:02:03.986] [1] [ Info] [NidToolbox] All commands in config up to date. 
[15:02:04.061] [1] [ Info] [NidToolbox] Running NidToolbox version 1.8.7 
[15:02:04.082] [1] [ Info] [Eco] Server Initialization завершена за 68 290,8мс
 
[15:02:20.704] [165] [ Info] [Eco] Ошибка при определении наличия индекса в базе данных статистики: MountainGoatPopulation (TimeSeconds, Value): TimeoutException Время ожидания операции истекло.
 
[15:02:22.704] [165] [ Info] [Eco] Ошибка при определении наличия индекса в базе данных статистики: OtterPopulation (TimeSeconds, Value): TimeoutException Время ожидания операции истекло.
 
[15:03:24.431] [18] [ Info] [NidToolbox] letmeplay tried to run nid-ShowLog while this command is disabled. Command rejected. 
[15:03:30.766] [17] [ Info] [NidToolbox] Dark Avenger tried to run nid-ShowLog while this command is disabled. Command rejected. 
[15:03:37.308] [16] [ Info] [NidToolbox] letmeplay tried to run nid-ShowLog while this command is disabled. Command rejected. 
[15:03:52.813] [17] [ Info] [NidToolbox] letmeplay tried to run nid-ShowLog while this command is disabled. Command rejected. 
