[08:53:18.052] [1] [ Info] [Eco] >>> START EcoServer, Version=1.0.0.0, Culture=neutral, PublicKeyToken=null 
[08:53:18.080] [1] [ Info] [Eco] Eco Server 0.8.3.3 beta
 
[08:53:18.152] [1] [ Info] [Eco] Server Initialization...  
[08:53:18.152] [1] [ Info] [Eco] Starting LocalizationPlugin...  
[08:53:18.536] [1] [ Info] [Eco] Запуск ПлагинНабораМодификаций...  
[08:53:18.536] [1] [ Info] [Eco] Загрузка модификаций...  
[08:53:18.827] [1] [ Info] [Eco] Компилирование модификаций...  
[08:53:20.280] [1] [ Info] [Eco] Загружаем 0Harmony...
 
[08:53:20.284] [1] [ Info] [Eco] Загружаем Asphalt-ModKit...
 
[08:53:20.401] [1] [ Info] [Eco] Загружаем DiscordLink_blue...
 
[08:53:20.446] [1] [ Info] [Eco] Загружаем Eco.IntegrationTests...
 
[08:53:20.453] [1] [ Info] [Eco] Загружаем em-base...
 
[08:53:20.453] [1] [ Info] [Eco] Загружаем NoPlayerCredits...
 
[08:53:20.453] [1] [ Info] [Eco] Загружаем em-greenenergy...
 
[08:53:20.453] [1] [ Info] [Eco] Загружаем em-realisticsmelting...
 
[08:53:20.453] [1] [ Info] [Eco] Загружаем em-shippingcontainers...
 
[08:53:20.453] [1] [ Info] [Eco] Загружаем em-tailingspack...
 
[08:53:20.453] [1] [ Info] [Eco] Загружаем realisticsmelting...
 
[08:53:20.453] [1] [ Info] [Eco] Загружаем em-arches...
 
[08:53:20.469] [1] [ Info] [Eco] Загружаем em-doors...
 
[08:53:20.469] [1] [ Info] [Eco] Загружаем em-dyes...
 
[08:53:20.469] [1] [ Info] [Eco] Загружаем em-homeobjects...
 
[08:53:20.469] [1] [ Info] [Eco] Загружаем em-transportation...
 
[08:53:20.469] [1] [ Info] [Eco] Загружаем em-windows...
 
[08:53:20.490] [1] [ Info] [Eco] Загружаем em-zymology...
 
[08:53:20.490] [1] [ Info] [Eco] Загружаем HPStorage...
 
[08:53:20.490] [1] [ Info] [Eco] Загружаем NidToolbox...
 
[08:53:20.501] [1] [ Info] [Eco] Загрузка модификаций завершена за 1 964,1мс
 
[08:53:20.501] [1] [ Info] [Eco] Запуск МенеджерСети...  
[08:53:20.501] [6] [ Info] [Eco] Инициализация типов симуляции...  
[08:53:20.566] [7] [ Info] [Eco] Запуск ПлагинГенератораМира...  
[08:53:20.566] [13] [ Info] [Eco] Запуск ПлагинРезервногоКопирования...  
[08:53:20.566] [16] [ Info] [Eco] Запуск ПлагинИгровойСтатистики...  
[08:53:20.566] [13] [ Info] [Eco] Запуск МенеджерХранилища...  
[08:53:21.106] [1] [ Info] [Eco] Server Initialization завершена за 2 954,0мс
 
[08:53:21.111] [1] [ Info] [Eco] Failed to load server, Exception was Exception: ArgumentException
Message:Элемент с тем же ключом уже был добавлен.
Source:mscorlib

System.ArgumentException: Элемент с тем же ключом уже был добавлен.
   at System.ThrowHelper.ThrowArgumentException(ExceptionResource resource)
   at System.Collections.Generic.Dictionary`2.Insert(TKey key, TValue value, Boolean add)
   at System.Linq.Enumerable.ToDictionary[TSource,TKey,TElement](IEnumerable`1 source, Func`2 keySelector, Func`2 elementSelector, IEqualityComparer`1 comparer)
   at Eco.Core.Serialization.SimpleSerializer.InitializeSerializableTypes()
   at Eco.Core.Serialization.SimpleSerializer..cctor()
 
[08:53:21.250] [6] [ Info] [Eco] Инициализация предметов...  
[08:53:21.318] [6] [ Info] [NidToolbox] Checking Settings.json 
[08:53:21.318] [6] [ Info] [NidToolbox] Config file: Mods\NidToolbox\Config\Settings.json exists. 
[08:53:21.318] [6] [ Info] [NidToolbox] Json file: Mods\NidToolbox\Config\Settings.json readable and correct. 
[08:53:21.318] [6] [ Info] [NidToolbox] Checking CommandPermissions.json 
[08:53:21.318] [6] [ Info] [NidToolbox] Config file: Mods\NidToolbox\Config\CommandPermissions.json exists. 
[08:53:21.328] [6] [ Info] [NidToolbox] Json file: Mods\NidToolbox\Config\CommandPermissions.json readable and correct. 
[08:53:21.328] [6] [ Info] [NidToolbox] Checking TimerMessages.json 
[08:53:21.328] [6] [ Info] [NidToolbox] Config file: Mods\NidToolbox\Config\TimerMessages.json exists. 
[08:53:21.328] [6] [ Info] [NidToolbox] Json file: Mods\NidToolbox\Config\TimerMessages.json readable and correct. 
[08:53:21.328] [6] [ Info] [NidToolbox] Checking ScheduledMessages.json 
[08:53:21.328] [6] [ Info] [NidToolbox] Config file: Mods\NidToolbox\Config\ScheduledMessages.json exists. 
[08:53:21.328] [6] [ Info] [NidToolbox] Json file: Mods\NidToolbox\Config\ScheduledMessages.json readable and correct. 
[08:53:21.328] [6] [ Info] [NidToolbox] No UserHomes directory, skipping user homes config checks. 
