[14:13:09.213] [1] [ Info] [Eco] >>> START EcoServer, Version=1.0.0.0, Culture=neutral, PublicKeyToken=null 
[14:13:09.241] [1] [ Info] [Eco] Eco Server 0.8.3.3 beta
 
[14:13:09.313] [1] [ Info] [Eco] Server Initialization...  
[14:13:09.313] [1] [ Info] [Eco] Starting LocalizationPlugin...  
[14:13:09.703] [1] [ Info] [Eco] Запуск ПлагинНабораМодификаций...  
[14:13:09.703] [1] [ Info] [Eco] Загрузка модификаций...  
[14:13:09.998] [1] [ Info] [Eco] Компилирование модификаций...  
[14:13:11.539] [1] [ Info] [Eco] Загружаем 0Harmony...
 
[14:13:11.539] [1] [ Info] [Eco] Загружаем Asphalt-ModKit...
 
[14:13:11.685] [1] [ Info] [Eco] Загружаем DiscordLink_blue...
 
[14:13:11.746] [1] [ Info] [Eco] Загружаем Eco.IntegrationTests...
 
[14:13:11.746] [1] [ Info] [Eco] Загружаем em-base...
 
[14:13:11.746] [1] [ Info] [Eco] Загружаем NoPlayerCredits...
 
[14:13:11.746] [1] [ Info] [Eco] Загружаем em-greenenergy...
 
[14:13:11.746] [1] [ Info] [Eco] Загружаем em-realisticsmelting...
 
[14:13:11.746] [1] [ Info] [Eco] Загружаем em-shippingcontainers...
 
[14:13:11.757] [1] [ Info] [Eco] Загружаем em-tailingspack...
 
[14:13:11.757] [1] [ Info] [Eco] Загружаем em-arches...
 
[14:13:11.757] [1] [ Info] [Eco] Загружаем em-doors...
 
[14:13:11.757] [1] [ Info] [Eco] Загружаем em-dyes...
 
[14:13:11.757] [1] [ Info] [Eco] Загружаем em-homeobjects...
 
[14:13:11.757] [1] [ Info] [Eco] Загружаем em-transportation...
 
[14:13:11.782] [1] [ Info] [Eco] Загружаем em-windows...
 
[14:13:11.791] [1] [ Info] [Eco] Загружаем em-zymology...
 
[14:13:11.791] [1] [ Info] [Eco] Загружаем HPStorage...
 
[14:13:11.791] [1] [ Info] [Eco] Загружаем NidToolbox...
 
[14:13:11.806] [1] [ Info] [Eco] Загрузка модификаций завершена за 2 101,2мс
 
[14:13:11.806] [1] [ Info] [Eco] Запуск МенеджерСети...  
[14:13:11.806] [7] [ Info] [Eco] Инициализация типов симуляции...  
[14:13:11.871] [14] [ Info] [Eco] Запуск ПлагинГенератораМира...  
[14:13:11.871] [17] [ Info] [Eco] Запуск ПлагинИгровойСтатистики...  
[14:13:11.871] [15] [ Info] [Eco] Запуск ПлагинРезервногоКопирования...  
[14:13:11.885] [15] [ Info] [Eco] Запуск МенеджерХранилища...  
[14:13:13.427] [7] [ Info] [Eco] Инициализация предметов...  
[14:13:13.492] [7] [ Info] [NidToolbox] Checking Settings.json 
[14:13:13.492] [7] [ Info] [NidToolbox] Config file: Mods\NidToolbox\Config\Settings.json exists. 
[14:13:13.492] [7] [ Info] [NidToolbox] Json file: Mods\NidToolbox\Config\Settings.json readable and correct. 
[14:13:13.492] [7] [ Info] [NidToolbox] Checking CommandPermissions.json 
[14:13:13.492] [7] [ Info] [NidToolbox] Config file: Mods\NidToolbox\Config\CommandPermissions.json exists. 
[14:13:13.492] [7] [ Info] [NidToolbox] Json file: Mods\NidToolbox\Config\CommandPermissions.json readable and correct. 
[14:13:13.492] [7] [ Info] [NidToolbox] Checking TimerMessages.json 
[14:13:13.492] [7] [ Info] [NidToolbox] Config file: Mods\NidToolbox\Config\TimerMessages.json exists. 
[14:13:13.492] [7] [ Info] [NidToolbox] Json file: Mods\NidToolbox\Config\TimerMessages.json readable and correct. 
[14:13:13.507] [7] [ Info] [NidToolbox] Checking ScheduledMessages.json 
[14:13:13.507] [7] [ Info] [NidToolbox] Config file: Mods\NidToolbox\Config\ScheduledMessages.json exists. 
[14:13:13.507] [7] [ Info] [NidToolbox] Json file: Mods\NidToolbox\Config\ScheduledMessages.json readable and correct. 
[14:13:13.507] [7] [ Info] [NidToolbox] No UserHomes directory, skipping user homes config checks. 
[14:13:14.508] [15] [ Info] [Eco] Запуск Плагин паузы...  
[14:13:14.508] [15] [ Info] [Eco] Загружаем Pause...  
[14:13:16.541] [7] [ Info] [Eco] Инициализация навыков...  
[14:13:16.634] [15] [ Info] [Eco] Запуск БДСтатистики...  
[14:13:16.634] [17] [ Info] [Eco] Запуск ПлагинМира...  
[14:13:16.682] [17] [ Info] [Eco] Загружаем World...  
[14:13:19.622] [17] [ Info] [Eco] Инициализация мира...  
[14:13:20.902] [17] [ Info] [Eco] Запуск ПлагинВремени...  
[14:13:20.902] [17] [ Info] [Eco] Загружаем Time...  
[14:13:20.902] [17] [ Info] [Eco] Запуск ПлагинРепутации...  
[14:13:20.902] [17] [ Info] [Eco] Загружаем Reputation...  
[14:13:20.917] [17] [ Info] [Eco] Запуск МенеджерЖильяИгроков...  
[14:13:20.917] [17] [ Info] [Eco] Запуск МенеджерПользователей...  
[14:13:20.961] [17] [ Info] [Eco] Загружаем Users...  
[14:13:21.106] [17] [ Info] [Eco] Инициализация инвентарей...  
[14:13:21.145] [17] [ Info] [Eco] Запуск МенеджерОбъектовЭко...  
[14:13:21.151] [17] [ Info] [Eco] Запуск МенеджерКонтроллера...  
[14:13:21.151] [33] [ Info] [Eco] Запуск ПлагинУгроз...  
[14:13:21.151] [7] [ Info] [Eco] Запуск VoiceManager...  
[14:13:21.151] [21] [ Info] [Eco] Запуск НастройкиСложности...  
[14:13:21.151] [28] [ Info] [Eco] Запуск ПлагинМусора...  
[14:13:21.151] [15] [ Info] [Eco] Запуск ПлагинЭкономики...  
[14:13:21.151] [28] [ Info] [Eco] Загружаем Garbage...  
[14:13:21.151] [10] [ Info] [Eco] Запуск СерверЧата...  
[14:13:21.151] [15] [ Info] [Eco] Загружаем Economy...  
[14:13:21.295] [33] [ Info] [Eco] Загружаем Disasters...  
[14:13:21.318] [15] [ Info] [Eco] Запуск Законодательство...  
[14:13:21.322] [10] [ Info] [Eco] Загружаем Chat...  
[14:13:21.363] [15] [ Info] [Eco] Загружаем Laws...  
[14:13:21.455] [15] [ Info] [Eco] Запуск МенеджерСобственности...  
[14:13:21.455] [15] [ Info] [Eco] Загружаем Property...  
[14:13:21.520] [15] [ Info] [Eco] Запуск МенеджерМиникарты...  
[14:13:21.525] [15] [ Info] [Eco] Запуск СимуляцияЭко...  
[14:13:21.585] [15] [ Info] [Eco] Загружаем Plants...  
[14:13:23.707] [15] [ Info] [Eco] Инициализация растений...  
[14:13:33.176] [15] [ Info] [Eco] Запуск RouteProbingPlugin...  
[14:13:33.179] [15] [ Info] [Eco] Загружаем RouteProbing...  
[14:13:36.452] [15] [ Info] [Eco] Запуск МенеджерСлоёвМира...  
[14:13:36.452] [15] [ Info] [Eco] Загружаем Layers...  
[14:13:37.122] [15] [ Info] [Eco] Инициализация слоёв мира...  
[14:13:37.122] [15] [ Info] [Eco] Загружаем ClimateSim...  
[14:13:40.429] [15] [ Info] [Eco] Запуск ТрекерЭкономики...  
[14:13:40.429] [15] [ Info] [Eco] Запуск UserTracker...  
[14:13:40.429] [15] [ Info] [Eco] Запуск МенеджерМировыхОбъектов...  
[14:13:40.530] [15] [ Info] [Eco] Загружаем WorldObjects...  
[14:13:40.694] [15] [ Info] [Eco] Запуск ПлагинКомнат...  
[14:13:40.694] [15] [ Info] [Eco] Загружаем Rooms...  
[14:13:40.694] [15] [ Info] [Eco] Запуск ПлагинЦелей...  
[14:13:40.694] [15] [ Info] [Eco] Загружаем Objectives...  
[14:13:40.721] [15] [ Info] [Eco] Запуск ПлагинСна...  
[14:13:40.721] [15] [ Info] [Eco] Загружаем Sleep...  
[14:13:40.726] [1] [ Info] [Eco] Запуск ПлагинВебСервера...  
[14:13:40.745] [1] [ Info] [Eco] Запуск OtherAliasCategory...  
[14:13:40.745] [6] [ Info] [Eco] Запуск Asphalt...  
[14:13:40.745] [12] [ Info] [Eco] Запуск NoPlayerCreditsPlugin...  
[14:13:40.745] [27] [ Info] [Eco] Запуск ChatBase...  
[14:13:40.745] [33] [ Info] [Eco] Запуск NidToolboxPlugin...  
[14:13:40.745] [19] [ Info] [Eco] Запуск ПлагинТестовИнтеграции...  
[14:13:40.745] [5] [ Info] [Eco] Запуск DiscordLink...  
[14:13:40.849] [1] [ Info] [Eco] Инициализируем ПлагинПеревода...  
[14:13:40.854] [1] [ Info] [Eco] Инициализируем ПлагинНабораМодификаций...  
[14:13:41.152] [1] [ Info] [Eco] Инициализируем ПлагинГенератораМира...  
[14:13:41.152] [1] [ Info] [Eco] Инициализируем МенеджерПользователей...  
[14:13:41.216] [1] [ Info] [Eco] Инициализируем ПлагинМусора...  
[14:13:41.236] [1] [ Info] [Eco] Инициализируем ПлагинЭкономики...  
[14:13:41.254] [1] [ Info] [Eco] Инициализируем Законодательство...  
[14:13:44.426] [1] [ Info] [Eco] Инициализируем МенеджерСобственности...  
[14:13:44.439] [1] [ Info] [Eco] Инициализируем МенеджерМиникарты...  
[14:13:45.316] [1] [ Info] [Eco] Инициализируем UserTracker...  
[14:13:45.321] [1] [ Info] [Eco] Инициализируем МенеджерМировыхОбъектов...  
[14:13:45.540] [1] [ Info] [Eco] Инициализируем ПлагинКомнат...  
[14:13:45.663] [1] [ Info] [Eco] Инициализируем ПлагинСна...  
[14:13:45.665] [1] [ Info] [Eco] Инициализируем NidToolboxPlugin...  
[14:13:45.665] [1] [ Info] [NidToolbox] Checking declared file: Mods\NidToolbox\Texts\Motd.txt 
[14:13:45.665] [1] [ Info] [NidToolbox] Config file:  Mods\NidToolbox\Texts\Motd.txt exists. 
[14:13:45.665] [1] [ Info] [NidToolbox] Config file:  Mods\NidToolbox\Texts\Motd.txt readable. 
[14:13:45.679] [1] [ Info] [NidToolbox] Checking declared file: Mods\NidToolbox\Texts\Rules.txt 
[14:13:45.679] [1] [ Info] [NidToolbox] Config file:  Mods\NidToolbox\Texts\Rules.txt exists. 
[14:13:45.679] [1] [ Info] [NidToolbox] Config file:  Mods\NidToolbox\Texts\Rules.txt readable. 
[14:13:45.679] [1] [ Info] [NidToolbox] Checking declared file: Mods\NidToolbox\Texts\ServerChangelog.txt 
[14:13:45.679] [1] [ Info] [NidToolbox] Config file:  Mods\NidToolbox\Texts\ServerChangelog.txt exists. 
[14:13:45.679] [1] [ Info] [NidToolbox] Config file:  Mods\NidToolbox\Texts\ServerChangelog.txt readable. 
[14:13:45.774] [1] [ Info] [Eco] Инициализируем NoPlayerCreditsPlugin...  
[14:13:45.774] [1] [ Info] [Eco] Инициализируем DiscordLink...  
[14:13:45.803] [1] [ Info] [Eco] Инициализируем ПлагинМира...  
[14:13:45.803] [1] [ Info] [Eco] Обработка...  
[14:13:46.322] [1] [ Info] [Eco] Сжатие...  
[14:13:49.672] [1] [ Info] [Eco] Инициализируем МенеджерСети...  
[14:13:49.705] [138] [ Info] [Eco] DISCORDLINK: Connected to Discord.

 
[14:13:49.888] [1] [ Info] [Eco] Инициализируем МенеджерСлоёвМира...  
[14:13:49.888] [1] [ Info] [Eco] Инициализируем ПлагинВебСервера...  
[14:13:50.467] [138] [ Info] [Eco] DISCORDLINK: Connected and Ready
 
[14:13:51.036] [1] [ Info] [Eco] Инициализируем ПлагинТестовИнтеграции...  
[14:13:51.045] [1] [ Info] [NidToolbox] OK - Mono not detected, not a Linux environment 
[14:13:51.045] [1] [ Info] [NidToolbox] All commands in config up to date. 
[14:13:51.109] [1] [ Info] [NidToolbox] Running NidToolbox version 1.8.7 
[14:13:51.129] [1] [ Info] [Eco] Server Initialization завершена за 41 816,8мс
 
[14:25:30.574] [1] [ Info] [Eco] Сохранение...
 
[14:25:30.574] [1] [ Info] [Eco] Сохранение мира...  
[14:25:35.236] [1] [ Info] [Eco] Готово
 
[14:25:35.373] [1] [ Info] [Eco] Выключение завершено
 
