[14:39:38.119] [1] [ Info] [Eco] >>> START EcoServer, Version=1.0.0.0, Culture=neutral, PublicKeyToken=null 
[14:39:38.149] [1] [ Info] [Eco] Eco Server 0.8.3.2 beta
 
[14:39:38.222] [1] [ Info] [Eco] Server Initialization...  
[14:39:38.222] [1] [ Info] [Eco] Starting LocalizationPlugin...  
[14:39:38.575] [1] [ Info] [Eco] Запуск ПлагинНабораМодификаций...  
[14:39:38.575] [1] [ Info] [Eco] Загрузка модификаций...  
[14:39:38.670] [1] [ Info] [Eco] Компилирование модификаций...  
[14:39:40.152] [1] [ Info] [Eco] Загружаем 0Harmony...
 
[14:39:40.156] [1] [ Info] [Eco] Загружаем Asphalt-ModKit...
 
[14:39:40.286] [1] [ Info] [Eco] Загружаем Eco.IntegrationTests...
 
[14:39:40.286] [1] [ Info] [Eco] Загружаем DiscordLinkUnified...
 
[14:39:40.342] [1] [ Info] [Eco] Загружаем EcoStory...
 
[14:39:40.349] [1] [ Info] [Eco] Загрузка модификаций завершена за 1 772,0мс
 
[14:39:40.349] [1] [ Info] [Eco] Запуск МенеджерСети...  
[14:39:40.349] [6] [ Info] [Eco] Инициализация типов симуляции...  
[14:39:40.429] [8] [ Info] [Eco] Запуск ПлагинГенератораМира...  
[14:39:40.429] [16] [ Info] [Eco] Запуск ПлагинРезервногоКопирования...  
[14:39:40.429] [9] [ Info] [Eco] Запуск ПлагинИгровойСтатистики...  
[14:39:40.441] [16] [ Info] [Eco] Запуск МенеджерХранилища...  
[14:39:41.777] [6] [ Info] [Eco] Инициализация предметов...  
[14:39:41.852] [6] [ Info] [NidToolbox] Checking Settings.json 
[14:39:41.852] [6] [ Info] [NidToolbox] Config file: Mods\NidToolbox\Config\Settings.json exists. 
[14:39:41.874] [6] [Error] [NidToolbox] Critical Error: File: Settings.json Location: Mods\NidToolbox\Config\Settings.json 
[14:39:41.874] [6] [Error] [NidToolbox] File is corruted or contains illegal characters, read the message below to get the details. 
[14:39:41.874] [6] [Error] [NidToolbox] After parsing a value an unexpected character was encountered: ". Path 'ServerChangelogModule.FileName', line 47, position 4. 
[14:39:42.667] [16] [ Info] [Eco] Запуск Плагин паузы...  
[14:39:42.676] [16] [ Info] [Eco] Загружаем Pause...  
