[23:15:52.430] [1] [ Info] [Eco] >>> START EcoServer, Version=1.0.0.0, Culture=neutral, PublicKeyToken=null 
[23:15:52.458] [1] [ Info] [Eco] Eco Server 0.8.3.3 beta
 
[23:15:52.554] [1] [ Info] [Eco] Server Initialization...  
[23:15:52.554] [1] [ Info] [Eco] Starting LocalizationPlugin...  
[23:15:52.929] [1] [ Info] [Eco] Запуск ПлагинНабораМодификаций...  
[23:15:52.929] [1] [ Info] [Eco] Загрузка модификаций...  
[23:15:53.211] [1] [ Info] [Eco] Компилирование модификаций...  
[23:15:54.679] [1] [ Info] [Eco] Загружаем 0Harmony...
 
[23:15:54.679] [1] [ Info] [Eco] Загружаем Asphalt-ModKit...
 
[23:15:54.801] [1] [ Info] [Eco] Загружаем DiscordLinkUnified...
 
[23:15:54.848] [1] [ Info] [Eco] Загружаем Eco.IntegrationTests...
 
[23:15:54.848] [1] [ Info] [Eco] Загружаем em-base...
 
[23:15:54.848] [1] [ Info] [Eco] Загружаем NoPlayerCredits...
 
[23:15:54.848] [1] [ Info] [Eco] Загружаем em-greenenergy...
 
[23:15:54.860] [1] [ Info] [Eco] Загружаем em-realisticsmelting...
 
[23:15:54.860] [1] [ Info] [Eco] Загружаем em-shippingcontainers...
 
[23:15:54.860] [1] [ Info] [Eco] Загружаем em-tailingspack...
 
[23:15:54.860] [1] [ Info] [Eco] Загружаем em-arches...
 
[23:15:54.860] [1] [ Info] [Eco] Загружаем em-doors...
 
[23:15:54.860] [1] [ Info] [Eco] Загружаем em-dyes...
 
[23:15:54.872] [1] [ Info] [Eco] Загружаем em-homeobjects...
 
[23:15:54.872] [1] [ Info] [Eco] Загружаем em-transportation...
 
[23:15:54.872] [1] [ Info] [Eco] Загружаем em-windows...
 
[23:15:54.889] [1] [ Info] [Eco] Загружаем em-zymology...
 
[23:15:54.889] [1] [ Info] [Eco] Загружаем NidToolbox...
 
[23:15:54.889] [1] [ Info] [Eco] Загрузка модификаций завершена за 1 967,9мс
 
[23:15:54.889] [1] [ Info] [Eco] Запуск МенеджерСети...  
[23:15:54.906] [6] [ Info] [Eco] Инициализация типов симуляции...  
[23:15:54.968] [12] [ Info] [Eco] Запуск ПлагинГенератораМира...  
[23:15:54.968] [5] [ Info] [Eco] Запуск ПлагинРезервногоКопирования...  
[23:15:54.968] [8] [ Info] [Eco] Запуск ПлагинИгровойСтатистики...  
[23:15:54.968] [5] [ Info] [Eco] Запуск МенеджерХранилища...  
[23:15:56.488] [6] [ Info] [Eco] Инициализация предметов...  
[23:15:56.559] [6] [ Info] [NidToolbox] Checking Settings.json 
[23:15:56.560] [6] [ Info] [NidToolbox] Config file: Mods\NidToolbox\Config\Settings.json exists. 
[23:15:56.560] [6] [ Info] [NidToolbox] Json file: Mods\NidToolbox\Config\Settings.json readable and correct. 
[23:15:56.560] [6] [ Info] [NidToolbox] Checking CommandPermissions.json 
[23:15:56.560] [6] [ Info] [NidToolbox] Config file: Mods\NidToolbox\Config\CommandPermissions.json exists. 
[23:15:56.560] [6] [ Info] [NidToolbox] Json file: Mods\NidToolbox\Config\CommandPermissions.json readable and correct. 
[23:15:56.560] [6] [ Info] [NidToolbox] Checking TimerMessages.json 
[23:15:56.560] [6] [ Info] [NidToolbox] Config file: Mods\NidToolbox\Config\TimerMessages.json exists. 
[23:15:56.614] [6] [ Info] [NidToolbox] Json file: Mods\NidToolbox\Config\TimerMessages.json readable and correct. 
[23:15:56.622] [6] [ Info] [NidToolbox] Checking ScheduledMessages.json 
[23:15:56.622] [6] [ Info] [NidToolbox] Config file: Mods\NidToolbox\Config\ScheduledMessages.json exists. 
[23:15:56.622] [6] [ Info] [NidToolbox] Json file: Mods\NidToolbox\Config\ScheduledMessages.json readable and correct. 
[23:15:56.622] [6] [ Info] [NidToolbox] No UserHomes directory, skipping user homes config checks. 
[23:15:57.530] [5] [ Info] [Eco] Запуск Плагин паузы...  
[23:15:57.530] [5] [ Info] [Eco] Загружаем Pause...  
[23:15:59.633] [6] [ Info] [Eco] Инициализация навыков...  
[23:15:59.735] [13] [ Info] [Eco] Запуск БДСтатистики...  
[23:15:59.735] [12] [ Info] [Eco] Запуск ПлагинМира...  
[23:15:59.788] [12] [ Info] [Eco] Загружаем World...  
[23:16:02.962] [12] [ Info] [Eco] Инициализация мира...  
[23:16:03.734] [12] [ Info] [Eco] Запуск ПлагинВремени...  
[23:16:03.734] [12] [ Info] [Eco] Загружаем Time...  
[23:16:03.734] [12] [ Info] [Eco] Запуск ПлагинРепутации...  
[23:16:03.734] [12] [ Info] [Eco] Загружаем Reputation...  
[23:16:03.734] [12] [ Info] [Eco] Запуск МенеджерЖильяИгроков...  
[23:16:03.748] [12] [ Info] [Eco] Запуск МенеджерПользователей...  
[23:16:03.791] [12] [ Info] [Eco] Загружаем Users...  
[23:16:03.921] [12] [ Info] [Eco] Инициализация инвентарей...  
[23:16:03.964] [12] [ Info] [Eco] Запуск МенеджерОбъектовЭко...  
[23:16:03.967] [12] [ Info] [Eco] Запуск ПлагинМусора...  
[23:16:03.967] [7] [ Info] [Eco] Запуск VoiceManager...  
[23:16:03.967] [30] [ Info] [Eco] Запуск НастройкиСложности...  
[23:16:03.967] [22] [ Info] [Eco] Запуск СерверЧата...  
[23:16:03.967] [21] [ Info] [Eco] Запуск ПлагинУгроз...  
[23:16:03.967] [12] [ Info] [Eco] Загружаем Garbage...  
[23:16:03.967] [32] [ Info] [Eco] Запуск МенеджерКонтроллера...  
[23:16:03.967] [5] [ Info] [Eco] Запуск ПлагинЭкономики...  
[23:16:03.967] [5] [ Info] [Eco] Загружаем Economy...  
[23:16:04.085] [21] [ Info] [Eco] Загружаем Disasters...  
[23:16:04.133] [22] [ Info] [Eco] Загружаем Chat...  
[23:16:04.133] [5] [ Info] [Eco] Запуск Законодательство...  
[23:16:04.142] [5] [ Info] [Eco] Загружаем Laws...  
[23:16:04.198] [5] [ Info] [Eco] Запуск МенеджерСобственности...  
[23:16:04.198] [5] [ Info] [Eco] Загружаем Property...  
[23:16:04.238] [5] [ Info] [Eco] Запуск МенеджерМиникарты...  
[23:16:04.238] [5] [ Info] [Eco] Запуск СимуляцияЭко...  
[23:16:04.298] [5] [ Info] [Eco] Загружаем Plants...  
[23:16:05.996] [5] [ Info] [Eco] Инициализация растений...  
[23:16:11.895] [5] [ Info] [Eco] Запуск RouteProbingPlugin...  
[23:16:11.895] [5] [ Info] [Eco] Загружаем RouteProbing...  
[23:16:14.951] [5] [ Info] [Eco] Запуск МенеджерСлоёвМира...  
[23:16:14.951] [5] [ Info] [Eco] Загружаем Layers...  
[23:16:15.559] [5] [ Info] [Eco] Инициализация слоёв мира...  
[23:16:15.559] [5] [ Info] [Eco] Загружаем ClimateSim...  
[23:16:18.426] [5] [ Info] [Eco] Запуск ТрекерЭкономики...  
[23:16:18.426] [5] [ Info] [Eco] Запуск UserTracker...  
[23:16:18.435] [5] [ Info] [Eco] Запуск МенеджерМировыхОбъектов...  
[23:16:18.521] [5] [ Info] [Eco] Загружаем WorldObjects...  
[23:16:18.529] [5] [ Info] [Eco] Запуск ПлагинКомнат...  
[23:16:18.529] [5] [ Info] [Eco] Загружаем Rooms...  
[23:16:18.556] [5] [ Info] [Eco] Запуск ПлагинЦелей...  
[23:16:18.556] [5] [ Info] [Eco] Загружаем Objectives...  
[23:16:18.570] [5] [ Info] [Eco] Запуск ПлагинСна...  
[23:16:18.570] [5] [ Info] [Eco] Загружаем Sleep...  
[23:16:18.575] [1] [ Info] [Eco] Запуск ПлагинВебСервера...  
[23:16:18.575] [1] [ Info] [Eco] Запуск OtherAliasCategory...  
[23:16:18.575] [23] [ Info] [Eco] Запуск NidToolboxPlugin...  
[23:16:18.575] [17] [ Info] [Eco] Запуск Asphalt...  
[23:16:18.575] [21] [ Info] [Eco] Запуск NoPlayerCreditsPlugin...  
[23:16:18.575] [7] [ Info] [Eco] Запуск ПлагинТестовИнтеграции...  
[23:16:18.575] [13] [ Info] [Eco] Запуск ChatBase...  
[23:16:18.591] [27] [ Info] [Eco] Запуск DiscordLink...  
[23:16:18.683] [1] [ Info] [Eco] Инициализируем ПлагинПеревода...  
[23:16:18.686] [1] [ Info] [Eco] Инициализируем ПлагинНабораМодификаций...  
[23:16:18.958] [1] [ Info] [Eco] Инициализируем ПлагинГенератораМира...  
[23:16:18.958] [1] [ Info] [Eco] Инициализируем МенеджерПользователей...  
[23:16:19.000] [1] [ Info] [Eco] Инициализируем ПлагинМусора...  
[23:16:19.000] [1] [ Info] [Eco] Инициализируем ПлагинЭкономики...  
[23:16:19.021] [1] [ Info] [Eco] Инициализируем Законодательство...  
[23:16:19.497] [1] [ Info] [Eco] Инициализируем МенеджерСобственности...  
[23:16:19.497] [1] [ Info] [Eco] Инициализируем МенеджерМиникарты...  
[23:16:20.854] [1] [ Info] [Eco] Инициализируем UserTracker...  
[23:16:20.861] [1] [ Info] [Eco] Инициализируем МенеджерМировыхОбъектов...  
[23:16:20.948] [1] [ Info] [Eco] Инициализируем ПлагинКомнат...  
[23:16:20.951] [1] [ Info] [Eco] Инициализируем ПлагинСна...  
[23:16:20.951] [1] [ Info] [Eco] Инициализируем NidToolboxPlugin...  
[23:16:20.951] [1] [ Info] [NidToolbox] Checking declared file: Mods\NidToolbox\Texts\Motd.txt 
[23:16:20.951] [1] [ Info] [NidToolbox] Config file:  Mods\NidToolbox\Texts\Motd.txt exists. 
[23:16:20.965] [1] [ Info] [NidToolbox] Config file:  Mods\NidToolbox\Texts\Motd.txt readable. 
[23:16:20.965] [1] [ Info] [NidToolbox] Checking declared file: Mods\NidToolbox\Texts\Rules.txt 
[23:16:20.965] [1] [ Info] [NidToolbox] Config file:  Mods\NidToolbox\Texts\Rules.txt exists. 
[23:16:20.965] [1] [ Info] [NidToolbox] Config file:  Mods\NidToolbox\Texts\Rules.txt readable. 
[23:16:20.965] [1] [ Info] [NidToolbox] Checking declared file: Mods\NidToolbox\Texts\ServerChangelog.txt 
[23:16:20.965] [1] [ Info] [NidToolbox] Config file:  Mods\NidToolbox\Texts\ServerChangelog.txt exists. 
[23:16:20.965] [1] [ Info] [NidToolbox] Config file:  Mods\NidToolbox\Texts\ServerChangelog.txt readable. 
[23:16:21.068] [1] [ Info] [Eco] Инициализируем NoPlayerCreditsPlugin...  
[23:16:21.068] [1] [ Info] [Eco] Инициализируем DiscordLink...  
[23:16:21.103] [1] [ Info] [Eco] Инициализируем ПлагинМира...  
[23:16:21.103] [1] [ Info] [Eco] Обработка...  
[23:16:24.054] [1] [ Info] [Eco] Сжатие...  
[23:16:24.453] [138] [ Info] [Eco] DISCORDLINK: Connected to Discord.

 
[23:16:27.641] [1] [ Info] [Eco] Инициализируем МенеджерСети...  
[23:16:27.866] [1] [ Info] [Eco] Инициализируем МенеджерСлоёвМира...  
[23:16:27.866] [1] [ Info] [Eco] Инициализируем ПлагинВебСервера...  
[23:16:28.020] [140] [ Info] [Eco] DISCORDLINK: Connected and Ready
 
[23:16:28.570] [1] [ Info] [Eco] Инициализируем ПлагинТестовИнтеграции...  
[23:16:28.577] [1] [ Info] [NidToolbox] OK - Mono not detected, not a Linux environment 
[23:16:28.577] [1] [ Info] [NidToolbox] All commands in config up to date. 
[23:16:28.670] [1] [ Info] [NidToolbox] Running NidToolbox version 1.8.7 
[23:16:28.695] [1] [ Info] [Eco] Server Initialization завершена за 36 134,0мс
 
[23:20:16.683] [138] [ Info] [log] letmeplay invoked admin command '/give склад' 
[23:21:23.754] [138] [ Info] [log] letmeplay invoked admin command '/fly' 
[23:38:15.430] [138] [ Info] [log] letmeplay invoked admin command '/fly' 
[23:40:19.432] [138] [ Info] [log] letmeplay invoked admin command '/fly' 
[23:40:23.125] [138] [ Info] [log] letmeplay invoked admin command '/fly' 
[23:43:51.075] [138] [ Info] [log] letmeplay invoked admin command '/fly' 
[23:44:30.569] [138] [ Info] [log] letmeplay invoked admin command '/save' 
[23:44:30.577] [14] [ Info] [Eco] Сохранение мира...  
[23:44:44.241] [1] [ Info] [Eco] Сохранение...
 
[23:44:44.241] [1] [ Info] [Eco] Сохранение мира...  
[23:44:48.102] [1] [ Info] [Eco] Готово
 
[23:44:48.214] [1] [ Info] [Eco] Выключение завершено
 
