[05:30:29.533] [1] [ Info] [Eco] >>> START EcoServer, Version=1.0.0.0, Culture=neutral, PublicKeyToken=null 
[05:30:29.564] [1] [ Info] [Eco] Eco Server 0.8.3.3 beta
 
[05:30:29.652] [1] [ Info] [Eco] Server Initialization...  
[05:30:29.652] [1] [ Info] [Eco] Starting LocalizationPlugin...  
[05:30:30.269] [1] [ Info] [Eco] Запуск ПлагинНабораМодификаций...  
[05:30:30.269] [1] [ Info] [Eco] Загрузка модификаций...  
[05:30:30.602] [1] [ Info] [Eco] Компилирование модификаций...  
[05:30:32.421] [1] [ Info] [Eco] Загружаем 0Harmony...
 
[05:30:32.421] [1] [ Info] [Eco] Загружаем Asphalt-ModKit...
 
[05:30:32.555] [1] [ Info] [Eco] Загружаем DiscordLink_blue...
 
[05:30:32.604] [1] [ Info] [Eco] Загружаем Eco.IntegrationTests...
 
[05:30:32.604] [1] [ Info] [Eco] Загружаем em-base...
 
[05:30:32.604] [1] [ Info] [Eco] Загружаем NoPlayerCredits...
 
[05:30:32.604] [1] [ Info] [Eco] Загружаем em-greenenergy...
 
[05:30:32.604] [1] [ Info] [Eco] Загружаем em-realisticsmelting...
 
[05:30:32.604] [1] [ Info] [Eco] Загружаем em-shippingcontainers...
 
[05:30:32.617] [1] [ Info] [Eco] Загружаем em-tailingspack...
 
[05:30:32.617] [1] [ Info] [Eco] Загружаем em-arches...
 
[05:30:32.617] [1] [ Info] [Eco] Загружаем em-doors...
 
[05:30:32.617] [1] [ Info] [Eco] Загружаем em-dyes...
 
[05:30:32.617] [1] [ Info] [Eco] Загружаем em-homeobjects...
 
[05:30:32.617] [1] [ Info] [Eco] Загружаем em-transportation...
 
[05:30:32.635] [1] [ Info] [Eco] Загружаем em-windows...
 
[05:30:32.635] [1] [ Info] [Eco] Загружаем em-zymology...
 
[05:30:32.648] [1] [ Info] [Eco] Загружаем HPStorage...
 
[05:30:32.648] [1] [ Info] [Eco] Загружаем NidToolbox...
 
[05:30:32.648] [1] [ Info] [Eco] Загрузка модификаций завершена за 2 385,4мс
 
[05:30:32.648] [1] [ Info] [Eco] Запуск МенеджерСети...  
[05:30:32.664] [7] [ Info] [Eco] Инициализация типов симуляции...  
[05:30:32.715] [1] [ Info] [Eco] Server Initialization завершена за 3 062,7мс
 
[05:30:32.715] [1] [ Info] [Eco] Failed to load server, Exception was Exception: JsonReaderException
Message:After parsing a value an unexpected character was encountered: S. Path 'DetailedDescription', line 8, position 3.
Source:Newtonsoft.Json

Newtonsoft.Json.JsonReaderException: After parsing a value an unexpected character was encountered: S. Path 'DetailedDescription', line 8, position 3.
   at Newtonsoft.Json.JsonTextReader.ParsePostValue(Boolean ignoreComments)
   at Newtonsoft.Json.JsonTextReader.Read()
   at Newtonsoft.Json.Serialization.JsonSerializerInternalReader.PopulateObject(Object newObject, JsonReader reader, JsonObjectContract contract, JsonProperty member, String id)
   at Newtonsoft.Json.Serialization.JsonSerializerInternalReader.Populate(JsonReader reader, Object target)
   at Newtonsoft.Json.JsonSerializer.PopulateInternal(JsonReader reader, Object target)
   at Newtonsoft.Json.JsonConvert.PopulateObject(String value, Object target, JsonSerializerSettings settings)
   at Eco.Core.Plugins.PluginConfig`1.Load(String filename)
   at Eco.Plugins.Networking.NetworkManager..ctor()
 
[05:30:33.544] [7] [ Info] [Eco] Инициализация предметов...  
[05:30:33.605] [7] [ Info] [NidToolbox] Checking Settings.json 
[05:30:33.605] [7] [ Info] [NidToolbox] Config file: Mods\NidToolbox\Config\Settings.json exists. 
[05:30:33.605] [7] [ Info] [NidToolbox] Json file: Mods\NidToolbox\Config\Settings.json readable and correct. 
[05:30:33.605] [7] [ Info] [NidToolbox] Checking CommandPermissions.json 
[05:30:33.605] [7] [ Info] [NidToolbox] Config file: Mods\NidToolbox\Config\CommandPermissions.json exists. 
[05:30:33.617] [7] [ Info] [NidToolbox] Json file: Mods\NidToolbox\Config\CommandPermissions.json readable and correct. 
[05:30:33.617] [7] [ Info] [NidToolbox] Checking TimerMessages.json 
[05:30:33.617] [7] [ Info] [NidToolbox] Config file: Mods\NidToolbox\Config\TimerMessages.json exists. 
[05:30:33.617] [7] [ Info] [NidToolbox] Json file: Mods\NidToolbox\Config\TimerMessages.json readable and correct. 
[05:30:33.617] [7] [ Info] [NidToolbox] Checking ScheduledMessages.json 
[05:30:33.617] [7] [ Info] [NidToolbox] Config file: Mods\NidToolbox\Config\ScheduledMessages.json exists. 
[05:30:33.617] [7] [ Info] [NidToolbox] Json file: Mods\NidToolbox\Config\ScheduledMessages.json readable and correct. 
[05:30:33.617] [7] [ Info] [NidToolbox] No UserHomes directory, skipping user homes config checks. 
[05:30:36.297] [7] [ Info] [Eco] Инициализация навыков...  
