[00:14:55.104] [1] [ Info] [Eco] >>> START EcoServer, Version=1.0.0.0, Culture=neutral, PublicKeyToken=null 
[00:14:55.131] [1] [ Info] [Eco] Eco Server 0.8.3.3 beta
 
[00:14:55.218] [1] [ Info] [Eco] Server Initialization...  
[00:14:55.218] [1] [ Info] [Eco] Starting LocalizationPlugin...  
[00:14:55.623] [1] [ Info] [Eco] Запуск ПлагинНабораМодификаций...  
[00:14:55.624] [1] [ Info] [Eco] Загрузка модификаций...  
[00:14:55.946] [1] [ Info] [Eco] Компилирование модификаций...  
[00:14:57.542] [1] [ Info] [Eco] Загружаем 0Harmony...
 
[00:14:57.547] [1] [ Info] [Eco] Загружаем Asphalt-ModKit...
 
[00:14:57.670] [1] [ Info] [Eco] Загружаем DiscordLink_blue...
 
[00:14:57.719] [1] [ Info] [Eco] Загружаем Eco.IntegrationTests...
 
[00:14:57.719] [1] [ Info] [Eco] Загружаем em-base...
 
[00:14:57.719] [1] [ Info] [Eco] Загружаем NoPlayerCredits...
 
[00:14:57.719] [1] [ Info] [Eco] Загружаем em-greenenergy...
 
[00:14:57.719] [1] [ Info] [Eco] Загружаем em-realisticsmelting...
 
[00:14:57.733] [1] [ Info] [Eco] Загружаем em-shippingcontainers...
 
[00:14:57.733] [1] [ Info] [Eco] Загружаем em-tailingspack...
 
[00:14:57.733] [1] [ Info] [Eco] Загружаем em-arches...
 
[00:14:57.733] [1] [ Info] [Eco] Загружаем em-doors...
 
[00:14:57.733] [1] [ Info] [Eco] Загружаем em-dyes...
 
[00:14:57.733] [1] [ Info] [Eco] Загружаем em-homeobjects...
 
[00:14:57.733] [1] [ Info] [Eco] Загружаем em-transportation...
 
[00:14:57.752] [1] [ Info] [Eco] Загружаем em-windows...
 
[00:14:57.752] [1] [ Info] [Eco] Загружаем em-zymology...
 
[00:14:57.765] [1] [ Info] [Eco] Загружаем HPStorage...
 
[00:14:57.765] [1] [ Info] [Eco] Загружаем NidToolbox...
 
[00:14:57.765] [1] [ Info] [Eco] Загрузка модификаций завершена за 2 148,1мс
 
[00:14:57.765] [1] [ Info] [Eco] Запуск МенеджерСети...  
[00:14:57.780] [5] [ Info] [Eco] Инициализация типов симуляции...  
[00:14:57.828] [17] [ Info] [Eco] Запуск ПлагинГенератораМира...  
[00:14:57.828] [9] [ Info] [Eco] Запуск ПлагинИгровойСтатистики...  
[00:14:57.828] [15] [ Info] [Eco] Запуск ПлагинРезервногоКопирования...  
[00:14:57.828] [15] [ Info] [Eco] Запуск МенеджерХранилища...  
[00:14:59.356] [5] [ Info] [Eco] Инициализация предметов...  
[00:14:59.423] [5] [ Info] [NidToolbox] Checking Settings.json 
[00:14:59.423] [5] [ Info] [NidToolbox] Config file: Mods\NidToolbox\Config\Settings.json exists. 
[00:14:59.423] [5] [ Info] [NidToolbox] Json file: Mods\NidToolbox\Config\Settings.json readable and correct. 
[00:14:59.423] [5] [ Info] [NidToolbox] Checking CommandPermissions.json 
[00:14:59.439] [5] [ Info] [NidToolbox] Config file: Mods\NidToolbox\Config\CommandPermissions.json exists. 
[00:14:59.439] [5] [ Info] [NidToolbox] Json file: Mods\NidToolbox\Config\CommandPermissions.json readable and correct. 
[00:14:59.439] [5] [ Info] [NidToolbox] Checking TimerMessages.json 
[00:14:59.439] [5] [ Info] [NidToolbox] Config file: Mods\NidToolbox\Config\TimerMessages.json exists. 
[00:14:59.439] [5] [ Info] [NidToolbox] Json file: Mods\NidToolbox\Config\TimerMessages.json readable and correct. 
[00:14:59.439] [5] [ Info] [NidToolbox] Checking ScheduledMessages.json 
[00:14:59.439] [5] [ Info] [NidToolbox] Config file: Mods\NidToolbox\Config\ScheduledMessages.json exists. 
[00:14:59.439] [5] [ Info] [NidToolbox] Json file: Mods\NidToolbox\Config\ScheduledMessages.json readable and correct. 
[00:14:59.461] [5] [ Info] [NidToolbox] No UserHomes directory, skipping user homes config checks. 
[00:15:00.458] [15] [ Info] [Eco] Запуск Плагин паузы...  
[00:15:00.458] [15] [ Info] [Eco] Загружаем Pause...  
[00:15:02.599] [5] [ Info] [Eco] Инициализация навыков...  
[00:15:02.692] [15] [ Info] [Eco] Запуск БДСтатистики...  
[00:15:02.692] [10] [ Info] [Eco] Запуск ПлагинМира...  
[00:15:02.748] [10] [ Info] [Eco] Загружаем World...  
[00:15:05.844] [10] [ Info] [Eco] Инициализация мира...  
[00:15:06.856] [10] [ Info] [Eco] Запуск ПлагинВремени...  
[00:15:06.856] [10] [ Info] [Eco] Загружаем Time...  
[00:15:06.859] [10] [ Info] [Eco] Запуск ПлагинРепутации...  
[00:15:06.859] [10] [ Info] [Eco] Загружаем Reputation...  
[00:15:06.859] [10] [ Info] [Eco] Запуск МенеджерЖильяИгроков...  
[00:15:06.859] [10] [ Info] [Eco] Запуск МенеджерПользователей...  
[00:15:06.915] [10] [ Info] [Eco] Загружаем Users...  
[00:15:07.054] [10] [ Info] [Eco] Инициализация инвентарей...  
[00:15:07.094] [10] [ Info] [Eco] Запуск МенеджерОбъектовЭко...  
[00:15:07.094] [10] [ Info] [Eco] Запуск ПлагинМусора...  
[00:15:07.094] [28] [ Info] [Eco] Запуск VoiceManager...  
[00:15:07.094] [12] [ Info] [Eco] Запуск ПлагинУгроз...  
[00:15:07.094] [24] [ Info] [Eco] Запуск ПлагинЭкономики...  
[00:15:07.094] [15] [ Info] [Eco] Запуск МенеджерКонтроллера...  
[00:15:07.094] [7] [ Info] [Eco] Запуск СерверЧата...  
[00:15:07.094] [13] [ Info] [Eco] Запуск НастройкиСложности...  
[00:15:07.094] [10] [ Info] [Eco] Загружаем Garbage...  
[00:15:07.115] [24] [ Info] [Eco] Загружаем Economy...  
[00:15:07.272] [24] [ Info] [Eco] Запуск Законодательство...  
[00:15:07.272] [12] [ Info] [Eco] Загружаем Disasters...  
[00:15:07.272] [7] [ Info] [Eco] Загружаем Chat...  
[00:15:07.307] [24] [ Info] [Eco] Загружаем Laws...  
[00:15:07.383] [24] [ Info] [Eco] Запуск МенеджерСобственности...  
[00:15:07.383] [24] [ Info] [Eco] Загружаем Property...  
[00:15:07.443] [24] [ Info] [Eco] Запуск МенеджерМиникарты...  
[00:15:07.443] [24] [ Info] [Eco] Запуск СимуляцияЭко...  
[00:15:07.506] [24] [ Info] [Eco] Загружаем Plants...  
[00:15:09.647] [24] [ Info] [Eco] Инициализация растений...  
[00:15:19.969] [24] [ Info] [Eco] Запуск RouteProbingPlugin...  
[00:15:19.969] [24] [ Info] [Eco] Загружаем RouteProbing...  
[00:15:22.973] [24] [ Info] [Eco] Запуск МенеджерСлоёвМира...  
[00:15:22.973] [24] [ Info] [Eco] Загружаем Layers...  
[00:15:23.596] [24] [ Info] [Eco] Инициализация слоёв мира...  
[00:15:23.596] [24] [ Info] [Eco] Загружаем ClimateSim...  
[00:15:27.088] [24] [ Info] [Eco] Запуск ТрекерЭкономики...  
[00:15:27.101] [24] [ Info] [Eco] Запуск UserTracker...  
[00:15:27.108] [24] [ Info] [Eco] Запуск МенеджерМировыхОбъектов...  
[00:15:27.203] [24] [ Info] [Eco] Загружаем WorldObjects...  
[00:15:27.313] [24] [ Info] [Eco] Запуск ПлагинКомнат...  
[00:15:27.313] [24] [ Info] [Eco] Загружаем Rooms...  
[00:15:27.331] [24] [ Info] [Eco] Запуск ПлагинЦелей...  
[00:15:27.331] [24] [ Info] [Eco] Загружаем Objectives...  
[00:15:27.344] [24] [ Info] [Eco] Запуск ПлагинСна...  
[00:15:27.344] [24] [ Info] [Eco] Загружаем Sleep...  
[00:15:27.344] [1] [ Info] [Eco] Запуск ПлагинВебСервера...  
[00:15:27.362] [1] [ Info] [Eco] Запуск OtherAliasCategory...  
[00:15:27.362] [15] [ Info] [Eco] Запуск Asphalt...  
[00:15:27.362] [11] [ Info] [Eco] Запуск DiscordLink...  
[00:15:27.362] [13] [ Info] [Eco] Запуск ПлагинТестовИнтеграции...  
[00:15:27.362] [16] [ Info] [Eco] Запуск NoPlayerCreditsPlugin...  
[00:15:27.374] [26] [ Info] [Eco] Запуск NidToolboxPlugin...  
[00:15:27.374] [21] [ Info] [Eco] Запуск ChatBase...  
[00:15:27.486] [1] [ Info] [Eco] Инициализируем ПлагинПеревода...  
[00:15:27.486] [1] [ Info] [Eco] Инициализируем ПлагинНабораМодификаций...  
[00:15:27.783] [1] [ Info] [Eco] Инициализируем ПлагинГенератораМира...  
[00:15:27.783] [1] [ Info] [Eco] Инициализируем МенеджерПользователей...  
[00:15:27.826] [1] [ Info] [Eco] Инициализируем ПлагинМусора...  
[00:15:27.836] [1] [ Info] [Eco] Инициализируем ПлагинЭкономики...  
[00:15:27.868] [1] [ Info] [Eco] Инициализируем Законодательство...  
[00:15:28.497] [1] [ Info] [Eco] Инициализируем МенеджерСобственности...  
[00:15:28.509] [1] [ Info] [Eco] Инициализируем МенеджерМиникарты...  
[00:15:29.420] [1] [ Info] [Eco] Инициализируем UserTracker...  
[00:15:29.425] [1] [ Info] [Eco] Инициализируем МенеджерМировыхОбъектов...  
[00:15:29.646] [1] [ Info] [Eco] Инициализируем ПлагинКомнат...  
[00:15:29.761] [1] [ Info] [Eco] Инициализируем ПлагинСна...  
[00:15:29.761] [1] [ Info] [Eco] Инициализируем NidToolboxPlugin...  
[00:15:29.770] [1] [ Info] [NidToolbox] Checking declared file: Mods\NidToolbox\Texts\Motd.txt 
[00:15:29.770] [1] [ Info] [NidToolbox] Config file:  Mods\NidToolbox\Texts\Motd.txt exists. 
[00:15:29.770] [1] [ Info] [NidToolbox] Config file:  Mods\NidToolbox\Texts\Motd.txt readable. 
[00:15:29.770] [1] [ Info] [NidToolbox] Checking declared file: Mods\NidToolbox\Texts\Rules.txt 
[00:15:29.770] [1] [ Info] [NidToolbox] Config file:  Mods\NidToolbox\Texts\Rules.txt exists. 
[00:15:29.770] [1] [ Info] [NidToolbox] Config file:  Mods\NidToolbox\Texts\Rules.txt readable. 
[00:15:29.770] [1] [ Info] [NidToolbox] Checking declared file: Mods\NidToolbox\Texts\ServerChangelog.txt 
[00:15:29.770] [1] [ Info] [NidToolbox] Config file:  Mods\NidToolbox\Texts\ServerChangelog.txt exists. 
[00:15:29.780] [1] [ Info] [NidToolbox] Config file:  Mods\NidToolbox\Texts\ServerChangelog.txt readable. 
[00:15:29.878] [1] [ Info] [Eco] Инициализируем NoPlayerCreditsPlugin...  
[00:15:29.878] [1] [ Info] [Eco] Инициализируем DiscordLink...  
[00:15:29.927] [1] [ Info] [Eco] Инициализируем ПлагинМира...  
[00:15:29.927] [1] [ Info] [Eco] Обработка...  
[00:15:31.037] [1] [ Info] [Eco] Сжатие...  
[00:15:34.551] [1] [ Info] [Eco] Инициализируем МенеджерСети...  
[00:15:34.597] [138] [ Info] [Eco] DISCORDLINK: Connected to Discord.

 
[00:15:34.792] [1] [ Info] [Eco] Инициализируем МенеджерСлоёвМира...  
[00:15:34.792] [1] [ Info] [Eco] Инициализируем ПлагинВебСервера...  
[00:15:35.372] [140] [ Info] [Eco] DISCORDLINK: Connected and Ready
 
[00:15:35.528] [1] [ Info] [Eco] Инициализируем ПлагинТестовИнтеграции...  
[00:15:35.535] [1] [ Info] [NidToolbox] OK - Mono not detected, not a Linux environment 
[00:15:35.535] [1] [ Info] [NidToolbox] All commands in config up to date. 
[00:15:35.616] [1] [ Info] [NidToolbox] Running NidToolbox version 1.8.7 
[00:15:35.638] [1] [ Info] [Eco] Server Initialization завершена за 40 418,3мс
 
[00:20:10.869] [176] [ Info] [log] AmeriQ invoked admin command '/eat' 
[00:33:28.448] [25] [ Info] [log] letmeplay invoked admin command '/fly' 
[00:35:30.624] [176] [ Info] [log] AmeriQ invoked admin command '/fly' 
[00:39:02.440] [178] [ Info] [log] Dark Avenger invoked admin command '/fly' 
[00:45:37.903] [23] [ Info] [Eco] Удалена резервная копия - D:/EcoBackup/Storage\Backup\Game-2020-02-23-23.40.10
 
[00:47:57.212] [178] [ Info] [log] Dark Avenger invoked admin command '/fly' 
[00:48:20.043] [178] [ Info] [log] Dark Avenger invoked admin command '/fly' 
[00:48:32.920] [25] [ Info] [log] letmeplay invoked admin command '/fly' 
[00:48:44.969] [25] [ Info] [log] letmeplay invoked admin command '/fly' 
[00:48:48.518] [25] [ Info] [log] letmeplay invoked admin command '/fly' 
[00:49:13.972] [25] [ Info] [log] letmeplay invoked admin command '/fly' 
[00:49:16.870] [25] [ Info] [log] letmeplay invoked admin command '/fly' 
[00:49:21.087] [25] [ Info] [log] letmeplay invoked admin command '/eat' 
[00:49:22.645] [178] [ Info] [log] Dark Avenger invoked admin command '/fly' 
[00:49:47.478] [178] [ Info] [log] Dark Avenger invoked admin command '/eat' 
[00:54:59.728] [178] [ Info] [log] Dark Avenger invoked admin command '/give ecoylent' 
[00:55:15.000] [25] [ Info] [log] letmeplay invoked admin command '/give экоэлексир' 
[00:55:19.733] [25] [ Info] [log] letmeplay invoked admin command '/give экоэликсир' 
[00:56:43.915] [178] [ Info] [log] Dark Avenger invoked admin command '/fly' 
[00:57:29.852] [25] [ Info] [log] letmeplay invoked admin command '/give экоэликсир' 
[00:57:33.266] [25] [ Info] [log] letmeplay invoked admin command '/fly' 
[00:59:12.881] [178] [ Info] [log] Dark Avenger invoked admin command '/fly' 
[01:02:55.183] [177] [ Info] [log] AmeriQ invoked admin command '/passlaws' 
[01:09:49.790] [177] [ Info] [log] AmeriQ invoked admin command '/passlaws' 
[01:11:06.626] [1] [ Info] [Eco] Сохранение...
 
[01:11:06.626] [1] [ Info] [Eco] Сохранение мира...  
[01:11:10.045] [1] [ Info] [Eco] Готово
 
[01:11:10.176] [1] [ Info] [Eco] Выключение завершено
 
