[20:35:13.252] [1] [ Info] [Eco] >>> START EcoServer, Version=1.0.0.0, Culture=neutral, PublicKeyToken=null 
[20:35:13.311] [1] [ Info] [Eco] Eco Server 0.8.3.2 beta
 
[20:35:13.873] [1] [ Info] [Eco] Server Initialization...  
[20:35:13.874] [1] [ Info] [Eco] Starting LocalizationPlugin...  
[20:35:14.499] [1] [ Info] [Eco] Запуск ПлагинНабораМодификаций...  
[20:35:14.499] [1] [ Info] [Eco] Загрузка модификаций...  
[20:35:15.012] [1] [ Info] [Eco] Компилирование модификаций...  
[20:35:24.567] [1] [ Info] [Eco] Загружаем 0Harmony...
 
[20:35:24.793] [1] [ Info] [Eco] Загружаем Asphalt-ModKit...
 
[20:35:25.149] [1] [ Info] [Eco] Загружаем Eco.IntegrationTests...
 
[20:35:25.311] [1] [ Info] [Eco] Загружаем em-base...
 
[20:35:25.351] [1] [ Info] [Eco] Загружаем DiscordLinkUnified...
 
[20:35:25.594] [1] [ Info] [Eco] Загружаем EcoStory...
 
[20:35:25.718] [1] [ Info] [Eco] Загружаем em-greenenergy...
 
[20:35:25.758] [1] [ Info] [Eco] Загружаем em-realisticsmelting...
 
[20:35:25.790] [1] [ Info] [Eco] Загружаем em-shippingcontainers...
 
[20:35:25.820] [1] [ Info] [Eco] Загружаем em-tailingspack...
 
[20:35:25.820] [1] [ Info] [Eco] Загружаем em-arches...
 
[20:35:25.870] [1] [ Info] [Eco] Загружаем em-doors...
 
[20:35:25.921] [1] [ Info] [Eco] Загружаем em-dyes...
 
[20:35:25.954] [1] [ Info] [Eco] Загружаем em-homeobjects...
 
[20:35:25.993] [1] [ Info] [Eco] Загружаем em-transportation...
 
[20:35:26.034] [1] [ Info] [Eco] Загружаем em-windows...
 
[20:35:26.085] [1] [ Info] [Eco] Загружаем em-zymology...
 
[20:35:26.133] [1] [ Info] [Eco] Загружаем em-admin...
 
[20:35:26.158] [1] [ Info] [Eco] Загружаем em-commands...
 
[20:35:26.199] [1] [ Info] [Eco] Загружаем em-daily...
 
[20:35:26.231] [1] [ Info] [Eco] Загружаем em-infomatics...
 
[20:35:26.261] [1] [ Info] [Eco] Загружаем em-jokes...
 
[20:35:26.288] [1] [ Info] [Eco] Загружаем em-tp...
 
[20:35:26.327] [1] [ Info] [Eco] Загружаем em-warp...
 
[20:35:26.353] [1] [ Info] [Eco] Загружаем HPStorage...
 
[20:35:26.383] [1] [ Info] [Eco] Загружаем NidToolbox...
 
[20:35:26.640] [1] [ Info] [Eco] Загрузка модификаций завершена за 12 135,7мс
 
[20:35:26.640] [1] [ Info] [Eco] Запуск МенеджерСети...  
[20:35:26.657] [7] [ Info] [Eco] Инициализация типов симуляции...  
[20:35:26.834] [11] [ Info] [Eco] Запуск ПлагинГенератораМира...  
[20:35:26.834] [12] [ Info] [Eco] Запуск ПлагинИгровойСтатистики...  
[20:35:26.843] [5] [ Info] [Eco] Запуск ПлагинРезервногоКопирования...  
[20:35:26.859] [5] [ Info] [Eco] Запуск МенеджерХранилища...  
[20:35:28.050] [7] [ Info] [Eco] Инициализация предметов...  
[20:35:28.229] [7] [ Info] [NidToolbox] Checking Settings.json 
[20:35:28.229] [7] [ Info] [NidToolbox] Config file: Mods\NidToolbox\Config\Settings.json exists. 
[20:35:28.237] [7] [ Info] [NidToolbox] Json file: Mods\NidToolbox\Config\Settings.json readable and correct. 
[20:35:28.237] [7] [ Info] [NidToolbox] Checking CommandPermissions.json 
[20:35:28.237] [7] [ Info] [NidToolbox] Config file: Mods\NidToolbox\Config\CommandPermissions.json exists. 
[20:35:28.237] [7] [ Info] [NidToolbox] Json file: Mods\NidToolbox\Config\CommandPermissions.json readable and correct. 
[20:35:28.250] [7] [ Info] [NidToolbox] Checking TimerMessages.json 
[20:35:28.250] [7] [ Info] [NidToolbox] Config file: Mods\NidToolbox\Config\TimerMessages.json exists. 
[20:35:28.250] [7] [ Info] [NidToolbox] Json file: Mods\NidToolbox\Config\TimerMessages.json readable and correct. 
[20:35:28.265] [7] [ Info] [NidToolbox] Checking ScheduledMessages.json 
[20:35:28.265] [7] [ Info] [NidToolbox] Config file: Mods\NidToolbox\Config\ScheduledMessages.json exists. 
[20:35:28.265] [7] [ Info] [NidToolbox] Json file: Mods\NidToolbox\Config\ScheduledMessages.json readable and correct. 
[20:35:28.265] [7] [ Info] [NidToolbox] No UserHomes directory, skipping user homes config checks. 
[20:35:28.752] [7] [ Info] [NidToolbox] Checking Settings.json 
[20:35:28.778] [7] [ Info] [NidToolbox] Config file: Mods\NidToolbox\Config\Settings.json exists. 
[20:35:28.826] [7] [ Info] [NidToolbox] Json file: Mods\NidToolbox\Config\Settings.json readable and correct. 
[20:35:28.836] [7] [ Info] [NidToolbox] Checking CommandPermissions.json 
[20:35:28.883] [7] [ Info] [NidToolbox] Config file: Mods\NidToolbox\Config\CommandPermissions.json exists. 
[20:35:28.883] [7] [ Info] [NidToolbox] Json file: Mods\NidToolbox\Config\CommandPermissions.json readable and correct. 
[20:35:28.897] [7] [ Info] [NidToolbox] Checking TimerMessages.json 
[20:35:28.944] [7] [ Info] [NidToolbox] Config file: Mods\NidToolbox\Config\TimerMessages.json exists. 
[20:35:28.968] [7] [ Info] [NidToolbox] Json file: Mods\NidToolbox\Config\TimerMessages.json readable and correct. 
[20:35:28.994] [7] [ Info] [NidToolbox] Checking ScheduledMessages.json 
[20:35:29.034] [7] [ Info] [NidToolbox] Config file: Mods\NidToolbox\Config\ScheduledMessages.json exists. 
[20:35:29.080] [7] [ Info] [NidToolbox] Json file: Mods\NidToolbox\Config\ScheduledMessages.json readable and correct. 
[20:35:29.109] [7] [ Info] [NidToolbox] No UserHomes directory, skipping user homes config checks. 
[20:35:33.819] [5] [ Info] [Eco] Запуск Плагин паузы...  
[20:35:35.245] [7] [ Info] [Eco] Инициализация навыков...  
[20:35:35.366] [5] [ Info] [Eco] Запуск БДСтатистики...  
[20:35:35.366] [7] [ Info] [Eco] Запуск ПлагинМира...  
[20:35:35.438] [7] [ Info] [Eco] Загружаем World...  
[20:35:43.758] [7] [ Info] [Eco] Конвертация мира в новый формат...  
[20:36:41.289] [7] [ Info] [Eco] Инициализация мира...  
[20:36:41.681] [7] [ Info] [Eco] Запуск ПлагинВремени...  
[20:36:41.681] [7] [ Info] [Eco] Загружаем Time...  
[20:36:41.687] [7] [ Info] [Eco] Запуск ПлагинРепутации...  
[20:36:41.687] [7] [ Info] [Eco] Загружаем Reputation...  
[20:36:41.687] [7] [ Info] [Eco] Запуск МенеджерЖильяИгроков...  
[20:36:41.703] [7] [ Info] [Eco] Запуск МенеджерПользователей...  
[20:36:41.755] [7] [ Info] [Eco] Загружаем Users...  
[20:36:42.011] [7] [ Info] [Eco] Инициализация инвентарей...  
[20:36:42.057] [7] [ Info] [Eco] Запуск МенеджерОбъектовЭко...  
[20:36:42.064] [9] [ Info] [Eco] Запуск ПлагинМусора...  
[20:36:42.064] [5] [ Info] [Eco] Запуск МенеджерКонтроллера...  
[20:36:42.064] [16] [ Info] [Eco] Запуск ПлагинУгроз...  
[20:36:42.064] [6] [ Info] [Eco] Запуск СерверЧата...  
[20:36:42.064] [22] [ Info] [Eco] Запуск НастройкиСложности...  
[20:36:42.064] [29] [ Info] [Eco] Запуск VoiceManager...  
[20:36:42.064] [9] [ Info] [Eco] Загружаем Garbage...  
[20:36:42.064] [7] [ Info] [Eco] Запуск ПлагинЭкономики...  
[20:36:42.116] [16] [ Info] [Eco] Загружаем Disasters...  
[20:36:42.116] [7] [ Info] [Eco] Загружаем Economy...  
[20:36:42.182] [6] [ Info] [Eco] Не удалось добавить команду "/nid-announce" обработчика "AnnouncementsChat"; 
[20:36:42.186] [6] [ Info] [Eco] Команда "/nid-announce" уже существует в обработчике "AnnouncementsChat". 
[20:36:42.247] [6] [ Info] [Eco] Не удалось добавить команду "/nid-announcepopupok" обработчика "AnnouncementsChat"; 
[20:36:42.367] [6] [ Info] [Eco] Команда "/nid-announcepopupok" уже существует в обработчике "AnnouncementsChat". 
[20:36:42.384] [6] [ Info] [Eco] Не удалось добавить команду "/nid-announcepopup" обработчика "AnnouncementsChat"; 
[20:36:42.384] [6] [ Info] [Eco] Команда "/nid-announcepopup" уже существует в обработчике "AnnouncementsChat". 
[20:36:42.391] [6] [ Info] [Eco] Не удалось добавить команду "/nid-sendpopup" обработчика "AnnouncementsChat"; 
[20:36:42.391] [6] [ Info] [Eco] Команда "/nid-sendpopup" уже существует в обработчике "AnnouncementsChat". 
[20:36:42.391] [6] [ Info] [Eco] Не удалось добавить команду "/nid-logchat" обработчика "AnnouncementsChat"; 
[20:36:42.391] [6] [ Info] [Eco] Команда "/nid-logchat" уже существует в обработчике "AnnouncementsChat". 
[20:36:42.391] [6] [ Info] [Eco] Не удалось добавить команду "/nid-setspawn" обработчика "Gameplay"; 
[20:36:42.391] [6] [ Info] [Eco] Команда "/nid-setspawn" уже существует в обработчике "Gameplay". 
[20:36:42.391] [6] [ Info] [Eco] Не удалось добавить команду "/nid-settime" обработчика "Gameplay"; 
[20:36:42.408] [6] [ Info] [Eco] Команда "/nid-settime" уже существует в обработчике "Gameplay". 
[20:36:42.408] [6] [ Info] [Eco] Не удалось добавить команду "/nid-sethome" обработчика "Homes"; 
[20:36:42.408] [6] [ Info] [Eco] Команда "/nid-sethome" уже существует в обработчике "Homes". 
[20:36:42.408] [6] [ Info] [Eco] Не удалось добавить команду "/nid-gohome" обработчика "Homes"; 
[20:36:42.408] [6] [ Info] [Eco] Команда "/nid-gohome" уже существует в обработчике "Homes". 
[20:36:42.423] [6] [ Info] [Eco] Не удалось добавить команду "/nid-hometimerenable" обработчика "Homes"; 
[20:36:42.423] [6] [ Info] [Eco] Команда "/nid-hometimerenable" уже существует в обработчике "Homes". 
[20:36:42.423] [6] [ Info] [Eco] Не удалось добавить команду "/nid-hometimerdisable" обработчика "Homes"; 
[20:36:42.423] [7] [ Info] [Eco] Запуск Законодательство...  
[20:36:42.423] [6] [ Info] [Eco] Команда "/nid-hometimerdisable" уже существует в обработчике "Homes". 
[20:36:42.439] [6] [ Info] [Eco] Не удалось добавить команду "/nid-sethometimer" обработчика "Homes"; 
[20:36:42.439] [7] [ Info] [Eco] Загружаем Laws...  
[20:36:42.439] [6] [ Info] [Eco] Команда "/nid-sethometimer" уже существует в обработчике "Homes". 
[20:36:42.439] [6] [ Info] [Eco] Не удалось добавить команду "/nid-hometimerreset" обработчика "Homes"; 
[20:36:42.439] [6] [ Info] [Eco] Команда "/nid-hometimerreset" уже существует в обработчике "Homes". 
[20:36:42.439] [6] [ Info] [Eco] Не удалось добавить команду "/nid-hometimerresetall" обработчика "Homes"; 
[20:36:42.439] [6] [ Info] [Eco] Команда "/nid-hometimerresetall" уже существует в обработчике "Homes". 
[20:36:42.455] [6] [ Info] [Eco] Не удалось добавить команду "/nid-gospawn" обработчика "Homes"; 
[20:36:42.455] [6] [ Info] [Eco] Команда "/nid-gospawn" уже существует в обработчике "Homes". 
[20:36:42.455] [6] [ Info] [Eco] Не удалось добавить команду "/nid-homerequirecalories" обработчика "Homes"; 
[20:36:42.455] [6] [ Info] [Eco] Команда "/nid-homerequirecalories" уже существует в обработчике "Homes". 
[20:36:42.455] [6] [ Info] [Eco] Не удалось добавить команду "/nid-homerequirecost" обработчика "Homes"; 
[20:36:42.455] [6] [ Info] [Eco] Команда "/nid-homerequirecost" уже существует в обработчике "Homes". 
[20:36:42.469] [6] [ Info] [Eco] Не удалось добавить команду "/nid-homecostamount" обработчика "Homes"; 
[20:36:42.469] [6] [ Info] [Eco] Команда "/nid-homecostamount" уже существует в обработчике "Homes". 
[20:36:42.469] [6] [ Info] [Eco] Не удалось добавить команду "/nid-homecaloriesamount" обработчика "Homes"; 
[20:36:42.469] [6] [ Info] [Eco] Команда "/nid-homecaloriesamount" уже существует в обработчике "Homes". 
[20:36:42.469] [6] [ Info] [Eco] Не удалось добавить команду "/nid-iplogenable" обработчика "IpLogger"; 
[20:36:42.469] [6] [ Info] [Eco] Команда "/nid-iplogenable" уже существует в обработчике "IpLogger". 
[20:36:42.484] [6] [ Info] [Eco] Не удалось добавить команду "/nid-iplogdisable" обработчика "IpLogger"; 
[20:36:42.484] [6] [ Info] [Eco] Команда "/nid-iplogdisable" уже существует в обработчике "IpLogger". 
[20:36:42.484] [6] [ Info] [Eco] Не удалось добавить команду "/nid-csvenable" обработчика "IpLogger"; 
[20:36:42.484] [6] [ Info] [Eco] Команда "/nid-csvenable" уже существует в обработчике "IpLogger". 
[20:36:42.484] [6] [ Info] [Eco] Не удалось добавить команду "/nid-csvdisable" обработчика "IpLogger"; 
[20:36:42.484] [6] [ Info] [Eco] Команда "/nid-csvdisable" уже существует в обработчике "IpLogger". 
[20:36:42.484] [6] [ Info] [Eco] Не удалось добавить команду "/nid-ip" обработчика "IpLogger"; 
[20:36:42.484] [6] [ Info] [Eco] Команда "/nid-ip" уже существует в обработчике "IpLogger". 
[20:36:42.501] [6] [ Info] [Eco] Не удалось добавить команду "/nid-sameip" обработчика "IpLogger"; 
[20:36:42.501] [6] [ Info] [Eco] Команда "/nid-sameip" уже существует в обработчике "IpLogger". 
[20:36:42.501] [6] [ Info] [Eco] Не удалось добавить команду "/nid-motdenable" обработчика "Motd"; 
[20:36:42.501] [6] [ Info] [Eco] Команда "/nid-motdenable" уже существует в обработчике "Motd". 
[20:36:42.501] [6] [ Info] [Eco] Не удалось добавить команду "/nid-motddisable" обработчика "Motd"; 
[20:36:42.501] [6] [ Info] [Eco] Команда "/nid-motddisable" уже существует в обработчике "Motd". 
[20:36:42.501] [6] [ Info] [Eco] Не удалось добавить команду "/nid-motdshowpopup" обработчика "Motd"; 
[20:36:42.515] [6] [ Info] [Eco] Команда "/nid-motdshowpopup" уже существует в обработчике "Motd". 
[20:36:42.515] [6] [ Info] [Eco] Не удалось добавить команду "/nid-motdshowinchat" обработчика "Motd"; 
[20:36:42.515] [6] [ Info] [Eco] Команда "/nid-motdshowinchat" уже существует в обработчике "Motd". 
[20:36:42.515] [6] [ Info] [Eco] Не удалось добавить команду "/nid-motdsetmsg" обработчика "Motd"; 
[20:36:42.515] [6] [ Info] [Eco] Команда "/nid-motdsetmsg" уже существует в обработчике "Motd". 
[20:36:42.515] [6] [ Info] [Eco] Не удалось добавить команду "/nid-motdsettitle" обработчика "Motd"; 
[20:36:42.515] [6] [ Info] [Eco] Команда "/nid-motdsettitle" уже существует в обработчике "Motd". 
[20:36:42.531] [6] [ Info] [Eco] Не удалось добавить команду "/nid-motdshow" обработчика "Motd"; 
[20:36:42.531] [6] [ Info] [Eco] Команда "/nid-motdshow" уже существует в обработчике "Motd". 
[20:36:42.531] [6] [ Info] [Eco] Не удалось добавить команду "/nid-mute" обработчика "Preventables"; 
[20:36:42.531] [6] [ Info] [Eco] Команда "/nid-mute" уже существует в обработчике "Preventables". 
[20:36:42.531] [6] [ Info] [Eco] Не удалось добавить команду "/nid-preventchopping" обработчика "Preventables"; 
[20:36:42.531] [6] [ Info] [Eco] Команда "/nid-preventchopping" уже существует в обработчике "Preventables". 
[20:36:42.531] [6] [ Info] [Eco] Не удалось добавить команду "/nid-preventclaiming" обработчика "Preventables"; 
[20:36:42.531] [6] [ Info] [Eco] Команда "/nid-preventclaiming" уже существует в обработчике "Preventables". 
[20:36:42.531] [7] [ Info] [Eco] Запуск МенеджерСобственности...  
[20:36:42.553] [6] [ Info] [Eco] Не удалось добавить команду "/nid-preventmining" обработчика "Preventables"; 
[20:36:42.553] [6] [ Info] [Eco] Команда "/nid-preventmining" уже существует в обработчике "Preventables". 
[20:36:42.553] [6] [ Info] [Eco] Не удалось добавить команду "/nid-banplayertemporary" обработчика "Preventables"; 
[20:36:42.553] [6] [ Info] [Eco] Команда "/nid-banplayertemporary" уже существует в обработчике "Preventables". 
[20:36:42.561] [6] [ Info] [Eco] Не удалось добавить команду "/nid-unbanplayertemporary" обработчика "Preventables"; 
[20:36:42.561] [7] [ Info] [Eco] Запуск МенеджерМиникарты...  
[20:36:42.561] [6] [ Info] [Eco] Команда "/nid-unbanplayertemporary" уже существует в обработчике "Preventables". 
[20:36:42.561] [6] [ Info] [Eco] Не удалось добавить команду "/nid-unmute" обработчика "Preventables"; 
[20:36:42.561] [6] [ Info] [Eco] Команда "/nid-unmute" уже существует в обработчике "Preventables". 
[20:36:42.561] [6] [ Info] [Eco] Не удалось добавить команду "/nid-allowchopping" обработчика "Preventables"; 
[20:36:42.561] [6] [ Info] [Eco] Команда "/nid-allowchopping" уже существует в обработчике "Preventables". 
[20:36:42.561] [6] [ Info] [Eco] Не удалось добавить команду "/nid-allowmining" обработчика "Preventables"; 
[20:36:42.561] [7] [ Info] [Eco] Запуск СимуляцияЭко...  
[20:36:42.561] [6] [ Info] [Eco] Команда "/nid-allowmining" уже существует в обработчике "Preventables". 
[20:36:42.580] [6] [ Info] [Eco] Не удалось добавить команду "/nid-allowclaiming" обработчика "Preventables"; 
[20:36:42.580] [6] [ Info] [Eco] Команда "/nid-allowclaiming" уже существует в обработчике "Preventables". 
[20:36:42.580] [6] [ Info] [Eco] Не удалось добавить команду "/nid-listtempbans" обработчика "Preventables"; 
[20:36:42.580] [6] [ Info] [Eco] Команда "/nid-listtempbans" уже существует в обработчике "Preventables". 
[20:36:42.580] [6] [ Info] [Eco] Не удалось добавить команду "/nid-claimplot" обработчика "Property"; 
[20:36:42.580] [6] [ Info] [Eco] Команда "/nid-claimplot" уже существует в обработчике "Property". 
[20:36:42.594] [6] [ Info] [Eco] Не удалось добавить команду "/nid-addtodeed" обработчика "Property"; 
[20:36:42.594] [6] [ Info] [Eco] Команда "/nid-addtodeed" уже существует в обработчике "Property". 
[20:36:42.594] [6] [ Info] [Eco] Не удалось добавить команду "/nid-removefromdeed" обработчика "Property"; 
[20:36:42.594] [6] [ Info] [Eco] Команда "/nid-removefromdeed" уже существует в обработчике "Property". 
[20:36:42.594] [6] [ Info] [Eco] Не удалось добавить команду "/nid-repairallrooms" обработчика "Property"; 
[20:36:42.594] [6] [ Info] [Eco] Команда "/nid-repairallrooms" уже существует в обработчике "Property". 
[20:36:42.594] [6] [ Info] [Eco] Не удалось добавить команду "/nid-unclaim" обработчика "Property"; 
[20:36:42.594] [6] [ Info] [Eco] Команда "/nid-unclaim" уже существует в обработчике "Property". 
[20:36:42.608] [6] [ Info] [Eco] Не удалось добавить команду "/nid-unclaimabandoned" обработчика "Property"; 
[20:36:42.608] [6] [ Info] [Eco] Команда "/nid-unclaimabandoned" уже существует в обработчике "Property". 
[20:36:42.608] [6] [ Info] [Eco] Не удалось добавить команду "/nid-unclaimplayer" обработчика "Property"; 
[20:36:42.608] [6] [ Info] [Eco] Команда "/nid-unclaimplayer" уже существует в обработчике "Property". 
[20:36:42.608] [6] [ Info] [Eco] Не удалось добавить команду "/nid-transferallclaims" обработчика "Property"; 
[20:36:42.608] [6] [ Info] [Eco] Команда "/nid-transferallclaims" уже существует в обработчике "Property". 
[20:36:42.608] [6] [ Info] [Eco] Не удалось добавить команду "/nid-changedeedowner" обработчика "Property"; 
[20:36:42.625] [6] [ Info] [Eco] Команда "/nid-changedeedowner" уже существует в обработчике "Property". 
[20:36:42.625] [6] [ Info] [Eco] Не удалось добавить команду "/nid-vehicleunclaim" обработчика "Property"; 
[20:36:42.625] [6] [ Info] [Eco] Команда "/nid-vehicleunclaim" уже существует в обработчике "Property". 
[20:36:42.625] [6] [ Info] [Eco] Не удалось добавить команду "/nid-vehicleclaim" обработчика "Property"; 
[20:36:42.625] [6] [ Info] [Eco] Команда "/nid-vehicleclaim" уже существует в обработчике "Property". 
[20:36:42.625] [6] [ Info] [Eco] Не удалось добавить команду "/nid-unclaimallplayervehicles" обработчика "Property"; 
[20:36:42.640] [6] [ Info] [Eco] Команда "/nid-unclaimallplayervehicles" уже существует в обработчике "Property". 
[20:36:42.640] [6] [ Info] [Eco] Не удалось добавить команду "/nid-vehicleslistplayer" обработчика "Property"; 
[20:36:42.640] [6] [ Info] [Eco] Команда "/nid-vehicleslistplayer" уже существует в обработчике "Property". 
[20:36:42.640] [6] [ Info] [Eco] Не удалось добавить команду "/nid-vehicleslist" обработчика "Property"; 
[20:36:42.640] [6] [ Info] [Eco] Команда "/nid-vehicleslist" уже существует в обработчике "Property". 
[20:36:42.640] [6] [ Info] [Eco] Не удалось добавить команду "/nid-vehicleslistunowned" обработчика "Property"; 
[20:36:42.640] [6] [ Info] [Eco] Команда "/nid-vehicleslistunowned" уже существует в обработчике "Property". 
[20:36:42.640] [6] [ Info] [Eco] Не удалось добавить команду "/nid-vehiclestransferall" обработчика "Property"; 
[20:36:42.655] [6] [ Info] [Eco] Команда "/nid-vehiclestransferall" уже существует в обработчике "Property". 
[20:36:42.655] [6] [ Info] [Eco] Не удалось добавить команду "/nid-setrules" обработчика "Rules"; 
[20:36:42.655] [6] [ Info] [Eco] Команда "/nid-setrules" уже существует в обработчике "Rules". 
[20:36:42.655] [6] [ Info] [Eco] Не удалось добавить команду "/nid-rules" обработчика "Rules"; 
[20:36:42.655] [6] [ Info] [Eco] Команда "/nid-rules" уже существует в обработчике "Rules". 
[20:36:42.655] [6] [ Info] [Eco] Не удалось добавить команду "/nid-rulesaccept" обработчика "Rules"; 
[20:36:42.655] [6] [ Info] [Eco] Команда "/nid-rulesaccept" уже существует в обработчике "Rules". 
[20:36:42.655] [6] [ Info] [Eco] Не удалось добавить команду "/nid-rulesplayers" обработчика "Rules"; 
[20:36:42.674] [6] [ Info] [Eco] Команда "/nid-rulesplayers" уже существует в обработчике "Rules". 
[20:36:42.674] [7] [ Info] [Eco] Загружаем Plants...  
[20:36:42.674] [6] [ Info] [Eco] Не удалось добавить команду "/nid-rulesenforce" обработчика "Rules"; 
[20:36:42.674] [6] [ Info] [Eco] Команда "/nid-rulesenforce" уже существует в обработчике "Rules". 
[20:36:42.674] [6] [ Info] [Eco] Не удалось добавить команду "/nid-rulesforcepass" обработчика "Rules"; 
[20:36:42.686] [6] [ Info] [Eco] Команда "/nid-rulesforcepass" уже существует в обработчике "Rules". 
[20:36:42.686] [6] [ Info] [Eco] Не удалось добавить команду "/nid-rulespreventclaim" обработчика "Rules"; 
[20:36:42.686] [6] [ Info] [Eco] Команда "/nid-rulespreventclaim" уже существует в обработчике "Rules". 
[20:36:42.686] [6] [ Info] [Eco] Не удалось добавить команду "/nid-rulessetpass" обработчика "Rules"; 
[20:36:42.686] [6] [ Info] [Eco] Команда "/nid-rulessetpass" уже существует в обработчике "Rules". 
[20:36:42.686] [6] [ Info] [Eco] Не удалось добавить команду "/nid-rulesshowpass" обработчика "Rules"; 
[20:36:42.686] [6] [ Info] [Eco] Команда "/nid-rulesshowpass" уже существует в обработчике "Rules". 
[20:36:42.704] [6] [ Info] [Eco] Не удалось добавить команду "/nid-scheduledenable" обработчика "ScheduledMessages"; 
[20:36:42.704] [6] [ Info] [Eco] Команда "/nid-scheduledenable" уже существует в обработчике "ScheduledMessages". 
[20:36:42.704] [6] [ Info] [Eco] Не удалось добавить команду "/nid-scheduleddisable" обработчика "ScheduledMessages"; 
[20:36:42.704] [6] [ Info] [Eco] Команда "/nid-scheduleddisable" уже существует в обработчике "ScheduledMessages". 
[20:36:42.704] [6] [ Info] [Eco] Не удалось добавить команду "/nid-scheduledlist" обработчика "ScheduledMessages"; 
[20:36:42.704] [6] [ Info] [Eco] Команда "/nid-scheduledlist" уже существует в обработчике "ScheduledMessages". 
[20:36:42.704] [6] [ Info] [Eco] Не удалось добавить команду "/nid-scheduledset" обработчика "ScheduledMessages"; 
[20:36:42.718] [6] [ Info] [Eco] Команда "/nid-scheduledset" уже существует в обработчике "ScheduledMessages". 
[20:36:42.718] [6] [ Info] [Eco] Не удалось добавить команду "/nid-scheduleddelete" обработчика "ScheduledMessages"; 
[20:36:42.718] [6] [ Info] [Eco] Команда "/nid-scheduleddelete" уже существует в обработчике "ScheduledMessages". 
[20:36:42.718] [6] [ Info] [Eco] Не удалось добавить команду "/nid-scheduledtime" обработчика "ScheduledMessages"; 
[20:36:42.718] [6] [ Info] [Eco] Команда "/nid-scheduledtime" уже существует в обработчике "ScheduledMessages". 
[20:36:42.718] [6] [ Info] [Eco] Не удалось добавить команду "/nid-debrisreport" обработчика "ServerClean"; 
[20:36:42.734] [6] [ Info] [Eco] Команда "/nid-debrisreport" уже существует в обработчике "ServerClean". 
[20:36:42.734] [6] [ Info] [Eco] Не удалось добавить команду "/nid-clearrubble" обработчика "ServerClean"; 
[20:36:42.734] [6] [ Info] [Eco] Команда "/nid-clearrubble" уже существует в обработчике "ServerClean". 
[20:36:42.734] [6] [ Info] [Eco] Не удалось добавить команду "/nid-cleartreedebris" обработчика "ServerClean"; 
[20:36:42.734] [6] [ Info] [Eco] Команда "/nid-cleartreedebris" уже существует в обработчике "ServerClean". 
[20:36:42.751] [6] [ Info] [Eco] Не удалось добавить команду "/nid-resetplayer" обработчика "Skills"; 
[20:36:42.751] [6] [ Info] [Eco] Команда "/nid-resetplayer" уже существует в обработчике "Skills". 
[20:36:42.751] [6] [ Info] [Eco] Не удалось добавить команду "/nid-giveskillpoints" обработчика "Skills"; 
[20:36:42.751] [6] [ Info] [Eco] Команда "/nid-giveskillpoints" уже существует в обработчике "Skills". 
[20:36:42.751] [6] [ Info] [Eco] Не удалось добавить команду "/nid-givespecpoint" обработчика "Skills"; 
[20:36:42.765] [6] [ Info] [Eco] Команда "/nid-givespecpoint" уже существует в обработчике "Skills". 
[20:36:42.765] [6] [ Info] [Eco] Не удалось добавить команду "/nid-setjoblevel" обработчика "Skills"; 
[20:36:42.784] [6] [ Info] [Eco] Команда "/nid-setjoblevel" уже существует в обработчике "Skills". 
[20:36:42.784] [6] [ Info] [Eco] Не удалось добавить команду "/nid-resetjob" обработчика "Skills"; 
[20:36:42.784] [6] [ Info] [Eco] Команда "/nid-resetjob" уже существует в обработчике "Skills". 
[20:36:42.784] [6] [ Info] [Eco] Не удалось добавить команду "/nid-resettalents" обработчика "Skills"; 
[20:36:42.797] [6] [ Info] [Eco] Команда "/nid-resettalents" уже существует в обработчике "Skills". 
[20:36:42.797] [6] [ Info] [Eco] Не удалось добавить команду "/nid-lawbancurrency" обработчика "Legal"; 
[20:36:42.797] [6] [ Info] [Eco] Команда "/nid-lawbancurrency" уже существует в обработчике "Legal". 
[20:36:42.797] [6] [ Info] [Eco] Не удалось добавить команду "/nid-work" обработчика "Player"; 
[20:36:42.797] [6] [ Info] [Eco] Команда "/nid-work" уже существует в обработчике "Player". 
[20:36:42.797] [6] [ Info] [Eco] Не удалось добавить команду "/nid-teleport" обработчика "Player"; 
[20:36:42.815] [6] [ Info] [Eco] Команда "/nid-teleport" уже существует в обработчике "Player". 
[20:36:42.815] [6] [ Info] [Eco] Не удалось добавить команду "/nid-teleporttosomeone" обработчика "Player"; 
[20:36:42.815] [6] [ Info] [Eco] Команда "/nid-teleporttosomeone" уже существует в обработчике "Player". 
[20:36:42.830] [6] [ Info] [Eco] Не удалось добавить команду "/nid-teleportatob" обработчика "Player"; 
[20:36:42.830] [6] [ Info] [Eco] Команда "/nid-teleportatob" уже существует в обработчике "Player". 
[20:36:42.830] [6] [ Info] [Eco] Не удалось добавить команду "/nid-teleporttargetto" обработчика "Player"; 
[20:36:42.844] [6] [ Info] [Eco] Команда "/nid-teleporttargetto" уже существует в обработчике "Player". 
[20:36:42.844] [6] [ Info] [Eco] Не удалось добавить команду "/nid-fly" обработчика "Player"; 
[20:36:42.844] [6] [ Info] [Eco] Команда "/nid-fly" уже существует в обработчике "Player". 
[20:36:42.844] [6] [ Info] [Eco] Не удалось добавить команду "/nid-ban" обработчика "Player"; 
[20:36:42.844] [6] [ Info] [Eco] Команда "/nid-ban" уже существует в обработчике "Player". 
[20:36:42.858] [6] [ Info] [Eco] Не удалось добавить команду "/nid-kick" обработчика "Player"; 
[20:36:42.858] [6] [ Info] [Eco] Команда "/nid-kick" уже существует в обработчике "Player". 
[20:36:42.858] [6] [ Info] [Eco] Не удалось добавить команду "/nid-issuewarn" обработчика "Player"; 
[20:36:42.858] [6] [ Info] [Eco] Команда "/nid-issuewarn" уже существует в обработчике "Player". 
[20:36:42.858] [6] [ Info] [Eco] Не удалось добавить команду "/nid-showlog" обработчика "Settings"; 
[20:36:42.876] [6] [ Info] [Eco] Команда "/nid-showlog" уже существует в обработчике "Settings". 
[20:36:42.876] [6] [ Info] [Eco] Не удалось добавить команду "/nid-setserverchangelog" обработчика "Settings"; 
[20:36:42.876] [6] [ Info] [Eco] Команда "/nid-setserverchangelog" уже существует в обработчике "Settings". 
[20:36:42.876] [6] [ Info] [Eco] Не удалось добавить команду "/nid-reload" обработчика "Settings"; 
[20:36:42.876] [6] [ Info] [Eco] Команда "/nid-reload" уже существует в обработчике "Settings". 
[20:36:42.876] [6] [ Info] [Eco] Не удалось добавить команду "/nid-setpermission" обработчика "Settings"; 
[20:36:42.895] [6] [ Info] [Eco] Команда "/nid-setpermission" уже существует в обработчике "Settings". 
[20:36:42.895] [6] [ Info] [Eco] Не удалось добавить команду "/nid-usercurrencies" обработчика "Finances"; 
[20:36:42.895] [6] [ Info] [Eco] Команда "/nid-usercurrencies" уже существует в обработчике "Finances". 
[20:36:42.895] [6] [ Info] [Eco] Не удалось добавить команду "/nid-userbankaccounts" обработчика "Finances"; 
[20:36:42.909] [6] [ Info] [Eco] Команда "/nid-userbankaccounts" уже существует в обработчике "Finances". 
[20:36:42.909] [6] [ Info] [Eco] Не удалось добавить команду "/nid-deductaccount" обработчика "Finances"; 
[20:36:42.909] [6] [ Info] [Eco] Команда "/nid-deductaccount" уже существует в обработчике "Finances". 
[20:36:42.909] [6] [ Info] [Eco] Не удалось добавить команду "/nid-zerooutcurrency" обработчика "Finances"; 
[20:36:42.909] [6] [ Info] [Eco] Команда "/nid-zerooutcurrency" уже существует в обработчике "Finances". 
[20:36:42.928] [6] [ Info] [Eco] Не удалось добавить команду "/nid-zerooutcredits" обработчика "Finances"; 
[20:36:42.928] [6] [ Info] [Eco] Команда "/nid-zerooutcredits" уже существует в обработчике "Finances". 
[20:36:42.928] [6] [ Info] [Eco] Не удалось добавить команду "/nid-addaccountmanager" обработчика "Finances"; 
[20:36:42.936] [6] [ Info] [Eco] Команда "/nid-addaccountmanager" уже существует в обработчике "Finances". 
[20:36:42.936] [6] [ Info] [Eco] Не удалось добавить команду "/nid-removeaccountmanager" обработчика "Finances"; 
[20:36:42.936] [6] [ Info] [Eco] Команда "/nid-removeaccountmanager" уже существует в обработчике "Finances". 
[20:36:42.936] [6] [ Info] [Eco] Не удалось добавить команду "/nid-addaccountuser" обработчика "Finances"; 
[20:36:42.936] [6] [ Info] [Eco] Команда "/nid-addaccountuser" уже существует в обработчике "Finances". 
[20:36:42.952] [6] [ Info] [Eco] Не удалось добавить команду "/nid-removeaccountuser" обработчика "Finances"; 
[20:36:42.952] [6] [ Info] [Eco] Команда "/nid-removeaccountuser" уже существует в обработчике "Finances". 
[20:36:42.952] [6] [ Info] [Eco] Не удалось добавить команду "/nid-createaccount" обработчика "Finances"; 
[20:36:42.952] [6] [ Info] [Eco] Команда "/nid-createaccount" уже существует в обработчике "Finances". 
[20:36:42.967] [6] [ Info] [Eco] Не удалось добавить команду "/nid-deleteaccount" обработчика "Finances"; 
[20:36:42.967] [6] [ Info] [Eco] Команда "/nid-deleteaccount" уже существует в обработчике "Finances". 
[20:36:42.967] [6] [ Info] [Eco] Не удалось добавить команду "/nid-setaccountowner" обработчика "Finances"; 
[20:36:42.967] [6] [ Info] [Eco] Команда "/nid-setaccountowner" уже существует в обработчике "Finances". 
[20:36:42.967] [6] [ Info] [Eco] Не удалось добавить команду "/nid-deletecontract" обработчика "Finances"; 
[20:36:42.985] [6] [ Info] [Eco] Команда "/nid-deletecontract" уже существует в обработчике "Finances". 
[20:36:42.985] [6] [ Info] [Eco] Не удалось добавить команду "/nid-addmoderator" обработчика "PlayerGroups"; 
[20:36:42.985] [6] [ Info] [Eco] Команда "/nid-addmoderator" уже существует в обработчике "PlayerGroups". 
[20:36:42.985] [6] [ Info] [Eco] Не удалось добавить команду "/nid-removemoderator" обработчика "PlayerGroups"; 
[20:36:42.985] [6] [ Info] [Eco] Команда "/nid-removemoderator" уже существует в обработчике "PlayerGroups". 
[20:36:42.999] [6] [ Info] [Eco] Не удалось добавить команду "/nid-listmods" обработчика "PlayerGroups"; 
[20:36:42.999] [6] [ Info] [Eco] Команда "/nid-listmods" уже существует в обработчике "PlayerGroups". 
[20:36:42.999] [6] [ Info] [Eco] Не удалось добавить команду "/nid-listall" обработчика "PlayerGroups"; 
[20:36:42.999] [6] [ Info] [Eco] Команда "/nid-listall" уже существует в обработчике "PlayerGroups". 
[20:36:42.999] [6] [ Info] [Eco] Не удалось добавить команду "/nid-perdemographic" обработчика "PlayerGroups"; 
[20:36:42.999] [6] [ Info] [Eco] Команда "/nid-perdemographic" уже существует в обработчике "PlayerGroups". 
[20:36:43.017] [6] [ Info] [Eco] Не удалось добавить команду "/nid-listinactive" обработчика "PlayerGroups"; 
[20:36:43.017] [6] [ Info] [Eco] Команда "/nid-listinactive" уже существует в обработчике "PlayerGroups". 
[20:36:43.017] [6] [ Info] [Eco] Не удалось добавить команду "/nid-timermsgenable" обработчика "TimerMessages"; 
[20:36:43.017] [6] [ Info] [Eco] Команда "/nid-timermsgenable" уже существует в обработчике "TimerMessages". 
[20:36:43.017] [6] [ Info] [Eco] Не удалось добавить команду "/nid-timermsgdisable" обработчика "TimerMessages"; 
[20:36:43.031] [6] [ Info] [Eco] Команда "/nid-timermsgdisable" уже существует в обработчике "TimerMessages". 
[20:36:43.031] [6] [ Info] [Eco] Не удалось добавить команду "/nid-configtimersreload" обработчика "TimerMessages"; 
[20:36:43.031] [6] [ Info] [Eco] Команда "/nid-configtimersreload" уже существует в обработчике "TimerMessages". 
[20:36:43.031] [6] [ Info] [Eco] Не удалось добавить команду "/nid-checktimers" обработчика "TimerMessages"; 
[20:36:43.031] [6] [ Info] [Eco] Команда "/nid-checktimers" уже существует в обработчике "TimerMessages". 
[20:36:43.050] [6] [ Info] [Eco] Не удалось добавить команду "/nid-settimermsg" обработчика "TimerMessages"; 
[20:36:43.050] [6] [ Info] [Eco] Команда "/nid-settimermsg" уже существует в обработчике "TimerMessages". 
[20:36:43.050] [6] [ Info] [Eco] Не удалось добавить команду "/nid-deltimermsg" обработчика "TimerMessages"; 
[20:36:43.050] [6] [ Info] [Eco] Команда "/nid-deltimermsg" уже существует в обработчике "TimerMessages". 
[20:36:43.064] [6] [ Info] [Eco] Не удалось добавить команду "/nid-changedeftimermsg" обработчика "TimerMessages"; 
[20:36:43.064] [6] [ Info] [Eco] Команда "/nid-changedeftimermsg" уже существует в обработчике "TimerMessages". 
[20:36:43.064] [6] [ Info] [Eco] Не удалось добавить команду "/nid-changerunningtimermsg" обработчика "TimerMessages"; 
[20:36:43.064] [6] [ Info] [Eco] Команда "/nid-changerunningtimermsg" уже существует в обработчике "TimerMessages". 
[20:36:43.064] [6] [ Info] [Eco] Не удалось добавить команду "/nid-help" обработчика "GeneralCommands"; 
[20:36:43.077] [6] [ Info] [Eco] Команда "/nid-help" уже существует в обработчике "GeneralCommands". 
[20:36:43.077] [6] [ Info] [Eco] Не удалось добавить команду "/nid-allowedcomms" обработчика "GeneralCommands"; 
[20:36:43.077] [6] [ Info] [Eco] Команда "/nid-allowedcomms" уже существует в обработчике "GeneralCommands". 
[20:36:46.926] [6] [ Info] [Eco] Загружаем Chat...  
[20:36:46.926] [7] [ Info] [Eco] Инициализация растений...  
[20:36:51.938] [7] [ Info] [Eco] Запуск RouteProbingPlugin...  
[20:36:51.938] [7] [ Info] [Eco] Загружаем RouteProbing...  
[20:36:56.080] [7] [ Info] [Eco] Запуск МенеджерСлоёвМира...  
[20:36:56.080] [7] [ Info] [Eco] Загружаем Layers...  
[20:36:57.128] [7] [ Info] [Eco] Инициализация слоёв мира...  
[20:37:02.353] [7] [ Info] [Eco] Запуск ТрекерЭкономики...  
[20:37:02.360] [7] [ Info] [Eco] Запуск UserTracker...  
[20:37:02.360] [7] [ Info] [Eco] Запуск МенеджерМировыхОбъектов...  
[20:37:02.466] [7] [ Info] [Eco] Загружаем WorldObjects...  
[20:37:02.478] [7] [ Info] [Eco] Запуск ПлагинКомнат...  
[20:37:02.493] [7] [ Info] [Eco] Запуск ПлагинЦелей...  
[20:37:02.493] [7] [ Info] [Eco] Загружаем Objectives...  
[20:37:02.503] [7] [ Info] [Eco] Запуск ПлагинСна...  
[20:37:02.503] [1] [ Info] [Eco] Запуск ПлагинВебСервера...  
[20:37:02.519] [1] [ Info] [Eco] Запуск OtherAliasCategory...  
[20:37:02.519] [17] [ Info] [Eco] Запуск Asphalt...  
[20:37:02.519] [15] [ Info] [Eco] Запуск NewTeleportation...  
[20:37:02.534] [13] [ Info] [Eco] Запуск ChatBase...  
[20:37:02.534] [29] [ Info] [Eco] Запуск DiscordLink...  
[20:37:02.534] [25] [ Info] [Eco] Запуск ПлагинТестовИнтеграции...  
[20:37:02.534] [24] [ Info] [Eco] Запуск NidToolboxPlugin...  
[20:37:02.534] [9] [ Info] [Eco] Запуск Daily...  
[20:37:02.546] [22] [ Info] [Eco] Запуск AFK...  
[20:37:02.546] [12] [ Info] [Eco] Запуск NidToolboxPlugin...  
[20:37:02.546] [19] [ Info] [Eco] Запуск Informatics...  
[20:37:02.546] [20] [ Info] [Eco] Запуск ExtendedUser...  
[20:37:02.668] [1] [ Info] [Eco] Инициализируем ПлагинПеревода...  
[20:37:02.673] [1] [ Info] [Eco] Инициализируем ПлагинНабораМодификаций...  
[20:37:03.041] [1] [ Info] [Eco] Инициализируем ПлагинГенератораМира...  
[20:37:03.041] [1] [ Info] [Eco] Инициализируем МенеджерПользователей...  
[20:37:03.107] [1] [ Info] [Eco] Инициализируем ПлагинМусора...  
[20:37:03.109] [1] [ Info] [Eco] Инициализируем ПлагинЭкономики...  
[20:37:03.128] [1] [ Info] [Eco] Инициализируем Законодательство...  
[20:37:03.759] [1] [ Info] [Eco] Инициализируем МенеджерСобственности...  
[20:37:03.769] [1] [ Info] [Eco] Инициализируем МенеджерМиникарты...  
[20:37:05.274] [1] [ Info] [Eco] Инициализируем UserTracker...  
[20:37:05.286] [1] [ Info] [Eco] Инициализируем МенеджерМировыхОбъектов...  
[20:37:05.441] [1] [ Info] [Eco] Инициализируем ПлагинКомнат...  
[20:37:05.441] [1] [ Info] [Eco] Инициализируем ПлагинСна...  
[20:37:05.441] [1] [ Info] [Eco] Инициализируем NewTeleportation...  
[20:37:05.454] [1] [ Info] [Eco] Инициализируем NidToolboxPlugin...  
[20:37:05.469] [1] [ Info] [NidToolbox] Checking declared file: Mods\NidToolbox\Texts\Motd.txt 
[20:37:05.469] [1] [ Info] [NidToolbox] Config file:  Mods\NidToolbox\Texts\Motd.txt exists. 
[20:37:05.469] [1] [ Info] [NidToolbox] Config file:  Mods\NidToolbox\Texts\Motd.txt readable. 
[20:37:05.469] [1] [ Info] [NidToolbox] Checking declared file: Mods\NidToolbox\Texts\Rules.txt 
[20:37:05.469] [1] [ Info] [NidToolbox] Config file:  Mods\NidToolbox\Texts\Rules.txt exists. 
[20:37:05.469] [1] [ Info] [NidToolbox] Config file:  Mods\NidToolbox\Texts\Rules.txt readable. 
[20:37:05.469] [1] [ Info] [NidToolbox] Checking declared file: Mods\NidToolbox\Texts\ServerChangelog.txt 
[20:37:05.485] [1] [ Info] [NidToolbox] Config file:  Mods\NidToolbox\Texts\ServerChangelog.txt exists. 
[20:37:05.485] [1] [ Info] [NidToolbox] Config file:  Mods\NidToolbox\Texts\ServerChangelog.txt readable. 
[20:37:05.632] [1] [ Info] [Eco] Инициализируем Daily...  
[20:37:05.632] [1] [ Info] [Eco] Инициализируем NidToolboxPlugin...  
[20:37:05.656] [1] [ Info] [Eco] Exception: JsonReaderException
Message:Error parsing NaN value. Path '', line 1, position 1.
Source:Newtonsoft.Json

Newtonsoft.Json.JsonReaderException: Error parsing NaN value. Path '', line 1, position 1.
   at Newtonsoft.Json.JsonTextReader.ParseNumberNaN(ReadType readType, Boolean matched)
   at Newtonsoft.Json.JsonTextReader.ParseValue()
   at Newtonsoft.Json.JsonReader.ReadForType(JsonContract contract, Boolean hasConverter)
   at Newtonsoft.Json.Serialization.JsonSerializerInternalReader.Deserialize(JsonReader reader, Type objectType, Boolean checkAdditionalContent)
   at Newtonsoft.Json.JsonSerializer.DeserializeInternal(JsonReader reader, Type objectType)
   at Newtonsoft.Json.JsonConvert.DeserializeObject(String value, Type type, JsonSerializerSettings settings)
   at Newtonsoft.Json.JsonConvert.DeserializeObject[T](String value, JsonSerializerSettings settings)
   at Asphalt.Storeable.CommonFileStorage.FileStorage.Get[T](String key) 
[20:37:05.656] [1] [ Info] [Eco] Server Initialization завершена за 111 784,6мс
 
[20:37:05.656] [1] [ Info] [Eco] Failed to load server, Exception was Exception: JsonReaderException
Message:Error parsing NaN value. Path '', line 1, position 1.
Source:Newtonsoft.Json

Newtonsoft.Json.JsonReaderException: Error parsing NaN value. Path '', line 1, position 1.
   at Newtonsoft.Json.JsonTextReader.ParseNumberNaN(ReadType readType, Boolean matched)
   at Newtonsoft.Json.JsonTextReader.ParseValue()
   at Newtonsoft.Json.JsonReader.ReadForType(JsonContract contract, Boolean hasConverter)
   at Newtonsoft.Json.Serialization.JsonSerializerInternalReader.Deserialize(JsonReader reader, Type objectType, Boolean checkAdditionalContent)
   at Newtonsoft.Json.JsonSerializer.DeserializeInternal(JsonReader reader, Type objectType)
   at Newtonsoft.Json.JsonConvert.DeserializeObject(String value, Type type, JsonSerializerSettings settings)
   at Newtonsoft.Json.JsonConvert.DeserializeObject[T](String value, JsonSerializerSettings settings)
   at Asphalt.Storeable.CommonFileStorage.FileStorage.Get[T](String key)
   at NidToolbox.Helpers.Updates.BuildLegacyTxtFilesNames()
   at NidToolbox.Helpers.Updates.UpdateOnInit()
   at NidToolbox.NidToolboxPlugin.Initialize(TimedTask timer)
   at InitializePlugins_Patch1(Object )
   at Eco.Server.PluginManager..ctor()
   at Eco.Server.Startup.Start(String[] args)
 
