[05:01:38.199] [1] [ Info] [Eco] >>> START EcoServer, Version=1.0.0.0, Culture=neutral, PublicKeyToken=null 
[05:01:38.228] [1] [ Info] [Eco] Eco Server 0.8.3.2 beta
 
[05:01:38.300] [1] [ Info] [Eco] Server Initialization...  
[05:01:38.300] [1] [ Info] [Eco] Starting LocalizationPlugin...  
[05:01:38.651] [1] [ Info] [Eco] Запуск ПлагинНабораМодификаций...  
[05:01:38.651] [1] [ Info] [Eco] Загрузка модификаций...  
[05:01:38.747] [1] [ Info] [Eco] Компилирование модификаций...  
[05:01:40.253] [1] [ Info] [Eco] Загружаем 0Harmony...
 
[05:01:40.253] [1] [ Info] [Eco] Загружаем Asphalt-ModKit...
 
[05:01:40.379] [1] [ Info] [Eco] Загружаем Eco.IntegrationTests...
 
[05:01:40.379] [1] [ Info] [Eco] Загружаем DiscordLinkUnified...
 
[05:01:40.433] [1] [ Info] [Eco] Загрузка модификаций завершена за 1 779,8мс
 
[05:01:40.436] [1] [ Info] [Eco] Запуск МенеджерСети...  
[05:01:40.436] [6] [ Info] [Eco] Инициализация типов симуляции...  
[05:01:40.512] [8] [ Info] [Eco] Запуск ПлагинГенератораМира...  
[05:01:40.512] [9] [ Info] [Eco] Запуск ПлагинРезервногоКопирования...  
[05:01:40.512] [11] [ Info] [Eco] Запуск ПлагинИгровойСтатистики...  
[05:01:40.519] [9] [ Info] [Eco] Запуск МенеджерХранилища...  
[05:01:41.820] [6] [ Info] [Eco] Инициализация предметов...  
[05:01:42.682] [9] [ Info] [Eco] Запуск Плагин паузы...  
[05:01:44.426] [6] [ Info] [Eco] Инициализация навыков...  
[05:01:44.513] [16] [ Info] [Eco] Запуск БДСтатистики...  
[05:01:44.514] [10] [ Info] [Eco] Запуск ПлагинМира...  
[05:01:44.558] [10] [ Info] [Eco] Загружаем World...  
[05:01:47.822] [10] [ Info] [Eco] Инициализация мира...  
[05:01:49.598] [10] [ Info] [Eco] Запуск ПлагинВремени...  
[05:01:49.598] [10] [ Info] [Eco] Загружаем Time...  
[05:01:49.598] [10] [ Info] [Eco] Запуск ПлагинРепутации...  
[05:01:49.598] [10] [ Info] [Eco] Загружаем Reputation...  
[05:01:49.620] [10] [ Info] [Eco] Запуск МенеджерЖильяИгроков...  
[05:01:49.620] [10] [ Info] [Eco] Запуск МенеджерПользователей...  
[05:01:49.661] [10] [ Info] [Eco] Загружаем Users...  
[05:01:49.977] [10] [ Info] [Eco] Инициализация инвентарей...  
[05:01:50.020] [10] [ Info] [Eco] Запуск МенеджерОбъектовЭко...  
[05:01:50.031] [10] [ Info] [Eco] Загружаем Objects...  
[05:01:50.205] [9] [ Info] [Eco] Запуск ПлагинМусора...  
[05:01:50.205] [11] [ Info] [Eco] Запуск НастройкиСложности...  
[05:01:50.205] [8] [ Info] [Eco] Запуск ПлагинУгроз...  
[05:01:50.205] [18] [ Info] [Eco] Запуск СерверЧата...  
[05:01:50.205] [21] [ Info] [Eco] Запуск МенеджерКонтроллера...  
[05:01:50.205] [35] [ Info] [Eco] Запуск VoiceManager...  
[05:01:50.205] [9] [ Info] [Eco] Загружаем Garbage...  
[05:01:50.205] [10] [ Info] [Eco] Запуск ПлагинЭкономики...  
[05:01:50.225] [10] [ Info] [Eco] Загружаем Economy...  
[05:01:50.615] [10] [ Info] [Eco] Запуск Законодательство...  
[05:01:50.615] [8] [ Info] [Eco] Загружаем Disasters...  
[05:01:50.615] [18] [ Info] [Eco] Загружаем Chat...  
[05:01:52.192] [10] [ Info] [Eco] Загружаем Laws...  
[05:01:52.274] [10] [ Info] [Eco] Запуск МенеджерСобственности...  
[05:01:52.282] [10] [ Info] [Eco] Загружаем Property...  
[05:01:52.399] [10] [ Info] [Eco] Запуск МенеджерМиникарты...  
[05:01:52.399] [10] [ Info] [Eco] Запуск СимуляцияЭко...  
[05:01:52.472] [10] [ Info] [Eco] Загружаем Plants...  
[05:01:53.715] [10] [ Info] [Eco] Инициализация растений...  
[05:01:59.532] [10] [ Info] [Eco] Запуск RouteProbingPlugin...  
[05:01:59.532] [10] [ Info] [Eco] Загружаем RouteProbing...  
[05:02:01.886] [10] [ Info] [Eco] Запуск МенеджерСлоёвМира...  
[05:02:01.889] [10] [ Info] [Eco] Загружаем Layers...  
[05:02:02.556] [10] [ Info] [Eco] Инициализация слоёв мира...  
[05:02:02.563] [10] [ Info] [Eco] Загружаем ClimateSim...  
[05:02:05.921] [10] [ Info] [Eco] Запуск ТрекерЭкономики...  
[05:02:05.921] [10] [ Info] [Eco] Запуск UserTracker...  
[05:02:05.921] [10] [ Info] [Eco] Запуск МенеджерМировыхОбъектов...  
[05:02:06.011] [10] [ Info] [Eco] Загружаем WorldObjects...  
[05:02:06.585] [10] [ Info] [Eco] Запуск ПлагинКомнат...  
[05:02:06.585] [10] [ Info] [Eco] Загружаем Rooms...  
[05:02:06.600] [10] [ Info] [Eco] Запуск ПлагинЦелей...  
[05:02:06.600] [10] [ Info] [Eco] Загружаем Objectives...  
[05:02:06.620] [10] [ Info] [Eco] Запуск ПлагинСна...  
[05:02:06.625] [1] [ Info] [Eco] Запуск ПлагинВебСервера...  
[05:02:06.625] [1] [ Info] [Eco] Запуск OtherAliasCategory...  
[05:02:06.625] [7] [ Info] [Eco] Запуск DiscordLink...  
[05:02:06.625] [9] [ Info] [Eco] Запуск ПлагинТестовИнтеграции...  
[05:02:06.639] [17] [ Info] [Eco] Запуск Asphalt...  
[05:02:06.750] [1] [ Info] [Eco] Инициализируем ПлагинПеревода...  
[05:02:06.750] [1] [ Info] [Eco] Инициализируем ПлагинНабораМодификаций...  
[05:02:06.967] [1] [ Info] [Eco] Инициализируем ПлагинГенератораМира...  
[05:02:06.967] [1] [ Info] [Eco] Инициализируем МенеджерПользователей...  
[05:02:07.060] [1] [ Info] [Eco] Инициализируем ПлагинМусора...  
[05:02:07.108] [1] [ Info] [Eco] Инициализируем ПлагинЭкономики...  
[05:02:07.219] [1] [ Info] [Eco] Инициализируем Законодательство...  
[05:02:09.325] [1] [ Info] [Eco] Инициализируем МенеджерСобственности...  
[05:02:09.384] [1] [ Info] [Eco] Инициализируем МенеджерМиникарты...  
[05:02:10.312] [1] [ Info] [Eco] Инициализируем UserTracker...  
[05:02:10.312] [1] [ Info] [Eco] Инициализируем МенеджерМировыхОбъектов...  
[05:02:13.013] [1] [ Info] [Eco] Инициализируем ПлагинКомнат...  
[05:02:14.115] [1] [ Info] [Eco] Инициализируем ПлагинСна...  
[05:02:14.115] [1] [ Info] [Eco] Инициализируем DiscordLink...  
[05:02:14.157] [1] [ Info] [Eco] Инициализируем ПлагинМира...  
[05:02:14.157] [1] [ Info] [Eco] Обработка...  
[05:02:17.151] [1] [ Info] [Eco] Сжатие...  
[05:02:17.292] [140] [ Info] [Eco] DISCORDLINK: Connected to Discord.

 
[05:02:18.801] [144] [ Info] [Eco] DISCORDLINK: Connected and Ready
 
[05:02:20.689] [1] [ Info] [Eco] Инициализируем МенеджерСети...  
[05:02:20.905] [1] [ Info] [Eco] Инициализируем МенеджерСлоёвМира...  
[05:02:20.905] [1] [ Info] [Eco] Инициализируем ПлагинВебСервера...  
[05:02:21.643] [1] [ Info] [Eco] Инициализируем ПлагинТестовИнтеграции...  
[05:02:21.673] [1] [ Info] [Eco] Server Initialization завершена за 43 372,0мс
 
[05:02:34.793] [151] [ Info] [Eco] DISCORDLINK DEBUG:Saving Config
 
[05:02:35.836] [137] [ Info] [Eco] DISCORDLINK DEBUG:Eco Message Processed:
 
[05:02:35.836] [137] [ Info] [Eco] DISCORDLINK DEBUG:Message: <style="InfoLight"><b><link="User:slg168458:76561198145129781"><ecobadgeicon tier='4'><color=#2EB6FC>Bayan</color></ecobadgeicon></link></b> вернулся в игру (Последний раз в сети 1m 49s назад).</style>
 
[05:02:35.836] [137] [ Info] [Eco] DISCORDLINK DEBUG:Tag: _Logins
 
[05:02:35.836] [137] [ Info] [Eco] DISCORDLINK DEBUG:Category: Info
 
[05:02:35.836] [137] [ Info] [Eco] DISCORDLINK DEBUG:Temporary: False
 
[05:02:35.836] [137] [ Info] [Eco] DISCORDLINK DEBUG:Sender: 
 
