[20:53:39.367] [1] [ Info] [Eco] >>> START EcoServer, Version=1.0.0.0, Culture=neutral, PublicKeyToken=null 
[20:53:39.397] [1] [ Info] [Eco] Eco Server 0.8.3.3 beta
 
[20:53:39.475] [1] [ Info] [Eco] Server Initialization...  
[20:53:39.475] [1] [ Info] [Eco] Starting LocalizationPlugin...  
[20:53:39.863] [1] [ Info] [Eco] Запуск ПлагинНабораМодификаций...  
[20:53:39.863] [1] [ Info] [Eco] Загрузка модификаций...  
[20:53:40.153] [1] [ Info] [Eco] Компилирование модификаций...  
[20:53:41.668] [1] [ Info] [Eco] Загружаем 0Harmony...
 
[20:53:41.673] [1] [ Info] [Eco] Загружаем Asphalt-ModKit...
 
[20:53:41.791] [1] [ Info] [Eco] Загружаем DiscordLink_blue...
 
[20:53:41.837] [1] [ Info] [Eco] Загружаем Eco.IntegrationTests...
 
[20:53:41.837] [1] [ Info] [Eco] Загружаем em-base...
 
[20:53:41.837] [1] [ Info] [Eco] Загружаем NoPlayerCredits...
 
[20:53:41.837] [1] [ Info] [Eco] Загружаем em-greenenergy...
 
[20:53:41.844] [1] [ Info] [Eco] Загружаем em-shippingcontainers...
 
[20:53:41.844] [1] [ Info] [Eco] Загружаем em-tailingspack...
 
[20:53:41.844] [1] [ Info] [Eco] Загружаем realisticsmelting...
 
[20:53:41.844] [1] [ Info] [Eco] Загружаем em-arches...
 
[20:53:41.844] [1] [ Info] [Eco] Загружаем em-doors...
 
[20:53:41.844] [1] [ Info] [Eco] Загружаем em-dyes...
 
[20:53:41.844] [1] [ Info] [Eco] Загружаем em-homeobjects...
 
[20:53:41.858] [1] [ Info] [Eco] Загружаем em-transportation...
 
[20:53:41.858] [1] [ Info] [Eco] Загружаем em-windows...
 
[20:53:41.858] [1] [ Info] [Eco] Загружаем em-zymology...
 
[20:53:41.875] [1] [ Info] [Eco] Загружаем HPStorage...
 
[20:53:41.875] [1] [ Info] [Eco] Загружаем NidToolbox...
 
[20:53:41.875] [1] [ Info] [Eco] Загрузка модификаций завершена за 2 017,2мс
 
[20:53:41.875] [1] [ Info] [Eco] Запуск МенеджерСети...  
[20:53:41.875] [8] [ Info] [Eco] Инициализация типов симуляции...  
[20:53:41.947] [11] [ Info] [Eco] Запуск ПлагинГенератораМира...  
[20:53:41.947] [6] [ Info] [Eco] Запуск ПлагинРезервногоКопирования...  
[20:53:41.947] [13] [ Info] [Eco] Запуск ПлагинИгровойСтатистики...  
[20:53:41.960] [6] [ Info] [Eco] Запуск МенеджерХранилища...  
[20:53:43.704] [8] [ Info] [Eco] Инициализация предметов...  
[20:53:43.774] [8] [ Info] [NidToolbox] Checking Settings.json 
[20:53:43.774] [8] [ Info] [NidToolbox] Config file: Mods\NidToolbox\Config\Settings.json exists. 
[20:53:43.774] [8] [ Info] [NidToolbox] Json file: Mods\NidToolbox\Config\Settings.json readable and correct. 
[20:53:43.780] [8] [ Info] [NidToolbox] Checking CommandPermissions.json 
[20:53:43.780] [8] [ Info] [NidToolbox] Config file: Mods\NidToolbox\Config\CommandPermissions.json exists. 
[20:53:43.780] [8] [ Info] [NidToolbox] Json file: Mods\NidToolbox\Config\CommandPermissions.json readable and correct. 
[20:53:43.780] [8] [ Info] [NidToolbox] Checking TimerMessages.json 
[20:53:43.780] [8] [ Info] [NidToolbox] Config file: Mods\NidToolbox\Config\TimerMessages.json exists. 
[20:53:43.798] [8] [ Info] [NidToolbox] Json file: Mods\NidToolbox\Config\TimerMessages.json readable and correct. 
[20:53:43.798] [8] [ Info] [NidToolbox] Checking ScheduledMessages.json 
[20:53:43.798] [8] [ Info] [NidToolbox] Config file: Mods\NidToolbox\Config\ScheduledMessages.json exists. 
[20:53:43.798] [8] [ Info] [NidToolbox] Json file: Mods\NidToolbox\Config\ScheduledMessages.json readable and correct. 
[20:53:43.798] [8] [ Info] [NidToolbox] No UserHomes directory, skipping user homes config checks. 
[20:53:44.946] [6] [ Info] [Eco] Запуск Плагин паузы...  
[20:53:44.958] [6] [ Info] [Eco] Загружаем Pause...  
[20:53:47.254] [8] [ Info] [Eco] Инициализация навыков...  
[20:53:47.355] [11] [ Info] [Eco] Запуск БДСтатистики...  
[20:53:47.355] [10] [ Info] [Eco] Запуск ПлагинМира...  
[20:53:47.395] [10] [ Info] [Eco] Загружаем World...  
[20:53:50.695] [10] [ Info] [Eco] Инициализация мира...  
[20:53:51.777] [10] [ Info] [Eco] Запуск ПлагинВремени...  
[20:53:51.777] [10] [ Info] [Eco] Загружаем Time...  
[20:53:51.780] [10] [ Info] [Eco] Запуск ПлагинРепутации...  
[20:53:51.780] [10] [ Info] [Eco] Загружаем Reputation...  
[20:53:51.780] [10] [ Info] [Eco] Запуск МенеджерЖильяИгроков...  
[20:53:51.780] [10] [ Info] [Eco] Запуск МенеджерПользователей...  
[20:53:51.848] [10] [ Info] [Eco] Загружаем Users...  
[20:53:51.987] [10] [ Info] [Eco] Инициализация инвентарей...  
[20:53:52.029] [10] [ Info] [Eco] Запуск МенеджерОбъектовЭко...  
[20:53:52.033] [10] [ Info] [Eco] Запуск ПлагинМусора...  
[20:53:52.033] [16] [ Info] [Eco] Запуск VoiceManager...  
[20:53:52.033] [10] [ Info] [Eco] Загружаем Garbage...  
[20:53:52.033] [7] [ Info] [Eco] Запуск НастройкиСложности...  
[20:53:52.033] [22] [ Info] [Eco] Запуск СерверЧата...  
[20:53:52.033] [32] [ Info] [Eco] Запуск ПлагинЭкономики...  
[20:53:52.033] [6] [ Info] [Eco] Запуск МенеджерКонтроллера...  
[20:53:52.033] [28] [ Info] [Eco] Запуск ПлагинУгроз...  
[20:53:52.033] [32] [ Info] [Eco] Загружаем Economy...  
[20:53:52.213] [32] [ Info] [Eco] Запуск Законодательство...  
[20:53:52.217] [28] [ Info] [Eco] Загружаем Disasters...  
[20:53:52.217] [22] [ Info] [Eco] Загружаем Chat...  
[20:53:52.251] [32] [ Info] [Eco] Загружаем Laws...  
[20:53:52.333] [32] [ Info] [Eco] Запуск МенеджерСобственности...  
[20:53:52.333] [32] [ Info] [Eco] Загружаем Property...  
[20:53:52.394] [32] [ Info] [Eco] Запуск МенеджерМиникарты...  
[20:53:52.394] [32] [ Info] [Eco] Запуск СимуляцияЭко...  
[20:53:52.458] [32] [ Info] [Eco] Загружаем Plants...  
[20:53:54.628] [32] [ Info] [Eco] Инициализация растений...  
[20:54:02.994] [32] [ Info] [Eco] Запуск RouteProbingPlugin...  
[20:54:02.994] [32] [ Info] [Eco] Загружаем RouteProbing...  
[20:54:06.123] [32] [ Info] [Eco] Запуск МенеджерСлоёвМира...  
[20:54:06.123] [32] [ Info] [Eco] Загружаем Layers...  
[20:54:06.718] [32] [ Info] [Eco] Инициализация слоёв мира...  
[20:54:06.718] [32] [ Info] [Eco] Загружаем ClimateSim...  
[20:54:10.084] [32] [ Info] [Eco] Запуск ТрекерЭкономики...  
[20:54:10.084] [32] [ Info] [Eco] Запуск UserTracker...  
[20:54:10.092] [32] [ Info] [Eco] Запуск МенеджерМировыхОбъектов...  
[20:54:10.181] [32] [ Info] [Eco] Загружаем WorldObjects...  
[20:54:10.329] [32] [ Info] [Eco] Запуск ПлагинКомнат...  
[20:54:10.329] [32] [ Info] [Eco] Загружаем Rooms...  
[20:54:10.329] [32] [ Info] [Eco] Запуск ПлагинЦелей...  
[20:54:10.329] [32] [ Info] [Eco] Загружаем Objectives...  
[20:54:10.354] [32] [ Info] [Eco] Запуск ПлагинСна...  
[20:54:10.354] [32] [ Info] [Eco] Загружаем Sleep...  
[20:54:10.360] [1] [ Info] [Eco] Запуск ПлагинВебСервера...  
[20:54:10.360] [1] [ Info] [Eco] Запуск OtherAliasCategory...  
[20:54:10.360] [9] [ Info] [Eco] Запуск Asphalt...  
[20:54:10.360] [20] [ Info] [Eco] Запуск DiscordLink...  
[20:54:10.360] [16] [ Info] [Eco] Запуск NidToolboxPlugin...  
[20:54:10.360] [14] [ Info] [Eco] Запуск NoPlayerCreditsPlugin...  
[20:54:10.374] [35] [ Info] [Eco] Запуск ChatBase...  
[20:54:10.374] [29] [ Info] [Eco] Запуск ПлагинТестовИнтеграции...  
[20:54:10.451] [1] [ Info] [Eco] Инициализируем ПлагинПеревода...  
[20:54:10.455] [1] [ Info] [Eco] Инициализируем ПлагинНабораМодификаций...  
[20:54:10.733] [1] [ Info] [Eco] Инициализируем ПлагинГенератораМира...  
[20:54:10.735] [1] [ Info] [Eco] Инициализируем МенеджерПользователей...  
[20:54:10.775] [1] [ Info] [Eco] Инициализируем ПлагинМусора...  
[20:54:10.786] [1] [ Info] [Eco] Инициализируем ПлагинЭкономики...  
[20:54:10.803] [1] [ Info] [Eco] Инициализируем Законодательство...  
[20:54:11.438] [1] [ Info] [Eco] Инициализируем МенеджерСобственности...  
[20:54:11.458] [1] [ Info] [Eco] Инициализируем МенеджерМиникарты...  
[20:54:12.330] [1] [ Info] [Eco] Инициализируем UserTracker...  
[20:54:12.330] [1] [ Info] [Eco] Инициализируем МенеджерМировыхОбъектов...  
[20:54:12.532] [1] [ Info] [Eco] Инициализируем ПлагинКомнат...  
[20:54:12.640] [1] [ Info] [Eco] Инициализируем ПлагинСна...  
[20:54:12.640] [1] [ Info] [Eco] Инициализируем NidToolboxPlugin...  
[20:54:12.640] [1] [ Info] [NidToolbox] Checking declared file: Mods\NidToolbox\Texts\Motd.txt 
[20:54:12.640] [1] [ Info] [NidToolbox] Config file:  Mods\NidToolbox\Texts\Motd.txt exists. 
[20:54:12.640] [1] [ Info] [NidToolbox] Config file:  Mods\NidToolbox\Texts\Motd.txt readable. 
[20:54:12.655] [1] [ Info] [NidToolbox] Checking declared file: Mods\NidToolbox\Texts\Rules.txt 
[20:54:12.655] [1] [ Info] [NidToolbox] Config file:  Mods\NidToolbox\Texts\Rules.txt exists. 
[20:54:12.655] [1] [ Info] [NidToolbox] Config file:  Mods\NidToolbox\Texts\Rules.txt readable. 
[20:54:12.655] [1] [ Info] [NidToolbox] Checking declared file: Mods\NidToolbox\Texts\ServerChangelog.txt 
[20:54:12.655] [1] [ Info] [NidToolbox] Config file:  Mods\NidToolbox\Texts\ServerChangelog.txt exists. 
[20:54:12.655] [1] [ Info] [NidToolbox] Config file:  Mods\NidToolbox\Texts\ServerChangelog.txt readable. 
[20:54:12.746] [1] [ Info] [Eco] Инициализируем NoPlayerCreditsPlugin...  
[20:54:12.749] [1] [ Info] [Eco] Инициализируем DiscordLink...  
[20:54:12.780] [1] [ Info] [Eco] Инициализируем ПлагинМира...  
[20:54:12.780] [1] [ Info] [Eco] Обработка...  
[20:54:14.127] [1] [ Info] [Eco] Сжатие...  
[20:54:14.535] [143] [ Info] [Eco] DISCORDLINK: Connected to Discord.

 
[20:54:17.579] [1] [ Info] [Eco] Инициализируем МенеджерСети...  
[20:54:17.802] [1] [ Info] [Eco] Инициализируем МенеджерСлоёвМира...  
[20:54:17.802] [1] [ Info] [Eco] Инициализируем ПлагинВебСервера...  
[20:54:17.946] [143] [ Info] [Eco] DISCORDLINK: Connected and Ready
 
[20:54:18.522] [1] [ Info] [Eco] Инициализируем ПлагинТестовИнтеграции...  
[20:54:18.522] [1] [ Info] [NidToolbox] OK - Mono not detected, not a Linux environment 
[20:54:18.533] [1] [ Info] [NidToolbox] All commands in config up to date. 
[20:54:18.614] [1] [ Info] [NidToolbox] Running NidToolbox version 1.8.7 
[20:54:18.664] [1] [ Info] [Eco] Server Initialization завершена за 39 156,0мс
 
[21:06:01.822] [140] [ Info] [log] AmeriQ invoked admin command '/give campfire' 
[21:06:14.509] [34] [ Info] [log] Dark Avenger invoked admin command '/EAT' 
[21:08:57.201] [146] [ Info] [log] letmeplay invoked admin command '/eat' 
[21:24:19.161] [36] [ Info] [Eco] Удалена резервная копия - D:/EcoBackup/Storage\Backup\Game-2020-02-19-21.13.25
 
[21:54:19.203] [36] [ Info] [Eco] Удалена резервная копия - D:/EcoBackup/Storage\Backup\Game-2020-02-20-20.43.36
 
[22:19:31.880] [140] [ Info] [log] Dark Avenger invoked admin command '/fly' 
[22:24:18.767] [8] [ Info] [Eco] Удалена резервная копия - D:/EcoBackup/Storage\Backup\Game-2020-02-19-22.13.25
 
[22:54:18.780] [29] [ Info] [Eco] Удалена резервная копия - D:/EcoBackup/Storage\Backup\Game-2020-02-20-21.54.18
 
[23:24:18.778] [15] [ Info] [Eco] Удалена резервная копия - D:/EcoBackup/Storage\Backup\Game-2020-02-19-23.13.25
 
[23:54:18.794] [36] [ Info] [Eco] Удалена резервная копия - D:/EcoBackup/Storage\Backup\Game-2020-02-20-22.54.18
 
[00:24:19.043] [18] [ Info] [Eco] Удалена резервная копия - D:/EcoBackup/Storage\Backup\Game-2020-02-18-00.19.04
 
[00:54:19.190] [15] [ Info] [Eco] Удалена резервная копия - D:/EcoBackup/Storage\Backup\Game-2020-02-20-23.54.18
 
[01:24:18.791] [21] [ Info] [Eco] Удалена резервная копия - D:/EcoBackup/Storage\Backup\Game-2020-02-20-01.13.25
 
[01:54:18.809] [13] [ Info] [Eco] Удалена резервная копия - D:/EcoBackup/Storage\Backup\Game-2020-02-21-00.54.18
 
[02:24:18.797] [19] [ Info] [Eco] Удалена резервная копия - D:/EcoBackup/Storage\Backup\Game-2020-02-20-02.13.25
 
[02:54:19.205] [6] [ Info] [Eco] Удалена резервная копия - D:/EcoBackup/Storage\Backup\Game-2020-02-21-01.54.18
 
[03:24:19.230] [14] [ Info] [Eco] Удалена резервная копия - D:/EcoBackup/Storage\Backup\Game-2020-02-20-03.13.25
 
[03:54:19.232] [27] [ Info] [Eco] Удалена резервная копия - D:/EcoBackup/Storage\Backup\Game-2020-02-21-02.54.18
 
[04:24:19.242] [5] [ Info] [Eco] Удалена резервная копия - D:/EcoBackup/Storage\Backup\Game-2020-02-20-04.13.25
 
[04:27:06.866] [3] [ Info] [Eco] DISCORDLINK: Resumed connection
 
[04:48:07.561] [30] [ Info] [Eco] DISCORDLINK: Resumed connection
 
[04:54:18.843] [8] [ Info] [Eco] Удалена резервная копия - D:/EcoBackup/Storage\Backup\Game-2020-02-21-03.54.18
 
[05:24:19.260] [15] [ Info] [Eco] Удалена резервная копия - D:/EcoBackup/Storage\Backup\Game-2020-02-20-05.13.25
 
[05:54:19.251] [36] [ Info] [Eco] Удалена резервная копия - D:/EcoBackup/Storage\Backup\Game-2020-02-21-04.54.18
 
[06:24:19.250] [29] [ Info] [Eco] Удалена резервная копия - D:/EcoBackup/Storage\Backup\Game-2020-02-20-06.13.25
 
[06:54:18.863] [13] [ Info] [Eco] Удалена резервная копия - D:/EcoBackup/Storage\Backup\Game-2020-02-21-05.54.18
 
[07:24:19.182] [36] [ Info] [Eco] Удалена резервная копия - D:/EcoBackup/Storage\Backup\Game-2020-02-20-07.13.25
 
[07:54:19.206] [19] [ Info] [Eco] Удалена резервная копия - D:/EcoBackup/Storage\Backup\Game-2020-02-21-06.54.18
 
[08:24:18.892] [27] [ Info] [Eco] Удалена резервная копия - D:/EcoBackup/Storage\Backup\Game-2020-02-20-08.13.25
 
[08:54:18.883] [13] [ Info] [Eco] Удалена резервная копия - D:/EcoBackup/Storage\Backup\Game-2020-02-21-07.54.18
 
[09:24:18.881] [19] [ Info] [Eco] Удалена резервная копия - D:/EcoBackup/Storage\Backup\Game-2020-02-20-09.13.25
 
[09:38:27.354] [139] [ Info] [log] Dark Avenger invoked admin command '/give верстак' 
[09:54:19.285] [29] [ Info] [Eco] Удалена резервная копия - D:/EcoBackup/Storage\Backup\Game-2020-02-21-08.54.18
 
[10:24:19.285] [5] [ Info] [Eco] Удалена резервная копия - D:/EcoBackup/Storage\Backup\Game-2020-02-20-10.13.25
 
[10:54:19.289] [13] [ Info] [Eco] Удалена резервная копия - D:/EcoBackup/Storage\Backup\Game-2020-02-21-09.54.18
 
[11:24:19.274] [19] [ Info] [Eco] Удалена резервная копия - D:/EcoBackup/Storage\Backup\Game-2020-02-20-11.13.25
 
[11:54:18.898] [36] [ Info] [Eco] Удалена резервная копия - D:/EcoBackup/Storage\Backup\Game-2020-02-21-10.54.18
 
[12:24:19.176] [21] [ Info] [Eco] Удалена резервная копия - D:/EcoBackup/Storage\Backup\Game-2020-02-20-12.13.25
 
[12:54:19.314] [6] [ Info] [Eco] Удалена резервная копия - D:/EcoBackup/Storage\Backup\Game-2020-02-21-11.54.18
 
[13:24:19.316] [19] [ Info] [Eco] Удалена резервная копия - D:/EcoBackup/Storage\Backup\Game-2020-02-20-13.13.25
 
[13:54:19.343] [19] [ Info] [Eco] Удалена резервная копия - D:/EcoBackup/Storage\Backup\Game-2020-02-21-12.54.18
 
[14:24:18.941] [14] [ Info] [Eco] Удалена резервная копия - D:/EcoBackup/Storage\Backup\Game-2020-02-20-14.13.25
 
[14:54:18.945] [14] [ Info] [Eco] Удалена резервная копия - D:/EcoBackup/Storage\Backup\Game-2020-02-21-13.54.18
 
[15:24:18.933] [5] [ Info] [Eco] Удалена резервная копия - D:/EcoBackup/Storage\Backup\Game-2020-02-20-15.13.25
 
[15:54:19.347] [27] [ Info] [Eco] Удалена резервная копия - D:/EcoBackup/Storage\Backup\Game-2020-02-21-14.54.18
 
[16:24:19.324] [27] [ Info] [Eco] Удалена резервная копия - D:/EcoBackup/Storage\Backup\Game-2020-02-20-16.13.25
 
[16:47:24.479] [146] [ Info] [log] Dark Avenger invoked admin command '/eat' 
[16:47:44.929] [146] [ Info] [log] Dark Avenger invoked admin command '/fly' 
[16:47:49.495] [146] [ Info] [log] Dark Avenger invoked admin command '/fly' 
[16:54:19.300] [27] [ Info] [Eco] Удалена резервная копия - D:/EcoBackup/Storage\Backup\Game-2020-02-21-15.54.18
 
[17:24:19.312] [27] [ Info] [Eco] Удалена резервная копия - D:/EcoBackup/Storage\Backup\Game-2020-02-20-17.13.25
 
[17:54:19.296] [13] [ Info] [Eco] Удалена резервная копия - D:/EcoBackup/Storage\Backup\Game-2020-02-21-16.54.18
 
[18:24:19.314] [8] [ Info] [Eco] Удалена резервная копия - D:/EcoBackup/Storage\Backup\Game-2020-02-20-18.13.25
 
[18:54:18.971] [21] [ Info] [Eco] Удалена резервная копия - D:/EcoBackup/Storage\Backup\Game-2020-02-21-17.54.18
 
[19:24:19.323] [36] [ Info] [Eco] Удалена резервная копия - D:/EcoBackup/Storage\Backup\Game-2020-02-20-19.43.36
 
[19:31:18.132] [33] [ Info] [log] Dark Avenger invoked admin command '/dump' 
[19:39:50.248] [1] [ Info] [Eco] Сохранение...
 
[19:39:50.252] [1] [ Info] [Eco] Сохранение мира...  
[19:39:53.717] [1] [ Info] [Eco] Готово
 
[19:39:53.857] [1] [ Info] [Eco] Выключение завершено
 
