[15:37:10.420] [1] [ Info] [Eco] >>> START EcoServer, Version=1.0.0.0, Culture=neutral, PublicKeyToken=null 
[15:37:10.449] [1] [ Info] [Eco] Eco Server 0.8.3.2 beta
 
[15:37:10.521] [1] [ Info] [Eco] Server Initialization...  
[15:37:10.521] [1] [ Info] [Eco] Starting LocalizationPlugin...  
[15:37:10.875] [1] [ Info] [Eco] Запуск ПлагинНабораМодификаций...  
[15:37:10.875] [1] [ Info] [Eco] Загрузка модификаций...  
[15:37:10.971] [1] [ Info] [Eco] Компилирование модификаций...  
[15:37:12.461] [1] [ Info] [Eco] Загружаем 0Harmony...
 
[15:37:12.461] [1] [ Info] [Eco] Загружаем Asphalt-ModKit...
 
[15:37:12.588] [1] [ Info] [Eco] Загружаем Eco.IntegrationTests...
 
[15:37:12.588] [1] [ Info] [Eco] Загружаем DiscordLinkUnified...
 
[15:37:12.640] [1] [ Info] [Eco] Загружаем EcoStory...
 
[15:37:12.640] [1] [ Info] [Eco] Загрузка модификаций завершена за 1 769,8мс
 
[15:37:12.640] [1] [ Info] [Eco] Запуск МенеджерСети...  
[15:37:12.654] [7] [ Info] [Eco] Инициализация типов симуляции...  
[15:37:12.724] [8] [ Info] [Eco] Запуск ПлагинГенератораМира...  
[15:37:12.724] [5] [ Info] [Eco] Запуск ПлагинИгровойСтатистики...  
[15:37:12.724] [15] [ Info] [Eco] Запуск ПлагинРезервногоКопирования...  
[15:37:12.736] [15] [ Info] [Eco] Запуск МенеджерХранилища...  
[15:37:14.099] [7] [ Info] [Eco] Инициализация предметов...  
[15:37:14.170] [7] [ Info] [NidToolbox] Config file:  Mods\NidToolbox\Config\Settings.json does not yet exists. Will create... 
[15:37:14.170] [7] [ Info] [NidToolbox] Config file:  Mods\NidToolbox\Config\CommandPermissions.json does not yet exists. Will create... 
[15:37:14.170] [7] [ Info] [NidToolbox] Config file:  Mods\NidToolbox\Config\TimerMessages.json does not yet exists. Will create... 
[15:37:14.170] [7] [ Info] [NidToolbox] Config file:  Mods\NidToolbox\Config\ScheduledMessages.json does not yet exists. Will create... 
[15:37:14.170] [7] [ Info] [NidToolbox] No UserHomes directory, skipping user homes config checks. 
[15:37:14.963] [15] [ Info] [Eco] Запуск Плагин паузы...  
[15:37:14.976] [15] [ Info] [Eco] Загружаем Pause...  
[15:37:16.783] [7] [ Info] [Eco] Инициализация навыков...  
[15:37:16.864] [10] [ Info] [Eco] Запуск БДСтатистики...  
[15:37:16.864] [8] [ Info] [Eco] Запуск ПлагинМира...  
[15:37:16.908] [8] [ Info] [Eco] Загружаем World...  
[15:37:20.335] [8] [ Info] [Eco] Инициализация мира...  
[15:37:22.217] [8] [ Info] [Eco] Запуск ПлагинВремени...  
[15:37:22.217] [8] [ Info] [Eco] Загружаем Time...  
[15:37:22.217] [8] [ Info] [Eco] Запуск ПлагинРепутации...  
[15:37:22.217] [8] [ Info] [Eco] Загружаем Reputation...  
[15:37:22.241] [8] [ Info] [Eco] Запуск МенеджерЖильяИгроков...  
[15:37:22.241] [8] [ Info] [Eco] Запуск МенеджерПользователей...  
[15:37:22.284] [8] [ Info] [Eco] Загружаем Users...  
[15:37:22.621] [8] [ Info] [Eco] Инициализация инвентарей...  
[15:37:22.666] [8] [ Info] [Eco] Запуск МенеджерОбъектовЭко...  
[15:37:22.672] [8] [ Info] [Eco] Загружаем Objects...  
[15:37:22.900] [8] [ Info] [Eco] Запуск ПлагинМусора...  
[15:37:22.900] [20] [ Info] [Eco] Запуск МенеджерКонтроллера...  
[15:37:22.900] [21] [ Info] [Eco] Запуск СерверЧата...  
[15:37:22.900] [15] [ Info] [Eco] Запуск ПлагинЭкономики...  
[15:37:22.900] [11] [ Info] [Eco] Запуск ПлагинУгроз...  
[15:37:22.904] [19] [ Info] [Eco] Запуск VoiceManager...  
[15:37:22.904] [29] [ Info] [Eco] Запуск НастройкиСложности...  
[15:37:22.904] [8] [ Info] [Eco] Загружаем Garbage...  
[15:37:22.904] [15] [ Info] [Eco] Загружаем Economy...  
[15:37:23.407] [15] [ Info] [Eco] Запуск Законодательство...  
[15:37:23.407] [11] [ Info] [Eco] Загружаем Disasters...  
[15:37:23.407] [21] [ Info] [Eco] Загружаем Chat...  
[15:37:27.549] [15] [ Info] [Eco] Загружаем Laws...  
[15:37:27.654] [15] [ Info] [Eco] Запуск МенеджерСобственности...  
[15:37:27.654] [15] [ Info] [Eco] Загружаем Property...  
[15:37:27.781] [15] [ Info] [Eco] Запуск МенеджерМиникарты...  
[15:37:27.781] [15] [ Info] [Eco] Запуск СимуляцияЭко...  
[15:37:27.879] [15] [ Info] [Eco] Загружаем Plants...  
[15:37:29.297] [15] [ Info] [Eco] Инициализация растений...  
[15:37:35.836] [15] [ Info] [Eco] Запуск RouteProbingPlugin...  
[15:37:35.836] [15] [ Info] [Eco] Загружаем RouteProbing...  
[15:37:38.090] [15] [ Info] [Eco] Запуск МенеджерСлоёвМира...  
[15:37:38.094] [15] [ Info] [Eco] Загружаем Layers...  
[15:37:38.732] [15] [ Info] [Eco] Инициализация слоёв мира...  
[15:37:38.739] [15] [ Info] [Eco] Загружаем ClimateSim...  
[15:37:41.303] [15] [ Info] [Eco] Запуск ТрекерЭкономики...  
[15:37:41.303] [15] [ Info] [Eco] Запуск UserTracker...  
[15:37:41.311] [15] [ Info] [Eco] Запуск МенеджерМировыхОбъектов...  
[15:37:41.394] [15] [ Info] [Eco] Загружаем WorldObjects...  
[15:37:42.369] [15] [ Info] [Eco] Запуск ПлагинКомнат...  
[15:37:42.373] [15] [ Info] [Eco] Загружаем Rooms...  
[15:37:42.373] [15] [ Info] [Eco] Запуск ПлагинЦелей...  
[15:37:42.373] [15] [ Info] [Eco] Загружаем Objectives...  
[15:37:42.407] [15] [ Info] [Eco] Запуск ПлагинСна...  
[15:37:42.407] [15] [ Info] [Eco] Загружаем Sleep...  
[15:37:42.407] [1] [ Info] [Eco] Запуск ПлагинВебСервера...  
[15:37:42.422] [1] [ Info] [Eco] Запуск OtherAliasCategory...  
[15:37:42.422] [32] [ Info] [Eco] Запуск NidToolboxPlugin...  
[15:37:42.422] [23] [ Info] [Eco] Запуск ПлагинТестовИнтеграции...  
[15:37:42.422] [17] [ Info] [Eco] Запуск DiscordLink...  
[15:37:42.422] [26] [ Info] [Eco] Запуск Asphalt...  
[15:37:42.544] [1] [ Info] [Eco] Инициализируем ПлагинПеревода...  
[15:37:42.549] [1] [ Info] [Eco] Инициализируем ПлагинНабораМодификаций...  
[15:37:42.776] [1] [ Info] [Eco] Инициализируем ПлагинГенератораМира...  
[15:37:42.776] [1] [ Info] [Eco] Инициализируем МенеджерПользователей...  
[15:37:42.874] [1] [ Info] [Eco] Инициализируем ПлагинМусора...  
[15:37:42.874] [1] [ Info] [Eco] Инициализируем ПлагинЭкономики...  
[15:37:42.991] [1] [ Info] [Eco] Инициализируем Законодательство...  
[15:37:57.391] [1] [ Info] [Eco] Инициализируем МенеджерСобственности...  
[15:37:57.428] [1] [ Info] [Eco] Инициализируем МенеджерМиникарты...  
[15:37:58.436] [1] [ Info] [Eco] Инициализируем UserTracker...  
[15:37:58.436] [1] [ Info] [Eco] Инициализируем МенеджерМировыхОбъектов...  
[15:38:04.451] [1] [ Info] [Eco] Инициализируем ПлагинКомнат...  
[15:38:06.828] [1] [ Info] [Eco] Инициализируем ПлагинСна...  
[15:38:06.828] [1] [ Info] [Eco] Инициализируем NidToolboxPlugin...  
[15:38:06.828] [1] [ Info] [NidToolbox] Config file:  Mods\NidToolbox\Texts\Motd.txt does not exist. 
[15:38:06.828] [1] [ Info] [NidToolbox] Config file:  Mods\NidToolbox\Texts\Rules.txt does not exist. 
[15:38:06.828] [1] [ Info] [NidToolbox] Config file:  Mods\NidToolbox\Texts\ServerChangelog.txt does not exist. 
[15:38:06.912] [1] [ Info] [NidToolbox] Unable to find declared MOTD file, will create generic one. 
[15:38:06.926] [1] [ Info] [NidToolbox] Unable to find declared Rules file, will create generic one. 
[15:38:06.926] [1] [ Info] [NidToolbox] Unable to find declared ServerChangelog file, will create generic one. 
[15:38:06.975] [1] [ Info] [Eco] Инициализируем DiscordLink...  
[15:38:07.002] [1] [ Info] [Eco] Инициализируем ПлагинМира...  
[15:38:07.002] [1] [ Info] [Eco] Обработка...  
[15:38:10.292] [137] [ Info] [Eco] DISCORDLINK: Connected to Discord.

 
[15:38:10.813] [1] [ Info] [Eco] Сжатие...  
[15:38:11.178] [137] [ Info] [Eco] DISCORDLINK: Connected and Ready
 
[15:38:14.921] [1] [ Info] [Eco] Инициализируем МенеджерСети...  
[15:38:15.168] [1] [ Info] [Eco] Инициализируем МенеджерСлоёвМира...  
[15:38:15.171] [1] [ Info] [Eco] Инициализируем ПлагинВебСервера...  
[15:38:15.856] [1] [ Info] [Eco] Инициализируем ПлагинТестовИнтеграции...  
[15:38:15.863] [1] [ Info] [NidToolbox] OK - Mono not detected, not a Linux environment 
[15:38:15.863] [1] [ Info] [NidToolbox] All commands in config up to date. 
[15:38:15.924] [1] [ Info] [NidToolbox] Running NidToolbox version 1.8.7 
[15:38:15.998] [1] [ Info] [Eco] Server Initialization завершена за 65 475,1мс
 
