[01:22:44.448] [1] [ Info] [Eco] >>> START EcoServer, Version=1.0.0.0, Culture=neutral, PublicKeyToken=null 
[01:22:44.476] [1] [ Info] [Eco] Eco Server 0.8.3.3 beta
 
[01:22:44.552] [1] [ Info] [Eco] Server Initialization...  
[01:22:44.552] [1] [ Info] [Eco] Starting LocalizationPlugin...  
[01:22:45.041] [1] [ Info] [Eco] Запуск ПлагинНабораМодификаций...  
[01:22:45.041] [1] [ Info] [Eco] Загрузка модификаций...  
[01:22:45.419] [1] [ Info] [Eco] Компилирование модификаций...  
[01:22:47.284] [1] [ Info] [Eco] Загружаем 0Harmony...
 
[01:22:47.284] [1] [ Info] [Eco] Загружаем Asphalt-ModKit...
 
[01:22:47.409] [1] [ Info] [Eco] Загружаем DiscordLink_blue...
 
[01:22:47.467] [1] [ Info] [Eco] Загружаем Eco.IntegrationTests...
 
[01:22:47.467] [1] [ Info] [Eco] Загружаем em-base...
 
[01:22:47.472] [1] [ Info] [Eco] Загружаем NoPlayerCredits...
 
[01:22:47.472] [1] [ Info] [Eco] Загружаем em-greenenergy...
 
[01:22:47.472] [1] [ Info] [Eco] Загружаем em-realisticsmelting...
 
[01:22:47.472] [1] [ Info] [Eco] Загружаем em-shippingcontainers...
 
[01:22:47.472] [1] [ Info] [Eco] Загружаем em-tailingspack...
 
[01:22:47.472] [1] [ Info] [Eco] Загружаем em-arches...
 
[01:22:47.472] [1] [ Info] [Eco] Загружаем em-doors...
 
[01:22:47.491] [1] [ Info] [Eco] Загружаем em-dyes...
 
[01:22:47.491] [1] [ Info] [Eco] Загружаем em-homeobjects...
 
[01:22:47.491] [1] [ Info] [Eco] Загружаем em-transportation...
 
[01:22:47.491] [1] [ Info] [Eco] Загружаем em-windows...
 
[01:22:47.511] [1] [ Info] [Eco] Загружаем em-zymology...
 
[01:22:47.511] [1] [ Info] [Eco] Загружаем HPStorage...
 
[01:22:47.511] [1] [ Info] [Eco] Загружаем NidToolbox...
 
[01:22:47.524] [1] [ Info] [Eco] Загрузка модификаций завершена за 2 481,0мс
 
[01:22:47.524] [1] [ Info] [Eco] Запуск МенеджерСети...  
[01:22:47.524] [8] [ Info] [Eco] Инициализация типов симуляции...  
[01:22:47.582] [10] [ Info] [Eco] Запуск ПлагинГенератораМира...  
[01:22:47.582] [17] [ Info] [Eco] Запуск ПлагинРезервногоКопирования...  
[01:22:47.582] [15] [ Info] [Eco] Запуск ПлагинИгровойСтатистики...  
[01:22:47.582] [17] [ Info] [Eco] Запуск МенеджерХранилища...  
[01:22:49.137] [8] [ Info] [Eco] Инициализация предметов...  
[01:22:49.240] [8] [ Info] [NidToolbox] Checking Settings.json 
[01:22:49.281] [8] [ Info] [NidToolbox] Config file: Mods\NidToolbox\Config\Settings.json exists. 
[01:22:49.286] [8] [ Info] [NidToolbox] Json file: Mods\NidToolbox\Config\Settings.json readable and correct. 
[01:22:49.286] [8] [ Info] [NidToolbox] Checking CommandPermissions.json 
[01:22:49.286] [8] [ Info] [NidToolbox] Config file: Mods\NidToolbox\Config\CommandPermissions.json exists. 
[01:22:49.286] [8] [ Info] [NidToolbox] Json file: Mods\NidToolbox\Config\CommandPermissions.json readable and correct. 
[01:22:49.306] [8] [ Info] [NidToolbox] Checking TimerMessages.json 
[01:22:49.323] [8] [ Info] [NidToolbox] Config file: Mods\NidToolbox\Config\TimerMessages.json exists. 
[01:22:49.323] [8] [ Info] [NidToolbox] Json file: Mods\NidToolbox\Config\TimerMessages.json readable and correct. 
[01:22:49.323] [8] [ Info] [NidToolbox] Checking ScheduledMessages.json 
[01:22:49.323] [8] [ Info] [NidToolbox] Config file: Mods\NidToolbox\Config\ScheduledMessages.json exists. 
[01:22:49.323] [8] [ Info] [NidToolbox] Json file: Mods\NidToolbox\Config\ScheduledMessages.json readable and correct. 
[01:22:49.332] [8] [ Info] [NidToolbox] No UserHomes directory, skipping user homes config checks. 
[01:22:50.226] [17] [ Info] [Eco] Запуск Плагин паузы...  
[01:22:50.226] [17] [ Info] [Eco] Загружаем Pause...  
[01:22:52.331] [8] [ Info] [Eco] Инициализация навыков...  
[01:22:52.427] [6] [ Info] [Eco] Запуск БДСтатистики...  
[01:22:52.427] [10] [ Info] [Eco] Запуск ПлагинМира...  
[01:22:52.485] [10] [ Info] [Eco] Загружаем World...  
[01:22:55.503] [10] [ Info] [Eco] Инициализация мира...  
[01:22:56.720] [10] [ Info] [Eco] Запуск ПлагинВремени...  
[01:22:56.720] [10] [ Info] [Eco] Загружаем Time...  
[01:22:56.722] [10] [ Info] [Eco] Запуск ПлагинРепутации...  
[01:22:56.722] [10] [ Info] [Eco] Загружаем Reputation...  
[01:22:56.739] [10] [ Info] [Eco] Запуск МенеджерЖильяИгроков...  
[01:22:56.739] [10] [ Info] [Eco] Запуск МенеджерПользователей...  
[01:22:56.785] [10] [ Info] [Eco] Загружаем Users...  
[01:22:56.926] [10] [ Info] [Eco] Инициализация инвентарей...  
[01:22:56.967] [10] [ Info] [Eco] Запуск МенеджерОбъектовЭко...  
[01:22:56.972] [10] [ Info] [Eco] Запуск МенеджерКонтроллера...  
[01:22:56.972] [26] [ Info] [Eco] Запуск НастройкиСложности...  
[01:22:56.972] [31] [ Info] [Eco] Запуск ПлагинЭкономики...  
[01:22:56.972] [17] [ Info] [Eco] Запуск ПлагинМусора...  
[01:22:56.972] [25] [ Info] [Eco] Запуск ПлагинУгроз...  
[01:22:56.972] [13] [ Info] [Eco] Запуск VoiceManager...  
[01:22:56.972] [31] [ Info] [Eco] Загружаем Economy...  
[01:22:56.972] [24] [ Info] [Eco] Запуск СерверЧата...  
[01:22:57.140] [31] [ Info] [Eco] Запуск Законодательство...  
[01:22:57.140] [17] [ Info] [Eco] Загружаем Garbage...  
[01:22:57.147] [25] [ Info] [Eco] Загружаем Disasters...  
[01:22:57.147] [24] [ Info] [Eco] Загружаем Chat...  
[01:22:57.177] [31] [ Info] [Eco] Загружаем Laws...  
[01:22:57.268] [31] [ Info] [Eco] Запуск МенеджерСобственности...  
[01:22:57.269] [31] [ Info] [Eco] Загружаем Property...  
[01:22:57.331] [31] [ Info] [Eco] Запуск МенеджерМиникарты...  
[01:22:57.331] [31] [ Info] [Eco] Запуск СимуляцияЭко...  
[01:22:57.393] [31] [ Info] [Eco] Загружаем Plants...  
[01:22:59.626] [31] [ Info] [Eco] Инициализация растений...  
[01:23:09.256] [31] [ Info] [Eco] Запуск RouteProbingPlugin...  
[01:23:09.256] [31] [ Info] [Eco] Загружаем RouteProbing...  
[01:23:12.221] [31] [ Info] [Eco] Запуск МенеджерСлоёвМира...  
[01:23:12.223] [31] [ Info] [Eco] Загружаем Layers...  
[01:23:12.862] [31] [ Info] [Eco] Инициализация слоёв мира...  
[01:23:12.862] [31] [ Info] [Eco] Загружаем ClimateSim...  
[01:23:16.336] [31] [ Info] [Eco] Запуск ТрекерЭкономики...  
[01:23:16.336] [31] [ Info] [Eco] Запуск UserTracker...  
[01:23:16.346] [31] [ Info] [Eco] Запуск МенеджерМировыхОбъектов...  
[01:23:16.435] [31] [ Info] [Eco] Загружаем WorldObjects...  
[01:23:16.568] [31] [ Info] [Eco] Запуск ПлагинКомнат...  
[01:23:16.568] [31] [ Info] [Eco] Загружаем Rooms...  
[01:23:16.568] [31] [ Info] [Eco] Запуск ПлагинЦелей...  
[01:23:16.581] [31] [ Info] [Eco] Загружаем Objectives...  
[01:23:16.581] [31] [ Info] [Eco] Запуск ПлагинСна...  
[01:23:16.581] [31] [ Info] [Eco] Загружаем Sleep...  
[01:23:16.601] [1] [ Info] [Eco] Запуск ПлагинВебСервера...  
[01:23:16.601] [1] [ Info] [Eco] Запуск OtherAliasCategory...  
[01:23:16.601] [29] [ Info] [Eco] Запуск Asphalt...  
[01:23:16.613] [32] [ Info] [Eco] Запуск ChatBase...  
[01:23:16.613] [37] [ Info] [Eco] Запуск DiscordLink...  
[01:23:16.613] [8] [ Info] [Eco] Запуск NidToolboxPlugin...  
[01:23:16.613] [9] [ Info] [Eco] Запуск ПлагинТестовИнтеграции...  
[01:23:16.613] [28] [ Info] [Eco] Запуск NoPlayerCreditsPlugin...  
[01:23:16.718] [1] [ Info] [Eco] Инициализируем ПлагинПеревода...  
[01:23:16.721] [1] [ Info] [Eco] Инициализируем ПлагинНабораМодификаций...  
[01:23:17.027] [1] [ Info] [Eco] Инициализируем ПлагинГенератораМира...  
[01:23:17.027] [1] [ Info] [Eco] Инициализируем МенеджерПользователей...  
[01:23:17.081] [1] [ Info] [Eco] Инициализируем ПлагинЭкономики...  
[01:23:17.105] [1] [ Info] [Eco] Инициализируем ПлагинМусора...  
[01:23:17.113] [1] [ Info] [Eco] Инициализируем Законодательство...  
[01:23:19.234] [1] [ Info] [Eco] Инициализируем МенеджерСобственности...  
[01:23:19.250] [1] [ Info] [Eco] Инициализируем МенеджерМиникарты...  
[01:23:20.180] [1] [ Info] [Eco] Инициализируем UserTracker...  
[01:23:20.180] [1] [ Info] [Eco] Инициализируем МенеджерМировыхОбъектов...  
[01:23:20.410] [1] [ Info] [Eco] Инициализируем ПлагинКомнат...  
[01:23:20.531] [1] [ Info] [Eco] Инициализируем ПлагинСна...  
[01:23:20.531] [1] [ Info] [Eco] Инициализируем NidToolboxPlugin...  
[01:23:20.539] [1] [ Info] [NidToolbox] Checking declared file: Mods\NidToolbox\Texts\Motd.txt 
[01:23:20.539] [1] [ Info] [NidToolbox] Config file:  Mods\NidToolbox\Texts\Motd.txt exists. 
[01:23:20.539] [1] [ Info] [NidToolbox] Config file:  Mods\NidToolbox\Texts\Motd.txt readable. 
[01:23:20.539] [1] [ Info] [NidToolbox] Checking declared file: Mods\NidToolbox\Texts\Rules.txt 
[01:23:20.539] [1] [ Info] [NidToolbox] Config file:  Mods\NidToolbox\Texts\Rules.txt exists. 
[01:23:20.539] [1] [ Info] [NidToolbox] Config file:  Mods\NidToolbox\Texts\Rules.txt readable. 
[01:23:20.539] [1] [ Info] [NidToolbox] Checking declared file: Mods\NidToolbox\Texts\ServerChangelog.txt 
[01:23:20.552] [1] [ Info] [NidToolbox] Config file:  Mods\NidToolbox\Texts\ServerChangelog.txt exists. 
[01:23:20.552] [1] [ Info] [NidToolbox] Config file:  Mods\NidToolbox\Texts\ServerChangelog.txt readable. 
[01:23:20.640] [1] [ Info] [Eco] Инициализируем NoPlayerCreditsPlugin...  
[01:23:20.640] [1] [ Info] [Eco] Инициализируем DiscordLink...  
[01:23:20.674] [1] [ Info] [Eco] Инициализируем ПлагинМира...  
[01:23:20.676] [1] [ Info] [Eco] Обработка...  
[01:23:21.389] [1] [ Info] [Eco] Сжатие...  
[01:23:22.952] [139] [ Info] [Eco] DISCORDLINK: Connected to Discord.

 
[01:23:24.912] [1] [ Info] [Eco] Инициализируем МенеджерСети...  
[01:23:25.155] [1] [ Info] [Eco] Инициализируем МенеджерСлоёвМира...  
[01:23:25.155] [1] [ Info] [Eco] Инициализируем ПлагинВебСервера...  
[01:23:25.288] [141] [ Info] [Eco] DISCORDLINK: Connected and Ready
 
[01:23:25.939] [1] [ Info] [Eco] Инициализируем ПлагинТестовИнтеграции...  
[01:23:25.949] [1] [ Info] [NidToolbox] OK - Mono not detected, not a Linux environment 
[01:23:25.949] [1] [ Info] [NidToolbox] All commands in config up to date. 
[01:23:26.031] [1] [ Info] [NidToolbox] Running NidToolbox version 1.8.7 
[01:23:26.048] [1] [ Info] [Eco] Server Initialization завершена за 41 495,5мс
 
[01:31:08.693] [175] [ Info] [Eco] DISCORDLINK: Resumed connection
 
[01:49:42.638] [177] [ Info] [log] letmeplay invoked admin command '/give эколиксир, 10' 
[01:53:26.704] [11] [ Info] [Eco] Удалена резервная копия - D:/EcoBackup/Storage\Backup\Game-2020-02-26-23.32.11
 
[01:53:26.706] [11] [ Info] [Eco] Удалена резервная копия - D:/EcoBackup/Storage\Backup\Game-2020-02-26-01.03.31
 
[02:23:26.571] [32] [ Info] [Eco] Удалена резервная копия - D:/EcoBackup/Storage\Backup\Game-2020-02-26-02.03.31
 
[02:40:01.992] [177] [ Info] [log] letmeplay invoked admin command '/fly' 
[02:46:16.085] [177] [ Info] [log] letmeplay invoked admin command '/give Квитанции землемера,5' 
[03:23:26.583] [30] [ Info] [Eco] Удалена резервная копия - D:/EcoBackup/Storage\Backup\Game-2020-02-26-03.03.31
 
[03:38:09.126] [139] [ Info] [Eco] DISCORDLINK: Resumed connection
 
[03:53:26.166] [16] [ Info] [Eco] Удалена резервная копия - D:/EcoBackup/Storage\Backup\Game-2020-02-27-02.53.26
 
[04:23:26.179] [32] [ Info] [Eco] Удалена резервная копия - D:/EcoBackup/Storage\Backup\Game-2020-02-26-04.03.31
 
[04:53:26.670] [25] [ Info] [Eco] Удалена резервная копия - D:/EcoBackup/Storage\Backup\Game-2020-02-27-03.53.26
 
[05:23:26.595] [10] [ Info] [Eco] Удалена резервная копия - D:/EcoBackup/Storage\Backup\Game-2020-02-26-05.03.31
 
[05:53:26.601] [23] [ Info] [Eco] Удалена резервная копия - D:/EcoBackup/Storage\Backup\Game-2020-02-27-04.53.26
 
[06:23:26.612] [16] [ Info] [Eco] Удалена резервная копия - D:/EcoBackup/Storage\Backup\Game-2020-02-26-06.03.31
 
[06:53:26.594] [13] [ Info] [Eco] Удалена резервная копия - D:/EcoBackup/Storage\Backup\Game-2020-02-27-05.53.26
 
[07:23:26.194] [32] [ Info] [Eco] Удалена резервная копия - D:/EcoBackup/Storage\Backup\Game-2020-02-26-07.03.31
 
[07:53:26.621] [10] [ Info] [Eco] Удалена резервная копия - D:/EcoBackup/Storage\Backup\Game-2020-02-27-06.53.26
 
[08:23:26.631] [30] [ Info] [Eco] Удалена резервная копия - D:/EcoBackup/Storage\Backup\Game-2020-02-26-08.03.31
 
[08:53:26.623] [13] [ Info] [Eco] Удалена резервная копия - D:/EcoBackup/Storage\Backup\Game-2020-02-27-07.53.26
 
[09:23:26.643] [26] [ Info] [Eco] Удалена резервная копия - D:/EcoBackup/Storage\Backup\Game-2020-02-26-09.03.31
 
[09:53:26.494] [10] [ Info] [Eco] Удалена резервная копия - D:/EcoBackup/Storage\Backup\Game-2020-02-27-08.53.26
 
[10:23:26.662] [16] [ Info] [Eco] Удалена резервная копия - D:/EcoBackup/Storage\Backup\Game-2020-02-26-10.03.31
 
[10:49:12.330] [37] [ Info] [Eco] DISCORDLINK: Resumed connection
 
[10:53:26.654] [26] [ Info] [Eco] Удалена резервная копия - D:/EcoBackup/Storage\Backup\Game-2020-02-27-09.53.26
 
[11:23:26.672] [10] [ Info] [Eco] Удалена резервная копия - D:/EcoBackup/Storage\Backup\Game-2020-02-26-11.03.31
 
[11:53:26.253] [23] [ Info] [Eco] Удалена резервная копия - D:/EcoBackup/Storage\Backup\Game-2020-02-27-10.53.26
 
[12:23:26.664] [23] [ Info] [Eco] Удалена резервная копия - D:/EcoBackup/Storage\Backup\Game-2020-02-26-12.03.31
 
[12:53:26.236] [16] [ Info] [Eco] Удалена резервная копия - D:/EcoBackup/Storage\Backup\Game-2020-02-27-11.53.26
 
[13:23:26.255] [26] [ Info] [Eco] Удалена резервная копия - D:/EcoBackup/Storage\Backup\Game-2020-02-26-13.03.31
 
[13:53:26.254] [30] [ Info] [Eco] Удалена резервная копия - D:/EcoBackup/Storage\Backup\Game-2020-02-27-12.53.26
 
[14:23:26.272] [9] [ Info] [Eco] Удалена резервная копия - D:/EcoBackup/Storage\Backup\Game-2020-02-26-14.03.31
 
[14:33:24.243] [1] [ Info] [Eco] Сохранение...
 
[14:33:24.243] [1] [ Info] [Eco] Сохранение мира...  
[14:33:28.272] [1] [ Info] [Eco] Готово
 
