[03:40:56.993] [1] [ Info] [Eco] >>> START EcoServer, Version=1.0.0.0, Culture=neutral, PublicKeyToken=null 
[03:40:57.022] [1] [ Info] [Eco] Eco Server 0.8.3.2 beta
 
[03:40:57.100] [1] [ Info] [Eco] Server Initialization...  
[03:40:57.100] [1] [ Info] [Eco] Starting LocalizationPlugin...  
[03:40:57.493] [1] [ Info] [Eco] Запуск ПлагинНабораМодификаций...  
[03:40:57.493] [1] [ Info] [Eco] Загрузка модификаций...  
[03:40:57.611] [1] [ Info] [Eco] Компилирование модификаций...  
[03:40:59.137] [1] [ Info] [Eco] Загружаем 0Harmony...
 
[03:40:59.141] [1] [ Info] [Eco] Загружаем Asphalt-ModKit...
 
[03:40:59.278] [1] [ Info] [Eco] Загружаем Eco.IntegrationTests...
 
[03:40:59.284] [1] [ Info] [Eco] Загружаем DiscordLinkUnified...
 
[03:40:59.348] [1] [ Info] [Eco] Загружаем HPStorage...
 
[03:40:59.348] [1] [ Info] [Eco] Загрузка модификаций завершена за 1 856,4мс
 
[03:40:59.348] [1] [ Info] [Eco] Запуск МенеджерСети...  
[03:40:59.359] [7] [ Info] [Eco] Инициализация типов симуляции...  
[03:40:59.431] [12] [ Info] [Eco] Запуск ПлагинГенератораМира...  
[03:40:59.431] [9] [ Info] [Eco] Запуск ПлагинИгровойСтатистики...  
[03:40:59.436] [8] [ Info] [Eco] Запуск ПлагинРезервногоКопирования...  
[03:40:59.436] [8] [ Info] [Eco] Запуск МенеджерХранилища...  
[03:41:00.936] [7] [ Info] [Eco] Инициализация предметов...  
[03:41:01.854] [8] [ Info] [Eco] Запуск Плагин паузы...  
[03:41:01.868] [8] [ Info] [Eco] Загружаем Pause...  
[03:41:03.847] [7] [ Info] [Eco] Инициализация навыков...  
[03:41:03.951] [12] [ Info] [Eco] Запуск БДСтатистики...  
[03:41:03.951] [11] [ Info] [Eco] Запуск ПлагинМира...  
[03:41:03.996] [11] [ Info] [Eco] Загружаем World...  
[03:41:07.453] [11] [ Info] [Eco] Инициализация мира...  
[03:41:09.235] [11] [ Info] [Eco] Запуск ПлагинВремени...  
[03:41:09.235] [11] [ Info] [Eco] Загружаем Time...  
[03:41:09.235] [11] [ Info] [Eco] Запуск ПлагинРепутации...  
[03:41:09.235] [11] [ Info] [Eco] Загружаем Reputation...  
[03:41:09.264] [11] [ Info] [Eco] Запуск МенеджерЖильяИгроков...  
[03:41:09.264] [11] [ Info] [Eco] Запуск МенеджерПользователей...  
[03:41:09.313] [11] [ Info] [Eco] Загружаем Users...  
[03:41:09.667] [11] [ Info] [Eco] Инициализация инвентарей...  
[03:41:09.706] [11] [ Info] [Eco] Запуск МенеджерОбъектовЭко...  
[03:41:09.706] [11] [ Info] [Eco] Загружаем Objects...  
[03:41:09.943] [11] [ Info] [Eco] Запуск ПлагинМусора...  
[03:41:09.943] [35] [ Info] [Eco] Запуск ПлагинУгроз...  
[03:41:09.943] [22] [ Info] [Eco] Запуск СерверЧата...  
[03:41:09.943] [36] [ Info] [Eco] Запуск VoiceManager...  
[03:41:09.943] [31] [ Info] [Eco] Запуск МенеджерКонтроллера...  
[03:41:09.943] [8] [ Info] [Eco] Запуск ПлагинЭкономики...  
[03:41:09.943] [11] [ Info] [Eco] Загружаем Garbage...  
[03:41:09.943] [24] [ Info] [Eco] Запуск НастройкиСложности...  
[03:41:09.952] [8] [ Info] [Eco] Загружаем Economy...  
[03:41:10.478] [8] [ Info] [Eco] Запуск Законодательство...  
[03:41:10.478] [35] [ Info] [Eco] Загружаем Disasters...  
[03:41:10.483] [22] [ Info] [Eco] Загружаем Chat...  
[03:41:16.023] [8] [ Info] [Eco] Загружаем Laws...  
[03:41:16.169] [8] [ Info] [Eco] Запуск МенеджерСобственности...  
[03:41:16.174] [8] [ Info] [Eco] Загружаем Property...  
[03:41:16.297] [8] [ Info] [Eco] Запуск МенеджерМиникарты...  
[03:41:16.297] [8] [ Info] [Eco] Запуск СимуляцияЭко...  
[03:41:16.364] [8] [ Info] [Eco] Загружаем Plants...  
[03:41:17.793] [8] [ Info] [Eco] Инициализация растений...  
[03:41:24.812] [8] [ Info] [Eco] Запуск RouteProbingPlugin...  
[03:41:24.812] [8] [ Info] [Eco] Загружаем RouteProbing...  
[03:41:27.473] [8] [ Info] [Eco] Запуск МенеджерСлоёвМира...  
[03:41:27.473] [8] [ Info] [Eco] Загружаем Layers...  
[03:41:28.208] [8] [ Info] [Eco] Инициализация слоёв мира...  
[03:41:28.225] [8] [ Info] [Eco] Загружаем ClimateSim...  
[03:41:31.089] [8] [ Info] [Eco] Запуск ТрекерЭкономики...  
[03:41:31.099] [8] [ Info] [Eco] Запуск UserTracker...  
[03:41:31.099] [8] [ Info] [Eco] Запуск МенеджерМировыхОбъектов...  
[03:41:31.193] [8] [ Info] [Eco] Загружаем WorldObjects...  
[03:41:32.177] [8] [ Info] [Eco] Запуск ПлагинКомнат...  
[03:41:32.177] [8] [ Info] [Eco] Загружаем Rooms...  
[03:41:32.195] [8] [ Info] [Eco] Запуск ПлагинЦелей...  
[03:41:32.202] [8] [ Info] [Eco] Загружаем Objectives...  
[03:41:32.221] [8] [ Info] [Eco] Запуск ПлагинСна...  
[03:41:32.221] [8] [ Info] [Eco] Загружаем Sleep...  
[03:41:32.221] [1] [ Info] [Eco] Запуск ПлагинВебСервера...  
[03:41:32.236] [1] [ Info] [Eco] Запуск OtherAliasCategory...  
[03:41:32.236] [9] [ Info] [Eco] Запуск DiscordLink...  
[03:41:32.236] [10] [ Info] [Eco] Запуск Asphalt...  
[03:41:32.236] [15] [ Info] [Eco] Запуск ПлагинТестовИнтеграции...  
[03:41:32.361] [1] [ Info] [Eco] Инициализируем ПлагинПеревода...  
[03:41:32.361] [1] [ Info] [Eco] Инициализируем ПлагинНабораМодификаций...  
[03:41:32.588] [1] [ Info] [Eco] Инициализируем ПлагинГенератораМира...  
[03:41:32.588] [1] [ Info] [Eco] Инициализируем МенеджерПользователей...  
[03:41:32.700] [1] [ Info] [Eco] Инициализируем ПлагинМусора...  
[03:41:32.718] [1] [ Info] [Eco] Инициализируем ПлагинЭкономики...  
[03:41:32.857] [1] [ Info] [Eco] Инициализируем Законодательство...  
[03:41:50.635] [1] [ Info] [Eco] Инициализируем МенеджерСобственности...  
[03:41:50.670] [1] [ Info] [Eco] Инициализируем МенеджерМиникарты...  
[03:41:51.669] [1] [ Info] [Eco] Инициализируем UserTracker...  
[03:41:51.683] [1] [ Info] [Eco] Инициализируем МенеджерМировыхОбъектов...  
[03:41:59.533] [1] [ Info] [Eco] Инициализируем ПлагинКомнат...  
[03:42:02.569] [1] [ Info] [Eco] Инициализируем ПлагинСна...  
[03:42:02.569] [1] [ Info] [Eco] Инициализируем DiscordLink...  
[03:42:02.613] [1] [ Info] [Eco] Инициализируем ПлагинМира...  
[03:42:02.613] [1] [ Info] [Eco] Обработка...  
[03:42:02.898] [138] [ Info] [Eco] DISCORDLINK ERROR: Error connecting to discord: Authentication failed. Check your token and try again.

 
[03:42:05.464] [1] [ Info] [Eco] Сжатие...  
[03:42:09.717] [1] [ Info] [Eco] Инициализируем МенеджерСети...  
[03:42:10.012] [1] [ Info] [Eco] Инициализируем МенеджерСлоёвМира...  
[03:42:10.012] [1] [ Info] [Eco] Инициализируем ПлагинВебСервера...  
[03:42:10.770] [1] [ Info] [Eco] Инициализируем ПлагинТестовИнтеграции...  
[03:42:10.828] [1] [ Info] [Eco] Server Initialization завершена за 73 726,3мс
 
[03:42:21.485] [164] [ Info] [Eco] Ошибка при записи статистики в БД: InvalidCastException Не удалось привести тип объекта "LiteDB.EmptyPage" к типу "LiteDB.DataPage".
 
[03:42:23.855] [164] [ Info] [Eco] Ошибка при записи статистики в БД: InvalidCastException Не удалось привести тип объекта "LiteDB.EmptyPage" к типу "LiteDB.HeaderPage".
 
[03:42:23.855] [164] [ Info] [Eco] Ошибка при записи статистики в БД: InvalidCastException Не удалось привести тип объекта "LiteDB.EmptyPage" к типу "LiteDB.HeaderPage".
 
[03:42:23.858] [164] [ Info] [Eco] Ошибка при записи статистики в БД: InvalidCastException Не удалось привести тип объекта "LiteDB.EmptyPage" к типу "LiteDB.HeaderPage".
 
[03:42:23.912] [164] [ Info] [Eco] Ошибка при записи статистики в БД: InvalidCastException Не удалось привести тип объекта "LiteDB.EmptyPage" к типу "LiteDB.HeaderPage".
 
[03:42:26.117] [164] [ Info] [Eco] Ошибка при записи статистики в БД: InvalidCastException Не удалось привести тип объекта "LiteDB.EmptyPage" к типу "LiteDB.HeaderPage".
 
[03:42:26.117] [164] [ Info] [Eco] Ошибка при записи статистики в БД: InvalidCastException Не удалось привести тип объекта "LiteDB.EmptyPage" к типу "LiteDB.HeaderPage".
 
[03:42:26.117] [164] [ Info] [Eco] Ошибка при записи статистики в БД: InvalidCastException Не удалось привести тип объекта "LiteDB.EmptyPage" к типу "LiteDB.HeaderPage".
 
