[05:01:37.184] [1] [ Info] [Eco] >>> START EcoServer, Version=1.0.0.0, Culture=neutral, PublicKeyToken=null 
[05:01:37.212] [1] [ Info] [Eco] Eco Server 0.8.3.2 beta
 
[05:01:37.285] [1] [ Info] [Eco] Server Initialization...  
[05:01:37.285] [1] [ Info] [Eco] Starting LocalizationPlugin...  
[05:01:37.648] [1] [ Info] [Eco] Запуск ПлагинНабораМодификаций...  
[05:01:37.648] [1] [ Info] [Eco] Загрузка модификаций...  
[05:01:37.744] [1] [ Info] [Eco] Компилирование модификаций...  
[05:01:39.214] [1] [ Info] [Eco] Загружаем Eco.IntegrationTests...
 
[05:01:39.219] [1] [ Info] [Eco] Загрузка модификаций завершена за 1 569,5мс
 
[05:01:39.219] [1] [ Info] [Eco] Запуск МенеджерСети...  
[05:01:39.219] [6] [ Info] [Eco] Инициализация типов симуляции...  
[05:01:39.283] [14] [ Info] [Eco] Запуск ПлагинИгровойСтатистики...  
[05:01:39.283] [5] [ Info] [Eco] Запуск ПлагинРезервногоКопирования...  
[05:01:39.283] [8] [ Info] [Eco] Запуск ПлагинГенератораМира...  
[05:01:39.283] [5] [ Info] [Eco] Запуск МенеджерХранилища...  
[05:01:40.527] [6] [ Info] [Eco] Инициализация предметов...  
[05:01:41.344] [5] [ Info] [Eco] Запуск Плагин паузы...  
[05:01:43.058] [6] [ Info] [Eco] Инициализация навыков...  
[05:01:43.142] [8] [ Info] [Eco] Запуск БДСтатистики...  
[05:01:43.142] [16] [ Info] [Eco] Запуск ПлагинМира...  
[05:01:43.188] [16] [ Info] [Eco] Инициализация мира...  
[05:01:43.188] [16] [ Info] [Eco] Запуск ПлагинВремени...  
[05:01:43.188] [16] [ Info] [Eco] Запуск ПлагинРепутации...  
[05:01:43.188] [16] [ Info] [Eco] Запуск МенеджерЖильяИгроков...  
[05:01:43.188] [16] [ Info] [Eco] Запуск МенеджерПользователей...  
[05:01:43.239] [16] [ Info] [Eco] Инициализация инвентарей...  
[05:01:43.282] [16] [ Info] [Eco] Запуск МенеджерОбъектовЭко...  
[05:01:43.282] [5] [ Info] [Eco] Запуск ПлагинМусора...  
[05:01:43.282] [6] [ Info] [Eco] Запуск VoiceManager...  
[05:01:43.282] [10] [ Info] [Eco] Запуск СерверЧата...  
[05:01:43.282] [15] [ Info] [Eco] Запуск МенеджерКонтроллера...  
[05:01:43.282] [13] [ Info] [Eco] Запуск НастройкиСложности...  
[05:01:43.282] [16] [ Info] [Eco] Запуск ПлагинЭкономики...  
[05:01:43.282] [17] [ Info] [Eco] Запуск ПлагинУгроз...  
[05:01:43.342] [16] [ Info] [Eco] Запуск Законодательство...  
[05:01:43.342] [16] [ Info] [Eco] Запуск МенеджерСобственности...  
[05:01:43.342] [16] [ Info] [Eco] Запуск МенеджерМиникарты...  
[05:01:43.376] [16] [ Info] [Eco] Запуск СимуляцияЭко...  
[05:01:43.481] [16] [ Info] [Eco] Инициализация растений...  
[05:01:43.534] [16] [ Info] [Eco] Запуск RouteProbingPlugin...  
[05:01:43.534] [16] [ Info] [Eco] Запуск МенеджерСлоёвМира...  
[05:01:43.558] [16] [ Info] [Eco] Запуск ТрекерЭкономики...  
[05:01:43.564] [16] [ Info] [Eco] Запуск UserTracker...  
[05:01:43.564] [16] [ Info] [Eco] Запуск МенеджерМировыхОбъектов...  
[05:01:43.647] [16] [ Info] [Eco] Запуск ПлагинКомнат...  
[05:01:43.658] [16] [ Info] [Eco] Запуск ПлагинЦелей...  
[05:01:43.676] [16] [ Info] [Eco] Запуск ПлагинСна...  
[05:01:43.922] [1] [ Info] [Eco] Запуск ПлагинВебСервера...  
[05:01:43.922] [1] [ Info] [Eco] Запуск OtherAliasCategory...  
[05:01:43.922] [10] [ Info] [Eco] Запуск ПлагинТестовИнтеграции...  
[05:01:43.941] [1] [ Info] [Eco] Инициализируем ПлагинПеревода...  
[05:01:43.941] [1] [ Info] [Eco] Инициализируем ПлагинНабораМодификаций...  
[05:01:44.193] [1] [ Info] [Eco] Инициализируем ПлагинГенератораМира...  
[05:01:44.216] [1] [ Info] [Eco] Генерация мира 2,96km²...  
[05:03:57.755] [1] [ Info] [Eco] Генерация рельефа...  
[05:07:16.171] [1] [ Info] [Eco] Кэширование данных мира...  
[05:07:39.525] [1] [ Info] [Eco] Размещение воды...  
[05:07:43.365] [1] [ Info] [Eco] Создание специальных функций...  
[05:07:43.467] [1] [ Info] [Eco] Выдавливание скал...  
[05:07:54.394] [1] [ Info] [Eco] Обработка (Проход 1)...  
[05:09:52.687] [170] [ Info] [Eco] Инициализация слоёв мира...  
[05:10:01.036] [170] [ Info] [Eco] Обработка слоёв мира...  
[05:11:09.011] [1] [ Info] [Eco] Обработка (Проход 2)...  
[05:11:14.597] [1] [ Info] [Eco] Вычисление статистики...  
[05:11:18.030] [1] [ Info] [Eco] Определение видимости...  
[05:11:19.892] [1] [ Info] [Eco] Сжатие...  
[05:11:41.529] [1] [ Info] [Eco] Сохранение мира...  
[05:11:47.290] [1] [ Info] [Eco] Генерация мира 2,96km² завершена за 603 073,3мс
 
[05:11:47.290] [1] [ Info] [Eco] Инициализируем МенеджерПользователей...  
[05:11:47.290] [1] [ Info] [Eco] Инициализируем ПлагинМусора...  
[05:11:47.300] [1] [ Info] [Eco] Инициализируем ПлагинЭкономики...  
[05:11:47.323] [1] [ Info] [Eco] Инициализируем Законодательство...  
[05:11:47.396] [1] [ Info] [Eco] Инициализируем МенеджерСобственности...  
[05:11:47.396] [1] [ Info] [Eco] Инициализируем МенеджерМиникарты...  
[05:11:48.549] [1] [ Info] [Eco] Инициализируем UserTracker...  
[05:11:48.549] [1] [ Info] [Eco] Инициализируем МенеджерМировыхОбъектов...  
[05:11:48.600] [1] [ Info] [Eco] Инициализируем ПлагинКомнат...  
[05:11:48.600] [1] [ Info] [Eco] Инициализируем ПлагинСна...  
[05:11:48.600] [1] [ Info] [Eco] Инициализируем ПлагинМира...  
[05:11:48.600] [1] [ Info] [Eco] Обработка...  
[05:11:48.644] [1] [ Info] [Eco] Сжатие...  
[05:11:48.994] [1] [ Info] [Eco] Инициализируем МенеджерСети...  
[05:11:49.207] [1] [ Info] [Eco] Инициализируем МенеджерСлоёвМира...  
[05:11:49.207] [1] [ Info] [Eco] Инициализируем ПлагинВебСервера...  
[05:11:49.951] [1] [ Info] [Eco] Инициализируем ПлагинТестовИнтеграции...  
[05:11:50.005] [1] [ Info] [Eco] Server Initialization завершена за 612 718,6мс
 
[05:17:03.488] [182] [ Info] [log] AmeriQ invoked admin command '/fly' 
[05:17:12.686] [204] [ Info] [log] max invoked admin command '/fly' 
[05:18:01.156] [237] [ Info] [log] xotab invoked admin command '/fly' 
[05:18:37.588] [235] [ Info] [log] letmeplay invoked admin command '/fly' 
[05:24:14.982] [182] [ Info] [log] AmeriQ invoked admin command '/teleport letmeplay' 
[05:24:40.654] [235] [ Info] [log] letmeplay invoked admin command '/teleport' 
[05:24:55.774] [182] [ Info] [log] AmeriQ invoked admin command '/teleport ameriq letmeplay' 
[05:26:00.717] [182] [ Info] [log] AmeriQ invoked admin command '/give Hammer' 
[05:28:39.176] [235] [ Info] [log] letmeplay invoked admin command '/fly' 
[05:29:46.020] [235] [ Info] [log] letmeplay invoked admin command '/fly' 
[05:30:32.817] [235] [ Info] [log] letmeplay invoked admin command '/fly' 
[05:30:38.425] [237] [ Info] [log] xotab invoked admin command '/fly' 
[05:30:43.071] [182] [ Info] [log] AmeriQ invoked admin command '/fly' 
[05:31:34.820] [182] [ Info] [log] AmeriQ invoked admin command '/give Stone Road 20' 
[05:32:22.137] [235] [ Info] [log] letmeplay invoked admin command '/give кирпич' 
[05:32:29.370] [182] [ Info] [log] AmeriQ invoked admin command '/give Mortared Stone 20' 
[05:32:30.249] [235] [ Info] [log] letmeplay invoked admin command '/give кирпич,20' 
[05:32:32.852] [235] [ Info] [log] letmeplay invoked admin command '/give кирпич,16' 
[05:33:16.979] [182] [ Info] [log] AmeriQ invoked admin command '/give Road Tool' 
[05:33:29.706] [235] [ Info] [log] letmeplay invoked admin command '/give road Tool' 
[05:33:38.260] [182] [ Info] [log] AmeriQ invoked admin command '/give Road Tool' 
[05:33:44.116] [235] [ Info] [log] letmeplay invoked admin command '/give road Tool,5' 
[05:33:46.002] [182] [ Info] [log] AmeriQ invoked admin command '/give Road Tool' 
[05:33:47.807] [204] [ Info] [log] max invoked admin command '/give road tool' 
[05:34:04.542] [235] [ Info] [log] letmeplay invoked admin command '/give склад' 
[05:36:17.380] [234] [ Info] [log] letmeplay invoked admin command '/give Кирпич,20' 
[05:36:21.539] [182] [ Info] [log] AmeriQ invoked admin command '/give кирпич, 20' 
[05:36:24.412] [182] [ Info] [log] AmeriQ invoked admin command '/give кирпич, 20' 
[05:36:27.303] [182] [ Info] [log] AmeriQ invoked admin command '/give кирпич, 20' 
[05:36:29.225] [182] [ Info] [log] AmeriQ invoked admin command '/give кирпич, 20' 
[05:36:30.939] [182] [ Info] [log] AmeriQ invoked admin command '/give кирпич, 20' 
[05:36:32.916] [182] [ Info] [log] AmeriQ invoked admin command '/give кирпич, 20' 
[05:36:34.649] [182] [ Info] [log] AmeriQ invoked admin command '/give кирпич, 20' 
[05:37:11.864] [182] [ Info] [log] AmeriQ invoked admin command '/give hammer' 
[05:38:06.662] [234] [ Info] [log] letmeplay invoked admin command '/eat' 
[05:38:14.351] [182] [ Info] [log] AmeriQ invoked admin command '/eat' 
[05:38:17.877] [204] [ Info] [log] max invoked admin command '/eat' 
[05:41:00.786] [204] [ Info] [log] max invoked admin command '/fly' 
[05:41:09.419] [182] [ Info] [log] AmeriQ invoked admin command '/give кирпич, 20' 
[05:41:11.498] [182] [ Info] [log] AmeriQ invoked admin command '/give кирпич, 20' 
[05:41:13.356] [182] [ Info] [log] AmeriQ invoked admin command '/give кирпич, 20' 
[05:41:15.036] [182] [ Info] [log] AmeriQ invoked admin command '/give кирпич, 20' 
[05:41:16.748] [182] [ Info] [log] AmeriQ invoked admin command '/give кирпич, 20' 
[05:41:18.400] [182] [ Info] [log] AmeriQ invoked admin command '/give кирпич, 20' 
[05:41:20.137] [182] [ Info] [log] AmeriQ invoked admin command '/give кирпич, 20' 
[05:41:23.348] [182] [ Info] [log] AmeriQ invoked admin command '/give кирпич, 20' 
[05:42:06.187] [237] [ Info] [log] xotab invoked admin command '/fly' 
[05:43:16.980] [237] [ Info] [log] xotab invoked admin command '/fly' 
[05:44:08.910] [234] [ Info] [log] letmeplay invoked admin command '/fly' 
[05:44:13.332] [234] [ Info] [log] letmeplay invoked admin command '/fly' 
[05:44:27.387] [182] [ Info] [log] AmeriQ invoked admin command '/give Stone Brazier' 
[05:44:33.552] [234] [ Info] [log] letmeplay invoked admin command '/fly' 
[05:44:35.847] [234] [ Info] [log] letmeplay invoked admin command '/fly' 
[05:44:49.483] [182] [ Info] [log] AmeriQ invoked admin command '/give Stone Brazier' 
[05:46:20.093] [182] [ Info] [log] AmeriQ invoked admin command '/give stockpile' 
[05:46:31.909] [237] [ Info] [log] xotab invoked admin command '/eat' 
[05:47:16.636] [182] [ Info] [log] AmeriQ invoked admin command '/give Телега' 
[05:47:51.800] [182] [ Info] [log] AmeriQ invoked admin command '/give metal shovel' 
[05:48:03.455] [182] [ Info] [log] AmeriQ invoked admin command '/give лопата' 
[05:48:40.245] [204] [ Info] [log] max invoked admin command '/give metal shovel' 
[05:49:17.480] [182] [ Info] [log] AmeriQ invoked admin command '/give лопата' 
[05:49:58.688] [182] [ Info] [log] AmeriQ invoked admin command '/fly' 
[05:51:43.600] [204] [ Info] [log] max invoked admin command '/give лопата' 
[05:53:30.199] [182] [ Info] [log] AmeriQ invoked admin command '/fly' 
[05:59:05.951] [234] [ Info] [log] letmeplay invoked admin command '/fly' 
[05:59:09.348] [234] [ Info] [log] letmeplay invoked admin command '/fly' 
[06:02:26.335] [234] [ Info] [log] letmeplay invoked admin command '/durability 100' 
[06:02:33.446] [234] [ Info] [log] letmeplay invoked admin command '/durability 1000' 
[06:02:58.918] [204] [ Info] [log] max invoked admin command '/durability 1000' 
[06:03:13.119] [234] [ Info] [log] letmeplay invoked admin command '/fly' 
[06:03:16.499] [234] [ Info] [log] letmeplay invoked admin command '/fly' 
[06:04:01.946] [237] [ Info] [log] xotab invoked admin command '/eat' 
[06:05:03.096] [182] [ Info] [log] AmeriQ invoked admin command '/fly' 
[06:07:40.175] [182] [ Info] [log] AmeriQ invoked admin command '/eat' 
[06:07:53.457] [204] [ Info] [log] max invoked admin command '/eat' 
[06:10:07.302] [182] [ Info] [log] AmeriQ invoked admin command '/clearrubble 2' 
[06:10:10.923] [182] [ Info] [log] AmeriQ invoked admin command '/clearrubble 2' 
[06:10:14.029] [182] [ Info] [log] AmeriQ invoked admin command '/clearrubble 2' 
[06:10:37.240] [204] [ Info] [log] max invoked admin command '/durability 1000' 
[06:10:53.890] [182] [ Info] [log] AmeriQ invoked admin command '/fly' 
[06:11:14.027] [182] [ Info] [log] AmeriQ invoked admin command '/clearrubble 2' 
[06:11:16.170] [182] [ Info] [log] AmeriQ invoked admin command '/clearrubble 2' 
[06:11:18.485] [182] [ Info] [log] AmeriQ invoked admin command '/clearrubble 2' 
[06:11:20.749] [182] [ Info] [log] AmeriQ invoked admin command '/clearrubble 2' 
[06:11:30.059] [182] [ Info] [log] AmeriQ invoked admin command '/clearrubble 2' 
[06:11:37.808] [182] [ Info] [log] AmeriQ invoked admin command '/clearrubble 2' 
[06:11:41.939] [182] [ Info] [log] AmeriQ invoked admin command '/clearrubble 2' 
[06:11:45.159] [182] [ Info] [log] AmeriQ invoked admin command '/clearrubble 2' 
[06:11:56.361] [204] [ Info] [log] max invoked admin command '/eat' 
[06:12:01.233] [182] [ Info] [log] AmeriQ invoked admin command '/clearrubble 2' 
[06:12:38.999] [234] [ Info] [log] letmeplay invoked admin command '/eat' 
[06:12:39.702] [182] [ Info] [log] AmeriQ invoked admin command '/dump' 
[06:12:48.497] [182] [ Info] [log] AmeriQ invoked admin command '/dump' 
[06:12:52.783] [182] [ Info] [log] AmeriQ invoked admin command '/dump' 
[06:12:55.608] [182] [ Info] [log] AmeriQ invoked admin command '/dump' 
[06:12:58.284] [182] [ Info] [log] AmeriQ invoked admin command '/dump' 
[06:13:01.239] [182] [ Info] [log] AmeriQ invoked admin command '/dump' 
[06:13:04.465] [182] [ Info] [log] AmeriQ invoked admin command '/dump' 
[06:13:06.033] [237] [ Info] [log] xotab invoked admin command '/clearrubble 2' 
[06:13:07.617] [182] [ Info] [log] AmeriQ invoked admin command '/dump' 
[06:13:10.983] [237] [ Info] [log] xotab invoked admin command '/clearrubble 2' 
[06:13:13.389] [182] [ Info] [log] AmeriQ invoked admin command '/dump' 
[06:13:18.804] [237] [ Info] [log] xotab invoked admin command '/clearrubble 2' 
[06:13:24.083] [237] [ Info] [log] xotab invoked admin command '/clearrubble 2' 
[06:13:27.930] [182] [ Info] [log] AmeriQ invoked admin command '/give hammer' 
[06:13:31.601] [237] [ Info] [log] xotab invoked admin command '/clearrubble 2' 
[06:13:36.026] [237] [ Info] [log] xotab invoked admin command '/clearrubble 2' 
[06:13:37.931] [182] [ Info] [log] AmeriQ invoked admin command '/clearrubble 2' 
[06:13:40.119] [237] [ Info] [log] xotab invoked admin command '/clearrubble 2' 
[06:13:49.307] [182] [ Info] [log] AmeriQ invoked admin command '/dump' 
[06:13:49.441] [237] [ Info] [log] xotab invoked admin command '/clearrubble 2' 
[06:13:51.935] [182] [ Info] [log] AmeriQ invoked admin command '/give hammer' 
[06:13:55.231] [237] [ Info] [log] xotab invoked admin command '/clearrubble 2' 
[06:13:58.289] [182] [ Info] [log] AmeriQ invoked admin command '/give лопата' 
[06:14:01.046] [237] [ Info] [log] xotab invoked admin command '/clearrubble 2' 
[06:14:07.168] [237] [ Info] [log] xotab invoked admin command '/clearrubble 2' 
[06:14:11.244] [182] [ Info] [log] AmeriQ invoked admin command '/give телега' 
[06:14:11.967] [237] [ Info] [log] xotab invoked admin command '/clearrubble 2' 
[06:14:20.484] [237] [ Info] [log] xotab invoked admin command '/clearrubble 2' 
[06:14:25.052] [237] [ Info] [log] xotab invoked admin command '/clearrubble 2' 
[06:14:32.404] [237] [ Info] [log] xotab invoked admin command '/clearrubble 2' 
[06:14:39.138] [237] [ Info] [log] xotab invoked admin command '/clearrubble 2' 
[06:14:43.240] [237] [ Info] [log] xotab invoked admin command '/clearrubble 2' 
[06:14:43.472] [204] [ Info] [log] max invoked admin command '/eat' 
[06:14:57.899] [237] [ Info] [log] xotab invoked admin command '/clearrubble 2' 
[06:15:02.758] [237] [ Info] [log] xotab invoked admin command '/clearrubble 2' 
[06:15:10.499] [237] [ Info] [log] xotab invoked admin command '/clearrubble 2' 
[06:15:14.635] [237] [ Info] [log] xotab invoked admin command '/clearrubble 2' 
[06:15:18.688] [237] [ Info] [log] xotab invoked admin command '/clearrubble 2' 
[06:15:22.226] [237] [ Info] [log] xotab invoked admin command '/clearrubble 2' 
[06:15:28.405] [237] [ Info] [log] xotab invoked admin command '/clearrubble 2' 
[06:15:32.555] [237] [ Info] [log] xotab invoked admin command '/clearrubble 2' 
[06:15:36.322] [237] [ Info] [log] xotab invoked admin command '/clearrubble 2' 
[06:15:40.442] [237] [ Info] [log] xotab invoked admin command '/clearrubble 2' 
[06:15:45.191] [237] [ Info] [log] xotab invoked admin command '/clearrubble 2' 
[06:15:51.380] [237] [ Info] [log] xotab invoked admin command '/clearrubble 2' 
[06:15:59.360] [237] [ Info] [log] xotab invoked admin command '/clearrubble 2' 
[06:16:03.904] [204] [ Info] [log] max invoked admin command '/fly' 
[06:16:35.450] [237] [ Info] [log] xotab invoked admin command '/clearrubble 2' 
[06:16:41.841] [237] [ Info] [log] xotab invoked admin command '/clearrubble 2' 
[06:17:06.631] [234] [ Info] [log] letmeplay invoked admin command '/give Кирпич,20' 
[06:17:56.981] [234] [ Info] [log] letmeplay invoked admin command '/give Кирпич,20' 
[06:18:03.931] [234] [ Info] [log] letmeplay invoked admin command '/give Кирпич,20' 
[06:18:05.921] [234] [ Info] [log] letmeplay invoked admin command '/eat' 
[06:18:07.826] [234] [ Info] [log] letmeplay invoked admin command '/fly' 
[06:18:10.000] [234] [ Info] [log] letmeplay invoked admin command '/fly' 
[06:18:26.243] [182] [ Info] [log] AmeriQ invoked admin command '/give земля 10' 
[06:18:40.191] [182] [ Info] [log] AmeriQ invoked admin command '/give dirt 10' 
[06:18:43.808] [182] [ Info] [log] AmeriQ invoked admin command '/give dirt 10' 
[06:18:56.443] [234] [ Info] [log] letmeplay invoked admin command '/give дверь' 
[06:19:38.932] [182] [ Info] [log] AmeriQ invoked admin command '/dump' 
[06:21:44.856] [182] [ Info] [log] AmeriQ invoked admin command '/give hammer' 
[06:22:13.501] [182] [ Info] [log] AmeriQ invoked admin command '/give тёсаное дерево 20' 
[06:22:24.793] [182] [ Info] [log] AmeriQ invoked admin command '/give тёсаная древесина 20' 
[06:22:48.229] [182] [ Info] [log] AmeriQ invoked admin command '/give Lumber 20' 
[06:22:51.875] [182] [ Info] [log] AmeriQ invoked admin command '/give lumber 20' 
[06:22:59.657] [234] [ Info] [log] letmeplay invoked admin command '/give дверь' 
[06:23:03.535] [182] [ Info] [log] AmeriQ invoked admin command '/give Hewn Log' 
[06:23:08.195] [182] [ Info] [log] AmeriQ invoked admin command '/give Hewn Log 19' 
[06:23:16.326] [182] [ Info] [log] AmeriQ invoked admin command '/give Hewn Log 10' 
[06:23:31.340] [182] [ Info] [log] AmeriQ invoked admin command '/give Hewn Log,10' 
[06:23:35.894] [182] [ Info] [log] AmeriQ invoked admin command '/give Hewn Log,10' 
[06:23:40.557] [182] [ Info] [log] AmeriQ invoked admin command '/give Hewn Log,15' 
[06:23:43.020] [182] [ Info] [log] AmeriQ invoked admin command '/give Hewn Log,15' 
[06:23:44.573] [182] [ Info] [log] AmeriQ invoked admin command '/give Hewn Log,15' 
[06:23:46.646] [182] [ Info] [log] AmeriQ invoked admin command '/give Hewn Log,15' 
[06:23:48.304] [182] [ Info] [log] AmeriQ invoked admin command '/give Hewn Log,15' 
[06:23:49.990] [182] [ Info] [log] AmeriQ invoked admin command '/give Hewn Log,15' 
[06:23:51.452] [182] [ Info] [log] AmeriQ invoked admin command '/give Hewn Log,15' 
[06:23:54.217] [182] [ Info] [log] AmeriQ invoked admin command '/give Hewn Log,15' 
[06:26:21.944] [182] [ Info] [log] AmeriQ invoked admin command '/give Hewn Log,15' 
[06:26:58.077] [234] [ Info] [log] letmeplay invoked admin command '/give камень' 
[06:28:36.679] [182] [ Info] [log] AmeriQ invoked admin command '/give Hewn Log,15' 
[06:28:40.780] [234] [ Info] [log] letmeplay invoked admin command '/give Кирпич,20' 
[06:28:45.892] [182] [ Info] [log] AmeriQ invoked admin command '/fly' 
[06:28:55.640] [182] [ Info] [log] AmeriQ invoked admin command '/give Hewn Log,15' 
[06:29:07.713] [182] [ Info] [log] AmeriQ invoked admin command '/give Hewn Log,15' 
[06:29:19.621] [182] [ Info] [log] AmeriQ invoked admin command '/give Hewn Log,15' 
[06:29:30.001] [182] [ Info] [log] AmeriQ invoked admin command '/give Hewn Log,15' 
[06:29:41.359] [234] [ Info] [log] letmeplay invoked admin command '/fly' 
[06:29:44.269] [234] [ Info] [log] letmeplay invoked admin command '/fly' 
[06:29:46.583] [234] [ Info] [log] letmeplay invoked admin command '/fly' 
[06:29:48.835] [234] [ Info] [log] letmeplay invoked admin command '/fly' 
[06:30:03.864] [237] [ Info] [log] xotab invoked admin command '/clearrubble 2' 
[06:30:11.403] [237] [ Info] [log] xotab invoked admin command '/clearrubble 2' 
[06:30:14.922] [182] [ Info] [log] AmeriQ invoked admin command '/fly' 
[06:30:17.021] [234] [ Info] [log] letmeplay invoked admin command '/give Кирпич,20' 
[06:30:17.544] [237] [ Info] [log] xotab invoked admin command '/clearrubble 2' 
[06:30:18.570] [182] [ Info] [log] AmeriQ invoked admin command '/fly' 
[06:30:21.603] [182] [ Info] [log] AmeriQ invoked admin command '/give Hewn Log,15' 
[06:30:24.481] [237] [ Info] [log] xotab invoked admin command '/clearrubble 2' 
[06:30:29.728] [237] [ Info] [log] xotab invoked admin command '/clearrubble 2' 
[06:30:42.434] [234] [ Info] [log] letmeplay invoked admin command '/fly' 
[06:30:44.002] [237] [ Info] [log] xotab invoked admin command '/clearrubble 2' 
[06:30:45.831] [234] [ Info] [log] letmeplay invoked admin command '/fly' 
[06:30:46.135] [182] [ Info] [log] AmeriQ invoked admin command '/give Hewn Log,15' 
[06:30:47.397] [234] [ Info] [log] letmeplay invoked admin command '/give Кирпич,20' 
[06:31:03.848] [204] [ Info] [log] max invoked admin command '/eat' 
[06:31:05.290] [237] [ Info] [log] xotab invoked admin command '/clearrubble 2' 
[06:31:12.450] [237] [ Info] [log] xotab invoked admin command '/clearrubble 2' 
[06:31:14.238] [182] [ Info] [log] AmeriQ invoked admin command '/give Hewn Log,15' 
[06:31:18.181] [237] [ Info] [log] xotab invoked admin command '/clearrubble 2' 
[06:31:19.927] [234] [ Info] [log] letmeplay invoked admin command '/give Кирпич,20' 
[06:31:22.531] [237] [ Info] [log] xotab invoked admin command '/clearrubble 2' 
[06:31:29.593] [237] [ Info] [log] xotab invoked admin command '/clearrubble 2' 
[06:31:37.996] [234] [ Info] [log] letmeplay invoked admin command '/fly' 
[06:31:41.437] [237] [ Info] [log] xotab invoked admin command '/clearrubble 2' 
[06:31:41.731] [234] [ Info] [log] letmeplay invoked admin command '/fly' 
[06:31:51.762] [182] [ Info] [log] AmeriQ invoked admin command '/give Hewn Log,15' 
[06:31:51.970] [237] [ Info] [log] xotab invoked admin command '/clearrubble 2' 
[06:31:55.827] [237] [ Info] [log] xotab invoked admin command '/clearrubble 2' 
[06:31:59.803] [234] [ Info] [log] letmeplay invoked admin command '/give Кирпич,20' 
[06:32:01.296] [237] [ Info] [log] xotab invoked admin command '/clearrubble 2' 
[06:32:05.536] [237] [ Info] [log] xotab invoked admin command '/clearrubble 2' 
[06:32:10.357] [234] [ Info] [log] letmeplay invoked admin command '/give Кирпич,20' 
[06:32:11.709] [234] [ Info] [log] letmeplay invoked admin command '/fly' 
[06:32:12.702] [237] [ Info] [log] xotab invoked admin command '/clearrubble 2' 
[06:32:20.031] [237] [ Info] [log] xotab invoked admin command '/clearrubble 2' 
[06:32:26.995] [237] [ Info] [log] xotab invoked admin command '/clearrubble 2' 
[06:32:27.456] [182] [ Info] [log] AmeriQ invoked admin command '/give Hewn Log,15' 
[06:32:33.981] [237] [ Info] [log] xotab invoked admin command '/clearrubble 2' 
[06:32:41.685] [237] [ Info] [log] xotab invoked admin command '/clearrubble 2' 
[06:32:45.899] [237] [ Info] [log] xotab invoked admin command '/clearrubble 2' 
[06:32:49.168] [237] [ Info] [log] xotab invoked admin command '/clearrubble 2' 
[06:32:54.932] [237] [ Info] [log] xotab invoked admin command '/clearrubble 2' 
[06:32:56.356] [182] [ Info] [log] AmeriQ invoked admin command '/give Hewn Log,15' 
[06:32:59.079] [237] [ Info] [log] xotab invoked admin command '/clearrubble 2' 
[06:32:59.896] [182] [ Info] [log] AmeriQ invoked admin command '/fly' 
[06:33:04.813] [237] [ Info] [log] xotab invoked admin command '/clearrubble 2' 
[06:33:08.661] [237] [ Info] [log] xotab invoked admin command '/clearrubble 2' 
[06:33:44.014] [237] [ Info] [log] xotab invoked admin command '/fly' 
[06:33:51.986] [234] [ Info] [log] letmeplay invoked admin command '/give Кирпич,20' 
[06:34:01.186] [182] [ Info] [log] AmeriQ invoked admin command '/fly' 
[06:34:01.440] [234] [ Info] [log] letmeplay invoked admin command '/give Кирпич,20' 
[06:34:03.298] [182] [ Info] [log] AmeriQ invoked admin command '/fly' 
[06:34:04.645] [182] [ Info] [log] AmeriQ invoked admin command '/give Hewn Log,15' 
[06:34:39.321] [182] [ Info] [log] AmeriQ invoked admin command '/give Hewn Log,15' 
[06:35:02.871] [234] [ Info] [log] letmeplay invoked admin command '/give Кирпич,20' 
[06:35:04.575] [234] [ Info] [log] letmeplay invoked admin command '/fly' 
[06:35:27.998] [234] [ Info] [log] letmeplay invoked admin command '/give Кирпич,20' 
[06:36:34.296] [182] [ Info] [log] AmeriQ invoked admin command '/give Hewn Log,15' 
[06:36:35.272] [204] [ Info] [log] max invoked admin command '/durability 1000' 
[06:36:41.744] [182] [ Info] [log] AmeriQ invoked admin command '/give Hewn Log,15' 
[06:37:08.374] [204] [ Info] [log] max invoked admin command '/durability 1000' 
[06:37:16.659] [182] [ Info] [log] AmeriQ invoked admin command '/give Hewn Log,15' 
[06:37:41.456] [204] [ Info] [log] max invoked admin command '/durability 1000' 
[06:38:00.541] [182] [ Info] [log] AmeriQ invoked admin command '/give Hewn Log,15' 
[06:38:13.626] [204] [ Info] [log] max invoked admin command '/give кирпич 20' 
[06:38:40.287] [204] [ Info] [log] max invoked admin command '/give кирпич, 20' 
[06:38:44.030] [182] [ Info] [log] AmeriQ invoked admin command '/give Hewn Log,15' 
[06:39:10.151] [182] [ Info] [log] AmeriQ invoked admin command '/give Hewn Log,15' 
[06:39:56.985] [204] [ Info] [log] max invoked admin command '/give кирпич, 20' 
[06:40:50.570] [204] [ Info] [log] max invoked admin command '/give кирпич, 20' 
[06:41:20.637] [204] [ Info] [log] max invoked admin command '/give кирпич, 20' 
[06:41:43.269] [234] [ Info] [log] letmeplay invoked admin command '/give Кирпич,20' 
[06:41:53.341] [182] [ Info] [log] AmeriQ invoked admin command '/give Hewn Log,15' 
[06:41:54.424] [204] [ Info] [log] max invoked admin command '/give кирпич, 20' 
[06:42:48.247] [237] [ Info] [log] xotab invoked admin command '/fly' 
[06:43:46.400] [204] [ Info] [log] max invoked admin command '/give кирпич, 20' 
[06:43:48.806] [182] [ Info] [log] AmeriQ invoked admin command '/dump' 
[06:43:54.689] [182] [ Info] [log] AmeriQ invoked admin command '/give door' 
[06:43:57.361] [182] [ Info] [log] AmeriQ invoked admin command '/give door' 
[06:44:18.346] [204] [ Info] [log] max invoked admin command '/give кирпич, 20' 
[06:44:45.905] [234] [ Info] [log] letmeplay invoked admin command '/give дверь' 
[06:44:50.325] [234] [ Info] [log] letmeplay invoked admin command '/give дверь' 
[06:45:04.834] [204] [ Info] [log] max invoked admin command '/give кирпич, 20' 
[06:45:22.920] [204] [ Info] [log] max invoked admin command '/give кирпич, 20' 
[06:45:38.883] [204] [ Info] [log] max invoked admin command '/give кирпич, 20' 
[06:46:19.240] [182] [ Info] [log] AmeriQ invoked admin command '/give mortared stone,10' 
[06:46:25.006] [234] [ Info] [log] letmeplay invoked admin command '/give Кирпич,20' 
[06:46:26.411] [204] [ Info] [log] max invoked admin command '/give кирпич, 20' 
[06:46:29.228] [182] [ Info] [log] AmeriQ invoked admin command '/give hammer' 
[06:47:07.085] [234] [ Info] [log] letmeplay invoked admin command '/give Кирпич,20' 
[06:47:08.469] [182] [ Info] [log] AmeriQ invoked admin command '/give metal door' 
[06:47:10.076] [204] [ Info] [log] max invoked admin command '/give кирпич, 20' 
[06:47:11.526] [182] [ Info] [log] AmeriQ invoked admin command '/give metaldoor' 
[06:47:29.581] [182] [ Info] [log] AmeriQ invoked admin command '/give mortared stone,20' 
[06:47:31.582] [204] [ Info] [log] max invoked admin command '/give кирпич, 20' 
[06:47:33.307] [182] [ Info] [log] AmeriQ invoked admin command '/give mortared stone,15' 
[06:47:53.411] [234] [ Info] [log] letmeplay invoked admin command '/give Кирпич,20' 
[06:48:08.026] [234] [ Info] [log] letmeplay invoked admin command '/give склад,2' 
[06:48:20.924] [182] [ Info] [log] AmeriQ invoked admin command '/give mortared stone,15' 
[06:49:23.246] [204] [ Info] [log] max invoked admin command '/give кирпич, 20' 
[06:49:27.881] [182] [ Info] [log] AmeriQ invoked admin command '/give mortared stone,15' 
[06:50:05.190] [182] [ Info] [log] AmeriQ invoked admin command '/give mortared stone,15' 
[06:50:27.084] [204] [ Info] [log] max invoked admin command '/eat' 
[06:50:58.417] [182] [ Info] [log] AmeriQ invoked admin command '/give mortared stone,15' 
[06:51:08.205] [182] [ Info] [log] AmeriQ invoked admin command '/give mortared stone,15' 
[06:51:27.657] [182] [ Info] [log] AmeriQ invoked admin command '/give mortared stone,15' 
[06:51:31.172] [234] [ Info] [log] letmeplay invoked admin command '/give Кирпич,20' 
[06:51:59.550] [234] [ Info] [log] letmeplay invoked admin command '/fly' 
[06:52:04.163] [234] [ Info] [log] letmeplay invoked admin command '/fly' 
[06:52:08.152] [182] [ Info] [log] AmeriQ invoked admin command '/give mortared stone,15' 
[06:52:22.798] [234] [ Info] [log] letmeplay invoked admin command '/give Кирпич,20' 
[06:52:35.463] [182] [ Info] [log] AmeriQ invoked admin command '/give mortared stone,15' 
[06:52:47.332] [234] [ Info] [log] letmeplay invoked admin command '/give Кирпич,20' 
[06:53:04.619] [182] [ Info] [log] AmeriQ invoked admin command '/give mortared stone,15' 
[06:53:11.475] [234] [ Info] [log] letmeplay invoked admin command '/give Кирпич,20' 
[06:53:15.814] [182] [ Info] [log] AmeriQ invoked admin command '/give mortared stone,15' 
[06:54:03.939] [237] [ Info] [log] xotab invoked admin command '/record' 
[06:54:45.463] [234] [ Info] [log] letmeplay invoked admin command '/fly' 
[06:54:49.065] [182] [ Info] [log] AmeriQ invoked admin command '/give mortared stone,15' 
[06:55:02.853] [182] [ Info] [log] AmeriQ invoked admin command '/give mortared stone,15' 
[06:55:39.188] [182] [ Info] [log] AmeriQ invoked admin command '/give mortared stone,15' 
[06:55:49.009] [182] [ Info] [log] AmeriQ invoked admin command '/give mortared stone,15' 
[06:56:00.218] [182] [ Info] [log] AmeriQ invoked admin command '/give mortared stone,15' 
[06:56:25.883] [234] [ Info] [log] letmeplay invoked admin command '/fly' 
[06:56:55.684] [182] [ Info] [log] AmeriQ invoked admin command '/give Hewn Log,15' 
[06:57:22.734] [234] [ Info] [log] letmeplay invoked admin command '/fly' 
[06:57:45.077] [234] [ Info] [log] letmeplay invoked admin command '/give верстак' 
[06:57:50.649] [234] [ Info] [log] letmeplay invoked admin command '/fly' 
[06:58:01.586] [182] [ Info] [log] AmeriQ invoked admin command '/dump' 
[06:58:05.533] [182] [ Info] [log] AmeriQ invoked admin command '/dump' 
[06:58:08.274] [182] [ Info] [log] AmeriQ invoked admin command '/dump' 
[06:58:10.684] [182] [ Info] [log] AmeriQ invoked admin command '/dump' 
[06:58:13.682] [182] [ Info] [log] AmeriQ invoked admin command '/dump' 
[06:58:16.334] [182] [ Info] [log] AmeriQ invoked admin command '/dump' 
[06:58:22.010] [182] [ Info] [log] AmeriQ invoked admin command '/give hammer' 
[06:58:24.173] [234] [ Info] [log] letmeplay invoked admin command '/give плотницкий верстак' 
[06:59:09.219] [234] [ Info] [log] letmeplay invoked admin command '/give маленькая вывеска из тёсанных брёвен,4' 
[06:59:55.434] [182] [ Info] [log] AmeriQ invoked admin command '/give Large Hanging Stone Sign' 
[07:00:15.066] [182] [ Info] [log] AmeriQ invoked admin command '/give Large Standing Stone Sign' 
[07:01:08.470] [182] [ Info] [log] AmeriQ invoked admin command '/give Large Corrugated Steel Door,2' 
[07:02:02.902] [182] [ Info] [log] AmeriQ invoked admin command '/give Stone Door,2' 
[07:02:08.740] [234] [ Info] [log] letmeplay invoked admin command '/give стол риэлтора' 
[07:02:15.808] [234] [ Info] [log] letmeplay invoked admin command '/give стол риелтора' 
[07:03:20.646] [182] [ Info] [log] AmeriQ invoked admin command '/fly' 
[07:05:24.162] [182] [ Info] [log] AmeriQ invoked admin command '/give Distribution Station' 
[07:08:17.460] [182] [ Info] [log] AmeriQ invoked admin command '/give Small Hanging Lumber Sign' 
[07:08:28.610] [182] [ Info] [log] AmeriQ invoked admin command '/give Small Hanging Lumber Sign,3' 
[07:09:20.208] [182] [ Info] [log] AmeriQ invoked admin command '/give Mortared Stone,15' 
[07:09:25.293] [182] [ Info] [log] AmeriQ invoked admin command '/fly' 
[07:09:40.264] [182] [ Info] [log] AmeriQ invoked admin command '/fly' 
[07:10:01.864] [182] [ Info] [log] AmeriQ invoked admin command '/dump' 
[07:11:13.729] [182] [ Info] [log] AmeriQ invoked admin command '/give Large Hanging Stone Sign' 
[07:12:21.860] [182] [ Info] [log] AmeriQ invoked admin command '/give Large Hanging Stone Sign' 
[07:12:26.305] [182] [ Info] [log] AmeriQ invoked admin command '/fly' 
[07:12:50.786] [182] [ Info] [log] AmeriQ invoked admin command '/give hammer' 
[07:13:06.540] [182] [ Info] [log] AmeriQ invoked admin command '/give Large Hanging Hewn Log Sign' 
[07:13:28.363] [234] [ Info] [log] letmeplay invoked admin command '/give наковальня' 
[07:14:01.866] [234] [ Info] [log] letmeplay invoked admin command '/give пресс для чеканки монет' 
[07:15:38.782] [234] [ Info] [log] letmeplay invoked admin command '/give банк' 
[07:15:57.897] [234] [ Info] [log] letmeplay invoked admin command '/eat' 
[07:17:14.876] [182] [ Info] [log] AmeriQ invoked admin command '/give Large Hanging Stone Sign,2' 
[07:18:48.777] [234] [ Info] [log] letmeplay invoked admin command '/give казна' 
[07:21:27.352] [234] [ Info] [log] letmeplay invoked admin command '/give обмен валюты' 
[07:22:59.405] [182] [ Info] [log] AmeriQ invoked admin command '/leader letmeplay' 
[07:25:15.019] [182] [ Info] [log] AmeriQ invoked admin command '/give кирпич 20' 
[07:25:20.347] [182] [ Info] [log] AmeriQ invoked admin command '/give кирпич,20' 
[07:33:12.110] [182] [ Info] [log] AmeriQ invoked admin command '/give растительные волокна 1' 
[07:33:37.246] [182] [ Info] [log] AmeriQ invoked admin command '/give Растительные волокна,1' 
[07:49:10.234] [182] [ Info] [log] AmeriQ invoked admin command '/fly' 
[08:07:50.602] [182] [ Info] [log] AmeriQ invoked admin command '/eat' 
[08:11:22.941] [234] [ Info] [log] letmeplay invoked admin command '/give доска объявлений' 
[08:16:54.981] [182] [ Info] [log] AmeriQ invoked admin command '/dump' 
[08:17:12.208] [182] [ Info] [log] AmeriQ invoked admin command '/dump' 
[08:17:17.625] [182] [ Info] [log] AmeriQ invoked admin command '/dump' 
[08:17:28.918] [182] [ Info] [log] AmeriQ invoked admin command '/give hammer' 
[08:18:07.270] [182] [ Info] [log] AmeriQ invoked admin command '/dump' 
[08:52:23.995] [231] [ Info] [log] max invoked admin command '/eat' 
[09:10:17.855] [231] [ Info] [log] max invoked admin command '/eat' 
[09:16:33.360] [182] [ Info] [log] AmeriQ invoked admin command '/eat' 
[09:20:09.487] [182] [ Info] [log] AmeriQ invoked admin command '/give лопата' 
[09:20:27.211] [182] [ Info] [log] AmeriQ invoked admin command '/give ручная трамбовка' 
[09:26:51.067] [182] [ Info] [log] AmeriQ invoked admin command '/give Large Standing Lumber Sign,4' 
[09:27:29.904] [182] [ Info] [log] AmeriQ invoked admin command '/give Large Standing Lumber Sign,2' 
[09:31:18.300] [182] [ Info] [log] AmeriQ invoked admin command '/give Steel Floor Lamp' 
[09:31:36.250] [182] [ Info] [log] AmeriQ invoked admin command '/give hammer' 
[09:35:52.735] [234] [ Info] [log] letmeplay invoked admin command '/claimrect' 
[09:36:09.718] [234] [ Info] [log] letmeplay invoked admin command '/claimrect' 
[09:37:27.008] [182] [ Info] [log] AmeriQ invoked admin command '/unclaim' 
[09:37:57.478] [182] [ Info] [log] AmeriQ invoked admin command '/unclaim' 
[09:38:01.071] [182] [ Info] [log] AmeriQ invoked admin command '/unclaim' 
[09:38:04.225] [182] [ Info] [log] AmeriQ invoked admin command '/unclaim' 
[09:38:11.882] [182] [ Info] [log] AmeriQ invoked admin command '/unclaim' 
[09:38:14.590] [182] [ Info] [log] AmeriQ invoked admin command '/unclaim' 
[09:38:18.848] [182] [ Info] [log] AmeriQ invoked admin command '/unclaim' 
[09:38:31.037] [182] [ Info] [log] AmeriQ invoked admin command '/unclaim' 
[09:38:35.018] [182] [ Info] [log] AmeriQ invoked admin command '/unclaim' 
[09:38:38.984] [182] [ Info] [log] AmeriQ invoked admin command '/unclaim' 
[09:38:38.999] [234] [ Info] [log] letmeplay invoked admin command '/unclaim' 
[09:38:42.152] [234] [ Info] [log] letmeplay invoked admin command '/unclaim' 
[09:38:46.455] [234] [ Info] [log] letmeplay invoked admin command '/unclaim' 
[09:38:49.469] [182] [ Info] [log] AmeriQ invoked admin command '/unclaim' 
[09:38:52.282] [234] [ Info] [log] letmeplay invoked admin command '/unclaim' 
[09:38:56.986] [182] [ Info] [log] AmeriQ invoked admin command '/unclaim' 
[09:39:02.486] [182] [ Info] [log] AmeriQ invoked admin command '/unclaim' 
[09:39:03.944] [234] [ Info] [log] letmeplay invoked admin command '/unclaim' 
[09:39:05.459] [182] [ Info] [log] AmeriQ invoked admin command '/unclaim' 
[09:39:05.947] [234] [ Info] [log] letmeplay invoked admin command '/unclaim' 
[09:39:08.022] [234] [ Info] [log] letmeplay invoked admin command '/unclaim' 
[09:39:09.519] [182] [ Info] [log] AmeriQ invoked admin command '/unclaim' 
[09:39:10.569] [234] [ Info] [log] letmeplay invoked admin command '/unclaim' 
[09:39:12.640] [234] [ Info] [log] letmeplay invoked admin command '/unclaim' 
[09:39:14.468] [234] [ Info] [log] letmeplay invoked admin command '/unclaim' 
[09:39:14.689] [182] [ Info] [log] AmeriQ invoked admin command '/unclaim' 
[09:39:19.587] [234] [ Info] [log] letmeplay invoked admin command '/unclaim' 
[09:39:26.843] [182] [ Info] [log] AmeriQ invoked admin command '/unclaim' 
[09:39:28.177] [234] [ Info] [log] letmeplay invoked admin command '/unclaim' 
[09:42:13.068] [234] [ Info] [log] letmeplay invoked admin command '/level' 
[09:42:27.168] [234] [ Info] [log] letmeplay invoked admin command '/level' 
[09:42:33.791] [234] [ Info] [log] letmeplay invoked admin command '/level' 
[09:42:40.013] [234] [ Info] [log] letmeplay invoked admin command '/level' 
[09:42:43.259] [234] [ Info] [log] letmeplay invoked admin command '/level' 
[09:42:45.639] [234] [ Info] [log] letmeplay invoked admin command '/level' 
[09:42:50.583] [234] [ Info] [log] letmeplay invoked admin command '/level' 
[09:42:53.085] [234] [ Info] [log] letmeplay invoked admin command '/level' 
[09:42:56.137] [234] [ Info] [log] letmeplay invoked admin command '/level' 
[09:43:03.970] [234] [ Info] [log] letmeplay invoked admin command '/level' 
[09:43:07.598] [234] [ Info] [log] letmeplay invoked admin command '/level' 
[09:43:15.040] [234] [ Info] [log] letmeplay invoked admin command '/level' 
[09:43:17.249] [234] [ Info] [log] letmeplay invoked admin command '/level' 
[09:43:19.444] [234] [ Info] [log] letmeplay invoked admin command '/level' 
[09:43:23.655] [234] [ Info] [log] letmeplay invoked admin command '/level' 
[09:43:29.836] [234] [ Info] [log] letmeplay invoked admin command '/level' 
[09:43:38.374] [234] [ Info] [log] letmeplay invoked admin command '/level' 
[09:43:41.531] [234] [ Info] [log] letmeplay invoked admin command '/level' 
[09:43:44.097] [234] [ Info] [log] letmeplay invoked admin command '/level' 
[09:43:46.578] [234] [ Info] [log] letmeplay invoked admin command '/level' 
[09:43:49.165] [234] [ Info] [log] letmeplay invoked admin command '/level' 
[09:43:51.700] [234] [ Info] [log] letmeplay invoked admin command '/level' 
[09:43:53.799] [234] [ Info] [log] letmeplay invoked admin command '/level' 
[09:43:56.539] [234] [ Info] [log] letmeplay invoked admin command '/level' 
[09:43:58.554] [182] [ Info] [log] AmeriQ invoked admin command '/eat' 
[09:44:00.539] [234] [ Info] [log] letmeplay invoked admin command '/level' 
[09:44:03.359] [234] [ Info] [log] letmeplay invoked admin command '/level' 
[09:44:10.357] [234] [ Info] [log] letmeplay invoked admin command '/level' 
[09:44:32.670] [234] [ Info] [log] letmeplay invoked admin command '/listusers' 
[09:44:48.277] [182] [ Info] [log] AmeriQ invoked admin command '/eat' 
[09:44:52.153] [234] [ Info] [log] letmeplay invoked admin command '/massplant -' 
[09:45:12.939] [234] [ Info] [log] letmeplay invoked admin command '/openserverui' 
[09:46:54.368] [234] [ Info] [log] letmeplay invoked admin command '/openserverui' 
[09:49:41.153] [182] [ Info] [log] AmeriQ invoked admin command '/fly' 
[09:50:37.425] [234] [ Info] [log] letmeplay invoked admin command '/titleadd Министр экономики' 
[09:52:38.550] [182] [ Info] [log] AmeriQ invoked admin command '/give land claim papers,150' 
[09:53:52.618] [234] [ Info] [log] letmeplay invoked admin command '/titleadd Министр лесного хозяйства' 
[09:54:26.100] [234] [ Info] [log] letmeplay invoked admin command '/titleadd Министр горной промышленности' 
[09:54:54.163] [234] [ Info] [log] letmeplay invoked admin command '/titleadd Министр сельского хозяйства' 
[09:57:01.998] [234] [ Info] [log] letmeplay invoked admin command '/titleadd Министр охраны природы' 
[09:58:47.951] [234] [ Info] [log] letmeplay invoked admin command '/fly' 
[09:58:57.830] [234] [ Info] [log] letmeplay invoked admin command '/fly' 
[09:59:32.808] [234] [ Info] [log] letmeplay invoked admin command '/unclaim' 
[09:59:40.909] [234] [ Info] [log] letmeplay invoked admin command '/unclaim' 
[09:59:49.123] [234] [ Info] [log] letmeplay invoked admin command '/unclaim' 
[10:00:01.467] [234] [ Info] [log] letmeplay invoked admin command '/fly' 
[10:00:06.260] [234] [ Info] [log] letmeplay invoked admin command '/fly' 
[10:05:33.997] [234] [ Info] [log] letmeplay invoked admin command '/setspawn' 
[10:09:25.330] [237] [ Info] [log] xotab invoked admin command '/eat' 
[10:13:21.830] [182] [ Info] [log] AmeriQ invoked admin command '/give land claim papers,150' 
[10:18:47.233] [237] [ Info] [log] xotab invoked admin command '/eat' 
[10:21:30.592] [231] [ Info] [log] max invoked admin command '/fly' 
[10:25:55.642] [231] [ Info] [log] max invoked admin command '/fly' 
[10:26:46.189] [182] [ Info] [log] AmeriQ invoked admin command '/give land claim papers,150' 
[10:26:57.915] [234] [ Info] [log] letmeplay invoked admin command '/give железная кирка' 
[10:28:10.948] [237] [ Info] [log] xotab invoked admin command '/clearrubble 2' 
[10:28:29.250] [237] [ Info] [log] xotab invoked admin command '/clearrubble 2' 
[10:28:35.306] [237] [ Info] [log] xotab invoked admin command '/clearrubble 2' 
[10:28:39.840] [237] [ Info] [log] xotab invoked admin command '/clearrubble 2' 
[10:28:43.931] [237] [ Info] [log] xotab invoked admin command '/clearrubble 2' 
[10:30:04.230] [237] [ Info] [log] xotab invoked admin command '/clearrubble 2' 
[10:30:12.262] [237] [ Info] [log] xotab invoked admin command '/clearrubble 2' 
[10:32:45.102] [234] [ Info] [log] letmeplay invoked admin command '/give железная кирка' 
[10:33:23.900] [231] [ Info] [log] max invoked admin command '/eat' 
[10:33:57.513] [234] [ Info] [log] letmeplay invoked admin command '/unclaim' 
[10:35:41.774] [231] [ Info] [log] max invoked admin command '/fly' 
[10:35:56.179] [231] [ Info] [log] max invoked admin command '/fly' 
[10:36:23.922] [237] [ Info] [log] xotab invoked admin command '/clearrubble 2' 
[10:36:36.154] [237] [ Info] [log] xotab invoked admin command '/clearrubble 2' 
[10:37:28.915] [231] [ Info] [log] max invoked admin command '/give кирпич, 15' 
[10:37:40.531] [231] [ Info] [log] max invoked admin command '/give кирпич, 15' 
[10:38:47.505] [231] [ Info] [log] max invoked admin command '/give кирпич, 15' 
[10:39:01.024] [231] [ Info] [log] max invoked admin command '/give кирпич, 15' 
[10:40:09.364] [231] [ Info] [log] max invoked admin command '/give кирпич, 15' 
[10:42:04.312] [182] [ Info] [log] AmeriQ invoked admin command '/give land claim papers,150' 
[10:42:29.237] [234] [ Info] [log] letmeplay invoked admin command '/give каменная дверь' 
[10:47:08.407] [231] [ Info] [log] max invoked admin command '/fly' 
[10:48:37.907] [231] [ Info] [log] max invoked admin command '/fly' 
[10:51:42.443] [231] [ Info] [log] max invoked admin command '/eat' 
[10:54:08.695] [182] [ Info] [log] AmeriQ invoked admin command '/give land claim papers,150' 
[10:55:28.856] [231] [ Info] [log] max invoked admin command '/FLY' 
[10:55:37.050] [156] [ Info] [log] AmeriQ invoked admin command '/fly' 
[10:55:39.033] [231] [ Info] [log] max invoked admin command '/FLY' 
[10:57:06.622] [234] [ Info] [log] letmeplay invoked admin command '/setspawn' 
[10:58:04.168] [231] [ Info] [log] max invoked admin command '/FLY' 
[10:58:11.815] [231] [ Info] [log] max invoked admin command '/fly' 
[11:06:17.412] [156] [ Info] [log] AmeriQ invoked admin command '/fly' 
[11:06:20.126] [156] [ Info] [log] AmeriQ invoked admin command '/fly' 
[11:08:03.269] [156] [ Info] [log] AmeriQ invoked admin command '/give land claim papers' 
[11:08:07.720] [156] [ Info] [log] AmeriQ invoked admin command '/give land claim papers,150' 
[11:08:13.979] [234] [ Info] [log] letmeplay invoked admin command '/passlaws' 
[11:11:21.740] [134] [ Info] [log] max invoked admin command '/durability 1000' 
[11:12:38.368] [134] [ Info] [log] max invoked admin command '/durability 1000' 
[11:12:57.732] [237] [ Info] [log] xotab invoked admin command '/clearrubble 2' 
[11:13:06.212] [237] [ Info] [log] xotab invoked admin command '/clearrubble 2' 
[11:13:50.812] [237] [ Info] [log] xotab invoked admin command '/clearrubble 2' 
[11:14:56.254] [237] [ Info] [log] xotab invoked admin command '/clearrubble 2' 
[11:15:02.869] [237] [ Info] [log] xotab invoked admin command '/clearrubble 2' 
[11:15:11.183] [237] [ Info] [log] xotab invoked admin command '/clearrubble 2' 
[11:15:45.930] [237] [ Info] [log] xotab invoked admin command '/eat' 
[11:16:43.728] [134] [ Info] [log] max invoked admin command '/give кирпич, 15' 
[11:17:46.369] [156] [ Info] [log] AmeriQ invoked admin command '/dump' 
[11:19:54.381] [156] [ Info] [log] AmeriQ invoked admin command '/fly' 
[11:22:04.671] [134] [ Info] [log] max invoked admin command '/give кирпич, 15' 
[11:23:05.342] [134] [ Info] [log] max invoked admin command '/give стол' 
[11:23:07.786] [234] [ Info] [log] letmeplay invoked admin command '/give растительные волокна' 
[11:29:33.479] [156] [ Info] [log] AmeriQ invoked admin command '/give растительные волокна,10' 
[11:31:49.203] [234] [ Info] [log] letmeplay invoked admin command '/eat' 
[11:32:16.508] [156] [ Info] [log] AmeriQ invoked admin command '/give hammer' 
[11:34:09.811] [156] [ Info] [log] AmeriQ invoked admin command '/give Chair 2' 
[11:34:19.465] [156] [ Info] [log] AmeriQ invoked admin command '/give Chair,2' 
[11:35:28.165] [156] [ Info] [log] AmeriQ invoked admin command '/give bank' 
[11:35:57.186] [156] [ Info] [log] AmeriQ invoked admin command '/give mint' 
[11:36:40.750] [156] [ Info] [log] AmeriQ invoked admin command '/dump' 
[11:36:47.429] [156] [ Info] [log] AmeriQ invoked admin command '/give mint' 
[11:37:31.666] [156] [ Info] [log] AmeriQ invoked admin command '/give hammer' 
[11:37:56.645] [237] [ Info] [log] xotab invoked admin command '/eat' 
[11:38:36.104] [134] [ Info] [log] max invoked admin command '/fly' 
[11:38:59.507] [134] [ Info] [log] max invoked admin command '/fly' 
[11:39:21.991] [234] [ Info] [log] letmeplay invoked admin command '/claimrect' 
[11:39:40.011] [234] [ Info] [log] letmeplay invoked admin command '/claimrect' 
[11:40:35.032] [234] [ Info] [log] letmeplay invoked admin command '/claimrect' 
[11:40:51.503] [234] [ Info] [log] letmeplay invoked admin command '/claimrect' 
[11:41:48.333] [156] [ Info] [log] AmeriQ invoked admin command '/dump' 
[11:42:11.059] [134] [ Info] [log] max invoked admin command '/eat' 
[11:42:11.752] [156] [ Info] [log] AmeriQ invoked admin command '/give Campsite' 
[11:42:39.958] [134] [ Info] [log] max invoked admin command '/fly' 
[11:42:54.200] [134] [ Info] [log] max invoked admin command '/fly' 
[11:43:22.861] [156] [ Info] [log] AmeriQ invoked admin command '/give axe' 
[11:43:33.959] [156] [ Info] [log] AmeriQ invoked admin command '/dump' 
[11:43:47.983] [156] [ Info] [log] AmeriQ invoked admin command '/give каменная кирка' 
[11:44:02.210] [156] [ Info] [log] AmeriQ invoked admin command '/give каменный топор' 
[11:44:07.577] [156] [ Info] [log] AmeriQ invoked admin command '/give каменный молоток' 
[11:44:28.283] [156] [ Info] [log] AmeriQ invoked admin command '/give деревянная лопата' 
[11:44:36.866] [156] [ Info] [log] AmeriQ invoked admin command '/give палатка' 
[11:44:55.944] [156] [ Info] [log] AmeriQ invoked admin command '/give small stackpile' 
[11:45:19.689] [134] [ Info] [log] max invoked admin command '/give квитанция землемера, 6' 
[11:45:26.487] [156] [ Info] [log] AmeriQ invoked admin command '/give квитанция землемера' 
[11:45:37.688] [134] [ Info] [log] max invoked admin command '/give квитанция землемера' 
[11:45:47.396] [156] [ Info] [log] AmeriQ invoked admin command '/give квитанция землемера,6' 
[11:46:01.531] [156] [ Info] [log] AmeriQ invoked admin command '/give' 
[11:47:59.633] [156] [ Info] [log] AmeriQ invoked admin command '/give квитанция землемера' 
[11:48:35.822] [134] [ Info] [log] max invoked admin command '/give квитанции землемара, 6' 
[11:48:38.652] [156] [ Info] [log] AmeriQ invoked admin command '/give квитанции землемера,6' 
[11:48:45.934] [134] [ Info] [log] max invoked admin command '/give квитанции землемара,6' 
[11:48:57.895] [134] [ Info] [log] max invoked admin command '/give квитанции землемера,6' 
[11:49:53.967] [134] [ Info] [log] max invoked admin command '/fly' 
[11:50:09.692] [134] [ Info] [log] max invoked admin command '/fly' 
[11:50:53.324] [134] [ Info] [log] max invoked admin command '/eat' 
[11:51:01.661] [234] [ Info] [log] letmeplay invoked admin command '/removeadmin AmeriQ' 
[11:51:18.518] [234] [ Info] [log] letmeplay invoked admin command '/removeadmin xotab' 
[11:51:23.348] [234] [ Info] [log] letmeplay invoked admin command '/removeadmin Max' 
[11:51:26.496] [234] [ Info] [log] letmeplay invoked admin command '/removeadmin max' 
[12:00:07.177] [234] [ Info] [log] letmeplay invoked admin command '/give кирпич,20' 
[12:00:56.030] [234] [ Info] [log] letmeplay invoked admin command '/give кирпич,20' 
[12:02:26.951] [234] [ Info] [log] letmeplay invoked admin command '/admin xotab' 
[12:03:50.045] [237] [ Info] [log] xotab invoked admin command '/clearrubble 2' 
[12:03:56.703] [237] [ Info] [log] xotab invoked admin command '/clearrubble 2' 
[12:04:06.380] [237] [ Info] [log] xotab invoked admin command '/clearrubble 2' 
[12:04:15.037] [237] [ Info] [log] xotab invoked admin command '/clearrubble 2' 
[12:11:07.505] [234] [ Info] [log] letmeplay invoked admin command '/deleteaccount Eco Coins' 
[12:11:25.130] [234] [ Info] [log] letmeplay invoked admin command '/give кирпич,20' 
[12:12:23.717] [234] [ Info] [log] letmeplay invoked admin command '/give Пресс для чеканки монет' 
[12:14:48.685] [234] [ Info] [log] letmeplay invoked admin command '/deleteaccount' 
[12:15:10.521] [234] [ Info] [log] letmeplay invoked admin command '/deleteaccount Eco Coins account' 
[12:15:18.254] [234] [ Info] [log] letmeplay invoked admin command '/deleteaccount Eco Coins' 
[12:16:37.231] [234] [ Info] [log] letmeplay invoked admin command '/give Пресс для чеканки монет' 
[12:20:16.209] [234] [ Info] [log] letmeplay invoked admin command '/dump' 
[12:20:19.826] [234] [ Info] [log] letmeplay invoked admin command '/give Пресс для чеканки монет' 
[12:21:29.364] [234] [ Info] [log] letmeplay invoked admin command '/give молоток' 
