[22:01:29.998] [1] [ Info] [Eco] >>> START EcoServer, Version=1.0.0.0, Culture=neutral, PublicKeyToken=null 
[22:01:30.025] [1] [ Info] [Eco] Eco Server 0.8.3.3 beta
 
[22:01:30.102] [1] [ Info] [Eco] Server Initialization...  
[22:01:30.102] [1] [ Info] [Eco] Starting LocalizationPlugin...  
[22:01:30.580] [1] [ Info] [Eco] Запуск ПлагинНабораМодификаций...  
[22:01:30.581] [1] [ Info] [Eco] Загрузка модификаций...  
[22:01:30.967] [1] [ Info] [Eco] Компилирование модификаций...  
[22:01:32.811] [1] [ Info] [Eco] Загружаем 0Harmony...
 
[22:01:32.818] [1] [ Info] [Eco] Загружаем Asphalt-ModKit...
 
[22:01:32.940] [1] [ Info] [Eco] Загружаем DiscordLink_blue...
 
[22:01:32.999] [1] [ Info] [Eco] Загружаем Eco.IntegrationTests...
 
[22:01:33.003] [1] [ Info] [Eco] Загружаем em-base...
 
[22:01:33.003] [1] [ Info] [Eco] Загружаем NoPlayerCredits...
 
[22:01:33.003] [1] [ Info] [Eco] Загружаем em-greenenergy...
 
[22:01:33.003] [1] [ Info] [Eco] Загружаем em-realisticsmelting...
 
[22:01:33.003] [1] [ Info] [Eco] Загружаем em-shippingcontainers...
 
[22:01:33.003] [1] [ Info] [Eco] Загружаем em-tailingspack...
 
[22:01:33.003] [1] [ Info] [Eco] Загружаем em-arches...
 
[22:01:33.003] [1] [ Info] [Eco] Загружаем em-doors...
 
[22:01:33.019] [1] [ Info] [Eco] Загружаем em-dyes...
 
[22:01:33.019] [1] [ Info] [Eco] Загружаем em-homeobjects...
 
[22:01:33.019] [1] [ Info] [Eco] Загружаем em-transportation...
 
[22:01:33.019] [1] [ Info] [Eco] Загружаем em-windows...
 
[22:01:33.038] [1] [ Info] [Eco] Загружаем em-zymology...
 
[22:01:33.038] [1] [ Info] [Eco] Загружаем HPStorage...
 
[22:01:33.038] [1] [ Info] [Eco] Загружаем NidToolbox...
 
[22:01:33.052] [1] [ Info] [Eco] Загрузка модификаций завершена за 2 470,6мс
 
[22:01:33.052] [1] [ Info] [Eco] Запуск МенеджерСети...  
[22:01:33.052] [5] [ Info] [Eco] Инициализация типов симуляции...  
[22:01:33.114] [7] [ Info] [Eco] Запуск ПлагинГенератораМира...  
[22:01:33.114] [14] [ Info] [Eco] Запуск ПлагинИгровойСтатистики...  
[22:01:33.114] [13] [ Info] [Eco] Запуск ПлагинРезервногоКопирования...  
[22:01:33.130] [13] [ Info] [Eco] Запуск МенеджерХранилища...  
[22:01:34.734] [5] [ Info] [Eco] Инициализация предметов...  
[22:01:34.830] [5] [ Info] [NidToolbox] Checking Settings.json 
[22:01:34.832] [5] [ Info] [NidToolbox] Config file: Mods\NidToolbox\Config\Settings.json exists. 
[22:01:34.832] [5] [ Info] [NidToolbox] Json file: Mods\NidToolbox\Config\Settings.json readable and correct. 
[22:01:34.832] [5] [ Info] [NidToolbox] Checking CommandPermissions.json 
[22:01:34.832] [5] [ Info] [NidToolbox] Config file: Mods\NidToolbox\Config\CommandPermissions.json exists. 
[22:01:34.851] [5] [ Info] [NidToolbox] Json file: Mods\NidToolbox\Config\CommandPermissions.json readable and correct. 
[22:01:34.851] [5] [ Info] [NidToolbox] Checking TimerMessages.json 
[22:01:34.851] [5] [ Info] [NidToolbox] Config file: Mods\NidToolbox\Config\TimerMessages.json exists. 
[22:01:34.851] [5] [ Info] [NidToolbox] Json file: Mods\NidToolbox\Config\TimerMessages.json readable and correct. 
[22:01:34.851] [5] [ Info] [NidToolbox] Checking ScheduledMessages.json 
[22:01:34.851] [5] [ Info] [NidToolbox] Config file: Mods\NidToolbox\Config\ScheduledMessages.json exists. 
[22:01:34.851] [5] [ Info] [NidToolbox] Json file: Mods\NidToolbox\Config\ScheduledMessages.json readable and correct. 
[22:01:34.863] [5] [ Info] [NidToolbox] No UserHomes directory, skipping user homes config checks. 
[22:01:35.840] [13] [ Info] [Eco] Запуск Плагин паузы...  
[22:01:35.847] [13] [ Info] [Eco] Загружаем Pause...  
[22:01:37.989] [5] [ Info] [Eco] Инициализация навыков...  
[22:01:38.075] [13] [ Info] [Eco] Запуск БДСтатистики...  
[22:01:38.075] [7] [ Info] [Eco] Запуск ПлагинМира...  
[22:01:38.120] [7] [ Info] [Eco] Загружаем World...  
[22:01:41.301] [7] [ Info] [Eco] Инициализация мира...  
[22:01:42.252] [7] [ Info] [Eco] Запуск ПлагинВремени...  
[22:01:42.254] [7] [ Info] [Eco] Загружаем Time...  
[22:01:42.254] [7] [ Info] [Eco] Запуск ПлагинРепутации...  
[22:01:42.254] [7] [ Info] [Eco] Загружаем Reputation...  
[22:01:42.254] [7] [ Info] [Eco] Запуск МенеджерЖильяИгроков...  
[22:01:42.269] [7] [ Info] [Eco] Запуск МенеджерПользователей...  
[22:01:42.311] [7] [ Info] [Eco] Загружаем Users...  
[22:01:42.442] [7] [ Info] [Eco] Инициализация инвентарей...  
[22:01:42.485] [7] [ Info] [Eco] Запуск МенеджерОбъектовЭко...  
[22:01:42.490] [13] [ Info] [Eco] Запуск МенеджерКонтроллера...  
[22:01:42.490] [26] [ Info] [Eco] Запуск VoiceManager...  
[22:01:42.490] [24] [ Info] [Eco] Запуск ПлагинУгроз...  
[22:01:42.490] [34] [ Info] [Eco] Запуск ПлагинЭкономики...  
[22:01:42.490] [7] [ Info] [Eco] Запуск ПлагинМусора...  
[22:01:42.490] [9] [ Info] [Eco] Запуск НастройкиСложности...  
[22:01:42.490] [30] [ Info] [Eco] Запуск СерверЧата...  
[22:01:42.490] [34] [ Info] [Eco] Загружаем Economy...  
[22:01:42.668] [34] [ Info] [Eco] Запуск Законодательство...  
[22:01:42.668] [7] [ Info] [Eco] Загружаем Garbage...  
[22:01:42.668] [24] [ Info] [Eco] Загружаем Disasters...  
[22:01:42.676] [30] [ Info] [Eco] Загружаем Chat...  
[22:01:42.704] [34] [ Info] [Eco] Загружаем Laws...  
[22:01:42.797] [34] [ Info] [Eco] Запуск МенеджерСобственности...  
[22:01:42.797] [34] [ Info] [Eco] Загружаем Property...  
[22:01:42.861] [34] [ Info] [Eco] Запуск МенеджерМиникарты...  
[22:01:42.865] [34] [ Info] [Eco] Запуск СимуляцияЭко...  
[22:01:42.931] [34] [ Info] [Eco] Загружаем Plants...  
[22:01:45.191] [34] [ Info] [Eco] Инициализация растений...  
[22:01:54.200] [34] [ Info] [Eco] Запуск RouteProbingPlugin...  
[22:01:54.200] [34] [ Info] [Eco] Загружаем RouteProbing...  
[22:01:57.294] [34] [ Info] [Eco] Запуск МенеджерСлоёвМира...  
[22:01:57.294] [34] [ Info] [Eco] Загружаем Layers...  
[22:01:57.950] [34] [ Info] [Eco] Инициализация слоёв мира...  
[22:01:57.950] [34] [ Info] [Eco] Загружаем ClimateSim...  
[22:02:01.024] [34] [ Info] [Eco] Запуск ТрекерЭкономики...  
[22:02:01.024] [34] [ Info] [Eco] Запуск UserTracker...  
[22:02:01.024] [34] [ Info] [Eco] Запуск МенеджерМировыхОбъектов...  
[22:02:01.127] [34] [ Info] [Eco] Загружаем WorldObjects...  
[22:02:01.284] [34] [ Info] [Eco] Запуск ПлагинКомнат...  
[22:02:01.284] [34] [ Info] [Eco] Загружаем Rooms...  
[22:02:01.284] [34] [ Info] [Eco] Запуск ПлагинЦелей...  
[22:02:01.284] [34] [ Info] [Eco] Загружаем Objectives...  
[22:02:01.312] [34] [ Info] [Eco] Запуск ПлагинСна...  
[22:02:01.312] [34] [ Info] [Eco] Загружаем Sleep...  
[22:02:01.317] [1] [ Info] [Eco] Запуск ПлагинВебСервера...  
[22:02:01.317] [1] [ Info] [Eco] Запуск OtherAliasCategory...  
[22:02:01.317] [35] [ Info] [Eco] Запуск Asphalt...  
[22:02:01.317] [7] [ Info] [Eco] Запуск DiscordLink...  
[22:02:01.331] [24] [ Info] [Eco] Запуск NidToolboxPlugin...  
[22:02:01.331] [22] [ Info] [Eco] Запуск ChatBase...  
[22:02:01.331] [17] [ Info] [Eco] Запуск NoPlayerCreditsPlugin...  
[22:02:01.331] [29] [ Info] [Eco] Запуск ПлагинТестовИнтеграции...  
[22:02:01.415] [1] [ Info] [Eco] Инициализируем ПлагинПеревода...  
[22:02:01.415] [1] [ Info] [Eco] Инициализируем ПлагинНабораМодификаций...  
[22:02:01.701] [1] [ Info] [Eco] Инициализируем ПлагинГенератораМира...  
[22:02:01.701] [1] [ Info] [Eco] Инициализируем МенеджерПользователей...  
[22:02:01.742] [1] [ Info] [Eco] Инициализируем ПлагинЭкономики...  
[22:02:01.760] [1] [ Info] [Eco] Инициализируем ПлагинМусора...  
[22:02:01.770] [1] [ Info] [Eco] Инициализируем Законодательство...  
[22:02:03.740] [1] [ Info] [Eco] Инициализируем МенеджерСобственности...  
[22:02:03.740] [1] [ Info] [Eco] Инициализируем МенеджерМиникарты...  
[22:02:04.605] [1] [ Info] [Eco] Инициализируем UserTracker...  
[22:02:04.605] [1] [ Info] [Eco] Инициализируем МенеджерМировыхОбъектов...  
[22:02:04.822] [1] [ Info] [Eco] Инициализируем ПлагинКомнат...  
[22:02:04.937] [1] [ Info] [Eco] Инициализируем ПлагинСна...  
[22:02:04.937] [1] [ Info] [Eco] Инициализируем NidToolboxPlugin...  
[22:02:04.945] [1] [ Info] [NidToolbox] Checking declared file: Mods\NidToolbox\Texts\Motd.txt 
[22:02:04.945] [1] [ Info] [NidToolbox] Config file:  Mods\NidToolbox\Texts\Motd.txt exists. 
[22:02:04.945] [1] [ Info] [NidToolbox] Config file:  Mods\NidToolbox\Texts\Motd.txt readable. 
[22:02:04.945] [1] [ Info] [NidToolbox] Checking declared file: Mods\NidToolbox\Texts\Rules.txt 
[22:02:04.945] [1] [ Info] [NidToolbox] Config file:  Mods\NidToolbox\Texts\Rules.txt exists. 
[22:02:04.945] [1] [ Info] [NidToolbox] Config file:  Mods\NidToolbox\Texts\Rules.txt readable. 
[22:02:04.945] [1] [ Info] [NidToolbox] Checking declared file: Mods\NidToolbox\Texts\ServerChangelog.txt 
[22:02:04.945] [1] [ Info] [NidToolbox] Config file:  Mods\NidToolbox\Texts\ServerChangelog.txt exists. 
[22:02:04.957] [1] [ Info] [NidToolbox] Config file:  Mods\NidToolbox\Texts\ServerChangelog.txt readable. 
[22:02:05.044] [1] [ Info] [Eco] Инициализируем NoPlayerCreditsPlugin...  
[22:02:05.044] [1] [ Info] [Eco] Инициализируем DiscordLink...  
[22:02:05.089] [1] [ Info] [Eco] Инициализируем ПлагинМира...  
[22:02:05.089] [1] [ Info] [Eco] Обработка...  
[22:02:06.574] [1] [ Info] [Eco] Сжатие...  
[22:02:06.949] [144] [ Info] [Eco] DISCORDLINK: Connected to Discord.

 
[22:02:10.192] [1] [ Info] [Eco] Инициализируем МенеджерСети...  
[22:02:10.428] [1] [ Info] [Eco] Инициализируем МенеджерСлоёвМира...  
[22:02:10.428] [1] [ Info] [Eco] Инициализируем ПлагинВебСервера...  
[22:02:10.547] [142] [ Info] [Eco] DISCORDLINK: Connected and Ready
 
[22:02:11.217] [1] [ Info] [Eco] Инициализируем ПлагинТестовИнтеграции...  
[22:02:11.229] [1] [ Info] [NidToolbox] OK - Mono not detected, not a Linux environment 
[22:02:11.229] [1] [ Info] [NidToolbox] All commands in config up to date. 
[22:02:11.314] [1] [ Info] [NidToolbox] Running NidToolbox version 1.8.7 
[22:02:11.337] [1] [ Info] [Eco] Server Initialization завершена за 41 229,5мс
 
[22:03:56.708] [182] [ Info] [log] Dark Avenger invoked admin command '/eat' 
[22:05:35.130] [180] [ Info] [log] AmeriQ invoked admin command '/fly' 
[22:06:10.235] [182] [ Info] [log] Dark Avenger invoked admin command '/fly' 
[22:32:11.824] [14] [ Info] [Eco] Удалена резервная копия - D:/EcoBackup/Storage\Backup\Game-2020-02-25-22.03.31
 
[23:02:11.440] [23] [ Info] [Eco] Удалена резервная копия - D:/EcoBackup/Storage\Backup\Game-2020-02-26-21.33.31
 
[23:02:11.462] [23] [ Info] [Eco] Удалена резервная копия - D:/EcoBackup/Storage\Backup\Game-2020-02-25-23.03.31
 
[23:04:37.762] [146] [ Info] [log] letmeplay invoked admin command '/fly' 
[23:07:11.819] [146] [ Info] [log] letmeplay invoked admin command '/eat' 
[23:07:15.389] [146] [ Info] [log] letmeplay invoked admin command '/fly' 
[23:07:19.506] [146] [ Info] [log] letmeplay invoked admin command '/fly' 
[23:07:22.239] [146] [ Info] [log] letmeplay invoked admin command '/fly' 
[23:08:00.738] [146] [ Info] [log] letmeplay invoked admin command '/fly' 
[23:08:02.968] [146] [ Info] [log] letmeplay invoked admin command '/fly' 
[23:11:53.863] [180] [ Info] [log] AmeriQ invoked admin command '/passlaws' 
[00:31:40.436] [1] [ Info] [Eco] Сохранение...
 
[00:31:40.441] [1] [ Info] [Eco] Сохранение мира...  
[00:31:43.890] [1] [ Info] [Eco] Готово
 
[00:31:44.073] [1] [ Info] [Eco] Выключение завершено
 
