[14:27:53.177] [1] [ Info] [Eco] >>> START EcoServer, Version=1.0.0.0, Culture=neutral, PublicKeyToken=null 
[14:27:53.205] [1] [ Info] [Eco] Eco Server 0.8.3.3 beta
 
[14:27:53.277] [1] [ Info] [Eco] Server Initialization...  
[14:27:53.277] [1] [ Info] [Eco] Starting LocalizationPlugin...  
[14:27:53.656] [1] [ Info] [Eco] Запуск ПлагинНабораМодификаций...  
[14:27:53.656] [1] [ Info] [Eco] Загрузка модификаций...  
[14:27:53.950] [1] [ Info] [Eco] Компилирование модификаций...  
[14:27:55.422] [1] [ Info] [Eco] Загружаем 0Harmony...
 
[14:27:55.422] [1] [ Info] [Eco] Загружаем Asphalt-ModKit...
 
[14:27:55.548] [1] [ Info] [Eco] Загружаем DiscordLinkUnified...
 
[14:27:55.594] [1] [ Info] [Eco] Загружаем DiscordLink_blue...
 
[14:27:55.638] [1] [ Info] [Eco] Загружаем Eco.IntegrationTests...
 
[14:27:55.638] [1] [ Info] [Eco] Загружаем em-base...
 
[14:27:55.638] [1] [ Info] [Eco] Загружаем NoPlayerCredits...
 
[14:27:55.638] [1] [ Info] [Eco] Загружаем em-greenenergy...
 
[14:27:55.638] [1] [ Info] [Eco] Загружаем em-realisticsmelting...
 
[14:27:55.648] [1] [ Info] [Eco] Загружаем em-shippingcontainers...
 
[14:27:55.648] [1] [ Info] [Eco] Загружаем em-tailingspack...
 
[14:27:55.648] [1] [ Info] [Eco] Загружаем em-arches...
 
[14:27:55.648] [1] [ Info] [Eco] Загружаем em-doors...
 
[14:27:55.648] [1] [ Info] [Eco] Загружаем em-dyes...
 
[14:27:55.663] [1] [ Info] [Eco] Загружаем em-homeobjects...
 
[14:27:55.663] [1] [ Info] [Eco] Загружаем em-transportation...
 
[14:27:55.663] [1] [ Info] [Eco] Загружаем em-windows...
 
[14:27:55.679] [1] [ Info] [Eco] Загружаем em-zymology...
 
[14:27:55.679] [1] [ Info] [Eco] Загружаем HPStorage...
 
[14:27:55.679] [1] [ Info] [Eco] Загружаем NidToolbox...
 
[14:27:55.679] [1] [ Info] [Eco] Загрузка модификаций завершена за 2 032,7мс
 
[14:27:55.679] [1] [ Info] [Eco] Запуск МенеджерСети...  
[14:27:55.697] [7] [ Info] [Eco] Инициализация типов симуляции...  
[14:27:55.747] [10] [ Info] [Eco] Запуск ПлагинГенератораМира...  
[14:27:55.747] [8] [ Info] [Eco] Запуск ПлагинИгровойСтатистики...  
[14:27:55.747] [16] [ Info] [Eco] Запуск ПлагинРезервногоКопирования...  
[14:27:55.760] [16] [ Info] [Eco] Запуск МенеджерХранилища...  
[14:27:57.308] [7] [ Info] [Eco] Инициализация предметов...  
[14:27:57.372] [7] [ Info] [NidToolbox] Checking Settings.json 
[14:27:57.372] [7] [ Info] [NidToolbox] Config file: Mods\NidToolbox\Config\Settings.json exists. 
[14:27:57.372] [7] [ Info] [NidToolbox] Json file: Mods\NidToolbox\Config\Settings.json readable and correct. 
[14:27:57.372] [7] [ Info] [NidToolbox] Checking CommandPermissions.json 
[14:27:57.372] [7] [ Info] [NidToolbox] Config file: Mods\NidToolbox\Config\CommandPermissions.json exists. 
[14:27:57.383] [7] [ Info] [NidToolbox] Json file: Mods\NidToolbox\Config\CommandPermissions.json readable and correct. 
[14:27:57.383] [7] [ Info] [NidToolbox] Checking TimerMessages.json 
[14:27:57.383] [7] [ Info] [NidToolbox] Config file: Mods\NidToolbox\Config\TimerMessages.json exists. 
[14:27:57.383] [7] [ Info] [NidToolbox] Json file: Mods\NidToolbox\Config\TimerMessages.json readable and correct. 
[14:27:57.383] [7] [ Info] [NidToolbox] Checking ScheduledMessages.json 
[14:27:57.383] [7] [ Info] [NidToolbox] Config file: Mods\NidToolbox\Config\ScheduledMessages.json exists. 
[14:27:57.383] [7] [ Info] [NidToolbox] Json file: Mods\NidToolbox\Config\ScheduledMessages.json readable and correct. 
[14:27:57.383] [7] [ Info] [NidToolbox] No UserHomes directory, skipping user homes config checks. 
[14:27:58.383] [16] [ Info] [Eco] Запуск Плагин паузы...  
[14:27:58.383] [16] [ Info] [Eco] Загружаем Pause...  
[14:28:00.497] [7] [ Info] [Eco] Инициализация навыков...  
[14:28:00.584] [16] [ Info] [Eco] Запуск БДСтатистики...  
[14:28:00.585] [10] [ Info] [Eco] Запуск ПлагинМира...  
[14:28:00.641] [10] [ Info] [Eco] Загружаем World...  
[14:28:03.605] [10] [ Info] [Eco] Инициализация мира...  
[14:28:04.820] [10] [ Info] [Eco] Запуск ПлагинВремени...  
[14:28:04.820] [10] [ Info] [Eco] Загружаем Time...  
[14:28:04.820] [10] [ Info] [Eco] Запуск ПлагинРепутации...  
[14:28:04.820] [10] [ Info] [Eco] Загружаем Reputation...  
[14:28:04.839] [10] [ Info] [Eco] Запуск МенеджерЖильяИгроков...  
[14:28:04.839] [10] [ Info] [Eco] Запуск МенеджерПользователей...  
[14:28:04.883] [10] [ Info] [Eco] Загружаем Users...  
[14:28:05.039] [10] [ Info] [Eco] Инициализация инвентарей...  
[14:28:05.078] [10] [ Info] [Eco] Запуск МенеджерОбъектовЭко...  
[14:28:05.078] [10] [ Info] [Eco] Запуск ПлагинМусора...  
[14:28:05.078] [23] [ Info] [Eco] Запуск VoiceManager...  
[14:28:05.085] [10] [ Info] [Eco] Загружаем Garbage...  
[14:28:05.085] [19] [ Info] [Eco] Запуск ПлагинУгроз...  
[14:28:05.085] [22] [ Info] [Eco] Запуск НастройкиСложности...  
[14:28:05.085] [7] [ Info] [Eco] Запуск СерверЧата...  
[14:28:05.085] [16] [ Info] [Eco] Запуск ПлагинЭкономики...  
[14:28:05.085] [16] [ Info] [Eco] Загружаем Economy...  
[14:28:05.085] [9] [ Info] [Eco] Запуск МенеджерКонтроллера...  
[14:28:05.138] [7] [ Info] [Eco] Не удалось добавить команду "/verifydiscord" обработчика "DiscordEcoCommands"; 
[14:28:05.138] [7] [ Info] [Eco] Команда "/verifydiscord" уже существует в обработчике "DiscordEcoCommands". 
[14:28:05.138] [7] [ Info] [Eco] Не удалось добавить команду "/discordguilds" обработчика "DiscordEcoCommands"; 
[14:28:05.138] [7] [ Info] [Eco] Команда "/discordguilds" уже существует в обработчике "DiscordEcoCommands". 
[14:28:05.138] [7] [ Info] [Eco] Не удалось добавить команду "/discordsendtochannel" обработчика "DiscordEcoCommands"; 
[14:28:05.138] [7] [ Info] [Eco] Команда "/discordsendtochannel" уже существует в обработчике "DiscordEcoCommands". 
[14:28:05.138] [7] [ Info] [Eco] Не удалось добавить команду "/discordmessage" обработчика "DiscordEcoCommands"; 
[14:28:05.138] [7] [ Info] [Eco] Команда "/discordmessage" уже существует в обработчике "DiscordEcoCommands". 
[14:28:05.138] [7] [ Info] [Eco] Не удалось добавить команду "/discordchannels" обработчика "DiscordEcoCommands"; 
[14:28:05.138] [7] [ Info] [Eco] Команда "/discordchannels" уже существует в обработчике "DiscordEcoCommands". 
[14:28:05.150] [7] [ Info] [Eco] Не удалось добавить команду "/discorddefaultchannel" обработчика "DiscordEcoCommands"; 
[14:28:05.150] [7] [ Info] [Eco] Команда "/discorddefaultchannel" уже существует в обработчике "DiscordEcoCommands". 
[14:28:05.265] [16] [ Info] [Eco] Запуск Законодательство...  
[14:28:05.265] [19] [ Info] [Eco] Загружаем Disasters...  
[14:28:05.265] [7] [ Info] [Eco] Загружаем Chat...  
[14:28:05.306] [16] [ Info] [Eco] Загружаем Laws...  
[14:28:05.401] [16] [ Info] [Eco] Запуск МенеджерСобственности...  
[14:28:05.401] [16] [ Info] [Eco] Загружаем Property...  
[14:28:05.464] [16] [ Info] [Eco] Запуск МенеджерМиникарты...  
[14:28:05.464] [16] [ Info] [Eco] Запуск СимуляцияЭко...  
[14:28:05.528] [16] [ Info] [Eco] Загружаем Plants...  
[14:28:07.679] [16] [ Info] [Eco] Инициализация растений...  
[14:28:18.240] [16] [ Info] [Eco] Запуск RouteProbingPlugin...  
[14:28:18.243] [16] [ Info] [Eco] Загружаем RouteProbing...  
[14:28:21.209] [16] [ Info] [Eco] Запуск МенеджерСлоёвМира...  
[14:28:21.213] [16] [ Info] [Eco] Загружаем Layers...  
[14:28:21.829] [16] [ Info] [Eco] Инициализация слоёв мира...  
[14:28:21.829] [16] [ Info] [Eco] Загружаем ClimateSim...  
[14:28:24.418] [16] [ Info] [Eco] Запуск ТрекерЭкономики...  
[14:28:24.432] [16] [ Info] [Eco] Запуск UserTracker...  
[14:28:24.432] [16] [ Info] [Eco] Запуск МенеджерМировыхОбъектов...  
[14:28:24.526] [16] [ Info] [Eco] Загружаем WorldObjects...  
[14:28:24.635] [16] [ Info] [Eco] Запуск ПлагинКомнат...  
[14:28:24.635] [16] [ Info] [Eco] Загружаем Rooms...  
[14:28:24.635] [16] [ Info] [Eco] Запуск ПлагинЦелей...  
[14:28:24.648] [16] [ Info] [Eco] Загружаем Objectives...  
[14:28:24.648] [16] [ Info] [Eco] Запуск ПлагинСна...  
[14:28:24.648] [16] [ Info] [Eco] Загружаем Sleep...  
[14:28:24.665] [1] [ Info] [Eco] Запуск ПлагинВебСервера...  
[14:28:24.665] [1] [ Info] [Eco] Запуск OtherAliasCategory...  
[14:28:24.679] [30] [ Info] [Eco] Запуск DiscordLink...  
[14:28:24.679] [8] [ Info] [Eco] Запуск NidToolboxPlugin...  
[14:28:24.679] [11] [ Info] [Eco] Запуск Asphalt...  
[14:28:24.679] [10] [ Info] [Eco] Запуск ПлагинТестовИнтеграции...  
[14:28:24.679] [23] [ Info] [Eco] Запуск DiscordLink...  
[14:28:24.679] [22] [ Info] [Eco] Запуск ChatBase...  
[14:28:24.679] [21] [ Info] [Eco] Запуск NoPlayerCreditsPlugin...  
[14:28:24.768] [1] [ Info] [Eco] Инициализируем ПлагинПеревода...  
[14:28:24.768] [1] [ Info] [Eco] Инициализируем ПлагинНабораМодификаций...  
[14:28:25.053] [1] [ Info] [Eco] Инициализируем ПлагинГенератораМира...  
[14:28:25.055] [1] [ Info] [Eco] Инициализируем МенеджерПользователей...  
[14:28:25.096] [1] [ Info] [Eco] Инициализируем ПлагинМусора...  
[14:28:25.113] [1] [ Info] [Eco] Инициализируем ПлагинЭкономики...  
[14:28:25.132] [1] [ Info] [Eco] Инициализируем Законодательство...  
[14:28:28.331] [1] [ Info] [Eco] Инициализируем МенеджерСобственности...  
[14:28:28.343] [1] [ Info] [Eco] Инициализируем МенеджерМиникарты...  
[14:28:29.377] [1] [ Info] [Eco] Инициализируем UserTracker...  
[14:28:29.383] [1] [ Info] [Eco] Инициализируем МенеджерМировыхОбъектов...  
[14:28:29.619] [1] [ Info] [Eco] Инициализируем ПлагинКомнат...  
[14:28:29.747] [1] [ Info] [Eco] Инициализируем ПлагинСна...  
[14:28:29.747] [1] [ Info] [Eco] Инициализируем NidToolboxPlugin...  
[14:28:29.758] [1] [ Info] [NidToolbox] Checking declared file: Mods\NidToolbox\Texts\Motd.txt 
[14:28:29.758] [1] [ Info] [NidToolbox] Config file:  Mods\NidToolbox\Texts\Motd.txt exists. 
[14:28:29.758] [1] [ Info] [NidToolbox] Config file:  Mods\NidToolbox\Texts\Motd.txt readable. 
[14:28:29.758] [1] [ Info] [NidToolbox] Checking declared file: Mods\NidToolbox\Texts\Rules.txt 
[14:28:29.758] [1] [ Info] [NidToolbox] Config file:  Mods\NidToolbox\Texts\Rules.txt exists. 
[14:28:29.758] [1] [ Info] [NidToolbox] Config file:  Mods\NidToolbox\Texts\Rules.txt readable. 
[14:28:29.773] [1] [ Info] [NidToolbox] Checking declared file: Mods\NidToolbox\Texts\ServerChangelog.txt 
[14:28:29.773] [1] [ Info] [NidToolbox] Config file:  Mods\NidToolbox\Texts\ServerChangelog.txt exists. 
[14:28:29.773] [1] [ Info] [NidToolbox] Config file:  Mods\NidToolbox\Texts\ServerChangelog.txt readable. 
[14:28:29.868] [1] [ Info] [Eco] Инициализируем NoPlayerCreditsPlugin...  
[14:28:29.868] [1] [ Info] [Eco] Инициализируем DiscordLink...  
[14:28:29.901] [1] [ Info] [Eco] Инициализируем DiscordLink...  
[14:28:29.920] [1] [ Info] [Eco] Инициализируем ПлагинМира...  
[14:28:29.920] [1] [ Info] [Eco] Обработка...  
[14:28:30.447] [1] [ Info] [Eco] Сжатие...  
[14:28:33.966] [1] [ Info] [Eco] Инициализируем МенеджерСети...  
[14:28:34.000] [139] [ Info] [Eco] DISCORDLINK: Connected to Discord.

 
[14:28:34.000] [138] [ Info] [Eco] DISCORDLINK: Connected to Discord.

 
[14:28:34.197] [1] [ Info] [Eco] Инициализируем МенеджерСлоёвМира...  
[14:28:34.197] [1] [ Info] [Eco] Инициализируем ПлагинВебСервера...  
[14:28:34.763] [138] [ Info] [Eco] DISCORDLINK: Connected and Ready
 
[14:28:34.966] [1] [ Info] [Eco] Инициализируем ПлагинТестовИнтеграции...  
[14:28:34.966] [1] [ Info] [NidToolbox] OK - Mono not detected, not a Linux environment 
[14:28:34.977] [1] [ Info] [NidToolbox] All commands in config up to date. 
[14:28:35.058] [1] [ Info] [NidToolbox] Running NidToolbox version 1.8.7 
[14:28:35.088] [1] [ Info] [Eco] Server Initialization завершена за 41 810,0мс
 
[14:28:39.901] [138] [ Info] [Eco] DISCORDLINK: Connected and Ready
 
[14:30:20.155] [3] [ Info] [Eco] DISCORDLINK: Discord Token changed, reinitialising client.

 
[14:30:20.773] [3] [ Info] [Eco] DISCORDLINK: Connected to Discord.

 
[14:30:21.424] [180] [ Info] [Eco] DISCORDLINK: Connected and Ready
 
[14:30:51.303] [3] [ Info] [Eco] DISCORDLINK: Discord Token changed, reinitialising client.

 
[14:30:51.914] [3] [ Info] [Eco] DISCORDLINK: Connected to Discord.

 
[14:30:52.557] [180] [ Info] [Eco] DISCORDLINK: Connected and Ready
 
[14:33:12.541] [3] [ Info] [Eco] DISCORDLINK: Discord Token changed, reinitialising client.

 
[14:33:13.116] [3] [ Info] [Eco] DISCORDLINK: Connected to Discord.

 
[14:33:13.730] [138] [ Info] [Eco] DISCORDLINK: Connected and Ready
 
[14:33:30.050] [3] [ Info] [Eco] DISCORDLINK: Discord Token changed, reinitialising client.

 
[14:33:30.656] [3] [ Info] [Eco] DISCORDLINK: Connected to Discord.

 
[14:33:31.239] [36] [ Info] [Eco] DISCORDLINK: Connected and Ready
 
[14:48:56.566] [36] [ Info] [log] letmeplay invoked admin command '/save' 
[14:48:56.582] [32] [ Info] [Eco] Сохранение мира...  
[14:49:11.499] [1] [ Info] [Eco] Сохранение...
 
[14:49:11.499] [1] [ Info] [Eco] Сохранение мира...  
[14:49:15.519] [1] [ Info] [Eco] Готово
 
[14:49:15.652] [1] [ Info] [Eco] Выключение завершено
 
