[16:32:26.144] [1] [ Info] [Eco] >>> START EcoServer, Version=1.0.0.0, Culture=neutral, PublicKeyToken=null 
[16:32:26.180] [1] [ Info] [Eco] Eco Server 0.8.3.3 beta
 
[16:32:26.614] [1] [ Info] [Eco] Server Initialization...  
[16:32:26.614] [1] [ Info] [Eco] Starting LocalizationPlugin...  
[16:32:27.190] [1] [ Info] [Eco] Запуск ПлагинНабораМодификаций...  
[16:32:27.192] [1] [ Info] [Eco] Загрузка модификаций...  
[16:32:27.638] [1] [ Info] [Eco] Компилирование модификаций...  
[16:32:30.143] [1] [ Info] [Eco] Загружаем 0Harmony...
 
[16:32:30.193] [1] [ Info] [Eco] Загружаем Asphalt-ModKit...
 
[16:32:30.403] [1] [ Info] [Eco] Загружаем Eco.IntegrationTests...
 
[16:32:30.450] [1] [ Info] [Eco] Загружаем em-base...
 
[16:32:30.475] [1] [ Info] [Eco] Загружаем NoPlayerCredits...
 
[16:32:30.494] [1] [ Info] [Eco] Загружаем em-greenenergy...
 
[16:32:30.534] [1] [ Info] [Eco] Загружаем em-realisticsmelting...
 
[16:32:30.559] [1] [ Info] [Eco] Загружаем em-shippingcontainers...
 
[16:32:30.584] [1] [ Info] [Eco] Загружаем em-tailingspack...
 
[16:32:30.584] [1] [ Info] [Eco] Загружаем em-arches...
 
[16:32:30.618] [1] [ Info] [Eco] Загружаем em-doors...
 
[16:32:30.651] [1] [ Info] [Eco] Загружаем em-dyes...
 
[16:32:30.678] [1] [ Info] [Eco] Загружаем em-homeobjects...
 
[16:32:30.711] [1] [ Info] [Eco] Загружаем em-transportation...
 
[16:32:30.746] [1] [ Info] [Eco] Загружаем em-windows...
 
[16:32:30.788] [1] [ Info] [Eco] Загружаем em-zymology...
 
[16:32:30.826] [1] [ Info] [Eco] Загружаем NidToolbox...
 
[16:32:30.910] [1] [ Info] [Eco] Загрузка модификаций завершена за 3 716,8мс
 
[16:32:30.910] [1] [ Info] [Eco] Запуск МенеджерСети...  
[16:32:30.910] [5] [ Info] [Eco] Инициализация типов симуляции...  
[16:32:31.045] [10] [ Info] [Eco] Запуск ПлагинГенератораМира...  
[16:32:31.045] [13] [ Info] [Eco] Запуск ПлагинИгровойСтатистики...  
[16:32:31.045] [12] [ Info] [Eco] Запуск ПлагинРезервногоКопирования...  
[16:32:31.059] [12] [ Info] [Eco] Запуск МенеджерХранилища...  
[16:32:33.217] [5] [ Info] [Eco] Инициализация предметов...  
[16:32:33.346] [5] [ Info] [NidToolbox] Checking Settings.json 
[16:32:33.354] [5] [ Info] [NidToolbox] Config file: Mods\NidToolbox\Config\Settings.json exists. 
[16:32:33.370] [5] [ Info] [NidToolbox] Json file: Mods\NidToolbox\Config\Settings.json readable and correct. 
[16:32:33.370] [5] [ Info] [NidToolbox] Checking CommandPermissions.json 
[16:32:33.370] [5] [ Info] [NidToolbox] Config file: Mods\NidToolbox\Config\CommandPermissions.json exists. 
[16:32:33.383] [5] [ Info] [NidToolbox] Json file: Mods\NidToolbox\Config\CommandPermissions.json readable and correct. 
[16:32:33.383] [5] [ Info] [NidToolbox] Checking TimerMessages.json 
[16:32:33.383] [5] [ Info] [NidToolbox] Config file: Mods\NidToolbox\Config\TimerMessages.json exists. 
[16:32:33.403] [5] [ Info] [NidToolbox] Json file: Mods\NidToolbox\Config\TimerMessages.json readable and correct. 
[16:32:33.403] [5] [ Info] [NidToolbox] Checking ScheduledMessages.json 
[16:32:33.421] [5] [ Info] [NidToolbox] Config file: Mods\NidToolbox\Config\ScheduledMessages.json exists. 
[16:32:33.426] [5] [ Info] [NidToolbox] Json file: Mods\NidToolbox\Config\ScheduledMessages.json readable and correct. 
[16:32:33.426] [5] [ Info] [NidToolbox] No UserHomes directory, skipping user homes config checks. 
[16:32:34.864] [12] [ Info] [Eco] Запуск Плагин паузы...  
[16:32:37.731] [5] [ Info] [Eco] Инициализация навыков...  
[16:32:37.842] [12] [ Info] [Eco] Запуск БДСтатистики...  
[16:32:37.842] [11] [ Info] [Eco] Запуск ПлагинМира...  
[16:32:37.906] [11] [ Info] [Eco] Инициализация мира...  
[16:32:37.912] [11] [ Info] [Eco] Запуск ПлагинВремени...  
[16:32:37.912] [11] [ Info] [Eco] Запуск ПлагинРепутации...  
[16:32:37.912] [11] [ Info] [Eco] Запуск МенеджерЖильяИгроков...  
[16:32:37.912] [11] [ Info] [Eco] Запуск МенеджерПользователей...  
[16:32:37.985] [11] [ Info] [Eco] Инициализация инвентарей...  
[16:32:38.042] [11] [ Info] [Eco] Запуск МенеджерОбъектовЭко...  
[16:32:38.042] [13] [ Info] [Eco] Запуск ПлагинМусора...  
[16:32:38.052] [7] [ Info] [Eco] Запуск ПлагинУгроз...  
[16:32:38.052] [5] [ Info] [Eco] Запуск VoiceManager...  
[16:32:38.052] [11] [ Info] [Eco] Запуск МенеджерКонтроллера...  
[16:32:38.052] [9] [ Info] [Eco] Запуск НастройкиСложности...  
[16:32:38.052] [12] [ Info] [Eco] Запуск ПлагинЭкономики...  
[16:32:38.067] [14] [ Info] [Eco] Запуск СерверЧата...  
[16:32:38.110] [12] [ Info] [Eco] Запуск Законодательство...  
[16:32:38.126] [12] [ Info] [Eco] Запуск МенеджерСобственности...  
[16:32:38.158] [12] [ Info] [Eco] Запуск МенеджерМиникарты...  
[16:32:38.176] [12] [ Info] [Eco] Запуск СимуляцияЭко...  
[16:32:38.332] [12] [ Info] [Eco] Инициализация растений...  
[16:32:38.403] [12] [ Info] [Eco] Запуск RouteProbingPlugin...  
[16:32:38.403] [12] [ Info] [Eco] Запуск МенеджерСлоёвМира...  
[16:32:38.440] [12] [ Info] [Eco] Запуск ТрекерЭкономики...  
[16:32:38.449] [12] [ Info] [Eco] Запуск UserTracker...  
[16:32:38.449] [12] [ Info] [Eco] Запуск МенеджерМировыхОбъектов...  
[16:32:38.565] [12] [ Info] [Eco] Запуск ПлагинКомнат...  
[16:32:38.587] [12] [ Info] [Eco] Запуск ПлагинЦелей...  
[16:32:38.609] [12] [ Info] [Eco] Запуск ПлагинСна...  
[16:32:39.126] [1] [ Info] [Eco] Запуск ПлагинВебСервера...  
[16:32:39.137] [1] [ Info] [Eco] Запуск OtherAliasCategory...  
[16:32:39.137] [14] [ Info] [Eco] Запуск NidToolboxPlugin...  
[16:32:39.137] [12] [ Info] [Eco] Запуск ChatBase...  
[16:32:39.137] [13] [ Info] [Eco] Запуск NoPlayerCreditsPlugin...  
[16:32:39.147] [6] [ Info] [Eco] Запуск Asphalt...  
[16:32:39.147] [8] [ Info] [Eco] Запуск ПлагинТестовИнтеграции...  
[16:32:39.166] [1] [ Info] [Eco] Инициализируем ПлагинПеревода...  
[16:32:39.166] [1] [ Info] [Eco] Инициализируем ПлагинНабораМодификаций...  
[16:32:39.574] [1] [ Info] [Eco] Инициализируем ПлагинГенератораМира...  
[16:32:39.608] [1] [ Info] [Eco] Генерация мира 2,96km²...  
