[06:23:40.075] [1] [ Info] [Eco] >>> START EcoServer, Version=1.0.0.0, Culture=neutral, PublicKeyToken=null 
[06:23:40.102] [1] [ Info] [Eco] Eco Server 0.8.3.3 beta
 
[06:23:40.174] [1] [ Info] [Eco] Server Initialization...  
[06:23:40.174] [1] [ Info] [Eco] Starting LocalizationPlugin...  
[06:23:40.547] [1] [ Info] [Eco] Запуск ПлагинНабораМодификаций...  
[06:23:40.547] [1] [ Info] [Eco] Загрузка модификаций...  
[06:23:40.817] [1] [ Info] [Eco] Компилирование модификаций...  
[06:23:42.282] [1] [ Info] [Eco] Загружаем 0Harmony...
 
[06:23:42.286] [1] [ Info] [Eco] Загружаем Asphalt-ModKit...
 
[06:23:42.412] [1] [ Info] [Eco] Загружаем DiscordLink_blue...
 
[06:23:42.458] [1] [ Info] [Eco] Загружаем Eco.IntegrationTests...
 
[06:23:42.458] [1] [ Info] [Eco] Загружаем em-base...
 
[06:23:42.458] [1] [ Info] [Eco] Загружаем NoPlayerCredits...
 
[06:23:42.458] [1] [ Info] [Eco] Загружаем em-greenenergy...
 
[06:23:42.458] [1] [ Info] [Eco] Загружаем em-realisticsmelting...
 
[06:23:42.458] [1] [ Info] [Eco] Загружаем em-shippingcontainers...
 
[06:23:42.458] [1] [ Info] [Eco] Загружаем em-tailingspack...
 
[06:23:42.458] [1] [ Info] [Eco] Загружаем em-arches...
 
[06:23:42.458] [1] [ Info] [Eco] Загружаем em-doors...
 
[06:23:42.475] [1] [ Info] [Eco] Загружаем em-dyes...
 
[06:23:42.475] [1] [ Info] [Eco] Загружаем em-homeobjects...
 
[06:23:42.475] [1] [ Info] [Eco] Загружаем em-transportation...
 
[06:23:42.475] [1] [ Info] [Eco] Загружаем em-windows...
 
[06:23:42.494] [1] [ Info] [Eco] Загружаем em-zymology...
 
[06:23:42.494] [1] [ Info] [Eco] Загружаем NidToolbox...
 
[06:23:42.504] [1] [ Info] [Eco] Загрузка модификаций завершена за 1 954,2мс
 
[06:23:42.504] [1] [ Info] [Eco] Запуск МенеджерСети...  
[06:23:42.504] [5] [ Info] [Eco] Инициализация типов симуляции...  
[06:23:42.577] [7] [ Info] [Eco] Запуск ПлагинИгровойСтатистики...  
[06:23:42.577] [13] [ Info] [Eco] Запуск ПлагинГенератораМира...  
[06:23:42.577] [9] [ Info] [Eco] Запуск ПлагинРезервногоКопирования...  
[06:23:42.591] [9] [ Info] [Eco] Запуск МенеджерХранилища...  
[06:23:44.098] [5] [ Info] [Eco] Инициализация предметов...  
[06:23:44.181] [5] [ Info] [NidToolbox] Checking Settings.json 
[06:23:44.181] [5] [ Info] [NidToolbox] Config file: Mods\NidToolbox\Config\Settings.json exists. 
[06:23:44.181] [5] [ Info] [NidToolbox] Json file: Mods\NidToolbox\Config\Settings.json readable and correct. 
[06:23:44.192] [5] [ Info] [NidToolbox] Checking CommandPermissions.json 
[06:23:44.192] [5] [ Info] [NidToolbox] Config file: Mods\NidToolbox\Config\CommandPermissions.json exists. 
[06:23:44.192] [5] [ Info] [NidToolbox] Json file: Mods\NidToolbox\Config\CommandPermissions.json readable and correct. 
[06:23:44.192] [5] [ Info] [NidToolbox] Checking TimerMessages.json 
[06:23:44.192] [5] [ Info] [NidToolbox] Config file: Mods\NidToolbox\Config\TimerMessages.json exists. 
[06:23:44.192] [5] [ Info] [NidToolbox] Json file: Mods\NidToolbox\Config\TimerMessages.json readable and correct. 
[06:23:44.192] [5] [ Info] [NidToolbox] Checking ScheduledMessages.json 
[06:23:44.192] [5] [ Info] [NidToolbox] Config file: Mods\NidToolbox\Config\ScheduledMessages.json exists. 
[06:23:44.208] [5] [ Info] [NidToolbox] Json file: Mods\NidToolbox\Config\ScheduledMessages.json readable and correct. 
[06:23:44.208] [5] [ Info] [NidToolbox] No UserHomes directory, skipping user homes config checks. 
[06:23:45.171] [9] [ Info] [Eco] Запуск Плагин паузы...  
[06:23:45.177] [9] [ Info] [Eco] Загружаем Pause...  
[06:23:47.224] [5] [ Info] [Eco] Инициализация навыков...  
[06:23:47.319] [16] [ Info] [Eco] Запуск БДСтатистики...  
[06:23:47.319] [8] [ Info] [Eco] Запуск ПлагинМира...  
[06:23:47.390] [8] [ Info] [Eco] Загружаем World...  
[06:23:51.483] [8] [ Info] [Eco] Инициализация мира...  
[06:23:51.916] [8] [ Info] [Eco] Запуск ПлагинВремени...  
[06:23:51.916] [8] [ Info] [Eco] Загружаем Time...  
[06:23:51.916] [8] [ Info] [Eco] Запуск ПлагинРепутации...  
[06:23:51.916] [8] [ Info] [Eco] Загружаем Reputation...  
[06:23:51.931] [8] [ Info] [Eco] Запуск МенеджерЖильяИгроков...  
[06:23:51.931] [8] [ Info] [Eco] Запуск МенеджерПользователей...  
[06:23:51.973] [8] [ Info] [Eco] Загружаем Users...  
[06:23:52.096] [8] [ Info] [Eco] Инициализация инвентарей...  
[06:23:52.135] [8] [ Info] [Eco] Запуск МенеджерОбъектовЭко...  
[06:23:52.135] [14] [ Info] [Eco] Запуск ПлагинМусора...  
[06:23:52.135] [9] [ Info] [Eco] Запуск СерверЧата...  
[06:23:52.135] [16] [ Info] [Eco] Запуск VoiceManager...  
[06:23:52.145] [14] [ Info] [Eco] Загружаем Garbage...  
[06:23:52.145] [21] [ Info] [Eco] Запуск МенеджерКонтроллера...  
[06:23:52.145] [15] [ Info] [Eco] Запуск ПлагинУгроз...  
[06:23:52.145] [13] [ Info] [Eco] Запуск НастройкиСложности...  
[06:23:52.145] [8] [ Info] [Eco] Запуск ПлагинЭкономики...  
[06:23:52.145] [8] [ Info] [Eco] Загружаем Economy...  
[06:23:52.291] [15] [ Info] [Eco] Загружаем Disasters...  
[06:23:52.301] [9] [ Info] [Eco] Загружаем Chat...  
[06:23:52.301] [8] [ Info] [Eco] Запуск Законодательство...  
[06:23:52.320] [8] [ Info] [Eco] Загружаем Laws...  
[06:23:52.374] [8] [ Info] [Eco] Запуск МенеджерСобственности...  
[06:23:52.374] [8] [ Info] [Eco] Загружаем Property...  
[06:23:52.432] [8] [ Info] [Eco] Запуск МенеджерМиникарты...  
[06:23:52.432] [8] [ Info] [Eco] Запуск СимуляцияЭко...  
[06:23:52.493] [8] [ Info] [Eco] Загружаем Plants...  
[06:23:54.419] [8] [ Info] [Eco] Инициализация растений...  
[06:24:02.137] [8] [ Info] [Eco] Запуск RouteProbingPlugin...  
[06:24:02.137] [8] [ Info] [Eco] Загружаем RouteProbing...  
[06:24:05.148] [8] [ Info] [Eco] Запуск МенеджерСлоёвМира...  
[06:24:05.148] [8] [ Info] [Eco] Загружаем Layers...  
[06:24:05.731] [8] [ Info] [Eco] Инициализация слоёв мира...  
[06:24:05.731] [8] [ Info] [Eco] Загружаем ClimateSim...  
[06:24:09.064] [8] [ Info] [Eco] Запуск ТрекерЭкономики...  
[06:24:09.069] [8] [ Info] [Eco] Запуск UserTracker...  
[06:24:09.069] [8] [ Info] [Eco] Запуск МенеджерМировыхОбъектов...  
[06:24:09.157] [8] [ Info] [Eco] Загружаем WorldObjects...  
[06:24:09.238] [8] [ Info] [Eco] Запуск ПлагинКомнат...  
[06:24:09.243] [8] [ Info] [Eco] Загружаем Rooms...  
[06:24:09.243] [8] [ Info] [Eco] Запуск ПлагинЦелей...  
[06:24:09.255] [8] [ Info] [Eco] Загружаем Objectives...  
[06:24:09.255] [8] [ Info] [Eco] Запуск ПлагинСна...  
[06:24:09.255] [8] [ Info] [Eco] Загружаем Sleep...  
[06:24:09.273] [1] [ Info] [Eco] Запуск ПлагинВебСервера...  
[06:24:09.273] [1] [ Info] [Eco] Запуск OtherAliasCategory...  
[06:24:09.273] [26] [ Info] [Eco] Запуск ChatBase...  
[06:24:09.273] [14] [ Info] [Eco] Запуск Asphalt...  
[06:24:09.273] [21] [ Info] [Eco] Запуск ПлагинТестовИнтеграции...  
[06:24:09.273] [29] [ Info] [Eco] Запуск NoPlayerCreditsPlugin...  
[06:24:09.273] [12] [ Info] [Eco] Запуск DiscordLink...  
[06:24:09.286] [19] [ Info] [Eco] Запуск NidToolboxPlugin...  
[06:24:09.377] [1] [ Info] [Eco] Инициализируем ПлагинПеревода...  
[06:24:09.381] [1] [ Info] [Eco] Инициализируем ПлагинНабораМодификаций...  
[06:24:09.655] [1] [ Info] [Eco] Инициализируем ПлагинГенератораМира...  
[06:24:09.655] [1] [ Info] [Eco] Инициализируем МенеджерПользователей...  
[06:24:09.697] [1] [ Info] [Eco] Инициализируем ПлагинМусора...  
[06:24:09.697] [1] [ Info] [Eco] Инициализируем ПлагинЭкономики...  
[06:24:09.717] [1] [ Info] [Eco] Инициализируем Законодательство...  
[06:24:10.202] [1] [ Info] [Eco] Инициализируем МенеджерСобственности...  
[06:24:10.218] [1] [ Info] [Eco] Инициализируем МенеджерМиникарты...  
[06:24:11.220] [1] [ Info] [Eco] Инициализируем UserTracker...  
[06:24:11.226] [1] [ Info] [Eco] Инициализируем МенеджерМировыхОбъектов...  
[06:24:11.419] [1] [ Info] [Eco] Инициализируем ПлагинКомнат...  
[06:24:11.529] [1] [ Info] [Eco] Инициализируем ПлагинСна...  
[06:24:11.529] [1] [ Info] [Eco] Инициализируем NidToolboxPlugin...  
[06:24:11.537] [1] [ Info] [NidToolbox] Checking declared file: Mods\NidToolbox\Texts\Motd.txt 
[06:24:11.537] [1] [ Info] [NidToolbox] Config file:  Mods\NidToolbox\Texts\Motd.txt exists. 
[06:24:11.537] [1] [ Info] [NidToolbox] Config file:  Mods\NidToolbox\Texts\Motd.txt readable. 
[06:24:11.537] [1] [ Info] [NidToolbox] Checking declared file: Mods\NidToolbox\Texts\Rules.txt 
[06:24:11.537] [1] [ Info] [NidToolbox] Config file:  Mods\NidToolbox\Texts\Rules.txt exists. 
[06:24:11.537] [1] [ Info] [NidToolbox] Config file:  Mods\NidToolbox\Texts\Rules.txt readable. 
[06:24:11.537] [1] [ Info] [NidToolbox] Checking declared file: Mods\NidToolbox\Texts\ServerChangelog.txt 
[06:24:11.537] [1] [ Info] [NidToolbox] Config file:  Mods\NidToolbox\Texts\ServerChangelog.txt exists. 
[06:24:11.537] [1] [ Info] [NidToolbox] Config file:  Mods\NidToolbox\Texts\ServerChangelog.txt readable. 
[06:24:11.635] [1] [ Info] [Eco] Инициализируем NoPlayerCreditsPlugin...  
[06:24:11.635] [1] [ Info] [Eco] Инициализируем DiscordLink...  
[06:24:11.685] [1] [ Info] [Eco] Инициализируем ПлагинМира...  
[06:24:11.685] [1] [ Info] [Eco] Обработка...  
[06:24:20.001] [140] [ Info] [Eco] DISCORDLINK: Connected to Discord.

 
[06:24:20.396] [1] [ Info] [Eco] Сжатие...  
[06:24:21.119] [140] [ Info] [Eco] DISCORDLINK: Connected and Ready
 
[06:24:24.545] [1] [ Info] [Eco] Инициализируем МенеджерСети...  
[06:24:24.774] [1] [ Info] [Eco] Инициализируем МенеджерСлоёвМира...  
[06:24:24.774] [1] [ Info] [Eco] Инициализируем ПлагинВебСервера...  
[06:24:25.419] [1] [ Info] [Eco] Инициализируем ПлагинТестовИнтеграции...  
[06:24:25.430] [1] [ Info] [NidToolbox] OK - Mono not detected, not a Linux environment 
[06:24:25.430] [1] [ Info] [NidToolbox] All commands in config up to date. 
[06:24:25.515] [1] [ Info] [NidToolbox] Running NidToolbox version 1.8.7 
[06:24:25.538] [1] [ Info] [Eco] Server Initialization завершена за 45 363,4мс
 
[06:25:12.461] [176] [ Info] [log] letmeplay invoked admin command '/fly' 
[06:35:45.255] [176] [ Info] [log] letmeplay invoked admin command '/record' 
[06:35:49.738] [176] [ Info] [log] letmeplay invoked admin command '/record' 
[06:40:04.281] [176] [ Info] [log] letmeplay invoked admin command '/fly' 
[06:51:32.440] [176] [ Info] [log] letmeplay invoked admin command '/eat' 
[06:54:26.092] [32] [ Info] [Eco] Удалена резервная копия - D:/EcoBackup/Storage\Backup\Game-2020-02-17-05.44.06
 
[07:06:27.815] [176] [ Info] [log] letmeplay invoked admin command '/eat' 
[07:06:45.624] [176] [ Info] [log] letmeplay invoked admin command '/give палатка' 
[07:07:40.669] [176] [ Info] [log] letmeplay invoked admin command '/give склад' 
[07:08:05.484] [176] [ Info] [log] letmeplay invoked admin command '/give земляной подъем' 
[07:08:12.316] [176] [ Info] [log] letmeplay invoked admin command '/give Земляной подъём' 
[07:08:28.485] [176] [ Info] [log] letmeplay invoked admin command '/give Земляной подъём' 
[07:08:31.930] [176] [ Info] [log] letmeplay invoked admin command '/give Земляной подъём' 
[07:12:35.963] [176] [ Info] [log] letmeplay invoked admin command '/eat' 
[07:14:19.800] [176] [ Info] [log] letmeplay invoked admin command '/eat' 
[07:18:15.803] [176] [ Info] [log] letmeplay invoked admin command '/give Маленькая табличка из тёсанных брёвен' 
[07:20:00.773] [176] [ Info] [log] letmeplay invoked admin command '/give Большая табличка из тёсанных брёвен' 
[07:24:25.652] [32] [ Info] [Eco] Удалена резервная копия - D:/EcoBackup/Storage\Backup\Game-2020-02-15-16.24.44
 
[07:54:26.050] [12] [ Info] [Eco] Удалена резервная копия - D:/EcoBackup/Storage\Backup\Game-2020-02-17-06.54.25
 
[08:24:26.058] [25] [ Info] [Eco] Удалена резервная копия - D:/EcoBackup/Storage\Backup\Game-2020-02-15-17.24.44
 
[08:54:26.060] [8] [ Info] [Eco] Удалена резервная копия - D:/EcoBackup/Storage\Backup\Game-2020-02-17-07.54.25
 
[09:24:26.064] [9] [ Info] [Eco] Удалена резервная копия - D:/EcoBackup/Storage\Backup\Game-2020-02-15-18.24.44
 
[09:27:16.605] [137] [ Info] [log] Dark Avenger invoked admin command '/fly' 
[09:39:37.923] [137] [ Info] [log] Dark Avenger invoked admin command '/give shiping container' 
[09:40:22.120] [137] [ Info] [log] Dark Avenger invoked admin command '/give shipping container' 
[09:40:56.707] [137] [ Info] [log] Dark Avenger invoked admin command '/give steal shipping container' 
[09:41:00.757] [137] [ Info] [log] Dark Avenger invoked admin command '/give stel shipping container' 
[09:41:05.190] [137] [ Info] [log] Dark Avenger invoked admin command '/give steel shipping container' 
[09:44:12.006] [137] [ Info] [log] Dark Avenger invoked admin command '/fly' 
[09:47:30.774] [137] [ Info] [log] Dark Avenger invoked admin command '/give Поладка, 20' 
[09:47:38.589] [137] [ Info] [log] Dark Avenger invoked admin command '/give Паладка, 20' 
[09:48:36.461] [137] [ Info] [log] Dark Avenger invoked admin command '/give палатка, 20' 
[09:49:46.235] [137] [ Info] [log] Dark Avenger invoked admin command '/give склад, 20' 
[09:54:04.092] [137] [ Info] [log] Dark Avenger invoked admin command '/eat' 
[09:54:25.823] [15] [ Info] [Eco] Удалена резервная копия - D:/EcoBackup/Storage\Backup\Game-2020-02-17-08.54.25
 
[09:56:26.303] [137] [ Info] [log] Dark Avenger invoked admin command '/give Большая табличка' 
[09:56:46.193] [137] [ Info] [log] Dark Avenger invoked admin command '/give Большая табличка из тёсаных брёвен' 
[09:56:53.162] [137] [ Info] [log] Dark Avenger invoked admin command '/give Большая табличка из тёсанных брёвен' 
[09:59:15.010] [137] [ Info] [log] Dark Avenger invoked admin command '/fly' 
[10:07:40.674] [137] [ Info] [log] Dark Avenger invoked admin command '/give модерн трамбовка' 
[10:07:51.623] [137] [ Info] [log] Dark Avenger invoked admin command '/give стальная трамбовка' 
[10:08:16.905] [137] [ Info] [log] Dark Avenger invoked admin command '/give стальная ручная трамбовка' 
[10:08:56.642] [137] [ Info] [log] Dark Avenger invoked admin command '/give трамбовка' 
[10:09:14.578] [137] [ Info] [log] Dark Avenger invoked admin command '/give трамбовка' 
[10:09:15.836] [137] [ Info] [log] Dark Avenger invoked admin command '/give трамбовка\' 
[10:09:17.462] [137] [ Info] [log] Dark Avenger invoked admin command '/give трамбовка\' 
[10:09:19.293] [137] [ Info] [log] Dark Avenger invoked admin command '/give трамбовка' 
[10:09:20.309] [137] [ Info] [log] Dark Avenger invoked admin command '/give трамбовка' 
[10:09:21.961] [137] [ Info] [log] Dark Avenger invoked admin command '/give трамбовка' 
[10:18:08.824] [138] [ Info] [log] Dark Avenger invoked admin command '/eat' 
[10:19:02.325] [138] [ Info] [log] Dark Avenger invoked admin command '/give большая табличка из пиломатериалов' 
[10:19:08.089] [138] [ Info] [log] Dark Avenger invoked admin command '/give большая табличка из пиломатериалов, 20' 
[10:24:26.091] [9] [ Info] [Eco] Удалена резервная копия - D:/EcoBackup/Storage\Backup\Game-2020-02-15-19.24.44
 
[10:32:10.812] [138] [ Info] [log] Dark Avenger invoked admin command '/fly' 
[10:54:27.601] [33] [ Info] [Eco] Удалена резервная копия - D:/EcoBackup/Storage\Backup\Game-2020-02-17-09.54.25
 
[10:55:01.281] [27] [ Info] [log] Dark Avenger invoked admin command '/eat' 
[10:57:57.337] [27] [ Info] [log] Dark Avenger invoked admin command '/fly' 
[11:15:12.152] [27] [ Info] [log] Dark Avenger invoked admin command '/give земленной подъём' 
[11:15:18.475] [27] [ Info] [log] Dark Avenger invoked admin command '/give земленной подъём' 
[11:15:51.434] [27] [ Info] [log] Dark Avenger invoked admin command '/give земляной подъём' 
[11:16:11.009] [27] [ Info] [log] Dark Avenger invoked admin command '/give земляной подъём,3' 
[11:21:00.962] [27] [ Info] [log] Dark Avenger invoked admin command '/give деревянная табличка из тёсаных брёвен' 
[11:21:48.561] [27] [ Info] [log] Dark Avenger invoked admin command '/give большая табличка из тёсанных брёвен' 
[11:21:54.411] [27] [ Info] [log] Dark Avenger invoked admin command '/give большая табличка из тёсанных брёвен, 20' 
[11:24:27.217] [9] [ Info] [Eco] Удалена резервная копия - D:/EcoBackup/Storage\Backup\Game-2020-02-15-20.24.45
 
[11:35:38.937] [27] [ Info] [log] Dark Avenger invoked admin command '/eat' 
[11:38:34.114] [27] [ Info] [log] Dark Avenger invoked admin command '/give трамбовка' 
[11:38:38.687] [27] [ Info] [log] Dark Avenger invoked admin command '/give трамбовка, 20' 
[11:38:41.668] [27] [ Info] [log] Dark Avenger invoked admin command '/give трамбовка, 10' 
[11:38:45.534] [27] [ Info] [log] Dark Avenger invoked admin command '/give трамбовка, 5' 
[11:38:54.565] [27] [ Info] [log] Dark Avenger invoked admin command '/give трамбовка, 4' 
[11:54:27.702] [12] [ Info] [Eco] Удалена резервная копия - D:/EcoBackup/Storage\Backup\Game-2020-02-17-10.54.25
 
[12:00:08.967] [27] [ Info] [log] Dark Avenger invoked admin command '/EAT' 
[12:15:29.640] [27] [ Info] [log] Dark Avenger invoked admin command '/eat' 
[12:19:36.804] [24] [ Info] [log] Dark Avenger invoked admin command '/fly' 
[12:24:24.781] [24] [ Info] [log] Dark Avenger invoked admin command '/give тёсаное бревно' 
[12:24:26.141] [34] [ Info] [Eco] Удалена резервная копия - D:/EcoBackup/Storage\Backup\Game-2020-02-15-21.24.45
 
[12:33:32.585] [24] [ Info] [log] Dark Avenger invoked admin command '/fly' 
[12:35:21.679] [24] [ Info] [log] Dark Avenger invoked admin command '/fly' 
[12:37:59.836] [24] [ Info] [log] Dark Avenger invoked admin command '/fly' 
[12:38:03.548] [24] [ Info] [log] Dark Avenger invoked admin command '/unclaim' 
[12:38:11.392] [24] [ Info] [log] Dark Avenger invoked admin command '/unclaim' 
[12:38:24.831] [24] [ Info] [log] Dark Avenger invoked admin command '/fly' 
[12:54:26.108] [28] [ Info] [Eco] Удалена резервная копия - D:/EcoBackup/Storage\Backup\Game-2020-02-17-11.54.25
 
[12:57:36.323] [173] [ Info] [log] Dark Avenger invoked admin command '/fly' 
[13:24:27.740] [15] [ Info] [Eco] Удалена резервная копия - D:/EcoBackup/Storage\Backup\Game-2020-02-15-22.24.45
 
[13:25:34.347] [173] [ Info] [log] Dark Avenger invoked admin command '/eat' 
[13:36:43.600] [173] [ Info] [log] Dark Avenger invoked admin command '/give трамбовка' 
[13:36:49.648] [173] [ Info] [log] Dark Avenger invoked admin command '/give трамбовка, 4' 
[13:54:26.088] [33] [ Info] [Eco] Удалена резервная копия - D:/EcoBackup/Storage\Backup\Game-2020-02-17-12.54.25
 
[13:56:05.032] [173] [ Info] [log] Dark Avenger invoked admin command '/record' 
[14:04:28.884] [138] [ Info] [log] Dark Avenger invoked admin command '/fly' 
[14:06:31.646] [138] [ Info] [log] Dark Avenger invoked admin command '/fly' 
[14:08:12.833] [138] [ Info] [log] Dark Avenger invoked admin command '/give факел, 5' 
[14:09:24.748] [138] [ Info] [log] Dark Avenger invoked admin command '/fly' 
[14:11:39.299] [27] [ Info] [log] Dark Avenger invoked admin command '/fly' 
[14:24:25.707] [11] [ Info] [Eco] Удалена резервная копия - D:/EcoBackup/Storage\Backup\Game-2020-02-15-23.24.45
 
[14:54:26.111] [26] [ Info] [Eco] Удалена резервная копия - D:/EcoBackup/Storage\Backup\Game-2020-02-17-13.54.25
 
[15:54:25.712] [26] [ Info] [Eco] Удалена резервная копия - D:/EcoBackup/Storage\Backup\Game-2020-02-17-14.54.25
 
[16:17:52.936] [24] [ Info] [log] AmeriQ invoked admin command '/fly' 
[16:20:28.054] [24] [ Info] [log] AmeriQ invoked admin command '/eat' 
[16:20:33.693] [27] [ Info] [log] Dark Avenger invoked admin command '/eat' 
[16:24:27.623] [32] [ Info] [Eco] Удалена резервная копия - D:/EcoBackup/Storage\Backup\Game-2020-02-16-01.24.45
 
[16:32:24.496] [24] [ Info] [log] AmeriQ invoked admin command '/give сундук, 15' 
[16:32:48.470] [24] [ Info] [log] AmeriQ invoked admin command '/give contract board, 15' 
[16:33:26.123] [24] [ Info] [log] AmeriQ invoked admin command '/give Большая табличка из тёсанных брёвен' 
[16:33:34.337] [24] [ Info] [log] AmeriQ invoked admin command '/give Большая табличка из тёсанных брёвен, 14' 
[16:36:56.348] [24] [ Info] [log] AmeriQ invoked admin command '/give крошечный склад' 
[16:37:36.098] [24] [ Info] [log] AmeriQ invoked admin command '/give крошечный склад, 5' 
[16:38:19.835] [24] [ Info] [log] AmeriQ invoked admin command '/give строительный знак' 
[16:49:53.827] [24] [ Info] [log] AmeriQ invoked admin command '/give крошечный склад, 5' 
[16:54:26.143] [32] [ Info] [Eco] Удалена резервная копия - D:/EcoBackup/Storage\Backup\Game-2020-02-17-15.54.25
 
[16:55:59.999] [176] [ Info] [log] letmeplay invoked admin command '/save' 
[16:56:00.012] [20] [ Info] [Eco] Сохранение мира...  
[16:56:30.407] [1] [ Info] [Eco] Сохранение...
 
[16:56:30.407] [1] [ Info] [Eco] Сохранение мира...  
[16:56:36.510] [1] [ Info] [Eco] Готово
 
[16:56:36.632] [1] [ Info] [Eco] Выключение завершено
 
