[12:03:18.641] [1] [ Info] [Eco] >>> START EcoServer, Version=1.0.0.0, Culture=neutral, PublicKeyToken=null 
[12:03:18.675] [1] [ Info] [Eco] Eco Server 0.8.3.2 beta
 
[12:03:18.809] [1] [ Info] [Eco] Server Initialization...  
[12:03:18.809] [1] [ Info] [Eco] Starting LocalizationPlugin...  
[12:03:19.291] [1] [ Info] [Eco] Запуск ПлагинНабораМодификаций...  
[12:03:19.291] [1] [ Info] [Eco] Загрузка модификаций...  
[12:03:19.408] [1] [ Info] [Eco] Компилирование модификаций...  
[12:03:21.344] [1] [ Info] [Eco] Загружаем 0Harmony...
 
[12:03:21.344] [1] [ Info] [Eco] Загружаем Asphalt-ModKit...
 
[12:03:21.497] [1] [ Info] [Eco] Загружаем Eco.IntegrationTests...
 
[12:03:21.500] [1] [ Info] [Eco] Загружаем DiscordLinkUnified...
 
[12:03:21.567] [1] [ Info] [Eco] Загружаем EcoStory...
 
[12:03:21.576] [1] [ Info] [Eco] Загрузка модификаций завершена за 2 282,9мс
 
[12:03:21.576] [1] [ Info] [Eco] Запуск МенеджерСети...  
[12:03:21.576] [5] [ Info] [Eco] Инициализация типов симуляции...  
[12:03:21.650] [17] [ Info] [Eco] Запуск ПлагинРезервногоКопирования...  
[12:03:21.650] [12] [ Info] [Eco] Запуск ПлагинГенератораМира...  
[12:03:21.657] [15] [ Info] [Eco] Запуск ПлагинИгровойСтатистики...  
[12:03:21.657] [17] [ Info] [Eco] Запуск МенеджерХранилища...  
[12:03:22.537] [5] [ Info] [Eco] Инициализация предметов...  
[12:03:22.603] [5] [ Info] [NidToolbox] Checking Settings.json 
[12:03:22.603] [5] [ Info] [NidToolbox] Config file: Mods\NidToolbox\Config\Settings.json exists. 
[12:03:22.607] [5] [ Info] [NidToolbox] Json file: Mods\NidToolbox\Config\Settings.json readable and correct. 
[12:03:22.607] [5] [ Info] [NidToolbox] Checking CommandPermissions.json 
[12:03:22.607] [5] [ Info] [NidToolbox] Config file: Mods\NidToolbox\Config\CommandPermissions.json exists. 
[12:03:22.607] [5] [ Info] [NidToolbox] Json file: Mods\NidToolbox\Config\CommandPermissions.json readable and correct. 
[12:03:22.607] [5] [ Info] [NidToolbox] Checking TimerMessages.json 
[12:03:22.607] [5] [ Info] [NidToolbox] Config file: Mods\NidToolbox\Config\TimerMessages.json exists. 
[12:03:22.607] [5] [ Info] [NidToolbox] Json file: Mods\NidToolbox\Config\TimerMessages.json readable and correct. 
[12:03:22.607] [5] [ Info] [NidToolbox] Checking ScheduledMessages.json 
[12:03:22.607] [5] [ Info] [NidToolbox] Config file: Mods\NidToolbox\Config\ScheduledMessages.json exists. 
[12:03:22.607] [5] [ Info] [NidToolbox] Json file: Mods\NidToolbox\Config\ScheduledMessages.json readable and correct. 
[12:03:22.607] [5] [ Info] [NidToolbox] No UserHomes directory, skipping user homes config checks. 
[12:03:25.125] [17] [ Info] [Eco] Запуск Плагин паузы...  
[12:03:25.125] [17] [ Info] [Eco] Загружаем Pause...  
[12:03:25.785] [5] [ Info] [Eco] Инициализация навыков...  
[12:03:25.870] [9] [ Info] [Eco] Запуск БДСтатистики...  
[12:03:25.870] [13] [ Info] [Eco] Запуск ПлагинМира...  
[12:03:25.916] [13] [ Info] [Eco] Загружаем World...  
[12:03:29.624] [13] [ Info] [Eco] Инициализация мира...  
[12:03:31.218] [13] [ Info] [Eco] Запуск ПлагинВремени...  
[12:03:31.218] [13] [ Info] [Eco] Загружаем Time...  
[12:03:31.218] [13] [ Info] [Eco] Запуск ПлагинРепутации...  
[12:03:31.218] [13] [ Info] [Eco] Загружаем Reputation...  
[12:03:31.245] [13] [ Info] [Eco] Запуск МенеджерЖильяИгроков...  
[12:03:31.245] [13] [ Info] [Eco] Запуск МенеджерПользователей...  
[12:03:31.293] [13] [ Info] [Eco] Загружаем Users...  
[12:03:31.632] [13] [ Info] [Eco] Инициализация инвентарей...  
[12:03:31.675] [13] [ Info] [Eco] Запуск МенеджерОбъектовЭко...  
[12:03:31.675] [13] [ Info] [Eco] Загружаем Objects...  
[12:03:31.911] [11] [ Info] [Eco] Запуск ПлагинМусора...  
[12:03:31.911] [7] [ Info] [Eco] Запуск НастройкиСложности...  
[12:03:31.911] [13] [ Info] [Eco] Запуск ПлагинЭкономики...  
[12:03:31.911] [17] [ Info] [Eco] Запуск МенеджерКонтроллера...  
[12:03:31.911] [28] [ Info] [Eco] Запуск ПлагинУгроз...  
[12:03:31.911] [8] [ Info] [Eco] Запуск СерверЧата...  
[12:03:31.911] [11] [ Info] [Eco] Загружаем Garbage...  
[12:03:31.911] [30] [ Info] [Eco] Запуск VoiceManager...  
[12:03:31.929] [13] [ Info] [Eco] Загружаем Economy...  
[12:03:32.424] [13] [ Info] [Eco] Запуск Законодательство...  
[12:03:32.424] [28] [ Info] [Eco] Загружаем Disasters...  
[12:03:32.424] [8] [ Info] [Eco] Загружаем Chat...  
[12:03:37.128] [13] [ Info] [Eco] Загружаем Laws...  
[12:03:37.256] [13] [ Info] [Eco] Запуск МенеджерСобственности...  
[12:03:37.264] [13] [ Info] [Eco] Загружаем Property...  
[12:03:37.385] [13] [ Info] [Eco] Запуск МенеджерМиникарты...  
[12:03:37.389] [13] [ Info] [Eco] Запуск СимуляцияЭко...  
[12:03:37.452] [13] [ Info] [Eco] Загружаем Plants...  
[12:03:38.747] [13] [ Info] [Eco] Инициализация растений...  
[12:03:45.029] [13] [ Info] [Eco] Запуск RouteProbingPlugin...  
[12:03:45.029] [13] [ Info] [Eco] Загружаем RouteProbing...  
[12:03:47.188] [13] [ Info] [Eco] Запуск МенеджерСлоёвМира...  
[12:03:47.188] [13] [ Info] [Eco] Загружаем Layers...  
[12:03:47.891] [13] [ Info] [Eco] Инициализация слоёв мира...  
[12:03:47.891] [13] [ Info] [Eco] Загружаем ClimateSim...  
[12:03:50.654] [13] [ Info] [Eco] Запуск ТрекерЭкономики...  
[12:03:50.654] [13] [ Info] [Eco] Запуск UserTracker...  
[12:03:50.654] [13] [ Info] [Eco] Запуск МенеджерМировыхОбъектов...  
[12:03:50.746] [13] [ Info] [Eco] Загружаем WorldObjects...  
[12:03:51.635] [13] [ Info] [Eco] Запуск ПлагинКомнат...  
[12:03:51.635] [13] [ Info] [Eco] Загружаем Rooms...  
[12:03:51.654] [13] [ Info] [Eco] Запуск ПлагинЦелей...  
[12:03:51.654] [13] [ Info] [Eco] Загружаем Objectives...  
[12:03:51.677] [13] [ Info] [Eco] Запуск ПлагинСна...  
[12:03:51.677] [13] [ Info] [Eco] Загружаем Sleep...  
[12:03:51.677] [1] [ Info] [Eco] Запуск ПлагинВебСервера...  
[12:03:51.691] [1] [ Info] [Eco] Запуск OtherAliasCategory...  
[12:03:51.691] [10] [ Info] [Eco] Запуск NidToolboxPlugin...  
[12:03:51.691] [17] [ Info] [Eco] Запуск ПлагинТестовИнтеграции...  
[12:03:51.691] [27] [ Info] [Eco] Запуск DiscordLink...  
[12:03:51.691] [32] [ Info] [Eco] Запуск Asphalt...  
[12:03:51.811] [1] [ Info] [Eco] Инициализируем ПлагинПеревода...  
[12:03:51.811] [1] [ Info] [Eco] Инициализируем ПлагинНабораМодификаций...  
[12:03:52.028] [1] [ Info] [Eco] Инициализируем ПлагинГенератораМира...  
[12:03:52.030] [1] [ Info] [Eco] Инициализируем МенеджерПользователей...  
[12:03:52.141] [1] [ Info] [Eco] Инициализируем ПлагинМусора...  
[12:03:52.173] [1] [ Info] [Eco] Инициализируем ПлагинЭкономики...  
[12:03:52.283] [1] [ Info] [Eco] Инициализируем Законодательство...  
[12:04:08.051] [1] [ Info] [Eco] Инициализируем МенеджерСобственности...  
[12:04:08.101] [1] [ Info] [Eco] Инициализируем МенеджерМиникарты...  
[12:04:08.972] [1] [ Info] [Eco] Инициализируем UserTracker...  
[12:04:08.985] [1] [ Info] [Eco] Инициализируем МенеджерМировыхОбъектов...  
[12:04:14.681] [1] [ Info] [Eco] Инициализируем ПлагинКомнат...  
[12:04:17.134] [1] [ Info] [Eco] Инициализируем ПлагинСна...  
[12:04:17.134] [1] [ Info] [Eco] Инициализируем NidToolboxPlugin...  
[12:04:17.145] [1] [ Info] [NidToolbox] Checking declared file: Mods\NidToolbox\Texts\Motd.txt 
[12:04:17.145] [1] [ Info] [NidToolbox] Config file:  Mods\NidToolbox\Texts\Motd.txt exists. 
[12:04:17.145] [1] [ Info] [NidToolbox] Config file:  Mods\NidToolbox\Texts\Motd.txt readable. 
[12:04:17.145] [1] [ Info] [NidToolbox] Checking declared file: Mods\NidToolbox\Texts\Rules.txt 
[12:04:17.145] [1] [ Info] [NidToolbox] Config file:  Mods\NidToolbox\Texts\Rules.txt exists. 
[12:04:17.145] [1] [ Info] [NidToolbox] Config file:  Mods\NidToolbox\Texts\Rules.txt readable. 
[12:04:17.145] [1] [ Info] [NidToolbox] Checking declared file: Mods\NidToolbox\Texts\ServerChangelog.txt 
[12:04:17.145] [1] [ Info] [NidToolbox] Config file:  Mods\NidToolbox\Texts\ServerChangelog.txt exists. 
[12:04:17.145] [1] [ Info] [NidToolbox] Config file:  Mods\NidToolbox\Texts\ServerChangelog.txt readable. 
[12:04:17.270] [1] [ Info] [Eco] Инициализируем DiscordLink...  
[12:04:17.316] [1] [ Info] [Eco] Инициализируем ПлагинМира...  
[12:04:17.316] [1] [ Info] [Eco] Обработка...  
[12:04:21.907] [139] [ Info] [Eco] DISCORDLINK: Connected to Discord.

 
[12:04:22.771] [1] [ Info] [Eco] Сжатие...  
[12:04:23.329] [137] [ Info] [Eco] DISCORDLINK: Connected and Ready
 
[12:04:27.005] [1] [ Info] [Eco] Инициализируем МенеджерСети...  
[12:04:27.249] [1] [ Info] [Eco] Инициализируем МенеджерСлоёвМира...  
[12:04:27.249] [1] [ Info] [Eco] Инициализируем ПлагинВебСервера...  
[12:04:28.294] [1] [ Info] [Eco] Инициализируем ПлагинТестовИнтеграции...  
[12:04:28.300] [1] [ Info] [NidToolbox] OK - Mono not detected, not a Linux environment 
[12:04:28.300] [1] [ Info] [NidToolbox] All commands in config up to date. 
[12:04:28.366] [1] [ Info] [NidToolbox] Running NidToolbox version 1.8.7 
[12:04:28.419] [1] [ Info] [Eco] Server Initialization завершена за 69 584,1мс
 
[12:04:33.534] [165] [ Info] [Eco] Ошибка при определении наличия индекса в базе данных статистики: CedarPopulation (TimeSeconds, Value): TimeoutException Время ожидания операции истекло.
 
[12:09:05.531] [180] [ Info] [log] letmeplay invoked admin command '/fly' 
[12:09:07.470] [180] [ Info] [log] letmeplay invoked admin command '/fly' 
[12:34:31.951] [17] [ Info] [Eco] Удалена резервная копия - D:/EcoBackup/Storage\Backup\Game-2020-02-04-12.05.37
 
[12:34:38.299] [180] [ Info] [log] letmeplay invoked admin command '/fly' 
[12:34:40.108] [180] [ Info] [log] letmeplay invoked admin command '/fly' 
