[10:12:24.279] [1] [ Info] [Eco] >>> START EcoServer, Version=1.0.0.0, Culture=neutral, PublicKeyToken=null 
[10:12:24.307] [1] [ Info] [Eco] Eco Server 0.8.3.3 beta
 
[10:12:24.379] [1] [ Info] [Eco] Server Initialization...  
[10:12:24.379] [1] [ Info] [Eco] Starting LocalizationPlugin...  
[10:12:24.766] [1] [ Info] [Eco] Запуск ПлагинНабораМодификаций...  
[10:12:24.766] [1] [ Info] [Eco] Загрузка модификаций...  
[10:12:25.061] [1] [ Info] [Eco] Компилирование модификаций...  
[10:12:26.530] [1] [ Info] [Eco] Загружаем 0Harmony...
 
[10:12:26.530] [1] [ Info] [Eco] Загружаем Asphalt-ModKit...
 
[10:12:26.656] [1] [ Info] [Eco] Загружаем DiscordLink_blue...
 
[10:12:26.702] [1] [ Info] [Eco] Загружаем Eco.IntegrationTests...
 
[10:12:26.702] [1] [ Info] [Eco] Загружаем em-base...
 
[10:12:26.702] [1] [ Info] [Eco] Загружаем NoPlayerCredits...
 
[10:12:26.702] [1] [ Info] [Eco] Загружаем em-greenenergy...
 
[10:12:26.710] [1] [ Info] [Eco] Загружаем em-realisticsmelting...
 
[10:12:26.710] [1] [ Info] [Eco] Загружаем em-shippingcontainers...
 
[10:12:26.710] [1] [ Info] [Eco] Загружаем em-tailingspack...
 
[10:12:26.710] [1] [ Info] [Eco] Загружаем em-arches...
 
[10:12:26.710] [1] [ Info] [Eco] Загружаем em-doors...
 
[10:12:26.710] [1] [ Info] [Eco] Загружаем em-dyes...
 
[10:12:26.710] [1] [ Info] [Eco] Загружаем em-homeobjects...
 
[10:12:26.731] [1] [ Info] [Eco] Загружаем em-transportation...
 
[10:12:26.743] [1] [ Info] [Eco] Загружаем em-windows...
 
[10:12:26.743] [1] [ Info] [Eco] Загружаем em-zymology...
 
[10:12:26.757] [1] [ Info] [Eco] Загружаем HPStorage...
 
[10:12:26.757] [1] [ Info] [Eco] Загружаем NidToolbox...
 
[10:12:26.757] [1] [ Info] [Eco] Загрузка модификаций завершена за 1 996,5мс
 
[10:12:26.757] [1] [ Info] [Eco] Запуск МенеджерСети...  
[10:12:26.757] [7] [ Info] [Eco] Инициализация типов симуляции...  
[10:12:26.832] [16] [ Info] [Eco] Запуск ПлагинГенератораМира...  
[10:12:26.832] [14] [ Info] [Eco] Запуск ПлагинРезервногоКопирования...  
[10:12:26.832] [6] [ Info] [Eco] Запуск ПлагинИгровойСтатистики...  
[10:12:26.845] [14] [ Info] [Eco] Запуск МенеджерХранилища...  
[10:12:28.410] [7] [ Info] [Eco] Инициализация предметов...  
[10:12:28.472] [7] [ Info] [NidToolbox] Checking Settings.json 
[10:12:28.472] [7] [ Info] [NidToolbox] Config file: Mods\NidToolbox\Config\Settings.json exists. 
[10:12:28.478] [7] [ Info] [NidToolbox] Json file: Mods\NidToolbox\Config\Settings.json readable and correct. 
[10:12:28.478] [7] [ Info] [NidToolbox] Checking CommandPermissions.json 
[10:12:28.478] [7] [ Info] [NidToolbox] Config file: Mods\NidToolbox\Config\CommandPermissions.json exists. 
[10:12:28.478] [7] [ Info] [NidToolbox] Json file: Mods\NidToolbox\Config\CommandPermissions.json readable and correct. 
[10:12:28.478] [7] [ Info] [NidToolbox] Checking TimerMessages.json 
[10:12:28.478] [7] [ Info] [NidToolbox] Config file: Mods\NidToolbox\Config\TimerMessages.json exists. 
[10:12:28.518] [7] [ Info] [NidToolbox] Json file: Mods\NidToolbox\Config\TimerMessages.json readable and correct. 
[10:12:28.525] [7] [ Info] [NidToolbox] Checking ScheduledMessages.json 
[10:12:28.525] [7] [ Info] [NidToolbox] Config file: Mods\NidToolbox\Config\ScheduledMessages.json exists. 
[10:12:28.525] [7] [ Info] [NidToolbox] Json file: Mods\NidToolbox\Config\ScheduledMessages.json readable and correct. 
[10:12:28.525] [7] [ Info] [NidToolbox] No UserHomes directory, skipping user homes config checks. 
[10:12:29.522] [14] [ Info] [Eco] Запуск Плагин паузы...  
[10:12:29.529] [14] [ Info] [Eco] Загружаем Pause...  
[10:12:31.684] [7] [ Info] [Eco] Инициализация навыков...  
[10:12:31.790] [14] [ Info] [Eco] Запуск БДСтатистики...  
[10:12:31.790] [5] [ Info] [Eco] Запуск ПлагинМира...  
[10:12:31.851] [5] [ Info] [Eco] Загружаем World...  
[10:12:34.918] [5] [ Info] [Eco] Инициализация мира...  
[10:12:36.061] [5] [ Info] [Eco] Запуск ПлагинВремени...  
[10:12:36.061] [5] [ Info] [Eco] Загружаем Time...  
[10:12:36.061] [5] [ Info] [Eco] Запуск ПлагинРепутации...  
[10:12:36.061] [5] [ Info] [Eco] Загружаем Reputation...  
[10:12:36.088] [5] [ Info] [Eco] Запуск МенеджерЖильяИгроков...  
[10:12:36.088] [5] [ Info] [Eco] Запуск МенеджерПользователей...  
[10:12:36.134] [5] [ Info] [Eco] Загружаем Users...  
[10:12:36.285] [5] [ Info] [Eco] Инициализация инвентарей...  
[10:12:36.327] [5] [ Info] [Eco] Запуск МенеджерОбъектовЭко...  
[10:12:36.327] [14] [ Info] [Eco] Запуск ПлагинМусора...  
[10:12:36.327] [6] [ Info] [Eco] Запуск VoiceManager...  
[10:12:36.327] [14] [ Info] [Eco] Загружаем Garbage...  
[10:12:36.327] [35] [ Info] [Eco] Запуск НастройкиСложности...  
[10:12:36.335] [36] [ Info] [Eco] Запуск ПлагинЭкономики...  
[10:12:36.335] [31] [ Info] [Eco] Запуск ПлагинУгроз...  
[10:12:36.335] [17] [ Info] [Eco] Запуск СерверЧата...  
[10:12:36.335] [5] [ Info] [Eco] Запуск МенеджерКонтроллера...  
[10:12:36.335] [36] [ Info] [Eco] Загружаем Economy...  
[10:12:36.501] [31] [ Info] [Eco] Загружаем Disasters...  
[10:12:36.507] [36] [ Info] [Eco] Запуск Законодательство...  
[10:12:36.507] [17] [ Info] [Eco] Загружаем Chat...  
[10:12:36.544] [36] [ Info] [Eco] Загружаем Laws...  
[10:12:36.636] [36] [ Info] [Eco] Запуск МенеджерСобственности...  
[10:12:36.636] [36] [ Info] [Eco] Загружаем Property...  
[10:12:36.698] [36] [ Info] [Eco] Запуск МенеджерМиникарты...  
[10:12:36.698] [36] [ Info] [Eco] Запуск СимуляцияЭко...  
[10:12:36.762] [36] [ Info] [Eco] Загружаем Plants...  
[10:12:39.004] [36] [ Info] [Eco] Инициализация растений...  
[10:12:49.455] [36] [ Info] [Eco] Запуск RouteProbingPlugin...  
[10:12:49.455] [36] [ Info] [Eco] Загружаем RouteProbing...  
[10:12:52.545] [36] [ Info] [Eco] Запуск МенеджерСлоёвМира...  
[10:12:52.545] [36] [ Info] [Eco] Загружаем Layers...  
[10:12:53.162] [36] [ Info] [Eco] Инициализация слоёв мира...  
[10:12:53.167] [36] [ Info] [Eco] Загружаем ClimateSim...  
[10:12:56.553] [36] [ Info] [Eco] Запуск ТрекерЭкономики...  
[10:12:56.565] [36] [ Info] [Eco] Запуск UserTracker...  
[10:12:56.565] [36] [ Info] [Eco] Запуск МенеджерМировыхОбъектов...  
[10:12:56.650] [36] [ Info] [Eco] Загружаем WorldObjects...  
[10:12:56.762] [36] [ Info] [Eco] Запуск ПлагинКомнат...  
[10:12:56.762] [36] [ Info] [Eco] Загружаем Rooms...  
[10:12:56.774] [36] [ Info] [Eco] Запуск ПлагинЦелей...  
[10:12:56.774] [36] [ Info] [Eco] Загружаем Objectives...  
[10:12:56.774] [36] [ Info] [Eco] Запуск ПлагинСна...  
[10:12:56.774] [36] [ Info] [Eco] Загружаем Sleep...  
[10:12:56.793] [1] [ Info] [Eco] Запуск ПлагинВебСервера...  
[10:12:56.793] [1] [ Info] [Eco] Запуск OtherAliasCategory...  
[10:12:56.793] [28] [ Info] [Eco] Запуск DiscordLink...  
[10:12:56.793] [27] [ Info] [Eco] Запуск NidToolboxPlugin...  
[10:12:56.793] [25] [ Info] [Eco] Запуск ChatBase...  
[10:12:56.793] [33] [ Info] [Eco] Запуск Asphalt...  
[10:12:56.804] [23] [ Info] [Eco] Запуск ПлагинТестовИнтеграции...  
[10:12:56.804] [11] [ Info] [Eco] Запуск NoPlayerCreditsPlugin...  
[10:12:56.897] [1] [ Info] [Eco] Инициализируем ПлагинПеревода...  
[10:12:56.897] [1] [ Info] [Eco] Инициализируем ПлагинНабораМодификаций...  
[10:12:57.196] [1] [ Info] [Eco] Инициализируем ПлагинГенератораМира...  
[10:12:57.196] [1] [ Info] [Eco] Инициализируем МенеджерПользователей...  
[10:12:57.239] [1] [ Info] [Eco] Инициализируем ПлагинМусора...  
[10:12:57.249] [1] [ Info] [Eco] Инициализируем ПлагинЭкономики...  
[10:12:57.271] [1] [ Info] [Eco] Инициализируем Законодательство...  
[10:13:00.517] [1] [ Info] [Eco] Инициализируем МенеджерСобственности...  
[10:13:00.530] [1] [ Info] [Eco] Инициализируем МенеджерМиникарты...  
[10:13:01.718] [1] [ Info] [Eco] Инициализируем UserTracker...  
[10:13:01.718] [1] [ Info] [Eco] Инициализируем МенеджерМировыхОбъектов...  
[10:13:01.975] [1] [ Info] [Eco] Инициализируем ПлагинКомнат...  
[10:13:02.096] [1] [ Info] [Eco] Инициализируем ПлагинСна...  
[10:13:02.096] [1] [ Info] [Eco] Инициализируем NidToolboxPlugin...  
[10:13:02.106] [1] [ Info] [NidToolbox] Checking declared file: Mods\NidToolbox\Texts\Motd.txt 
[10:13:02.106] [1] [ Info] [NidToolbox] Config file:  Mods\NidToolbox\Texts\Motd.txt exists. 
[10:13:02.106] [1] [ Info] [NidToolbox] Config file:  Mods\NidToolbox\Texts\Motd.txt readable. 
[10:13:02.106] [1] [ Info] [NidToolbox] Checking declared file: Mods\NidToolbox\Texts\Rules.txt 
[10:13:02.116] [1] [ Info] [NidToolbox] Config file:  Mods\NidToolbox\Texts\Rules.txt exists. 
[10:13:02.116] [1] [ Info] [NidToolbox] Config file:  Mods\NidToolbox\Texts\Rules.txt readable. 
[10:13:02.116] [1] [ Info] [NidToolbox] Checking declared file: Mods\NidToolbox\Texts\ServerChangelog.txt 
[10:13:02.116] [1] [ Info] [NidToolbox] Config file:  Mods\NidToolbox\Texts\ServerChangelog.txt exists. 
[10:13:02.116] [1] [ Info] [NidToolbox] Config file:  Mods\NidToolbox\Texts\ServerChangelog.txt readable. 
[10:13:02.220] [1] [ Info] [Eco] Инициализируем NoPlayerCreditsPlugin...  
[10:13:02.220] [1] [ Info] [Eco] Инициализируем DiscordLink...  
[10:13:02.253] [1] [ Info] [Eco] Инициализируем ПлагинМира...  
[10:13:02.253] [1] [ Info] [Eco] Обработка...  
[10:13:02.981] [1] [ Info] [Eco] Сжатие...  
[10:13:06.466] [1] [ Info] [Eco] Инициализируем МенеджерСети...  
[10:13:06.488] [140] [ Info] [Eco] DISCORDLINK: Connected to Discord.

 
[10:13:06.684] [1] [ Info] [Eco] Инициализируем МенеджерСлоёвМира...  
[10:13:06.684] [1] [ Info] [Eco] Инициализируем ПлагинВебСервера...  
[10:13:07.342] [140] [ Info] [Eco] DISCORDLINK: Connected and Ready
 
[10:13:07.384] [1] [ Info] [Eco] Инициализируем ПлагинТестовИнтеграции...  
[10:13:07.384] [1] [ Info] [NidToolbox] OK - Mono not detected, not a Linux environment 
[10:13:07.384] [1] [ Info] [NidToolbox] All commands in config up to date. 
[10:13:07.457] [1] [ Info] [NidToolbox] Running NidToolbox version 1.8.7 
[10:13:07.507] [1] [ Info] [Eco] Server Initialization завершена за 43 125,1мс
 
[10:13:46.438] [1] [ Info] [Eco] Сохранение...
 
[10:13:46.438] [1] [ Info] [Eco] Сохранение мира...  
[10:13:50.833] [1] [ Info] [Eco] Готово
 
[10:13:50.994] [1] [ Info] [Eco] Выключение завершено
 
