[20:22:25.841] [1] [ Info] [Eco] >>> START EcoServer, Version=1.0.0.0, Culture=neutral, PublicKeyToken=null 
[20:22:25.869] [1] [ Info] [Eco] Eco Server 0.8.3.3 beta
 
[20:22:25.940] [1] [ Info] [Eco] Server Initialization...  
[20:22:25.940] [1] [ Info] [Eco] Starting LocalizationPlugin...  
[20:22:26.328] [1] [ Info] [Eco] Запуск ПлагинНабораМодификаций...  
[20:22:26.328] [1] [ Info] [Eco] Загрузка модификаций...  
[20:22:26.633] [1] [ Info] [Eco] Компилирование модификаций...  
[20:22:28.132] [1] [ Info] [Eco] Загружаем 0Harmony...
 
[20:22:28.132] [1] [ Info] [Eco] Загружаем Asphalt-ModKit...
 
[20:22:28.266] [1] [ Info] [Eco] Загружаем DiscordLink_blue...
 
[20:22:28.320] [1] [ Info] [Eco] Загружаем Eco.IntegrationTests...
 
[20:22:28.320] [1] [ Info] [Eco] Загружаем em-base...
 
[20:22:28.320] [1] [ Info] [Eco] Загружаем NoPlayerCredits...
 
[20:22:28.325] [1] [ Info] [Eco] Загружаем em-greenenergy...
 
[20:22:28.325] [1] [ Info] [Eco] Загружаем em-realisticsmelting...
 
[20:22:28.325] [1] [ Info] [Eco] Загружаем em-shippingcontainers...
 
[20:22:28.325] [1] [ Info] [Eco] Загружаем em-tailingspack...
 
[20:22:28.325] [1] [ Info] [Eco] Загружаем em-arches...
 
[20:22:28.325] [1] [ Info] [Eco] Загружаем em-doors...
 
[20:22:28.325] [1] [ Info] [Eco] Загружаем em-dyes...
 
[20:22:28.325] [1] [ Info] [Eco] Загружаем em-homeobjects...
 
[20:22:28.325] [1] [ Info] [Eco] Загружаем em-transportation...
 
[20:22:28.345] [1] [ Info] [Eco] Загружаем em-windows...
 
[20:22:28.345] [1] [ Info] [Eco] Загружаем em-zymology...
 
[20:22:28.358] [1] [ Info] [Eco] Загружаем HPStorage...
 
[20:22:28.358] [1] [ Info] [Eco] Загружаем NidToolbox...
 
[20:22:28.358] [1] [ Info] [Eco] Загрузка модификаций завершена за 2 035,7мс
 
[20:22:28.358] [1] [ Info] [Eco] Запуск МенеджерСети...  
[20:22:28.358] [5] [ Info] [Eco] Инициализация типов симуляции...  
[20:22:28.433] [14] [ Info] [Eco] Запуск ПлагинГенератораМира...  
[20:22:28.433] [7] [ Info] [Eco] Запуск ПлагинРезервногоКопирования...  
[20:22:28.435] [8] [ Info] [Eco] Запуск ПлагинИгровойСтатистики...  
[20:22:28.435] [7] [ Info] [Eco] Запуск МенеджерХранилища...  
[20:22:30.005] [5] [ Info] [Eco] Инициализация предметов...  
[20:22:30.102] [5] [ Info] [NidToolbox] Checking Settings.json 
[20:22:30.118] [5] [ Info] [NidToolbox] Config file: Mods\NidToolbox\Config\Settings.json exists. 
[20:22:30.128] [5] [ Info] [NidToolbox] Json file: Mods\NidToolbox\Config\Settings.json readable and correct. 
[20:22:30.128] [5] [ Info] [NidToolbox] Checking CommandPermissions.json 
[20:22:30.128] [5] [ Info] [NidToolbox] Config file: Mods\NidToolbox\Config\CommandPermissions.json exists. 
[20:22:30.128] [5] [ Info] [NidToolbox] Json file: Mods\NidToolbox\Config\CommandPermissions.json readable and correct. 
[20:22:30.128] [5] [ Info] [NidToolbox] Checking TimerMessages.json 
[20:22:30.128] [5] [ Info] [NidToolbox] Config file: Mods\NidToolbox\Config\TimerMessages.json exists. 
[20:22:30.138] [5] [ Info] [NidToolbox] Json file: Mods\NidToolbox\Config\TimerMessages.json readable and correct. 
[20:22:30.138] [5] [ Info] [NidToolbox] Checking ScheduledMessages.json 
[20:22:30.174] [5] [ Info] [NidToolbox] Config file: Mods\NidToolbox\Config\ScheduledMessages.json exists. 
[20:22:30.174] [5] [ Info] [NidToolbox] Json file: Mods\NidToolbox\Config\ScheduledMessages.json readable and correct. 
[20:22:30.174] [5] [ Info] [NidToolbox] No UserHomes directory, skipping user homes config checks. 
[20:22:31.166] [7] [ Info] [Eco] Запуск Плагин паузы...  
[20:22:31.175] [7] [ Info] [Eco] Загружаем Pause...  
[20:22:33.257] [5] [ Info] [Eco] Инициализация навыков...  
[20:22:33.369] [7] [ Info] [Eco] Запуск БДСтатистики...  
[20:22:33.369] [14] [ Info] [Eco] Запуск ПлагинМира...  
[20:22:33.422] [14] [ Info] [Eco] Загружаем World...  
[20:22:36.543] [14] [ Info] [Eco] Инициализация мира...  
[20:22:37.791] [14] [ Info] [Eco] Запуск ПлагинВремени...  
[20:22:37.791] [14] [ Info] [Eco] Загружаем Time...  
[20:22:37.794] [14] [ Info] [Eco] Запуск ПлагинРепутации...  
[20:22:37.794] [14] [ Info] [Eco] Загружаем Reputation...  
[20:22:37.794] [14] [ Info] [Eco] Запуск МенеджерЖильяИгроков...  
[20:22:37.810] [14] [ Info] [Eco] Запуск МенеджерПользователей...  
[20:22:37.852] [14] [ Info] [Eco] Загружаем Users...  
[20:22:37.997] [14] [ Info] [Eco] Инициализация инвентарей...  
[20:22:38.040] [14] [ Info] [Eco] Запуск МенеджерОбъектовЭко...  
[20:22:38.046] [14] [ Info] [Eco] Запуск ПлагинМусора...  
[20:22:38.046] [34] [ Info] [Eco] Запуск НастройкиСложности...  
[20:22:38.046] [7] [ Info] [Eco] Запуск ПлагинЭкономики...  
[20:22:38.046] [26] [ Info] [Eco] Запуск VoiceManager...  
[20:22:38.046] [24] [ Info] [Eco] Запуск ПлагинУгроз...  
[20:22:38.046] [14] [ Info] [Eco] Загружаем Garbage...  
[20:22:38.046] [25] [ Info] [Eco] Запуск СерверЧата...  
[20:22:38.046] [18] [ Info] [Eco] Запуск МенеджерКонтроллера...  
[20:22:38.046] [7] [ Info] [Eco] Загружаем Economy...  
[20:22:38.214] [24] [ Info] [Eco] Загружаем Disasters...  
[20:22:38.227] [25] [ Info] [Eco] Загружаем Chat...  
[20:22:38.227] [7] [ Info] [Eco] Запуск Законодательство...  
[20:22:38.270] [7] [ Info] [Eco] Загружаем Laws...  
[20:22:38.364] [7] [ Info] [Eco] Запуск МенеджерСобственности...  
[20:22:38.364] [7] [ Info] [Eco] Загружаем Property...  
[20:22:38.427] [7] [ Info] [Eco] Запуск МенеджерМиникарты...  
[20:22:38.427] [7] [ Info] [Eco] Запуск СимуляцияЭко...  
[20:22:38.492] [7] [ Info] [Eco] Загружаем Plants...  
[20:22:40.656] [7] [ Info] [Eco] Инициализация растений...  
[20:22:51.306] [7] [ Info] [Eco] Запуск RouteProbingPlugin...  
[20:22:51.306] [7] [ Info] [Eco] Загружаем RouteProbing...  
[20:22:54.491] [7] [ Info] [Eco] Запуск МенеджерСлоёвМира...  
[20:22:54.491] [7] [ Info] [Eco] Загружаем Layers...  
[20:22:55.162] [7] [ Info] [Eco] Инициализация слоёв мира...  
[20:22:55.170] [7] [ Info] [Eco] Загружаем ClimateSim...  
[20:22:58.702] [7] [ Info] [Eco] Запуск ТрекерЭкономики...  
[20:22:58.702] [7] [ Info] [Eco] Запуск UserTracker...  
[20:22:58.702] [7] [ Info] [Eco] Запуск МенеджерМировыхОбъектов...  
[20:22:58.800] [7] [ Info] [Eco] Загружаем WorldObjects...  
[20:22:58.909] [7] [ Info] [Eco] Запуск ПлагинКомнат...  
[20:22:58.909] [7] [ Info] [Eco] Загружаем Rooms...  
[20:22:58.922] [7] [ Info] [Eco] Запуск ПлагинЦелей...  
[20:22:58.922] [7] [ Info] [Eco] Загружаем Objectives...  
[20:22:58.936] [7] [ Info] [Eco] Запуск ПлагинСна...  
[20:22:58.936] [7] [ Info] [Eco] Загружаем Sleep...  
[20:22:58.936] [1] [ Info] [Eco] Запуск ПлагинВебСервера...  
[20:22:58.936] [1] [ Info] [Eco] Запуск OtherAliasCategory...  
[20:22:58.951] [17] [ Info] [Eco] Запуск Asphalt...  
[20:22:58.951] [19] [ Info] [Eco] Запуск NidToolboxPlugin...  
[20:22:58.951] [28] [ Info] [Eco] Запуск DiscordLink...  
[20:22:58.951] [23] [ Info] [Eco] Запуск ПлагинТестовИнтеграции...  
[20:22:58.951] [8] [ Info] [Eco] Запуск NoPlayerCreditsPlugin...  
[20:22:58.951] [9] [ Info] [Eco] Запуск ChatBase...  
[20:22:59.058] [1] [ Info] [Eco] Инициализируем ПлагинПеревода...  
[20:22:59.061] [1] [ Info] [Eco] Инициализируем ПлагинНабораМодификаций...  
[20:22:59.345] [1] [ Info] [Eco] Инициализируем ПлагинГенератораМира...  
[20:22:59.345] [1] [ Info] [Eco] Инициализируем МенеджерПользователей...  
[20:22:59.401] [1] [ Info] [Eco] Инициализируем ПлагинМусора...  
[20:22:59.409] [1] [ Info] [Eco] Инициализируем ПлагинЭкономики...  
[20:22:59.426] [1] [ Info] [Eco] Инициализируем Законодательство...  
[20:23:02.476] [1] [ Info] [Eco] Инициализируем МенеджерСобственности...  
[20:23:02.498] [1] [ Info] [Eco] Инициализируем МенеджерМиникарты...  
[20:23:03.444] [1] [ Info] [Eco] Инициализируем UserTracker...  
[20:23:03.444] [1] [ Info] [Eco] Инициализируем МенеджерМировыхОбъектов...  
[20:23:03.675] [1] [ Info] [Eco] Инициализируем ПлагинКомнат...  
[20:23:03.794] [1] [ Info] [Eco] Инициализируем ПлагинСна...  
[20:23:03.794] [1] [ Info] [Eco] Инициализируем NidToolboxPlugin...  
[20:23:03.794] [1] [ Info] [NidToolbox] Checking declared file: Mods\NidToolbox\Texts\Motd.txt 
[20:23:03.794] [1] [ Info] [NidToolbox] Config file:  Mods\NidToolbox\Texts\Motd.txt exists. 
[20:23:03.794] [1] [ Info] [NidToolbox] Config file:  Mods\NidToolbox\Texts\Motd.txt readable. 
[20:23:03.794] [1] [ Info] [NidToolbox] Checking declared file: Mods\NidToolbox\Texts\Rules.txt 
[20:23:03.794] [1] [ Info] [NidToolbox] Config file:  Mods\NidToolbox\Texts\Rules.txt exists. 
[20:23:03.809] [1] [ Info] [NidToolbox] Config file:  Mods\NidToolbox\Texts\Rules.txt readable. 
[20:23:03.809] [1] [ Info] [NidToolbox] Checking declared file: Mods\NidToolbox\Texts\ServerChangelog.txt 
[20:23:03.809] [1] [ Info] [NidToolbox] Config file:  Mods\NidToolbox\Texts\ServerChangelog.txt exists. 
[20:23:03.809] [1] [ Info] [NidToolbox] Config file:  Mods\NidToolbox\Texts\ServerChangelog.txt readable. 
[20:23:03.898] [1] [ Info] [Eco] Инициализируем NoPlayerCreditsPlugin...  
[20:23:03.898] [1] [ Info] [Eco] Инициализируем DiscordLink...  
[20:23:03.939] [1] [ Info] [Eco] Инициализируем ПлагинМира...  
[20:23:03.939] [1] [ Info] [Eco] Обработка...  
[20:23:04.627] [1] [ Info] [Eco] Сжатие...  
[20:23:08.032] [1] [ Info] [Eco] Инициализируем МенеджерСети...  
[20:23:08.054] [142] [ Info] [Eco] DISCORDLINK: Connected to Discord.

 
[20:23:08.248] [1] [ Info] [Eco] Инициализируем МенеджерСлоёвМира...  
[20:23:08.248] [1] [ Info] [Eco] Инициализируем ПлагинВебСервера...  
[20:23:08.901] [1] [ Info] [Eco] Инициализируем ПлагинТестовИнтеграции...  
[20:23:08.907] [1] [ Info] [NidToolbox] OK - Mono not detected, not a Linux environment 
[20:23:08.907] [1] [ Info] [NidToolbox] All commands in config up to date. 
[20:23:08.968] [145] [ Info] [Eco] DISCORDLINK: Connected and Ready
 
[20:23:08.968] [1] [ Info] [NidToolbox] Running NidToolbox version 1.8.7 
[20:23:09.012] [1] [ Info] [Eco] Server Initialization завершена за 43 049,8мс
 
[20:31:42.577] [1] [ Info] [Eco] Сохранение...
 
[20:31:42.577] [1] [ Info] [Eco] Сохранение мира...  
[20:31:46.023] [1] [ Info] [Eco] Готово
 
[20:31:46.188] [1] [ Info] [Eco] Выключение завершено
 
