[19:17:57.574] [1] [ Info] [Eco] >>> START EcoServer, Version=1.0.0.0, Culture=neutral, PublicKeyToken=null 
[19:17:57.605] [1] [ Info] [Eco] Eco Server 0.8.3.3 beta
 
[19:17:57.676] [1] [ Info] [Eco] Server Initialization...  
[19:17:57.676] [1] [ Info] [Eco] Starting LocalizationPlugin...  
[19:17:58.050] [1] [ Info] [Eco] Запуск ПлагинНабораМодификаций...  
[19:17:58.053] [1] [ Info] [Eco] Загрузка модификаций...  
[19:17:58.344] [1] [ Info] [Eco] Компилирование модификаций...  
[19:17:59.944] [1] [ Info] [Eco] Загружаем 0Harmony...
 
[19:17:59.944] [1] [ Info] [Eco] Загружаем Asphalt-ModKit...
 
[19:18:00.069] [1] [ Info] [Eco] Загружаем DiscordLink_blue...
 
[19:18:00.114] [1] [ Info] [Eco] Загружаем Eco.IntegrationTests...
 
[19:18:00.114] [1] [ Info] [Eco] Загружаем em-base...
 
[19:18:00.114] [1] [ Info] [Eco] Загружаем NoPlayerCredits...
 
[19:18:00.114] [1] [ Info] [Eco] Загружаем em-greenenergy...
 
[19:18:00.114] [1] [ Info] [Eco] Загружаем em-realisticsmelting...
 
[19:18:00.114] [1] [ Info] [Eco] Загружаем em-shippingcontainers...
 
[19:18:00.114] [1] [ Info] [Eco] Загружаем em-tailingspack...
 
[19:18:00.114] [1] [ Info] [Eco] Загружаем em-arches...
 
[19:18:00.114] [1] [ Info] [Eco] Загружаем em-doors...
 
[19:18:00.132] [1] [ Info] [Eco] Загружаем em-dyes...
 
[19:18:00.132] [1] [ Info] [Eco] Загружаем em-homeobjects...
 
[19:18:00.132] [1] [ Info] [Eco] Загружаем em-transportation...
 
[19:18:00.132] [1] [ Info] [Eco] Загружаем em-windows...
 
[19:18:00.151] [1] [ Info] [Eco] Загружаем em-zymology...
 
[19:18:00.151] [1] [ Info] [Eco] Загружаем HPStorage...
 
[19:18:00.151] [1] [ Info] [Eco] Загружаем NidToolbox...
 
[19:18:00.163] [1] [ Info] [Eco] Загрузка модификаций завершена за 2 108,5мс
 
[19:18:00.163] [1] [ Info] [Eco] Запуск МенеджерСети...  
[19:18:00.163] [6] [ Info] [Eco] Инициализация типов симуляции...  
[19:18:00.233] [17] [ Info] [Eco] Запуск ПлагинГенератораМира...  
[19:18:00.233] [16] [ Info] [Eco] Запуск ПлагинРезервногоКопирования...  
[19:18:00.233] [11] [ Info] [Eco] Запуск ПлагинИгровойСтатистики...  
[19:18:00.243] [16] [ Info] [Eco] Запуск МенеджерХранилища...  
[19:18:01.763] [6] [ Info] [Eco] Инициализация предметов...  
[19:18:01.835] [6] [ Info] [NidToolbox] Checking Settings.json 
[19:18:01.835] [6] [ Info] [NidToolbox] Config file: Mods\NidToolbox\Config\Settings.json exists. 
[19:18:01.835] [6] [ Info] [NidToolbox] Json file: Mods\NidToolbox\Config\Settings.json readable and correct. 
[19:18:01.835] [6] [ Info] [NidToolbox] Checking CommandPermissions.json 
[19:18:01.835] [6] [ Info] [NidToolbox] Config file: Mods\NidToolbox\Config\CommandPermissions.json exists. 
[19:18:01.835] [6] [ Info] [NidToolbox] Json file: Mods\NidToolbox\Config\CommandPermissions.json readable and correct. 
[19:18:01.835] [6] [ Info] [NidToolbox] Checking TimerMessages.json 
[19:18:01.848] [6] [ Info] [NidToolbox] Config file: Mods\NidToolbox\Config\TimerMessages.json exists. 
[19:18:01.848] [6] [ Info] [NidToolbox] Json file: Mods\NidToolbox\Config\TimerMessages.json readable and correct. 
[19:18:01.848] [6] [ Info] [NidToolbox] Checking ScheduledMessages.json 
[19:18:01.848] [6] [ Info] [NidToolbox] Config file: Mods\NidToolbox\Config\ScheduledMessages.json exists. 
[19:18:01.848] [6] [ Info] [NidToolbox] Json file: Mods\NidToolbox\Config\ScheduledMessages.json readable and correct. 
[19:18:01.848] [6] [ Info] [NidToolbox] No UserHomes directory, skipping user homes config checks. 
[19:18:02.908] [16] [ Info] [Eco] Запуск Плагин паузы...  
[19:18:02.915] [16] [ Info] [Eco] Загружаем Pause...  
[19:18:04.956] [6] [ Info] [Eco] Инициализация навыков...  
[19:18:05.058] [16] [ Info] [Eco] Запуск БДСтатистики...  
[19:18:05.058] [17] [ Info] [Eco] Запуск ПлагинМира...  
[19:18:05.122] [17] [ Info] [Eco] Загружаем World...  
[19:18:08.499] [17] [ Info] [Eco] Инициализация мира...  
[19:18:09.230] [17] [ Info] [Eco] Запуск ПлагинВремени...  
[19:18:09.230] [17] [ Info] [Eco] Загружаем Time...  
[19:18:09.230] [17] [ Info] [Eco] Запуск ПлагинРепутации...  
[19:18:09.230] [17] [ Info] [Eco] Загружаем Reputation...  
[19:18:09.245] [17] [ Info] [Eco] Запуск МенеджерЖильяИгроков...  
[19:18:09.245] [17] [ Info] [Eco] Запуск МенеджерПользователей...  
[19:18:09.294] [17] [ Info] [Eco] Загружаем Users...  
[19:18:09.424] [17] [ Info] [Eco] Инициализация инвентарей...  
[19:18:09.479] [17] [ Info] [Eco] Запуск МенеджерОбъектовЭко...  
[19:18:09.479] [7] [ Info] [Eco] Запуск ПлагинМусора...  
[19:18:09.479] [8] [ Info] [Eco] Запуск ПлагинУгроз...  
[19:18:09.479] [6] [ Info] [Eco] Запуск НастройкиСложности...  
[19:18:09.479] [23] [ Info] [Eco] Запуск СерверЧата...  
[19:18:09.479] [32] [ Info] [Eco] Запуск VoiceManager...  
[19:18:09.479] [7] [ Info] [Eco] Загружаем Garbage...  
[19:18:09.479] [17] [ Info] [Eco] Запуск МенеджерКонтроллера...  
[19:18:09.489] [16] [ Info] [Eco] Запуск ПлагинЭкономики...  
[19:18:09.489] [8] [ Info] [Eco] Загружаем Disasters...  
[19:18:09.489] [16] [ Info] [Eco] Загружаем Economy...  
[19:18:09.647] [16] [ Info] [Eco] Запуск Законодательство...  
[19:18:09.647] [23] [ Info] [Eco] Загружаем Chat...  
[19:18:09.670] [16] [ Info] [Eco] Загружаем Laws...  
[19:18:09.721] [16] [ Info] [Eco] Запуск МенеджерСобственности...  
[19:18:09.721] [16] [ Info] [Eco] Загружаем Property...  
[19:18:09.777] [16] [ Info] [Eco] Запуск МенеджерМиникарты...  
[19:18:09.777] [16] [ Info] [Eco] Запуск СимуляцияЭко...  
[19:18:09.840] [16] [ Info] [Eco] Загружаем Plants...  
[19:18:11.818] [16] [ Info] [Eco] Инициализация растений...  
[19:18:20.639] [16] [ Info] [Eco] Запуск RouteProbingPlugin...  
[19:18:20.639] [16] [ Info] [Eco] Загружаем RouteProbing...  
[19:18:23.652] [16] [ Info] [Eco] Запуск МенеджерСлоёвМира...  
[19:18:23.652] [16] [ Info] [Eco] Загружаем Layers...  
[19:18:24.238] [16] [ Info] [Eco] Инициализация слоёв мира...  
[19:18:24.238] [16] [ Info] [Eco] Загружаем ClimateSim...  
[19:18:27.316] [16] [ Info] [Eco] Запуск ТрекерЭкономики...  
[19:18:27.329] [16] [ Info] [Eco] Запуск UserTracker...  
[19:18:27.336] [16] [ Info] [Eco] Запуск МенеджерМировыхОбъектов...  
[19:18:27.427] [16] [ Info] [Eco] Загружаем WorldObjects...  
[19:18:27.509] [16] [ Info] [Eco] Запуск ПлагинКомнат...  
[19:18:27.509] [16] [ Info] [Eco] Загружаем Rooms...  
[19:18:27.521] [16] [ Info] [Eco] Запуск ПлагинЦелей...  
[19:18:27.521] [16] [ Info] [Eco] Загружаем Objectives...  
[19:18:27.521] [16] [ Info] [Eco] Запуск ПлагинСна...  
[19:18:27.521] [16] [ Info] [Eco] Загружаем Sleep...  
[19:18:27.538] [1] [ Info] [Eco] Запуск ПлагинВебСервера...  
[19:18:27.538] [1] [ Info] [Eco] Запуск OtherAliasCategory...  
[19:18:27.538] [28] [ Info] [Eco] Запуск DiscordLink...  
[19:18:27.538] [19] [ Info] [Eco] Запуск NidToolboxPlugin...  
[19:18:27.538] [35] [ Info] [Eco] Запуск NoPlayerCreditsPlugin...  
[19:18:27.538] [23] [ Info] [Eco] Запуск ПлагинТестовИнтеграции...  
[19:18:27.538] [15] [ Info] [Eco] Запуск ChatBase...  
[19:18:27.551] [10] [ Info] [Eco] Запуск Asphalt...  
[19:18:27.646] [1] [ Info] [Eco] Инициализируем ПлагинПеревода...  
[19:18:27.646] [1] [ Info] [Eco] Инициализируем ПлагинНабораМодификаций...  
[19:18:27.926] [1] [ Info] [Eco] Инициализируем ПлагинГенератораМира...  
[19:18:27.926] [1] [ Info] [Eco] Инициализируем МенеджерПользователей...  
[19:18:27.967] [1] [ Info] [Eco] Инициализируем ПлагинМусора...  
[19:18:27.977] [1] [ Info] [Eco] Инициализируем ПлагинЭкономики...  
[19:18:27.977] [1] [ Info] [Eco] Инициализируем Законодательство...  
[19:18:28.478] [1] [ Info] [Eco] Инициализируем МенеджерСобственности...  
[19:18:28.490] [1] [ Info] [Eco] Инициализируем МенеджерМиникарты...  
[19:18:29.413] [1] [ Info] [Eco] Инициализируем UserTracker...  
[19:18:29.413] [1] [ Info] [Eco] Инициализируем МенеджерМировыхОбъектов...  
[19:18:29.619] [1] [ Info] [Eco] Инициализируем ПлагинКомнат...  
[19:18:29.734] [1] [ Info] [Eco] Инициализируем ПлагинСна...  
[19:18:29.734] [1] [ Info] [Eco] Инициализируем NidToolboxPlugin...  
[19:18:29.744] [1] [ Info] [NidToolbox] Checking declared file: Mods\NidToolbox\Texts\Motd.txt 
[19:18:29.744] [1] [ Info] [NidToolbox] Config file:  Mods\NidToolbox\Texts\Motd.txt exists. 
[19:18:29.744] [1] [ Info] [NidToolbox] Config file:  Mods\NidToolbox\Texts\Motd.txt readable. 
[19:18:29.744] [1] [ Info] [NidToolbox] Checking declared file: Mods\NidToolbox\Texts\Rules.txt 
[19:18:29.754] [1] [ Info] [NidToolbox] Config file:  Mods\NidToolbox\Texts\Rules.txt exists. 
[19:18:29.754] [1] [ Info] [NidToolbox] Config file:  Mods\NidToolbox\Texts\Rules.txt readable. 
[19:18:29.754] [1] [ Info] [NidToolbox] Checking declared file: Mods\NidToolbox\Texts\ServerChangelog.txt 
[19:18:29.754] [1] [ Info] [NidToolbox] Config file:  Mods\NidToolbox\Texts\ServerChangelog.txt exists. 
[19:18:29.754] [1] [ Info] [NidToolbox] Config file:  Mods\NidToolbox\Texts\ServerChangelog.txt readable. 
[19:18:29.862] [1] [ Info] [Eco] Инициализируем NoPlayerCreditsPlugin...  
[19:18:29.864] [1] [ Info] [Eco] Инициализируем DiscordLink...  
[19:18:29.908] [1] [ Info] [Eco] Инициализируем ПлагинМира...  
[19:18:29.911] [1] [ Info] [Eco] Обработка...  
[19:18:33.917] [1] [ Info] [Eco] Сжатие...  
[19:18:34.104] [143] [ Info] [Eco] DISCORDLINK: Connected to Discord.

 
[19:18:37.485] [1] [ Info] [Eco] Инициализируем МенеджерСети...  
[19:18:37.548] [146] [ Info] [Eco] DISCORDLINK: Connected and Ready
 
[19:18:37.709] [1] [ Info] [Eco] Инициализируем МенеджерСлоёвМира...  
[19:18:37.709] [1] [ Info] [Eco] Инициализируем ПлагинВебСервера...  
[19:18:38.416] [1] [ Info] [Eco] Инициализируем ПлагинТестовИнтеграции...  
[19:18:38.416] [1] [ Info] [NidToolbox] OK - Mono not detected, not a Linux environment 
[19:18:38.427] [1] [ Info] [NidToolbox] All commands in config up to date. 
[19:18:38.488] [1] [ Info] [NidToolbox] Running NidToolbox version 1.8.7 
[19:18:38.512] [1] [ Info] [Eco] Server Initialization завершена за 40 834,3мс
 
[19:21:21.162] [33] [ Info] [log] Dark Avenger invoked admin command '/fly' 
[19:22:53.611] [140] [ Info] [log] letmeplay invoked admin command '/fly' 
[19:35:54.136] [35] [ Info] [log] AmeriQ invoked admin command '/fly' 
[19:37:46.660] [30] [ Info] [log] Dark Avenger invoked admin command '/fly' 
[19:48:39.202] [19] [ Info] [Eco] Удалена резервная копия - D:/EcoBackup/Storage\Backup\Game-2020-02-17-01.14.06
 
[20:18:39.082] [12] [ Info] [Eco] Удалена резервная копия - D:/EcoBackup/Storage\Backup\Game-2020-02-18-01.49.04
 
[20:18:39.101] [12] [ Info] [Eco] Удалена резервная копия - D:/EcoBackup/Storage\Backup\Game-2020-02-17-02.14.06
 
[20:20:54.308] [34] [ Info] [Eco] DISCORDLINK: Resumed connection
 
[20:31:09.930] [30] [ Info] [log] Dark Avenger invoked admin command '/fly' 
[20:36:02.030] [30] [ Info] [log] Dark Avenger invoked admin command '/fly' 
[20:45:45.942] [30] [ Info] [log] Dark Avenger invoked admin command '/fly' 
[20:45:56.962] [30] [ Info] [log] Dark Avenger invoked admin command '/fly' 
[21:18:38.670] [36] [ Info] [Eco] Удалена резервная копия - D:/EcoBackup/Storage\Backup\Game-2020-02-17-03.14.06
 
[21:21:08.209] [136] [ Info] [Eco] Dark Avenger участвует в голосовании за закон Закон: Гильдии, голосуя: нет
 
[21:26:43.051] [30] [ Info] [log] Dark Avenger invoked admin command '/give тёсаное бревно' 
[21:48:39.598] [26] [ Info] [Eco] Удалена резервная копия - D:/EcoBackup/Storage\Backup\Game-2020-02-18-20.48.38
 
[22:05:40.004] [140] [ Info] [log] letmeplay invoked admin command '/give Маленькая вывеска из тёсанных брёвен' 
[22:13:46.896] [140] [ Info] [log] letmeplay invoked admin command '/save' 
[22:13:46.896] [36] [ Info] [Eco] Сохранение мира...  
[22:15:41.835] [140] [ Info] [log] letmeplay invoked admin command '/record' 
[22:15:43.445] [140] [ Info] [log] letmeplay invoked admin command '/record' 
[22:18:39.078] [21] [ Info] [Eco] Удалена резервная копия - D:/EcoBackup/Storage\Backup\Game-2020-02-17-04.14.06
 
[22:27:11.425] [140] [ Info] [log] letmeplay invoked admin command '/eat' 
[22:28:04.863] [140] [ Info] [log] letmeplay invoked admin command '/fly' 
[22:28:20.027] [140] [ Info] [log] letmeplay invoked admin command '/give магазин' 
[22:41:20.495] [140] [ Info] [log] letmeplay invoked admin command '/give сундук' 
[22:41:29.772] [34] [ Info] [log] AmeriQ invoked admin command '/time' 
[22:41:54.490] [140] [ Info] [log] letmeplay invoked admin command '/give Маленькая вывеска из тёсанных брёвен' 
[22:42:10.874] [140] [ Info] [log] letmeplay invoked admin command '/give Маленькая вывеска из тёсанных брёвен' 
[22:42:49.655] [139] [ Info] [log] Dark Avenger invoked admin command '/fly' 
[22:43:46.924] [140] [ Info] [log] letmeplay invoked admin command '/give Квитанции Землемера, 1000' 
[22:44:09.461] [139] [ Info] [log] Dark Avenger invoked admin command '/give claim, 200' 
[22:44:27.414] [34] [ Info] [log] AmeriQ invoked admin command '/fly' 
[22:48:39.121] [31] [ Info] [Eco] Удалена резервная копия - D:/EcoBackup/Storage\Backup\Game-2020-02-18-21.48.38
 
[23:18:40.058] [12] [ Info] [Eco] Удалена резервная копия - D:/EcoBackup/Storage\Backup\Game-2020-02-17-05.14.06
 
[23:24:59.724] [140] [ Info] [log] letmeplay invoked admin command '/time 12' 
[23:30:32.634] [140] [ Info] [log] letmeplay invoked admin command '/fly' 
[23:32:38.874] [140] [ Info] [log] letmeplay invoked admin command '/fly' 
[23:32:47.258] [140] [ Info] [log] letmeplay invoked admin command '/fly' 
[23:33:33.155] [140] [ Info] [log] letmeplay invoked admin command '/fly' 
[23:34:12.897] [29] [ Info] [log] AmeriQ invoked admin command '/fly' 
[23:35:00.966] [140] [ Info] [log] letmeplay invoked admin command '/give Маленькая вывеска из тёсанных брёвен,5' 
[23:38:31.067] [140] [ Info] [log] letmeplay invoked admin command '/give Маленькая вывеска из тёсанных брёвен,5' 
[23:38:32.920] [140] [ Info] [log] letmeplay invoked admin command '/fly' 
[23:41:18.547] [140] [ Info] [log] letmeplay invoked admin command '/fly' 
[23:43:35.627] [140] [ Info] [log] letmeplay invoked admin command '/save' 
[23:43:35.627] [20] [ Info] [Eco] Сохранение мира...  
[23:48:39.233] [16] [ Info] [Eco] Удалена резервная копия - D:/EcoBackup/Storage\Backup\Game-2020-02-18-22.48.38
 
[00:18:39.284] [20] [ Info] [Eco] Удалена резервная копия - D:/EcoBackup/Storage\Backup\Game-2020-02-17-06.14.06
 
[00:18:39.285] [20] [ Info] [Eco] Удалена резервная копия - D:/EcoBackup/Storage\Backup\Game-2020-02-16-00.24.45
 
[00:48:40.187] [23] [ Info] [Eco] Удалена резервная копия - D:/EcoBackup/Storage\Backup\Game-2020-02-18-23.48.38
 
[01:18:39.944] [8] [ Info] [Eco] Удалена резервная копия - D:/EcoBackup/Storage\Backup\Game-2020-02-17-07.24.25
 
[01:48:40.346] [8] [ Info] [Eco] Удалена резервная копия - D:/EcoBackup/Storage\Backup\Game-2020-02-19-00.48.39
 
[02:18:40.359] [23] [ Info] [Eco] Удалена резервная копия - D:/EcoBackup/Storage\Backup\Game-2020-02-17-08.24.25
 
[02:48:40.346] [36] [ Info] [Eco] Удалена резервная копия - D:/EcoBackup/Storage\Backup\Game-2020-02-19-01.48.39
 
[03:13:17.504] [29] [ Info] [log] letmeplay invoked admin command '/fly' 
[03:18:40.254] [19] [ Info] [Eco] Удалена резервная копия - D:/EcoBackup/Storage\Backup\Game-2020-02-17-09.24.25
 
[03:20:15.551] [29] [ Info] [log] letmeplay invoked admin command '/time 12' 
[03:48:39.968] [24] [ Info] [Eco] Удалена резервная копия - D:/EcoBackup/Storage\Backup\Game-2020-02-19-02.48.39
 
[04:08:47.478] [138] [ Info] [log] AmeriQ invoked admin command '/fly' 
[04:14:19.010] [138] [ Info] [log] AmeriQ invoked admin command '/fly' 
[04:14:42.944] [138] [ Info] [log] AmeriQ invoked admin command '/fly' 
[04:14:50.397] [138] [ Info] [log] AmeriQ invoked admin command '/fly' 
[04:15:05.686] [138] [ Info] [log] AmeriQ invoked admin command '/fly' 
[04:15:11.676] [138] [ Info] [log] AmeriQ invoked admin command '/fly' 
[04:15:33.869] [138] [ Info] [log] AmeriQ invoked admin command '/fly' 
[04:18:40.413] [21] [ Info] [Eco] Удалена резервная копия - D:/EcoBackup/Storage\Backup\Game-2020-02-17-10.24.25
 
[04:48:40.419] [16] [ Info] [Eco] Удалена резервная копия - D:/EcoBackup/Storage\Backup\Game-2020-02-19-03.48.39
 
[05:04:05.187] [29] [ Info] [log] letmeplay invoked admin command '/give StorageRacl' 
[05:04:07.218] [29] [ Info] [log] letmeplay invoked admin command '/give StorageRack' 
[05:04:17.666] [29] [ Info] [log] letmeplay invoked admin command '/give StorageRack' 
[05:13:28.984] [140] [ Info] [log] AmeriQ invoked admin command '/fly' 
[05:18:40.000] [36] [ Info] [Eco] Удалена резервная копия - D:/EcoBackup/Storage\Backup\Game-2020-02-17-11.24.25
 
[05:46:11.235] [140] [ Info] [log] AmeriQ invoked admin command '/give земляной подъём, 20' 
[05:46:19.561] [140] [ Info] [log] AmeriQ invoked admin command '/dump' 
[05:46:21.865] [140] [ Info] [log] AmeriQ invoked admin command '/give земляной подъём, 10' 
[05:47:30.188] [140] [ Info] [log] AmeriQ invoked admin command '/givealltools 0' 
[05:48:40.529] [16] [ Info] [Eco] Удалена резервная копия - D:/EcoBackup/Storage\Backup\Game-2020-02-19-04.48.39
 
[05:53:00.266] [140] [ Info] [log] AmeriQ invoked admin command '/give земляной подъём, 10' 
[05:57:54.796] [140] [ Info] [log] AmeriQ invoked admin command '/give строительный знак' 
[05:58:01.659] [140] [ Info] [log] AmeriQ invoked admin command '/give строительный знак, 3' 
[06:00:31.841] [140] [ Info] [log] AmeriQ invoked admin command '/give Large Standing Hewn Log Sign' 
[06:00:41.094] [140] [ Info] [log] AmeriQ invoked admin command '/give крошечный склад' 
[06:00:52.082] [140] [ Info] [log] AmeriQ invoked admin command '/give contract board' 
[06:18:40.420] [21] [ Info] [Eco] Удалена резервная копия - D:/EcoBackup/Storage\Backup\Game-2020-02-17-12.24.25
 
[06:48:40.447] [26] [ Info] [Eco] Удалена резервная копия - D:/EcoBackup/Storage\Backup\Game-2020-02-19-05.48.39
 
[07:18:40.039] [21] [ Info] [Eco] Удалена резервная копия - D:/EcoBackup/Storage\Backup\Game-2020-02-17-13.24.25
 
[07:48:40.467] [21] [ Info] [Eco] Удалена резервная копия - D:/EcoBackup/Storage\Backup\Game-2020-02-19-06.48.39
 
[08:06:23.616] [29] [ Info] [log] letmeplay invoked admin command '/save' 
[08:06:23.616] [32] [ Info] [Eco] Сохранение мира...  
[08:18:40.438] [8] [ Info] [Eco] Удалена резервная копия - D:/EcoBackup/Storage\Backup\Game-2020-02-17-14.24.25
 
[08:37:32.354] [29] [ Info] [log] letmeplay invoked admin command '/save' 
[08:37:32.354] [26] [ Info] [Eco] Сохранение мира...  
[08:37:35.089] [29] [ Info] [log] letmeplay invoked admin command '/fly' 
[08:48:05.172] [29] [ Info] [log] letmeplay invoked admin command '/save' 
[08:48:05.172] [19] [ Info] [Eco] Сохранение мира...  
[08:48:40.415] [36] [ Info] [Eco] Удалена резервная копия - D:/EcoBackup/Storage\Backup\Game-2020-02-19-07.48.39
 
[08:48:41.615] [1] [ Info] [Eco] Сохранение...
 
[08:48:41.615] [1] [ Info] [Eco] Сохранение мира...  
[08:48:45.470] [1] [ Info] [Eco] Готово
 
[08:48:45.585] [1] [ Info] [Eco] Выключение завершено
 
