[20:31:40.274] [1] [ Info] [Eco] >>> START EcoServer, Version=1.0.0.0, Culture=neutral, PublicKeyToken=null 
[20:31:40.303] [1] [ Info] [Eco] Eco Server 0.8.3.2 beta
 
[20:31:40.378] [1] [ Info] [Eco] Server Initialization...  
[20:31:40.378] [1] [ Info] [Eco] Starting LocalizationPlugin...  
[20:31:40.746] [1] [ Info] [Eco] Запуск ПлагинНабораМодификаций...  
[20:31:40.746] [1] [ Info] [Eco] Загрузка модификаций...  
[20:31:40.841] [1] [ Info] [Eco] Компилирование модификаций...  
[20:31:42.382] [1] [ Info] [Eco] Загружаем 0Harmony...
 
[20:31:42.382] [1] [ Info] [Eco] Загружаем Asphalt-ModKit...
 
[20:31:42.513] [1] [ Info] [Eco] Загружаем Eco.IntegrationTests...
 
[20:31:42.513] [1] [ Info] [Eco] Загружаем DiscordLinkUnified...
 
[20:31:42.591] [1] [ Info] [Eco] Загрузка модификаций завершена за 1 842,8мс
 
[20:31:42.593] [1] [ Info] [Eco] Запуск МенеджерСети...  
[20:31:42.593] [5] [ Info] [Eco] Инициализация типов симуляции...  
[20:31:42.658] [6] [ Info] [Eco] Запуск ПлагинГенератораМира...  
[20:31:42.658] [11] [ Info] [Eco] Запуск ПлагинРезервногоКопирования...  
[20:31:42.658] [9] [ Info] [Eco] Запуск ПлагинИгровойСтатистики...  
[20:31:42.658] [11] [ Info] [Eco] Запуск МенеджерХранилища...  
[20:31:44.076] [5] [ Info] [Eco] Инициализация предметов...  
[20:31:44.953] [11] [ Info] [Eco] Запуск Плагин паузы...  
[20:31:44.953] [11] [ Info] [Eco] Загружаем Pause...  
[20:31:46.843] [5] [ Info] [Eco] Инициализация навыков...  
[20:31:46.949] [11] [ Info] [Eco] Запуск БДСтатистики...  
[20:31:46.949] [13] [ Info] [Eco] Запуск ПлагинМира...  
[20:31:47.000] [13] [ Info] [Eco] Загружаем World...  
[20:31:50.662] [13] [ Info] [Eco] Инициализация мира...  
[20:31:52.225] [13] [ Info] [Eco] Запуск ПлагинВремени...  
[20:31:52.225] [13] [ Info] [Eco] Загружаем Time...  
[20:31:52.225] [13] [ Info] [Eco] Запуск ПлагинРепутации...  
[20:31:52.232] [13] [ Info] [Eco] Загружаем Reputation...  
[20:31:52.262] [13] [ Info] [Eco] Запуск МенеджерЖильяИгроков...  
[20:31:52.264] [13] [ Info] [Eco] Запуск МенеджерПользователей...  
[20:31:52.311] [13] [ Info] [Eco] Загружаем Users...  
[20:31:52.656] [13] [ Info] [Eco] Инициализация инвентарей...  
[20:31:52.707] [13] [ Info] [Eco] Запуск МенеджерОбъектовЭко...  
[20:31:52.707] [13] [ Info] [Eco] Загружаем Objects...  
[20:31:53.094] [11] [ Info] [Eco] Запуск ПлагинМусора...  
[20:31:53.094] [6] [ Info] [Eco] Запуск VoiceManager...  
[20:31:53.094] [28] [ Info] [Eco] Запуск НастройкиСложности...  
[20:31:53.094] [5] [ Info] [Eco] Запуск СерверЧата...  
[20:31:53.094] [13] [ Info] [Eco] Запуск ПлагинЭкономики...  
[20:31:53.094] [7] [ Info] [Eco] Запуск МенеджерКонтроллера...  
[20:31:53.094] [11] [ Info] [Eco] Загружаем Garbage...  
[20:31:53.094] [32] [ Info] [Eco] Запуск ПлагинУгроз...  
[20:31:53.112] [13] [ Info] [Eco] Загружаем Economy...  
[20:31:53.575] [13] [ Info] [Eco] Запуск Законодательство...  
[20:31:53.577] [32] [ Info] [Eco] Загружаем Disasters...  
[20:31:53.577] [5] [ Info] [Eco] Загружаем Chat...  
[20:31:57.753] [13] [ Info] [Eco] Загружаем Laws...  
[20:31:57.869] [13] [ Info] [Eco] Запуск МенеджерСобственности...  
[20:31:57.869] [13] [ Info] [Eco] Загружаем Property...  
[20:31:57.993] [13] [ Info] [Eco] Запуск МенеджерМиникарты...  
[20:31:57.993] [13] [ Info] [Eco] Запуск СимуляцияЭко...  
[20:31:58.067] [13] [ Info] [Eco] Загружаем Plants...  
[20:31:59.455] [13] [ Info] [Eco] Инициализация растений...  
[20:32:05.460] [13] [ Info] [Eco] Запуск RouteProbingPlugin...  
[20:32:05.460] [13] [ Info] [Eco] Загружаем RouteProbing...  
[20:32:07.949] [13] [ Info] [Eco] Запуск МенеджерСлоёвМира...  
[20:32:07.955] [13] [ Info] [Eco] Загружаем Layers...  
[20:32:08.638] [13] [ Info] [Eco] Инициализация слоёв мира...  
[20:32:08.638] [13] [ Info] [Eco] Загружаем ClimateSim...  
[20:32:12.326] [13] [ Info] [Eco] Запуск ТрекерЭкономики...  
[20:32:12.332] [13] [ Info] [Eco] Запуск UserTracker...  
[20:32:12.332] [13] [ Info] [Eco] Запуск МенеджерМировыхОбъектов...  
[20:32:12.417] [13] [ Info] [Eco] Загружаем WorldObjects...  
[20:32:13.170] [13] [ Info] [Eco] Запуск ПлагинКомнат...  
[20:32:13.173] [13] [ Info] [Eco] Загружаем Rooms...  
[20:32:13.186] [13] [ Info] [Eco] Запуск ПлагинЦелей...  
[20:32:13.186] [13] [ Info] [Eco] Загружаем Objectives...  
[20:32:13.205] [13] [ Info] [Eco] Запуск ПлагинСна...  
[20:32:13.205] [13] [ Info] [Eco] Загружаем Sleep...  
[20:32:13.205] [1] [ Info] [Eco] Запуск ПлагинВебСервера...  
[20:32:13.218] [1] [ Info] [Eco] Запуск OtherAliasCategory...  
[20:32:13.218] [29] [ Info] [Eco] Запуск Asphalt...  
[20:32:13.218] [9] [ Info] [Eco] Запуск DiscordLink...  
[20:32:13.218] [12] [ Info] [Eco] Запуск ПлагинТестовИнтеграции...  
[20:32:13.335] [1] [ Info] [Eco] Инициализируем ПлагинПеревода...  
[20:32:13.335] [1] [ Info] [Eco] Инициализируем ПлагинНабораМодификаций...  
[20:32:13.549] [1] [ Info] [Eco] Инициализируем ПлагинГенератораМира...  
[20:32:13.549] [1] [ Info] [Eco] Инициализируем МенеджерПользователей...  
[20:32:13.641] [1] [ Info] [Eco] Инициализируем ПлагинМусора...  
[20:32:13.672] [1] [ Info] [Eco] Инициализируем ПлагинЭкономики...  
[20:32:13.784] [1] [ Info] [Eco] Инициализируем Законодательство...  
[20:32:28.118] [1] [ Info] [Eco] Инициализируем МенеджерСобственности...  
[20:32:28.157] [1] [ Info] [Eco] Инициализируем МенеджерМиникарты...  
[20:32:29.054] [1] [ Info] [Eco] Инициализируем UserTracker...  
[20:32:29.067] [1] [ Info] [Eco] Инициализируем МенеджерМировыхОбъектов...  
[20:32:34.798] [1] [ Info] [Eco] Инициализируем ПлагинКомнат...  
[20:32:36.948] [1] [ Info] [Eco] Инициализируем ПлагинСна...  
[20:32:36.948] [1] [ Info] [Eco] Инициализируем DiscordLink...  
[20:32:36.986] [1] [ Info] [Eco] Инициализируем ПлагинМира...  
[20:32:36.986] [1] [ Info] [Eco] Обработка...  
[20:32:41.520] [1] [ Info] [Eco] Сжатие...  
[20:32:41.520] [162] [ Info] [Eco] DISCORDLINK: Connected to Discord.

 
[20:32:42.815] [161] [ Info] [Eco] DISCORDLINK: Connected and Ready
 
[20:32:45.674] [1] [ Info] [Eco] Инициализируем МенеджерСети...  
[20:32:45.938] [1] [ Info] [Eco] Инициализируем МенеджерСлоёвМира...  
[20:32:45.938] [1] [ Info] [Eco] Инициализируем ПлагинВебСервера...  
[20:32:46.780] [1] [ Info] [Eco] Инициализируем ПлагинТестовИнтеграции...  
[20:32:46.834] [1] [ Info] [Eco] Server Initialization завершена за 66 450,1мс
 
[20:42:04.867] [179] [ Info] [Eco] Toster участвует в голосовании за закон Закон: Избирательный Налог (Версия 2), голосуя: нет
 
[20:48:02.168] [179] [ Info] [Eco] Toster участвует в голосовании за закон Закон: Выдвижение cretinius на пост министра экономики, голосуя: нет
 
[20:48:21.490] [26] [ Info] [Eco] Toster участвует в голосовании за закон Закон: Заявка на должность министра охраны природы, голосуя: нет
 
[20:56:10.406] [189] [ Info] [Eco] Vladislav участвует в голосовании за закон Закон: Избирательный Налог (Версия 2), голосуя: нет
 
[21:17:57.933] [9] [ Info] [Eco] Пользователь с неверными данными пытался соединится: Goldberg
 
[22:16:31.859] [182] [ Info] [Eco] Токен входа пользователя mephylo изменён.  Возможно вошёл где то ещё?  Отключение...
 
[22:16:51.445] [138] [ Info] [Eco] Пользователь с неверными данными пытался соединится: TEHAKA
 
[22:17:15.597] [145] [ Info] [Eco] Пользователь с неверными данными пытался соединится: mephylo
 
[22:17:21.009] [145] [ Info] [Eco] Пользователь с неверными данными пытался соединится: TEHAKA
 
[22:17:52.749] [138] [ Info] [Eco] Пользователь с неверными данными пытался соединится: TEHAKA
 
[22:17:56.047] [14] [ Info] [Eco] Токен входа пользователя Bayan изменён.  Возможно вошёл где то ещё?  Отключение...
 
[22:18:00.582] [148] [ Info] [Eco] Пользователь с неверными данными пытался соединится: TEHAKA
 
[22:18:05.394] [144] [ Info] [Eco] Пользователь с неверными данными пытался соединится: Bayan
 
[22:18:09.157] [144] [ Info] [Eco] Токен входа пользователя cepocmb2 изменён.  Возможно вошёл где то ещё?  Отключение...
 
[22:18:09.566] [138] [ Info] [Eco] Токен входа пользователя Xomyak изменён.  Возможно вошёл где то ещё?  Отключение...
 
[22:18:27.587] [136] [ Info] [Eco] Токен входа пользователя Miro изменён.  Возможно вошёл где то ещё?  Отключение...
 
[22:18:29.382] [136] [ Info] [Eco] Пользователь с неверными данными пытался соединится: Xomyak
 
[22:18:34.765] [9] [ Info] [Eco] Токен входа пользователя The_Boss изменён.  Возможно вошёл где то ещё?  Отключение...
 
[22:18:41.802] [139] [ Info] [Eco] Токен входа пользователя Vombat изменён.  Возможно вошёл где то ещё?  Отключение...
 
[22:18:55.393] [138] [ Info] [Eco] Токен входа пользователя Balamut изменён.  Возможно вошёл где то ещё?  Отключение...
 
[22:18:59.079] [148] [ Info] [Eco] Токен входа пользователя Rezengrad изменён.  Возможно вошёл где то ещё?  Отключение...
 
[22:19:00.572] [14] [ Info] [Eco] Пользователь с неверными данными пытался соединится: Vombat
 
[22:19:04.976] [182] [ Info] [Eco] Токен входа пользователя chekist_krs изменён.  Возможно вошёл где то ещё?  Отключение...
 
[22:19:06.361] [139] [ Info] [Eco] Токен входа пользователя Wikiot изменён.  Возможно вошёл где то ещё?  Отключение...
 
[22:19:10.764] [144] [ Info] [Eco] Пользователь с неверными данными пытался соединится: Vombat
 
[22:19:11.100] [8] [ Info] [Eco] Пользователь с неверными данными пытался соединится: Rezengrad
 
[22:19:19.972] [145] [ Info] [Eco] Пользователь с неверными данными пытался соединится: mephylo
 
[22:19:22.640] [139] [ Info] [Eco] Пользователь с неверными данными пытался соединится: The_Boss
 
[22:19:26.753] [9] [ Info] [Eco] Токен входа пользователя SantAleks изменён.  Возможно вошёл где то ещё?  Отключение...
 
[22:19:32.856] [182] [ Info] [Eco] Пользователь с неверными данными пытался соединится: Rezengrad
 
[22:19:59.571] [14] [ Info] [Eco] Пользователь с неверными данными пытался соединится: chekist_krs
 
[22:20:09.182] [14] [ Info] [Eco] Пользователь с неверными данными пытался соединится: The_Boss
 
[22:20:14.913] [143] [ Info] [Eco] Пользователь с неверными данными пытался соединится: Xomyak
 
[22:20:18.606] [181] [ Info] [Eco] Пользователь с неверными данными пытался соединится: Xomyak
 
[22:20:21.072] [9] [ Info] [Eco] Пользователь с неверными данными пытался соединится: Vombat
 
[22:20:21.858] [144] [ Info] [Eco] Пользователь с неверными данными пытался соединится: Rezengrad
 
[22:20:22.737] [9] [ Info] [Eco] Пользователь с неверными данными пытался соединится: Xomyak
 
[22:20:23.196] [145] [ Info] [Eco] Пользователь с неверными данными пытался соединится: Wikiot
 
[22:20:26.971] [148] [ Info] [Eco] Пользователь с неверными данными пытался соединится: hilta
 
[22:20:31.662] [9] [ Info] [Eco] Пользователь с неверными данными пытался соединится: Wikiot
 
[22:20:35.691] [138] [ Info] [Eco] Пользователь с неверными данными пытался соединится: Wikiot
 
[22:20:41.733] [138] [ Info] [Eco] Пользователь с неверными данными пытался соединится: Wikiot
 
[22:20:55.410] [148] [ Info] [Eco] Токен входа пользователя Morte изменён.  Возможно вошёл где то ещё?  Отключение...
 
[22:21:02.543] [9] [ Info] [Eco] Пользователь с неверными данными пытался соединится: Vombat
 
[22:21:14.026] [8] [ Info] [Eco] Токен входа пользователя Титаникус изменён.  Возможно вошёл где то ещё?  Отключение...
 
[22:21:19.624] [182] [ Info] [Eco] Пользователь с неверными данными пытался соединится: chekist_krs
 
[22:21:21.715] [14] [ Info] [Eco] Пользователь с неверными данными пытался соединится: Титаникус
 
[22:21:22.595] [182] [ Info] [Eco] Пользователь с неверными данными пытался соединится: Wikiot
 
[22:21:29.331] [145] [ Info] [Eco] Пользователь с неверными данными пытался соединится: Wikiot
 
[22:21:33.352] [148] [ Info] [Eco] Пользователь с неверными данными пытался соединится: Титаникус
 
[22:21:41.880] [8] [ Info] [Eco] Пользователь с неверными данными пытался соединится: Wikiot
 
[22:21:47.069] [145] [ Info] [Eco] Пользователь с неверными данными пытался соединится: cepocmb2
 
[22:21:47.600] [143] [ Info] [Eco] Пользователь с неверными данными пытался соединится: Xomyak
 
[22:21:50.051] [144] [ Info] [Eco] Пользователь с неверными данными пытался соединится: Bayan
 
[22:21:50.527] [181] [ Info] [Eco] Пользователь с неверными данными пытался соединится: Morte
 
[22:21:50.546] [138] [ Info] [Eco] Пользователь с неверными данными пытался соединится: cretinius
 
[22:21:54.767] [8] [ Info] [Eco] Пользователь с неверными данными пытался соединится: Wikiot
 
[22:21:58.825] [136] [ Info] [Eco] Пользователь с неверными данными пытался соединится: Morte
 
[22:21:59.403] [138] [ Info] [Eco] Пользователь с неверными данными пытался соединится: cretinius
 
[22:22:01.777] [136] [ Info] [Eco] Пользователь с неверными данными пытался соединится: Bayan
 
[22:22:02.383] [181] [ Info] [Eco] Пользователь с неверными данными пытался соединится: Xomyak
 
[22:22:03.221] [145] [ Info] [Eco] Пользователь с неверными данными пытался соединится: Morte
 
[22:22:05.873] [181] [ Info] [Eco] Пользователь с неверными данными пытался соединится: Bayan
 
[22:22:07.424] [138] [ Info] [Eco] Пользователь с неверными данными пытался соединится: Morte
 
[22:22:18.044] [144] [ Info] [Eco] Пользователь с неверными данными пытался соединится: Xomyak
 
[22:22:19.952] [143] [ Info] [Eco] Пользователь с неверными данными пытался соединится: Титаникус
 
[22:22:32.957] [8] [ Info] [Eco] Пользователь с неверными данными пытался соединится: Bayan
 
[22:22:35.869] [143] [ Info] [Eco] Пользователь с неверными данными пытался соединится: cretinius
 
[22:22:38.723] [181] [ Info] [Eco] Пользователь с неверными данными пытался соединится: Xomyak
 
[22:22:41.594] [181] [ Info] [Eco] Пользователь с неверными данными пытался соединится: TEHAKA
 
[22:22:57.742] [144] [ Info] [Eco] Пользователь с неверными данными пытался соединится: mephylo
 
[22:23:20.188] [9] [ Info] [Eco] Пользователь с неверными данными пытался соединится: chekist_krs
 
[22:23:23.622] [144] [ Info] [Eco] Пользователь с неверными данными пытался соединится: cretinius
 
[22:23:25.956] [181] [ Info] [Eco] Пользователь с неверными данными пытался соединится: mephylo
 
[22:23:36.419] [8] [ Info] [Eco] Пользователь с неверными данными пытался соединится: Morte
 
[22:23:39.790] [9] [ Info] [Eco] Пользователь с неверными данными пытался соединится: Morte
 
[22:23:50.135] [182] [ Info] [Eco] Пользователь с неверными данными пытался соединится: kR1P
 
[22:23:50.762] [8] [ Info] [Eco] Токен входа пользователя Toster изменён.  Возможно вошёл где то ещё?  Отключение...
 
[22:23:55.857] [143] [ Info] [Eco] Пользователь с неверными данными пытался соединится: Toster
 
[22:24:00.006] [138] [ Info] [Eco] Пользователь с неверными данными пытался соединится: Vombat
 
[22:24:05.600] [148] [ Info] [Eco] Пользователь с неверными данными пытался соединится: kR1P
 
[22:24:13.139] [138] [ Info] [Eco] Пользователь с неверными данными пытался соединится: Toster
 
[22:24:13.925] [145] [ Info] [Eco] Пользователь с неверными данными пытался соединится: ZimDD
 
[22:24:18.138] [145] [ Info] [Eco] Пользователь с неверными данными пытался соединится: kR1P
 
[22:24:24.105] [182] [ Info] [Eco] Пользователь с неверными данными пытался соединится: Bayan
 
[22:24:27.759] [143] [ Info] [Eco] Пользователь с неверными данными пытался соединится: Morte
 
[22:24:31.644] [143] [ Info] [Eco] Пользователь с неверными данными пытался соединится: Morte
 
[22:24:47.343] [139] [ Info] [Eco] Пользователь с неверными данными пытался соединится: Rezengrad
 
[22:24:54.710] [9] [ Info] [Eco] Пользователь с неверными данными пытался соединится: Rezengrad
 
[22:24:55.033] [136] [ Info] [Eco] Пользователь с неверными данными пытался соединится: hilta
 
[22:25:07.183] [148] [ Info] [Eco] Пользователь с неверными данными пытался соединится: kR1P
 
[22:25:09.717] [145] [ Info] [Eco] Пользователь с неверными данными пытался соединится: Rezengrad
 
[22:25:14.312] [145] [ Info] [Eco] Пользователь с неверными данными пытался соединится: Toster
 
[22:25:14.784] [148] [ Info] [Eco] Пользователь с неверными данными пытался соединится: Rezengrad
 
[22:25:20.567] [8] [ Info] [Eco] Пользователь с неверными данными пытался соединится: Morte
 
[22:25:33.140] [181] [ Info] [Eco] Пользователь с неверными данными пытался соединится: Morte
 
[22:25:33.890] [136] [ Info] [Eco] Пользователь с неверными данными пытался соединится: Bayan
 
[22:25:42.182] [181] [ Info] [Eco] Пользователь с неверными данными пытался соединится: hilta
 
[22:25:43.129] [14] [ Info] [Eco] Пользователь с неверными данными пытался соединится: Титаникус
 
[22:25:53.310] [136] [ Info] [Eco] Пользователь с неверными данными пытался соединится: Rezengrad
 
[22:26:00.027] [182] [ Info] [Eco] Пользователь с неверными данными пытался соединится: Rezengrad
 
[22:26:03.573] [143] [ Info] [Eco] Пользователь с неверными данными пытался соединится: Vombat
 
[22:26:09.396] [182] [ Info] [Eco] Пользователь с неверными данными пытался соединится: Титаникус
 
[22:26:20.290] [138] [ Info] [Eco] Пользователь с неверными данными пытался соединится: Morte
 
[22:26:28.116] [145] [ Info] [Eco] Пользователь с неверными данными пытался соединится: Wikiot
 
[22:26:44.261] [9] [ Info] [Eco] Пользователь с неверными данными пытался соединится: Bayan
 
[22:26:47.957] [144] [ Info] [Eco] Токен входа пользователя Rose Moonlight изменён.  Возможно вошёл где то ещё?  Отключение...
 
[22:26:55.089] [136] [ Info] [Eco] Пользователь с неверными данными пытался соединится: Rose Moonlight
 
[22:26:59.889] [144] [ Info] [Eco] Пользователь с неверными данными пытался соединится: Rose Moonlight
 
[22:32:49.646] [182] [ Info] [Eco] Удалена резервная копия - C:\SteamServers\steamapps\common\Eco Server\Storage\Backup\Game-2020-02-01-21.32.46
 
[22:40:28.745] [138] [ Info] [Eco] Пользователь с неверными данными пытался соединится: Vladislav
 
[22:40:36.958] [138] [ Info] [Eco] Пользователь с неверными данными пытался соединится: Vladislav
 
[22:40:38.724] [139] [ Info] [Eco] Пользователь с неверными данными пытался соединится: SantAleks
 
[22:40:44.209] [139] [ Info] [Eco] Пользователь с неверными данными пытался соединится: SantAleks
 
[22:41:34.821] [145] [ Info] [Eco] Пользователь с неверными данными пытался соединится: Адм. Очевидность
 
[23:03:09.746] [144] [ Info] [Eco] Пользователь с неверными данными пытался соединится: kR1P
 
[23:04:03.955] [143] [ Info] [Eco] Пользователь с неверными данными пытался соединится: SantAleks
 
[23:08:31.057] [8] [ Info] [Eco] Ошибка при проверке токена входа: Время ожидания операции истекло
 
[23:08:31.057] [8] [ Info] [Eco] Токен входа пользователя The_Boss изменён.  Возможно вошёл где то ещё?  Отключение...
 
[23:11:44.833] [182] [ Info] [Eco] Токен входа пользователя TEHAKA изменён.  Возможно вошёл где то ещё?  Отключение...
 
[23:11:56.301] [8] [ Info] [Eco] Пользователь с неверными данными пытался соединится: TEHAKA
 
[23:11:58.279] [148] [ Info] [Eco] Токен входа пользователя cepocmb2 изменён.  Возможно вошёл где то ещё?  Отключение...
 
[23:12:19.224] [145] [ Info] [Eco] Токен входа пользователя Bayan изменён.  Возможно вошёл где то ещё?  Отключение...
 
[23:12:23.946] [181] [ Info] [Eco] Пользователь с неверными данными пытался соединится: TEHAKA
 
[23:12:26.742] [14] [ Info] [Eco] Пользователь с неверными данными пытался соединится: TEHAKA
 
[23:12:29.779] [8] [ Info] [Eco] Пользователь с неверными данными пытался соединится: TEHAKA
 
[23:12:32.469] [182] [ Info] [Eco] Пользователь с неверными данными пытался соединится: TEHAKA
 
[23:12:36.597] [144] [ Info] [Eco] Токен входа пользователя Wikiot изменён.  Возможно вошёл где то ещё?  Отключение...
 
[23:12:42.149] [148] [ Info] [Eco] Токен входа пользователя cretinius изменён.  Возможно вошёл где то ещё?  Отключение...
 
[23:13:00.263] [14] [ Info] [Eco] Токен входа пользователя Адм. Очевидность изменён.  Возможно вошёл где то ещё?  Отключение...
 
[23:13:07.940] [144] [ Info] [Eco] Пользователь с неверными данными пытался соединится: Wikiot
 
[23:13:11.302] [144] [ Info] [Eco] Токен входа пользователя Vombat изменён.  Возможно вошёл где то ещё?  Отключение...
 
[23:13:16.970] [144] [ Info] [Eco] Пользователь с неверными данными пытался соединится: Wikiot
 
[23:13:17.355] [9] [ Info] [Eco] Пользователь с неверными данными пытался соединится: Vombat
 
[23:13:26.434] [145] [ Info] [Eco] Токен входа пользователя Rezengrad изменён.  Возможно вошёл где то ещё?  Отключение...
 
[23:13:37.319] [139] [ Info] [Eco] Пользователь с неверными данными пытался соединится: Rezengrad
 
[23:13:42.386] [143] [ Info] [Eco] Пользователь с неверными данными пытался соединится: Vombat
 
[23:13:48.747] [139] [ Info] [Eco] Токен входа пользователя Morte изменён.  Возможно вошёл где то ещё?  Отключение...
 
[23:14:05.683] [138] [ Info] [Eco] Пользователь с неверными данными пытался соединится: Rezengrad
 
[23:14:24.820] [9] [ Info] [Eco] Пользователь с неверными данными пытался соединится: Wikiot
 
[23:14:38.481] [144] [ Info] [Eco] Пользователь с неверными данными пытался соединится: Vombat
 
[23:14:39.126] [144] [ Info] [Eco] Токен входа пользователя PUTLER изменён.  Возможно вошёл где то ещё?  Отключение...
 
[23:14:49.433] [144] [ Info] [Eco] Токен входа пользователя Immortall изменён.  Возможно вошёл где то ещё?  Отключение...
 
[23:14:58.951] [144] [ Info] [Eco] Пользователь с неверными данными пытался соединится: PUTLER
 
[23:15:01.375] [143] [ Info] [Eco] Пользователь с неверными данными пытался соединится: Rezengrad
 
[23:15:31.005] [144] [ Info] [Eco] Пользователь с неверными данными пытался соединится: Rezengrad
 
[23:15:41.484] [138] [ Info] [Eco] Пользователь с неверными данными пытался соединится: Morte
 
[23:15:44.466] [14] [ Info] [Eco] Токен входа пользователя Титаникус изменён.  Возможно вошёл где то ещё?  Отключение...
 
[23:15:47.951] [181] [ Info] [Eco] Пользователь с неверными данными пытался соединится: Immortall
 
[23:15:48.873] [181] [ Info] [Eco] Пользователь с неверными данными пытался соединится: Rezengrad
 
[23:15:51.333] [8] [ Info] [Eco] Пользователь с неверными данными пытался соединится: Титаникус
 
[23:15:54.658] [144] [ Info] [Eco] Пользователь с неверными данными пытался соединится: Rezengrad
 
[23:15:55.800] [139] [ Info] [Eco] Пользователь с неверными данными пытался соединится: Morte
 
[23:15:56.968] [143] [ Info] [Eco] Пользователь с неверными данными пытался соединится: Rezengrad
 
[23:15:58.822] [144] [ Info] [Eco] Пользователь с неверными данными пытался соединится: PUTLER
 
[23:15:59.427] [148] [ Info] [Eco] Пользователь с неверными данными пытался соединится: Rezengrad
 
[23:16:10.235] [9] [ Info] [Eco] Пользователь с неверными данными пытался соединится: Титаникус
 
[23:16:18.890] [9] [ Info] [Eco] Пользователь с неверными данными пытался соединится: Титаникус
 
[23:16:49.253] [145] [ Info] [Eco] Пользователь с неверными данными пытался соединится: jogy1987
 
[23:17:25.941] [143] [ Info] [Eco] Пользователь с неверными данными пытался соединится: Rezengrad
 
[23:18:05.708] [8] [ Info] [Eco] Пользователь с неверными данными пытался соединится: Bayan
 
[23:18:08.232] [8] [ Info] [Eco] Пользователь с неверными данными пытался соединится: ^_^Subaru™^_^
 
[23:18:26.816] [148] [ Info] [Eco] Пользователь с неверными данными пытался соединится: ^_^Subaru™^_^
 
[23:18:30.912] [139] [ Info] [Eco] Пользователь с неверными данными пытался соединится: ^_^Subaru™^_^
 
[23:18:55.820] [182] [ Info] [Eco] Пользователь с неверными данными пытался соединится: PUTLER
 
[23:19:10.146] [145] [ Info] [Eco] Пользователь с неверными данными пытался соединится: Bayan
 
[23:19:13.728] [9] [ Info] [Eco] Пользователь с неверными данными пытался соединится: ^_^Subaru™^_^
 
[23:19:16.622] [8] [ Info] [Eco] Пользователь с неверными данными пытался соединится: ^_^Subaru™^_^
 
[23:19:18.690] [145] [ Info] [Eco] Пользователь с неверными данными пытался соединится: ^_^Subaru™^_^
 
[23:19:19.589] [9] [ Info] [Eco] Токен входа пользователя SantAleks изменён.  Возможно вошёл где то ещё?  Отключение...
 
[23:19:20.746] [9] [ Info] [Eco] Пользователь с неверными данными пытался соединится: ^_^Subaru™^_^
 
[23:19:22.994] [145] [ Info] [Eco] Пользователь с неверными данными пытался соединится: ^_^Subaru™^_^
 
[23:19:36.923] [139] [ Info] [Eco] Пользователь с неверными данными пытался соединится: Immortall
 
[23:19:50.735] [181] [ Info] [Eco] Пользователь с неверными данными пытался соединится: Rezengrad
 
[23:29:12.349] [182] [ Info] [Eco] Пользователь с неверными данными пытался соединится: Goldberg
 
[23:29:25.993] [14] [ Info] [Eco] Пользователь с неверными данными пытался соединится: Goldberg
 
[23:32:53.881] [148] [ Info] [Eco] Удалена резервная копия - C:\SteamServers\steamapps\common\Eco Server\Storage\Backup\Game-2020-02-01-22.32.46
 
[23:37:45.247] [29] [ Info] [Eco] Immortall участвует в голосовании за закон Закон: Заявка на должность министра охраны природы, голосуя: да
 
[23:38:09.299] [157] [ Info] [Eco] Immortall участвует в голосовании за закон Закон: Избирательный Налог (Версия 2), голосуя: да
 
[23:39:11.719] [161] [ Info] [Eco] letmeplay участвует в голосовании за закон Закон: Избирательный Налог (Версия 2), голосуя: да
 
[23:44:37.476] [139] [ Info] [Eco] Пользователь с неверными данными пытался соединится: cretinius
 
[00:32:51.539] [181] [ Info] [Eco] Удалена резервная копия - C:\SteamServers\steamapps\common\Eco Server\Storage\Backup\Game-2020-02-01-23.32.46
 
[00:48:19.450] [153] [ Info] [log] letmeplay invoked admin command '/save' 
[00:48:19.464] [182] [ Info] [Eco] Сохранение мира...  
[00:52:42.668] [153] [ Info] [log] letmeplay invoked admin command '/save' 
[00:52:42.670] [14] [ Info] [Eco] Сохранение мира...  
[00:53:28.298] [1] [ Info] [Eco] Сохранение...
 
[00:53:28.298] [1] [ Info] [Eco] Сохранение мира...  
