[03:28:18.203] [1] [ Info] [Eco] >>> START EcoServer, Version=1.0.0.0, Culture=neutral, PublicKeyToken=null 
[03:28:18.242] [1] [ Info] [Eco] Eco Server 0.8.3.2 beta
 
[03:28:18.336] [1] [ Info] [Eco] Server Initialization...  
[03:28:18.336] [1] [ Info] [Eco] Starting LocalizationPlugin...  
[03:28:18.697] [1] [ Info] [Eco] Запуск ПлагинНабораМодификаций...  
[03:28:18.697] [1] [ Info] [Eco] Загрузка модификаций...  
[03:28:18.791] [1] [ Info] [Eco] Компилирование модификаций...  
[03:28:23.737] [1] [ Info] [Eco] Загружаем 0Harmony...
 
[03:28:24.199] [1] [ Info] [Eco] Загружаем Asphalt-ModKit...
 
[03:28:24.835] [1] [ Info] [Eco] Загружаем Eco.IntegrationTests...
 
[03:28:25.220] [1] [ Info] [Eco] Загружаем DiscordLinkUnified...
 
[03:28:26.047] [1] [ Info] [Eco] Загрузка модификаций завершена за 7 346,8мс
 
[03:28:26.047] [1] [ Info] [Eco] Запуск МенеджерСети...  
[03:28:26.047] [7] [ Info] [Eco] Инициализация типов симуляции...  
[03:28:26.116] [16] [ Info] [Eco] Запуск ПлагинГенератораМира...  
[03:28:26.116] [5] [ Info] [Eco] Запуск ПлагинИгровойСтатистики...  
[03:28:26.116] [8] [ Info] [Eco] Запуск ПлагинРезервногоКопирования...  
[03:28:26.124] [8] [ Info] [Eco] Запуск МенеджерХранилища...  
[03:28:27.428] [7] [ Info] [Eco] Инициализация предметов...  
[03:28:28.269] [8] [ Info] [Eco] Запуск Плагин паузы...  
[03:28:28.269] [8] [ Info] [Eco] Загружаем Pause...  
[03:28:30.058] [7] [ Info] [Eco] Инициализация навыков...  
[03:28:30.145] [8] [ Info] [Eco] Запуск БДСтатистики...  
[03:28:30.145] [11] [ Info] [Eco] Запуск ПлагинМира...  
[03:28:30.205] [11] [ Info] [Eco] Загружаем World...  
[03:28:33.915] [11] [ Info] [Eco] Инициализация мира...  
[03:28:35.381] [11] [ Info] [Eco] Запуск ПлагинВремени...  
[03:28:35.381] [11] [ Info] [Eco] Загружаем Time...  
[03:28:35.381] [11] [ Info] [Eco] Запуск ПлагинРепутации...  
[03:28:35.390] [11] [ Info] [Eco] Загружаем Reputation...  
[03:28:35.404] [11] [ Info] [Eco] Запуск МенеджерЖильяИгроков...  
[03:28:35.404] [11] [ Info] [Eco] Запуск МенеджерПользователей...  
[03:28:35.453] [11] [ Info] [Eco] Загружаем Users...  
[03:28:35.776] [11] [ Info] [Eco] Инициализация инвентарей...  
[03:28:35.823] [11] [ Info] [Eco] Запуск МенеджерОбъектовЭко...  
[03:28:35.828] [11] [ Info] [Eco] Загружаем Objects...  
[03:28:36.040] [8] [ Info] [Eco] Запуск ПлагинМусора...  
[03:28:36.040] [27] [ Info] [Eco] Запуск ПлагинУгроз...  
[03:28:36.040] [21] [ Info] [Eco] Запуск НастройкиСложности...  
[03:28:36.040] [11] [ Info] [Eco] Запуск ПлагинЭкономики...  
[03:28:36.040] [20] [ Info] [Eco] Запуск СерверЧата...  
[03:28:36.045] [8] [ Info] [Eco] Загружаем Garbage...  
[03:28:36.045] [17] [ Info] [Eco] Запуск МенеджерКонтроллера...  
[03:28:36.045] [14] [ Info] [Eco] Запуск VoiceManager...  
[03:28:36.045] [11] [ Info] [Eco] Загружаем Economy...  
[03:28:36.531] [11] [ Info] [Eco] Запуск Законодательство...  
[03:28:36.531] [27] [ Info] [Eco] Загружаем Disasters...  
[03:28:36.531] [20] [ Info] [Eco] Загружаем Chat...  
[03:28:40.177] [11] [ Info] [Eco] Загружаем Laws...  
[03:28:40.382] [11] [ Info] [Eco] Запуск МенеджерСобственности...  
[03:28:40.382] [11] [ Info] [Eco] Загружаем Property...  
[03:28:40.584] [11] [ Info] [Eco] Запуск МенеджерМиникарты...  
[03:28:40.584] [11] [ Info] [Eco] Запуск СимуляцияЭко...  
[03:28:40.657] [11] [ Info] [Eco] Загружаем Plants...  
[03:28:41.939] [11] [ Info] [Eco] Инициализация растений...  
[03:28:48.051] [11] [ Info] [Eco] Запуск RouteProbingPlugin...  
[03:28:48.051] [11] [ Info] [Eco] Загружаем RouteProbing...  
[03:28:50.191] [11] [ Info] [Eco] Запуск МенеджерСлоёвМира...  
[03:28:50.191] [11] [ Info] [Eco] Загружаем Layers...  
[03:28:50.836] [11] [ Info] [Eco] Инициализация слоёв мира...  
[03:28:50.844] [11] [ Info] [Eco] Загружаем ClimateSim...  
[03:28:53.466] [11] [ Info] [Eco] Запуск ТрекерЭкономики...  
[03:28:53.472] [11] [ Info] [Eco] Запуск UserTracker...  
[03:28:53.472] [11] [ Info] [Eco] Запуск МенеджерМировыхОбъектов...  
[03:28:53.560] [11] [ Info] [Eco] Загружаем WorldObjects...  
[03:28:54.351] [11] [ Info] [Eco] Запуск ПлагинКомнат...  
[03:28:54.351] [11] [ Info] [Eco] Загружаем Rooms...  
[03:28:54.368] [11] [ Info] [Eco] Запуск ПлагинЦелей...  
[03:28:54.374] [11] [ Info] [Eco] Загружаем Objectives...  
[03:28:54.390] [11] [ Info] [Eco] Запуск ПлагинСна...  
[03:28:54.390] [11] [ Info] [Eco] Загружаем Sleep...  
[03:28:54.390] [1] [ Info] [Eco] Запуск ПлагинВебСервера...  
[03:28:54.405] [1] [ Info] [Eco] Запуск OtherAliasCategory...  
[03:28:54.405] [21] [ Info] [Eco] Запуск Asphalt...  
[03:28:54.405] [32] [ Info] [Eco] Запуск ПлагинТестовИнтеграции...  
[03:28:54.405] [18] [ Info] [Eco] Запуск DiscordLink...  
[03:28:54.564] [1] [ Info] [Eco] Инициализируем ПлагинПеревода...  
[03:28:54.564] [1] [ Info] [Eco] Инициализируем ПлагинНабораМодификаций...  
[03:28:54.779] [1] [ Info] [Eco] Инициализируем ПлагинГенератораМира...  
[03:28:54.779] [1] [ Info] [Eco] Инициализируем МенеджерПользователей...  
[03:28:54.871] [1] [ Info] [Eco] Инициализируем ПлагинМусора...  
[03:28:54.903] [1] [ Info] [Eco] Инициализируем ПлагинЭкономики...  
[03:28:55.010] [1] [ Info] [Eco] Инициализируем Законодательство...  
[03:29:09.033] [1] [ Info] [Eco] Инициализируем МенеджерСобственности...  
[03:29:09.065] [1] [ Info] [Eco] Инициализируем МенеджерМиникарты...  
[03:29:09.892] [1] [ Info] [Eco] Инициализируем UserTracker...  
[03:29:09.892] [1] [ Info] [Eco] Инициализируем МенеджерМировыхОбъектов...  
[03:29:13.928] [1] [ Info] [Eco] Инициализируем ПлагинКомнат...  
[03:29:15.913] [1] [ Info] [Eco] Инициализируем ПлагинСна...  
[03:29:15.913] [1] [ Info] [Eco] Инициализируем DiscordLink...  
[03:29:15.952] [1] [ Info] [Eco] Инициализируем ПлагинМира...  
[03:29:15.952] [1] [ Info] [Eco] Обработка...  
[03:29:21.609] [142] [ Info] [Eco] DISCORDLINK: Connected to Discord.

 
[03:29:21.935] [1] [ Info] [Eco] Сжатие...  
[03:29:22.747] [144] [ Info] [Eco] DISCORDLINK: Connected and Ready
 
[03:29:26.230] [1] [ Info] [Eco] Инициализируем МенеджерСети...  
[03:29:26.470] [1] [ Info] [Eco] Инициализируем МенеджерСлоёвМира...  
[03:29:26.470] [1] [ Info] [Eco] Инициализируем ПлагинВебСервера...  
[03:29:27.330] [1] [ Info] [Eco] Инициализируем ПлагинТестовИнтеграции...  
[03:29:27.369] [1] [ Info] [Eco] Server Initialization завершена за 69 032,2мс
 
[04:59:32.646] [16] [ Info] [Eco] Удалена резервная копия - C:\SteamServers\steamapps\common\Eco Server\Storage\Backup\Game-2020-02-01-03.59.27
 
[05:59:32.881] [17] [ Info] [Eco] Удалена резервная копия - C:\SteamServers\steamapps\common\Eco Server\Storage\Backup\Game-2020-02-01-04.59.27
 
[06:59:32.479] [7] [ Info] [Eco] Удалена резервная копия - C:\SteamServers\steamapps\common\Eco Server\Storage\Backup\Game-2020-02-01-05.59.27
 
[07:59:29.422] [5] [ Info] [Eco] Удалена резервная копия - C:\SteamServers\steamapps\common\Eco Server\Storage\Backup\Game-2020-02-01-06.59.27
 
[08:58:13.965] [35] [ Info] [Eco] Пользователь с неверными данными пытался соединится: Goldberg
 
[08:59:33.418] [10] [ Info] [Eco] Удалена резервная копия - C:\SteamServers\steamapps\common\Eco Server\Storage\Backup\Game-2020-02-01-07.59.27
 
[09:59:34.029] [17] [ Info] [Eco] Удалена резервная копия - C:\SteamServers\steamapps\common\Eco Server\Storage\Backup\Game-2020-02-01-08.59.27
 
[10:59:33.326] [35] [ Info] [Eco] Удалена резервная копия - C:\SteamServers\steamapps\common\Eco Server\Storage\Backup\Game-2020-02-01-09.59.27
 
[11:26:10.296] [7] [ Info] [Eco] Пользователь с неверными данными пытался соединится: Dark Avenger
 
[11:26:13.980] [5] [ Info] [Eco] Пользователь с неверными данными пытался соединится: Dark Avenger
 
[11:59:29.743] [7] [ Info] [Eco] Ошибка при резервном копировании БД: Недостаточно места на диске.

 
[11:59:29.769] [135] [ Info] [Eco] Получено исключение при попытке очистить предыдущее исключение: Недостаточно места на диске.
 
[11:59:30.081] [10] [ Info] [Eco] Не удалось записать резервную копию: Произошла одна или несколько ошибок. 
