[03:18:39.598] [1] [ Info] [Eco] >>> START EcoServer, Version=1.0.0.0, Culture=neutral, PublicKeyToken=null 
[03:18:39.627] [1] [ Info] [Eco] Eco Server 0.8.3.2 beta
 
[03:18:39.700] [1] [ Info] [Eco] Server Initialization...  
[03:18:39.701] [1] [ Info] [Eco] Starting LocalizationPlugin...  
[03:18:40.052] [1] [ Info] [Eco] Запуск ПлагинНабораМодификаций...  
[03:18:40.052] [1] [ Info] [Eco] Загрузка модификаций...  
[03:18:40.170] [1] [ Info] [Eco] Компилирование модификаций...  
[03:18:41.633] [1] [ Info] [Eco] Загружаем 0Harmony...
 
[03:18:41.633] [1] [ Info] [Eco] Загружаем Asphalt-ModKit...
 
[03:18:41.758] [1] [ Info] [Eco] Загружаем Eco.IntegrationTests...
 
[03:18:41.758] [1] [ Info] [Eco] Загружаем DiscordLinkUnified...
 
[03:18:41.811] [1] [ Info] [Eco] Загружаем EcoStory...
 
[03:18:41.811] [1] [ Info] [Eco] Загружаем HPStorage...
 
[03:18:41.811] [1] [ Info] [Eco] Загрузка модификаций завершена за 1 762,4мс
 
[03:18:41.811] [1] [ Info] [Eco] Запуск МенеджерСети...  
[03:18:41.811] [5] [ Info] [Eco] Инициализация типов симуляции...  
[03:18:41.892] [15] [ Info] [Eco] Запуск ПлагинГенератораМира...  
[03:18:41.892] [8] [ Info] [Eco] Запуск ПлагинРезервногоКопирования...  
[03:18:41.892] [12] [ Info] [Eco] Запуск ПлагинИгровойСтатистики...  
[03:18:41.892] [8] [ Info] [Eco] Запуск МенеджерХранилища...  
[03:18:43.294] [5] [ Info] [Eco] Инициализация предметов...  
[03:18:43.367] [5] [ Info] [NidToolbox] Checking Settings.json 
[03:18:43.367] [5] [ Info] [NidToolbox] Config file: Mods\NidToolbox\Config\Settings.json exists. 
[03:18:43.367] [5] [ Info] [NidToolbox] Json file: Mods\NidToolbox\Config\Settings.json readable and correct. 
[03:18:43.367] [5] [ Info] [NidToolbox] Checking CommandPermissions.json 
[03:18:43.367] [5] [ Info] [NidToolbox] Config file: Mods\NidToolbox\Config\CommandPermissions.json exists. 
[03:18:43.376] [5] [ Info] [NidToolbox] Json file: Mods\NidToolbox\Config\CommandPermissions.json readable and correct. 
[03:18:43.376] [5] [ Info] [NidToolbox] Checking TimerMessages.json 
[03:18:43.376] [5] [ Info] [NidToolbox] Config file: Mods\NidToolbox\Config\TimerMessages.json exists. 
[03:18:43.376] [5] [ Info] [NidToolbox] Json file: Mods\NidToolbox\Config\TimerMessages.json readable and correct. 
[03:18:43.376] [5] [ Info] [NidToolbox] Checking ScheduledMessages.json 
[03:18:43.376] [5] [ Info] [NidToolbox] Config file: Mods\NidToolbox\Config\ScheduledMessages.json exists. 
[03:18:43.389] [5] [ Info] [NidToolbox] Json file: Mods\NidToolbox\Config\ScheduledMessages.json readable and correct. 
[03:18:43.389] [5] [ Info] [NidToolbox] No UserHomes directory, skipping user homes config checks. 
[03:18:44.149] [8] [ Info] [Eco] Запуск Плагин паузы...  
[03:18:44.160] [8] [ Info] [Eco] Загружаем Pause...  
[03:18:46.019] [5] [ Info] [Eco] Инициализация навыков...  
[03:18:46.101] [8] [ Info] [Eco] Запуск БДСтатистики...  
[03:18:46.101] [10] [ Info] [Eco] Запуск ПлагинМира...  
[03:18:46.165] [10] [ Info] [Eco] Загружаем World...  
[03:18:49.522] [10] [ Info] [Eco] Инициализация мира...  
[03:18:51.270] [10] [ Info] [Eco] Запуск ПлагинВремени...  
[03:18:51.270] [10] [ Info] [Eco] Загружаем Time...  
[03:18:51.270] [10] [ Info] [Eco] Запуск ПлагинРепутации...  
[03:18:51.282] [10] [ Info] [Eco] Загружаем Reputation...  
[03:18:51.329] [10] [ Info] [Eco] Запуск МенеджерЖильяИгроков...  
[03:18:51.329] [10] [ Info] [Eco] Запуск МенеджерПользователей...  
[03:18:51.371] [10] [ Info] [Eco] Загружаем Users...  
[03:18:51.697] [10] [ Info] [Eco] Инициализация инвентарей...  
[03:18:51.743] [10] [ Info] [Eco] Запуск МенеджерОбъектовЭко...  
[03:18:51.749] [10] [ Info] [Eco] Загружаем Objects...  
[03:18:52.021] [10] [ Info] [Eco] Запуск ПлагинМусора...  
[03:18:52.021] [27] [ Info] [Eco] Запуск ПлагинУгроз...  
[03:18:52.021] [21] [ Info] [Eco] Запуск МенеджерКонтроллера...  
[03:18:52.021] [8] [ Info] [Eco] Запуск ПлагинЭкономики...  
[03:18:52.021] [19] [ Info] [Eco] Запуск СерверЧата...  
[03:18:52.021] [17] [ Info] [Eco] Запуск VoiceManager...  
[03:18:52.021] [5] [ Info] [Eco] Запуск НастройкиСложности...  
[03:18:52.021] [10] [ Info] [Eco] Загружаем Garbage...  
[03:18:52.032] [8] [ Info] [Eco] Загружаем Economy...  
[03:18:52.555] [8] [ Info] [Eco] Запуск Законодательство...  
[03:18:52.555] [27] [ Info] [Eco] Загружаем Disasters...  
[03:18:52.561] [19] [ Info] [Eco] Загружаем Chat...  
[03:18:57.541] [8] [ Info] [Eco] Загружаем Laws...  
[03:18:57.654] [8] [ Info] [Eco] Запуск МенеджерСобственности...  
[03:18:57.654] [8] [ Info] [Eco] Загружаем Property...  
[03:18:57.798] [8] [ Info] [Eco] Запуск МенеджерМиникарты...  
[03:18:57.798] [8] [ Info] [Eco] Запуск СимуляцияЭко...  
[03:18:57.870] [8] [ Info] [Eco] Загружаем Plants...  
[03:18:59.220] [8] [ Info] [Eco] Инициализация растений...  
[03:19:05.336] [8] [ Info] [Eco] Запуск RouteProbingPlugin...  
[03:19:05.336] [8] [ Info] [Eco] Загружаем RouteProbing...  
[03:19:07.943] [8] [ Info] [Eco] Запуск МенеджерСлоёвМира...  
[03:19:07.952] [8] [ Info] [Eco] Загружаем Layers...  
[03:19:08.656] [8] [ Info] [Eco] Инициализация слоёв мира...  
[03:19:08.670] [8] [ Info] [Eco] Загружаем ClimateSim...  
[03:19:11.381] [8] [ Info] [Eco] Запуск ТрекерЭкономики...  
[03:19:11.394] [8] [ Info] [Eco] Запуск UserTracker...  
[03:19:11.394] [8] [ Info] [Eco] Запуск МенеджерМировыхОбъектов...  
[03:19:11.490] [8] [ Info] [Eco] Загружаем WorldObjects...  
[03:19:12.424] [8] [ Info] [Eco] Запуск ПлагинКомнат...  
[03:19:12.424] [8] [ Info] [Eco] Загружаем Rooms...  
[03:19:12.441] [8] [ Info] [Eco] Запуск ПлагинЦелей...  
[03:19:12.441] [8] [ Info] [Eco] Загружаем Objectives...  
[03:19:12.464] [8] [ Info] [Eco] Запуск ПлагинСна...  
[03:19:12.468] [8] [ Info] [Eco] Загружаем Sleep...  
[03:19:12.468] [1] [ Info] [Eco] Запуск ПлагинВебСервера...  
[03:19:12.468] [1] [ Info] [Eco] Запуск OtherAliasCategory...  
[03:19:12.468] [11] [ Info] [Eco] Запуск NidToolboxPlugin...  
[03:19:12.485] [14] [ Info] [Eco] Запуск ПлагинТестовИнтеграции...  
[03:19:12.485] [5] [ Info] [Eco] Запуск DiscordLink...  
[03:19:12.485] [26] [ Info] [Eco] Запуск Asphalt...  
[03:19:12.598] [1] [ Info] [Eco] Инициализируем ПлагинПеревода...  
[03:19:12.598] [1] [ Info] [Eco] Инициализируем ПлагинНабораМодификаций...  
[03:19:12.807] [1] [ Info] [Eco] Инициализируем ПлагинГенератораМира...  
[03:19:12.807] [1] [ Info] [Eco] Инициализируем МенеджерПользователей...  
[03:19:12.905] [1] [ Info] [Eco] Инициализируем ПлагинМусора...  
[03:19:12.905] [1] [ Info] [Eco] Инициализируем ПлагинЭкономики...  
[03:19:13.022] [1] [ Info] [Eco] Инициализируем Законодательство...  
[03:19:29.812] [1] [ Info] [Eco] Инициализируем МенеджерСобственности...  
[03:19:29.856] [1] [ Info] [Eco] Инициализируем МенеджерМиникарты...  
[03:19:30.758] [1] [ Info] [Eco] Инициализируем UserTracker...  
[03:19:30.770] [1] [ Info] [Eco] Инициализируем МенеджерМировыхОбъектов...  
[03:19:36.832] [1] [ Info] [Eco] Инициализируем ПлагинКомнат...  
[03:19:39.637] [1] [ Info] [Eco] Инициализируем ПлагинСна...  
[03:19:39.639] [1] [ Info] [Eco] Инициализируем NidToolboxPlugin...  
[03:19:39.639] [1] [ Info] [NidToolbox] Checking declared file: Mods\NidToolbox\Texts\Motd.txt 
[03:19:39.639] [1] [ Info] [NidToolbox] Config file:  Mods\NidToolbox\Texts\Motd.txt exists. 
[03:19:39.639] [1] [ Info] [NidToolbox] Config file:  Mods\NidToolbox\Texts\Motd.txt readable. 
[03:19:39.639] [1] [ Info] [NidToolbox] Checking declared file: Mods\NidToolbox\Texts\Rules.txt 
[03:19:39.656] [1] [ Info] [NidToolbox] Config file:  Mods\NidToolbox\Texts\Rules.txt exists. 
[03:19:39.656] [1] [ Info] [NidToolbox] Config file:  Mods\NidToolbox\Texts\Rules.txt readable. 
[03:19:39.656] [1] [ Info] [NidToolbox] Checking declared file: Mods\NidToolbox\Texts\ServerChangelog.txt 
[03:19:39.656] [1] [ Info] [NidToolbox] Config file:  Mods\NidToolbox\Texts\ServerChangelog.txt exists. 
[03:19:39.656] [1] [ Info] [NidToolbox] Config file:  Mods\NidToolbox\Texts\ServerChangelog.txt readable. 
[03:19:39.785] [1] [ Info] [Eco] Инициализируем DiscordLink...  
[03:19:39.836] [1] [ Info] [Eco] Инициализируем ПлагинМира...  
[03:19:39.836] [1] [ Info] [Eco] Обработка...  
[03:19:42.255] [141] [ Info] [Eco] DISCORDLINK: Connected to Discord.

 
[03:19:42.570] [1] [ Info] [Eco] Сжатие...  
[03:19:43.396] [137] [ Info] [Eco] DISCORDLINK: Connected and Ready
 
[03:19:46.616] [1] [ Info] [Eco] Инициализируем МенеджерСети...  
[03:19:46.880] [1] [ Info] [Eco] Инициализируем МенеджерСлоёвМира...  
[03:19:46.880] [1] [ Info] [Eco] Инициализируем ПлагинВебСервера...  
[03:19:47.605] [1] [ Info] [Eco] Инициализируем ПлагинТестовИнтеграции...  
[03:19:47.614] [1] [ Info] [NidToolbox] OK - Mono not detected, not a Linux environment 
[03:19:47.614] [1] [ Info] [NidToolbox] All commands in config up to date. 
[03:19:47.707] [1] [ Info] [NidToolbox] Running NidToolbox version 1.8.7 
[03:19:47.727] [1] [ Info] [Eco] Server Initialization завершена за 68 025,6мс
 
[03:19:51.048] [170] [ Info] [Eco] Ошибка при записи статистики в БД: InvalidCastException Не удалось привести тип объекта "LiteDB.EmptyPage" к типу "LiteDB.DataPage".
 
[03:19:53.549] [170] [ Info] [Eco] Ошибка при записи статистики в БД: InvalidCastException Не удалось привести тип объекта "LiteDB.EmptyPage" к типу "LiteDB.HeaderPage".
 
[03:20:08.761] [170] [ Info] [Eco] Ошибка при записи статистики в БД: InvalidCastException Не удалось привести тип объекта "LiteDB.EmptyPage" к типу "LiteDB.HeaderPage".
 
[03:20:08.761] [170] [ Info] [Eco] Ошибка при записи статистики в БД: InvalidCastException Не удалось привести тип объекта "LiteDB.EmptyPage" к типу "LiteDB.HeaderPage".
 
[03:20:08.764] [170] [ Info] [Eco] Ошибка при записи статистики в БД: InvalidCastException Не удалось привести тип объекта "LiteDB.EmptyPage" к типу "LiteDB.HeaderPage".
 
[03:20:28.831] [170] [ Info] [Eco] Ошибка при записи статистики в БД: InvalidCastException Не удалось привести тип объекта "LiteDB.EmptyPage" к типу "LiteDB.HeaderPage".
 
[03:20:31.233] [170] [ Info] [Eco] Ошибка при записи статистики в БД: InvalidCastException Не удалось привести тип объекта "LiteDB.EmptyPage" к типу "LiteDB.HeaderPage".
 
[03:20:31.233] [170] [ Info] [Eco] Ошибка при записи статистики в БД: InvalidCastException Не удалось привести тип объекта "LiteDB.EmptyPage" к типу "LiteDB.HeaderPage".
 
[03:20:31.233] [170] [ Info] [Eco] Ошибка при записи статистики в БД: InvalidCastException Не удалось привести тип объекта "LiteDB.EmptyPage" к типу "LiteDB.HeaderPage".
 
[03:20:34.797] [170] [ Info] [Eco] Ошибка при записи статистики в БД: InvalidCastException Не удалось привести тип объекта "LiteDB.EmptyPage" к типу "LiteDB.HeaderPage".
 
[03:20:34.797] [170] [ Info] [Eco] Ошибка при записи статистики в БД: InvalidCastException Не удалось привести тип объекта "LiteDB.EmptyPage" к типу "LiteDB.HeaderPage".
 
[03:20:34.811] [170] [ Info] [Eco] Ошибка при записи статистики в БД: InvalidCastException Не удалось привести тип объекта "LiteDB.EmptyPage" к типу "LiteDB.HeaderPage".
 
[03:20:34.811] [170] [ Info] [Eco] Ошибка при записи статистики в БД: InvalidCastException Не удалось привести тип объекта "LiteDB.EmptyPage" к типу "LiteDB.HeaderPage".
 
[03:20:37.149] [170] [ Info] [Eco] Ошибка при записи статистики в БД: InvalidCastException Не удалось привести тип объекта "LiteDB.EmptyPage" к типу "LiteDB.HeaderPage".
 
[03:20:37.149] [170] [ Info] [Eco] Ошибка при записи статистики в БД: InvalidCastException Не удалось привести тип объекта "LiteDB.EmptyPage" к типу "LiteDB.HeaderPage".
 
[03:20:37.149] [170] [ Info] [Eco] Ошибка при записи статистики в БД: InvalidCastException Не удалось привести тип объекта "LiteDB.EmptyPage" к типу "LiteDB.HeaderPage".
 
[03:20:38.268] [170] [ Info] [Eco] Ошибка при записи статистики в БД: InvalidCastException Не удалось привести тип объекта "LiteDB.EmptyPage" к типу "LiteDB.HeaderPage".
 
[03:20:38.268] [170] [ Info] [Eco] Ошибка при записи статистики в БД: InvalidCastException Не удалось привести тип объекта "LiteDB.EmptyPage" к типу "LiteDB.HeaderPage".
 
[03:20:38.268] [170] [ Info] [Eco] Ошибка при записи статистики в БД: InvalidCastException Не удалось привести тип объекта "LiteDB.EmptyPage" к типу "LiteDB.HeaderPage".
 
[03:20:52.643] [170] [ Info] [Eco] Ошибка при записи статистики в БД: InvalidCastException Не удалось привести тип объекта "LiteDB.EmptyPage" к типу "LiteDB.HeaderPage".
 
[03:21:08.769] [170] [ Info] [Eco] Ошибка при записи статистики в БД: InvalidCastException Не удалось привести тип объекта "LiteDB.EmptyPage" к типу "LiteDB.HeaderPage".
 
[03:21:08.769] [170] [ Info] [Eco] Ошибка при записи статистики в БД: InvalidCastException Не удалось привести тип объекта "LiteDB.EmptyPage" к типу "LiteDB.HeaderPage".
 
[03:21:08.769] [170] [ Info] [Eco] Ошибка при записи статистики в БД: InvalidCastException Не удалось привести тип объекта "LiteDB.EmptyPage" к типу "LiteDB.HeaderPage".
 
[03:21:35.575] [170] [ Info] [Eco] Ошибка при записи статистики в БД: InvalidCastException Не удалось привести тип объекта "LiteDB.EmptyPage" к типу "LiteDB.HeaderPage".
 
