[11:20:45.657] [1] [ Info] [Eco] >>> START EcoServer, Version=1.0.0.0, Culture=neutral, PublicKeyToken=null 
[11:20:45.687] [1] [ Info] [Eco] Eco Server 0.8.3.2 beta
 
[11:20:45.777] [1] [ Info] [Eco] Server Initialization...  
[11:20:45.777] [1] [ Info] [Eco] Starting LocalizationPlugin...  
[11:20:46.138] [1] [ Info] [Eco] Запуск ПлагинНабораМодификаций...  
[11:20:46.138] [1] [ Info] [Eco] Загрузка модификаций...  
[11:20:46.232] [1] [ Info] [Eco] Компилирование модификаций...  
[11:20:47.723] [1] [ Info] [Eco] Загружаем 0Harmony...
 
[11:20:47.723] [1] [ Info] [Eco] Загружаем Asphalt-ModKit...
 
[11:20:47.850] [1] [ Info] [Eco] Загружаем Eco.IntegrationTests...
 
[11:20:47.850] [1] [ Info] [Eco] Загружаем DiscordLinkUnified...
 
[11:20:47.921] [1] [ Info] [Eco] Загружаем EcoStory...
 
[11:20:47.937] [1] [ Info] [Eco] Загрузка модификаций завершена за 1 796,0мс
 
[11:20:47.937] [1] [ Info] [Eco] Запуск МенеджерСети...  
[11:20:47.937] [7] [ Info] [Eco] Инициализация типов симуляции...  
[11:20:48.015] [12] [ Info] [Eco] Запуск ПлагинГенератораМира...  
[11:20:48.015] [13] [ Info] [Eco] Запуск ПлагинРезервногоКопирования...  
[11:20:48.015] [16] [ Info] [Eco] Запуск ПлагинИгровойСтатистики...  
[11:20:48.015] [13] [ Info] [Eco] Запуск МенеджерХранилища...  
[11:20:49.368] [7] [ Info] [Eco] Инициализация предметов...  
[11:20:49.448] [7] [ Info] [NidToolbox] Config file:  Mods\NidToolbox\Config\Settings.json does not yet exists. Will create... 
[11:20:49.448] [7] [ Info] [NidToolbox] Config file:  Mods\NidToolbox\Config\CommandPermissions.json does not yet exists. Will create... 
[11:20:49.448] [7] [ Info] [NidToolbox] Config file:  Mods\NidToolbox\Config\TimerMessages.json does not yet exists. Will create... 
[11:20:49.448] [7] [ Info] [NidToolbox] Config file:  Mods\NidToolbox\Config\ScheduledMessages.json does not yet exists. Will create... 
[11:20:49.451] [7] [ Info] [NidToolbox] No UserHomes directory, skipping user homes config checks. 
[11:20:50.222] [13] [ Info] [Eco] Запуск Плагин паузы...  
[11:20:50.233] [13] [ Info] [Eco] Загружаем Pause...  
[11:20:52.055] [7] [ Info] [Eco] Инициализация навыков...  
[11:20:52.157] [8] [ Info] [Eco] Запуск БДСтатистики...  
[11:20:52.157] [16] [ Info] [Eco] Запуск ПлагинМира...  
[11:20:52.214] [16] [ Info] [Eco] Загружаем World...  
[11:20:55.583] [16] [ Info] [Eco] Инициализация мира...  
[11:20:57.406] [16] [ Info] [Eco] Запуск ПлагинВремени...  
[11:20:57.406] [16] [ Info] [Eco] Загружаем Time...  
[11:20:57.406] [16] [ Info] [Eco] Запуск ПлагинРепутации...  
[11:20:57.406] [16] [ Info] [Eco] Загружаем Reputation...  
[11:20:57.431] [16] [ Info] [Eco] Запуск МенеджерЖильяИгроков...  
[11:20:57.431] [16] [ Info] [Eco] Запуск МенеджерПользователей...  
[11:20:57.475] [16] [ Info] [Eco] Загружаем Users...  
[11:20:57.806] [16] [ Info] [Eco] Инициализация инвентарей...  
[11:20:57.851] [16] [ Info] [Eco] Запуск МенеджерОбъектовЭко...  
[11:20:57.851] [16] [ Info] [Eco] Загружаем Objects...  
[11:20:58.083] [13] [ Info] [Eco] Запуск ПлагинМусора...  
[11:20:58.083] [35] [ Info] [Eco] Запуск VoiceManager...  
[11:20:58.083] [28] [ Info] [Eco] Запуск МенеджерКонтроллера...  
[11:20:58.083] [36] [ Info] [Eco] Запуск ПлагинЭкономики...  
[11:20:58.083] [34] [ Info] [Eco] Запуск СерверЧата...  
[11:20:58.083] [13] [ Info] [Eco] Загружаем Garbage...  
[11:20:58.083] [18] [ Info] [Eco] Запуск ПлагинУгроз...  
[11:20:58.083] [25] [ Info] [Eco] Запуск НастройкиСложности...  
[11:20:58.093] [36] [ Info] [Eco] Загружаем Economy...  
[11:20:58.566] [36] [ Info] [Eco] Запуск Законодательство...  
[11:20:58.566] [18] [ Info] [Eco] Загружаем Disasters...  
[11:20:58.566] [34] [ Info] [Eco] Загружаем Chat...  
[11:21:02.797] [36] [ Info] [Eco] Загружаем Laws...  
[11:21:02.925] [36] [ Info] [Eco] Запуск МенеджерСобственности...  
[11:21:02.925] [36] [ Info] [Eco] Загружаем Property...  
[11:21:03.049] [36] [ Info] [Eco] Запуск МенеджерМиникарты...  
[11:21:03.049] [36] [ Info] [Eco] Запуск СимуляцияЭко...  
[11:21:03.115] [36] [ Info] [Eco] Загружаем Plants...  
[11:21:04.460] [36] [ Info] [Eco] Инициализация растений...  
[11:21:10.429] [36] [ Info] [Eco] Запуск RouteProbingPlugin...  
[11:21:10.429] [36] [ Info] [Eco] Загружаем RouteProbing...  
[11:21:12.702] [36] [ Info] [Eco] Запуск МенеджерСлоёвМира...  
[11:21:12.702] [36] [ Info] [Eco] Загружаем Layers...  
[11:21:13.422] [36] [ Info] [Eco] Инициализация слоёв мира...  
[11:21:13.422] [36] [ Info] [Eco] Загружаем ClimateSim...  
[11:21:16.094] [36] [ Info] [Eco] Запуск ТрекерЭкономики...  
[11:21:16.094] [36] [ Info] [Eco] Запуск UserTracker...  
[11:21:16.108] [36] [ Info] [Eco] Запуск МенеджерМировыхОбъектов...  
[11:21:16.185] [36] [ Info] [Eco] Загружаем WorldObjects...  
[11:21:17.246] [36] [ Info] [Eco] Запуск ПлагинКомнат...  
[11:21:17.249] [36] [ Info] [Eco] Загружаем Rooms...  
[11:21:17.266] [36] [ Info] [Eco] Запуск ПлагинЦелей...  
[11:21:17.266] [36] [ Info] [Eco] Загружаем Objectives...  
[11:21:17.291] [36] [ Info] [Eco] Запуск ПлагинСна...  
[11:21:17.291] [36] [ Info] [Eco] Загружаем Sleep...  
[11:21:17.298] [1] [ Info] [Eco] Запуск ПлагинВебСервера...  
[11:21:17.298] [1] [ Info] [Eco] Запуск OtherAliasCategory...  
[11:21:17.298] [19] [ Info] [Eco] Запуск Asphalt...  
[11:21:17.298] [33] [ Info] [Eco] Запуск NidToolboxPlugin...  
[11:21:17.298] [26] [ Info] [Eco] Запуск ПлагинТестовИнтеграции...  
[11:21:17.298] [24] [ Info] [Eco] Запуск DiscordLink...  
[11:21:17.416] [1] [ Info] [Eco] Инициализируем ПлагинПеревода...  
[11:21:17.416] [1] [ Info] [Eco] Инициализируем ПлагинНабораМодификаций...  
[11:21:17.881] [1] [ Info] [Eco] Инициализируем ПлагинГенератораМира...  
[11:21:17.881] [1] [ Info] [Eco] Инициализируем МенеджерПользователей...  
[11:21:17.969] [1] [ Info] [Eco] Инициализируем ПлагинМусора...  
[11:21:17.969] [1] [ Info] [Eco] Инициализируем ПлагинЭкономики...  
[11:21:18.086] [1] [ Info] [Eco] Инициализируем Законодательство...  
[11:21:34.244] [1] [ Info] [Eco] Инициализируем МенеджерСобственности...  
[11:21:34.280] [1] [ Info] [Eco] Инициализируем МенеджерМиникарты...  
[11:21:35.158] [1] [ Info] [Eco] Инициализируем UserTracker...  
[11:21:35.172] [1] [ Info] [Eco] Инициализируем МенеджерМировыхОбъектов...  
[11:21:41.890] [1] [ Info] [Eco] Инициализируем ПлагинКомнат...  
[11:21:44.109] [1] [ Info] [Eco] Инициализируем ПлагинСна...  
[11:21:44.109] [1] [ Info] [Eco] Инициализируем NidToolboxPlugin...  
[11:21:44.109] [1] [ Info] [NidToolbox] Config file:  Mods\NidToolbox\Texts\Motd.txt does not exist. 
[11:21:44.109] [1] [ Info] [NidToolbox] Config file:  Mods\NidToolbox\Texts\Rules.txt does not exist. 
[11:21:44.109] [1] [ Info] [NidToolbox] Config file:  Mods\NidToolbox\Texts\ServerChangelog.txt does not exist. 
[11:21:44.193] [1] [ Info] [NidToolbox] Unable to find declared MOTD file, will create generic one. 
[11:21:44.215] [1] [ Info] [NidToolbox] Unable to find declared Rules file, will create generic one. 
[11:21:44.219] [1] [ Info] [NidToolbox] Unable to find declared ServerChangelog file, will create generic one. 
[11:21:44.268] [1] [ Info] [Eco] Инициализируем DiscordLink...  
[11:21:44.303] [1] [ Info] [Eco] Инициализируем ПлагинМира...  
[11:21:44.303] [1] [ Info] [Eco] Обработка...  
[11:21:47.222] [137] [ Info] [Eco] DISCORDLINK: Connected to Discord.

 
[11:21:47.697] [1] [ Info] [Eco] Сжатие...  
[11:21:48.142] [139] [ Info] [Eco] DISCORDLINK: Connected and Ready
 
[11:21:52.659] [1] [ Info] [Eco] Инициализируем МенеджерСети...  
[11:21:52.916] [1] [ Info] [Eco] Инициализируем МенеджерСлоёвМира...  
[11:21:52.916] [1] [ Info] [Eco] Инициализируем ПлагинВебСервера...  
[11:21:53.612] [1] [ Info] [Eco] Инициализируем ПлагинТестовИнтеграции...  
[11:21:53.612] [1] [ Info] [NidToolbox] OK - Mono not detected, not a Linux environment 
[11:21:53.626] [1] [ Info] [NidToolbox] All commands in config up to date. 
[11:21:53.697] [1] [ Info] [NidToolbox] Running NidToolbox version 1.8.7 
[11:21:53.780] [1] [ Info] [Eco] Server Initialization завершена за 68 002,4мс
 
