[15:26:33.210] [1] [ Info] [Eco] >>> START EcoServer, Version=1.0.0.0, Culture=neutral, PublicKeyToken=null 
[15:26:33.245] [1] [ Info] [Eco] Eco Server 0.8.3.2 beta
 
[15:26:33.317] [1] [ Info] [Eco] Server Initialization...  
[15:26:33.317] [1] [ Info] [Eco] Starting LocalizationPlugin...  
[15:26:33.677] [1] [ Info] [Eco] Запуск ПлагинНабораМодификаций...  
[15:26:33.677] [1] [ Info] [Eco] Загрузка модификаций...  
[15:26:33.771] [1] [ Info] [Eco] Компилирование модификаций...  
[15:26:35.271] [1] [ Info] [Eco] Загружаем 0Harmony...
 
[15:26:35.271] [1] [ Info] [Eco] Загружаем Asphalt-ModKit...
 
[15:26:35.398] [1] [ Info] [Eco] Загружаем Eco.IntegrationTests...
 
[15:26:35.398] [1] [ Info] [Eco] Загружаем DiscordLinkUnified...
 
[15:26:35.452] [1] [ Info] [Eco] Загружаем EcoStory...
 
[15:26:35.452] [1] [ Info] [Eco] Загрузка модификаций завершена за 1 780,4мс
 
[15:26:35.452] [1] [ Info] [Eco] Запуск МенеджерСети...  
[15:26:35.468] [7] [ Info] [Eco] Инициализация типов симуляции...  
[15:26:35.537] [8] [ Info] [Eco] Запуск ПлагинГенератораМира...  
[15:26:35.537] [17] [ Info] [Eco] Запуск ПлагинРезервногоКопирования...  
[15:26:35.537] [9] [ Info] [Eco] Запуск ПлагинИгровойСтатистики...  
[15:26:35.549] [17] [ Info] [Eco] Запуск МенеджерХранилища...  
[15:26:36.893] [7] [ Info] [Eco] Инициализация предметов...  
[15:26:36.969] [7] [ Info] [NidToolbox] Checking Settings.json 
[15:26:37.013] [7] [ Info] [NidToolbox] Config file: Mods\NidToolbox\Config\Settings.json exists. 
[15:26:37.017] [7] [ Info] [NidToolbox] Json file: Mods\NidToolbox\Config\Settings.json readable and correct. 
[15:26:37.017] [7] [ Info] [NidToolbox] Checking CommandPermissions.json 
[15:26:37.017] [7] [ Info] [NidToolbox] Config file: Mods\NidToolbox\Config\CommandPermissions.json exists. 
[15:26:37.017] [7] [ Info] [NidToolbox] Json file: Mods\NidToolbox\Config\CommandPermissions.json readable and correct. 
[15:26:37.017] [7] [ Info] [NidToolbox] Checking TimerMessages.json 
[15:26:37.017] [7] [ Info] [NidToolbox] Config file: Mods\NidToolbox\Config\TimerMessages.json exists. 
[15:26:37.017] [7] [ Info] [NidToolbox] Json file: Mods\NidToolbox\Config\TimerMessages.json readable and correct. 
[15:26:37.017] [7] [ Info] [NidToolbox] Checking ScheduledMessages.json 
[15:26:37.017] [7] [ Info] [NidToolbox] Config file: Mods\NidToolbox\Config\ScheduledMessages.json exists. 
[15:26:37.017] [7] [ Info] [NidToolbox] Json file: Mods\NidToolbox\Config\ScheduledMessages.json readable and correct. 
[15:26:37.031] [7] [ Info] [NidToolbox] No UserHomes directory, skipping user homes config checks. 
[15:26:37.780] [17] [ Info] [Eco] Запуск Плагин паузы...  
[15:26:37.780] [17] [ Info] [Eco] Загружаем Pause...  
[15:26:39.613] [7] [ Info] [Eco] Инициализация навыков...  
[15:26:39.725] [10] [ Info] [Eco] Запуск БДСтатистики...  
[15:26:39.725] [15] [ Info] [Eco] Запуск ПлагинМира...  
[15:26:39.772] [15] [ Info] [Eco] Загружаем World...  
[15:26:43.209] [15] [ Info] [Eco] Инициализация мира...  
[15:26:44.938] [15] [ Info] [Eco] Запуск ПлагинВремени...  
[15:26:44.938] [15] [ Info] [Eco] Загружаем Time...  
[15:26:44.938] [15] [ Info] [Eco] Запуск ПлагинРепутации...  
[15:26:44.938] [15] [ Info] [Eco] Загружаем Reputation...  
[15:26:44.961] [15] [ Info] [Eco] Запуск МенеджерЖильяИгроков...  
[15:26:44.961] [15] [ Info] [Eco] Запуск МенеджерПользователей...  
[15:26:45.000] [15] [ Info] [Eco] Загружаем Users...  
[15:26:45.342] [15] [ Info] [Eco] Инициализация инвентарей...  
[15:26:45.381] [15] [ Info] [Eco] Запуск МенеджерОбъектовЭко...  
[15:26:45.381] [15] [ Info] [Eco] Загружаем Objects...  
[15:26:45.596] [15] [ Info] [Eco] Запуск ПлагинМусора...  
[15:26:45.596] [35] [ Info] [Eco] Запуск ПлагинУгроз...  
[15:26:45.596] [17] [ Info] [Eco] Запуск ПлагинЭкономики...  
[15:26:45.596] [18] [ Info] [Eco] Запуск СерверЧата...  
[15:26:45.596] [24] [ Info] [Eco] Запуск МенеджерКонтроллера...  
[15:26:45.596] [12] [ Info] [Eco] Запуск НастройкиСложности...  
[15:26:45.596] [36] [ Info] [Eco] Запуск VoiceManager...  
[15:26:45.596] [15] [ Info] [Eco] Загружаем Garbage...  
[15:26:45.608] [17] [ Info] [Eco] Загружаем Economy...  
[15:26:46.277] [17] [ Info] [Eco] Запуск Законодательство...  
[15:26:46.277] [35] [ Info] [Eco] Загружаем Disasters...  
[15:26:46.281] [18] [ Info] [Eco] Загружаем Chat...  
[15:26:50.489] [17] [ Info] [Eco] Загружаем Laws...  
[15:26:50.606] [17] [ Info] [Eco] Запуск МенеджерСобственности...  
[15:26:50.609] [17] [ Info] [Eco] Загружаем Property...  
[15:26:50.733] [17] [ Info] [Eco] Запуск МенеджерМиникарты...  
[15:26:50.733] [17] [ Info] [Eco] Запуск СимуляцияЭко...  
[15:26:50.803] [17] [ Info] [Eco] Загружаем Plants...  
[15:26:52.271] [17] [ Info] [Eco] Инициализация растений...  
[15:26:58.267] [17] [ Info] [Eco] Запуск RouteProbingPlugin...  
[15:26:58.267] [17] [ Info] [Eco] Загружаем RouteProbing...  
[15:27:00.516] [17] [ Info] [Eco] Запуск МенеджерСлоёвМира...  
[15:27:00.516] [17] [ Info] [Eco] Загружаем Layers...  
[15:27:01.189] [17] [ Info] [Eco] Инициализация слоёв мира...  
[15:27:01.189] [17] [ Info] [Eco] Загружаем ClimateSim...  
[15:27:04.525] [17] [ Info] [Eco] Запуск ТрекерЭкономики...  
[15:27:04.531] [17] [ Info] [Eco] Запуск UserTracker...  
[15:27:04.531] [17] [ Info] [Eco] Запуск МенеджерМировыхОбъектов...  
[15:27:04.613] [17] [ Info] [Eco] Загружаем WorldObjects...  
[15:27:05.557] [17] [ Info] [Eco] Запуск ПлагинКомнат...  
[15:27:05.557] [17] [ Info] [Eco] Загружаем Rooms...  
[15:27:05.573] [17] [ Info] [Eco] Запуск ПлагинЦелей...  
[15:27:05.573] [17] [ Info] [Eco] Загружаем Objectives...  
[15:27:05.594] [17] [ Info] [Eco] Запуск ПлагинСна...  
[15:27:05.594] [17] [ Info] [Eco] Загружаем Sleep...  
[15:27:05.594] [1] [ Info] [Eco] Запуск ПлагинВебСервера...  
[15:27:05.594] [1] [ Info] [Eco] Запуск OtherAliasCategory...  
[15:27:05.608] [14] [ Info] [Eco] Запуск ПлагинТестовИнтеграции...  
[15:27:05.608] [28] [ Info] [Eco] Запуск Asphalt...  
[15:27:05.608] [8] [ Info] [Eco] Запуск NidToolboxPlugin...  
[15:27:05.608] [33] [ Info] [Eco] Запуск DiscordLink...  
[15:27:05.718] [1] [ Info] [Eco] Инициализируем ПлагинПеревода...  
[15:27:05.718] [1] [ Info] [Eco] Инициализируем ПлагинНабораМодификаций...  
[15:27:05.924] [1] [ Info] [Eco] Инициализируем ПлагинГенератораМира...  
[15:27:05.924] [1] [ Info] [Eco] Инициализируем МенеджерПользователей...  
[15:27:06.013] [1] [ Info] [Eco] Инициализируем ПлагинМусора...  
[15:27:06.013] [1] [ Info] [Eco] Инициализируем ПлагинЭкономики...  
[15:27:06.131] [1] [ Info] [Eco] Инициализируем Законодательство...  
[15:27:24.312] [1] [ Info] [Eco] Инициализируем МенеджерСобственности...  
[15:27:24.347] [1] [ Info] [Eco] Инициализируем МенеджерМиникарты...  
[15:27:25.390] [1] [ Info] [Eco] Инициализируем UserTracker...  
[15:27:25.390] [1] [ Info] [Eco] Инициализируем МенеджерМировыхОбъектов...  
[15:27:31.952] [1] [ Info] [Eco] Инициализируем ПлагинКомнат...  
[15:27:35.465] [1] [ Info] [Eco] Инициализируем ПлагинСна...  
[15:27:35.479] [1] [ Info] [Eco] Инициализируем NidToolboxPlugin...  
[15:27:35.489] [1] [ Info] [NidToolbox] Checking declared file: Mods\NidToolbox\Texts\Motd.txt 
[15:27:35.489] [1] [ Info] [NidToolbox] Config file:  Mods\NidToolbox\Texts\Motd.txt exists. 
[15:27:35.489] [1] [ Info] [NidToolbox] Config file:  Mods\NidToolbox\Texts\Motd.txt readable. 
[15:27:35.489] [1] [ Info] [NidToolbox] Checking declared file: Mods\NidToolbox\Texts\Rules.txt 
[15:27:35.489] [1] [ Info] [NidToolbox] Config file:  Mods\NidToolbox\Texts\Rules.txt exists. 
[15:27:35.489] [1] [ Info] [NidToolbox] Config file:  Mods\NidToolbox\Texts\Rules.txt readable. 
[15:27:35.499] [1] [ Info] [NidToolbox] Checking declared file: Mods\NidToolbox\Texts\ServerChangelog.txt 
[15:27:35.499] [1] [ Info] [NidToolbox] Config file:  Mods\NidToolbox\Texts\ServerChangelog.txt exists. 
[15:27:35.499] [1] [ Info] [NidToolbox] Config file:  Mods\NidToolbox\Texts\ServerChangelog.txt readable. 
[15:27:35.659] [1] [ Info] [Eco] Инициализируем DiscordLink...  
[15:27:35.695] [1] [ Info] [Eco] Инициализируем ПлагинМира...  
[15:27:35.695] [1] [ Info] [Eco] Обработка...  
[15:27:39.853] [139] [ Info] [Eco] DISCORDLINK: Connected to Discord.

 
[15:27:39.961] [1] [ Info] [Eco] Сжатие...  
[15:27:40.967] [140] [ Info] [Eco] DISCORDLINK: Connected and Ready
 
[15:27:44.466] [1] [ Info] [Eco] Инициализируем МенеджерСети...  
[15:27:44.777] [1] [ Info] [Eco] Инициализируем МенеджерСлоёвМира...  
[15:27:44.777] [1] [ Info] [Eco] Инициализируем ПлагинВебСервера...  
[15:27:45.591] [1] [ Info] [Eco] Инициализируем ПлагинТестовИнтеграции...  
[15:27:45.599] [1] [ Info] [NidToolbox] OK - Mono not detected, not a Linux environment 
[15:27:45.608] [1] [ Info] [NidToolbox] Plugin update added new command: nid-MotdEnable to the config. 
[15:27:45.608] [1] [ Info] [NidToolbox] Plugin update added new command: nid-MotdDisable to the config. 
[15:27:45.608] [1] [ Info] [NidToolbox] Plugin update added new command: nid-MotdShowPopUp to the config. 
[15:27:45.608] [1] [ Info] [NidToolbox] Plugin update added new command: nid-MotdShowInChat to the config. 
[15:27:45.608] [1] [ Info] [NidToolbox] Plugin update added new command: nid-MotdSetMsg to the config. 
[15:27:45.608] [1] [ Info] [NidToolbox] Plugin update added new command: nid-MotdShow to the config. 
[15:27:45.608] [1] [ Info] [NidToolbox] Plugin update added new command: nid-MotdSetTitle to the config. 
[15:27:45.608] [1] [ Info] [NidToolbox] Plugin update added new command: nid-ShowLog to the config. 
[15:27:45.688] [1] [ Info] [NidToolbox] Running NidToolbox version 1.8.7 
[15:27:45.745] [1] [ Info] [Eco] Server Initialization завершена за 72 426,9мс
 
[15:28:55.847] [30] [ Info] [NidToolbox] letmeplay tried to run nid-SetPermission. Command allowed. 
[15:28:55.847] [30] [ Info] [NidToolbox] While executing nid-SetPermission by letmeplay there was an error. 
[15:28:55.847] [30] [Error] [NidToolbox] Command not found! 
[15:28:55.847] [30] [Error] [NidToolbox] Command not found! 
[15:29:06.218] [35] [ Info] [NidToolbox] letmeplay tried to run nid-SetPermission. Command allowed. 
[15:29:06.297] [35] [ Info] [NidToolbox] Successfully changed command StoryLog permission level to User 
