[16:57:02.423] [1] [ Info] [Eco] >>> START EcoServer, Version=1.0.0.0, Culture=neutral, PublicKeyToken=null 
[16:57:02.452] [1] [ Info] [Eco] Eco Server 0.8.3.3 beta
 
[16:57:02.538] [1] [ Info] [Eco] Server Initialization...  
[16:57:02.538] [1] [ Info] [Eco] Starting LocalizationPlugin...  
[16:57:02.920] [1] [ Info] [Eco] Запуск ПлагинНабораМодификаций...  
[16:57:02.920] [1] [ Info] [Eco] Загрузка модификаций...  
[16:57:03.190] [1] [ Info] [Eco] Компилирование модификаций...  
[16:57:04.909] [1] [ Info] [Eco] Загружаем 0Harmony...
 
[16:57:04.912] [1] [ Info] [Eco] Загружаем Asphalt-ModKit...
 
[16:57:05.049] [1] [ Info] [Eco] Загружаем DiscordLink_blue...
 
[16:57:05.096] [1] [ Info] [Eco] Загружаем Eco.IntegrationTests...
 
[16:57:05.098] [1] [ Info] [Eco] Загружаем em-base...
 
[16:57:05.098] [1] [ Info] [Eco] Загружаем NoPlayerCredits...
 
[16:57:05.098] [1] [ Info] [Eco] Загружаем em-greenenergy...
 
[16:57:05.098] [1] [ Info] [Eco] Загружаем em-realisticsmelting...
 
[16:57:05.098] [1] [ Info] [Eco] Загружаем em-shippingcontainers...
 
[16:57:05.098] [1] [ Info] [Eco] Загружаем em-tailingspack...
 
[16:57:05.098] [1] [ Info] [Eco] Загружаем em-arches...
 
[16:57:05.098] [1] [ Info] [Eco] Загружаем em-doors...
 
[16:57:05.114] [1] [ Info] [Eco] Загружаем em-dyes...
 
[16:57:05.114] [1] [ Info] [Eco] Загружаем em-homeobjects...
 
[16:57:05.114] [1] [ Info] [Eco] Загружаем em-transportation...
 
[16:57:05.114] [1] [ Info] [Eco] Загружаем em-windows...
 
[16:57:05.134] [1] [ Info] [Eco] Загружаем em-zymology...
 
[16:57:05.134] [1] [ Info] [Eco] Загружаем NidToolbox...
 
[16:57:05.134] [1] [ Info] [Eco] Загрузка модификаций завершена за 2 221,8мс
 
[16:57:05.146] [1] [ Info] [Eco] Запуск МенеджерСети...  
[16:57:05.146] [8] [ Info] [Eco] Инициализация типов симуляции...  
[16:57:05.214] [13] [ Info] [Eco] Запуск ПлагинГенератораМира...  
[16:57:05.214] [9] [ Info] [Eco] Запуск ПлагинИгровойСтатистики...  
[16:57:05.214] [5] [ Info] [Eco] Запуск ПлагинРезервногоКопирования...  
[16:57:05.223] [5] [ Info] [Eco] Запуск МенеджерХранилища...  
[16:57:07.109] [8] [ Info] [Eco] Инициализация предметов...  
[16:57:07.193] [8] [ Info] [NidToolbox] Checking Settings.json 
[16:57:07.193] [8] [ Info] [NidToolbox] Config file: Mods\NidToolbox\Config\Settings.json exists. 
[16:57:07.210] [8] [ Info] [NidToolbox] Json file: Mods\NidToolbox\Config\Settings.json readable and correct. 
[16:57:07.210] [8] [ Info] [NidToolbox] Checking CommandPermissions.json 
[16:57:07.210] [8] [ Info] [NidToolbox] Config file: Mods\NidToolbox\Config\CommandPermissions.json exists. 
[16:57:07.210] [8] [ Info] [NidToolbox] Json file: Mods\NidToolbox\Config\CommandPermissions.json readable and correct. 
[16:57:07.210] [8] [ Info] [NidToolbox] Checking TimerMessages.json 
[16:57:07.210] [8] [ Info] [NidToolbox] Config file: Mods\NidToolbox\Config\TimerMessages.json exists. 
[16:57:07.210] [8] [ Info] [NidToolbox] Json file: Mods\NidToolbox\Config\TimerMessages.json readable and correct. 
[16:57:07.210] [8] [ Info] [NidToolbox] Checking ScheduledMessages.json 
[16:57:07.224] [8] [ Info] [NidToolbox] Config file: Mods\NidToolbox\Config\ScheduledMessages.json exists. 
[16:57:07.224] [8] [ Info] [NidToolbox] Json file: Mods\NidToolbox\Config\ScheduledMessages.json readable and correct. 
[16:57:07.255] [8] [ Info] [NidToolbox] No UserHomes directory, skipping user homes config checks. 
[16:57:08.257] [5] [ Info] [Eco] Запуск Плагин паузы...  
[16:57:08.257] [5] [ Info] [Eco] Загружаем Pause...  
[16:57:10.287] [8] [ Info] [Eco] Инициализация навыков...  
[16:57:10.376] [5] [ Info] [Eco] Запуск БДСтатистики...  
[16:57:10.376] [10] [ Info] [Eco] Запуск ПлагинМира...  
[16:57:10.423] [10] [ Info] [Eco] Загружаем World...  
[16:57:14.025] [10] [ Info] [Eco] Инициализация мира...  
[16:57:14.553] [10] [ Info] [Eco] Запуск ПлагинВремени...  
[16:57:14.553] [10] [ Info] [Eco] Загружаем Time...  
[16:57:14.553] [10] [ Info] [Eco] Запуск ПлагинРепутации...  
[16:57:14.553] [10] [ Info] [Eco] Загружаем Reputation...  
[16:57:14.570] [10] [ Info] [Eco] Запуск МенеджерЖильяИгроков...  
[16:57:14.570] [10] [ Info] [Eco] Запуск МенеджерПользователей...  
[16:57:14.610] [10] [ Info] [Eco] Загружаем Users...  
[16:57:14.737] [10] [ Info] [Eco] Инициализация инвентарей...  
[16:57:14.786] [10] [ Info] [Eco] Запуск МенеджерОбъектовЭко...  
[16:57:14.786] [32] [ Info] [Eco] Запуск МенеджерКонтроллера...  
[16:57:14.786] [18] [ Info] [Eco] Запуск НастройкиСложности...  
[16:57:14.786] [34] [ Info] [Eco] Запуск ПлагинУгроз...  
[16:57:14.786] [20] [ Info] [Eco] Запуск СерверЧата...  
[16:57:14.786] [22] [ Info] [Eco] Запуск VoiceManager...  
[16:57:14.786] [10] [ Info] [Eco] Запуск ПлагинМусора...  
[16:57:14.786] [5] [ Info] [Eco] Запуск ПлагинЭкономики...  
[16:57:14.786] [34] [ Info] [Eco] Загружаем Disasters...  
[16:57:14.801] [10] [ Info] [Eco] Загружаем Garbage...  
[16:57:14.801] [5] [ Info] [Eco] Загружаем Economy...  
[16:57:14.961] [20] [ Info] [Eco] Загружаем Chat...  
[16:57:14.993] [5] [ Info] [Eco] Запуск Законодательство...  
[16:57:14.993] [5] [ Info] [Eco] Загружаем Laws...  
[16:57:15.053] [5] [ Info] [Eco] Запуск МенеджерСобственности...  
[16:57:15.053] [5] [ Info] [Eco] Загружаем Property...  
[16:57:15.121] [5] [ Info] [Eco] Запуск МенеджерМиникарты...  
[16:57:15.121] [5] [ Info] [Eco] Запуск СимуляцияЭко...  
[16:57:15.189] [5] [ Info] [Eco] Загружаем Plants...  
[16:57:17.190] [5] [ Info] [Eco] Инициализация растений...  
[16:57:25.499] [5] [ Info] [Eco] Запуск RouteProbingPlugin...  
[16:57:25.499] [5] [ Info] [Eco] Загружаем RouteProbing...  
[16:57:29.090] [5] [ Info] [Eco] Запуск МенеджерСлоёвМира...  
[16:57:29.090] [5] [ Info] [Eco] Загружаем Layers...  
[16:57:29.761] [5] [ Info] [Eco] Инициализация слоёв мира...  
[16:57:29.761] [5] [ Info] [Eco] Загружаем ClimateSim...  
[16:57:33.252] [5] [ Info] [Eco] Запуск ТрекерЭкономики...  
[16:57:33.257] [5] [ Info] [Eco] Запуск UserTracker...  
[16:57:33.257] [5] [ Info] [Eco] Запуск МенеджерМировыхОбъектов...  
[16:57:33.342] [5] [ Info] [Eco] Загружаем WorldObjects...  
[16:57:33.446] [5] [ Info] [Eco] Запуск ПлагинКомнат...  
[16:57:33.446] [5] [ Info] [Eco] Загружаем Rooms...  
[16:57:33.460] [5] [ Info] [Eco] Запуск ПлагинЦелей...  
[16:57:33.460] [5] [ Info] [Eco] Загружаем Objectives...  
[16:57:33.475] [5] [ Info] [Eco] Запуск ПлагинСна...  
[16:57:33.475] [5] [ Info] [Eco] Загружаем Sleep...  
[16:57:33.475] [1] [ Info] [Eco] Запуск ПлагинВебСервера...  
[16:57:33.489] [1] [ Info] [Eco] Запуск OtherAliasCategory...  
[16:57:33.489] [14] [ Info] [Eco] Запуск ПлагинТестовИнтеграции...  
[16:57:33.489] [11] [ Info] [Eco] Запуск DiscordLink...  
[16:57:33.489] [16] [ Info] [Eco] Запуск NidToolboxPlugin...  
[16:57:33.489] [21] [ Info] [Eco] Запуск NoPlayerCreditsPlugin...  
[16:57:33.489] [15] [ Info] [Eco] Запуск ChatBase...  
[16:57:33.489] [23] [ Info] [Eco] Запуск Asphalt...  
[16:57:33.586] [1] [ Info] [Eco] Инициализируем ПлагинПеревода...  
[16:57:33.586] [1] [ Info] [Eco] Инициализируем ПлагинНабораМодификаций...  
[16:57:33.885] [1] [ Info] [Eco] Инициализируем ПлагинГенератораМира...  
[16:57:33.885] [1] [ Info] [Eco] Инициализируем МенеджерПользователей...  
[16:57:33.931] [1] [ Info] [Eco] Инициализируем ПлагинМусора...  
[16:57:33.931] [1] [ Info] [Eco] Инициализируем ПлагинЭкономики...  
[16:57:33.952] [1] [ Info] [Eco] Инициализируем Законодательство...  
[16:57:34.498] [1] [ Info] [Eco] Инициализируем МенеджерСобственности...  
[16:57:34.521] [1] [ Info] [Eco] Инициализируем МенеджерМиникарты...  
[16:57:35.535] [1] [ Info] [Eco] Инициализируем UserTracker...  
[16:57:35.542] [1] [ Info] [Eco] Инициализируем МенеджерМировыхОбъектов...  
[16:57:35.758] [1] [ Info] [Eco] Инициализируем ПлагинКомнат...  
[16:57:35.876] [1] [ Info] [Eco] Инициализируем ПлагинСна...  
[16:57:35.876] [1] [ Info] [Eco] Инициализируем NidToolboxPlugin...  
[16:57:35.886] [1] [ Info] [NidToolbox] Checking declared file: Mods\NidToolbox\Texts\Motd.txt 
[16:57:35.886] [1] [ Info] [NidToolbox] Config file:  Mods\NidToolbox\Texts\Motd.txt exists. 
[16:57:35.886] [1] [ Info] [NidToolbox] Config file:  Mods\NidToolbox\Texts\Motd.txt readable. 
[16:57:35.886] [1] [ Info] [NidToolbox] Checking declared file: Mods\NidToolbox\Texts\Rules.txt 
[16:57:35.886] [1] [ Info] [NidToolbox] Config file:  Mods\NidToolbox\Texts\Rules.txt exists. 
[16:57:35.886] [1] [ Info] [NidToolbox] Config file:  Mods\NidToolbox\Texts\Rules.txt readable. 
[16:57:35.886] [1] [ Info] [NidToolbox] Checking declared file: Mods\NidToolbox\Texts\ServerChangelog.txt 
[16:57:35.886] [1] [ Info] [NidToolbox] Config file:  Mods\NidToolbox\Texts\ServerChangelog.txt exists. 
[16:57:35.896] [1] [ Info] [NidToolbox] Config file:  Mods\NidToolbox\Texts\ServerChangelog.txt readable. 
[16:57:36.001] [1] [ Info] [Eco] Инициализируем NoPlayerCreditsPlugin...  
[16:57:36.001] [1] [ Info] [Eco] Инициализируем DiscordLink...  
[16:57:36.031] [1] [ Info] [Eco] Инициализируем ПлагинМира...  
[16:57:36.031] [1] [ Info] [Eco] Обработка...  
[16:57:42.879] [138] [ Info] [Eco] DISCORDLINK: Connected to Discord.

 
[16:57:43.090] [1] [ Info] [Eco] Сжатие...  
[16:57:44.070] [140] [ Info] [Eco] DISCORDLINK: Connected and Ready
 
[16:57:47.257] [1] [ Info] [Eco] Инициализируем МенеджерСети...  
[16:57:47.476] [1] [ Info] [Eco] Инициализируем МенеджерСлоёвМира...  
[16:57:47.476] [1] [ Info] [Eco] Инициализируем ПлагинВебСервера...  
[16:57:48.133] [1] [ Info] [Eco] Инициализируем ПлагинТестовИнтеграции...  
[16:57:48.133] [1] [ Info] [NidToolbox] OK - Mono not detected, not a Linux environment 
[16:57:48.133] [1] [ Info] [NidToolbox] All commands in config up to date. 
[16:57:48.229] [1] [ Info] [NidToolbox] Running NidToolbox version 1.8.7 
[16:57:48.251] [1] [ Info] [Eco] Server Initialization завершена за 45 711,9мс
 
[17:27:48.815] [11] [ Info] [Eco] Удалена резервная копия - D:/EcoBackup/Storage\Backup\Game-2020-02-16-05.21.27
 
[17:51:41.913] [136] [ Info] [log] letmeplay invoked admin command '/fly' 
[17:57:50.455] [30] [ Info] [Eco] Удалена резервная копия - D:/EcoBackup/Storage\Backup\Game-2020-02-17-16.54.25
 
[18:12:14.448] [136] [ Info] [log] letmeplay invoked admin command '/fly' 
[18:13:22.855] [136] [ Info] [log] letmeplay invoked admin command '/fly' 
[18:27:49.302] [9] [ Info] [Eco] Удалена резервная копия - D:/EcoBackup/Storage\Backup\Game-2020-02-16-12.03.14
 
[18:57:48.399] [11] [ Info] [Eco] Удалена резервная копия - D:/EcoBackup/Storage\Backup\Game-2020-02-17-17.57.48
 
[19:04:36.250] [136] [ Info] [log] letmeplay invoked admin command '/fly' 
[19:05:48.032] [136] [ Info] [log] letmeplay invoked admin command '/eat' 
[19:27:50.327] [30] [ Info] [Eco] Удалена резервная копия - D:/EcoBackup/Storage\Backup\Game-2020-02-16-13.03.14
 
[19:33:36.951] [136] [ Info] [log] letmeplay invoked admin command '/fly' 
[19:33:52.784] [136] [ Info] [log] letmeplay invoked admin command '/give Маленькая вывеска из тёсанных брёвен' 
[19:34:05.867] [136] [ Info] [log] letmeplay invoked admin command '/fly' 
[19:34:15.883] [136] [ Info] [log] letmeplay invoked admin command '/give Маленькая вывеска из тёсанных брёвен' 
[19:34:53.199] [136] [ Info] [log] letmeplay invoked admin command '/give Маленькая вывеска из тёсанных брёвен' 
[19:35:55.168] [136] [ Info] [log] letmeplay invoked admin command '/give Маленькая вывеска из тёсанных брёвен' 
[19:47:48.728] [136] [ Info] [log] letmeplay invoked admin command '/give стол' 
[19:47:55.879] [136] [ Info] [log] letmeplay invoked admin command '/give стул' 
[19:48:49.276] [136] [ Info] [log] letmeplay invoked admin command '/give Большая вывеска из тёсанных брёвен' 
[19:53:22.131] [140] [ Info] [log] Dark Avenger invoked admin command '/fly' 
[19:53:38.712] [136] [ Info] [log] letmeplay invoked admin command '/save' 
[19:53:38.712] [11] [ Info] [Eco] Сохранение мира...  
[19:53:55.473] [1] [ Info] [Eco] Сохранение...
 
[19:53:55.473] [1] [ Info] [Eco] Сохранение мира...  
[19:53:58.865] [1] [ Info] [Eco] Готово
 
[19:53:59.004] [1] [ Info] [Eco] Выключение завершено
 
