[19:44:44.778] [1] [ Info] [Eco] >>> START EcoServer, Version=1.0.0.0, Culture=neutral, PublicKeyToken=null 
[19:44:44.809] [1] [ Info] [Eco] Eco Server 0.8.3.3 beta
 
[19:44:44.883] [1] [ Info] [Eco] Server Initialization...  
[19:44:44.883] [1] [ Info] [Eco] Starting LocalizationPlugin...  
[19:44:45.263] [1] [ Info] [Eco] Запуск ПлагинНабораМодификаций...  
[19:44:45.263] [1] [ Info] [Eco] Загрузка модификаций...  
[19:44:45.555] [1] [ Info] [Eco] Компилирование модификаций...  
[19:44:47.028] [1] [ Info] [Eco] Загружаем 0Harmony...
 
[19:44:47.028] [1] [ Info] [Eco] Загружаем Asphalt-ModKit...
 
[19:44:47.157] [1] [ Info] [Eco] Загружаем DiscordLink_blue...
 
[19:44:47.216] [1] [ Info] [Eco] Загружаем Eco.IntegrationTests...
 
[19:44:47.216] [1] [ Info] [Eco] Загружаем em-base...
 
[19:44:47.216] [1] [ Info] [Eco] Загружаем NoPlayerCredits...
 
[19:44:47.216] [1] [ Info] [Eco] Загружаем em-greenenergy...
 
[19:44:47.216] [1] [ Info] [Eco] Загружаем em-realisticsmelting...
 
[19:44:47.233] [1] [ Info] [Eco] Загружаем em-shippingcontainers...
 
[19:44:47.233] [1] [ Info] [Eco] Загружаем em-tailingspack...
 
[19:44:47.233] [1] [ Info] [Eco] Загружаем em-arches...
 
[19:44:47.233] [1] [ Info] [Eco] Загружаем em-doors...
 
[19:44:47.233] [1] [ Info] [Eco] Загружаем em-dyes...
 
[19:44:47.247] [1] [ Info] [Eco] Загружаем em-homeobjects...
 
[19:44:47.247] [1] [ Info] [Eco] Загружаем em-transportation...
 
[19:44:47.247] [1] [ Info] [Eco] Загружаем em-windows...
 
[19:44:47.264] [1] [ Info] [Eco] Загружаем em-zymology...
 
[19:44:47.264] [1] [ Info] [Eco] Загружаем HPStorage...
 
[19:44:47.264] [1] [ Info] [Eco] Загружаем NidToolbox...
 
[19:44:47.264] [1] [ Info] [Eco] Загрузка модификаций завершена за 2 010,5мс
 
[19:44:47.264] [1] [ Info] [Eco] Запуск МенеджерСети...  
[19:44:47.283] [5] [ Info] [Eco] Инициализация типов симуляции...  
[19:44:47.336] [13] [ Info] [Eco] Запуск ПлагинГенератораМира...  
[19:44:47.336] [16] [ Info] [Eco] Запуск ПлагинИгровойСтатистики...  
[19:44:47.336] [15] [ Info] [Eco] Запуск ПлагинРезервногоКопирования...  
[19:44:47.349] [15] [ Info] [Eco] Запуск МенеджерХранилища...  
[19:44:48.898] [5] [ Info] [Eco] Инициализация предметов...  
[19:44:48.966] [5] [ Info] [NidToolbox] Checking Settings.json 
[19:44:48.966] [5] [ Info] [NidToolbox] Config file: Mods\NidToolbox\Config\Settings.json exists. 
[19:44:48.966] [5] [ Info] [NidToolbox] Json file: Mods\NidToolbox\Config\Settings.json readable and correct. 
[19:44:48.966] [5] [ Info] [NidToolbox] Checking CommandPermissions.json 
[19:44:48.966] [5] [ Info] [NidToolbox] Config file: Mods\NidToolbox\Config\CommandPermissions.json exists. 
[19:44:48.966] [5] [ Info] [NidToolbox] Json file: Mods\NidToolbox\Config\CommandPermissions.json readable and correct. 
[19:44:48.983] [5] [ Info] [NidToolbox] Checking TimerMessages.json 
[19:44:48.983] [5] [ Info] [NidToolbox] Config file: Mods\NidToolbox\Config\TimerMessages.json exists. 
[19:44:48.983] [5] [ Info] [NidToolbox] Json file: Mods\NidToolbox\Config\TimerMessages.json readable and correct. 
[19:44:48.983] [5] [ Info] [NidToolbox] Checking ScheduledMessages.json 
[19:44:48.983] [5] [ Info] [NidToolbox] Config file: Mods\NidToolbox\Config\ScheduledMessages.json exists. 
[19:44:48.983] [5] [ Info] [NidToolbox] Json file: Mods\NidToolbox\Config\ScheduledMessages.json readable and correct. 
[19:44:48.983] [5] [ Info] [NidToolbox] No UserHomes directory, skipping user homes config checks. 
[19:44:50.107] [15] [ Info] [Eco] Запуск Плагин паузы...  
[19:44:50.107] [15] [ Info] [Eco] Загружаем Pause...  
[19:44:52.315] [5] [ Info] [Eco] Инициализация навыков...  
[19:44:52.403] [15] [ Info] [Eco] Запуск БДСтатистики...  
[19:44:52.403] [9] [ Info] [Eco] Запуск ПлагинМира...  
[19:44:52.459] [9] [ Info] [Eco] Загружаем World...  
[19:44:55.532] [9] [ Info] [Eco] Инициализация мира...  
[19:44:56.844] [9] [ Info] [Eco] Запуск ПлагинВремени...  
[19:44:56.844] [9] [ Info] [Eco] Загружаем Time...  
[19:44:56.844] [9] [ Info] [Eco] Запуск ПлагинРепутации...  
[19:44:56.844] [9] [ Info] [Eco] Загружаем Reputation...  
[19:44:56.859] [9] [ Info] [Eco] Запуск МенеджерЖильяИгроков...  
[19:44:56.859] [9] [ Info] [Eco] Запуск МенеджерПользователей...  
[19:44:56.912] [9] [ Info] [Eco] Загружаем Users...  
[19:44:57.058] [9] [ Info] [Eco] Инициализация инвентарей...  
[19:44:57.099] [9] [ Info] [Eco] Запуск МенеджерОбъектовЭко...  
[19:44:57.099] [9] [ Info] [Eco] Запуск ПлагинМусора...  
[19:44:57.099] [28] [ Info] [Eco] Запуск ПлагинУгроз...  
[19:44:57.106] [19] [ Info] [Eco] Запуск МенеджерКонтроллера...  
[19:44:57.106] [17] [ Info] [Eco] Запуск СерверЧата...  
[19:44:57.106] [16] [ Info] [Eco] Запуск VoiceManager...  
[19:44:57.106] [15] [ Info] [Eco] Запуск ПлагинЭкономики...  
[19:44:57.106] [9] [ Info] [Eco] Загружаем Garbage...  
[19:44:57.106] [29] [ Info] [Eco] Запуск НастройкиСложности...  
[19:44:57.106] [15] [ Info] [Eco] Загружаем Economy...  
[19:44:57.280] [15] [ Info] [Eco] Запуск Законодательство...  
[19:44:57.280] [28] [ Info] [Eco] Загружаем Disasters...  
[19:44:57.280] [17] [ Info] [Eco] Загружаем Chat...  
[19:44:57.325] [15] [ Info] [Eco] Загружаем Laws...  
[19:44:57.414] [15] [ Info] [Eco] Запуск МенеджерСобственности...  
[19:44:57.414] [15] [ Info] [Eco] Загружаем Property...  
[19:44:57.475] [15] [ Info] [Eco] Запуск МенеджерМиникарты...  
[19:44:57.475] [15] [ Info] [Eco] Запуск СимуляцияЭко...  
[19:44:57.542] [15] [ Info] [Eco] Загружаем Plants...  
[19:44:59.777] [15] [ Info] [Eco] Инициализация растений...  
[19:45:10.358] [15] [ Info] [Eco] Запуск RouteProbingPlugin...  
[19:45:10.358] [15] [ Info] [Eco] Загружаем RouteProbing...  
[19:45:13.520] [15] [ Info] [Eco] Запуск МенеджерСлоёвМира...  
[19:45:13.520] [15] [ Info] [Eco] Загружаем Layers...  
[19:45:14.171] [15] [ Info] [Eco] Инициализация слоёв мира...  
[19:45:14.171] [15] [ Info] [Eco] Загружаем ClimateSim...  
[19:45:17.779] [15] [ Info] [Eco] Запуск ТрекерЭкономики...  
[19:45:17.779] [15] [ Info] [Eco] Запуск UserTracker...  
[19:45:17.779] [15] [ Info] [Eco] Запуск МенеджерМировыхОбъектов...  
[19:45:17.875] [15] [ Info] [Eco] Загружаем WorldObjects...  
[19:45:17.997] [15] [ Info] [Eco] Запуск ПлагинКомнат...  
[19:45:17.997] [15] [ Info] [Eco] Загружаем Rooms...  
[19:45:17.997] [15] [ Info] [Eco] Запуск ПлагинЦелей...  
[19:45:17.997] [15] [ Info] [Eco] Загружаем Objectives...  
[19:45:18.023] [15] [ Info] [Eco] Запуск ПлагинСна...  
[19:45:18.023] [15] [ Info] [Eco] Загружаем Sleep...  
[19:45:18.035] [1] [ Info] [Eco] Запуск ПлагинВебСервера...  
[19:45:18.035] [1] [ Info] [Eco] Запуск OtherAliasCategory...  
[19:45:18.044] [13] [ Info] [Eco] Запуск Asphalt...  
[19:45:18.044] [24] [ Info] [Eco] Запуск DiscordLink...  
[19:45:18.044] [6] [ Info] [Eco] Запуск ПлагинТестовИнтеграции...  
[19:45:18.044] [29] [ Info] [Eco] Запуск ChatBase...  
[19:45:18.044] [19] [ Info] [Eco] Запуск NoPlayerCreditsPlugin...  
[19:45:18.044] [18] [ Info] [Eco] Запуск NidToolboxPlugin...  
[19:45:18.137] [1] [ Info] [Eco] Инициализируем ПлагинПеревода...  
[19:45:18.141] [1] [ Info] [Eco] Инициализируем ПлагинНабораМодификаций...  
[19:45:18.420] [1] [ Info] [Eco] Инициализируем ПлагинГенератораМира...  
[19:45:18.420] [1] [ Info] [Eco] Инициализируем МенеджерПользователей...  
[19:45:18.463] [1] [ Info] [Eco] Инициализируем ПлагинМусора...  
[19:45:18.476] [1] [ Info] [Eco] Инициализируем ПлагинЭкономики...  
[19:45:18.493] [1] [ Info] [Eco] Инициализируем Законодательство...  
[19:45:21.617] [1] [ Info] [Eco] Инициализируем МенеджерСобственности...  
[19:45:21.630] [1] [ Info] [Eco] Инициализируем МенеджерМиникарты...  
[19:45:22.598] [1] [ Info] [Eco] Инициализируем UserTracker...  
[19:45:22.598] [1] [ Info] [Eco] Инициализируем МенеджерМировыхОбъектов...  
[19:45:22.857] [1] [ Info] [Eco] Инициализируем ПлагинКомнат...  
[19:45:22.976] [1] [ Info] [Eco] Инициализируем ПлагинСна...  
[19:45:22.976] [1] [ Info] [Eco] Инициализируем NidToolboxPlugin...  
[19:45:22.991] [1] [ Info] [NidToolbox] Checking declared file: Mods\NidToolbox\Texts\Motd.txt 
[19:45:22.991] [1] [ Info] [NidToolbox] Config file:  Mods\NidToolbox\Texts\Motd.txt exists. 
[19:45:22.991] [1] [ Info] [NidToolbox] Config file:  Mods\NidToolbox\Texts\Motd.txt readable. 
[19:45:22.997] [1] [ Info] [NidToolbox] Checking declared file: Mods\NidToolbox\Texts\Rules.txt 
[19:45:22.997] [1] [ Info] [NidToolbox] Config file:  Mods\NidToolbox\Texts\Rules.txt exists. 
[19:45:22.997] [1] [ Info] [NidToolbox] Config file:  Mods\NidToolbox\Texts\Rules.txt readable. 
[19:45:22.997] [1] [ Info] [NidToolbox] Checking declared file: Mods\NidToolbox\Texts\ServerChangelog.txt 
[19:45:22.997] [1] [ Info] [NidToolbox] Config file:  Mods\NidToolbox\Texts\ServerChangelog.txt exists. 
[19:45:22.997] [1] [ Info] [NidToolbox] Config file:  Mods\NidToolbox\Texts\ServerChangelog.txt readable. 
[19:45:23.093] [1] [ Info] [Eco] Инициализируем NoPlayerCreditsPlugin...  
[19:45:23.093] [1] [ Info] [Eco] Инициализируем DiscordLink...  
[19:45:23.121] [1] [ Info] [Eco] Инициализируем ПлагинМира...  
[19:45:23.124] [1] [ Info] [Eco] Обработка...  
[19:45:23.816] [1] [ Info] [Eco] Сжатие...  
[19:45:27.366] [1] [ Info] [Eco] Инициализируем МенеджерСети...  
[19:45:27.396] [138] [ Info] [Eco] DISCORDLINK: Connected to Discord.

 
[19:45:27.604] [1] [ Info] [Eco] Инициализируем МенеджерСлоёвМира...  
[19:45:27.604] [1] [ Info] [Eco] Инициализируем ПлагинВебСервера...  
[19:45:28.249] [139] [ Info] [Eco] DISCORDLINK: Connected and Ready
 
[19:45:28.290] [1] [ Info] [Eco] Инициализируем ПлагинТестовИнтеграции...  
[19:45:28.297] [1] [ Info] [NidToolbox] OK - Mono not detected, not a Linux environment 
[19:45:28.297] [1] [ Info] [NidToolbox] All commands in config up to date. 
[19:45:28.367] [1] [ Info] [NidToolbox] Running NidToolbox version 1.8.7 
[19:45:28.426] [1] [ Info] [Eco] Server Initialization завершена за 43 540,3мс
 
[19:47:21.503] [178] [ Info] [log] AmeriQ invoked admin command '/fly' 
[20:15:28.664] [23] [ Info] [Eco] Удалена резервная копия - D:/EcoBackup/Storage\Backup\Game-2020-03-05-18.36.41
 
[20:15:28.682] [23] [ Info] [Eco] Удалена резервная копия - D:/EcoBackup/Storage\Backup\Game-2020-03-04-12.03.05
 
[20:18:00.139] [173] [ Info] [Eco] DISCORDLINK: Resumed connection
 
[20:22:07.550] [1] [ Info] [Eco] Сохранение...
 
[20:22:07.550] [1] [ Info] [Eco] Сохранение мира...  
[20:22:11.285] [1] [ Info] [Eco] Готово
 
[20:22:11.457] [1] [ Info] [Eco] Выключение завершено
 
