[20:47:41.143] [1] [ Info] [Eco] >>> START EcoServer, Version=1.0.0.0, Culture=neutral, PublicKeyToken=null 
[20:47:41.172] [1] [ Info] [Eco] Eco Server 0.8.3.3 beta
 
[20:47:41.258] [1] [ Info] [Eco] Server Initialization...  
[20:47:41.258] [1] [ Info] [Eco] Starting LocalizationPlugin...  
[20:47:41.629] [1] [ Info] [Eco] Запуск ПлагинНабораМодификаций...  
[20:47:41.629] [1] [ Info] [Eco] Загрузка модификаций...  
[20:47:41.925] [1] [ Info] [Eco] Компилирование модификаций...  
[20:47:43.427] [1] [ Info] [Eco] Загружаем 0Harmony...
 
[20:47:43.427] [1] [ Info] [Eco] Загружаем Asphalt-ModKit...
 
[20:47:43.551] [1] [ Info] [Eco] Загружаем DiscordLink_blue...
 
[20:47:43.602] [1] [ Info] [Eco] Загружаем Eco.IntegrationTests...
 
[20:47:43.602] [1] [ Info] [Eco] Загружаем em-base...
 
[20:47:43.602] [1] [ Info] [Eco] Загружаем NoPlayerCredits...
 
[20:47:43.602] [1] [ Info] [Eco] Загружаем em-greenenergy...
 
[20:47:43.613] [1] [ Info] [Eco] Загружаем em-realisticsmelting...
 
[20:47:43.613] [1] [ Info] [Eco] Загружаем em-shippingcontainers...
 
[20:47:43.613] [1] [ Info] [Eco] Загружаем em-tailingspack...
 
[20:47:43.613] [1] [ Info] [Eco] Загружаем em-arches...
 
[20:47:43.613] [1] [ Info] [Eco] Загружаем em-doors...
 
[20:47:43.630] [1] [ Info] [Eco] Загружаем em-dyes...
 
[20:47:43.630] [1] [ Info] [Eco] Загружаем em-homeobjects...
 
[20:47:43.630] [1] [ Info] [Eco] Загружаем em-transportation...
 
[20:47:43.630] [1] [ Info] [Eco] Загружаем em-windows...
 
[20:47:43.648] [1] [ Info] [Eco] Загружаем em-zymology...
 
[20:47:43.648] [1] [ Info] [Eco] Загружаем HPStorage...
 
[20:47:43.648] [1] [ Info] [Eco] Загружаем NidToolbox...
 
[20:47:43.648] [1] [ Info] [Eco] Загрузка модификаций завершена за 2 027,9мс
 
[20:47:43.662] [1] [ Info] [Eco] Запуск МенеджерСети...  
[20:47:43.662] [5] [ Info] [Eco] Инициализация типов симуляции...  
[20:47:43.730] [13] [ Info] [Eco] Запуск ПлагинГенератораМира...  
[20:47:43.730] [11] [ Info] [Eco] Запуск ПлагинИгровойСтатистики...  
[20:47:43.730] [8] [ Info] [Eco] Запуск ПлагинРезервногоКопирования...  
[20:47:43.741] [8] [ Info] [Eco] Запуск МенеджерХранилища...  
[20:47:44.450] [5] [ Info] [Eco] Инициализация предметов...  
[20:47:44.521] [5] [ Info] [NidToolbox] Checking Settings.json 
[20:47:44.521] [5] [ Info] [NidToolbox] Config file: Mods\NidToolbox\Config\Settings.json exists. 
[20:47:44.521] [5] [ Info] [NidToolbox] Json file: Mods\NidToolbox\Config\Settings.json readable and correct. 
[20:47:44.521] [5] [ Info] [NidToolbox] Checking CommandPermissions.json 
[20:47:44.521] [5] [ Info] [NidToolbox] Config file: Mods\NidToolbox\Config\CommandPermissions.json exists. 
[20:47:44.521] [5] [ Info] [NidToolbox] Json file: Mods\NidToolbox\Config\CommandPermissions.json readable and correct. 
[20:47:44.521] [5] [ Info] [NidToolbox] Checking TimerMessages.json 
[20:47:44.537] [5] [ Info] [NidToolbox] Config file: Mods\NidToolbox\Config\TimerMessages.json exists. 
[20:47:44.537] [5] [ Info] [NidToolbox] Json file: Mods\NidToolbox\Config\TimerMessages.json readable and correct. 
[20:47:44.537] [5] [ Info] [NidToolbox] Checking ScheduledMessages.json 
[20:47:44.537] [5] [ Info] [NidToolbox] Config file: Mods\NidToolbox\Config\ScheduledMessages.json exists. 
[20:47:44.537] [5] [ Info] [NidToolbox] Json file: Mods\NidToolbox\Config\ScheduledMessages.json readable and correct. 
[20:47:44.537] [5] [ Info] [NidToolbox] No UserHomes directory, skipping user homes config checks. 
[20:47:48.153] [5] [ Info] [Eco] Инициализация навыков...  
[20:47:48.558] [8] [ Info] [Eco] Запуск Плагин паузы...  
[20:47:48.558] [8] [ Info] [Eco] Загружаем Pause...  
[20:47:48.572] [12] [ Info] [Eco] Запуск БДСтатистики...  
[20:47:48.572] [11] [ Info] [Eco] Запуск ПлагинМира...  
[20:47:48.610] [11] [ Info] [Eco] Загружаем World...  
[20:47:53.898] [11] [ Info] [Eco] Конвертация мира в новый формат...  
[20:48:21.118] [11] [ Info] [Eco] Инициализация мира...  
[20:48:21.370] [11] [ Info] [Eco] Запуск ПлагинВремени...  
[20:48:21.370] [11] [ Info] [Eco] Загружаем Time...  
[20:48:21.370] [11] [ Info] [Eco] Запуск ПлагинРепутации...  
[20:48:21.370] [11] [ Info] [Eco] Загружаем Reputation...  
[20:48:21.387] [11] [ Info] [Eco] Запуск МенеджерЖильяИгроков...  
[20:48:21.387] [11] [ Info] [Eco] Запуск МенеджерПользователей...  
[20:48:21.424] [11] [ Info] [Eco] Загружаем Users...  
[20:48:21.587] [11] [ Info] [Eco] Инициализация инвентарей...  
[20:48:21.620] [11] [ Info] [Eco] Запуск МенеджерОбъектовЭко...  
[20:48:21.620] [30] [ Info] [Eco] Запуск ПлагинМусора...  
[20:48:21.620] [6] [ Info] [Eco] Запуск НастройкиСложности...  
[20:48:21.620] [30] [ Info] [Eco] Загружаем Garbage...  
[20:48:21.620] [11] [ Info] [Eco] Запуск СерверЧата...  
[20:48:21.620] [8] [ Info] [Eco] Запуск ПлагинЭкономики...  
[20:48:21.629] [17] [ Info] [Eco] Запуск VoiceManager...  
[20:48:21.629] [19] [ Info] [Eco] Запуск ПлагинУгроз...  
[20:48:21.629] [33] [ Info] [Eco] Запуск МенеджерКонтроллера...  
[20:48:21.629] [8] [ Info] [Eco] Загружаем Economy...  
[20:48:21.801] [8] [ Info] [Eco] Запуск Законодательство...  
[20:48:21.801] [19] [ Info] [Eco] Загружаем Disasters...  
[20:48:21.801] [11] [ Info] [Eco] Загружаем Chat...  
[20:48:21.832] [8] [ Info] [Eco] Загружаем Laws...  
[20:48:21.884] [8] [ Info] [Eco] Запуск МенеджерСобственности...  
[20:48:21.884] [8] [ Info] [Eco] Загружаем Property...  
[20:48:21.950] [8] [ Info] [Eco] Запуск МенеджерМиникарты...  
[20:48:21.950] [8] [ Info] [Eco] Запуск СимуляцияЭко...  
[20:48:22.014] [8] [ Info] [Eco] Загружаем Plants...  
[20:48:24.730] [8] [ Info] [Eco] Инициализация растений...  
[20:48:33.103] [8] [ Info] [Eco] Запуск RouteProbingPlugin...  
[20:48:33.103] [8] [ Info] [Eco] Загружаем RouteProbing...  
[20:48:38.456] [8] [ Info] [Eco] Запуск МенеджерСлоёвМира...  
[20:48:38.460] [8] [ Info] [Eco] Загружаем Layers...  
[20:48:39.178] [8] [ Info] [Eco] Инициализация слоёв мира...  
[20:48:39.178] [8] [ Info] [Eco] Загружаем ClimateSim...  
[20:48:42.186] [8] [ Info] [Eco] Запуск ТрекерЭкономики...  
[20:48:42.193] [8] [ Info] [Eco] Запуск UserTracker...  
[20:48:42.193] [8] [ Info] [Eco] Запуск МенеджерМировыхОбъектов...  
[20:48:42.279] [8] [ Info] [Eco] Загружаем WorldObjects...  
[20:48:42.414] [8] [ Info] [Eco] Запуск ПлагинКомнат...  
[20:48:42.414] [8] [ Info] [Eco] Загружаем Rooms...  
[20:48:42.433] [8] [ Info] [Eco] Запуск ПлагинЦелей...  
[20:48:42.433] [8] [ Info] [Eco] Загружаем Objectives...  
[20:48:42.444] [8] [ Info] [Eco] Запуск ПлагинСна...  
[20:48:42.444] [8] [ Info] [Eco] Загружаем Sleep...  
[20:48:42.444] [1] [ Info] [Eco] Запуск ПлагинВебСервера...  
[20:48:42.461] [1] [ Info] [Eco] Запуск OtherAliasCategory...  
[20:48:42.461] [21] [ Info] [Eco] Запуск NidToolboxPlugin...  
[20:48:42.461] [12] [ Info] [Eco] Запуск ПлагинТестовИнтеграции...  
[20:48:42.461] [26] [ Info] [Eco] Запуск ChatBase...  
[20:48:42.461] [15] [ Info] [Eco] Запуск Asphalt...  
[20:48:42.461] [27] [ Info] [Eco] Запуск DiscordLink...  
[20:48:42.461] [13] [ Info] [Eco] Запуск NoPlayerCreditsPlugin...  
[20:48:42.545] [1] [ Info] [Eco] Инициализируем ПлагинПеревода...  
[20:48:42.545] [1] [ Info] [Eco] Инициализируем ПлагинНабораМодификаций...  
[20:48:42.831] [1] [ Info] [Eco] Инициализируем ПлагинГенератораМира...  
[20:48:42.833] [1] [ Info] [Eco] Инициализируем МенеджерПользователей...  
[20:48:42.874] [1] [ Info] [Eco] Инициализируем ПлагинМусора...  
[20:48:42.874] [1] [ Info] [Eco] Инициализируем ПлагинЭкономики...  
[20:48:42.889] [1] [ Info] [Eco] Инициализируем Законодательство...  
[20:48:43.428] [1] [ Info] [Eco] Инициализируем МенеджерСобственности...  
[20:48:43.428] [1] [ Info] [Eco] Инициализируем МенеджерМиникарты...  
[20:48:44.500] [1] [ Info] [Eco] Инициализируем UserTracker...  
[20:48:44.506] [1] [ Info] [Eco] Инициализируем МенеджерМировыхОбъектов...  
[20:48:44.709] [1] [ Info] [Eco] Инициализируем ПлагинКомнат...  
[20:48:44.816] [1] [ Info] [Eco] Инициализируем ПлагинСна...  
[20:48:44.818] [1] [ Info] [Eco] Инициализируем NidToolboxPlugin...  
[20:48:44.818] [1] [ Info] [NidToolbox] Checking declared file: Mods\NidToolbox\Texts\Motd.txt 
[20:48:44.818] [1] [ Info] [NidToolbox] Config file:  Mods\NidToolbox\Texts\Motd.txt exists. 
[20:48:44.818] [1] [ Info] [NidToolbox] Config file:  Mods\NidToolbox\Texts\Motd.txt readable. 
[20:48:44.818] [1] [ Info] [NidToolbox] Checking declared file: Mods\NidToolbox\Texts\Rules.txt 
[20:48:44.818] [1] [ Info] [NidToolbox] Config file:  Mods\NidToolbox\Texts\Rules.txt exists. 
[20:48:44.818] [1] [ Info] [NidToolbox] Config file:  Mods\NidToolbox\Texts\Rules.txt readable. 
[20:48:44.818] [1] [ Info] [NidToolbox] Checking declared file: Mods\NidToolbox\Texts\ServerChangelog.txt 
[20:48:44.833] [1] [ Info] [NidToolbox] Config file:  Mods\NidToolbox\Texts\ServerChangelog.txt exists. 
[20:48:44.833] [1] [ Info] [NidToolbox] Config file:  Mods\NidToolbox\Texts\ServerChangelog.txt readable. 
[20:48:44.936] [1] [ Info] [Eco] Инициализируем NoPlayerCreditsPlugin...  
[20:48:44.936] [1] [ Info] [Eco] Инициализируем DiscordLink...  
[20:48:44.979] [1] [ Info] [Eco] Инициализируем ПлагинМира...  
[20:48:44.979] [1] [ Info] [Eco] Обработка...  
[20:48:47.110] [1] [ Info] [Eco] Сжатие...  
[20:48:47.918] [138] [ Info] [Eco] DISCORDLINK: Connected to Discord.

 
[20:48:58.507] [1] [ Info] [Eco] Сохранение мира...  
[20:48:59.269] [138] [ Info] [Eco] DISCORDLINK: Connected and Ready
 
[20:49:03.162] [1] [ Info] [Eco] Инициализируем МенеджерСети...  
[20:49:03.386] [1] [ Info] [Eco] Инициализируем МенеджерСлоёвМира...  
[20:49:03.386] [1] [ Info] [Eco] Инициализируем ПлагинВебСервера...  
[20:49:04.099] [1] [ Info] [Eco] Инициализируем ПлагинТестовИнтеграции...  
[20:49:04.099] [1] [ Info] [NidToolbox] OK - Mono not detected, not a Linux environment 
[20:49:04.099] [1] [ Info] [NidToolbox] All commands in config up to date. 
[20:49:04.173] [1] [ Info] [NidToolbox] Running NidToolbox version 1.8.7 
[20:49:04.215] [1] [ Info] [Eco] Server Initialization завершена за 82 934,1мс
 
[20:51:27.646] [177] [ Info] [log] letmeplay invoked admin command '/give Storagerack' 
[20:52:03.281] [183] [ Info] [log] Dark Avenger invoked admin command '/fly' 
[20:54:14.707] [183] [ Info] [log] Dark Avenger invoked admin command '/give землянная рампа' 
[20:54:21.707] [183] [ Info] [log] Dark Avenger invoked admin command '/give земляная' 
[20:54:43.736] [177] [ Info] [log] letmeplay invoked admin command '/give семена травы' 
[20:54:52.364] [183] [ Info] [log] Dark Avenger invoked admin command '/give земляной подъём' 
[20:54:58.631] [183] [ Info] [log] Dark Avenger invoked admin command '/give земляной подъём, 3' 
[21:00:32.190] [177] [ Info] [log] letmeplay invoked admin command '/give семечко травы,10' 
[21:01:32.357] [177] [ Info] [log] letmeplay invoked admin command '/give Доска объявлений' 
[21:03:25.001] [177] [ Info] [log] letmeplay invoked admin command '/give Маленькая вывеска из тёсанных брёвен' 
[21:05:35.576] [183] [ Info] [log] Dark Avenger invoked admin command '/eat' 
[21:05:38.675] [177] [ Info] [log] letmeplay invoked admin command '/give Маленькая вывеска из тёсанных брёвен,5' 
[21:05:55.208] [177] [ Info] [log] letmeplay invoked admin command '/fly' 
[21:08:03.780] [177] [ Info] [log] letmeplay invoked admin command '/fly' 
[21:09:12.224] [183] [ Info] [log] Dark Avenger invoked admin command '/fly' 
[21:10:01.450] [177] [ Info] [log] letmeplay invoked admin command '/fly' 
[21:10:18.901] [177] [ Info] [log] letmeplay invoked admin command '/give Маленькая вывеска из тёсанных брёвен,5' 
[21:10:48.717] [177] [ Info] [log] letmeplay invoked admin command '/give Маленькая вывеска из тёсанных брёвен,5' 
[21:14:21.104] [183] [ Info] [log] Dark Avenger invoked admin command '/fly' 
[21:15:15.658] [183] [ Info] [log] Dark Avenger invoked admin command '/give земляной подъём, 2' 
[21:18:34.274] [183] [ Info] [log] Dark Avenger invoked admin command '/give тёсаное бревно' 
[21:19:04.546] [27] [ Info] [Eco] Удалена резервная копия - D:/EcoBackup/Storage\Backup\Game-2020-02-17-18.57.48
 
[21:19:04.546] [27] [ Info] [Eco] Удалена резервная копия - D:/EcoBackup/Storage\Backup\Game-2020-02-16-20.14.05
 
[21:23:25.007] [183] [ Info] [log] Dark Avenger invoked admin command '/eat' 
[21:43:47.167] [183] [ Info] [log] Dark Avenger invoked admin command '/give трамбовка, 6' 
[21:44:26.780] [183] [ Info] [log] Dark Avenger invoked admin command '/eat' 
[22:11:00.407] [183] [ Info] [log] Dark Avenger invoked admin command '/eat' 
[22:11:19.648] [183] [ Info] [log] Dark Avenger invoked admin command '/give поладка, 40' 
[22:11:24.506] [183] [ Info] [log] Dark Avenger invoked admin command '/give пfладка, 40' 
[22:11:29.228] [183] [ Info] [log] Dark Avenger invoked admin command '/give паладка, 40' 
[22:11:34.083] [183] [ Info] [log] Dark Avenger invoked admin command '/give палатка, 40' 
[22:11:46.839] [183] [ Info] [log] Dark Avenger invoked admin command '/give склад, 40' 
[22:12:23.298] [183] [ Info] [log] Dark Avenger invoked admin command '/give большая табличка из тёсанных брёвен, 40' 
[22:19:06.254] [28] [ Info] [Eco] Удалена резервная копия - D:/EcoBackup/Storage\Backup\Game-2020-02-16-21.14.06
 
[22:24:47.044] [183] [ Info] [log] Dark Avenger invoked admin command '/eat' 
[22:26:21.164] [181] [ Info] [log] Dark Avenger invoked admin command '/fly' 
[22:29:51.239] [180] [ Info] [log] Dark Avenger invoked admin command '/fly' 
[22:42:39.783] [180] [ Info] [log] Dark Avenger invoked admin command '/eat' 
[22:43:10.820] [180] [ Info] [log] Dark Avenger invoked admin command '/give трамбовка, 10' 
[22:49:04.317] [15] [ Info] [Eco] Удалена резервная копия - D:/EcoBackup/Storage\Backup\Game-2020-02-17-21.49.04
 
[22:59:09.808] [180] [ Info] [log] Dark Avenger invoked admin command '/give земляной подъём, 3' 
[23:08:18.537] [180] [ Info] [log] Dark Avenger invoked admin command '/eat' 
[23:18:59.407] [180] [ Info] [log] Dark Avenger invoked admin command '/eat' 
[23:19:06.482] [20] [ Info] [Eco] Удалена резервная копия - D:/EcoBackup/Storage\Backup\Game-2020-02-16-22.14.06
 
[23:20:08.405] [177] [ Info] [log] letmeplay invoked admin command '/give Земляной подъем,3' 
[23:20:11.338] [177] [ Info] [log] letmeplay invoked admin command '/give Земляной подъем' 
[23:20:16.988] [177] [ Info] [log] letmeplay invoked admin command '/give Земляной подъем' 
[23:20:30.262] [177] [ Info] [log] letmeplay invoked admin command '/give Земляной подъем' 
[23:20:47.512] [177] [ Info] [log] letmeplay invoked admin command '/give земляной подъём, 3' 
[23:21:11.407] [177] [ Info] [log] letmeplay invoked admin command '/give земляной подъём, 3' 
[23:21:48.377] [177] [ Info] [log] letmeplay invoked admin command '/give земляной подъём, 3' 
[23:22:33.166] [177] [ Info] [log] letmeplay invoked admin command '/give земляной подъём, 3' 
[23:23:07.298] [177] [ Info] [log] letmeplay invoked admin command '/give земляной подъём, 3' 
[23:23:22.984] [177] [ Info] [log] letmeplay invoked admin command '/give земляной подъём, 3' 
[23:30:00.184] [3] [ Info] [log] Dark Avenger invoked admin command '/FLY' 
[23:33:03.959] [3] [ Info] [log] Dark Avenger invoked admin command '/give тёсаное бревно' 
[23:35:19.633] [3] [ Info] [log] Dark Avenger invoked admin command '/eat' 
[23:49:06.210] [15] [ Info] [Eco] Удалена резервная копия - D:/EcoBackup/Storage\Backup\Game-2020-02-17-22.49.04
 
[23:50:23.818] [3] [ Info] [log] Dark Avenger invoked admin command '/eat' 
[23:51:36.978] [3] [ Info] [log] Dark Avenger invoked admin command '/eat' 
[00:07:13.144] [3] [ Info] [log] Dark Avenger invoked admin command '/eat' 
[00:10:23.407] [139] [ Info] [log] Dark Avenger invoked admin command '/fly' 
[00:19:04.798] [7] [ Info] [Eco] Удалена резервная копия - D:/EcoBackup/Storage\Backup\Game-2020-02-16-23.14.06
 
[00:19:04.802] [7] [ Info] [Eco] Удалена резервная копия - D:/EcoBackup/Storage\Backup\Game-2020-02-15-00.15.42
 
[00:19:27.111] [177] [ Info] [log] letmeplay invoked admin command '/give диван' 
[00:20:04.980] [177] [ Info] [log] letmeplay invoked admin command '/give стол,2' 
[00:21:43.315] [177] [ Info] [log] letmeplay invoked admin command '/give Маленькая вывеска из тёсанных брёвен,5' 
[00:21:50.981] [177] [ Info] [log] letmeplay invoked admin command '/give Большая  вывеска из тёсанных брёвен,5' 
[00:23:31.003] [177] [ Info] [log] letmeplay invoked admin command '/give стол' 
[00:23:40.018] [177] [ Info] [log] letmeplay invoked admin command '/give стул,2' 
[00:23:46.820] [177] [ Info] [log] letmeplay invoked admin command '/give стул,2' 
[00:24:50.723] [19] [ Info] [log] Dark Avenger invoked admin command '/fly' 
[00:28:16.060] [177] [ Info] [log] letmeplay invoked admin command '/give стул,2' 
[00:28:17.090] [19] [ Info] [log] Dark Avenger invoked admin command '/eat' 
[00:30:43.298] [177] [ Info] [log] letmeplay invoked admin command '/give семечко травы,20' 
[00:34:13.538] [19] [ Info] [log] Dark Avenger invoked admin command '/eat' 
[00:39:52.243] [19] [ Info] [log] Dark Avenger invoked admin command '/eat' 
[00:40:54.961] [19] [ Info] [log] Dark Avenger invoked admin command '/eat' 
[00:42:26.094] [19] [ Info] [log] Dark Avenger invoked admin command '/eat' 
[00:43:10.422] [19] [ Info] [log] Dark Avenger invoked admin command '/eat' 
[00:49:06.289] [16] [ Info] [Eco] Удалена резервная копия - D:/EcoBackup/Storage\Backup\Game-2020-02-17-23.49.04
 
[00:49:11.267] [19] [ Info] [log] Dark Avenger invoked admin command '/eat' 
[00:53:39.046] [30] [ Info] [log] Dark Avenger invoked admin command '/fly' 
[01:01:38.664] [30] [ Info] [log] Dark Avenger invoked admin command '/fly' 
[01:01:41.548] [30] [ Info] [log] Dark Avenger invoked admin command '/fly' 
[01:01:46.295] [30] [ Info] [log] Dark Avenger invoked admin command '/eat' 
[01:02:42.397] [30] [ Info] [log] Dark Avenger invoked admin command '/eat' 
[01:03:38.813] [30] [ Info] [log] Dark Avenger invoked admin command '/eat' 
[01:04:42.797] [30] [ Info] [log] Dark Avenger invoked admin command '/eat' 
[01:07:25.202] [18] [ Info] [log] Dark Avenger invoked admin command '/fly' 
[01:09:18.683] [18] [ Info] [log] Dark Avenger invoked admin command '/fly' 
[01:09:20.084] [18] [ Info] [log] Dark Avenger invoked admin command '/fly' 
[01:09:29.149] [18] [ Info] [log] Dark Avenger invoked admin command '/eat' 
[01:11:30.099] [35] [ Info] [log] Dark Avenger invoked admin command '/fly' 
[01:15:13.588] [177] [ Info] [log] letmeplay invoked admin command '/save' 
[01:15:13.588] [23] [ Info] [Eco] Сохранение мира...  
[01:29:13.253] [177] [ Info] [log] letmeplay invoked admin command '/save' 
[01:29:13.253] [15] [ Info] [Eco] Сохранение мира...  
[01:31:28.037] [35] [ Info] [log] Dark Avenger invoked admin command '/fly' 
[01:31:37.146] [35] [ Info] [log] Dark Avenger invoked admin command '/fly' 
[01:49:04.783] [15] [ Info] [Eco] Удалена резервная копия - D:/EcoBackup/Storage\Backup\Game-2020-02-18-00.49.04
 
[01:52:52.169] [1] [ Info] [Eco] Сохранение...
 
[01:52:52.169] [1] [ Info] [Eco] Сохранение мира...  
[01:52:57.639] [1] [ Info] [Eco] Готово
 
[01:52:57.798] [1] [ Info] [Eco] Выключение завершено
 
