[10:48:21.150] [1] [ Info] [Eco] >>> START EcoServer, Version=1.0.0.0, Culture=neutral, PublicKeyToken=null 
[10:48:21.179] [1] [ Info] [Eco] Eco Server 0.8.3.2 beta
 
[10:48:21.258] [1] [ Info] [Eco] Server Initialization...  
[10:48:21.258] [1] [ Info] [Eco] Starting LocalizationPlugin...  
[10:48:21.648] [1] [ Info] [Eco] Запуск ПлагинНабораМодификаций...  
[10:48:21.648] [1] [ Info] [Eco] Загрузка модификаций...  
[10:48:21.745] [1] [ Info] [Eco] Компилирование модификаций...  
[10:48:23.615] [1] [ Info] [Eco] Загружаем 0Harmony...
 
[10:48:23.615] [1] [ Info] [Eco] Загружаем Asphalt-ModKit...
 
[10:48:23.746] [1] [ Info] [Eco] Загружаем Eco.IntegrationTests...
 
[10:48:23.751] [1] [ Info] [Eco] Загружаем DiscordLinkUnified...
 
[10:48:23.806] [1] [ Info] [Eco] Загружаем EcoStory...
 
[10:48:23.814] [1] [ Info] [Eco] Загрузка модификаций завершена за 2 164,0мс
 
[10:48:23.814] [1] [ Info] [Eco] Запуск МенеджерСети...  
[10:48:23.814] [5] [ Info] [Eco] Инициализация типов симуляции...  
[10:48:23.906] [16] [ Info] [Eco] Запуск ПлагинГенератораМира...  
[10:48:23.906] [9] [ Info] [Eco] Запуск ПлагинИгровойСтатистики...  
[10:48:23.906] [12] [ Info] [Eco] Запуск ПлагинРезервногоКопирования...  
[10:48:23.906] [12] [ Info] [Eco] Запуск МенеджерХранилища...  
[10:48:25.297] [5] [ Info] [Eco] Инициализация предметов...  
[10:48:25.369] [5] [ Info] [NidToolbox] Checking Settings.json 
[10:48:25.369] [5] [ Info] [NidToolbox] Config file: Mods\NidToolbox\Config\Settings.json exists. 
[10:48:25.382] [5] [ Info] [NidToolbox] Json file: Mods\NidToolbox\Config\Settings.json readable and correct. 
[10:48:25.382] [5] [ Info] [NidToolbox] Checking CommandPermissions.json 
[10:48:25.382] [5] [ Info] [NidToolbox] Config file: Mods\NidToolbox\Config\CommandPermissions.json exists. 
[10:48:25.382] [5] [ Info] [NidToolbox] Json file: Mods\NidToolbox\Config\CommandPermissions.json readable and correct. 
[10:48:25.382] [5] [ Info] [NidToolbox] Checking TimerMessages.json 
[10:48:25.382] [5] [ Info] [NidToolbox] Config file: Mods\NidToolbox\Config\TimerMessages.json exists. 
[10:48:25.382] [5] [ Info] [NidToolbox] Json file: Mods\NidToolbox\Config\TimerMessages.json readable and correct. 
[10:48:25.389] [5] [ Info] [NidToolbox] Checking ScheduledMessages.json 
[10:48:25.389] [5] [ Info] [NidToolbox] Config file: Mods\NidToolbox\Config\ScheduledMessages.json exists. 
[10:48:25.389] [5] [ Info] [NidToolbox] Json file: Mods\NidToolbox\Config\ScheduledMessages.json readable and correct. 
[10:48:25.389] [5] [ Info] [NidToolbox] No UserHomes directory, skipping user homes config checks. 
[10:48:26.140] [12] [ Info] [Eco] Запуск Плагин паузы...  
[10:48:26.140] [12] [ Info] [Eco] Загружаем Pause...  
[10:48:27.982] [5] [ Info] [Eco] Инициализация навыков...  
[10:48:28.080] [12] [ Info] [Eco] Запуск БДСтатистики...  
[10:48:28.080] [5] [ Info] [Eco] Запуск ПлагинМира...  
[10:48:28.124] [5] [ Info] [Eco] Загружаем World...  
[10:48:31.732] [5] [ Info] [Eco] Инициализация мира...  
[10:48:33.290] [5] [ Info] [Eco] Запуск ПлагинВремени...  
[10:48:33.290] [5] [ Info] [Eco] Загружаем Time...  
[10:48:33.295] [5] [ Info] [Eco] Запуск ПлагинРепутации...  
[10:48:33.295] [5] [ Info] [Eco] Загружаем Reputation...  
[10:48:33.314] [5] [ Info] [Eco] Запуск МенеджерЖильяИгроков...  
[10:48:33.314] [5] [ Info] [Eco] Запуск МенеджерПользователей...  
[10:48:33.355] [5] [ Info] [Eco] Загружаем Users...  
[10:48:33.684] [5] [ Info] [Eco] Инициализация инвентарей...  
[10:48:33.723] [5] [ Info] [Eco] Запуск МенеджерОбъектовЭко...  
[10:48:33.723] [5] [ Info] [Eco] Загружаем Objects...  
[10:48:33.957] [21] [ Info] [Eco] Запуск ПлагинМусора...  
[10:48:33.957] [23] [ Info] [Eco] Запуск VoiceManager...  
[10:48:33.957] [5] [ Info] [Eco] Запуск ПлагинЭкономики...  
[10:48:33.957] [28] [ Info] [Eco] Запуск МенеджерКонтроллера...  
[10:48:33.957] [32] [ Info] [Eco] Запуск СерверЧата...  
[10:48:33.957] [14] [ Info] [Eco] Запуск НастройкиСложности...  
[10:48:33.957] [34] [ Info] [Eco] Запуск ПлагинУгроз...  
[10:48:33.957] [21] [ Info] [Eco] Загружаем Garbage...  
[10:48:33.967] [5] [ Info] [Eco] Загружаем Economy...  
[10:48:34.412] [5] [ Info] [Eco] Запуск Законодательство...  
[10:48:34.412] [34] [ Info] [Eco] Загружаем Disasters...  
[10:48:34.412] [32] [ Info] [Eco] Загружаем Chat...  
[10:48:38.579] [5] [ Info] [Eco] Загружаем Laws...  
[10:48:38.694] [5] [ Info] [Eco] Запуск МенеджерСобственности...  
[10:48:38.694] [5] [ Info] [Eco] Загружаем Property...  
[10:48:38.820] [5] [ Info] [Eco] Запуск МенеджерМиникарты...  
[10:48:38.820] [5] [ Info] [Eco] Запуск СимуляцияЭко...  
[10:48:38.884] [5] [ Info] [Eco] Загружаем Plants...  
[10:48:40.261] [5] [ Info] [Eco] Инициализация растений...  
[10:48:46.415] [5] [ Info] [Eco] Запуск RouteProbingPlugin...  
[10:48:46.415] [5] [ Info] [Eco] Загружаем RouteProbing...  
[10:48:48.641] [5] [ Info] [Eco] Запуск МенеджерСлоёвМира...  
[10:48:48.641] [5] [ Info] [Eco] Загружаем Layers...  
[10:48:49.327] [5] [ Info] [Eco] Инициализация слоёв мира...  
[10:48:49.327] [5] [ Info] [Eco] Загружаем ClimateSim...  
[10:48:52.013] [5] [ Info] [Eco] Запуск ТрекерЭкономики...  
[10:48:52.018] [5] [ Info] [Eco] Запуск UserTracker...  
[10:48:52.018] [5] [ Info] [Eco] Запуск МенеджерМировыхОбъектов...  
[10:48:52.099] [5] [ Info] [Eco] Загружаем WorldObjects...  
[10:48:53.088] [5] [ Info] [Eco] Запуск ПлагинКомнат...  
[10:48:53.088] [5] [ Info] [Eco] Загружаем Rooms...  
[10:48:53.104] [5] [ Info] [Eco] Запуск ПлагинЦелей...  
[10:48:53.107] [5] [ Info] [Eco] Загружаем Objectives...  
[10:48:53.124] [5] [ Info] [Eco] Запуск ПлагинСна...  
[10:48:53.124] [5] [ Info] [Eco] Загружаем Sleep...  
[10:48:53.124] [1] [ Info] [Eco] Запуск ПлагинВебСервера...  
[10:48:53.139] [1] [ Info] [Eco] Запуск OtherAliasCategory...  
[10:48:53.139] [8] [ Info] [Eco] Запуск Asphalt...  
[10:48:53.139] [23] [ Info] [Eco] Запуск DiscordLink...  
[10:48:53.139] [32] [ Info] [Eco] Запуск ПлагинТестовИнтеграции...  
[10:48:53.139] [31] [ Info] [Eco] Запуск NidToolboxPlugin...  
[10:48:53.283] [1] [ Info] [Eco] Инициализируем ПлагинПеревода...  
[10:48:53.283] [1] [ Info] [Eco] Инициализируем ПлагинНабораМодификаций...  
[10:48:53.505] [1] [ Info] [Eco] Инициализируем ПлагинГенератораМира...  
[10:48:53.505] [1] [ Info] [Eco] Инициализируем МенеджерПользователей...  
[10:48:53.595] [1] [ Info] [Eco] Инициализируем ПлагинМусора...  
[10:48:53.595] [1] [ Info] [Eco] Инициализируем ПлагинЭкономики...  
[10:48:53.716] [1] [ Info] [Eco] Инициализируем Законодательство...  
[10:49:10.670] [1] [ Info] [Eco] Инициализируем МенеджерСобственности...  
[10:49:10.709] [1] [ Info] [Eco] Инициализируем МенеджерМиникарты...  
[10:49:11.587] [1] [ Info] [Eco] Инициализируем UserTracker...  
[10:49:11.599] [1] [ Info] [Eco] Инициализируем МенеджерМировыхОбъектов...  
[10:49:17.474] [1] [ Info] [Eco] Инициализируем ПлагинКомнат...  
[10:49:19.597] [1] [ Info] [Eco] Инициализируем ПлагинСна...  
[10:49:19.597] [1] [ Info] [Eco] Инициализируем NidToolboxPlugin...  
[10:49:19.619] [1] [ Info] [NidToolbox] Checking declared file: Mods\NidToolbox\Texts\Motd.txt 
[10:49:19.619] [1] [ Info] [NidToolbox] Config file:  Mods\NidToolbox\Texts\Motd.txt exists. 
[10:49:19.619] [1] [ Info] [NidToolbox] Config file:  Mods\NidToolbox\Texts\Motd.txt readable. 
[10:49:19.624] [1] [ Info] [NidToolbox] Checking declared file: Mods\NidToolbox\Texts\Rules.txt 
[10:49:19.624] [1] [ Info] [NidToolbox] Config file:  Mods\NidToolbox\Texts\Rules.txt exists. 
[10:49:19.624] [1] [ Info] [NidToolbox] Config file:  Mods\NidToolbox\Texts\Rules.txt readable. 
[10:49:19.624] [1] [ Info] [NidToolbox] Checking declared file: Mods\NidToolbox\Texts\ServerChangelog.txt 
[10:49:19.624] [1] [ Info] [NidToolbox] Config file:  Mods\NidToolbox\Texts\ServerChangelog.txt exists. 
[10:49:19.639] [1] [ Info] [NidToolbox] Config file:  Mods\NidToolbox\Texts\ServerChangelog.txt readable. 
[10:49:19.747] [1] [ Info] [Eco] Инициализируем DiscordLink...  
[10:49:19.793] [1] [ Info] [Eco] Инициализируем ПлагинМира...  
[10:49:19.798] [1] [ Info] [Eco] Обработка...  
[10:49:24.462] [138] [ Info] [Eco] DISCORDLINK: Connected to Discord.

 
[10:49:24.665] [1] [ Info] [Eco] Сжатие...  
[10:49:25.660] [140] [ Info] [Eco] DISCORDLINK: Connected and Ready
 
[10:49:28.879] [1] [ Info] [Eco] Инициализируем МенеджерСети...  
[10:49:29.126] [1] [ Info] [Eco] Инициализируем МенеджерСлоёвМира...  
[10:49:29.126] [1] [ Info] [Eco] Инициализируем ПлагинВебСервера...  
[10:49:30.052] [1] [ Info] [Eco] Инициализируем ПлагинТестовИнтеграции...  
[10:49:30.061] [1] [ Info] [NidToolbox] OK - Mono not detected, not a Linux environment 
[10:49:30.078] [1] [ Info] [NidToolbox] All commands in config up to date. 
[10:49:30.140] [1] [ Info] [NidToolbox] Running NidToolbox version 1.8.7 
[10:49:30.192] [1] [ Info] [Eco] Server Initialization завершена за 68 932,1мс
 
[11:18:37.664] [25] [ Info] [log] letmeplay invoked admin command '/save' 
[11:18:37.693] [34] [ Info] [Eco] Сохранение мира...  
[11:19:10.500] [1] [ Info] [Eco] Сохранение...
 
[11:19:10.500] [1] [ Info] [Eco] Сохранение мира...  
