[23:01:53.236] [1] [ Info] [Eco] >>> START EcoServer, Version=1.0.0.0, Culture=neutral, PublicKeyToken=null 
[23:01:53.270] [1] [ Info] [Eco] Eco Server 0.8.3.3 beta
 
[23:01:53.347] [1] [ Info] [Eco] Server Initialization...  
[23:01:53.347] [1] [ Info] [Eco] Starting LocalizationPlugin...  
[23:01:53.718] [1] [ Info] [Eco] Запуск ПлагинНабораМодификаций...  
[23:01:53.718] [1] [ Info] [Eco] Загрузка модификаций...  
[23:01:53.991] [1] [ Info] [Eco] Компилирование модификаций...  
[23:01:55.506] [1] [ Info] [Eco] Загружаем 0Harmony...
 
[23:01:55.506] [1] [ Info] [Eco] Загружаем Asphalt-ModKit...
 
[23:01:55.631] [1] [ Info] [Eco] Загружаем DiscordLinkUnified...
 
[23:01:55.694] [1] [ Info] [Eco] Загружаем Eco.IntegrationTests...
 
[23:01:55.694] [1] [ Info] [Eco] Загружаем em-base...
 
[23:01:55.694] [1] [ Info] [Eco] Загружаем NoPlayerCredits...
 
[23:01:55.694] [1] [ Info] [Eco] Загружаем em-greenenergy...
 
[23:01:55.700] [1] [ Info] [Eco] Загружаем em-realisticsmelting...
 
[23:01:55.700] [1] [ Info] [Eco] Загружаем em-shippingcontainers...
 
[23:01:55.700] [1] [ Info] [Eco] Загружаем em-tailingspack...
 
[23:01:55.700] [1] [ Info] [Eco] Загружаем em-arches...
 
[23:01:55.700] [1] [ Info] [Eco] Загружаем em-doors...
 
[23:01:55.700] [1] [ Info] [Eco] Загружаем em-dyes...
 
[23:01:55.700] [1] [ Info] [Eco] Загружаем em-homeobjects...
 
[23:01:55.700] [1] [ Info] [Eco] Загружаем em-transportation...
 
[23:01:55.719] [1] [ Info] [Eco] Загружаем em-windows...
 
[23:01:55.719] [1] [ Info] [Eco] Загружаем em-zymology...
 
[23:01:55.732] [1] [ Info] [Eco] Загружаем NidToolbox...
 
[23:01:55.732] [1] [ Info] [Eco] Загрузка модификаций завершена за 2 019,0мс
 
[23:01:55.732] [1] [ Info] [Eco] Запуск МенеджерСети...  
[23:01:55.732] [6] [ Info] [Eco] Инициализация типов симуляции...  
[23:01:55.807] [16] [ Info] [Eco] Запуск ПлагинГенератораМира...  
[23:01:55.807] [7] [ Info] [Eco] Запуск ПлагинИгровойСтатистики...  
[23:01:55.807] [11] [ Info] [Eco] Запуск ПлагинРезервногоКопирования...  
[23:01:55.821] [11] [ Info] [Eco] Запуск МенеджерХранилища...  
[23:01:57.494] [6] [ Info] [Eco] Инициализация предметов...  
[23:01:57.559] [6] [ Info] [NidToolbox] Checking Settings.json 
[23:01:57.559] [6] [ Info] [NidToolbox] Config file: Mods\NidToolbox\Config\Settings.json exists. 
[23:01:57.559] [6] [ Info] [NidToolbox] Json file: Mods\NidToolbox\Config\Settings.json readable and correct. 
[23:01:57.559] [6] [ Info] [NidToolbox] Checking CommandPermissions.json 
[23:01:57.559] [6] [ Info] [NidToolbox] Config file: Mods\NidToolbox\Config\CommandPermissions.json exists. 
[23:01:57.559] [6] [ Info] [NidToolbox] Json file: Mods\NidToolbox\Config\CommandPermissions.json readable and correct. 
[23:01:57.559] [6] [ Info] [NidToolbox] Checking TimerMessages.json 
[23:01:57.559] [6] [ Info] [NidToolbox] Config file: Mods\NidToolbox\Config\TimerMessages.json exists. 
[23:01:57.581] [6] [ Info] [NidToolbox] Json file: Mods\NidToolbox\Config\TimerMessages.json readable and correct. 
[23:01:57.581] [6] [ Info] [NidToolbox] Checking ScheduledMessages.json 
[23:01:57.581] [6] [ Info] [NidToolbox] Config file: Mods\NidToolbox\Config\ScheduledMessages.json exists. 
[23:01:57.581] [6] [ Info] [NidToolbox] Json file: Mods\NidToolbox\Config\ScheduledMessages.json readable and correct. 
[23:01:57.591] [6] [ Info] [NidToolbox] No UserHomes directory, skipping user homes config checks. 
[23:01:58.705] [11] [ Info] [Eco] Запуск Плагин паузы...  
[23:01:58.705] [11] [ Info] [Eco] Загружаем Pause...  
[23:02:00.856] [6] [ Info] [Eco] Инициализация навыков...  
[23:02:00.946] [11] [ Info] [Eco] Запуск БДСтатистики...  
[23:02:00.946] [8] [ Info] [Eco] Запуск ПлагинМира...  
[23:02:00.985] [8] [ Info] [Eco] Загружаем World...  
[23:02:04.320] [8] [ Info] [Eco] Инициализация мира...  
[23:02:05.182] [8] [ Info] [Eco] Запуск ПлагинВремени...  
[23:02:05.185] [8] [ Info] [Eco] Загружаем Time...  
[23:02:05.185] [8] [ Info] [Eco] Запуск ПлагинРепутации...  
[23:02:05.185] [8] [ Info] [Eco] Загружаем Reputation...  
[23:02:05.185] [8] [ Info] [Eco] Запуск МенеджерЖильяИгроков...  
[23:02:05.185] [8] [ Info] [Eco] Запуск МенеджерПользователей...  
[23:02:05.240] [8] [ Info] [Eco] Загружаем Users...  
[23:02:05.381] [8] [ Info] [Eco] Инициализация инвентарей...  
[23:02:05.420] [8] [ Info] [Eco] Запуск МенеджерОбъектовЭко...  
[23:02:05.420] [5] [ Info] [Eco] Запуск МенеджерКонтроллера...  
[23:02:05.420] [35] [ Info] [Eco] Запуск ПлагинМусора...  
[23:02:05.420] [19] [ Info] [Eco] Запуск ПлагинУгроз...  
[23:02:05.420] [21] [ Info] [Eco] Запуск СерверЧата...  
[23:02:05.420] [28] [ Info] [Eco] Запуск НастройкиСложности...  
[23:02:05.420] [12] [ Info] [Eco] Запуск VoiceManager...  
[23:02:05.420] [8] [ Info] [Eco] Запуск ПлагинЭкономики...  
[23:02:05.420] [35] [ Info] [Eco] Загружаем Garbage...  
[23:02:05.437] [8] [ Info] [Eco] Загружаем Economy...  
[23:02:05.608] [19] [ Info] [Eco] Загружаем Disasters...  
[23:02:05.608] [8] [ Info] [Eco] Запуск Законодательство...  
[23:02:05.622] [21] [ Info] [Eco] Загружаем Chat...  
[23:02:05.622] [8] [ Info] [Eco] Загружаем Laws...  
[23:02:05.678] [8] [ Info] [Eco] Запуск МенеджерСобственности...  
[23:02:05.678] [8] [ Info] [Eco] Загружаем Property...  
[23:02:05.717] [8] [ Info] [Eco] Запуск МенеджерМиникарты...  
[23:02:05.717] [8] [ Info] [Eco] Запуск СимуляцияЭко...  
[23:02:05.779] [8] [ Info] [Eco] Загружаем Plants...  
[23:02:07.622] [8] [ Info] [Eco] Инициализация растений...  
[23:02:13.077] [8] [ Info] [Eco] Запуск RouteProbingPlugin...  
[23:02:13.077] [8] [ Info] [Eco] Загружаем RouteProbing...  
[23:02:16.243] [8] [ Info] [Eco] Запуск МенеджерСлоёвМира...  
[23:02:16.247] [8] [ Info] [Eco] Загружаем Layers...  
[23:02:16.861] [8] [ Info] [Eco] Инициализация слоёв мира...  
[23:02:16.861] [8] [ Info] [Eco] Загружаем ClimateSim...  
[23:02:21.477] [8] [ Info] [Eco] Запуск ТрекерЭкономики...  
[23:02:21.489] [8] [ Info] [Eco] Запуск UserTracker...  
[23:02:21.489] [8] [ Info] [Eco] Запуск МенеджерМировыхОбъектов...  
[23:02:21.583] [8] [ Info] [Eco] Загружаем WorldObjects...  
[23:02:21.593] [8] [ Info] [Eco] Запуск ПлагинКомнат...  
[23:02:21.593] [8] [ Info] [Eco] Загружаем Rooms...  
[23:02:21.609] [8] [ Info] [Eco] Запуск ПлагинЦелей...  
[23:02:21.609] [8] [ Info] [Eco] Загружаем Objectives...  
[23:02:21.628] [8] [ Info] [Eco] Запуск ПлагинСна...  
[23:02:21.628] [8] [ Info] [Eco] Загружаем Sleep...  
[23:02:21.637] [1] [ Info] [Eco] Запуск ПлагинВебСервера...  
[23:02:21.637] [1] [ Info] [Eco] Запуск OtherAliasCategory...  
[23:02:21.637] [16] [ Info] [Eco] Запуск ПлагинТестовИнтеграции...  
[23:02:21.637] [6] [ Info] [Eco] Запуск Asphalt...  
[23:02:21.637] [8] [ Info] [Eco] Запуск NoPlayerCreditsPlugin...  
[23:02:21.637] [22] [ Info] [Eco] Запуск ChatBase...  
[23:02:21.637] [19] [ Info] [Eco] Запуск DiscordLink...  
[23:02:21.637] [13] [ Info] [Eco] Запуск NidToolboxPlugin...  
[23:02:21.738] [1] [ Info] [Eco] Инициализируем ПлагинПеревода...  
[23:02:21.738] [1] [ Info] [Eco] Инициализируем ПлагинНабораМодификаций...  
[23:02:22.027] [1] [ Info] [Eco] Инициализируем ПлагинГенератораМира...  
[23:02:22.028] [1] [ Info] [Eco] Инициализируем МенеджерПользователей...  
[23:02:22.086] [1] [ Info] [Eco] Инициализируем ПлагинМусора...  
[23:02:22.094] [1] [ Info] [Eco] Инициализируем ПлагинЭкономики...  
[23:02:22.094] [1] [ Info] [Eco] Инициализируем Законодательство...  
[23:02:22.588] [1] [ Info] [Eco] Инициализируем МенеджерСобственности...  
[23:02:22.595] [1] [ Info] [Eco] Инициализируем МенеджерМиникарты...  
[23:02:23.623] [1] [ Info] [Eco] Инициализируем UserTracker...  
[23:02:23.623] [1] [ Info] [Eco] Инициализируем МенеджерМировыхОбъектов...  
[23:02:23.712] [1] [ Info] [Eco] Инициализируем ПлагинКомнат...  
[23:02:23.715] [1] [ Info] [Eco] Инициализируем ПлагинСна...  
[23:02:23.715] [1] [ Info] [Eco] Инициализируем NidToolboxPlugin...  
[23:02:23.715] [1] [ Info] [NidToolbox] Checking declared file: Mods\NidToolbox\Texts\Motd.txt 
[23:02:23.715] [1] [ Info] [NidToolbox] Config file:  Mods\NidToolbox\Texts\Motd.txt exists. 
[23:02:23.715] [1] [ Info] [NidToolbox] Config file:  Mods\NidToolbox\Texts\Motd.txt readable. 
[23:02:23.731] [1] [ Info] [NidToolbox] Checking declared file: Mods\NidToolbox\Texts\Rules.txt 
[23:02:23.731] [1] [ Info] [NidToolbox] Config file:  Mods\NidToolbox\Texts\Rules.txt exists. 
[23:02:23.731] [1] [ Info] [NidToolbox] Config file:  Mods\NidToolbox\Texts\Rules.txt readable. 
[23:02:23.731] [1] [ Info] [NidToolbox] Checking declared file: Mods\NidToolbox\Texts\ServerChangelog.txt 
[23:02:23.731] [1] [ Info] [NidToolbox] Config file:  Mods\NidToolbox\Texts\ServerChangelog.txt exists. 
[23:02:23.731] [1] [ Info] [NidToolbox] Config file:  Mods\NidToolbox\Texts\ServerChangelog.txt readable. 
[23:02:23.828] [1] [ Info] [Eco] Инициализируем NoPlayerCreditsPlugin...  
[23:02:23.828] [1] [ Info] [Eco] Инициализируем DiscordLink...  
[23:02:23.858] [1] [ Info] [Eco] Инициализируем ПлагинМира...  
[23:02:23.858] [1] [ Info] [Eco] Обработка...  
[23:02:26.708] [1] [ Info] [Eco] Сжатие...  
[23:02:30.019] [1] [ Info] [Eco] Инициализируем МенеджерСети...  
[23:02:30.044] [138] [ Info] [Eco] DISCORDLINK: Connected to Discord.

 
[23:02:30.252] [1] [ Info] [Eco] Инициализируем МенеджерСлоёвМира...  
[23:02:30.252] [1] [ Info] [Eco] Инициализируем ПлагинВебСервера...  
[23:02:30.980] [1] [ Info] [Eco] Инициализируем ПлагинТестовИнтеграции...  
[23:02:30.987] [1] [ Info] [NidToolbox] OK - Mono not detected, not a Linux environment 
[23:02:30.987] [1] [ Info] [NidToolbox] All commands in config up to date. 
[23:02:31.060] [1] [ Info] [NidToolbox] Running NidToolbox version 1.8.7 
[23:02:31.078] [1] [ Info] [Eco] Server Initialization завершена за 37 731,0мс
 
[23:02:31.495] [138] [ Info] [Eco] DISCORDLINK: Connected and Ready
 
[23:11:21.322] [31] [ Info] [log] letmeplay invoked admin command '/give земляной подъем' 
[23:11:45.198] [31] [ Info] [log] letmeplay invoked admin command '/give Hewnlog, 10' 
[23:12:08.837] [31] [ Info] [log] letmeplay invoked admin command '/save' 
[23:12:08.845] [16] [ Info] [Eco] Сохранение мира...  
[23:12:23.699] [1] [ Info] [Eco] Сохранение...
 
[23:12:23.699] [1] [ Info] [Eco] Сохранение мира...  
[23:12:28.557] [1] [ Info] [Eco] Готово
 
[23:12:28.682] [1] [ Info] [Eco] Выключение завершено
 
