[02:27:41.291] [1] [ Info] [Eco] >>> START EcoServer, Version=1.0.0.0, Culture=neutral, PublicKeyToken=null 
[02:27:41.318] [1] [ Info] [Eco] Eco Server 0.8.3.3 beta
 
[02:27:41.390] [1] [ Info] [Eco] Server Initialization...  
[02:27:41.390] [1] [ Info] [Eco] Starting LocalizationPlugin...  
[02:27:41.767] [1] [ Info] [Eco] Запуск ПлагинНабораМодификаций...  
[02:27:41.767] [1] [ Info] [Eco] Загрузка модификаций...  
[02:27:42.038] [1] [ Info] [Eco] Компилирование модификаций...  
[02:27:43.544] [1] [ Info] [Eco] Загружаем 0Harmony...
 
[02:27:43.544] [1] [ Info] [Eco] Загружаем Asphalt-ModKit...
 
[02:27:43.668] [1] [ Info] [Eco] Загружаем DiscordLink_blue...
 
[02:27:43.714] [1] [ Info] [Eco] Загружаем Eco.IntegrationTests...
 
[02:27:43.716] [1] [ Info] [Eco] Загружаем em-base...
 
[02:27:43.716] [1] [ Info] [Eco] Загружаем NoPlayerCredits...
 
[02:27:43.716] [1] [ Info] [Eco] Загружаем em-greenenergy...
 
[02:27:43.716] [1] [ Info] [Eco] Загружаем em-realisticsmelting...
 
[02:27:43.716] [1] [ Info] [Eco] Загружаем em-shippingcontainers...
 
[02:27:43.716] [1] [ Info] [Eco] Загружаем em-tailingspack...
 
[02:27:43.716] [1] [ Info] [Eco] Загружаем em-arches...
 
[02:27:43.716] [1] [ Info] [Eco] Загружаем em-doors...
 
[02:27:43.732] [1] [ Info] [Eco] Загружаем em-dyes...
 
[02:27:43.732] [1] [ Info] [Eco] Загружаем em-homeobjects...
 
[02:27:43.732] [1] [ Info] [Eco] Загружаем em-transportation...
 
[02:27:43.749] [1] [ Info] [Eco] Загружаем em-windows...
 
[02:27:43.766] [1] [ Info] [Eco] Загружаем em-zymology...
 
[02:27:43.766] [1] [ Info] [Eco] Загружаем NidToolbox...
 
[02:27:43.779] [1] [ Info] [Eco] Загрузка модификаций завершена за 2 008,8мс
 
[02:27:43.779] [1] [ Info] [Eco] Запуск МенеджерСети...  
[02:27:43.779] [6] [ Info] [Eco] Инициализация типов симуляции...  
[02:27:43.857] [9] [ Info] [Eco] Запуск ПлагинГенератораМира...  
[02:27:43.857] [5] [ Info] [Eco] Запуск ПлагинРезервногоКопирования...  
[02:27:43.857] [16] [ Info] [Eco] Запуск ПлагинИгровойСтатистики...  
[02:27:43.857] [5] [ Info] [Eco] Запуск МенеджерХранилища...  
[02:27:45.419] [6] [ Info] [Eco] Инициализация предметов...  
[02:27:45.495] [6] [ Info] [NidToolbox] Checking Settings.json 
[02:27:45.497] [6] [ Info] [NidToolbox] Config file: Mods\NidToolbox\Config\Settings.json exists. 
[02:27:45.497] [6] [ Info] [NidToolbox] Json file: Mods\NidToolbox\Config\Settings.json readable and correct. 
[02:27:45.497] [6] [ Info] [NidToolbox] Checking CommandPermissions.json 
[02:27:45.513] [6] [ Info] [NidToolbox] Config file: Mods\NidToolbox\Config\CommandPermissions.json exists. 
[02:27:45.528] [6] [ Info] [NidToolbox] Json file: Mods\NidToolbox\Config\CommandPermissions.json readable and correct. 
[02:27:45.528] [6] [ Info] [NidToolbox] Checking TimerMessages.json 
[02:27:45.528] [6] [ Info] [NidToolbox] Config file: Mods\NidToolbox\Config\TimerMessages.json exists. 
[02:27:45.528] [6] [ Info] [NidToolbox] Json file: Mods\NidToolbox\Config\TimerMessages.json readable and correct. 
[02:27:45.528] [6] [ Info] [NidToolbox] Checking ScheduledMessages.json 
[02:27:45.528] [6] [ Info] [NidToolbox] Config file: Mods\NidToolbox\Config\ScheduledMessages.json exists. 
[02:27:45.528] [6] [ Info] [NidToolbox] Json file: Mods\NidToolbox\Config\ScheduledMessages.json readable and correct. 
[02:27:45.528] [6] [ Info] [NidToolbox] No UserHomes directory, skipping user homes config checks. 
[02:27:46.489] [5] [ Info] [Eco] Запуск Плагин паузы...  
[02:27:46.489] [5] [ Info] [Eco] Загружаем Pause...  
[02:27:48.610] [6] [ Info] [Eco] Инициализация навыков...  
[02:27:48.713] [5] [ Info] [Eco] Запуск БДСтатистики...  
[02:27:48.713] [6] [ Info] [Eco] Запуск ПлагинМира...  
[02:27:48.759] [6] [ Info] [Eco] Загружаем World...  
[02:27:52.359] [6] [ Info] [Eco] Инициализация мира...  
[02:27:52.923] [6] [ Info] [Eco] Запуск ПлагинВремени...  
[02:27:52.923] [6] [ Info] [Eco] Загружаем Time...  
[02:27:52.923] [6] [ Info] [Eco] Запуск ПлагинРепутации...  
[02:27:52.923] [6] [ Info] [Eco] Загружаем Reputation...  
[02:27:52.937] [6] [ Info] [Eco] Запуск МенеджерЖильяИгроков...  
[02:27:52.937] [6] [ Info] [Eco] Запуск МенеджерПользователей...  
[02:27:52.978] [6] [ Info] [Eco] Загружаем Users...  
[02:27:53.109] [6] [ Info] [Eco] Инициализация инвентарей...  
[02:27:53.147] [6] [ Info] [Eco] Запуск МенеджерОбъектовЭко...  
[02:27:53.147] [30] [ Info] [Eco] Запуск МенеджерКонтроллера...  
[02:27:53.147] [13] [ Info] [Eco] Запуск НастройкиСложности...  
[02:27:53.153] [5] [ Info] [Eco] Запуск ПлагинМусора...  
[02:27:53.153] [14] [ Info] [Eco] Запуск VoiceManager...  
[02:27:53.153] [19] [ Info] [Eco] Запуск СерверЧата...  
[02:27:53.153] [6] [ Info] [Eco] Запуск ПлагинЭкономики...  
[02:27:53.153] [5] [ Info] [Eco] Загружаем Garbage...  
[02:27:53.153] [22] [ Info] [Eco] Запуск ПлагинУгроз...  
[02:27:53.153] [6] [ Info] [Eco] Загружаем Economy...  
[02:27:53.315] [22] [ Info] [Eco] Загружаем Disasters...  
[02:27:53.315] [6] [ Info] [Eco] Запуск Законодательство...  
[02:27:53.326] [19] [ Info] [Eco] Загружаем Chat...  
[02:27:53.326] [6] [ Info] [Eco] Загружаем Laws...  
[02:27:53.385] [6] [ Info] [Eco] Запуск МенеджерСобственности...  
[02:27:53.385] [6] [ Info] [Eco] Загружаем Property...  
[02:27:53.441] [6] [ Info] [Eco] Запуск МенеджерМиникарты...  
[02:27:53.441] [6] [ Info] [Eco] Запуск СимуляцияЭко...  
[02:27:53.506] [6] [ Info] [Eco] Загружаем Plants...  
[02:27:55.231] [6] [ Info] [Eco] Инициализация растений...  
[02:28:00.809] [6] [ Info] [Eco] Запуск RouteProbingPlugin...  
[02:28:00.810] [6] [ Info] [Eco] Загружаем RouteProbing...  
[02:28:03.782] [6] [ Info] [Eco] Запуск МенеджерСлоёвМира...  
[02:28:03.782] [6] [ Info] [Eco] Загружаем Layers...  
[02:28:04.429] [6] [ Info] [Eco] Инициализация слоёв мира...  
[02:28:04.436] [6] [ Info] [Eco] Загружаем ClimateSim...  
[02:28:07.554] [6] [ Info] [Eco] Запуск ТрекерЭкономики...  
[02:28:07.560] [6] [ Info] [Eco] Запуск UserTracker...  
[02:28:07.560] [6] [ Info] [Eco] Запуск МенеджерМировыхОбъектов...  
[02:28:07.653] [6] [ Info] [Eco] Загружаем WorldObjects...  
[02:28:07.698] [6] [ Info] [Eco] Запуск ПлагинКомнат...  
[02:28:07.700] [6] [ Info] [Eco] Загружаем Rooms...  
[02:28:07.700] [6] [ Info] [Eco] Запуск ПлагинЦелей...  
[02:28:07.700] [6] [ Info] [Eco] Загружаем Objectives...  
[02:28:07.724] [6] [ Info] [Eco] Запуск ПлагинСна...  
[02:28:07.724] [6] [ Info] [Eco] Загружаем Sleep...  
[02:28:07.724] [1] [ Info] [Eco] Запуск ПлагинВебСервера...  
[02:28:07.737] [1] [ Info] [Eco] Запуск OtherAliasCategory...  
[02:28:07.737] [34] [ Info] [Eco] Запуск Asphalt...  
[02:28:07.737] [24] [ Info] [Eco] Запуск NoPlayerCreditsPlugin...  
[02:28:07.737] [29] [ Info] [Eco] Запуск ПлагинТестовИнтеграции...  
[02:28:07.737] [30] [ Info] [Eco] Запуск NidToolboxPlugin...  
[02:28:07.737] [14] [ Info] [Eco] Запуск ChatBase...  
[02:28:07.737] [21] [ Info] [Eco] Запуск DiscordLink...  
[02:28:07.845] [1] [ Info] [Eco] Инициализируем ПлагинПеревода...  
[02:28:07.845] [1] [ Info] [Eco] Инициализируем ПлагинНабораМодификаций...  
[02:28:08.128] [1] [ Info] [Eco] Инициализируем ПлагинГенератораМира...  
[02:28:08.128] [1] [ Info] [Eco] Инициализируем МенеджерПользователей...  
[02:28:08.187] [1] [ Info] [Eco] Инициализируем ПлагинМусора...  
[02:28:08.208] [1] [ Info] [Eco] Инициализируем ПлагинЭкономики...  
[02:28:08.226] [1] [ Info] [Eco] Инициализируем Законодательство...  
[02:28:08.713] [1] [ Info] [Eco] Инициализируем МенеджерСобственности...  
[02:28:08.725] [1] [ Info] [Eco] Инициализируем МенеджерМиникарты...  
[02:28:09.645] [1] [ Info] [Eco] Инициализируем UserTracker...  
[02:28:09.645] [1] [ Info] [Eco] Инициализируем МенеджерМировыхОбъектов...  
[02:28:09.776] [1] [ Info] [Eco] Инициализируем ПлагинКомнат...  
[02:28:09.823] [1] [ Info] [Eco] Инициализируем ПлагинСна...  
[02:28:09.823] [1] [ Info] [Eco] Инициализируем NidToolboxPlugin...  
[02:28:09.831] [1] [ Info] [NidToolbox] Checking declared file: Mods\NidToolbox\Texts\Motd.txt 
[02:28:09.831] [1] [ Info] [NidToolbox] Config file:  Mods\NidToolbox\Texts\Motd.txt exists. 
[02:28:09.831] [1] [ Info] [NidToolbox] Config file:  Mods\NidToolbox\Texts\Motd.txt readable. 
[02:28:09.831] [1] [ Info] [NidToolbox] Checking declared file: Mods\NidToolbox\Texts\Rules.txt 
[02:28:09.831] [1] [ Info] [NidToolbox] Config file:  Mods\NidToolbox\Texts\Rules.txt exists. 
[02:28:09.843] [1] [ Info] [NidToolbox] Config file:  Mods\NidToolbox\Texts\Rules.txt readable. 
[02:28:09.843] [1] [ Info] [NidToolbox] Checking declared file: Mods\NidToolbox\Texts\ServerChangelog.txt 
[02:28:09.843] [1] [ Info] [NidToolbox] Config file:  Mods\NidToolbox\Texts\ServerChangelog.txt exists. 
[02:28:09.843] [1] [ Info] [NidToolbox] Config file:  Mods\NidToolbox\Texts\ServerChangelog.txt readable. 
[02:28:09.952] [1] [ Info] [Eco] Инициализируем NoPlayerCreditsPlugin...  
[02:28:09.952] [1] [ Info] [Eco] Инициализируем DiscordLink...  
[02:28:10.001] [1] [ Info] [Eco] Инициализируем ПлагинМира...  
[02:28:10.001] [1] [ Info] [Eco] Обработка...  
[02:28:15.554] [1] [ Info] [Eco] Сжатие...  
[02:28:16.064] [137] [ Info] [Eco] DISCORDLINK: Connected to Discord.

 
[02:28:19.507] [1] [ Info] [Eco] Инициализируем МенеджерСети...  
[02:28:19.740] [1] [ Info] [Eco] Инициализируем МенеджерСлоёвМира...  
[02:28:19.740] [1] [ Info] [Eco] Инициализируем ПлагинВебСервера...  
[02:28:19.859] [138] [ Info] [Eco] DISCORDLINK: Connected and Ready
 
[02:28:20.422] [1] [ Info] [Eco] Инициализируем ПлагинТестовИнтеграции...  
[02:28:20.439] [1] [ Info] [NidToolbox] OK - Mono not detected, not a Linux environment 
[02:28:20.439] [1] [ Info] [NidToolbox] All commands in config up to date. 
[02:28:20.523] [1] [ Info] [NidToolbox] Running NidToolbox version 1.8.7 
[02:28:20.582] [1] [ Info] [Eco] Server Initialization завершена за 39 152,1мс
 
[02:30:19.611] [175] [ Info] [log] letmeplay invoked admin command '/give банк' 
[02:58:20.686] [28] [ Info] [Eco] Удалена резервная копия - D:/EcoBackup/Storage\Backup\Game-2020-02-15-01.45.42
 
[03:05:45.244] [175] [ Info] [log] letmeplay invoked admin command '/give пиломатериалы' 
[03:05:49.827] [175] [ Info] [log] letmeplay invoked admin command '/give пилломатериалы' 
[03:07:09.829] [175] [ Info] [log] letmeplay invoked admin command '/give пиломатериал' 
[03:07:46.098] [175] [ Info] [log] letmeplay invoked admin command '/fly' 
[03:18:22.272] [175] [ Info] [log] letmeplay invoked admin command '/fly' 
[03:19:38.227] [175] [ Info] [log] letmeplay invoked admin command '/give дверь из пиломатериалов,2' 
[03:21:23.978] [175] [ Info] [log] letmeplay invoked admin command '/give double wood door' 
[03:21:51.845] [175] [ Info] [log] letmeplay invoked admin command '/fly' 
[03:22:52.815] [175] [ Info] [log] letmeplay invoked admin command '/give double lumber door' 
[03:45:50.765] [175] [ Info] [log] letmeplay invoked admin command '/give дверь из пиломатериалов' 
[03:48:47.039] [175] [ Info] [log] letmeplay invoked admin command '/fly' 
[03:48:52.421] [175] [ Info] [log] letmeplay invoked admin command '/give дверь из пиломатериалов' 
[03:52:47.879] [175] [ Info] [log] letmeplay invoked admin command '/save' 
[03:52:47.887] [5] [ Info] [Eco] Сохранение мира...  
[03:53:59.888] [1] [ Info] [Eco] Сохранение...
 
[03:53:59.888] [1] [ Info] [Eco] Сохранение мира...  
[03:54:03.216] [1] [ Info] [Eco] Готово
 
[03:54:03.337] [1] [ Info] [Eco] Выключение завершено
 
