[09:41:43.885] [1] [ Info] [Eco] >>> START EcoServer, Version=1.0.0.0, Culture=neutral, PublicKeyToken=null 
[09:41:43.920] [1] [ Info] [Eco] Eco Server 0.8.3.2 beta
 
[09:41:44.320] [1] [ Info] [Eco] Server Initialization...  
[09:41:44.320] [1] [ Info] [Eco] Starting LocalizationPlugin...  
[09:41:44.847] [1] [ Info] [Eco] Запуск ПлагинНабораМодификаций...  
[09:41:44.849] [1] [ Info] [Eco] Загрузка модификаций...  
[09:41:45.275] [1] [ Info] [Eco] Компилирование модификаций...  
[09:41:47.671] [1] [ Info] [Eco] Загружаем 0Harmony...
 
[09:41:47.721] [1] [ Info] [Eco] Загружаем Asphalt-ModKit...
 
[09:41:47.923] [1] [ Info] [Eco] Загружаем Eco.IntegrationTests...
 
[09:41:47.995] [1] [ Info] [Eco] Загружаем em-base...
 
[09:41:48.019] [1] [ Info] [Eco] Загружаем NoPlayerCredits...
 
[09:41:48.039] [1] [ Info] [Eco] Загружаем em-greenenergy...
 
[09:41:48.066] [1] [ Info] [Eco] Загружаем em-realisticsmelting...
 
[09:41:48.089] [1] [ Info] [Eco] Загружаем em-shippingcontainers...
 
[09:41:48.110] [1] [ Info] [Eco] Загружаем em-tailingspack...
 
[09:41:48.110] [1] [ Info] [Eco] Загружаем em-arches...
 
[09:41:48.144] [1] [ Info] [Eco] Загружаем em-doors...
 
[09:41:48.177] [1] [ Info] [Eco] Загружаем em-dyes...
 
[09:41:48.231] [1] [ Info] [Eco] Загружаем em-homeobjects...
 
[09:41:48.264] [1] [ Info] [Eco] Загружаем em-transportation...
 
[09:41:48.298] [1] [ Info] [Eco] Загружаем em-windows...
 
[09:41:48.357] [1] [ Info] [Eco] Загружаем em-zymology...
 
[09:41:48.396] [1] [ Info] [Eco] Загружаем NidToolbox...
 
[09:41:48.479] [1] [ Info] [Eco] Загрузка модификаций завершена за 3 628,2мс
 
[09:41:48.479] [1] [ Info] [Eco] Запуск МенеджерСети...  
[09:41:48.489] [6] [ Info] [Eco] Инициализация типов симуляции...  
[09:41:48.596] [13] [ Info] [Eco] Запуск ПлагинГенератораМира...  
[09:41:48.596] [7] [ Info] [Eco] Запуск ПлагинРезервногоКопирования...  
[09:41:48.599] [12] [ Info] [Eco] Запуск ПлагинИгровойСтатистики...  
[09:41:48.599] [7] [ Info] [Eco] Запуск МенеджерХранилища...  
[09:41:50.554] [6] [ Info] [Eco] Инициализация предметов...  
[09:41:50.652] [6] [ Info] [NidToolbox] Config file:  Mods\NidToolbox\Config\Settings.json does not yet exists. Will create... 
[09:41:50.652] [6] [ Info] [NidToolbox] Config file:  Mods\NidToolbox\Config\CommandPermissions.json does not yet exists. Will create... 
[09:41:50.652] [6] [ Info] [NidToolbox] Config file:  Mods\NidToolbox\Config\TimerMessages.json does not yet exists. Will create... 
[09:41:50.652] [6] [ Info] [NidToolbox] Config file:  Mods\NidToolbox\Config\ScheduledMessages.json does not yet exists. Will create... 
[09:41:50.667] [6] [ Info] [NidToolbox] No UserHomes directory, skipping user homes config checks. 
[09:41:51.995] [7] [ Info] [Eco] Запуск Плагин паузы...  
[09:41:54.589] [6] [ Info] [Eco] Инициализация навыков...  
[09:41:54.701] [7] [ Info] [Eco] Запуск БДСтатистики...  
[09:41:54.701] [5] [ Info] [Eco] Запуск ПлагинМира...  
[09:41:54.762] [5] [ Info] [Eco] Инициализация мира...  
[09:41:54.762] [5] [ Info] [Eco] Запуск ПлагинВремени...  
[09:41:54.771] [5] [ Info] [Eco] Запуск ПлагинРепутации...  
[09:41:54.771] [5] [ Info] [Eco] Запуск МенеджерЖильяИгроков...  
[09:41:54.771] [5] [ Info] [Eco] Запуск МенеджерПользователей...  
[09:41:54.822] [5] [ Info] [Eco] Инициализация инвентарей...  
[09:41:54.873] [5] [ Info] [Eco] Запуск МенеджерОбъектовЭко...  
[09:41:54.873] [5] [ Info] [Eco] Запуск ПлагинМусора...  
[09:41:54.881] [13] [ Info] [Eco] Запуск МенеджерКонтроллера...  
[09:41:54.881] [6] [ Info] [Eco] Запуск ПлагинУгроз...  
[09:41:54.881] [9] [ Info] [Eco] Запуск СерверЧата...  
[09:41:54.881] [10] [ Info] [Eco] Запуск VoiceManager...  
[09:41:54.881] [11] [ Info] [Eco] Запуск НастройкиСложности...  
[09:41:54.881] [7] [ Info] [Eco] Запуск ПлагинЭкономики...  
[09:41:54.948] [7] [ Info] [Eco] Запуск Законодательство...  
[09:41:54.968] [7] [ Info] [Eco] Запуск МенеджерСобственности...  
[09:41:54.992] [7] [ Info] [Eco] Запуск МенеджерМиникарты...  
[09:41:54.992] [7] [ Info] [Eco] Запуск СимуляцияЭко...  
[09:41:55.150] [7] [ Info] [Eco] Инициализация растений...  
[09:41:55.210] [7] [ Info] [Eco] Запуск RouteProbingPlugin...  
[09:41:55.210] [7] [ Info] [Eco] Запуск МенеджерСлоёвМира...  
[09:41:55.246] [7] [ Info] [Eco] Запуск ТрекерЭкономики...  
[09:41:55.246] [7] [ Info] [Eco] Запуск UserTracker...  
[09:41:55.257] [7] [ Info] [Eco] Запуск МенеджерМировыхОбъектов...  
[09:41:55.365] [7] [ Info] [Eco] Запуск ПлагинКомнат...  
[09:41:55.365] [7] [ Info] [Eco] Запуск ПлагинЦелей...  
[09:41:55.401] [7] [ Info] [Eco] Запуск ПлагинСна...  
[09:41:55.886] [1] [ Info] [Eco] Запуск ПлагинВебСервера...  
[09:41:55.901] [1] [ Info] [Eco] Запуск OtherAliasCategory...  
[09:41:55.901] [12] [ Info] [Eco] Запуск ПлагинТестовИнтеграции...  
[09:41:55.901] [11] [ Info] [Eco] Запуск ChatBase...  
[09:41:55.901] [10] [ Info] [Eco] Запуск NoPlayerCreditsPlugin...  
[09:41:55.901] [5] [ Info] [Eco] Запуск Asphalt...  
[09:41:55.912] [7] [ Info] [Eco] Запуск NidToolboxPlugin...  
[09:41:55.929] [1] [ Info] [Eco] Инициализируем ПлагинПеревода...  
[09:41:55.929] [1] [ Info] [Eco] Инициализируем ПлагинНабораМодификаций...  
[09:41:56.325] [1] [ Info] [Eco] Инициализируем ПлагинГенератораМира...  
[09:41:56.359] [1] [ Info] [Eco] Генерация мира 2,96km²...  
[09:44:46.086] [1] [ Info] [Eco] Генерация рельефа...  
[09:48:42.153] [1] [ Info] [Eco] Кэширование данных мира...  
[09:49:05.620] [1] [ Info] [Eco] Размещение воды...  
[09:49:10.306] [1] [ Info] [Eco] Создание специальных функций...  
[09:49:10.440] [1] [ Info] [Eco] Выдавливание скал...  
[09:49:23.780] [1] [ Info] [Eco] Обработка (Проход 1)...  
[09:51:24.392] [118] [ Info] [Eco] Инициализация слоёв мира...  
[09:51:38.279] [118] [ Info] [Eco] Обработка слоёв мира...  
[09:53:46.858] [1] [ Info] [Eco] Обработка (Проход 2)...  
[09:53:52.449] [1] [ Info] [Eco] Вычисление статистики...  
[09:53:57.551] [1] [ Info] [Eco] Определение видимости...  
[09:54:01.012] [1] [ Info] [Eco] Сжатие...  
[09:54:35.609] [1] [ Info] [Eco] Сохранение мира...  
[09:54:42.285] [1] [ Info] [Eco] Генерация мира 2,96km² завершена за 765 923,6мс
 
[09:54:42.288] [1] [ Info] [Eco] Инициализируем МенеджерПользователей...  
[09:54:42.288] [1] [ Info] [Eco] Инициализируем ПлагинМусора...  
[09:54:42.306] [1] [ Info] [Eco] Инициализируем ПлагинЭкономики...  
[09:54:42.345] [1] [ Info] [Eco] Инициализируем Законодательство...  
[09:54:42.471] [1] [ Info] [Eco] Инициализируем МенеджерСобственности...  
[09:54:42.483] [1] [ Info] [Eco] Инициализируем МенеджерМиникарты...  
[09:54:44.246] [1] [ Info] [Eco] Инициализируем UserTracker...  
[09:54:44.246] [1] [ Info] [Eco] Инициализируем МенеджерМировыхОбъектов...  
[09:54:44.323] [1] [ Info] [Eco] Инициализируем ПлагинКомнат...  
[09:54:44.323] [1] [ Info] [Eco] Инициализируем ПлагинСна...  
[09:54:44.323] [1] [ Info] [Eco] Инициализируем NidToolboxPlugin...  
[09:54:44.346] [1] [ Info] [NidToolbox] Config file:  Mods\NidToolbox\Texts\Motd.txt does not exist. 
[09:54:44.349] [1] [ Info] [NidToolbox] Config file:  Mods\NidToolbox\Texts\Rules.txt does not exist. 
[09:54:44.349] [1] [ Info] [NidToolbox] Config file:  Mods\NidToolbox\Texts\ServerChangelog.txt does not exist. 
[09:54:44.442] [1] [ Info] [NidToolbox] Unable to find declared MOTD file, will create generic one. 
[09:54:44.467] [1] [ Info] [NidToolbox] Unable to find declared Rules file, will create generic one. 
[09:54:44.474] [1] [ Info] [NidToolbox] Unable to find declared ServerChangelog file, will create generic one. 
[09:54:44.585] [1] [ Info] [Eco] Инициализируем NoPlayerCreditsPlugin...  
[09:54:44.585] [1] [ Info] [Eco] Инициализируем ПлагинМира...  
[09:54:44.585] [1] [ Info] [Eco] Обработка...  
[09:54:44.637] [1] [ Info] [Eco] Сжатие...  
[09:54:45.061] [1] [ Info] [Eco] Инициализируем МенеджерСети...  
[09:54:45.303] [1] [ Info] [Eco] Инициализируем МенеджерСлоёвМира...  
[09:54:45.303] [1] [ Info] [Eco] Инициализируем ПлагинВебСервера...  
[09:54:50.937] [1] [ Info] [Eco] Не удалось добавить разрешения на использование url (urlacl); веб-сервер недоступен.
 
[09:54:50.937] [1] [ Info] [Eco] Инициализируем ПлагинТестовИнтеграции...  
[09:54:51.014] [1] [ Info] [NidToolbox] OK - Mono not detected, not a Linux environment 
[09:54:51.014] [1] [ Info] [NidToolbox] All commands in config up to date. 
[09:54:51.101] [1] [ Info] [NidToolbox] Running NidToolbox version 1.8.7 
[09:54:51.189] [1] [ Info] [Eco] Server Initialization завершена за 786 866,5мс
 
[10:01:39.581] [190] [ Info] [log] Dark Avenger invoked admin command '/allskills' 
[10:39:52.717] [183] [ Info] [Eco] Failed to send packet: System.Net.Sockets.SocketException (0x80004005): Сделана попытка выполнить операцию на сокете для недоступного хоста
   в System.Net.Sockets.Socket.SendTo(Byte[] buffer, Int32 offset, Int32 size, SocketFlags socketFlags, EndPoint remoteEP)
   в Lidgren.Network.NetPeer.SendPacket(Int32 numBytes, IPEndPoint target, Int32 numMessages, Boolean& connectionReset) 
[10:39:52.717] [183] [ Info] [Eco] Failed to send packet: System.Net.Sockets.SocketException (0x80004005): Сделана попытка выполнить операцию на сокете для недоступного хоста
   в System.Net.Sockets.Socket.SendTo(Byte[] buffer, Int32 offset, Int32 size, SocketFlags socketFlags, EndPoint remoteEP)
   в Lidgren.Network.NetPeer.SendPacket(Int32 numBytes, IPEndPoint target, Int32 numMessages, Boolean& connectionReset) 
