[00:53:52.337] [1] [ Info] [Eco] >>> START EcoServer, Version=1.0.0.0, Culture=neutral, PublicKeyToken=null 
[00:53:52.372] [1] [ Info] [Eco] Eco Server 0.8.3.2 beta
 
[00:53:52.458] [1] [ Info] [Eco] Server Initialization...  
[00:53:52.458] [1] [ Info] [Eco] Starting LocalizationPlugin...  
[00:53:52.830] [1] [ Info] [Eco] Запуск ПлагинНабораМодификаций...  
[00:53:52.830] [1] [ Info] [Eco] Загрузка модификаций...  
[00:53:52.928] [1] [ Info] [Eco] Компилирование модификаций...  
[00:53:54.852] [1] [ Info] [Eco] Загружаем 0Harmony...
 
[00:53:54.852] [1] [ Info] [Eco] Загружаем Asphalt-ModKit...
 
[00:53:54.983] [1] [ Info] [Eco] Загружаем Eco.IntegrationTests...
 
[00:53:54.983] [1] [ Info] [Eco] Загружаем DiscordLinkUnified...
 
[00:53:55.061] [1] [ Info] [Eco] Загружаем EcoStory...
 
[00:53:55.061] [1] [ Info] [Eco] Загрузка модификаций завершена за 2 236,6мс
 
[00:53:55.061] [1] [ Info] [Eco] Запуск МенеджерСети...  
[00:53:55.076] [7] [ Info] [Eco] Инициализация типов симуляции...  
[00:53:55.144] [8] [ Info] [Eco] Запуск ПлагинГенератораМира...  
[00:53:55.144] [12] [ Info] [Eco] Запуск ПлагинИгровойСтатистики...  
[00:53:55.144] [13] [ Info] [Eco] Запуск ПлагинРезервногоКопирования...  
[00:53:55.155] [13] [ Info] [Eco] Запуск МенеджерХранилища...  
[00:53:56.548] [7] [ Info] [Eco] Инициализация предметов...  
[00:53:56.625] [7] [ Info] [NidToolbox] Config file:  Mods\NidToolbox\Config\Settings.json does not yet exists. Will create... 
[00:53:56.625] [7] [ Info] [NidToolbox] Config file:  Mods\NidToolbox\Config\CommandPermissions.json does not yet exists. Will create... 
[00:53:56.625] [7] [ Info] [NidToolbox] Config file:  Mods\NidToolbox\Config\TimerMessages.json does not yet exists. Will create... 
[00:53:56.625] [7] [ Info] [NidToolbox] Config file:  Mods\NidToolbox\Config\ScheduledMessages.json does not yet exists. Will create... 
[00:53:56.625] [7] [ Info] [NidToolbox] No UserHomes directory, skipping user homes config checks. 
[00:53:57.420] [13] [ Info] [Eco] Запуск Плагин паузы...  
[00:53:57.420] [13] [ Info] [Eco] Загружаем Pause...  
[00:53:59.363] [7] [ Info] [Eco] Инициализация навыков...  
[00:53:59.467] [7] [ Info] [Eco] Запуск БДСтатистики...  
[00:53:59.467] [5] [ Info] [Eco] Запуск ПлагинМира...  
[00:53:59.511] [5] [ Info] [Eco] Загружаем World...  
[00:54:03.234] [5] [ Info] [Eco] Инициализация мира...  
[00:54:04.937] [5] [ Info] [Eco] Запуск ПлагинВремени...  
[00:54:04.937] [5] [ Info] [Eco] Загружаем Time...  
[00:54:04.937] [5] [ Info] [Eco] Запуск ПлагинРепутации...  
[00:54:04.937] [5] [ Info] [Eco] Загружаем Reputation...  
[00:54:04.970] [5] [ Info] [Eco] Запуск МенеджерЖильяИгроков...  
[00:54:04.970] [5] [ Info] [Eco] Запуск МенеджерПользователей...  
[00:54:05.026] [5] [ Info] [Eco] Загружаем Users...  
[00:54:05.375] [5] [ Info] [Eco] Инициализация инвентарей...  
[00:54:05.416] [5] [ Info] [Eco] Запуск МенеджерОбъектовЭко...  
[00:54:05.421] [5] [ Info] [Eco] Загружаем Objects...  
[00:54:05.648] [13] [ Info] [Eco] Запуск ПлагинМусора...  
[00:54:05.648] [20] [ Info] [Eco] Запуск VoiceManager...  
[00:54:05.648] [15] [ Info] [Eco] Запуск НастройкиСложности...  
[00:54:05.648] [34] [ Info] [Eco] Запуск МенеджерКонтроллера...  
[00:54:05.648] [26] [ Info] [Eco] Запуск ПлагинЭкономики...  
[00:54:05.648] [6] [ Info] [Eco] Запуск ПлагинУгроз...  
[00:54:05.648] [14] [ Info] [Eco] Запуск СерверЧата...  
[00:54:05.648] [13] [ Info] [Eco] Загружаем Garbage...  
[00:54:05.658] [26] [ Info] [Eco] Загружаем Economy...  
[00:54:06.138] [26] [ Info] [Eco] Запуск Законодательство...  
[00:54:06.142] [6] [ Info] [Eco] Загружаем Disasters...  
[00:54:06.142] [14] [ Info] [Eco] Загружаем Chat...  
[00:54:10.420] [26] [ Info] [Eco] Загружаем Laws...  
[00:54:10.541] [26] [ Info] [Eco] Запуск МенеджерСобственности...  
[00:54:10.551] [26] [ Info] [Eco] Загружаем Property...  
[00:54:10.690] [26] [ Info] [Eco] Запуск МенеджерМиникарты...  
[00:54:10.690] [26] [ Info] [Eco] Запуск СимуляцияЭко...  
[00:54:10.762] [26] [ Info] [Eco] Загружаем Plants...  
[00:54:12.143] [26] [ Info] [Eco] Инициализация растений...  
[00:54:17.742] [26] [ Info] [Eco] Запуск RouteProbingPlugin...  
[00:54:17.742] [26] [ Info] [Eco] Загружаем RouteProbing...  
[00:54:20.062] [26] [ Info] [Eco] Запуск МенеджерСлоёвМира...  
[00:54:20.062] [26] [ Info] [Eco] Загружаем Layers...  
[00:54:20.760] [26] [ Info] [Eco] Инициализация слоёв мира...  
[00:54:20.771] [26] [ Info] [Eco] Загружаем ClimateSim...  
[00:54:23.610] [26] [ Info] [Eco] Запуск ТрекерЭкономики...  
[00:54:23.610] [26] [ Info] [Eco] Запуск UserTracker...  
[00:54:23.610] [26] [ Info] [Eco] Запуск МенеджерМировыхОбъектов...  
[00:54:23.730] [26] [ Info] [Eco] Загружаем WorldObjects...  
[00:54:24.741] [26] [ Info] [Eco] Запуск ПлагинКомнат...  
[00:54:24.741] [26] [ Info] [Eco] Загружаем Rooms...  
[00:54:24.761] [26] [ Info] [Eco] Запуск ПлагинЦелей...  
[00:54:24.766] [26] [ Info] [Eco] Загружаем Objectives...  
[00:54:24.784] [26] [ Info] [Eco] Запуск ПлагинСна...  
[00:54:24.784] [26] [ Info] [Eco] Загружаем Sleep...  
[00:54:24.784] [1] [ Info] [Eco] Запуск ПлагинВебСервера...  
[00:54:24.802] [1] [ Info] [Eco] Запуск OtherAliasCategory...  
[00:54:24.802] [10] [ Info] [Eco] Запуск Asphalt...  
[00:54:24.802] [6] [ Info] [Eco] Запуск NidToolboxPlugin...  
[00:54:24.802] [31] [ Info] [Eco] Запуск ПлагинТестовИнтеграции...  
[00:54:24.802] [24] [ Info] [Eco] Запуск DiscordLink...  
[00:54:24.921] [1] [ Info] [Eco] Инициализируем ПлагинПеревода...  
[00:54:24.921] [1] [ Info] [Eco] Инициализируем ПлагинНабораМодификаций...  
[00:54:25.621] [1] [ Info] [Eco] Инициализируем ПлагинГенератораМира...  
[00:54:25.623] [1] [ Info] [Eco] Инициализируем МенеджерПользователей...  
[00:54:25.723] [1] [ Info] [Eco] Инициализируем ПлагинМусора...  
[00:54:25.732] [1] [ Info] [Eco] Инициализируем ПлагинЭкономики...  
[00:54:25.837] [1] [ Info] [Eco] Инициализируем Законодательство...  
[00:54:41.916] [1] [ Info] [Eco] Инициализируем МенеджерСобственности...  
[00:54:41.965] [1] [ Info] [Eco] Инициализируем МенеджерМиникарты...  
[00:54:42.846] [1] [ Info] [Eco] Инициализируем UserTracker...  
[00:54:42.860] [1] [ Info] [Eco] Инициализируем МенеджерМировыхОбъектов...  
[00:54:48.113] [1] [ Info] [Eco] Инициализируем ПлагинКомнат...  
[00:54:50.544] [1] [ Info] [Eco] Инициализируем ПлагинСна...  
[00:54:50.546] [1] [ Info] [Eco] Инициализируем NidToolboxPlugin...  
[00:54:50.546] [1] [ Info] [NidToolbox] Config file:  Mods\NidToolbox\Texts\Motd.txt does not exist. 
[00:54:50.546] [1] [ Info] [NidToolbox] Config file:  Mods\NidToolbox\Texts\Rules.txt does not exist. 
[00:54:50.546] [1] [ Info] [NidToolbox] Config file:  Mods\NidToolbox\Texts\ServerChangelog.txt does not exist. 
[00:54:50.629] [1] [ Info] [NidToolbox] Unable to find declared MOTD file, will create generic one. 
[00:54:50.644] [1] [ Info] [NidToolbox] Unable to find declared Rules file, will create generic one. 
[00:54:50.644] [1] [ Info] [NidToolbox] Unable to find declared ServerChangelog file, will create generic one. 
[00:54:50.691] [1] [ Info] [Eco] Инициализируем DiscordLink...  
[00:54:50.729] [1] [ Info] [Eco] Инициализируем ПлагинМира...  
[00:54:50.733] [1] [ Info] [Eco] Обработка...  
[00:54:54.697] [144] [ Info] [Eco] DISCORDLINK: Connected to Discord.

 
[00:54:55.433] [145] [ Info] [Eco] DISCORDLINK: Connected and Ready
 
[00:54:55.551] [1] [ Info] [Eco] Сжатие...  
[00:54:59.534] [1] [ Info] [Eco] Инициализируем МенеджерСети...  
[00:54:59.770] [1] [ Info] [Eco] Инициализируем МенеджерСлоёвМира...  
[00:54:59.770] [1] [ Info] [Eco] Инициализируем ПлагинВебСервера...  
[00:55:00.598] [1] [ Info] [Eco] Инициализируем ПлагинТестовИнтеграции...  
[00:55:00.598] [1] [ Info] [NidToolbox] OK - Mono not detected, not a Linux environment 
[00:55:00.610] [1] [ Info] [NidToolbox] All commands in config up to date. 
[00:55:00.672] [1] [ Info] [NidToolbox] Running NidToolbox version 1.8.7 
[00:55:00.795] [1] [ Info] [Eco] Server Initialization завершена за 68 321,0мс
 
[01:02:14.225] [1] [ Info] [Eco] Сохранение...
 
[01:02:14.225] [1] [ Info] [Eco] Сохранение мира...  
