[22:28:37.278] [1] [ Info] [Eco] >>> START EcoServer, Version=1.0.0.0, Culture=neutral, PublicKeyToken=null 
[22:28:37.306] [1] [ Info] [Eco] Eco Server 0.8.3.3 beta
 
[22:28:37.377] [1] [ Info] [Eco] Server Initialization...  
[22:28:37.377] [1] [ Info] [Eco] Starting LocalizationPlugin...  
[22:28:37.770] [1] [ Info] [Eco] Запуск ПлагинНабораМодификаций...  
[22:28:37.770] [1] [ Info] [Eco] Загрузка модификаций...  
[22:28:38.054] [1] [ Info] [Eco] Компилирование модификаций...  
[22:28:39.519] [1] [ Info] [Eco] Загружаем 0Harmony...
 
[22:28:39.519] [1] [ Info] [Eco] Загружаем Asphalt-ModKit...
 
[22:28:39.653] [1] [ Info] [Eco] Загружаем Eco.IntegrationTests...
 
[22:28:39.653] [1] [ Info] [Eco] Загружаем em-base...
 
[22:28:39.653] [1] [ Info] [Eco] Загружаем NoPlayerCredits...
 
[22:28:39.653] [1] [ Info] [Eco] Загружаем DiscordLinkUnified...
 
[22:28:39.718] [1] [ Info] [Eco] Загрузка модификаций завершена за 1 944,1мс
 
[22:28:39.718] [1] [ Info] [Eco] Server Initialization завершена за 2 340,7мс
 
[22:28:39.718] [1] [ Info] [Eco] Failed to load server, Exception was Exception: ReflectionTypeLoadException
Message:Не удается загрузить один или более запрошенных типов. Обратитесь к свойству LoaderExceptions для получения дополнительных сведений.
Source:mscorlib

System.Reflection.ReflectionTypeLoadException: Не удается загрузить один или более запрошенных типов. Обратитесь к свойству LoaderExceptions для получения дополнительных сведений.
   at System.Reflection.RuntimeModule.GetTypes(RuntimeModule module)
   at System.Reflection.Assembly.GetTypes()
   at Eco.ModKit.ModKitPlugin.LoadModDlls()
   at Eco.ModKit.ModKitPlugin.LoadModsData(TaskCompletionSource`1 done)
   at Eco.ModKit.ModKitPlugin..ctor(TaskCompletionSource`1 done)
 
