[17:24:58.451] [1] [ Info] [Eco] >>> START EcoServer, Version=1.0.0.0, Culture=neutral, PublicKeyToken=null 
[17:24:58.497] [1] [ Info] [Eco] Eco Server 0.8.3.2 beta
 
[17:24:58.834] [1] [ Info] [Eco] Server Initialization...  
[17:24:58.834] [1] [ Info] [Eco] Starting LocalizationPlugin...  
[17:25:07.410] [1] [ Info] [Eco] Запуск ПлагинНабораМодификаций...  
[17:25:07.410] [1] [ Info] [Eco] Загрузка модификаций...  
[17:25:08.608] [1] [ Info] [Eco] Компилирование модификаций...  
[17:25:10.952] [1] [ Info] [Eco] Загружаем 0Harmony...
 
[17:25:10.952] [1] [ Info] [Eco] Загружаем Asphalt-ModKit...
 
[17:25:11.083] [1] [ Info] [Eco] Загружаем Eco.IntegrationTests...
 
[17:25:11.083] [1] [ Info] [Eco] Загружаем DiscordLinkUnified...
 
[17:25:11.151] [1] [ Info] [Eco] Загружаем EcoStory...
 
[17:25:11.159] [1] [ Info] [Eco] Загрузка модификаций завершена за 3 745,1мс
 
[17:25:11.159] [1] [ Info] [Eco] Запуск МенеджерСети...  
[17:25:11.159] [8] [ Info] [Eco] Инициализация типов симуляции...  
[17:25:11.231] [16] [ Info] [Eco] Запуск ПлагинГенератораМира...  
[17:25:11.231] [5] [ Info] [Eco] Запуск ПлагинИгровойСтатистики...  
[17:25:11.232] [10] [ Info] [Eco] Запуск ПлагинРезервногоКопирования...  
[17:25:11.232] [10] [ Info] [Eco] Запуск МенеджерХранилища...  
[17:25:12.588] [8] [ Info] [Eco] Инициализация предметов...  
[17:25:12.645] [8] [ Info] [NidToolbox] Checking Settings.json 
[17:25:12.657] [8] [ Info] [NidToolbox] Config file: Mods\NidToolbox\Config\Settings.json exists. 
[17:25:12.657] [8] [ Info] [NidToolbox] Json file: Mods\NidToolbox\Config\Settings.json readable and correct. 
[17:25:12.684] [8] [ Info] [NidToolbox] Checking CommandPermissions.json 
[17:25:12.684] [8] [ Info] [NidToolbox] Config file: Mods\NidToolbox\Config\CommandPermissions.json exists. 
[17:25:12.687] [8] [ Info] [NidToolbox] Json file: Mods\NidToolbox\Config\CommandPermissions.json readable and correct. 
[17:25:12.687] [8] [ Info] [NidToolbox] Checking TimerMessages.json 
[17:25:12.687] [8] [ Info] [NidToolbox] Config file: Mods\NidToolbox\Config\TimerMessages.json exists. 
[17:25:12.687] [8] [ Info] [NidToolbox] Json file: Mods\NidToolbox\Config\TimerMessages.json readable and correct. 
[17:25:12.687] [8] [ Info] [NidToolbox] Checking ScheduledMessages.json 
[17:25:12.687] [8] [ Info] [NidToolbox] Config file: Mods\NidToolbox\Config\ScheduledMessages.json exists. 
[17:25:12.687] [8] [ Info] [NidToolbox] Json file: Mods\NidToolbox\Config\ScheduledMessages.json readable and correct. 
[17:25:12.702] [8] [ Info] [NidToolbox] No UserHomes directory, skipping user homes config checks. 
[17:25:13.454] [10] [ Info] [Eco] Запуск Плагин паузы...  
[17:25:13.454] [10] [ Info] [Eco] Загружаем Pause...  
[17:25:15.227] [8] [ Info] [Eco] Инициализация навыков...  
[17:25:15.318] [9] [ Info] [Eco] Запуск БДСтатистики...  
[17:25:15.318] [6] [ Info] [Eco] Запуск ПлагинМира...  
[17:25:15.374] [6] [ Info] [Eco] Загружаем World...  
[17:25:18.961] [6] [ Info] [Eco] Инициализация мира...  
[17:25:20.356] [6] [ Info] [Eco] Запуск ПлагинВремени...  
[17:25:20.359] [6] [ Info] [Eco] Загружаем Time...  
[17:25:20.359] [6] [ Info] [Eco] Запуск ПлагинРепутации...  
[17:25:20.359] [6] [ Info] [Eco] Загружаем Reputation...  
[17:25:20.378] [6] [ Info] [Eco] Запуск МенеджерЖильяИгроков...  
[17:25:20.378] [6] [ Info] [Eco] Запуск МенеджерПользователей...  
[17:25:20.432] [6] [ Info] [Eco] Загружаем Users...  
[17:25:20.736] [6] [ Info] [Eco] Инициализация инвентарей...  
[17:25:20.778] [6] [ Info] [Eco] Запуск МенеджерОбъектовЭко...  
[17:25:20.783] [6] [ Info] [Eco] Загружаем Objects...  
[17:25:21.028] [6] [ Info] [Eco] Запуск ПлагинМусора...  
[17:25:21.028] [10] [ Info] [Eco] Запуск МенеджерКонтроллера...  
[17:25:21.030] [29] [ Info] [Eco] Запуск ПлагинЭкономики...  
[17:25:21.030] [30] [ Info] [Eco] Запуск ПлагинУгроз...  
[17:25:21.030] [6] [ Info] [Eco] Загружаем Garbage...  
[17:25:21.030] [23] [ Info] [Eco] Запуск СерверЧата...  
[17:25:21.030] [13] [ Info] [Eco] Запуск VoiceManager...  
[17:25:21.030] [11] [ Info] [Eco] Запуск НастройкиСложности...  
[17:25:21.030] [29] [ Info] [Eco] Загружаем Economy...  
[17:25:21.551] [29] [ Info] [Eco] Запуск Законодательство...  
[17:25:21.551] [30] [ Info] [Eco] Загружаем Disasters...  
[17:25:21.551] [23] [ Info] [Eco] Загружаем Chat...  
[17:25:25.481] [29] [ Info] [Eco] Загружаем Laws...  
[17:25:25.609] [29] [ Info] [Eco] Запуск МенеджерСобственности...  
[17:25:25.609] [29] [ Info] [Eco] Загружаем Property...  
[17:25:25.748] [29] [ Info] [Eco] Запуск МенеджерМиникарты...  
[17:25:25.752] [29] [ Info] [Eco] Запуск СимуляцияЭко...  
[17:25:25.815] [29] [ Info] [Eco] Загружаем Plants...  
[17:25:27.351] [29] [ Info] [Eco] Инициализация растений...  
[17:25:33.398] [29] [ Info] [Eco] Запуск RouteProbingPlugin...  
[17:25:33.398] [29] [ Info] [Eco] Загружаем RouteProbing...  
[17:25:35.896] [29] [ Info] [Eco] Запуск МенеджерСлоёвМира...  
[17:25:35.906] [29] [ Info] [Eco] Загружаем Layers...  
[17:25:36.585] [29] [ Info] [Eco] Инициализация слоёв мира...  
[17:25:36.585] [29] [ Info] [Eco] Загружаем ClimateSim...  
[17:25:39.997] [29] [ Info] [Eco] Запуск ТрекерЭкономики...  
[17:25:40.003] [29] [ Info] [Eco] Запуск UserTracker...  
[17:25:40.003] [29] [ Info] [Eco] Запуск МенеджерМировыхОбъектов...  
[17:25:40.089] [29] [ Info] [Eco] Загружаем WorldObjects...  
[17:25:40.956] [29] [ Info] [Eco] Запуск ПлагинКомнат...  
[17:25:40.956] [29] [ Info] [Eco] Загружаем Rooms...  
[17:25:40.972] [29] [ Info] [Eco] Запуск ПлагинЦелей...  
[17:25:40.972] [29] [ Info] [Eco] Загружаем Objectives...  
[17:25:40.993] [29] [ Info] [Eco] Запуск ПлагинСна...  
[17:25:40.993] [29] [ Info] [Eco] Загружаем Sleep...  
[17:25:41.000] [1] [ Info] [Eco] Запуск ПлагинВебСервера...  
[17:25:41.000] [1] [ Info] [Eco] Запуск OtherAliasCategory...  
[17:25:41.000] [23] [ Info] [Eco] Запуск Asphalt...  
[17:25:41.000] [5] [ Info] [Eco] Запуск NidToolboxPlugin...  
[17:25:41.000] [16] [ Info] [Eco] Запуск DiscordLink...  
[17:25:41.000] [7] [ Info] [Eco] Запуск ПлагинТестовИнтеграции...  
[17:25:41.126] [1] [ Info] [Eco] Инициализируем ПлагинПеревода...  
[17:25:41.126] [1] [ Info] [Eco] Инициализируем ПлагинНабораМодификаций...  
[17:25:41.335] [1] [ Info] [Eco] Инициализируем ПлагинГенератораМира...  
[17:25:41.335] [1] [ Info] [Eco] Инициализируем МенеджерПользователей...  
[17:25:41.427] [1] [ Info] [Eco] Инициализируем ПлагинМусора...  
[17:25:41.436] [1] [ Info] [Eco] Инициализируем ПлагинЭкономики...  
[17:25:41.557] [1] [ Info] [Eco] Инициализируем Законодательство...  
[17:25:58.592] [1] [ Info] [Eco] Инициализируем МенеджерСобственности...  
[17:25:58.635] [1] [ Info] [Eco] Инициализируем МенеджерМиникарты...  
[17:25:59.589] [1] [ Info] [Eco] Инициализируем UserTracker...  
[17:25:59.601] [1] [ Info] [Eco] Инициализируем МенеджерМировыхОбъектов...  
[17:26:05.610] [1] [ Info] [Eco] Инициализируем ПлагинКомнат...  
[17:26:07.906] [1] [ Info] [Eco] Инициализируем ПлагинСна...  
[17:26:07.906] [1] [ Info] [Eco] Инициализируем NidToolboxPlugin...  
[17:26:07.906] [1] [ Info] [NidToolbox] Checking declared file: Mods\NidToolbox\Texts\Motd.txt 
[17:26:07.906] [1] [ Info] [NidToolbox] Config file:  Mods\NidToolbox\Texts\Motd.txt exists. 
[17:26:07.906] [1] [ Info] [NidToolbox] Config file:  Mods\NidToolbox\Texts\Motd.txt readable. 
[17:26:07.906] [1] [ Info] [NidToolbox] Checking declared file: Mods\NidToolbox\Texts\Rules.txt 
[17:26:07.906] [1] [ Info] [NidToolbox] Config file:  Mods\NidToolbox\Texts\Rules.txt exists. 
[17:26:07.906] [1] [ Info] [NidToolbox] Config file:  Mods\NidToolbox\Texts\Rules.txt readable. 
[17:26:07.906] [1] [ Info] [NidToolbox] Checking declared file: Mods\NidToolbox\Texts\ServerChangelog.txt 
[17:26:07.920] [1] [ Info] [NidToolbox] Config file:  Mods\NidToolbox\Texts\ServerChangelog.txt exists. 
[17:26:07.920] [1] [ Info] [NidToolbox] Config file:  Mods\NidToolbox\Texts\ServerChangelog.txt readable. 
[17:26:08.034] [1] [ Info] [Eco] Инициализируем DiscordLink...  
[17:26:08.070] [1] [ Info] [Eco] Инициализируем ПлагинМира...  
[17:26:08.070] [1] [ Info] [Eco] Обработка...  
[17:26:12.710] [139] [ Info] [Eco] DISCORDLINK: Connected to Discord.

 
[17:26:13.099] [1] [ Info] [Eco] Сжатие...  
[17:26:13.906] [139] [ Info] [Eco] DISCORDLINK: Connected and Ready
 
[17:26:17.405] [1] [ Info] [Eco] Инициализируем МенеджерСети...  
[17:26:17.660] [1] [ Info] [Eco] Инициализируем МенеджерСлоёвМира...  
[17:26:17.660] [1] [ Info] [Eco] Инициализируем ПлагинВебСервера...  
[17:26:18.518] [1] [ Info] [Eco] Инициализируем ПлагинТестовИнтеграции...  
[17:26:18.535] [1] [ Info] [NidToolbox] OK - Mono not detected, not a Linux environment 
[17:26:18.535] [1] [ Info] [NidToolbox] All commands in config up to date. 
[17:26:18.599] [1] [ Info] [NidToolbox] Running NidToolbox version 1.8.7 
[17:26:18.658] [1] [ Info] [Eco] Server Initialization завершена за 79 814,9мс
 
[17:50:26.867] [25] [ Info] [Eco] Удалена резервная копия - C:\SteamServers\steamapps\common\Eco Server\Storage\Backup\Game-2020-02-02-17.38.18
 
[18:02:22.311] [35] [ Info] [Eco] Удалена резервная копия - C:\SteamServers\steamapps\common\Eco Server\Storage\Backup\Game-2020-02-02-17.50.18
 
[18:26:26.656] [16] [ Info] [Eco] Удалена резервная копия - C:\SteamServers\steamapps\common\Eco Server\Storage\Backup\Game-2020-02-02-18.14.18
 
[18:34:53.046] [25] [ Info] [Eco] Пользователь с неверными данными пытался соединится: Spirit
 
[18:38:27.660] [16] [ Info] [Eco] Удалена резервная копия - C:\SteamServers\steamapps\common\Eco Server\Storage\Backup\Game-2020-02-02-18.26.18
 
[18:50:21.600] [11] [ Info] [Eco] Удалена резервная копия - C:\SteamServers\steamapps\common\Eco Server\Storage\Backup\Game-2020-02-02-18.38.18
 
[19:02:21.944] [15] [ Info] [Eco] Удалена резервная копия - C:\SteamServers\steamapps\common\Eco Server\Storage\Backup\Game-2020-02-02-18.50.18
 
[19:26:26.117] [25] [ Info] [Eco] Удалена резервная копия - C:\SteamServers\steamapps\common\Eco Server\Storage\Backup\Game-2020-02-02-19.14.18
 
[19:38:26.744] [11] [ Info] [Eco] Удалена резервная копия - C:\SteamServers\steamapps\common\Eco Server\Storage\Backup\Game-2020-02-02-19.26.18
 
[19:50:22.506] [136] [ Info] [Eco] Удалена резервная копия - C:\SteamServers\steamapps\common\Eco Server\Storage\Backup\Game-2020-02-02-19.38.18
 
[19:51:21.578] [16] [ Info] [Eco] Пользователь с неверными данными пытался соединится: BiloK
 
[20:02:22.615] [8] [ Info] [Eco] Удалена резервная копия - C:\SteamServers\steamapps\common\Eco Server\Storage\Backup\Game-2020-02-02-19.50.18
 
[20:26:26.989] [24] [ Info] [Eco] Удалена резервная копия - C:\SteamServers\steamapps\common\Eco Server\Storage\Backup\Game-2020-02-02-20.14.18
 
[20:27:55.942] [33] [ Info] [Eco] AmeriQ участвует в голосовании за закон Закон: Избирательный Налог (Версия 2), голосуя: да
 
[20:28:42.838] [32] [ Info] [Eco] AmeriQ участвует в голосовании за закон Закон: Подъемная выплата для новых игроков, голосуя: да
 
[20:34:07.521] [18] [ Info] [Eco] dr_kadaff участвует в голосовании за закон Закон: Избирательный Налог (Версия 2), голосуя: да
 
[20:38:23.878] [24] [ Info] [Eco] Удалена резервная копия - C:\SteamServers\steamapps\common\Eco Server\Storage\Backup\Game-2020-02-02-20.26.18
 
[20:50:25.155] [35] [ Info] [Eco] Удалена резервная копия - C:\SteamServers\steamapps\common\Eco Server\Storage\Backup\Game-2020-02-02-20.38.18
 
[21:02:26.522] [8] [ Info] [Eco] Удалена резервная копия - C:\SteamServers\steamapps\common\Eco Server\Storage\Backup\Game-2020-02-02-20.50.18
 
[21:16:30.352] [34] [ Info] [Eco] Пользователь с неверными данными пытался соединится: Goldberg
 
[21:26:22.739] [34] [ Info] [Eco] Удалена резервная копия - C:\SteamServers\steamapps\common\Eco Server\Storage\Backup\Game-2020-02-02-21.14.18
 
[21:38:27.286] [11] [ Info] [Eco] Удалена резервная копия - C:\SteamServers\steamapps\common\Eco Server\Storage\Backup\Game-2020-02-02-21.26.18
 
[21:50:24.880] [34] [ Info] [Eco] Удалена резервная копия - C:\SteamServers\steamapps\common\Eco Server\Storage\Backup\Game-2020-02-02-21.38.18
 
[22:02:25.596] [28] [ Info] [Eco] Удалена резервная копия - C:\SteamServers\steamapps\common\Eco Server\Storage\Backup\Game-2020-02-02-21.50.18
 
[22:16:44.996] [192] [ Info] [Eco] Vladislav участвует в голосовании за закон Закон: Подъемная выплата для новых игроков, голосуя: нет
 
[22:26:27.016] [22] [ Info] [Eco] Удалена резервная копия - C:\SteamServers\steamapps\common\Eco Server\Storage\Backup\Game-2020-02-02-22.14.18
 
[22:38:25.348] [25] [ Info] [Eco] Удалена резервная копия - C:\SteamServers\steamapps\common\Eco Server\Storage\Backup\Game-2020-02-02-22.26.18
 
[22:50:28.008] [28] [ Info] [Eco] Удалена резервная копия - C:\SteamServers\steamapps\common\Eco Server\Storage\Backup\Game-2020-02-02-22.38.18
 
[23:02:24.118] [9] [ Info] [Eco] Удалена резервная копия - C:\SteamServers\steamapps\common\Eco Server\Storage\Backup\Game-2020-02-02-22.50.18
 
[23:26:25.158] [25] [ Info] [Eco] Удалена резервная копия - C:\SteamServers\steamapps\common\Eco Server\Storage\Backup\Game-2020-02-02-23.14.18
 
[23:26:39.119] [181] [ Info] [Eco] Кондитер участвует в голосовании за закон Закон: Избирательный Налог (Версия 2), голосуя: да
 
[23:26:47.338] [16] [ Info] [Eco] Кондитер участвует в голосовании за закон Закон: Подъемная выплата для новых игроков, голосуя: да
 
[23:27:25.210] [198] [ Info] [Eco] letmeplay участвует в голосовании за закон Закон: Подъемная выплата для новых игроков, голосуя: нет
 
[23:38:30.801] [139] [ Info] [Eco] Удалена резервная копия - C:\SteamServers\steamapps\common\Eco Server\Storage\Backup\Game-2020-02-02-23.26.18
 
[23:50:22.046] [8] [ Info] [Eco] Удалена резервная копия - C:\SteamServers\steamapps\common\Eco Server\Storage\Backup\Game-2020-02-02-23.38.18
 
[00:00:39.949] [13] [ Info] [log] letmeplay invoked admin command '/save' 
[00:00:39.959] [137] [ Info] [Eco] Сохранение мира...  
[00:01:25.772] [1] [ Info] [Eco] Сохранение...
 
[00:01:25.772] [1] [ Info] [Eco] Сохранение мира...  
[00:01:43.058] [1] [ Info] [Eco] Готово
 
[00:01:43.102] [1] [ Info] [Eco] Выключение завершено
 
