[22:36:13.901] [1] [ Info] [Eco] >>> START EcoServer, Version=1.0.0.0, Culture=neutral, PublicKeyToken=null 
[22:36:13.929] [1] [ Info] [Eco] Eco Server 0.8.3.3 beta
 
[22:36:14.001] [1] [ Info] [Eco] Server Initialization...  
[22:36:14.001] [1] [ Info] [Eco] Starting LocalizationPlugin...  
[22:36:14.389] [1] [ Info] [Eco] Запуск ПлагинНабораМодификаций...  
[22:36:14.389] [1] [ Info] [Eco] Загрузка модификаций...  
[22:36:14.661] [1] [ Info] [Eco] Компилирование модификаций...  
[22:36:16.155] [1] [ Info] [Eco] Загружаем 0Harmony...
 
[22:36:16.155] [1] [ Info] [Eco] Загружаем Asphalt-ModKit...
 
[22:36:16.283] [1] [ Info] [Eco] Загружаем DiscordLinkUnified...
 
[22:36:16.350] [1] [ Info] [Eco] Загружаем Eco.IntegrationTests...
 
[22:36:16.350] [1] [ Info] [Eco] Загружаем em-base...
 
[22:36:16.350] [1] [ Info] [Eco] Загружаем NoPlayerCredits...
 
[22:36:16.350] [1] [ Info] [Eco] Загружаем em-greenenergy...
 
[22:36:16.356] [1] [ Info] [Eco] Загружаем em-realisticsmelting...
 
[22:36:16.356] [1] [ Info] [Eco] Загружаем em-shippingcontainers...
 
[22:36:16.356] [1] [ Info] [Eco] Загружаем em-tailingspack...
 
[22:36:16.356] [1] [ Info] [Eco] Загружаем em-arches...
 
[22:36:16.356] [1] [ Info] [Eco] Загружаем em-doors...
 
[22:36:16.356] [1] [ Info] [Eco] Загружаем em-dyes...
 
[22:36:16.356] [1] [ Info] [Eco] Загружаем em-homeobjects...
 
[22:36:16.356] [1] [ Info] [Eco] Загружаем em-transportation...
 
[22:36:16.374] [1] [ Info] [Eco] Загружаем em-windows...
 
[22:36:16.374] [1] [ Info] [Eco] Загружаем em-zymology...
 
[22:36:16.387] [1] [ Info] [Eco] Загружаем NidToolbox...
 
[22:36:16.387] [1] [ Info] [Eco] Загрузка модификаций завершена за 2 002,9мс
 
[22:36:16.387] [1] [ Info] [Eco] Запуск МенеджерСети...  
[22:36:16.387] [7] [ Info] [Eco] Инициализация типов симуляции...  
[22:36:16.462] [6] [ Info] [Eco] Запуск ПлагинГенератораМира...  
[22:36:16.462] [5] [ Info] [Eco] Запуск ПлагинРезервногоКопирования...  
[22:36:16.462] [13] [ Info] [Eco] Запуск ПлагинИгровойСтатистики...  
[22:36:16.473] [5] [ Info] [Eco] Запуск МенеджерХранилища...  
[22:36:17.982] [7] [ Info] [Eco] Инициализация предметов...  
[22:36:18.055] [7] [ Info] [NidToolbox] Checking Settings.json 
[22:36:18.055] [7] [ Info] [NidToolbox] Config file: Mods\NidToolbox\Config\Settings.json exists. 
[22:36:18.061] [7] [ Info] [NidToolbox] Json file: Mods\NidToolbox\Config\Settings.json readable and correct. 
[22:36:18.061] [7] [ Info] [NidToolbox] Checking CommandPermissions.json 
[22:36:18.061] [7] [ Info] [NidToolbox] Config file: Mods\NidToolbox\Config\CommandPermissions.json exists. 
[22:36:18.061] [7] [ Info] [NidToolbox] Json file: Mods\NidToolbox\Config\CommandPermissions.json readable and correct. 
[22:36:18.061] [7] [ Info] [NidToolbox] Checking TimerMessages.json 
[22:36:18.061] [7] [ Info] [NidToolbox] Config file: Mods\NidToolbox\Config\TimerMessages.json exists. 
[22:36:18.061] [7] [ Info] [NidToolbox] Json file: Mods\NidToolbox\Config\TimerMessages.json readable and correct. 
[22:36:18.061] [7] [ Info] [NidToolbox] Checking ScheduledMessages.json 
[22:36:18.082] [7] [ Info] [NidToolbox] Config file: Mods\NidToolbox\Config\ScheduledMessages.json exists. 
[22:36:18.082] [7] [ Info] [NidToolbox] Json file: Mods\NidToolbox\Config\ScheduledMessages.json readable and correct. 
[22:36:18.082] [7] [ Info] [NidToolbox] No UserHomes directory, skipping user homes config checks. 
[22:36:19.065] [5] [ Info] [Eco] Запуск Плагин паузы...  
[22:36:19.065] [5] [ Info] [Eco] Загружаем Pause...  
[22:36:21.242] [7] [ Info] [Eco] Инициализация навыков...  
[22:36:21.340] [5] [ Info] [Eco] Запуск БДСтатистики...  
[22:36:21.343] [6] [ Info] [Eco] Запуск ПлагинМира...  
[22:36:21.388] [6] [ Info] [Eco] Загружаем World...  
[22:36:24.671] [6] [ Info] [Eco] Инициализация мира...  
[22:36:25.466] [6] [ Info] [Eco] Запуск ПлагинВремени...  
[22:36:25.466] [6] [ Info] [Eco] Загружаем Time...  
[22:36:25.466] [6] [ Info] [Eco] Запуск ПлагинРепутации...  
[22:36:25.466] [6] [ Info] [Eco] Загружаем Reputation...  
[22:36:25.466] [6] [ Info] [Eco] Запуск МенеджерЖильяИгроков...  
[22:36:25.482] [6] [ Info] [Eco] Запуск МенеджерПользователей...  
[22:36:25.526] [6] [ Info] [Eco] Загружаем Users...  
[22:36:25.653] [6] [ Info] [Eco] Инициализация инвентарей...  
[22:36:25.696] [6] [ Info] [Eco] Запуск МенеджерОбъектовЭко...  
[22:36:25.700] [6] [ Info] [Eco] Запуск ПлагинМусора...  
[22:36:25.700] [5] [ Info] [Eco] Запуск МенеджерКонтроллера...  
[22:36:25.700] [6] [ Info] [Eco] Загружаем Garbage...  
[22:36:25.700] [29] [ Info] [Eco] Запуск НастройкиСложности...  
[22:36:25.700] [33] [ Info] [Eco] Запуск ПлагинУгроз...  
[22:36:25.700] [22] [ Info] [Eco] Запуск ПлагинЭкономики...  
[22:36:25.700] [18] [ Info] [Eco] Запуск VoiceManager...  
[22:36:25.700] [22] [ Info] [Eco] Загружаем Economy...  
[22:36:25.700] [27] [ Info] [Eco] Запуск СерверЧата...  
[22:36:25.869] [33] [ Info] [Eco] Загружаем Disasters...  
[22:36:25.877] [22] [ Info] [Eco] Запуск Законодательство...  
[22:36:25.877] [27] [ Info] [Eco] Загружаем Chat...  
[22:36:25.887] [22] [ Info] [Eco] Загружаем Laws...  
[22:36:25.942] [22] [ Info] [Eco] Запуск МенеджерСобственности...  
[22:36:25.942] [22] [ Info] [Eco] Загружаем Property...  
[22:36:25.983] [22] [ Info] [Eco] Запуск МенеджерМиникарты...  
[22:36:25.983] [22] [ Info] [Eco] Запуск СимуляцияЭко...  
[22:36:26.047] [22] [ Info] [Eco] Загружаем Plants...  
[22:36:27.843] [22] [ Info] [Eco] Инициализация растений...  
[22:36:33.913] [22] [ Info] [Eco] Запуск RouteProbingPlugin...  
[22:36:33.913] [22] [ Info] [Eco] Загружаем RouteProbing...  
[22:36:37.432] [22] [ Info] [Eco] Запуск МенеджерСлоёвМира...  
[22:36:37.432] [22] [ Info] [Eco] Загружаем Layers...  
[22:36:38.102] [22] [ Info] [Eco] Инициализация слоёв мира...  
[22:36:38.108] [22] [ Info] [Eco] Загружаем ClimateSim...  
[22:36:41.012] [22] [ Info] [Eco] Запуск ТрекерЭкономики...  
[22:36:41.012] [22] [ Info] [Eco] Запуск UserTracker...  
[22:36:41.012] [22] [ Info] [Eco] Запуск МенеджерМировыхОбъектов...  
[22:36:41.110] [22] [ Info] [Eco] Загружаем WorldObjects...  
[22:36:41.110] [22] [ Info] [Eco] Запуск ПлагинКомнат...  
[22:36:41.110] [22] [ Info] [Eco] Загружаем Rooms...  
[22:36:41.132] [22] [ Info] [Eco] Запуск ПлагинЦелей...  
[22:36:41.132] [22] [ Info] [Eco] Загружаем Objectives...  
[22:36:41.147] [22] [ Info] [Eco] Запуск ПлагинСна...  
[22:36:41.147] [22] [ Info] [Eco] Загружаем Sleep...  
[22:36:41.153] [1] [ Info] [Eco] Запуск ПлагинВебСервера...  
[22:36:41.153] [1] [ Info] [Eco] Запуск OtherAliasCategory...  
[22:36:41.153] [18] [ Info] [Eco] Запуск Asphalt...  
[22:36:41.153] [26] [ Info] [Eco] Запуск ПлагинТестовИнтеграции...  
[22:36:41.153] [10] [ Info] [Eco] Запуск NidToolboxPlugin...  
[22:36:41.153] [17] [ Info] [Eco] Запуск ChatBase...  
[22:36:41.153] [29] [ Info] [Eco] Запуск NoPlayerCreditsPlugin...  
[22:36:41.153] [13] [ Info] [Eco] Запуск DiscordLink...  
[22:36:41.263] [1] [ Info] [Eco] Инициализируем ПлагинПеревода...  
[22:36:41.263] [1] [ Info] [Eco] Инициализируем ПлагинНабораМодификаций...  
[22:36:41.545] [1] [ Info] [Eco] Инициализируем ПлагинГенератораМира...  
[22:36:41.545] [1] [ Info] [Eco] Инициализируем МенеджерПользователей...  
[22:36:41.587] [1] [ Info] [Eco] Инициализируем ПлагинМусора...  
[22:36:41.595] [1] [ Info] [Eco] Инициализируем ПлагинЭкономики...  
[22:36:41.607] [1] [ Info] [Eco] Инициализируем Законодательство...  
[22:36:42.089] [1] [ Info] [Eco] Инициализируем МенеджерСобственности...  
[22:36:42.103] [1] [ Info] [Eco] Инициализируем МенеджерМиникарты...  
[22:36:43.045] [1] [ Info] [Eco] Инициализируем UserTracker...  
[22:36:43.045] [1] [ Info] [Eco] Инициализируем МенеджерМировыхОбъектов...  
[22:36:43.128] [1] [ Info] [Eco] Инициализируем ПлагинКомнат...  
[22:36:43.128] [1] [ Info] [Eco] Инициализируем ПлагинСна...  
[22:36:43.128] [1] [ Info] [Eco] Инициализируем NidToolboxPlugin...  
[22:36:43.128] [1] [ Info] [NidToolbox] Checking declared file: Mods\NidToolbox\Texts\Motd.txt 
[22:36:43.138] [1] [ Info] [NidToolbox] Config file:  Mods\NidToolbox\Texts\Motd.txt exists. 
[22:36:43.138] [1] [ Info] [NidToolbox] Config file:  Mods\NidToolbox\Texts\Motd.txt readable. 
[22:36:43.138] [1] [ Info] [NidToolbox] Checking declared file: Mods\NidToolbox\Texts\Rules.txt 
[22:36:43.138] [1] [ Info] [NidToolbox] Config file:  Mods\NidToolbox\Texts\Rules.txt exists. 
[22:36:43.138] [1] [ Info] [NidToolbox] Config file:  Mods\NidToolbox\Texts\Rules.txt readable. 
[22:36:43.138] [1] [ Info] [NidToolbox] Checking declared file: Mods\NidToolbox\Texts\ServerChangelog.txt 
[22:36:43.138] [1] [ Info] [NidToolbox] Config file:  Mods\NidToolbox\Texts\ServerChangelog.txt exists. 
[22:36:43.138] [1] [ Info] [NidToolbox] Config file:  Mods\NidToolbox\Texts\ServerChangelog.txt readable. 
[22:36:43.230] [1] [ Info] [Eco] Инициализируем NoPlayerCreditsPlugin...  
[22:36:43.230] [1] [ Info] [Eco] Инициализируем DiscordLink...  
[22:36:43.271] [1] [ Info] [Eco] Инициализируем ПлагинМира...  
[22:36:43.271] [1] [ Info] [Eco] Обработка...  
[22:36:45.916] [140] [ Info] [Eco] DISCORDLINK: Connected to Discord.

 
[22:36:46.032] [1] [ Info] [Eco] Сжатие...  
[22:36:47.136] [139] [ Info] [Eco] DISCORDLINK: Connected and Ready
 
[22:36:49.624] [1] [ Info] [Eco] Инициализируем МенеджерСети...  
[22:36:49.852] [1] [ Info] [Eco] Инициализируем МенеджерСлоёвМира...  
[22:36:49.852] [1] [ Info] [Eco] Инициализируем ПлагинВебСервера...  
[22:36:50.565] [1] [ Info] [Eco] Инициализируем ПлагинТестовИнтеграции...  
[22:36:50.577] [1] [ Info] [NidToolbox] OK - Mono not detected, not a Linux environment 
[22:36:50.577] [1] [ Info] [NidToolbox] All commands in config up to date. 
[22:36:50.632] [1] [ Info] [NidToolbox] Running NidToolbox version 1.8.7 
[22:36:50.663] [1] [ Info] [Eco] Server Initialization завершена за 36 661,7мс
 
[22:40:53.912] [138] [ Info] [log] letmeplay invoked admin command '/fly' 
