[20:15:51.344] [1] [ Info] [Eco] >>> START EcoServer, Version=1.0.0.0, Culture=neutral, PublicKeyToken=null 
[20:15:51.372] [1] [ Info] [Eco] Eco Server 0.8.3.3 beta
 
[20:15:51.446] [1] [ Info] [Eco] Server Initialization...  
[20:15:51.446] [1] [ Info] [Eco] Starting LocalizationPlugin...  
[20:15:51.842] [1] [ Info] [Eco] Запуск ПлагинНабораМодификаций...  
[20:15:51.844] [1] [ Info] [Eco] Загрузка модификаций...  
[20:15:52.137] [1] [ Info] [Eco] Компилирование модификаций...  
[20:15:53.658] [1] [ Info] [Eco] Загружаем 0Harmony...
 
[20:15:53.658] [1] [ Info] [Eco] Загружаем Asphalt-ModKit...
 
[20:15:53.788] [1] [ Info] [Eco] Загружаем DiscordLink_blue...
 
[20:15:53.834] [1] [ Info] [Eco] Загружаем Eco.IntegrationTests...
 
[20:15:53.834] [1] [ Info] [Eco] Загружаем em-base...
 
[20:15:53.844] [1] [ Info] [Eco] Загружаем NoPlayerCredits...
 
[20:15:53.844] [1] [ Info] [Eco] Загружаем em-greenenergy...
 
[20:15:53.844] [1] [ Info] [Eco] Загружаем em-shippingcontainers...
 
[20:15:53.844] [1] [ Info] [Eco] Загружаем em-tailingspack...
 
[20:15:53.844] [1] [ Info] [Eco] Загружаем realisticsmelting...
 
[20:15:53.844] [1] [ Info] [Eco] Загружаем em-arches...
 
[20:15:53.862] [1] [ Info] [Eco] Загружаем em-doors...
 
[20:15:53.862] [1] [ Info] [Eco] Загружаем em-dyes...
 
[20:15:53.862] [1] [ Info] [Eco] Загружаем em-homeobjects...
 
[20:15:53.875] [1] [ Info] [Eco] Загружаем em-transportation...
 
[20:15:53.875] [1] [ Info] [Eco] Загружаем em-windows...
 
[20:15:53.895] [1] [ Info] [Eco] Загружаем em-zymology...
 
[20:15:53.895] [1] [ Info] [Eco] Загружаем HPStorage...
 
[20:15:53.895] [1] [ Info] [Eco] Загружаем NidToolbox...
 
[20:15:53.907] [1] [ Info] [Eco] Загрузка модификаций завершена за 2 062,6мс
 
[20:15:53.907] [1] [ Info] [Eco] Запуск МенеджерСети...  
[20:15:53.907] [5] [ Info] [Eco] Инициализация типов симуляции...  
[20:15:53.974] [10] [ Info] [Eco] Запуск ПлагинГенератораМира...  
[20:15:53.974] [11] [ Info] [Eco] Запуск ПлагинРезервногоКопирования...  
[20:15:53.974] [16] [ Info] [Eco] Запуск ПлагинИгровойСтатистики...  
[20:15:53.986] [11] [ Info] [Eco] Запуск МенеджерХранилища...  
[20:15:55.546] [5] [ Info] [Eco] Инициализация предметов...  
[20:15:55.625] [5] [ Info] [NidToolbox] Checking Settings.json 
[20:15:55.625] [5] [ Info] [NidToolbox] Config file: Mods\NidToolbox\Config\Settings.json exists. 
[20:15:55.643] [5] [ Info] [NidToolbox] Json file: Mods\NidToolbox\Config\Settings.json readable and correct. 
[20:15:55.643] [5] [ Info] [NidToolbox] Checking CommandPermissions.json 
[20:15:55.643] [5] [ Info] [NidToolbox] Config file: Mods\NidToolbox\Config\CommandPermissions.json exists. 
[20:15:55.643] [5] [ Info] [NidToolbox] Json file: Mods\NidToolbox\Config\CommandPermissions.json readable and correct. 
[20:15:55.643] [5] [ Info] [NidToolbox] Checking TimerMessages.json 
[20:15:55.655] [5] [ Info] [NidToolbox] Config file: Mods\NidToolbox\Config\TimerMessages.json exists. 
[20:15:55.655] [5] [ Info] [NidToolbox] Json file: Mods\NidToolbox\Config\TimerMessages.json readable and correct. 
[20:15:55.655] [5] [ Info] [NidToolbox] Checking ScheduledMessages.json 
[20:15:55.655] [5] [ Info] [NidToolbox] Config file: Mods\NidToolbox\Config\ScheduledMessages.json exists. 
[20:15:55.655] [5] [ Info] [NidToolbox] Json file: Mods\NidToolbox\Config\ScheduledMessages.json readable and correct. 
[20:15:55.655] [5] [ Info] [NidToolbox] No UserHomes directory, skipping user homes config checks. 
[20:15:56.719] [11] [ Info] [Eco] Запуск Плагин паузы...  
[20:15:56.719] [11] [ Info] [Eco] Загружаем Pause...  
[20:15:58.943] [5] [ Info] [Eco] Инициализация навыков...  
[20:15:59.046] [7] [ Info] [Eco] Запуск БДСтатистики...  
[20:15:59.046] [8] [ Info] [Eco] Запуск ПлагинМира...  
[20:15:59.111] [8] [ Info] [Eco] Загружаем World...  
[20:16:02.543] [8] [ Info] [Eco] Инициализация мира...  
[20:16:03.247] [8] [ Info] [Eco] Запуск ПлагинВремени...  
[20:16:03.247] [8] [ Info] [Eco] Загружаем Time...  
[20:16:03.251] [8] [ Info] [Eco] Запуск ПлагинРепутации...  
[20:16:03.251] [8] [ Info] [Eco] Загружаем Reputation...  
[20:16:03.251] [8] [ Info] [Eco] Запуск МенеджерЖильяИгроков...  
[20:16:03.251] [8] [ Info] [Eco] Запуск МенеджерПользователей...  
[20:16:03.301] [8] [ Info] [Eco] Загружаем Users...  
[20:16:03.444] [8] [ Info] [Eco] Инициализация инвентарей...  
[20:16:03.484] [8] [ Info] [Eco] Запуск МенеджерОбъектовЭко...  
[20:16:03.484] [8] [ Info] [Eco] Запуск МенеджерКонтроллера...  
[20:16:03.484] [18] [ Info] [Eco] Запуск VoiceManager...  
[20:16:03.484] [5] [ Info] [Eco] Запуск НастройкиСложности...  
[20:16:03.484] [11] [ Info] [Eco] Запуск ПлагинЭкономики...  
[20:16:03.484] [27] [ Info] [Eco] Запуск ПлагинМусора...  
[20:16:03.484] [11] [ Info] [Eco] Загружаем Economy...  
[20:16:03.484] [12] [ Info] [Eco] Запуск СерверЧата...  
[20:16:03.484] [29] [ Info] [Eco] Запуск ПлагинУгроз...  
[20:16:03.656] [27] [ Info] [Eco] Загружаем Garbage...  
[20:16:03.656] [11] [ Info] [Eco] Запуск Законодательство...  
[20:16:03.656] [29] [ Info] [Eco] Загружаем Disasters...  
[20:16:03.656] [12] [ Info] [Eco] Загружаем Chat...  
[20:16:03.716] [11] [ Info] [Eco] Загружаем Laws...  
[20:16:03.870] [11] [ Info] [Eco] Запуск МенеджерСобственности...  
[20:16:03.874] [11] [ Info] [Eco] Загружаем Property...  
[20:16:03.935] [11] [ Info] [Eco] Запуск МенеджерМиникарты...  
[20:16:03.939] [11] [ Info] [Eco] Запуск СимуляцияЭко...  
[20:16:04.005] [11] [ Info] [Eco] Загружаем Plants...  
[20:16:06.171] [11] [ Info] [Eco] Инициализация растений...  
[20:16:16.354] [11] [ Info] [Eco] Запуск RouteProbingPlugin...  
[20:16:16.354] [11] [ Info] [Eco] Загружаем RouteProbing...  
[20:16:19.375] [11] [ Info] [Eco] Запуск МенеджерСлоёвМира...  
[20:16:19.375] [11] [ Info] [Eco] Загружаем Layers...  
[20:16:20.007] [11] [ Info] [Eco] Инициализация слоёв мира...  
[20:16:20.007] [11] [ Info] [Eco] Загружаем ClimateSim...  
[20:16:23.430] [11] [ Info] [Eco] Запуск ТрекерЭкономики...  
[20:16:23.430] [11] [ Info] [Eco] Запуск UserTracker...  
[20:16:23.440] [11] [ Info] [Eco] Запуск МенеджерМировыхОбъектов...  
[20:16:23.538] [11] [ Info] [Eco] Загружаем WorldObjects...  
[20:16:23.643] [11] [ Info] [Eco] Запуск ПлагинКомнат...  
[20:16:23.643] [11] [ Info] [Eco] Загружаем Rooms...  
[20:16:23.656] [11] [ Info] [Eco] Запуск ПлагинЦелей...  
[20:16:23.656] [11] [ Info] [Eco] Загружаем Objectives...  
[20:16:23.656] [11] [ Info] [Eco] Запуск ПлагинСна...  
[20:16:23.656] [11] [ Info] [Eco] Загружаем Sleep...  
[20:16:23.674] [1] [ Info] [Eco] Запуск ПлагинВебСервера...  
[20:16:23.674] [1] [ Info] [Eco] Запуск OtherAliasCategory...  
[20:16:23.674] [5] [ Info] [Eco] Запуск Asphalt...  
[20:16:23.674] [6] [ Info] [Eco] Запуск NidToolboxPlugin...  
[20:16:23.674] [29] [ Info] [Eco] Запуск ChatBase...  
[20:16:23.674] [26] [ Info] [Eco] Запуск NoPlayerCreditsPlugin...  
[20:16:23.687] [28] [ Info] [Eco] Запуск ПлагинТестовИнтеграции...  
[20:16:23.687] [22] [ Info] [Eco] Запуск DiscordLink...  
[20:16:23.777] [1] [ Info] [Eco] Инициализируем ПлагинПеревода...  
[20:16:23.783] [1] [ Info] [Eco] Инициализируем ПлагинНабораМодификаций...  
[20:16:24.063] [1] [ Info] [Eco] Инициализируем ПлагинГенератораМира...  
[20:16:24.063] [1] [ Info] [Eco] Инициализируем МенеджерПользователей...  
[20:16:24.105] [1] [ Info] [Eco] Инициализируем ПлагинЭкономики...  
[20:16:24.123] [1] [ Info] [Eco] Инициализируем ПлагинМусора...  
[20:16:24.132] [1] [ Info] [Eco] Инициализируем Законодательство...  
[20:16:24.769] [1] [ Info] [Eco] Инициализируем МенеджерСобственности...  
[20:16:24.787] [1] [ Info] [Eco] Инициализируем МенеджерМиникарты...  
[20:16:25.705] [1] [ Info] [Eco] Инициализируем UserTracker...  
[20:16:25.705] [1] [ Info] [Eco] Инициализируем МенеджерМировыхОбъектов...  
[20:16:25.941] [1] [ Info] [Eco] Инициализируем ПлагинКомнат...  
[20:16:26.046] [1] [ Info] [Eco] Инициализируем ПлагинСна...  
[20:16:26.046] [1] [ Info] [Eco] Инициализируем NidToolboxPlugin...  
[20:16:26.046] [1] [ Info] [NidToolbox] Checking declared file: Mods\NidToolbox\Texts\Motd.txt 
[20:16:26.046] [1] [ Info] [NidToolbox] Config file:  Mods\NidToolbox\Texts\Motd.txt exists. 
[20:16:26.046] [1] [ Info] [NidToolbox] Config file:  Mods\NidToolbox\Texts\Motd.txt readable. 
[20:16:26.046] [1] [ Info] [NidToolbox] Checking declared file: Mods\NidToolbox\Texts\Rules.txt 
[20:16:26.046] [1] [ Info] [NidToolbox] Config file:  Mods\NidToolbox\Texts\Rules.txt exists. 
[20:16:26.046] [1] [ Info] [NidToolbox] Config file:  Mods\NidToolbox\Texts\Rules.txt readable. 
[20:16:26.046] [1] [ Info] [NidToolbox] Checking declared file: Mods\NidToolbox\Texts\ServerChangelog.txt 
[20:16:26.061] [1] [ Info] [NidToolbox] Config file:  Mods\NidToolbox\Texts\ServerChangelog.txt exists. 
[20:16:26.061] [1] [ Info] [NidToolbox] Config file:  Mods\NidToolbox\Texts\ServerChangelog.txt readable. 
[20:16:26.154] [1] [ Info] [Eco] Инициализируем NoPlayerCreditsPlugin...  
[20:16:26.155] [1] [ Info] [Eco] Инициализируем DiscordLink...  
[20:16:26.182] [1] [ Info] [Eco] Инициализируем ПлагинМира...  
[20:16:26.182] [1] [ Info] [Eco] Обработка...  
[20:16:29.057] [1] [ Info] [Eco] Сжатие...  
[20:16:32.787] [1] [ Info] [Eco] Инициализируем МенеджерСети...  
[20:16:32.823] [138] [ Info] [Eco] DISCORDLINK: Connected to Discord.

 
[20:16:33.025] [1] [ Info] [Eco] Инициализируем МенеджерСлоёвМира...  
[20:16:33.025] [1] [ Info] [Eco] Инициализируем ПлагинВебСервера...  
[20:16:33.555] [138] [ Info] [Eco] DISCORDLINK: Connected and Ready
 
[20:16:33.794] [1] [ Info] [Eco] Инициализируем ПлагинТестовИнтеграции...  
[20:16:33.803] [1] [ Info] [NidToolbox] OK - Mono not detected, not a Linux environment 
[20:16:33.803] [1] [ Info] [NidToolbox] All commands in config up to date. 
[20:16:33.885] [1] [ Info] [NidToolbox] Running NidToolbox version 1.8.7 
[20:16:33.905] [1] [ Info] [Eco] Server Initialization завершена за 42 457,2мс
 
[20:28:43.471] [172] [ Info] [log] AmeriQ invoked admin command '/eat' 
[20:46:34.409] [17] [ Info] [Eco] Удалена резервная копия - D:/EcoBackup/Storage\Backup\Game-2020-02-21-18.54.18
 
[20:46:34.428] [17] [ Info] [Eco] Удалена резервная копия - D:/EcoBackup/Storage\Backup\Game-2020-02-20-20.13.36
 
[20:58:42.583] [138] [ Info] [log] Dark Avenger invoked admin command '/givealltools' 
[20:58:45.430] [138] [ Info] [log] Dark Avenger invoked admin command '/givealltools 0' 
[20:59:15.609] [139] [ Info] [log] Larsa invoked admin command '/eat' 
[20:59:24.493] [139] [ Info] [log] Larsa invoked admin command '/give костёр' 
[21:04:55.276] [138] [ Info] [log] Dark Avenger invoked admin command '/give ore washer' 
[21:05:13.352] [172] [ Info] [log] AmeriQ invoked admin command '/fly' 
[21:05:33.950] [172] [ Info] [log] AmeriQ invoked admin command '/fly' 
[21:07:05.012] [138] [ Info] [log] Dark Avenger invoked admin command '/give стул' 
[21:07:33.858] [138] [ Info] [log] Dark Avenger invoked admin command '/give стул' 
[21:07:45.466] [138] [ Info] [log] Dark Avenger invoked admin command '/give стол' 
[21:08:22.690] [138] [ Info] [log] Dark Avenger invoked admin command '/give маленький стол' 
[21:10:18.246] [138] [ Info] [log] Dark Avenger invoked admin command '/give помидор' 
[21:10:24.356] [138] [ Info] [log] Dark Avenger invoked admin command '/eat' 
[21:12:09.326] [138] [ Info] [log] Dark Avenger invoked admin command '/fly' 
[21:16:34.376] [23] [ Info] [Eco] Удалена резервная копия - D:/EcoBackup/Storage\Backup\Game-2020-02-20-21.24.18
 
[21:17:19.131] [138] [ Info] [log] Dark Avenger invoked admin command '/give бургер из говядины' 
[21:17:23.796] [138] [ Info] [log] Dark Avenger invoked admin command '/give бургер' 
[21:17:31.847] [138] [ Info] [log] Dark Avenger invoked admin command '/give Говяжий бургер' 
[21:18:03.663] [138] [ Info] [log] Dark Avenger invoked admin command '/work' 
[21:18:18.197] [138] [ Info] [log] Dark Avenger invoked admin command '/vomit' 
[22:16:34.003] [26] [ Info] [Eco] Удалена резервная копия - D:/EcoBackup/Storage\Backup\Game-2020-02-20-22.24.18
 
[22:46:34.036] [11] [ Info] [Eco] Удалена резервная копия - D:/EcoBackup/Storage\Backup\Game-2020-02-21-21.46.33
 
[23:16:34.389] [9] [ Info] [Eco] Удалена резервная копия - D:/EcoBackup/Storage\Backup\Game-2020-02-20-23.24.18
 
[23:46:34.049] [16] [ Info] [Eco] Удалена резервная копия - D:/EcoBackup/Storage\Backup\Game-2020-02-21-22.46.33
 
[00:16:34.053] [17] [ Info] [Eco] Удалена резервная копия - D:/EcoBackup/Storage\Backup\Game-2020-02-19-00.18.38
 
[00:46:34.388] [26] [ Info] [Eco] Удалена резервная копия - D:/EcoBackup/Storage\Backup\Game-2020-02-21-23.46.33
 
[01:16:34.065] [11] [ Info] [Eco] Удалена резервная копия - D:/EcoBackup/Storage\Backup\Game-2020-02-21-01.24.18
 
[01:46:34.055] [16] [ Info] [Eco] Удалена резервная копия - D:/EcoBackup/Storage\Backup\Game-2020-02-22-00.46.33
 
[02:16:34.074] [34] [ Info] [Eco] Удалена резервная копия - D:/EcoBackup/Storage\Backup\Game-2020-02-21-02.24.18
 
[02:46:34.406] [8] [ Info] [Eco] Удалена резервная копия - D:/EcoBackup/Storage\Backup\Game-2020-02-22-01.46.33
 
[03:16:34.451] [9] [ Info] [Eco] Удалена резервная копия - D:/EcoBackup/Storage\Backup\Game-2020-02-21-03.24.18
 
[03:46:34.434] [8] [ Info] [Eco] Удалена резервная копия - D:/EcoBackup/Storage\Backup\Game-2020-02-22-02.46.33
 
[04:16:34.080] [17] [ Info] [Eco] Удалена резервная копия - D:/EcoBackup/Storage\Backup\Game-2020-02-21-04.24.18
 
[04:46:34.113] [26] [ Info] [Eco] Удалена резервная копия - D:/EcoBackup/Storage\Backup\Game-2020-02-22-03.46.33
 
[05:16:34.100] [8] [ Info] [Eco] Удалена резервная копия - D:/EcoBackup/Storage\Backup\Game-2020-02-21-05.24.18
 
[05:46:34.115] [34] [ Info] [Eco] Удалена резервная копия - D:/EcoBackup/Storage\Backup\Game-2020-02-22-04.46.33
 
[06:16:34.104] [15] [ Info] [Eco] Удалена резервная копия - D:/EcoBackup/Storage\Backup\Game-2020-02-21-06.24.18
 
[06:46:34.093] [8] [ Info] [Eco] Удалена резервная копия - D:/EcoBackup/Storage\Backup\Game-2020-02-22-05.46.33
 
[07:16:34.106] [9] [ Info] [Eco] Удалена резервная копия - D:/EcoBackup/Storage\Backup\Game-2020-02-21-07.24.18
 
[07:46:34.548] [8] [ Info] [Eco] Удалена резервная копия - D:/EcoBackup/Storage\Backup\Game-2020-02-22-06.46.33
 
[08:16:34.497] [7] [ Info] [Eco] Удалена резервная копия - D:/EcoBackup/Storage\Backup\Game-2020-02-21-08.24.18
 
[08:46:34.538] [34] [ Info] [Eco] Удалена резервная копия - D:/EcoBackup/Storage\Backup\Game-2020-02-22-07.46.34
 
[09:16:34.303] [16] [ Info] [Eco] Удалена резервная копия - D:/EcoBackup/Storage\Backup\Game-2020-02-21-09.24.18
 
[09:46:34.165] [11] [ Info] [Eco] Удалена резервная копия - D:/EcoBackup/Storage\Backup\Game-2020-02-22-08.46.34
 
[10:16:34.188] [8] [ Info] [Eco] Удалена резервная копия - D:/EcoBackup/Storage\Backup\Game-2020-02-21-10.24.18
 
[10:46:34.544] [15] [ Info] [Eco] Удалена резервная копия - D:/EcoBackup/Storage\Backup\Game-2020-02-22-09.46.34
 
[10:49:04.659] [1] [ Info] [Eco] Сохранение...
 
[10:49:04.659] [1] [ Info] [Eco] Сохранение мира...  
[10:49:08.775] [1] [ Info] [Eco] Готово
 
