[19:44:37.841] [1] [ Info] [Eco] >>> START EcoServer, Version=1.0.0.0, Culture=neutral, PublicKeyToken=null 
[19:44:37.871] [1] [ Info] [Eco] Eco Server 0.8.3.2 beta
 
[19:44:37.949] [1] [ Info] [Eco] Server Initialization...  
[19:44:37.951] [1] [ Info] [Eco] Starting LocalizationPlugin...  
[19:44:38.364] [1] [ Info] [Eco] Запуск ПлагинНабораМодификаций...  
[19:44:38.364] [1] [ Info] [Eco] Загрузка модификаций...  
[19:44:38.462] [1] [ Info] [Eco] Компилирование модификаций...  
[19:44:40.376] [1] [ Info] [Eco] Загружаем 0Harmony...
 
[19:44:40.376] [1] [ Info] [Eco] Загружаем Asphalt-ModKit...
 
[19:44:40.524] [1] [ Info] [Eco] Загружаем Eco.IntegrationTests...
 
[19:44:40.533] [1] [ Info] [Eco] Загружаем DiscordLinkUnified...
 
[19:44:40.604] [1] [ Info] [Eco] Загружаем EcoStory...
 
[19:44:40.612] [1] [ Info] [Eco] Загрузка модификаций завершена за 2 246,4мс
 
[19:44:40.612] [1] [ Info] [Eco] Запуск МенеджерСети...  
[19:44:40.612] [8] [ Info] [Eco] Инициализация типов симуляции...  
[19:44:40.689] [12] [ Info] [Eco] Запуск ПлагинГенератораМира...  
[19:44:40.689] [11] [ Info] [Eco] Запуск ПлагинРезервногоКопирования...  
[19:44:40.689] [9] [ Info] [Eco] Запуск ПлагинИгровойСтатистики...  
[19:44:40.689] [11] [ Info] [Eco] Запуск МенеджерХранилища...  
[19:44:42.050] [8] [ Info] [Eco] Инициализация предметов...  
[19:44:42.120] [8] [ Info] [NidToolbox] Checking Settings.json 
[19:44:42.120] [8] [ Info] [NidToolbox] Config file: Mods\NidToolbox\Config\Settings.json exists. 
[19:44:42.125] [8] [ Info] [NidToolbox] Json file: Mods\NidToolbox\Config\Settings.json readable and correct. 
[19:44:42.125] [8] [ Info] [NidToolbox] Checking CommandPermissions.json 
[19:44:42.125] [8] [ Info] [NidToolbox] Config file: Mods\NidToolbox\Config\CommandPermissions.json exists. 
[19:44:42.192] [8] [ Info] [NidToolbox] Json file: Mods\NidToolbox\Config\CommandPermissions.json readable and correct. 
[19:44:42.192] [8] [ Info] [NidToolbox] Checking TimerMessages.json 
[19:44:42.192] [8] [ Info] [NidToolbox] Config file: Mods\NidToolbox\Config\TimerMessages.json exists. 
[19:44:42.192] [8] [ Info] [NidToolbox] Json file: Mods\NidToolbox\Config\TimerMessages.json readable and correct. 
[19:44:42.201] [8] [ Info] [NidToolbox] Checking ScheduledMessages.json 
[19:44:42.201] [8] [ Info] [NidToolbox] Config file: Mods\NidToolbox\Config\ScheduledMessages.json exists. 
[19:44:42.201] [8] [ Info] [NidToolbox] Json file: Mods\NidToolbox\Config\ScheduledMessages.json readable and correct. 
[19:44:42.201] [8] [ Info] [NidToolbox] No UserHomes directory, skipping user homes config checks. 
[19:44:42.914] [11] [ Info] [Eco] Запуск Плагин паузы...  
[19:44:42.924] [11] [ Info] [Eco] Загружаем Pause...  
[19:44:44.656] [8] [ Info] [Eco] Инициализация навыков...  
[19:44:44.737] [11] [ Info] [Eco] Запуск БДСтатистики...  
[19:44:44.737] [15] [ Info] [Eco] Запуск ПлагинМира...  
[19:44:44.801] [15] [ Info] [Eco] Загружаем World...  
[19:44:48.757] [15] [ Info] [Eco] Инициализация мира...  
[19:44:50.092] [15] [ Info] [Eco] Запуск ПлагинВремени...  
[19:44:50.092] [15] [ Info] [Eco] Загружаем Time...  
[19:44:50.092] [15] [ Info] [Eco] Запуск ПлагинРепутации...  
[19:44:50.092] [15] [ Info] [Eco] Загружаем Reputation...  
[19:44:50.116] [15] [ Info] [Eco] Запуск МенеджерЖильяИгроков...  
[19:44:50.116] [15] [ Info] [Eco] Запуск МенеджерПользователей...  
[19:44:50.161] [15] [ Info] [Eco] Загружаем Users...  
[19:44:50.481] [15] [ Info] [Eco] Инициализация инвентарей...  
[19:44:50.524] [15] [ Info] [Eco] Запуск МенеджерОбъектовЭко...  
[19:44:50.524] [15] [ Info] [Eco] Загружаем Objects...  
[19:44:50.742] [23] [ Info] [Eco] Запуск ПлагинМусора...  
[19:44:50.742] [13] [ Info] [Eco] Запуск ПлагинУгроз...  
[19:44:50.742] [15] [ Info] [Eco] Запуск ПлагинЭкономики...  
[19:44:50.742] [28] [ Info] [Eco] Запуск НастройкиСложности...  
[19:44:50.742] [18] [ Info] [Eco] Запуск МенеджерКонтроллера...  
[19:44:50.742] [23] [ Info] [Eco] Загружаем Garbage...  
[19:44:50.742] [21] [ Info] [Eco] Запуск СерверЧата...  
[19:44:50.742] [32] [ Info] [Eco] Запуск VoiceManager...  
[19:44:50.753] [15] [ Info] [Eco] Загружаем Economy...  
[19:44:51.272] [15] [ Info] [Eco] Запуск Законодательство...  
[19:44:51.272] [13] [ Info] [Eco] Загружаем Disasters...  
[19:44:51.272] [21] [ Info] [Eco] Загружаем Chat...  
[19:44:55.775] [15] [ Info] [Eco] Загружаем Laws...  
[19:44:55.892] [15] [ Info] [Eco] Запуск МенеджерСобственности...  
[19:44:55.892] [15] [ Info] [Eco] Загружаем Property...  
[19:44:56.014] [15] [ Info] [Eco] Запуск МенеджерМиникарты...  
[19:44:56.014] [15] [ Info] [Eco] Запуск СимуляцияЭко...  
[19:44:56.097] [15] [ Info] [Eco] Загружаем Plants...  
[19:44:57.409] [15] [ Info] [Eco] Инициализация растений...  
[19:45:03.538] [15] [ Info] [Eco] Запуск RouteProbingPlugin...  
[19:45:03.547] [15] [ Info] [Eco] Загружаем RouteProbing...  
[19:45:05.797] [15] [ Info] [Eco] Запуск МенеджерСлоёвМира...  
[19:45:05.797] [15] [ Info] [Eco] Загружаем Layers...  
[19:45:06.452] [15] [ Info] [Eco] Инициализация слоёв мира...  
[19:45:06.470] [15] [ Info] [Eco] Загружаем ClimateSim...  
[19:45:08.983] [15] [ Info] [Eco] Запуск ТрекерЭкономики...  
[19:45:08.983] [15] [ Info] [Eco] Запуск UserTracker...  
[19:45:08.983] [15] [ Info] [Eco] Запуск МенеджерМировыхОбъектов...  
[19:45:09.091] [15] [ Info] [Eco] Загружаем WorldObjects...  
[19:45:09.877] [15] [ Info] [Eco] Запуск ПлагинКомнат...  
[19:45:09.877] [15] [ Info] [Eco] Загружаем Rooms...  
[19:45:09.894] [15] [ Info] [Eco] Запуск ПлагинЦелей...  
[19:45:09.894] [15] [ Info] [Eco] Загружаем Objectives...  
[19:45:09.913] [15] [ Info] [Eco] Запуск ПлагинСна...  
[19:45:09.913] [15] [ Info] [Eco] Загружаем Sleep...  
[19:45:09.924] [1] [ Info] [Eco] Запуск ПлагинВебСервера...  
[19:45:09.924] [1] [ Info] [Eco] Запуск OtherAliasCategory...  
[19:45:09.924] [5] [ Info] [Eco] Запуск NidToolboxPlugin...  
[19:45:09.924] [22] [ Info] [Eco] Запуск Asphalt...  
[19:45:09.924] [16] [ Info] [Eco] Запуск ПлагинТестовИнтеграции...  
[19:45:09.924] [31] [ Info] [Eco] Запуск DiscordLink...  
[19:45:10.038] [1] [ Info] [Eco] Инициализируем ПлагинПеревода...  
[19:45:10.038] [1] [ Info] [Eco] Инициализируем ПлагинНабораМодификаций...  
[19:45:10.250] [1] [ Info] [Eco] Инициализируем ПлагинГенератораМира...  
[19:45:10.250] [1] [ Info] [Eco] Инициализируем МенеджерПользователей...  
[19:45:10.348] [1] [ Info] [Eco] Инициализируем ПлагинМусора...  
[19:45:10.348] [1] [ Info] [Eco] Инициализируем ПлагинЭкономики...  
[19:45:10.459] [1] [ Info] [Eco] Инициализируем Законодательство...  
[19:45:25.652] [1] [ Info] [Eco] Инициализируем МенеджерСобственности...  
[19:45:25.678] [1] [ Info] [Eco] Инициализируем МенеджерМиникарты...  
[19:45:26.606] [1] [ Info] [Eco] Инициализируем UserTracker...  
[19:45:26.618] [1] [ Info] [Eco] Инициализируем МенеджерМировыхОбъектов...  
[19:45:32.573] [1] [ Info] [Eco] Инициализируем ПлагинКомнат...  
[19:45:34.754] [1] [ Info] [Eco] Инициализируем ПлагинСна...  
[19:45:34.754] [1] [ Info] [Eco] Инициализируем NidToolboxPlugin...  
[19:45:34.763] [1] [ Info] [NidToolbox] Checking declared file: Mods\NidToolbox\Texts\Motd.txt 
[19:45:34.763] [1] [ Info] [NidToolbox] Config file:  Mods\NidToolbox\Texts\Motd.txt exists. 
[19:45:34.763] [1] [ Info] [NidToolbox] Config file:  Mods\NidToolbox\Texts\Motd.txt readable. 
[19:45:34.763] [1] [ Info] [NidToolbox] Checking declared file: Mods\NidToolbox\Texts\Rules.txt 
[19:45:34.763] [1] [ Info] [NidToolbox] Config file:  Mods\NidToolbox\Texts\Rules.txt exists. 
[19:45:34.763] [1] [ Info] [NidToolbox] Config file:  Mods\NidToolbox\Texts\Rules.txt readable. 
[19:45:34.763] [1] [ Info] [NidToolbox] Checking declared file: Mods\NidToolbox\Texts\ServerChangelog.txt 
[19:45:34.763] [1] [ Info] [NidToolbox] Config file:  Mods\NidToolbox\Texts\ServerChangelog.txt exists. 
[19:45:34.763] [1] [ Info] [NidToolbox] Config file:  Mods\NidToolbox\Texts\ServerChangelog.txt readable. 
[19:45:34.877] [1] [ Info] [Eco] Инициализируем DiscordLink...  
[19:45:34.920] [1] [ Info] [Eco] Инициализируем ПлагинМира...  
[19:45:34.920] [1] [ Info] [Eco] Обработка...  
[19:45:41.738] [165] [ Info] [Eco] DISCORDLINK: Connected to Discord.

 
[19:45:42.518] [165] [ Info] [Eco] DISCORDLINK: Connected and Ready
 
[19:45:43.144] [1] [ Info] [Eco] Сжатие...  
[19:45:47.500] [1] [ Info] [Eco] Инициализируем МенеджерСети...  
[19:45:47.744] [1] [ Info] [Eco] Инициализируем МенеджерСлоёвМира...  
[19:45:47.744] [1] [ Info] [Eco] Инициализируем ПлагинВебСервера...  
[19:45:48.531] [1] [ Info] [Eco] Инициализируем ПлагинТестовИнтеграции...  
[19:45:48.531] [1] [ Info] [NidToolbox] OK - Mono not detected, not a Linux environment 
[19:45:48.548] [1] [ Info] [NidToolbox] All commands in config up to date. 
[19:45:48.606] [1] [ Info] [NidToolbox] Running NidToolbox version 1.8.7 
[19:45:48.686] [1] [ Info] [Eco] Server Initialization завершена за 70 734,8мс
 
[20:15:56.753] [5] [ Info] [Eco] Удалена резервная копия - D:/EcoBackup/Storage\Backup\Game-2020-02-03-20.05.37
 
[20:45:54.986] [8] [ Info] [Eco] Удалена резервная копия - D:/EcoBackup/Storage\Backup\Game-2020-02-04-19.35.37
 
[21:11:35.241] [194] [ Info] [log] letmeplay invoked admin command '/RECORD' 
[21:11:57.540] [194] [ Info] [log] letmeplay invoked admin command '/RECORD' 
[21:15:58.893] [151] [ Info] [Eco] Удалена резервная копия - D:/EcoBackup/Storage\Backup\Game-2020-02-03-21.05.37
 
[21:45:53.879] [5] [ Info] [Eco] Удалена резервная копия - D:/EcoBackup/Storage\Backup\Game-2020-02-04-20.45.48
 
[22:15:56.591] [5] [ Info] [Eco] Удалена резервная копия - D:/EcoBackup/Storage\Backup\Game-2020-02-03-22.05.37
 
[22:45:57.660] [151] [ Info] [Eco] Удалена резервная копия - D:/EcoBackup/Storage\Backup\Game-2020-02-04-21.45.48
 
[23:15:57.236] [5] [ Info] [Eco] Удалена резервная копия - D:/EcoBackup/Storage\Backup\Game-2020-02-03-23.05.37
 
[23:29:55.853] [195] [ Info] [log] letmeplay invoked admin command '/save' 
[23:29:55.866] [140] [ Info] [Eco] Сохранение мира...  
[23:31:15.478] [1] [ Info] [Eco] Сохранение...
 
[23:31:15.478] [1] [ Info] [Eco] Сохранение мира...  
