[03:54:06.127] [1] [ Info] [Eco] >>> START EcoServer, Version=1.0.0.0, Culture=neutral, PublicKeyToken=null 
[03:54:06.155] [1] [ Info] [Eco] Eco Server 0.8.3.3 beta
 
[03:54:06.231] [1] [ Info] [Eco] Server Initialization...  
[03:54:06.233] [1] [ Info] [Eco] Starting LocalizationPlugin...  
[03:54:06.627] [1] [ Info] [Eco] Запуск ПлагинНабораМодификаций...  
[03:54:06.627] [1] [ Info] [Eco] Загрузка модификаций...  
[03:54:06.906] [1] [ Info] [Eco] Компилирование модификаций...  
[03:54:08.425] [1] [ Info] [Eco] Загружаем 0Harmony...
 
[03:54:08.425] [1] [ Info] [Eco] Загружаем Asphalt-ModKit...
 
[03:54:08.561] [1] [ Info] [Eco] Загружаем DiscordLink_blue...
 
[03:54:08.606] [1] [ Info] [Eco] Загружаем Eco.IntegrationTests...
 
[03:54:08.606] [1] [ Info] [Eco] Загружаем em-base...
 
[03:54:08.606] [1] [ Info] [Eco] Загружаем NoPlayerCredits...
 
[03:54:08.606] [1] [ Info] [Eco] Загружаем em-greenenergy...
 
[03:54:08.606] [1] [ Info] [Eco] Загружаем em-realisticsmelting...
 
[03:54:08.606] [1] [ Info] [Eco] Загружаем em-shippingcontainers...
 
[03:54:08.606] [1] [ Info] [Eco] Загружаем em-tailingspack...
 
[03:54:08.606] [1] [ Info] [Eco] Загружаем em-arches...
 
[03:54:08.625] [1] [ Info] [Eco] Загружаем em-doors...
 
[03:54:08.625] [1] [ Info] [Eco] Загружаем em-dyes...
 
[03:54:08.625] [1] [ Info] [Eco] Загружаем em-homeobjects...
 
[03:54:08.625] [1] [ Info] [Eco] Загружаем em-transportation...
 
[03:54:08.637] [1] [ Info] [Eco] Загружаем em-windows...
 
[03:54:08.637] [1] [ Info] [Eco] Загружаем em-zymology...
 
[03:54:08.654] [1] [ Info] [Eco] Загружаем NidToolbox...
 
[03:54:08.654] [1] [ Info] [Eco] Загрузка модификаций завершена за 2 030,8мс
 
[03:54:08.654] [1] [ Info] [Eco] Запуск МенеджерСети...  
[03:54:08.654] [7] [ Info] [Eco] Инициализация типов симуляции...  
[03:54:08.728] [9] [ Info] [Eco] Запуск ПлагинГенератораМира...  
[03:54:08.728] [16] [ Info] [Eco] Запуск ПлагинИгровойСтатистики...  
[03:54:08.728] [8] [ Info] [Eco] Запуск ПлагинРезервногоКопирования...  
[03:54:08.741] [8] [ Info] [Eco] Запуск МенеджерХранилища...  
[03:54:10.372] [7] [ Info] [Eco] Инициализация предметов...  
[03:54:10.446] [7] [ Info] [NidToolbox] Checking Settings.json 
[03:54:10.446] [7] [ Info] [NidToolbox] Config file: Mods\NidToolbox\Config\Settings.json exists. 
[03:54:10.452] [7] [ Info] [NidToolbox] Json file: Mods\NidToolbox\Config\Settings.json readable and correct. 
[03:54:10.452] [7] [ Info] [NidToolbox] Checking CommandPermissions.json 
[03:54:10.452] [7] [ Info] [NidToolbox] Config file: Mods\NidToolbox\Config\CommandPermissions.json exists. 
[03:54:10.452] [7] [ Info] [NidToolbox] Json file: Mods\NidToolbox\Config\CommandPermissions.json readable and correct. 
[03:54:10.452] [7] [ Info] [NidToolbox] Checking TimerMessages.json 
[03:54:10.465] [7] [ Info] [NidToolbox] Config file: Mods\NidToolbox\Config\TimerMessages.json exists. 
[03:54:10.465] [7] [ Info] [NidToolbox] Json file: Mods\NidToolbox\Config\TimerMessages.json readable and correct. 
[03:54:10.465] [7] [ Info] [NidToolbox] Checking ScheduledMessages.json 
[03:54:10.465] [7] [ Info] [NidToolbox] Config file: Mods\NidToolbox\Config\ScheduledMessages.json exists. 
[03:54:10.465] [7] [ Info] [NidToolbox] Json file: Mods\NidToolbox\Config\ScheduledMessages.json readable and correct. 
[03:54:10.481] [7] [ Info] [NidToolbox] No UserHomes directory, skipping user homes config checks. 
[03:54:11.534] [8] [ Info] [Eco] Запуск Плагин паузы...  
[03:54:11.545] [8] [ Info] [Eco] Загружаем Pause...  
[03:54:13.787] [7] [ Info] [Eco] Инициализация навыков...  
[03:54:13.896] [8] [ Info] [Eco] Запуск БДСтатистики...  
[03:54:13.896] [14] [ Info] [Eco] Запуск ПлагинМира...  
[03:54:13.944] [14] [ Info] [Eco] Загружаем World...  
[03:54:17.232] [14] [ Info] [Eco] Инициализация мира...  
[03:54:18.183] [14] [ Info] [Eco] Запуск ПлагинВремени...  
[03:54:18.183] [14] [ Info] [Eco] Загружаем Time...  
[03:54:18.186] [14] [ Info] [Eco] Запуск ПлагинРепутации...  
[03:54:18.186] [14] [ Info] [Eco] Загружаем Reputation...  
[03:54:18.186] [14] [ Info] [Eco] Запуск МенеджерЖильяИгроков...  
[03:54:18.186] [14] [ Info] [Eco] Запуск МенеджерПользователей...  
[03:54:18.240] [14] [ Info] [Eco] Загружаем Users...  
[03:54:18.376] [14] [ Info] [Eco] Инициализация инвентарей...  
[03:54:18.416] [14] [ Info] [Eco] Запуск МенеджерОбъектовЭко...  
[03:54:18.421] [14] [ Info] [Eco] Запуск ПлагинМусора...  
[03:54:18.421] [12] [ Info] [Eco] Запуск МенеджерКонтроллера...  
[03:54:18.421] [13] [ Info] [Eco] Запуск СерверЧата...  
[03:54:18.421] [9] [ Info] [Eco] Запуск ПлагинЭкономики...  
[03:54:18.421] [15] [ Info] [Eco] Запуск НастройкиСложности...  
[03:54:18.421] [7] [ Info] [Eco] Запуск VoiceManager...  
[03:54:18.421] [37] [ Info] [Eco] Запуск ПлагинУгроз...  
[03:54:18.421] [14] [ Info] [Eco] Загружаем Garbage...  
[03:54:18.421] [9] [ Info] [Eco] Загружаем Economy...  
[03:54:18.586] [37] [ Info] [Eco] Загружаем Disasters...  
[03:54:18.609] [9] [ Info] [Eco] Запуск Законодательство...  
[03:54:18.609] [13] [ Info] [Eco] Загружаем Chat...  
[03:54:18.626] [9] [ Info] [Eco] Загружаем Laws...  
[03:54:18.698] [9] [ Info] [Eco] Запуск МенеджерСобственности...  
[03:54:18.700] [9] [ Info] [Eco] Загружаем Property...  
[03:54:18.771] [9] [ Info] [Eco] Запуск МенеджерМиникарты...  
[03:54:18.779] [9] [ Info] [Eco] Запуск СимуляцияЭко...  
[03:54:18.856] [9] [ Info] [Eco] Загружаем Plants...  
[03:54:20.845] [9] [ Info] [Eco] Инициализация растений...  
[03:54:27.517] [9] [ Info] [Eco] Запуск RouteProbingPlugin...  
[03:54:27.517] [9] [ Info] [Eco] Загружаем RouteProbing...  
[03:54:30.880] [9] [ Info] [Eco] Запуск МенеджерСлоёвМира...  
[03:54:30.880] [9] [ Info] [Eco] Загружаем Layers...  
[03:54:31.504] [9] [ Info] [Eco] Инициализация слоёв мира...  
[03:54:31.504] [9] [ Info] [Eco] Загружаем ClimateSim...  
[03:54:34.794] [9] [ Info] [Eco] Запуск ТрекерЭкономики...  
[03:54:34.794] [9] [ Info] [Eco] Запуск UserTracker...  
[03:54:34.794] [9] [ Info] [Eco] Запуск МенеджерМировыхОбъектов...  
[03:54:34.891] [9] [ Info] [Eco] Загружаем WorldObjects...  
[03:54:34.939] [9] [ Info] [Eco] Запуск ПлагинКомнат...  
[03:54:34.939] [9] [ Info] [Eco] Загружаем Rooms...  
[03:54:34.951] [9] [ Info] [Eco] Запуск ПлагинЦелей...  
[03:54:34.951] [9] [ Info] [Eco] Загружаем Objectives...  
[03:54:34.951] [9] [ Info] [Eco] Запуск ПлагинСна...  
[03:54:34.951] [9] [ Info] [Eco] Загружаем Sleep...  
[03:54:34.969] [1] [ Info] [Eco] Запуск ПлагинВебСервера...  
[03:54:34.969] [1] [ Info] [Eco] Запуск OtherAliasCategory...  
[03:54:34.969] [20] [ Info] [Eco] Запуск Asphalt...  
[03:54:34.982] [8] [ Info] [Eco] Запуск NidToolboxPlugin...  
[03:54:34.982] [19] [ Info] [Eco] Запуск ПлагинТестовИнтеграции...  
[03:54:34.982] [29] [ Info] [Eco] Запуск ChatBase...  
[03:54:34.982] [21] [ Info] [Eco] Запуск DiscordLink...  
[03:54:34.982] [22] [ Info] [Eco] Запуск NoPlayerCreditsPlugin...  
[03:54:35.069] [1] [ Info] [Eco] Инициализируем ПлагинПеревода...  
[03:54:35.069] [1] [ Info] [Eco] Инициализируем ПлагинНабораМодификаций...  
[03:54:35.354] [1] [ Info] [Eco] Инициализируем ПлагинГенератораМира...  
[03:54:35.357] [1] [ Info] [Eco] Инициализируем МенеджерПользователей...  
[03:54:35.396] [1] [ Info] [Eco] Инициализируем ПлагинМусора...  
[03:54:35.406] [1] [ Info] [Eco] Инициализируем ПлагинЭкономики...  
[03:54:35.418] [1] [ Info] [Eco] Инициализируем Законодательство...  
[03:54:35.919] [1] [ Info] [Eco] Инициализируем МенеджерСобственности...  
[03:54:35.919] [1] [ Info] [Eco] Инициализируем МенеджерМиникарты...  
[03:54:36.924] [1] [ Info] [Eco] Инициализируем UserTracker...  
[03:54:36.924] [1] [ Info] [Eco] Инициализируем МенеджерМировыхОбъектов...  
[03:54:37.069] [1] [ Info] [Eco] Инициализируем ПлагинКомнат...  
[03:54:37.128] [1] [ Info] [Eco] Инициализируем ПлагинСна...  
[03:54:37.128] [1] [ Info] [Eco] Инициализируем NidToolboxPlugin...  
[03:54:37.142] [1] [ Info] [NidToolbox] Checking declared file: Mods\NidToolbox\Texts\Motd.txt 
[03:54:37.142] [1] [ Info] [NidToolbox] Config file:  Mods\NidToolbox\Texts\Motd.txt exists. 
[03:54:37.142] [1] [ Info] [NidToolbox] Config file:  Mods\NidToolbox\Texts\Motd.txt readable. 
[03:54:37.142] [1] [ Info] [NidToolbox] Checking declared file: Mods\NidToolbox\Texts\Rules.txt 
[03:54:37.142] [1] [ Info] [NidToolbox] Config file:  Mods\NidToolbox\Texts\Rules.txt exists. 
[03:54:37.142] [1] [ Info] [NidToolbox] Config file:  Mods\NidToolbox\Texts\Rules.txt readable. 
[03:54:37.142] [1] [ Info] [NidToolbox] Checking declared file: Mods\NidToolbox\Texts\ServerChangelog.txt 
[03:54:37.142] [1] [ Info] [NidToolbox] Config file:  Mods\NidToolbox\Texts\ServerChangelog.txt exists. 
[03:54:37.142] [1] [ Info] [NidToolbox] Config file:  Mods\NidToolbox\Texts\ServerChangelog.txt readable. 
[03:54:37.247] [1] [ Info] [Eco] Инициализируем NoPlayerCreditsPlugin...  
[03:54:37.247] [1] [ Info] [Eco] Инициализируем DiscordLink...  
[03:54:37.278] [1] [ Info] [Eco] Инициализируем ПлагинМира...  
[03:54:37.278] [1] [ Info] [Eco] Обработка...  
[03:54:39.434] [1] [ Info] [Eco] Сжатие...  
[03:54:43.158] [1] [ Info] [Eco] Инициализируем МенеджерСети...  
[03:54:43.197] [139] [ Info] [Eco] DISCORDLINK: Connected to Discord.

 
[03:54:43.403] [1] [ Info] [Eco] Инициализируем МенеджерСлоёвМира...  
[03:54:43.403] [1] [ Info] [Eco] Инициализируем ПлагинВебСервера...  
[03:54:43.962] [139] [ Info] [Eco] DISCORDLINK: Connected and Ready
 
[03:54:44.188] [1] [ Info] [Eco] Инициализируем ПлагинТестовИнтеграции...  
[03:54:44.188] [1] [ Info] [NidToolbox] OK - Mono not detected, not a Linux environment 
[03:54:44.201] [1] [ Info] [NidToolbox] All commands in config up to date. 
[03:54:44.287] [1] [ Info] [NidToolbox] Running NidToolbox version 1.8.7 
[03:54:44.307] [1] [ Info] [Eco] Server Initialization завершена за 38 075,8мс
 
[03:56:12.740] [177] [ Info] [log] letmeplay invoked admin command '/rmcurrency letmeplay' 
[03:57:25.461] [177] [ Info] [log] letmeplay invoked admin command '/eat' 
[03:59:12.018] [180] [ Info] [log] Dark Avenger invoked admin command '/givealltools 0' 
[04:02:32.745] [177] [ Info] [log] letmeplay invoked admin command '/fly' 
[04:08:18.047] [177] [ Info] [log] letmeplay invoked admin command '/give деревянная табличка,4' 
[04:13:30.784] [141] [ Info] [log] AmeriQ invoked admin command '/fly' 
[04:13:56.315] [31] [ Info] [log] Dark Avenger invoked admin command '/FLY' 
[04:14:12.056] [141] [ Info] [log] AmeriQ invoked admin command '/give Small Hanging hewn log sign' 
[04:14:41.159] [141] [ Info] [log] AmeriQ invoked admin command '/give hammer' 
[04:15:26.984] [141] [ Info] [log] AmeriQ invoked admin command '/give Small Hanging hewn log sign, 3' 
[04:16:24.204] [141] [ Info] [log] AmeriQ invoked admin command '/dump' 
[04:19:04.057] [177] [ Info] [log] letmeplay invoked admin command '/give Small Hanging hewn log sign,4' 
[04:22:44.146] [177] [ Info] [log] letmeplay invoked admin command '/give стол' 
[04:22:52.748] [177] [ Info] [log] letmeplay invoked admin command '/give стул' 
[04:23:38.782] [177] [ Info] [log] letmeplay invoked admin command '/give стулБ' 
[04:23:42.466] [177] [ Info] [log] letmeplay invoked admin command '/give стул,2' 
[04:23:58.549] [177] [ Info] [log] letmeplay invoked admin command '/give Painting of clouds' 
[04:24:46.140] [15] [ Info] [Eco] Удалена резервная копия - D:/EcoBackup/Storage\Backup\Game-2020-02-15-02.58.20
 
[04:24:49.319] [177] [ Info] [log] letmeplay invoked admin command '/fly' 
[05:06:41.091] [177] [ Info] [log] letmeplay invoked admin command '/give Elegant door' 
[05:07:00.459] [177] [ Info] [log] letmeplay invoked admin command '/give Elegant door' 
[05:10:28.632] [177] [ Info] [log] letmeplay invoked admin command '/give лесница' 
[05:10:34.765] [177] [ Info] [log] letmeplay invoked admin command '/give лестница' 
[05:54:44.820] [10] [ Info] [Eco] Удалена резервная копия - D:/EcoBackup/Storage\Backup\Game-2020-02-15-04.54.44
 
[06:33:23.967] [177] [ Info] [log] letmeplay invoked admin command '/give железобетон' 
[06:33:30.125] [177] [ Info] [log] letmeplay invoked admin command '/give железобетон' 
[06:35:35.042] [177] [ Info] [log] letmeplay invoked admin command '/give Железобетон' 
[06:36:54.168] [177] [ Info] [log] letmeplay invoked admin command '/give железобетон' 
[06:38:31.221] [177] [ Info] [log] letmeplay invoked admin command '/give Железобетон,1' 
[06:38:35.523] [177] [ Info] [log] letmeplay invoked admin command '/give Железобетон' 
[06:38:46.923] [177] [ Info] [log] letmeplay invoked admin command '/give Железобетон' 
[06:39:06.220] [177] [ Info] [log] letmeplay invoked admin command '/give Железобетон' 
[06:54:46.362] [15] [ Info] [Eco] Удалена резервная копия - D:/EcoBackup/Storage\Backup\Game-2020-02-15-05.54.44
 
[06:54:53.615] [177] [ Info] [log] letmeplay invoked admin command '/record' 
[06:55:04.385] [177] [ Info] [log] letmeplay invoked admin command '/record' 
[06:55:26.916] [177] [ Info] [log] letmeplay invoked admin command '/record' 
[06:56:28.886] [177] [ Info] [log] letmeplay invoked admin command '/fly' 
[07:08:23.298] [177] [ Info] [log] letmeplay invoked admin command '/fly' 
[07:11:15.805] [177] [ Info] [log] letmeplay invoked admin command '/eat' 
[07:14:22.611] [177] [ Info] [log] letmeplay invoked admin command '/eat' 
[07:17:15.486] [177] [ Info] [log] letmeplay invoked admin command '/give склад' 
[07:18:55.223] [177] [ Info] [log] letmeplay invoked admin command '/eat' 
[07:27:13.691] [177] [ Info] [log] letmeplay invoked admin command '/eat' 
[07:44:32.426] [177] [ Info] [log] letmeplay invoked admin command '/eat' 
[07:44:41.026] [177] [ Info] [log] letmeplay invoked admin command '/fly' 
[07:47:50.754] [177] [ Info] [log] letmeplay invoked admin command '/give строительный камень' 
[07:54:46.423] [16] [ Info] [Eco] Удалена резервная копия - D:/EcoBackup/Storage\Backup\Game-2020-02-15-06.54.44
 
[07:59:29.559] [177] [ Info] [log] letmeplay invoked admin command '/give стол,2' 
[07:59:44.579] [177] [ Info] [log] letmeplay invoked admin command '/give стул,2' 
[07:59:50.409] [177] [ Info] [log] letmeplay invoked admin command '/give стул,2' 
[08:02:11.853] [177] [ Info] [log] letmeplay invoked admin command '/give дверь' 
[08:04:11.143] [177] [ Info] [log] letmeplay invoked admin command '/give касса' 
[08:04:26.743] [177] [ Info] [log] letmeplay invoked admin command '/give магазин' 
[08:05:54.925] [177] [ Info] [log] letmeplay invoked admin command '/fly' 
[08:06:43.613] [177] [ Info] [log] letmeplay invoked admin command '/fly' 
[08:08:16.149] [177] [ Info] [log] letmeplay invoked admin command '/give дверь' 
[08:54:44.474] [10] [ Info] [Eco] Удалена резервная копия - D:/EcoBackup/Storage\Backup\Game-2020-02-15-07.54.44
 
[09:54:44.866] [20] [ Info] [Eco] Удалена резервная копия - D:/EcoBackup/Storage\Backup\Game-2020-02-15-08.54.44
 
[10:41:01.965] [137] [ Info] [log] Dark Avenger invoked admin command '/fly' 
[10:54:44.735] [35] [ Info] [Eco] Удалена резервная копия - D:/EcoBackup/Storage\Backup\Game-2020-02-15-09.54.44
 
[11:54:44.499] [16] [ Info] [Eco] Удалена резервная копия - D:/EcoBackup/Storage\Backup\Game-2020-02-15-10.54.44
 
[12:54:44.761] [35] [ Info] [Eco] Удалена резервная копия - D:/EcoBackup/Storage\Backup\Game-2020-02-15-11.54.44
 
[13:54:44.746] [10] [ Info] [Eco] Удалена резервная копия - D:/EcoBackup/Storage\Backup\Game-2020-02-15-12.54.44
 
[14:54:44.522] [8] [ Info] [Eco] Удалена резервная копия - D:/EcoBackup/Storage\Backup\Game-2020-02-15-13.54.44
 
[15:54:44.536] [21] [ Info] [Eco] Удалена резервная копия - D:/EcoBackup/Storage\Backup\Game-2020-02-15-14.54.44
 
[16:03:46.032] [177] [ Info] [log] letmeplay invoked admin command '/give Квитанции землемера,20' 
[16:14:47.146] [36] [ Info] [log] Dark Avenger invoked admin command '/give wooden sliding window' 
[16:16:40.211] [36] [ Info] [log] Dark Avenger invoked admin command '/fly' 
[16:54:46.555] [9] [ Info] [Eco] Удалена резервная копия - D:/EcoBackup/Storage\Backup\Game-2020-02-15-15.54.44
 
[16:59:27.417] [177] [ Info] [log] letmeplay invoked admin command '/give стол,3' 
[16:59:52.601] [177] [ Info] [log] letmeplay invoked admin command '/give стул,3' 
[17:00:31.320] [177] [ Info] [log] letmeplay invoked admin command '/give стул,3' 
[17:03:34.958] [177] [ Info] [log] letmeplay invoked admin command '/eat' 
[17:11:36.850] [177] [ Info] [log] letmeplay invoked admin command '/give стул,3' 
[17:12:18.319] [177] [ Info] [log] letmeplay invoked admin command '/fly' 
[17:12:22.786] [177] [ Info] [log] letmeplay invoked admin command '/give стул,3' 
[17:12:36.387] [177] [ Info] [log] letmeplay invoked admin command '/give стул,3' 
[17:16:41.295] [177] [ Info] [log] letmeplay invoked admin command '/save' 
[17:16:41.295] [16] [ Info] [Eco] Сохранение мира...  
[17:27:09.065] [34] [ Info] [log] letmeplay invoked admin command '/give стул, 5' 
[17:27:17.497] [34] [ Info] [log] letmeplay invoked admin command '/give стул, 5' 
[17:27:46.489] [34] [ Info] [log] letmeplay invoked admin command '/fly' 
[17:29:37.248] [139] [ Info] [log] Dark Avenger invoked admin command '/fly' 
[17:37:29.301] [139] [ Info] [log] Dark Avenger invoked admin command '/fly' 
[17:40:10.047] [34] [ Info] [log] letmeplay invoked admin command '/give double lumber door,2' 
[17:40:55.750] [34] [ Info] [log] letmeplay invoked admin command '/give дверь из пиломатериалов,1' 
[17:42:12.465] [34] [ Info] [log] letmeplay invoked admin command '/give строительный камень' 
[17:46:53.429] [34] [ Info] [log] letmeplay invoked admin command '/eat' 
[17:48:28.837] [139] [ Info] [log] Dark Avenger invoked admin command '/fly' 
[17:49:04.702] [139] [ Info] [log] Dark Avenger invoked admin command '/fly' 
[17:49:10.903] [139] [ Info] [log] Dark Avenger invoked admin command '/fly' 
[17:49:36.382] [139] [ Info] [log] Dark Avenger invoked admin command '/fly' 
[17:49:39.803] [139] [ Info] [log] Dark Avenger invoked admin command '/fly' 
[17:50:28.086] [139] [ Info] [log] Dark Avenger invoked admin command '/fly' 
[17:54:44.987] [20] [ Info] [Eco] Удалена резервная копия - D:/EcoBackup/Storage\Backup\Game-2020-02-15-16.54.44
 
[18:09:19.527] [34] [ Info] [log] letmeplay invoked admin command '/eat' 
[18:22:31.673] [34] [ Info] [log] letmeplay invoked admin command '/give Wooden Slinding Window' 
[18:22:45.489] [34] [ Info] [log] letmeplay invoked admin command '/give Wooden Sliding Window' 
[18:38:34.251] [34] [ Info] [log] letmeplay invoked admin command '/save' 
[18:38:34.251] [30] [ Info] [Eco] Сохранение мира...  
[18:39:03.481] [34] [ Info] [log] letmeplay invoked admin command '/give склад' 
[18:41:46.814] [34] [ Info] [log] letmeplay invoked admin command '/give Wooden Sliding Window' 
[18:54:13.860] [34] [ Info] [log] letmeplay invoked admin command '/give Wooden Sliding Window' 
[18:54:46.584] [14] [ Info] [Eco] Удалена резервная копия - D:/EcoBackup/Storage\Backup\Game-2020-02-15-17.54.44
 
[18:55:55.952] [34] [ Info] [log] letmeplay invoked admin command '/eat' 
[19:12:48.625] [34] [ Info] [log] letmeplay invoked admin command '/eat' 
[19:16:24.481] [34] [ Info] [log] letmeplay invoked admin command '/give дверь из пиломатериалов,3' 
[19:54:45.752] [33] [ Info] [Eco] Удалена резервная копия - D:/EcoBackup/Storage\Backup\Game-2020-02-15-18.54.44
 
[20:17:17.227] [34] [ Info] [log] letmeplay invoked admin command '/eat' 
[20:54:47.874] [10] [ Info] [Eco] Удалена резервная копия - D:/EcoBackup/Storage\Backup\Game-2020-02-15-19.54.45
 
[21:02:47.835] [34] [ Info] [log] letmeplay invoked admin command '/give дверь из пиломатериалов,3' 
[21:03:28.779] [34] [ Info] [log] letmeplay invoked admin command '/give Wooden Sliding Window,3' 
[21:08:05.261] [34] [ Info] [log] letmeplay invoked admin command '/eat' 
[21:16:00.462] [34] [ Info] [log] letmeplay invoked admin command '/eat' 
[21:16:46.416] [34] [ Info] [log] letmeplay invoked admin command '/eat' 
[21:20:54.426] [34] [ Info] [log] letmeplay invoked admin command '/save' 
[21:20:54.426] [10] [ Info] [Eco] Сохранение мира...  
[21:23:52.116] [34] [ Info] [log] letmeplay invoked admin command '/fly' 
[21:23:58.731] [34] [ Info] [log] letmeplay invoked admin command '/setspawn' 
[21:27:07.250] [34] [ Info] [log] letmeplay invoked admin command '/admin Larsa' 
[21:27:37.651] [137] [ Info] [log] Larsa invoked admin command '/fly' 
[21:27:46.847] [34] [ Info] [log] letmeplay invoked admin command '/fly' 
[21:29:33.228] [137] [ Info] [log] Larsa invoked admin command '/fly' 
[21:31:28.071] [35] [ Info] [log] Dark Avenger invoked admin command '/rmcurrency Dollar' 
[21:31:34.105] [35] [ Info] [log] Dark Avenger invoked admin command '/fly' 
[21:31:39.702] [34] [ Info] [log] letmeplay invoked admin command '/save' 
[21:31:39.702] [9] [ Info] [Eco] Сохранение мира...  
[21:34:10.275] [137] [ Info] [log] Larsa invoked admin command '/fly' 
[21:35:26.094] [34] [ Info] [log] letmeplay invoked admin command '/save' 
[21:35:26.094] [14] [ Info] [Eco] Сохранение мира...  
[21:41:00.751] [17] [ Info] [log] Dark Avenger invoked admin command '/fly' 
[21:51:20.194] [17] [ Info] [log] Dark Avenger invoked admin command '/fly' 
[21:54:47.392] [8] [ Info] [Eco] Удалена резервная копия - D:/EcoBackup/Storage\Backup\Game-2020-02-15-20.54.45
 
[21:57:37.174] [34] [ Info] [log] letmeplay invoked admin command '/fly' 
[22:05:54.803] [34] [ Info] [log] letmeplay invoked admin command '/eat' 
[22:06:55.124] [34] [ Info] [log] letmeplay invoked admin command '/give стул, 2' 
[22:13:29.162] [34] [ Info] [log] letmeplay invoked admin command '/fly' 
[22:54:46.162] [15] [ Info] [Eco] Удалена резервная копия - D:/EcoBackup/Storage\Backup\Game-2020-02-15-21.54.45
 
[23:51:12.184] [25] [ Info] [log] Dark Avenger invoked admin command '/fly' 
[23:54:47.463] [10] [ Info] [Eco] Удалена резервная копия - D:/EcoBackup/Storage\Backup\Game-2020-02-15-22.54.45
 
[00:11:35.640] [25] [ Info] [log] Dark Avenger invoked admin command '/eat' 
[00:38:46.327] [34] [ Info] [log] letmeplay invoked admin command '/eat' 
[00:45:47.821] [34] [ Info] [log] letmeplay invoked admin command '/give склад' 
[00:54:46.275] [37] [ Info] [Eco] Удалена резервная копия - D:/EcoBackup/Storage\Backup\Game-2020-02-15-23.54.45
 
[01:24:45.807] [31] [ Info] [Eco] Удалена резервная копия - D:/EcoBackup/Storage\Backup\Game-2020-02-15-01.15.42
 
[01:54:45.810] [20] [ Info] [Eco] Удалена резервная копия - D:/EcoBackup/Storage\Backup\Game-2020-02-16-00.54.45
 
[01:57:09.789] [34] [ Info] [log] letmeplay invoked admin command '/eat' 
[02:00:57.346] [34] [ Info] [log] letmeplay invoked admin command '/eat' 
[02:10:51.247] [34] [ Info] [log] letmeplay invoked admin command '/save' 
[02:10:51.247] [21] [ Info] [Eco] Сохранение мира...  
[02:11:08.379] [1] [ Info] [Eco] Сохранение...
 
[02:11:08.379] [1] [ Info] [Eco] Сохранение мира...  
[02:11:12.168] [1] [ Info] [Eco] Готово
 
[02:11:12.321] [1] [ Info] [Eco] Выключение завершено
 
