[12:00:36.913] [1] [ Info] [Eco] >>> START EcoServer, Version=1.0.0.0, Culture=neutral, PublicKeyToken=null 
[12:00:36.964] [1] [ Info] [Eco] Eco Server 0.8.3.2 beta
 
[12:00:37.319] [1] [ Info] [Eco] Server Initialization...  
[12:00:37.319] [1] [ Info] [Eco] Starting LocalizationPlugin...  
[12:00:45.001] [1] [ Info] [Eco] Запуск ПлагинНабораМодификаций...  
[12:00:45.001] [1] [ Info] [Eco] Загрузка модификаций...  
[12:00:46.057] [1] [ Info] [Eco] Компилирование модификаций...  
[12:00:49.540] [1] [ Info] [Eco] Загружаем 0Harmony...
 
[12:00:49.540] [1] [ Info] [Eco] Загружаем Asphalt-ModKit...
 
[12:00:49.668] [1] [ Info] [Eco] Загружаем Eco.IntegrationTests...
 
[12:00:49.671] [1] [ Info] [Eco] Загружаем DiscordLinkUnified...
 
[12:00:49.728] [1] [ Info] [Eco] Загрузка модификаций завершена за 4 721,9мс
 
[12:00:49.728] [1] [ Info] [Eco] Запуск МенеджерСети...  
[12:00:49.736] [8] [ Info] [Eco] Инициализация типов симуляции...  
[12:00:49.793] [16] [ Info] [Eco] Запуск ПлагинГенератораМира...  
[12:00:49.793] [7] [ Info] [Eco] Запуск ПлагинИгровойСтатистики...  
[12:00:49.793] [14] [ Info] [Eco] Запуск ПлагинРезервногоКопирования...  
[12:00:49.801] [14] [ Info] [Eco] Запуск МенеджерХранилища...  
[12:00:51.099] [8] [ Info] [Eco] Инициализация предметов...  
[12:00:51.956] [14] [ Info] [Eco] Запуск Плагин паузы...  
[12:00:51.956] [14] [ Info] [Eco] Загружаем Pause...  
[12:00:53.705] [8] [ Info] [Eco] Инициализация навыков...  
[12:00:53.789] [14] [ Info] [Eco] Запуск БДСтатистики...  
[12:00:53.789] [16] [ Info] [Eco] Запуск ПлагинМира...  
[12:00:53.844] [16] [ Info] [Eco] Загружаем World...  
[12:00:57.544] [16] [ Info] [Eco] Инициализация мира...  
[12:00:58.977] [16] [ Info] [Eco] Запуск ПлагинВремени...  
[12:00:58.977] [16] [ Info] [Eco] Загружаем Time...  
[12:00:58.977] [16] [ Info] [Eco] Запуск ПлагинРепутации...  
[12:00:58.984] [16] [ Info] [Eco] Загружаем Reputation...  
[12:00:59.000] [16] [ Info] [Eco] Запуск МенеджерЖильяИгроков...  
[12:00:59.000] [16] [ Info] [Eco] Запуск МенеджерПользователей...  
[12:00:59.049] [16] [ Info] [Eco] Загружаем Users...  
[12:00:59.401] [16] [ Info] [Eco] Инициализация инвентарей...  
[12:00:59.445] [16] [ Info] [Eco] Запуск МенеджерОбъектовЭко...  
[12:00:59.445] [16] [ Info] [Eco] Загружаем Objects...  
[12:00:59.692] [25] [ Info] [Eco] Запуск ПлагинМусора...  
[12:00:59.692] [29] [ Info] [Eco] Запуск НастройкиСложности...  
[12:00:59.692] [16] [ Info] [Eco] Запуск ПлагинЭкономики...  
[12:00:59.692] [14] [ Info] [Eco] Запуск МенеджерКонтроллера...  
[12:00:59.692] [20] [ Info] [Eco] Запуск ПлагинУгроз...  
[12:00:59.692] [25] [ Info] [Eco] Загружаем Garbage...  
[12:00:59.692] [19] [ Info] [Eco] Запуск VoiceManager...  
[12:00:59.702] [11] [ Info] [Eco] Запуск СерверЧата...  
[12:00:59.702] [16] [ Info] [Eco] Загружаем Economy...  
[12:01:00.172] [16] [ Info] [Eco] Запуск Законодательство...  
[12:01:00.172] [20] [ Info] [Eco] Загружаем Disasters...  
[12:01:00.172] [11] [ Info] [Eco] Загружаем Chat...  
[12:01:03.942] [16] [ Info] [Eco] Загружаем Laws...  
[12:01:04.064] [16] [ Info] [Eco] Запуск МенеджерСобственности...  
[12:01:04.064] [16] [ Info] [Eco] Загружаем Property...  
[12:01:04.176] [16] [ Info] [Eco] Запуск МенеджерМиникарты...  
[12:01:04.176] [16] [ Info] [Eco] Запуск СимуляцияЭко...  
[12:01:04.262] [16] [ Info] [Eco] Загружаем Plants...  
[12:01:05.552] [16] [ Info] [Eco] Инициализация растений...  
[12:01:11.421] [16] [ Info] [Eco] Запуск RouteProbingPlugin...  
[12:01:11.421] [16] [ Info] [Eco] Загружаем RouteProbing...  
[12:01:13.527] [16] [ Info] [Eco] Запуск МенеджерСлоёвМира...  
[12:01:13.535] [16] [ Info] [Eco] Загружаем Layers...  
[12:01:14.178] [16] [ Info] [Eco] Инициализация слоёв мира...  
[12:01:14.178] [16] [ Info] [Eco] Загружаем ClimateSim...  
[12:01:16.781] [16] [ Info] [Eco] Запуск ТрекерЭкономики...  
[12:01:16.781] [16] [ Info] [Eco] Запуск UserTracker...  
[12:01:16.797] [16] [ Info] [Eco] Запуск МенеджерМировыхОбъектов...  
[12:01:16.883] [16] [ Info] [Eco] Загружаем WorldObjects...  
[12:01:17.600] [16] [ Info] [Eco] Запуск ПлагинКомнат...  
[12:01:17.600] [16] [ Info] [Eco] Загружаем Rooms...  
[12:01:17.621] [16] [ Info] [Eco] Запуск ПлагинЦелей...  
[12:01:17.623] [16] [ Info] [Eco] Загружаем Objectives...  
[12:01:17.638] [16] [ Info] [Eco] Запуск ПлагинСна...  
[12:01:17.638] [16] [ Info] [Eco] Загружаем Sleep...  
[12:01:17.638] [1] [ Info] [Eco] Запуск ПлагинВебСервера...  
[12:01:17.656] [1] [ Info] [Eco] Запуск OtherAliasCategory...  
[12:01:17.656] [28] [ Info] [Eco] Запуск ПлагинТестовИнтеграции...  
[12:01:17.656] [7] [ Info] [Eco] Запуск DiscordLink...  
[12:01:17.656] [21] [ Info] [Eco] Запуск Asphalt...  
[12:01:17.788] [1] [ Info] [Eco] Инициализируем ПлагинПеревода...  
[12:01:17.788] [1] [ Info] [Eco] Инициализируем ПлагинНабораМодификаций...  
[12:01:17.987] [1] [ Info] [Eco] Инициализируем ПлагинГенератораМира...  
[12:01:17.987] [1] [ Info] [Eco] Инициализируем МенеджерПользователей...  
[12:01:18.079] [1] [ Info] [Eco] Инициализируем ПлагинМусора...  
[12:01:18.109] [1] [ Info] [Eco] Инициализируем ПлагинЭкономики...  
[12:01:18.213] [1] [ Info] [Eco] Инициализируем Законодательство...  
[12:01:31.986] [1] [ Info] [Eco] Инициализируем МенеджерСобственности...  
[12:01:32.015] [1] [ Info] [Eco] Инициализируем МенеджерМиникарты...  
[12:01:32.964] [1] [ Info] [Eco] Инициализируем UserTracker...  
[12:01:32.981] [1] [ Info] [Eco] Инициализируем МенеджерМировыхОбъектов...  
[12:01:38.031] [1] [ Info] [Eco] Инициализируем ПлагинКомнат...  
[12:01:40.148] [1] [ Info] [Eco] Инициализируем ПлагинСна...  
[12:01:40.157] [1] [ Info] [Eco] Инициализируем DiscordLink...  
[12:01:40.202] [1] [ Info] [Eco] Инициализируем ПлагинМира...  
[12:01:40.202] [1] [ Info] [Eco] Обработка...  
[12:01:44.659] [143] [ Info] [Eco] DISCORDLINK: Connected to Discord.

 
[12:01:45.277] [1] [ Info] [Eco] Сжатие...  
[12:01:46.000] [143] [ Info] [Eco] DISCORDLINK: Connected and Ready
 
[12:01:49.424] [1] [ Info] [Eco] Инициализируем МенеджерСети...  
[12:01:49.652] [1] [ Info] [Eco] Инициализируем МенеджерСлоёвМира...  
[12:01:49.654] [1] [ Info] [Eco] Инициализируем ПлагинВебСервера...  
[12:01:50.517] [1] [ Info] [Eco] Инициализируем ПлагинТестовИнтеграции...  
[12:01:50.567] [1] [ Info] [Eco] Server Initialization завершена за 73 247,2мс
 
[12:17:50.118] [9] [ Info] [Eco] Пользователь с неверными данными пытался соединится: SantAleks
 
[14:25:19.088] [9] [ Info] [Eco] Пользователь с неверными данными пытался соединится: Goldberg
 
[14:31:57.407] [6] [ Info] [Eco] Удалена резервная копия - C:\SteamServers\steamapps\common\Eco Server\Storage\Backup\Game-2020-02-01-13.31.50
 
[14:35:13.740] [183] [ Info] [Eco] abcherentsov участвует в голосовании за закон Закон: Заявка на должность министра охраны природы, голосуя: да
 
[15:29:09.305] [1] [ Info] [Eco] Сохранение...
 
[15:29:09.313] [1] [ Info] [Eco] Сохранение мира...  
[15:29:21.865] [1] [ Info] [Eco] Готово
 
[15:29:21.894] [1] [ Info] [Eco] Выключение завершено
 
