[13:11:40.886] [1] [ Info] [Eco] >>> START EcoServer, Version=1.0.0.0, Culture=neutral, PublicKeyToken=null 
[13:11:40.915] [1] [ Info] [Eco] Eco Server 0.8.3.2 beta
 
[13:11:40.987] [1] [ Info] [Eco] Server Initialization...  
[13:11:40.987] [1] [ Info] [Eco] Starting LocalizationPlugin...  
[13:11:41.350] [1] [ Info] [Eco] Запуск ПлагинНабораМодификаций...  
[13:11:41.350] [1] [ Info] [Eco] Загрузка модификаций...  
[13:11:41.444] [1] [ Info] [Eco] Компилирование модификаций...  
[13:11:42.939] [1] [ Info] [Eco] Загружаем 0Harmony...
 
[13:11:42.939] [1] [ Info] [Eco] Загружаем Asphalt-ModKit...
 
[13:11:43.067] [1] [ Info] [Eco] Загружаем Eco.IntegrationTests...
 
[13:11:43.067] [1] [ Info] [Eco] Загружаем DiscordLinkUnified...
 
[13:11:43.120] [1] [ Info] [Eco] Загружаем EcoStory...
 
[13:11:43.127] [1] [ Info] [Eco] Загрузка модификаций завершена за 1 774,0мс
 
[13:11:43.127] [1] [ Info] [Eco] Запуск МенеджерСети...  
[13:11:43.127] [6] [ Info] [Eco] Инициализация типов симуляции...  
[13:11:43.214] [16] [ Info] [Eco] Запуск ПлагинГенератораМира...  
[13:11:43.214] [13] [ Info] [Eco] Запуск ПлагинРезервногоКопирования...  
[13:11:43.214] [8] [ Info] [Eco] Запуск ПлагинИгровойСтатистики...  
[13:11:43.223] [13] [ Info] [Eco] Запуск МенеджерХранилища...  
[13:11:44.600] [6] [ Info] [Eco] Инициализация предметов...  
[13:11:44.663] [6] [ Info] [NidToolbox] Checking Settings.json 
[13:11:44.663] [6] [ Info] [NidToolbox] Config file: Mods\NidToolbox\Config\Settings.json exists. 
[13:11:44.673] [6] [ Info] [NidToolbox] Json file: Mods\NidToolbox\Config\Settings.json readable and correct. 
[13:11:44.673] [6] [ Info] [NidToolbox] Checking CommandPermissions.json 
[13:11:44.673] [6] [ Info] [NidToolbox] Config file: Mods\NidToolbox\Config\CommandPermissions.json exists. 
[13:11:44.673] [6] [ Info] [NidToolbox] Json file: Mods\NidToolbox\Config\CommandPermissions.json readable and correct. 
[13:11:44.673] [6] [ Info] [NidToolbox] Checking TimerMessages.json 
[13:11:44.673] [6] [ Info] [NidToolbox] Config file: Mods\NidToolbox\Config\TimerMessages.json exists. 
[13:11:44.673] [6] [ Info] [NidToolbox] Json file: Mods\NidToolbox\Config\TimerMessages.json readable and correct. 
[13:11:44.673] [6] [ Info] [NidToolbox] Checking ScheduledMessages.json 
[13:11:44.673] [6] [ Info] [NidToolbox] Config file: Mods\NidToolbox\Config\ScheduledMessages.json exists. 
[13:11:44.673] [6] [ Info] [NidToolbox] Json file: Mods\NidToolbox\Config\ScheduledMessages.json readable and correct. 
[13:11:44.687] [6] [ Info] [NidToolbox] No UserHomes directory, skipping user homes config checks. 
[13:11:45.503] [13] [ Info] [Eco] Запуск Плагин паузы...  
[13:11:45.515] [13] [ Info] [Eco] Загружаем Pause...  
[13:11:47.320] [6] [ Info] [Eco] Инициализация навыков...  
[13:11:47.421] [17] [ Info] [Eco] Запуск БДСтатистики...  
[13:11:47.423] [9] [ Info] [Eco] Запуск ПлагинМира...  
[13:11:47.484] [9] [ Info] [Eco] Загружаем World...  
[13:11:51.068] [9] [ Info] [Eco] Инициализация мира...  
[13:11:52.781] [9] [ Info] [Eco] Запуск ПлагинВремени...  
[13:11:52.781] [9] [ Info] [Eco] Загружаем Time...  
[13:11:52.781] [9] [ Info] [Eco] Запуск ПлагинРепутации...  
[13:11:52.781] [9] [ Info] [Eco] Загружаем Reputation...  
[13:11:52.805] [9] [ Info] [Eco] Запуск МенеджерЖильяИгроков...  
[13:11:52.805] [9] [ Info] [Eco] Запуск МенеджерПользователей...  
[13:11:52.866] [9] [ Info] [Eco] Загружаем Users...  
[13:11:53.195] [9] [ Info] [Eco] Инициализация инвентарей...  
[13:11:53.240] [9] [ Info] [Eco] Запуск МенеджерОбъектовЭко...  
[13:11:53.240] [9] [ Info] [Eco] Загружаем Objects...  
[13:11:53.457] [13] [ Info] [Eco] Запуск ПлагинМусора...  
[13:11:53.457] [21] [ Info] [Eco] Запуск МенеджерКонтроллера...  
[13:11:53.457] [32] [ Info] [Eco] Запуск ПлагинЭкономики...  
[13:11:53.457] [11] [ Info] [Eco] Запуск НастройкиСложности...  
[13:11:53.457] [10] [ Info] [Eco] Запуск VoiceManager...  
[13:11:53.457] [5] [ Info] [Eco] Запуск СерверЧата...  
[13:11:53.457] [29] [ Info] [Eco] Запуск ПлагинУгроз...  
[13:11:53.457] [13] [ Info] [Eco] Загружаем Garbage...  
[13:11:53.471] [32] [ Info] [Eco] Загружаем Economy...  
[13:11:53.947] [32] [ Info] [Eco] Запуск Законодательство...  
[13:11:53.959] [29] [ Info] [Eco] Загружаем Disasters...  
[13:11:53.959] [5] [ Info] [Eco] Загружаем Chat...  
[13:11:58.055] [32] [ Info] [Eco] Загружаем Laws...  
[13:11:58.192] [32] [ Info] [Eco] Запуск МенеджерСобственности...  
[13:11:58.192] [32] [ Info] [Eco] Загружаем Property...  
[13:11:58.327] [32] [ Info] [Eco] Запуск МенеджерМиникарты...  
[13:11:58.327] [32] [ Info] [Eco] Запуск СимуляцияЭко...  
[13:11:58.399] [32] [ Info] [Eco] Загружаем Plants...  
[13:11:59.825] [32] [ Info] [Eco] Инициализация растений...  
[13:12:05.621] [32] [ Info] [Eco] Запуск RouteProbingPlugin...  
[13:12:05.621] [32] [ Info] [Eco] Загружаем RouteProbing...  
[13:12:07.791] [32] [ Info] [Eco] Запуск МенеджерСлоёвМира...  
[13:12:07.801] [32] [ Info] [Eco] Загружаем Layers...  
[13:12:08.473] [32] [ Info] [Eco] Инициализация слоёв мира...  
[13:12:08.488] [32] [ Info] [Eco] Загружаем ClimateSim...  
[13:12:11.264] [32] [ Info] [Eco] Запуск ТрекерЭкономики...  
[13:12:11.276] [32] [ Info] [Eco] Запуск UserTracker...  
[13:12:11.276] [32] [ Info] [Eco] Запуск МенеджерМировыхОбъектов...  
[13:12:11.366] [32] [ Info] [Eco] Загружаем WorldObjects...  
[13:12:12.285] [32] [ Info] [Eco] Запуск ПлагинКомнат...  
[13:12:12.285] [32] [ Info] [Eco] Загружаем Rooms...  
[13:12:12.307] [32] [ Info] [Eco] Запуск ПлагинЦелей...  
[13:12:12.307] [32] [ Info] [Eco] Загружаем Objectives...  
[13:12:12.327] [32] [ Info] [Eco] Запуск ПлагинСна...  
[13:12:12.329] [32] [ Info] [Eco] Загружаем Sleep...  
[13:12:12.329] [1] [ Info] [Eco] Запуск ПлагинВебСервера...  
[13:12:12.329] [1] [ Info] [Eco] Запуск OtherAliasCategory...  
[13:12:12.345] [22] [ Info] [Eco] Запуск DiscordLink...  
[13:12:12.345] [14] [ Info] [Eco] Запуск ПлагинТестовИнтеграции...  
[13:12:12.345] [23] [ Info] [Eco] Запуск Asphalt...  
[13:12:12.345] [12] [ Info] [Eco] Запуск NidToolboxPlugin...  
[13:12:12.470] [1] [ Info] [Eco] Инициализируем ПлагинПеревода...  
[13:12:12.470] [1] [ Info] [Eco] Инициализируем ПлагинНабораМодификаций...  
[13:12:12.686] [1] [ Info] [Eco] Инициализируем ПлагинГенератораМира...  
[13:12:12.688] [1] [ Info] [Eco] Инициализируем МенеджерПользователей...  
[13:12:12.779] [1] [ Info] [Eco] Инициализируем ПлагинМусора...  
[13:12:12.789] [1] [ Info] [Eco] Инициализируем ПлагинЭкономики...  
[13:12:12.900] [1] [ Info] [Eco] Инициализируем Законодательство...  
[13:12:29.602] [1] [ Info] [Eco] Инициализируем МенеджерСобственности...  
[13:12:29.657] [1] [ Info] [Eco] Инициализируем МенеджерМиникарты...  
[13:12:30.538] [1] [ Info] [Eco] Инициализируем UserTracker...  
[13:12:30.550] [1] [ Info] [Eco] Инициализируем МенеджерМировыхОбъектов...  
[13:12:36.498] [1] [ Info] [Eco] Инициализируем ПлагинКомнат...  
[13:12:38.874] [1] [ Info] [Eco] Инициализируем ПлагинСна...  
[13:12:38.874] [1] [ Info] [Eco] Инициализируем NidToolboxPlugin...  
[13:12:38.874] [1] [ Info] [NidToolbox] Checking declared file: Mods\NidToolbox\Texts\Motd.txt 
[13:12:38.874] [1] [ Info] [NidToolbox] Config file:  Mods\NidToolbox\Texts\Motd.txt exists. 
[13:12:38.874] [1] [ Info] [NidToolbox] Config file:  Mods\NidToolbox\Texts\Motd.txt readable. 
[13:12:38.874] [1] [ Info] [NidToolbox] Checking declared file: Mods\NidToolbox\Texts\Rules.txt 
[13:12:38.874] [1] [ Info] [NidToolbox] Config file:  Mods\NidToolbox\Texts\Rules.txt exists. 
[13:12:38.874] [1] [ Info] [NidToolbox] Config file:  Mods\NidToolbox\Texts\Rules.txt readable. 
[13:12:38.874] [1] [ Info] [NidToolbox] Checking declared file: Mods\NidToolbox\Texts\ServerChangelog.txt 
[13:12:38.890] [1] [ Info] [NidToolbox] Config file:  Mods\NidToolbox\Texts\ServerChangelog.txt exists. 
[13:12:38.890] [1] [ Info] [NidToolbox] Config file:  Mods\NidToolbox\Texts\ServerChangelog.txt readable. 
[13:12:39.006] [1] [ Info] [Eco] Инициализируем DiscordLink...  
[13:12:39.036] [1] [ Info] [Eco] Инициализируем ПлагинМира...  
[13:12:39.036] [1] [ Info] [Eco] Обработка...  
[13:12:42.698] [138] [ Info] [Eco] DISCORDLINK: Connected to Discord.

 
[13:12:43.254] [1] [ Info] [Eco] Сжатие...  
[13:12:43.768] [138] [ Info] [Eco] DISCORDLINK: Connected and Ready
 
[13:12:47.612] [1] [ Info] [Eco] Инициализируем МенеджерСети...  
[13:12:47.882] [1] [ Info] [Eco] Инициализируем МенеджерСлоёвМира...  
[13:12:47.882] [1] [ Info] [Eco] Инициализируем ПлагинВебСервера...  
[13:12:48.594] [1] [ Info] [Eco] Инициализируем ПлагинТестовИнтеграции...  
[13:12:48.594] [1] [ Info] [NidToolbox] OK - Mono not detected, not a Linux environment 
[13:12:48.594] [1] [ Info] [NidToolbox] All commands in config up to date. 
[13:12:48.673] [1] [ Info] [NidToolbox] Running NidToolbox version 1.8.7 
[13:12:48.728] [1] [ Info] [Eco] Server Initialization завершена за 67 739,1мс
 
[13:15:32.800] [174] [ Info] [log] letmeplay invoked admin command '/teleporttargetplayer Daek Avenger,letmeplay' 
[13:15:37.051] [174] [ Info] [log] letmeplay invoked admin command '/teleporttargetplayer Daek Avenger, letmeplay' 
[13:15:50.118] [174] [ Info] [log] letmeplay invoked admin command '/teleporttargetplayer Dark Avenger,letmeplay' 
[13:16:22.903] [174] [ Info] [log] letmeplay invoked admin command '/give Регистратор' 
[13:16:40.137] [174] [ Info] [log] letmeplay invoked admin command '/give молоток' 
[13:21:18.515] [174] [ Info] [log] letmeplay invoked admin command '/save' 
[13:21:18.515] [22] [ Info] [Eco] Сохранение мира...  
[13:29:38.975] [174] [ Info] [log] letmeplay invoked admin command '/admin Dark Avanger' 
[13:29:42.930] [174] [ Info] [log] letmeplay invoked admin command '/fly' 
[13:29:59.817] [174] [ Info] [log] letmeplay invoked admin command '/fly' 
[13:30:12.851] [174] [ Info] [log] letmeplay invoked admin command '/admin Dark Avenger' 
[13:30:14.170] [179] [ Info] [log] Dark Avenger invoked admin command '/fly' 
[13:30:43.188] [179] [ Info] [log] Dark Avenger invoked admin command '/fly' 
[13:30:58.978] [174] [ Info] [log] letmeplay invoked admin command '/time 10' 
[13:31:11.210] [174] [ Info] [log] letmeplay invoked admin command '/give киррка' 
[13:31:15.211] [174] [ Info] [log] letmeplay invoked admin command '/give кирка' 
[13:31:24.095] [174] [ Info] [log] letmeplay invoked admin command '/give лопата' 
[13:32:40.649] [174] [ Info] [log] letmeplay invoked admin command '/give маленький склад' 
[13:34:03.155] [174] [ Info] [log] letmeplay invoked admin command '/save' 
[13:34:03.156] [10] [ Info] [Eco] Сохранение мира...  
[13:37:50.212] [179] [ Info] [log] Dark Avenger invoked admin command '/fly' 
[13:38:00.344] [179] [ Info] [log] Dark Avenger invoked admin command '/fly' 
[13:38:31.640] [174] [ Info] [log] letmeplay invoked admin command '/give склад' 
[13:42:51.263] [6] [ Info] [Eco] Удалена резервная копия - D:/EcoBackup/Storage\Backup\Game-2020-02-03-12.06.38
 
[13:42:51.267] [6] [ Info] [Eco] Удалена резервная копия - D:/EcoBackup/Storage\Backup\Game-2020-02-03-11.06.38
 
[13:48:59.404] [179] [ Info] [log] Dark Avenger invoked admin command '/eat' 
[13:51:29.256] [174] [ Info] [log] letmeplay invoked admin command '/give кирпич,20' 
[13:51:48.278] [174] [ Info] [log] letmeplay invoked admin command '/give кирпич,20' 
[13:52:02.618] [174] [ Info] [log] letmeplay invoked admin command '/give кирпич,20' 
[13:52:15.423] [179] [ Info] [log] Dark Avenger invoked admin command '/give кирпич, 20' 
[13:52:34.247] [179] [ Info] [log] Dark Avenger invoked admin command '/give кирпич, 20' 
[13:53:16.488] [179] [ Info] [log] Dark Avenger invoked admin command '/give кирпич, 20' 
[13:53:47.823] [179] [ Info] [log] Dark Avenger invoked admin command '/give кирпич, 20' 
[13:55:43.292] [179] [ Info] [log] Dark Avenger invoked admin command '/eat' 
[13:56:08.390] [174] [ Info] [log] letmeplay invoked admin command '/give склад' 
[14:00:09.518] [179] [ Info] [log] Dark Avenger invoked admin command '/eat' 
[14:04:51.467] [174] [ Info] [log] letmeplay invoked admin command '/give кирпич,20' 
[14:05:07.178] [174] [ Info] [log] letmeplay invoked admin command '/give кирпич,20' 
[14:05:35.407] [174] [ Info] [log] letmeplay invoked admin command '/give кирпич,20' 
[14:05:37.109] [179] [ Info] [log] Dark Avenger invoked admin command '/dump' 
[14:05:43.076] [179] [ Info] [log] Dark Avenger invoked admin command '/dump' 
[14:05:49.871] [174] [ Info] [log] letmeplay invoked admin command '/give кирпич,20' 
[14:05:51.187] [179] [ Info] [log] Dark Avenger invoked admin command '/dump' 
[14:05:55.969] [179] [ Info] [log] Dark Avenger invoked admin command '/dump' 
[14:06:01.583] [179] [ Info] [log] Dark Avenger invoked admin command '/dump' 
[14:06:06.860] [179] [ Info] [log] Dark Avenger invoked admin command '/dump' 
[14:06:10.412] [179] [ Info] [log] Dark Avenger invoked admin command '/dump' 
[14:06:15.047] [179] [ Info] [log] Dark Avenger invoked admin command '/dump' 
[14:06:20.060] [179] [ Info] [log] Dark Avenger invoked admin command '/dump' 
[14:06:21.173] [174] [ Info] [log] letmeplay invoked admin command '/give кирпич,20' 
[14:06:23.852] [179] [ Info] [log] Dark Avenger invoked admin command '/dump' 
[14:06:27.991] [179] [ Info] [log] Dark Avenger invoked admin command '/dump' 
[14:06:28.340] [174] [ Info] [log] letmeplay invoked admin command '/fly' 
[14:06:32.273] [179] [ Info] [log] Dark Avenger invoked admin command '/dump' 
[14:06:36.308] [179] [ Info] [log] Dark Avenger invoked admin command '/dump' 
[14:06:39.655] [179] [ Info] [log] Dark Avenger invoked admin command '/dump' 
[14:06:43.032] [179] [ Info] [log] Dark Avenger invoked admin command '/dump' 
[14:06:46.447] [179] [ Info] [log] Dark Avenger invoked admin command '/dump' 
[14:06:49.848] [179] [ Info] [log] Dark Avenger invoked admin command '/dump' 
[14:06:53.447] [179] [ Info] [log] Dark Avenger invoked admin command '/dump' 
[14:06:56.893] [179] [ Info] [log] Dark Avenger invoked admin command '/dump' 
[14:07:00.154] [179] [ Info] [log] Dark Avenger invoked admin command '/dump' 
[14:07:04.034] [179] [ Info] [log] Dark Avenger invoked admin command '/dump' 
[14:07:11.010] [179] [ Info] [log] Dark Avenger invoked admin command '/dump' 
[14:07:17.668] [179] [ Info] [log] Dark Avenger invoked admin command '/dump' 
[14:07:24.226] [174] [ Info] [log] letmeplay invoked admin command '/give дверь' 
[14:07:34.814] [179] [ Info] [log] Dark Avenger invoked admin command '/dump' 
[14:07:39.995] [179] [ Info] [log] Dark Avenger invoked admin command '/dump' 
[14:07:44.129] [179] [ Info] [log] Dark Avenger invoked admin command '/dump' 
[14:07:49.289] [179] [ Info] [log] Dark Avenger invoked admin command '/dump' 
[14:07:53.020] [179] [ Info] [log] Dark Avenger invoked admin command '/dump' 
[14:07:56.864] [179] [ Info] [log] Dark Avenger invoked admin command '/dump' 
[14:08:00.799] [179] [ Info] [log] Dark Avenger invoked admin command '/dump' 
[14:08:04.376] [179] [ Info] [log] Dark Avenger invoked admin command '/dump' 
[14:08:10.372] [179] [ Info] [log] Dark Avenger invoked admin command '/dump' 
[14:08:15.634] [179] [ Info] [log] Dark Avenger invoked admin command '/dump' 
[14:08:17.108] [174] [ Info] [log] letmeplay invoked admin command '/dump' 
[14:08:19.238] [179] [ Info] [log] Dark Avenger invoked admin command '/dump' 
[14:08:21.621] [174] [ Info] [log] letmeplay invoked admin command '/dump' 
[14:08:22.831] [179] [ Info] [log] Dark Avenger invoked admin command '/dump' 
[14:08:24.809] [174] [ Info] [log] letmeplay invoked admin command '/dump' 
[14:08:26.560] [179] [ Info] [log] Dark Avenger invoked admin command '/dump' 
[14:08:26.834] [174] [ Info] [log] letmeplay invoked admin command '/dump' 
[14:08:30.090] [174] [ Info] [log] letmeplay invoked admin command '/dump' 
[14:08:30.940] [179] [ Info] [log] Dark Avenger invoked admin command '/dump' 
[14:08:32.003] [174] [ Info] [log] letmeplay invoked admin command '/dump' 
[14:08:33.795] [174] [ Info] [log] letmeplay invoked admin command '/dump' 
[14:08:34.497] [179] [ Info] [log] Dark Avenger invoked admin command '/dump' 
[14:08:35.734] [174] [ Info] [log] letmeplay invoked admin command '/dump' 
[14:08:37.495] [174] [ Info] [log] letmeplay invoked admin command '/dump' 
[14:08:39.114] [179] [ Info] [log] Dark Avenger invoked admin command '/dump' 
[14:08:39.578] [174] [ Info] [log] letmeplay invoked admin command '/dump' 
[14:08:42.057] [179] [ Info] [log] Dark Avenger invoked admin command '/dump' 
[14:08:42.101] [174] [ Info] [log] letmeplay invoked admin command '/dump' 
[14:08:43.686] [174] [ Info] [log] letmeplay invoked admin command '/dump' 
[14:08:45.110] [174] [ Info] [log] letmeplay invoked admin command '/dump' 
[14:08:45.653] [179] [ Info] [log] Dark Avenger invoked admin command '/dump' 
[14:08:46.708] [174] [ Info] [log] letmeplay invoked admin command '/dump' 
[14:08:48.042] [174] [ Info] [log] letmeplay invoked admin command '/dump' 
[14:08:50.119] [179] [ Info] [log] Dark Avenger invoked admin command '/dump' 
[14:08:51.586] [174] [ Info] [log] letmeplay invoked admin command '/dump' 
[14:08:53.459] [174] [ Info] [log] letmeplay invoked admin command '/dump' 
[14:08:53.917] [179] [ Info] [log] Dark Avenger invoked admin command '/dump' 
[14:08:57.802] [179] [ Info] [log] Dark Avenger invoked admin command '/dump' 
[14:08:58.336] [174] [ Info] [log] letmeplay invoked admin command '/dump' 
[14:09:00.392] [174] [ Info] [log] letmeplay invoked admin command '/dump' 
[14:09:01.580] [179] [ Info] [log] Dark Avenger invoked admin command '/dump' 
[14:09:03.364] [174] [ Info] [log] letmeplay invoked admin command '/dump' 
[14:09:05.324] [179] [ Info] [log] Dark Avenger invoked admin command '/dump' 
[14:09:08.513] [179] [ Info] [log] Dark Avenger invoked admin command '/dump' 
[14:09:12.976] [179] [ Info] [log] Dark Avenger invoked admin command '/dump' 
[14:09:16.322] [179] [ Info] [log] Dark Avenger invoked admin command '/dump' 
[14:09:47.981] [174] [ Info] [log] letmeplay invoked admin command '/dump' 
[14:10:06.330] [174] [ Info] [log] letmeplay invoked admin command '/save' 
[14:10:06.330] [34] [ Info] [Eco] Сохранение мира...  
[14:10:20.846] [179] [ Info] [log] Dark Avenger invoked admin command '/give кирка' 
[14:10:21.332] [174] [ Info] [log] letmeplay invoked admin command '/fly' 
[14:10:31.167] [179] [ Info] [log] Dark Avenger invoked admin command '/fly' 
[14:10:57.011] [179] [ Info] [log] Dark Avenger invoked admin command '/fly' 
[14:12:19.554] [174] [ Info] [log] letmeplay invoked admin command '/save' 
[14:12:19.554] [22] [ Info] [Eco] Сохранение мира...  
[14:12:57.203] [1] [ Info] [Eco] Сохранение...
 
[14:12:57.203] [1] [ Info] [Eco] Сохранение мира...  
[14:13:01.726] [10] [ Info] [Eco] Удалена резервная копия - D:/EcoBackup/Storage\Backup\Game-2020-02-03-12.54.38
 
