[22:21:05.613] [1] [ Info] [Eco] >>> START EcoServer, Version=1.0.0.0, Culture=neutral, PublicKeyToken=null 
[22:21:05.647] [1] [ Info] [Eco] Eco Server 0.8.3.3 beta
 
[22:21:05.718] [1] [ Info] [Eco] Server Initialization...  
[22:21:05.718] [1] [ Info] [Eco] Starting LocalizationPlugin...  
[22:21:06.090] [1] [ Info] [Eco] Запуск ПлагинНабораМодификаций...  
[22:21:06.092] [1] [ Info] [Eco] Загрузка модификаций...  
[22:21:06.372] [1] [ Info] [Eco] Компилирование модификаций...  
[22:21:07.872] [1] [ Info] [Eco] Загружаем 0Harmony...
 
[22:21:07.872] [1] [ Info] [Eco] Загружаем Asphalt-ModKit...
 
[22:21:07.998] [1] [ Info] [Eco] Загружаем DiscordLink_v1_blue...
 
[22:21:08.063] [1] [ Info] [Eco] Загрузка модификаций завершена за 1 968,9мс
 
[22:21:08.063] [1] [ Info] [Eco] Server Initialization завершена за 2 344,2мс
 
[22:21:08.063] [1] [ Info] [Eco] Failed to load server, Exception was Exception: ReflectionTypeLoadException
Message:Не удается загрузить один или более запрошенных типов. Обратитесь к свойству LoaderExceptions для получения дополнительных сведений.
Source:mscorlib

System.Reflection.ReflectionTypeLoadException: Не удается загрузить один или более запрошенных типов. Обратитесь к свойству LoaderExceptions для получения дополнительных сведений.
   at System.Reflection.RuntimeModule.GetTypes(RuntimeModule module)
   at System.Reflection.Assembly.GetTypes()
   at Eco.ModKit.ModKitPlugin.LoadModDlls()
   at Eco.ModKit.ModKitPlugin.LoadModsData(TaskCompletionSource`1 done)
   at Eco.ModKit.ModKitPlugin..ctor(TaskCompletionSource`1 done)
 
