[22:26:14.223] [1] [ Info] [Eco] >>> START EcoServer, Version=1.0.0.0, Culture=neutral, PublicKeyToken=null 
[22:26:14.250] [1] [ Info] [Eco] Eco Server 0.8.3.3 beta
 
[22:26:14.322] [1] [ Info] [Eco] Server Initialization...  
[22:26:14.322] [1] [ Info] [Eco] Starting LocalizationPlugin...  
[22:26:14.692] [1] [ Info] [Eco] Запуск ПлагинНабораМодификаций...  
[22:26:14.692] [1] [ Info] [Eco] Загрузка модификаций...  
[22:26:14.965] [1] [ Info] [Eco] Компилирование модификаций...  
[22:26:16.465] [1] [ Info] [Eco] Загружаем 0Harmony...
 
[22:26:16.465] [1] [ Info] [Eco] Загружаем Asphalt-ModKit...
 
[22:26:16.588] [1] [ Info] [Eco] Загружаем Eco.IntegrationTests...
 
[22:26:16.591] [1] [ Info] [Eco] Загружаем em-base...
 
[22:26:16.591] [1] [ Info] [Eco] Загружаем NoPlayerCredits...
 
[22:26:16.591] [1] [ Info] [Eco] Загружаем em-greenenergy...
 
[22:26:16.591] [1] [ Info] [Eco] Загружаем em-realisticsmelting...
 
[22:26:16.591] [1] [ Info] [Eco] Загружаем em-shippingcontainers...
 
[22:26:16.591] [1] [ Info] [Eco] Загружаем em-tailingspack...
 
[22:26:16.591] [1] [ Info] [Eco] Загружаем em-arches...
 
[22:26:16.591] [1] [ Info] [Eco] Загружаем em-doors...
 
[22:26:16.607] [1] [ Info] [Eco] Загружаем em-dyes...
 
[22:26:16.607] [1] [ Info] [Eco] Загружаем em-homeobjects...
 
[22:26:16.607] [1] [ Info] [Eco] Загружаем em-transportation...
 
[22:26:16.607] [1] [ Info] [Eco] Загружаем em-windows...
 
[22:26:16.624] [1] [ Info] [Eco] Загружаем em-zymology...
 
[22:26:16.624] [1] [ Info] [Eco] Загружаем NidToolbox...
 
[22:26:16.624] [1] [ Info] [Eco] Загрузка модификаций завершена за 1 940,3мс
 
[22:26:16.624] [1] [ Info] [Eco] Запуск МенеджерСети...  
[22:26:16.641] [6] [ Info] [Eco] Инициализация типов симуляции...  
[22:26:16.696] [17] [ Info] [Eco] Запуск ПлагинГенератораМира...  
[22:26:16.696] [16] [ Info] [Eco] Запуск ПлагинРезервногоКопирования...  
[22:26:16.696] [5] [ Info] [Eco] Запуск ПлагинИгровойСтатистики...  
[22:26:16.705] [16] [ Info] [Eco] Запуск МенеджерХранилища...  
[22:26:18.169] [6] [ Info] [Eco] Инициализация предметов...  
[22:26:18.237] [6] [ Info] [NidToolbox] Checking Settings.json 
[22:26:18.237] [6] [ Info] [NidToolbox] Config file: Mods\NidToolbox\Config\Settings.json exists. 
[22:26:18.237] [6] [ Info] [NidToolbox] Json file: Mods\NidToolbox\Config\Settings.json readable and correct. 
[22:26:18.237] [6] [ Info] [NidToolbox] Checking CommandPermissions.json 
[22:26:18.275] [6] [ Info] [NidToolbox] Config file: Mods\NidToolbox\Config\CommandPermissions.json exists. 
[22:26:18.285] [6] [ Info] [NidToolbox] Json file: Mods\NidToolbox\Config\CommandPermissions.json readable and correct. 
[22:26:18.285] [6] [ Info] [NidToolbox] Checking TimerMessages.json 
[22:26:18.285] [6] [ Info] [NidToolbox] Config file: Mods\NidToolbox\Config\TimerMessages.json exists. 
[22:26:18.285] [6] [ Info] [NidToolbox] Json file: Mods\NidToolbox\Config\TimerMessages.json readable and correct. 
[22:26:18.285] [6] [ Info] [NidToolbox] Checking ScheduledMessages.json 
[22:26:18.285] [6] [ Info] [NidToolbox] Config file: Mods\NidToolbox\Config\ScheduledMessages.json exists. 
[22:26:18.294] [6] [ Info] [NidToolbox] Json file: Mods\NidToolbox\Config\ScheduledMessages.json readable and correct. 
[22:26:18.294] [6] [ Info] [NidToolbox] No UserHomes directory, skipping user homes config checks. 
[22:26:19.250] [16] [ Info] [Eco] Запуск Плагин паузы...  
[22:26:19.250] [16] [ Info] [Eco] Загружаем Pause...  
[22:26:21.421] [6] [ Info] [Eco] Инициализация навыков...  
[22:26:21.521] [16] [ Info] [Eco] Запуск БДСтатистики...  
[22:26:21.521] [17] [ Info] [Eco] Запуск ПлагинМира...  
[22:26:21.576] [17] [ Info] [Eco] Загружаем World...  
[22:26:24.833] [17] [ Info] [Eco] Инициализация мира...  
[22:26:25.616] [17] [ Info] [Eco] Запуск ПлагинВремени...  
[22:26:25.616] [17] [ Info] [Eco] Загружаем Time...  
[22:26:25.616] [17] [ Info] [Eco] Запуск ПлагинРепутации...  
[22:26:25.616] [17] [ Info] [Eco] Загружаем Reputation...  
[22:26:25.629] [17] [ Info] [Eco] Запуск МенеджерЖильяИгроков...  
[22:26:25.629] [17] [ Info] [Eco] Запуск МенеджерПользователей...  
[22:26:25.675] [17] [ Info] [Eco] Загружаем Users...  
[22:26:25.808] [17] [ Info] [Eco] Инициализация инвентарей...  
[22:26:25.848] [17] [ Info] [Eco] Запуск МенеджерОбъектовЭко...  
[22:26:25.848] [16] [ Info] [Eco] Запуск ПлагинМусора...  
[22:26:25.848] [26] [ Info] [Eco] Запуск СерверЧата...  
[22:26:25.848] [17] [ Info] [Eco] Запуск ПлагинЭкономики...  
[22:26:25.857] [19] [ Info] [Eco] Запуск МенеджерКонтроллера...  
[22:26:25.857] [14] [ Info] [Eco] Запуск ПлагинУгроз...  
[22:26:25.857] [16] [ Info] [Eco] Загружаем Garbage...  
[22:26:25.857] [10] [ Info] [Eco] Запуск VoiceManager...  
[22:26:25.857] [13] [ Info] [Eco] Запуск НастройкиСложности...  
[22:26:25.857] [17] [ Info] [Eco] Загружаем Economy...  
[22:26:26.026] [14] [ Info] [Eco] Загружаем Disasters...  
[22:26:26.038] [26] [ Info] [Eco] Загружаем Chat...  
[22:26:26.038] [17] [ Info] [Eco] Запуск Законодательство...  
[22:26:26.049] [17] [ Info] [Eco] Загружаем Laws...  
[22:26:26.098] [17] [ Info] [Eco] Запуск МенеджерСобственности...  
[22:26:26.098] [17] [ Info] [Eco] Загружаем Property...  
[22:26:26.138] [17] [ Info] [Eco] Запуск МенеджерМиникарты...  
[22:26:26.138] [17] [ Info] [Eco] Запуск СимуляцияЭко...  
[22:26:26.199] [17] [ Info] [Eco] Загружаем Plants...  
[22:26:27.957] [17] [ Info] [Eco] Инициализация растений...  
[22:26:33.849] [17] [ Info] [Eco] Запуск RouteProbingPlugin...  
[22:26:33.849] [17] [ Info] [Eco] Загружаем RouteProbing...  
[22:26:37.051] [17] [ Info] [Eco] Запуск МенеджерСлоёвМира...  
[22:26:37.051] [17] [ Info] [Eco] Загружаем Layers...  
[22:26:37.674] [17] [ Info] [Eco] Инициализация слоёв мира...  
[22:26:37.674] [17] [ Info] [Eco] Загружаем ClimateSim...  
[22:26:40.553] [17] [ Info] [Eco] Запуск ТрекерЭкономики...  
[22:26:40.553] [17] [ Info] [Eco] Запуск UserTracker...  
[22:26:40.563] [17] [ Info] [Eco] Запуск МенеджерМировыхОбъектов...  
[22:26:40.658] [17] [ Info] [Eco] Загружаем WorldObjects...  
[22:26:40.670] [17] [ Info] [Eco] Запуск ПлагинКомнат...  
[22:26:40.670] [17] [ Info] [Eco] Загружаем Rooms...  
[22:26:40.670] [17] [ Info] [Eco] Запуск ПлагинЦелей...  
[22:26:40.670] [17] [ Info] [Eco] Загружаем Objectives...  
[22:26:40.696] [17] [ Info] [Eco] Запуск ПлагинСна...  
[22:26:40.696] [17] [ Info] [Eco] Загружаем Sleep...  
[22:26:40.701] [1] [ Info] [Eco] Запуск ПлагинВебСервера...  
[22:26:40.701] [1] [ Info] [Eco] Запуск OtherAliasCategory...  
[22:26:40.701] [30] [ Info] [Eco] Запуск NidToolboxPlugin...  
[22:26:40.715] [12] [ Info] [Eco] Запуск NoPlayerCreditsPlugin...  
[22:26:40.715] [10] [ Info] [Eco] Запуск ПлагинТестовИнтеграции...  
[22:26:40.715] [36] [ Info] [Eco] Запуск ChatBase...  
[22:26:40.715] [20] [ Info] [Eco] Запуск Asphalt...  
[22:26:40.747] [1] [ Info] [Eco] Инициализируем ПлагинПеревода...  
[22:26:40.747] [1] [ Info] [Eco] Инициализируем ПлагинНабораМодификаций...  
[22:26:41.032] [1] [ Info] [Eco] Инициализируем ПлагинГенератораМира...  
[22:26:41.032] [1] [ Info] [Eco] Инициализируем МенеджерПользователей...  
[22:26:41.095] [1] [ Info] [Eco] Инициализируем ПлагинМусора...  
[22:26:41.115] [1] [ Info] [Eco] Инициализируем ПлагинЭкономики...  
[22:26:41.129] [1] [ Info] [Eco] Инициализируем Законодательство...  
[22:26:41.608] [1] [ Info] [Eco] Инициализируем МенеджерСобственности...  
[22:26:41.608] [1] [ Info] [Eco] Инициализируем МенеджерМиникарты...  
[22:26:42.515] [1] [ Info] [Eco] Инициализируем UserTracker...  
[22:26:42.515] [1] [ Info] [Eco] Инициализируем МенеджерМировыхОбъектов...  
[22:26:42.598] [1] [ Info] [Eco] Инициализируем ПлагинКомнат...  
[22:26:42.598] [1] [ Info] [Eco] Инициализируем ПлагинСна...  
[22:26:42.598] [1] [ Info] [Eco] Инициализируем NidToolboxPlugin...  
[22:26:42.608] [1] [ Info] [NidToolbox] Checking declared file: Mods\NidToolbox\Texts\Motd.txt 
[22:26:42.608] [1] [ Info] [NidToolbox] Config file:  Mods\NidToolbox\Texts\Motd.txt exists. 
[22:26:42.608] [1] [ Info] [NidToolbox] Config file:  Mods\NidToolbox\Texts\Motd.txt readable. 
[22:26:42.608] [1] [ Info] [NidToolbox] Checking declared file: Mods\NidToolbox\Texts\Rules.txt 
[22:26:42.608] [1] [ Info] [NidToolbox] Config file:  Mods\NidToolbox\Texts\Rules.txt exists. 
[22:26:42.608] [1] [ Info] [NidToolbox] Config file:  Mods\NidToolbox\Texts\Rules.txt readable. 
[22:26:42.608] [1] [ Info] [NidToolbox] Checking declared file: Mods\NidToolbox\Texts\ServerChangelog.txt 
[22:26:42.608] [1] [ Info] [NidToolbox] Config file:  Mods\NidToolbox\Texts\ServerChangelog.txt exists. 
[22:26:42.608] [1] [ Info] [NidToolbox] Config file:  Mods\NidToolbox\Texts\ServerChangelog.txt readable. 
[22:26:42.705] [1] [ Info] [Eco] Инициализируем NoPlayerCreditsPlugin...  
[22:26:42.705] [1] [ Info] [Eco] Инициализируем ПлагинМира...  
[22:26:42.705] [1] [ Info] [Eco] Обработка...  
[22:26:45.746] [1] [ Info] [Eco] Сжатие...  
[22:26:49.167] [1] [ Info] [Eco] Инициализируем МенеджерСети...  
[22:26:49.392] [1] [ Info] [Eco] Инициализируем МенеджерСлоёвМира...  
[22:26:49.392] [1] [ Info] [Eco] Инициализируем ПлагинВебСервера...  
[22:26:50.106] [1] [ Info] [Eco] Инициализируем ПлагинТестовИнтеграции...  
[22:26:50.106] [1] [ Info] [NidToolbox] OK - Mono not detected, not a Linux environment 
[22:26:50.106] [1] [ Info] [NidToolbox] All commands in config up to date. 
[22:26:50.171] [1] [ Info] [NidToolbox] Running NidToolbox version 1.8.7 
[22:26:50.206] [1] [ Info] [Eco] Server Initialization завершена за 35 883,7мс
 
[22:27:30.331] [1] [ Info] [Eco] Сохранение...
 
[22:27:30.331] [1] [ Info] [Eco] Сохранение мира...  
[22:27:34.115] [1] [ Info] [Eco] Готово
 
[22:27:34.290] [1] [ Info] [Eco] Выключение завершено
 
