[20:33:18.815] [1] [ Info] [Eco] >>> START EcoServer, Version=1.0.0.0, Culture=neutral, PublicKeyToken=null 
[20:33:18.848] [1] [ Info] [Eco] Eco Server 0.8.3.3 beta
 
[20:33:18.923] [1] [ Info] [Eco] Server Initialization...  
[20:33:18.923] [1] [ Info] [Eco] Starting LocalizationPlugin...  
[20:33:19.305] [1] [ Info] [Eco] Запуск ПлагинНабораМодификаций...  
[20:33:19.305] [1] [ Info] [Eco] Загрузка модификаций...  
[20:33:19.598] [1] [ Info] [Eco] Компилирование модификаций...  
[20:33:21.109] [1] [ Info] [Eco] Загружаем 0Harmony...
 
[20:33:21.109] [1] [ Info] [Eco] Загружаем Asphalt-ModKit...
 
[20:33:21.233] [1] [ Info] [Eco] Загружаем DiscordLink_blue...
 
[20:33:21.283] [1] [ Info] [Eco] Загружаем Eco.IntegrationTests...
 
[20:33:21.283] [1] [ Info] [Eco] Загружаем em-base...
 
[20:33:21.283] [1] [ Info] [Eco] Загружаем NoPlayerCredits...
 
[20:33:21.283] [1] [ Info] [Eco] Загружаем em-greenenergy...
 
[20:33:21.283] [1] [ Info] [Eco] Загружаем em-realisticsmelting...
 
[20:33:21.283] [1] [ Info] [Eco] Загружаем em-shippingcontainers...
 
[20:33:21.283] [1] [ Info] [Eco] Загружаем em-tailingspack...
 
[20:33:21.283] [1] [ Info] [Eco] Загружаем em-arches...
 
[20:33:21.296] [1] [ Info] [Eco] Загружаем em-doors...
 
[20:33:21.296] [1] [ Info] [Eco] Загружаем em-dyes...
 
[20:33:21.296] [1] [ Info] [Eco] Загружаем em-homeobjects...
 
[20:33:21.296] [1] [ Info] [Eco] Загружаем em-transportation...
 
[20:33:21.296] [1] [ Info] [Eco] Загружаем em-windows...
 
[20:33:21.317] [1] [ Info] [Eco] Загружаем em-zymology...
 
[20:33:21.317] [1] [ Info] [Eco] Загружаем HPStorage...
 
[20:33:21.317] [1] [ Info] [Eco] Загружаем NidToolbox...
 
[20:33:21.328] [1] [ Info] [Eco] Загрузка модификаций завершена за 2 021,3мс
 
[20:33:21.328] [1] [ Info] [Eco] Запуск МенеджерСети...  
[20:33:21.328] [5] [ Info] [Eco] Инициализация типов симуляции...  
[20:33:21.384] [1] [ Info] [Eco] Server Initialization завершена за 2 460,8мс
 
[20:33:21.390] [1] [ Info] [Eco] Failed to load server, Exception was Exception: JsonReaderException
Message:Invalid property identifier character: ;. Path 'DetailedDescription', line 7, position 827.
Source:Newtonsoft.Json

Newtonsoft.Json.JsonReaderException: Invalid property identifier character: ;. Path 'DetailedDescription', line 7, position 827.
   at Newtonsoft.Json.JsonTextReader.ParseProperty()
   at Newtonsoft.Json.Serialization.JsonSerializerInternalReader.PopulateObject(Object newObject, JsonReader reader, JsonObjectContract contract, JsonProperty member, String id)
   at Newtonsoft.Json.Serialization.JsonSerializerInternalReader.Populate(JsonReader reader, Object target)
   at Newtonsoft.Json.JsonSerializer.PopulateInternal(JsonReader reader, Object target)
   at Newtonsoft.Json.JsonConvert.PopulateObject(String value, Object target, JsonSerializerSettings settings)
   at Eco.Core.Plugins.PluginConfig`1.Load(String filename)
   at Eco.Plugins.Networking.NetworkManager..ctor()
 
[20:33:22.084] [5] [ Info] [Eco] Инициализация предметов...  
[20:33:22.165] [5] [ Info] [NidToolbox] Checking Settings.json 
[20:33:22.165] [5] [ Info] [NidToolbox] Config file: Mods\NidToolbox\Config\Settings.json exists. 
[20:33:22.169] [5] [ Info] [NidToolbox] Json file: Mods\NidToolbox\Config\Settings.json readable and correct. 
[20:33:22.169] [5] [ Info] [NidToolbox] Checking CommandPermissions.json 
[20:33:22.169] [5] [ Info] [NidToolbox] Config file: Mods\NidToolbox\Config\CommandPermissions.json exists. 
[20:33:22.169] [5] [ Info] [NidToolbox] Json file: Mods\NidToolbox\Config\CommandPermissions.json readable and correct. 
[20:33:22.169] [5] [ Info] [NidToolbox] Checking TimerMessages.json 
[20:33:22.169] [5] [ Info] [NidToolbox] Config file: Mods\NidToolbox\Config\TimerMessages.json exists. 
[20:33:22.169] [5] [ Info] [NidToolbox] Json file: Mods\NidToolbox\Config\TimerMessages.json readable and correct. 
[20:33:22.169] [5] [ Info] [NidToolbox] Checking ScheduledMessages.json 
[20:33:22.169] [5] [ Info] [NidToolbox] Config file: Mods\NidToolbox\Config\ScheduledMessages.json exists. 
[20:33:22.169] [5] [ Info] [NidToolbox] Json file: Mods\NidToolbox\Config\ScheduledMessages.json readable and correct. 
[20:33:22.169] [5] [ Info] [NidToolbox] No UserHomes directory, skipping user homes config checks. 
[20:33:24.764] [5] [ Info] [Eco] Инициализация навыков...  
