[16:06:38.295] [1] [ Info] [Eco] >>> START EcoServer, Version=1.0.0.0, Culture=neutral, PublicKeyToken=null 
[16:06:38.324] [1] [ Info] [Eco] Eco Server 0.8.3.2 beta
 
[16:06:38.396] [1] [ Info] [Eco] Server Initialization...  
[16:06:38.396] [1] [ Info] [Eco] Starting LocalizationPlugin...  
[16:06:38.761] [1] [ Info] [Eco] Запуск ПлагинНабораМодификаций...  
[16:06:38.761] [1] [ Info] [Eco] Загрузка модификаций...  
[16:06:38.854] [1] [ Info] [Eco] Компилирование модификаций...  
[16:06:40.357] [1] [ Info] [Eco] Загружаем 0Harmony...
 
[16:06:40.361] [1] [ Info] [Eco] Загружаем Asphalt-ModKit...
 
[16:06:40.483] [1] [ Info] [Eco] Загружаем Eco.IntegrationTests...
 
[16:06:40.483] [1] [ Info] [Eco] Загружаем DiscordLinkUnified...
 
[16:06:40.537] [1] [ Info] [Eco] Загрузка модификаций завершена за 1 773,4мс
 
[16:06:40.537] [1] [ Info] [Eco] Запуск МенеджерСети...  
[16:06:40.552] [5] [ Info] [Eco] Инициализация типов симуляции...  
[16:06:40.619] [7] [ Info] [Eco] Запуск ПлагинГенератораМира...  
[16:06:40.619] [12] [ Info] [Eco] Запуск ПлагинИгровойСтатистики...  
[16:06:40.619] [14] [ Info] [Eco] Запуск ПлагинРезервногоКопирования...  
[16:06:40.629] [14] [ Info] [Eco] Запуск МенеджерХранилища...  
[16:06:41.952] [5] [ Info] [Eco] Инициализация предметов...  
[16:06:42.832] [14] [ Info] [Eco] Запуск Плагин паузы...  
[16:06:42.832] [14] [ Info] [Eco] Загружаем Pause...  
[16:06:44.529] [5] [ Info] [Eco] Инициализация навыков...  
[16:06:44.618] [14] [ Info] [Eco] Запуск БДСтатистики...  
[16:06:44.618] [12] [ Info] [Eco] Запуск ПлагинМира...  
[16:06:44.658] [12] [ Info] [Eco] Загружаем World...  
[16:06:48.106] [12] [ Info] [Eco] Инициализация мира...  
[16:06:49.697] [12] [ Info] [Eco] Запуск ПлагинВремени...  
[16:06:49.697] [12] [ Info] [Eco] Загружаем Time...  
[16:06:49.697] [12] [ Info] [Eco] Запуск ПлагинРепутации...  
[16:06:49.703] [12] [ Info] [Eco] Загружаем Reputation...  
[16:06:49.721] [12] [ Info] [Eco] Запуск МенеджерЖильяИгроков...  
[16:06:49.721] [12] [ Info] [Eco] Запуск МенеджерПользователей...  
[16:06:49.761] [12] [ Info] [Eco] Загружаем Users...  
[16:06:50.102] [12] [ Info] [Eco] Инициализация инвентарей...  
[16:06:50.141] [12] [ Info] [Eco] Запуск МенеджерОбъектовЭко...  
[16:06:50.141] [12] [ Info] [Eco] Загружаем Objects...  
[16:06:50.353] [35] [ Info] [Eco] Запуск ПлагинМусора...  
[16:06:50.353] [22] [ Info] [Eco] Запуск VoiceManager...  
[16:06:50.353] [17] [ Info] [Eco] Запуск МенеджерКонтроллера...  
[16:06:50.353] [10] [ Info] [Eco] Запуск НастройкиСложности...  
[16:06:50.358] [26] [ Info] [Eco] Запуск ПлагинУгроз...  
[16:06:50.358] [30] [ Info] [Eco] Запуск СерверЧата...  
[16:06:50.358] [12] [ Info] [Eco] Запуск ПлагинЭкономики...  
[16:06:50.358] [35] [ Info] [Eco] Загружаем Garbage...  
[16:06:50.358] [12] [ Info] [Eco] Загружаем Economy...  
[16:06:50.707] [12] [ Info] [Eco] Запуск Законодательство...  
[16:06:50.707] [26] [ Info] [Eco] Загружаем Disasters...  
[16:06:50.707] [30] [ Info] [Eco] Загружаем Chat...  
[16:06:52.921] [12] [ Info] [Eco] Загружаем Laws...  
[16:06:53.026] [12] [ Info] [Eco] Запуск МенеджерСобственности...  
[16:06:53.026] [12] [ Info] [Eco] Загружаем Property...  
[16:06:53.135] [12] [ Info] [Eco] Запуск МенеджерМиникарты...  
[16:06:53.140] [12] [ Info] [Eco] Запуск СимуляцияЭко...  
[16:06:53.211] [12] [ Info] [Eco] Загружаем Plants...  
[16:06:54.493] [12] [ Info] [Eco] Инициализация растений...  
[16:07:00.141] [12] [ Info] [Eco] Запуск RouteProbingPlugin...  
[16:07:00.141] [12] [ Info] [Eco] Загружаем RouteProbing...  
[16:07:02.360] [12] [ Info] [Eco] Запуск МенеджерСлоёвМира...  
[16:07:02.360] [12] [ Info] [Eco] Загружаем Layers...  
[16:07:03.006] [12] [ Info] [Eco] Инициализация слоёв мира...  
[16:07:03.006] [12] [ Info] [Eco] Загружаем ClimateSim...  
[16:07:05.650] [12] [ Info] [Eco] Запуск ТрекерЭкономики...  
[16:07:05.654] [12] [ Info] [Eco] Запуск UserTracker...  
[16:07:05.654] [12] [ Info] [Eco] Запуск МенеджерМировыхОбъектов...  
[16:07:05.738] [12] [ Info] [Eco] Загружаем WorldObjects...  
[16:07:06.385] [12] [ Info] [Eco] Запуск ПлагинКомнат...  
[16:07:06.385] [12] [ Info] [Eco] Загружаем Rooms...  
[16:07:06.406] [12] [ Info] [Eco] Запуск ПлагинЦелей...  
[16:07:06.406] [12] [ Info] [Eco] Загружаем Objectives...  
[16:07:06.425] [12] [ Info] [Eco] Запуск ПлагинСна...  
[16:07:06.425] [12] [ Info] [Eco] Загружаем Sleep...  
[16:07:06.425] [1] [ Info] [Eco] Запуск ПлагинВебСервера...  
[16:07:06.441] [1] [ Info] [Eco] Запуск OtherAliasCategory...  
[16:07:06.441] [36] [ Info] [Eco] Запуск ПлагинТестовИнтеграции...  
[16:07:06.441] [22] [ Info] [Eco] Запуск Asphalt...  
[16:07:06.441] [15] [ Info] [Eco] Запуск DiscordLink...  
[16:07:06.592] [1] [ Info] [Eco] Инициализируем ПлагинПеревода...  
[16:07:06.592] [1] [ Info] [Eco] Инициализируем ПлагинНабораМодификаций...  
[16:07:06.832] [1] [ Info] [Eco] Инициализируем ПлагинГенератораМира...  
[16:07:06.832] [1] [ Info] [Eco] Инициализируем МенеджерПользователей...  
[16:07:06.927] [1] [ Info] [Eco] Инициализируем ПлагинМусора...  
[16:07:06.936] [1] [ Info] [Eco] Инициализируем ПлагинЭкономики...  
[16:07:07.030] [1] [ Info] [Eco] Инициализируем Законодательство...  
[16:07:11.675] [1] [ Info] [Eco] Инициализируем МенеджерСобственности...  
[16:07:11.732] [1] [ Info] [Eco] Инициализируем МенеджерМиникарты...  
[16:07:12.624] [1] [ Info] [Eco] Инициализируем UserTracker...  
[16:07:12.624] [1] [ Info] [Eco] Инициализируем МенеджерМировыхОбъектов...  
[16:07:15.789] [1] [ Info] [Eco] Инициализируем ПлагинКомнат...  
[16:07:17.294] [1] [ Info] [Eco] Инициализируем ПлагинСна...  
[16:07:17.296] [1] [ Info] [Eco] Инициализируем DiscordLink...  
[16:07:17.334] [1] [ Info] [Eco] Инициализируем ПлагинМира...  
[16:07:17.334] [1] [ Info] [Eco] Обработка...  
[16:07:21.169] [142] [ Info] [Eco] DISCORDLINK: Connected to Discord.

 
[16:07:21.188] [1] [ Info] [Eco] Сжатие...  
[16:07:22.434] [142] [ Info] [Eco] DISCORDLINK: Connected and Ready
 
[16:07:24.774] [1] [ Info] [Eco] Инициализируем МенеджерСети...  
[16:07:24.994] [1] [ Info] [Eco] Инициализируем МенеджерСлоёвМира...  
[16:07:24.994] [1] [ Info] [Eco] Инициализируем ПлагинВебСервера...  
[16:07:25.654] [1] [ Info] [Eco] Инициализируем ПлагинТестовИнтеграции...  
[16:07:25.697] [1] [ Info] [Eco] Server Initialization завершена за 47 300,6мс
 
[16:07:47.066] [21] [ Info] [Eco] DISCORDLINK DEBUG:Message received from Discord on channel: сервер-в-работе
 
[16:07:56.716] [10] [ Info] [Eco] DISCORDLINK DEBUG:Message received from Discord on channel: сервер-в-работе
 
[16:07:59.172] [25] [ Info] [Eco] DISCORDLINK DEBUG:Message received from Discord on channel: сервер-в-работе
 
[16:08:05.858] [25] [ Info] [Eco] DISCORDLINK DEBUG:Message received from Discord on channel: сервер-в-работе
 
[16:08:10.852] [22] [ Info] [Eco] DISCORDLINK DEBUG:Message received from Discord on channel: сервер-в-работе
 
[16:08:13.419] [21] [ Info] [Eco] DISCORDLINK DEBUG:Message received from Discord on channel: сервер-в-работе
 
[16:08:26.715] [137] [ Info] [Eco] DISCORDLINK DEBUG:Eco Message Processed:
 
[16:08:26.715] [137] [ Info] [Eco] DISCORDLINK DEBUG:Message: <style="InfoLight"><b><link="User::76561198025755741"><ecobadgeicon tier='4'><color=#51FFB7>letmeplay</color></ecobadgeicon></link></b> вернулся в игру (Последний раз в сети 1m 45s назад).</style>
 
[16:08:26.715] [137] [ Info] [Eco] DISCORDLINK DEBUG:Tag: _Logins
 
[16:08:26.717] [137] [ Info] [Eco] DISCORDLINK DEBUG:Category: Info
 
[16:08:26.717] [137] [ Info] [Eco] DISCORDLINK DEBUG:Temporary: False
 
[16:08:26.717] [137] [ Info] [Eco] DISCORDLINK DEBUG:Sender: 
 
[16:08:35.084] [28] [ Info] [Eco] DISCORDLINK DEBUG:Message received from Discord on channel: сервер-в-работе
 
[16:08:56.531] [11] [ Info] [Eco] DISCORDLINK DEBUG:Message received from Discord on channel: сервер-в-работе
 
[16:08:57.222] [137] [ Info] [Eco] DISCORDLINK DEBUG:Eco Message Processed:
 
[16:08:57.222] [137] [ Info] [Eco] DISCORDLINK DEBUG:Message: <style="InfoLight">закончено изготовление <b><link="WorkOrder:a0821441-0630-405a-9fc7-0fee0812999e:b3096c32-a47f-4fd1-be0f-7f2d86a7951c"><nobr><ecoicon item='Mortar'>Mortar проект</ecoicon></nobr></link></b> в <b><link="WorldObject:a0821441-0630-405a-9fc7-0fee0812999e"><nobr><ecoicon item='Campfire'>Адм. Очевидность Костёр</ecoicon></nobr></link></b>.</style>
 
[16:08:57.222] [137] [ Info] [Eco] DISCORDLINK DEBUG:Tag: _Crafting
 
[16:08:57.222] [137] [ Info] [Eco] DISCORDLINK DEBUG:Category: Info
 
[16:08:57.222] [137] [ Info] [Eco] DISCORDLINK DEBUG:Temporary: False
 
[16:08:57.233] [137] [ Info] [Eco] DISCORDLINK DEBUG:Sender: 
 
[16:09:01.562] [34] [ Info] [Eco] DISCORDLINK DEBUG:Message received from Discord on channel: сервер-в-работе
 
[16:09:07.806] [137] [ Info] [Eco] DISCORDLINK DEBUG:Eco Message Processed:
 
[16:09:07.811] [137] [ Info] [Eco] DISCORDLINK DEBUG:Message: <style="InfoLight"><b><link="WorkOrder:1dfdbeb5-bfe2-42fc-8c18-5fc1dabccbf5:11b0674b-d515-4933-bb20-e516981cd61a"><nobr><ecoicon item='Mortared Stone'>Mortared Stone проект</ecoicon></nobr></link></b> приостановлено. <style="Error">Заблокировано!</style> Всё ещё недостаёт 72 <b><link="Item:MortarItem"><style="Item"><nobr><ecoicon item='Mortar'>Mortar</ecoicon></nobr></style></link></b> and 117 <b><link="Item:StoneItem"><style="Item"><nobr><ecoicon item='Stone'>Камень</ecoicon></nobr></style></link></b>.</style>
 
[16:09:07.811] [137] [ Info] [Eco] DISCORDLINK DEBUG:Tag: _Crafting
 
[16:09:07.811] [137] [ Info] [Eco] DISCORDLINK DEBUG:Category: Info
 
[16:09:07.811] [137] [ Info] [Eco] DISCORDLINK DEBUG:Temporary: False
 
[16:09:07.811] [137] [ Info] [Eco] DISCORDLINK DEBUG:Sender: 
 
[16:09:08.919] [137] [ Info] [Eco] DISCORDLINK DEBUG:Eco Message Processed:
 
[16:09:08.920] [137] [ Info] [Eco] DISCORDLINK DEBUG:Message: <style="InfoLight"><b><link="WorkOrder:1dfdbeb5-bfe2-42fc-8c18-5fc1dabccbf5:11b0674b-d515-4933-bb20-e516981cd61a"><nobr><ecoicon item='Mortared Stone'>Mortared Stone проект</ecoicon></nobr></link></b> приостановлено. <style="Error">Заблокировано!</style> Всё ещё недостаёт 72 <b><link="Item:MortarItem"><style="Item"><nobr><ecoicon item='Mortar'>Mortar</ecoicon></nobr></style></link></b> and 117 <b><link="Item:StoneItem"><style="Item"><nobr><ecoicon item='Stone'>Камень</ecoicon></nobr></style></link></b>.</style>
 
[16:09:08.920] [137] [ Info] [Eco] DISCORDLINK DEBUG:Tag: _Crafting
 
[16:09:08.920] [137] [ Info] [Eco] DISCORDLINK DEBUG:Category: Info
 
[16:09:08.920] [137] [ Info] [Eco] DISCORDLINK DEBUG:Temporary: False
 
[16:09:08.920] [137] [ Info] [Eco] DISCORDLINK DEBUG:Sender: 
 
[16:09:12.623] [25] [ Info] [Eco] DISCORDLINK DEBUG:Message received from Discord on channel: сервер-в-работе
 
[16:09:25.133] [36] [ Info] [Eco] DISCORDLINK DEBUG:Message received from Discord on channel: сервер-в-работе
 
[16:09:30.795] [22] [ Info] [Eco] DISCORDLINK DEBUG:Message received from Discord on channel: сервер-в-работе
 
[16:09:52.973] [32] [ Info] [log] letmeplay invoked admin command '/give пшеничная каша, 40' 
[16:09:53.320] [137] [ Info] [Eco] DISCORDLINK DEBUG:Eco Message Processed:
 
[16:09:53.320] [137] [ Info] [Eco] DISCORDLINK DEBUG:Message: <style="InfoLight"><b><link="User::76561198025755741"><ecobadgeicon tier='4'><color=#51FFB7>letmeplay</color></ecobadgeicon></link></b> вызвал команду администратора '/give пшеничная каша, 40'</style>
 
[16:09:53.320] [137] [ Info] [Eco] DISCORDLINK DEBUG:Tag: _Notifications
 
[16:09:53.320] [137] [ Info] [Eco] DISCORDLINK DEBUG:Category: Info
 
[16:09:53.320] [137] [ Info] [Eco] DISCORDLINK DEBUG:Temporary: False
 
[16:09:53.320] [137] [ Info] [Eco] DISCORDLINK DEBUG:Sender: 
 
[16:09:53.526] [23] [ Info] [Eco] DISCORDLINK DEBUG:Message received from Discord on channel: сервер-в-работе
 
[16:09:57.757] [137] [ Info] [Eco] DISCORDLINK DEBUG:Eco Message Processed:
 
[16:09:57.757] [137] [ Info] [Eco] DISCORDLINK DEBUG:Message: <style="InfoLight"><b><link="WorkOrder:e0f11b7c-c538-4b8b-9546-21ee8e7e15a1:be35de31-e57d-423a-a788-bc22d5c8fa89"><nobr><ecoicon item='Stone'>Stone проект</ecoicon></nobr></link></b> приостановлено. <style="Error">Заблокировано!</style> Всё ещё недостаёт 6 292 <b><link="Item:LimestoneItem"><style="Item"><nobr><ecoicon item='Limestone'>Известняк</ecoicon></nobr></style></link></b>.</style>
 
[16:09:57.757] [137] [ Info] [Eco] DISCORDLINK DEBUG:Tag: _Crafting
 
[16:09:57.757] [137] [ Info] [Eco] DISCORDLINK DEBUG:Category: Info
 
[16:09:57.757] [137] [ Info] [Eco] DISCORDLINK DEBUG:Temporary: False
 
[16:09:57.757] [137] [ Info] [Eco] DISCORDLINK DEBUG:Sender: 
 
[16:10:01.809] [29] [ Info] [Eco] DISCORDLINK DEBUG:Message received from Discord on channel: сервер-в-работе
 
[16:10:05.766] [32] [ Info] [log] letmeplay invoked admin command '/give жаркое на костре, 20' 
[16:10:06.095] [137] [ Info] [Eco] DISCORDLINK DEBUG:Eco Message Processed:
 
[16:10:06.095] [137] [ Info] [Eco] DISCORDLINK DEBUG:Message: <style="InfoLight"><b><link="User::76561198025755741"><ecobadgeicon tier='4'><color=#51FFB7>letmeplay</color></ecobadgeicon></link></b> вызвал команду администратора '/give жаркое на костре, 20'</style>
 
[16:10:06.095] [137] [ Info] [Eco] DISCORDLINK DEBUG:Tag: _Notifications
 
[16:10:06.095] [137] [ Info] [Eco] DISCORDLINK DEBUG:Category: Info
 
[16:10:06.095] [137] [ Info] [Eco] DISCORDLINK DEBUG:Temporary: False
 
[16:10:06.095] [137] [ Info] [Eco] DISCORDLINK DEBUG:Sender: 
 
[16:10:06.655] [137] [ Info] [Eco] DISCORDLINK DEBUG:Eco Message Processed:
 
[16:10:06.655] [137] [ Info] [Eco] DISCORDLINK DEBUG:Message: <style="InfoLight">закончено изготовление <b><link="WorkOrder:4980740e-53ef-4910-81bc-13a734810e23:fccd2bc6-1b67-4ac4-987f-f3b41ae41762"><nobr><ecoicon item='Stockpile'>Stockpile проект</ecoicon></nobr></link></b> в <b><link="WorldObject:4980740e-53ef-4910-81bc-13a734810e23"><nobr><ecoicon item='Workbench'>Toster Верстак</ecoicon></nobr></link></b>.</style>
 
[16:10:06.655] [137] [ Info] [Eco] DISCORDLINK DEBUG:Tag: _Crafting
 
[16:10:06.655] [137] [ Info] [Eco] DISCORDLINK DEBUG:Category: Info
 
[16:10:06.655] [137] [ Info] [Eco] DISCORDLINK DEBUG:Temporary: False
 
[16:10:06.655] [137] [ Info] [Eco] DISCORDLINK DEBUG:Sender: 
 
[16:10:10.407] [28] [ Info] [Eco] DISCORDLINK DEBUG:Message received from Discord on channel: сервер-в-работе
 
[16:10:10.701] [16] [ Info] [Eco] DISCORDLINK DEBUG:Message received from Discord on channel: сервер-в-работе
 
[16:10:18.107] [29] [ Info] [Eco] DISCORDLINK DEBUG:Message received from Discord on channel: сервер-в-работе
 
[16:10:23.532] [28] [ Info] [Eco] DISCORDLINK DEBUG:Message received from Discord on channel: сервер-в-работе
 
[16:10:33.465] [36] [ Info] [Eco] DISCORDLINK DEBUG:Message received from Discord on channel: сервер-в-работе
 
[16:10:34.642] [16] [ Info] [Eco] DISCORDLINK DEBUG:Message received from Discord on channel: сервер-в-работе
 
[16:10:35.653] [25] [ Info] [Eco] DISCORDLINK DEBUG:Message received from Discord on channel: сервер-в-работе
 
[16:10:38.769] [17] [ Info] [Eco] DISCORDLINK DEBUG:Message received from Discord on channel: сервер-в-работе
 
[16:10:40.104] [16] [ Info] [Eco] DISCORDLINK DEBUG:Message received from Discord on channel: сервер-в-работе
 
[16:10:47.864] [22] [ Info] [Eco] DISCORDLINK DEBUG:Message received from Discord on channel: сервер-в-работе
 
[16:10:48.913] [25] [ Info] [Eco] DISCORDLINK DEBUG:Message received from Discord on channel: сервер-в-работе
 
[16:10:49.325] [137] [ Info] [Eco] DISCORDLINK DEBUG:Eco Message Processed:
 
[16:10:49.326] [137] [ Info] [Eco] DISCORDLINK DEBUG:Message: <style="InfoLight"><b><link="WorkOrder:1dfdbeb5-bfe2-42fc-8c18-5fc1dabccbf5:ab64c49e-d22d-44aa-b136-a6408cc9cd93"><nobr><ecoicon item='Mortar'>Mortar проект</ecoicon></nobr></link></b> приостановлено. <style="Error">Заблокировано!</style> Всё ещё недостаёт 106 <b><link="Item:SandItem"><style="Item"><nobr><ecoicon item='Sand'>Песок</ecoicon></nobr></style></link></b>.</style>
 
[16:10:49.326] [137] [ Info] [Eco] DISCORDLINK DEBUG:Tag: _Crafting
 
[16:10:49.326] [137] [ Info] [Eco] DISCORDLINK DEBUG:Category: Info
 
[16:10:49.326] [137] [ Info] [Eco] DISCORDLINK DEBUG:Temporary: False
 
[16:10:49.326] [137] [ Info] [Eco] DISCORDLINK DEBUG:Sender: 
 
[16:10:50.433] [137] [ Info] [Eco] DISCORDLINK DEBUG:Eco Message Processed:
 
[16:10:50.433] [137] [ Info] [Eco] DISCORDLINK DEBUG:Message: <style="InfoLight"><b><link="WorkOrder:1dfdbeb5-bfe2-42fc-8c18-5fc1dabccbf5:ab64c49e-d22d-44aa-b136-a6408cc9cd93"><nobr><ecoicon item='Mortar'>Mortar проект</ecoicon></nobr></link></b> приостановлено. <style="Error">Заблокировано!</style> Всё ещё недостаёт 106 <b><link="Item:SandItem"><style="Item"><nobr><ecoicon item='Sand'>Песок</ecoicon></nobr></style></link></b>.</style>
 
[16:10:50.433] [137] [ Info] [Eco] DISCORDLINK DEBUG:Tag: _Crafting
 
[16:10:50.436] [137] [ Info] [Eco] DISCORDLINK DEBUG:Category: Info
 
[16:10:50.436] [137] [ Info] [Eco] DISCORDLINK DEBUG:Temporary: False
 
[16:10:50.436] [137] [ Info] [Eco] DISCORDLINK DEBUG:Sender: 
 
[16:10:52.658] [137] [ Info] [Eco] DISCORDLINK DEBUG:Eco Message Processed:
 
[16:10:52.658] [137] [ Info] [Eco] DISCORDLINK DEBUG:Message: <style="InfoLight"><b><link="WorkOrder:1dfdbeb5-bfe2-42fc-8c18-5fc1dabccbf5:11b0674b-d515-4933-bb20-e516981cd61a"><nobr><ecoicon item='Mortared Stone'>Mortared Stone проект</ecoicon></nobr></link></b> приостановлено. <style="Error">Заблокировано!</style> Всё ещё недостаёт 69 <b><link="Item:MortarItem"><style="Item"><nobr><ecoicon item='Mortar'>Mortar</ecoicon></nobr></style></link></b> and 117 <b><link="Item:StoneItem"><style="Item"><nobr><ecoicon item='Stone'>Камень</ecoicon></nobr></style></link></b>.</style>
 
[16:10:52.658] [137] [ Info] [Eco] DISCORDLINK DEBUG:Tag: _Crafting
 
[16:10:52.658] [137] [ Info] [Eco] DISCORDLINK DEBUG:Category: Info
 
[16:10:52.658] [137] [ Info] [Eco] DISCORDLINK DEBUG:Temporary: False
 
[16:10:52.658] [137] [ Info] [Eco] DISCORDLINK DEBUG:Sender: 
 
[16:10:53.338] [28] [ Info] [Eco] DISCORDLINK DEBUG:Message received from Discord on channel: сервер-в-работе
 
[16:10:53.779] [137] [ Info] [Eco] DISCORDLINK DEBUG:Eco Message Processed:
 
[16:10:53.779] [137] [ Info] [Eco] DISCORDLINK DEBUG:Message: <style="InfoLight"><b><link="WorkOrder:1dfdbeb5-bfe2-42fc-8c18-5fc1dabccbf5:11b0674b-d515-4933-bb20-e516981cd61a"><nobr><ecoicon item='Mortared Stone'>Mortared Stone проект</ecoicon></nobr></link></b> приостановлено. <style="Error">Заблокировано!</style> Всё ещё недостаёт 69 <b><link="Item:MortarItem"><style="Item"><nobr><ecoicon item='Mortar'>Mortar</ecoicon></nobr></style></link></b> and 117 <b><link="Item:StoneItem"><style="Item"><nobr><ecoicon item='Stone'>Камень</ecoicon></nobr></style></link></b>.</style>
 
[16:10:53.779] [137] [ Info] [Eco] DISCORDLINK DEBUG:Tag: _Crafting
 
[16:10:53.779] [137] [ Info] [Eco] DISCORDLINK DEBUG:Category: Info
 
[16:10:53.779] [137] [ Info] [Eco] DISCORDLINK DEBUG:Temporary: False
 
[16:10:53.779] [137] [ Info] [Eco] DISCORDLINK DEBUG:Sender: 
 
[16:10:58.236] [137] [ Info] [Eco] DISCORDLINK DEBUG:Eco Message Processed:
 
[16:10:58.236] [137] [ Info] [Eco] DISCORDLINK DEBUG:Message: <style="InfoLight"><b><link="WorkOrder:37e24a5c-e471-4611-b83c-15d2033b527c:86aace2b-a4a9-4aad-af30-4263d56e8d10"><nobr><ecoicon item='Mortar'>Mortar проект</ecoicon></nobr></link></b> приостановлено. <style="Error">Заблокировано!</style> Всё ещё недостаёт 1 676 <b><link="Item:SandItem"><style="Item"><nobr><ecoicon item='Sand'>Песок</ecoicon></nobr></style></link></b>.</style>
 
[16:10:58.236] [137] [ Info] [Eco] DISCORDLINK DEBUG:Tag: _Crafting
 
[16:10:58.236] [137] [ Info] [Eco] DISCORDLINK DEBUG:Category: Info
 
[16:10:58.236] [137] [ Info] [Eco] DISCORDLINK DEBUG:Temporary: False
 
[16:10:58.236] [137] [ Info] [Eco] DISCORDLINK DEBUG:Sender: 
 
[16:10:58.271] [29] [ Info] [Eco] DISCORDLINK DEBUG:Message received from Discord on channel: сервер-в-работе
 
[16:11:03.739] [16] [ Info] [Eco] DISCORDLINK DEBUG:Message received from Discord on channel: сервер-в-работе
 
[16:11:04.876] [137] [ Info] [Eco] DISCORDLINK DEBUG:Eco Message Processed:
 
[16:11:04.876] [137] [ Info] [Eco] DISCORDLINK DEBUG:Message: <style="InfoLight">закончено изготовление <b><link="WorkOrder:51c7f741-51a5-46a0-a9c0-90942677a3a4:e4255c9b-491c-4d41-ac1b-65900951a602"><nobr><ecoicon item='Paper'>Paper проект</ecoicon></nobr></link></b> в <b><link="WorldObject:51c7f741-51a5-46a0-a9c0-90942677a3a4"><nobr><ecoicon item='Carpentry Table'>Bayan Плотницкий верстак</ecoicon></nobr></link></b>.</style>
 
[16:11:04.876] [137] [ Info] [Eco] DISCORDLINK DEBUG:Tag: _Crafting
 
[16:11:04.876] [137] [ Info] [Eco] DISCORDLINK DEBUG:Category: Info
 
[16:11:04.876] [137] [ Info] [Eco] DISCORDLINK DEBUG:Temporary: False
 
[16:11:04.876] [137] [ Info] [Eco] DISCORDLINK DEBUG:Sender: 
 
[16:11:04.876] [137] [ Info] [Eco] DISCORDLINK DEBUG:Eco Message Processed:
 
[16:11:04.876] [137] [ Info] [Eco] DISCORDLINK DEBUG:Message: <style="InfoLight">Вы получили <style="Info">200</style> Производство бумаги опыта за эту работу.</style>
 
[16:11:04.876] [137] [ Info] [Eco] DISCORDLINK DEBUG:Tag: _Crafting
 
[16:11:04.876] [137] [ Info] [Eco] DISCORDLINK DEBUG:Category: Info
 
[16:11:04.876] [137] [ Info] [Eco] DISCORDLINK DEBUG:Temporary: False
 
[16:11:04.876] [137] [ Info] [Eco] DISCORDLINK DEBUG:Sender: 
 
[16:11:10.439] [137] [ Info] [Eco] DISCORDLINK DEBUG:Eco Message Processed:
 
[16:11:10.439] [137] [ Info] [Eco] DISCORDLINK DEBUG:Message: <style="InfoLight">закончено изготовление <b><link="WorkOrder:e4e23e24-f911-4970-aa77-7038c1e5e407:f5c6492d-13d4-4798-966f-56750c8e3aa1"><nobr><ecoicon item='Lumber'>Lumber проект</ecoicon></nobr></link></b> в <b><link="WorldObject:e4e23e24-f911-4970-aa77-7038c1e5e407"><nobr><ecoicon item='Sawmill'>^_^Subaru™^_^ Лесопилка</ecoicon></nobr></link></b>.</style>
 
[16:11:10.439] [137] [ Info] [Eco] DISCORDLINK DEBUG:Tag: _Crafting
 
[16:11:10.439] [137] [ Info] [Eco] DISCORDLINK DEBUG:Category: Info
 
[16:11:10.439] [137] [ Info] [Eco] DISCORDLINK DEBUG:Temporary: False
 
[16:11:10.439] [137] [ Info] [Eco] DISCORDLINK DEBUG:Sender: 
 
[16:11:10.439] [137] [ Info] [Eco] DISCORDLINK DEBUG:Eco Message Processed:
 
[16:11:10.439] [137] [ Info] [Eco] DISCORDLINK DEBUG:Message: <style="InfoLight">Вы получили <style="Info">50</style> Пиломатериал опыта за эту работу.</style>
 
[16:11:10.439] [137] [ Info] [Eco] DISCORDLINK DEBUG:Tag: _Crafting
 
[16:11:10.439] [137] [ Info] [Eco] DISCORDLINK DEBUG:Category: Info
 
[16:11:10.439] [137] [ Info] [Eco] DISCORDLINK DEBUG:Temporary: False
 
[16:11:10.439] [137] [ Info] [Eco] DISCORDLINK DEBUG:Sender: 
 
[16:11:11.549] [137] [ Info] [Eco] DISCORDLINK DEBUG:Eco Message Processed:
 
[16:11:11.549] [137] [ Info] [Eco] DISCORDLINK DEBUG:Message: <style="InfoLight">закончено изготовление <b><link="WorkOrder:aa0ff82e-da50-48de-8997-fcd941039a21:c3ae64df-f95b-4402-b706-4ed82a0cdb1b"><nobr><ecoicon item='Hewn Log'>Hewn Log проект</ecoicon></nobr></link></b> в <b><link="WorldObject:aa0ff82e-da50-48de-8997-fcd941039a21"><nobr><ecoicon item='Carpentry Table'>^_^Subaru™^_^ Плотницкий верстак</ecoicon></nobr></link></b>.</style>
 
[16:11:11.549] [137] [ Info] [Eco] DISCORDLINK DEBUG:Tag: _Crafting
 
[16:11:11.549] [137] [ Info] [Eco] DISCORDLINK DEBUG:Category: Info
 
[16:11:11.549] [137] [ Info] [Eco] DISCORDLINK DEBUG:Temporary: False
 
[16:11:11.549] [137] [ Info] [Eco] DISCORDLINK DEBUG:Sender: 
 
[16:11:22.771] [22] [ Info] [Eco] DISCORDLINK DEBUG:Message received from Discord on channel: сервер-в-работе
 
[16:11:26.620] [11] [ Info] [Eco] DISCORDLINK DEBUG:Message received from Discord on channel: сервер-в-работе
 
[16:11:26.895] [17] [ Info] [Eco] DISCORDLINK DEBUG:Message received from Discord on channel: сервер-в-работе
 
[16:11:44.367] [23] [ Info] [Eco] DISCORDLINK DEBUG:Message received from Discord on channel: сервер-в-работе
 
[16:11:48.484] [10] [ Info] [Eco] DISCORDLINK DEBUG:Message received from Discord on channel: сервер-в-работе
 
[16:12:02.941] [34] [ Info] [Eco] DISCORDLINK DEBUG:Message received from Discord on channel: сервер-в-работе
 
[16:12:05.858] [137] [ Info] [Eco] DISCORDLINK DEBUG:Eco Message Processed:
 
[16:12:05.858] [137] [ Info] [Eco] DISCORDLINK DEBUG:Message: <style="InfoLight">закончено изготовление <b><link="WorkOrder:0fe6bb8a-bc0d-42c9-8bd7-909909e3de2e:21c5414d-2ffe-420d-8cf4-bbc6f21e9617"><nobr><ecoicon item='Iron Gear'>Iron Gear проект</ecoicon></nobr></link></b> в <b><link="WorldObject:0fe6bb8a-bc0d-42c9-8bd7-909909e3de2e"><nobr><ecoicon item='Shaper'>Immortall Строгальный станок</ecoicon></nobr></link></b>.</style>
 
[16:12:05.858] [137] [ Info] [Eco] DISCORDLINK DEBUG:Tag: _Crafting
 
[16:12:05.858] [137] [ Info] [Eco] DISCORDLINK DEBUG:Category: Info
 
[16:12:05.858] [137] [ Info] [Eco] DISCORDLINK DEBUG:Temporary: False
 
[16:12:05.858] [137] [ Info] [Eco] DISCORDLINK DEBUG:Sender: 
 
[16:12:05.858] [137] [ Info] [Eco] DISCORDLINK DEBUG:Eco Message Processed:
 
[16:12:05.858] [137] [ Info] [Eco] DISCORDLINK DEBUG:Message: <style="InfoLight">Вы получили <style="Info">20</style> Механика опыта за эту работу.</style>
 
[16:12:05.858] [137] [ Info] [Eco] DISCORDLINK DEBUG:Tag: _Crafting
 
[16:12:05.858] [137] [ Info] [Eco] DISCORDLINK DEBUG:Category: Info
 
[16:12:05.858] [137] [ Info] [Eco] DISCORDLINK DEBUG:Temporary: False
 
[16:12:05.858] [137] [ Info] [Eco] DISCORDLINK DEBUG:Sender: 
 
[16:12:21.670] [36] [ Info] [Eco] DISCORDLINK DEBUG:Message received from Discord on channel: сервер-в-работе
 
[16:12:22.319] [32] [ Info] [log] letmeplay invoked admin command '/save' 
[16:12:22.328] [21] [ Info] [Eco] Сохранение мира...  
[16:12:27.347] [137] [ Info] [Eco] DISCORDLINK DEBUG:Eco Message Processed:
 
[16:12:27.347] [137] [ Info] [Eco] DISCORDLINK DEBUG:Message: <style="InfoLight"><b><link="User::76561198025755741"><ecobadgeicon tier='4'><color=#51FFB7>letmeplay</color></ecobadgeicon></link></b> вызвал команду администратора '/save'</style>
 
[16:12:27.347] [137] [ Info] [Eco] DISCORDLINK DEBUG:Tag: _Notifications
 
[16:12:27.347] [137] [ Info] [Eco] DISCORDLINK DEBUG:Category: Info
 
[16:12:27.347] [137] [ Info] [Eco] DISCORDLINK DEBUG:Temporary: False
 
[16:12:27.347] [137] [ Info] [Eco] DISCORDLINK DEBUG:Sender: 
 
[16:12:32.280] [13] [ Info] [Eco] DISCORDLINK DEBUG:Message received from Discord on channel: сервер-в-работе
 
[16:12:33.828] [25] [ Info] [Eco] DISCORDLINK DEBUG:Message received from Discord on channel: сервер-в-работе
 
[16:12:33.869] [19] [ Info] [Eco] DISCORDLINK DEBUG:Message received from Discord on channel: сервер-в-работе
 
[16:12:33.948] [137] [ Info] [Eco] DISCORDLINK DEBUG:Eco Message Processed:
 
[16:12:33.948] [137] [ Info] [Eco] DISCORDLINK DEBUG:Message: <style="InfoLight"><b><link="WorkOrder:1dfdbeb5-bfe2-42fc-8c18-5fc1dabccbf5:ab64c49e-d22d-44aa-b136-a6408cc9cd93"><nobr><ecoicon item='Mortar'>Mortar проект</ecoicon></nobr></link></b> приостановлено. <style="Error">Заблокировано!</style> Всё ещё недостаёт 105 <b><link="Item:SandItem"><style="Item"><nobr><ecoicon item='Sand'>Песок</ecoicon></nobr></style></link></b>.</style>
 
[16:12:33.948] [137] [ Info] [Eco] DISCORDLINK DEBUG:Tag: _Crafting
 
[16:12:33.948] [137] [ Info] [Eco] DISCORDLINK DEBUG:Category: Info
 
[16:12:33.951] [137] [ Info] [Eco] DISCORDLINK DEBUG:Temporary: False
 
[16:12:33.951] [137] [ Info] [Eco] DISCORDLINK DEBUG:Sender: 
 
[16:12:35.056] [137] [ Info] [Eco] DISCORDLINK DEBUG:Eco Message Processed:
 
[16:12:35.056] [137] [ Info] [Eco] DISCORDLINK DEBUG:Message: <style="InfoLight"><b><link="WorkOrder:1dfdbeb5-bfe2-42fc-8c18-5fc1dabccbf5:ab64c49e-d22d-44aa-b136-a6408cc9cd93"><nobr><ecoicon item='Mortar'>Mortar проект</ecoicon></nobr></link></b> приостановлено. <style="Error">Заблокировано!</style> Всё ещё недостаёт 105 <b><link="Item:SandItem"><style="Item"><nobr><ecoicon item='Sand'>Песок</ecoicon></nobr></style></link></b>.</style>
 
[16:12:35.056] [137] [ Info] [Eco] DISCORDLINK DEBUG:Tag: _Crafting
 
[16:12:35.056] [137] [ Info] [Eco] DISCORDLINK DEBUG:Category: Info
 
[16:12:35.056] [137] [ Info] [Eco] DISCORDLINK DEBUG:Temporary: False
 
[16:12:35.062] [137] [ Info] [Eco] DISCORDLINK DEBUG:Sender: 
 
[16:12:35.611] [34] [ Info] [Eco] DISCORDLINK DEBUG:Message received from Discord on channel: сервер-в-работе
 
[16:12:37.263] [137] [ Info] [Eco] DISCORDLINK DEBUG:Eco Message Processed:
 
[16:12:37.265] [137] [ Info] [Eco] DISCORDLINK DEBUG:Message: <style="InfoLight"><b><link="WorkOrder:1dfdbeb5-bfe2-42fc-8c18-5fc1dabccbf5:11b0674b-d515-4933-bb20-e516981cd61a"><nobr><ecoicon item='Mortared Stone'>Mortared Stone проект</ecoicon></nobr></link></b> приостановлено. <style="Error">Заблокировано!</style> Всё ещё недостаёт 66 <b><link="Item:MortarItem"><style="Item"><nobr><ecoicon item='Mortar'>Mortar</ecoicon></nobr></style></link></b> and 117 <b><link="Item:StoneItem"><style="Item"><nobr><ecoicon item='Stone'>Камень</ecoicon></nobr></style></link></b>.</style>
 
[16:12:37.265] [137] [ Info] [Eco] DISCORDLINK DEBUG:Tag: _Crafting
 
[16:12:37.265] [137] [ Info] [Eco] DISCORDLINK DEBUG:Category: Info
 
[16:12:37.265] [137] [ Info] [Eco] DISCORDLINK DEBUG:Temporary: False
 
[16:12:37.265] [137] [ Info] [Eco] DISCORDLINK DEBUG:Sender: 
 
[16:12:40.903] [35] [ Info] [Eco] DISCORDLINK DEBUG:Message received from Discord on channel: сервер-в-работе
 
[16:12:41.961] [19] [ Info] [Eco] DISCORDLINK DEBUG:Message received from Discord on channel: сервер-в-работе
 
[16:12:48.861] [138] [ Info] [Eco] DISCORDLINK DEBUG:Message received from Discord on channel: сервер-в-работе
 
[16:13:02.652] [138] [ Info] [Eco] DISCORDLINK DEBUG:Message received from Discord on channel: сервер-в-работе
 
[16:13:05.889] [29] [ Info] [Eco] DISCORDLINK DEBUG:Message received from Discord on channel: сервер-в-работе
 
[16:13:13.802] [17] [ Info] [Eco] DISCORDLINK DEBUG:Message received from Discord on channel: сервер-в-работе
 
[16:13:31.770] [15] [ Info] [Eco] DISCORDLINK DEBUG:Message received from Discord on channel: сервер-в-работе
 
[16:13:33.671] [16] [ Info] [Eco] DISCORDLINK DEBUG:Message received from Discord on channel: сервер-в-работе
 
[16:13:35.129] [15] [ Info] [Eco] DISCORDLINK DEBUG:Message received from Discord on channel: сервер-в-работе
 
[16:13:40.189] [137] [ Info] [Eco] DISCORDLINK DEBUG:Eco Message Processed:
 
[16:13:40.189] [137] [ Info] [Eco] DISCORDLINK DEBUG:Message: <style="InfoLight">закончено изготовление <b><link="WorkOrder:c0f79b74-449f-4fc4-9a41-2ab9ff00d3c4:b1351195-6584-4fe5-9147-8cb025bed90f"><nobr><ecoicon item='Prepared Meat'>Prepared Meat проект</ecoicon></nobr></link></b> в <b><link="WorldObject:c0f79b74-449f-4fc4-9a41-2ab9ff00d3c4"><nobr><ecoicon item='Butchery Table'>fugasec Разделочный стол</ecoicon></nobr></link></b>.</style>
 
[16:13:40.189] [137] [ Info] [Eco] DISCORDLINK DEBUG:Tag: _Crafting
 
[16:13:40.189] [137] [ Info] [Eco] DISCORDLINK DEBUG:Category: Info
 
[16:13:40.189] [137] [ Info] [Eco] DISCORDLINK DEBUG:Temporary: False
 
[16:13:40.189] [137] [ Info] [Eco] DISCORDLINK DEBUG:Sender: 
 
[16:13:40.189] [137] [ Info] [Eco] DISCORDLINK DEBUG:Eco Message Processed:
 
[16:13:40.189] [137] [ Info] [Eco] DISCORDLINK DEBUG:Message: <style="InfoLight">Вы получили <style="Info">34</style> Разделка животных опыта за эту работу.</style>
 
[16:13:40.189] [137] [ Info] [Eco] DISCORDLINK DEBUG:Tag: _Crafting
 
[16:13:40.189] [137] [ Info] [Eco] DISCORDLINK DEBUG:Category: Info
 
[16:13:40.189] [137] [ Info] [Eco] DISCORDLINK DEBUG:Temporary: False
 
[16:13:40.189] [137] [ Info] [Eco] DISCORDLINK DEBUG:Sender: 
 
[16:13:48.843] [26] [ Info] [Eco] DISCORDLINK DEBUG:Message received from Discord on channel: сервер-в-работе
 
[16:13:50.511] [15] [ Info] [Eco] DISCORDLINK DEBUG:Message received from Discord on channel: сервер-в-работе
 
[16:13:56.311] [13] [ Info] [Eco] DISCORDLINK DEBUG:Message received from Discord on channel: сервер-в-работе
 
[16:14:01.253] [25] [ Info] [Eco] DISCORDLINK DEBUG:Message received from Discord on channel: сервер-в-работе
 
[16:14:01.529] [143] [ Info] [Eco] DISCORDLINK DEBUG:Message received from Discord on channel: сервер-в-работе
 
[16:14:03.415] [11] [ Info] [Eco] DISCORDLINK DEBUG:Message received from Discord on channel: сервер-в-работе
 
[16:14:03.905] [22] [ Info] [Eco] DISCORDLINK DEBUG:Message received from Discord on channel: сервер-в-работе
 
[16:14:04.763] [29] [ Info] [Eco] DISCORDLINK DEBUG:Message received from Discord on channel: сервер-в-работе
 
[16:14:10.481] [137] [ Info] [Eco] DISCORDLINK DEBUG:Eco Message Processed:
 
[16:14:10.481] [137] [ Info] [Eco] DISCORDLINK DEBUG:Message: <style="InfoLight"><b><link="User::76561198025755741"><ecobadgeicon tier='4'><color=#51FFB7>letmeplay</color></ecobadgeicon></link></b> вернулся в игру (Последний раз в сети 1m 43s назад).</style>
 
[16:14:10.491] [137] [ Info] [Eco] DISCORDLINK DEBUG:Tag: _Logins
 
[16:14:10.491] [137] [ Info] [Eco] DISCORDLINK DEBUG:Category: Info
 
[16:14:10.506] [137] [ Info] [Eco] DISCORDLINK DEBUG:Temporary: False
 
[16:14:10.506] [137] [ Info] [Eco] DISCORDLINK DEBUG:Sender: 
 
[16:14:18.252] [137] [ Info] [Eco] DISCORDLINK DEBUG:Eco Message Processed:
 
[16:14:18.252] [137] [ Info] [Eco] DISCORDLINK DEBUG:Message: <style="InfoLight"><b><link="WorkOrder:1dfdbeb5-bfe2-42fc-8c18-5fc1dabccbf5:ab64c49e-d22d-44aa-b136-a6408cc9cd93"><nobr><ecoicon item='Mortar'>Mortar проект</ecoicon></nobr></link></b> приостановлено. <style="Error">Заблокировано!</style> Всё ещё недостаёт 104 <b><link="Item:SandItem"><style="Item"><nobr><ecoicon item='Sand'>Песок</ecoicon></nobr></style></link></b>.</style>
 
[16:14:18.252] [137] [ Info] [Eco] DISCORDLINK DEBUG:Tag: _Crafting
 
[16:14:18.252] [137] [ Info] [Eco] DISCORDLINK DEBUG:Category: Info
 
[16:14:18.252] [137] [ Info] [Eco] DISCORDLINK DEBUG:Temporary: False
 
[16:14:18.252] [137] [ Info] [Eco] DISCORDLINK DEBUG:Sender: 
 
[16:14:19.361] [137] [ Info] [Eco] DISCORDLINK DEBUG:Eco Message Processed:
 
[16:14:19.361] [137] [ Info] [Eco] DISCORDLINK DEBUG:Message: <style="InfoLight"><b><link="WorkOrder:1dfdbeb5-bfe2-42fc-8c18-5fc1dabccbf5:ab64c49e-d22d-44aa-b136-a6408cc9cd93"><nobr><ecoicon item='Mortar'>Mortar проект</ecoicon></nobr></link></b> приостановлено. <style="Error">Заблокировано!</style> Всё ещё недостаёт 104 <b><link="Item:SandItem"><style="Item"><nobr><ecoicon item='Sand'>Песок</ecoicon></nobr></style></link></b>.</style>
 
[16:14:19.361] [137] [ Info] [Eco] DISCORDLINK DEBUG:Tag: _Crafting
 
[16:14:19.361] [137] [ Info] [Eco] DISCORDLINK DEBUG:Category: Info
 
[16:14:19.361] [137] [ Info] [Eco] DISCORDLINK DEBUG:Temporary: False
 
[16:14:19.361] [137] [ Info] [Eco] DISCORDLINK DEBUG:Sender: 
 
[16:14:30.585] [25] [ Info] [Eco] DISCORDLINK DEBUG:Message received from Discord on channel: сервер-в-работе
 
[16:14:34.799] [11] [ Info] [Eco] DISCORDLINK DEBUG:Message received from Discord on channel: сервер-в-работе
 
[16:14:38.734] [142] [ Info] [log] letmeplay invoked admin command '/save' 
[16:14:38.734] [22] [ Info] [Eco] Сохранение мира...  
[16:14:53.757] [28] [ Info] [Eco] DISCORDLINK DEBUG:Message received from Discord on channel: сервер-в-работе
 
[16:15:05.649] [137] [ Info] [Eco] DISCORDLINK DEBUG:Eco Message Processed:
 
[16:15:05.649] [137] [ Info] [Eco] DISCORDLINK DEBUG:Message: <style="InfoLight">закончено изготовление <b><link="WorkOrder:88d71a69-8a61-4f3f-a15c-85d3c931196c:8b0de943-c47b-4f78-9e44-222bea7a3076"><nobr><ecoicon item='Construction Post'>Construction Post проект</ecoicon></nobr></link></b> в <b><link="WorldObject:88d71a69-8a61-4f3f-a15c-85d3c931196c"><nobr><ecoicon item='Workbench'>Серый Волк Верстак</ecoicon></nobr></link></b>.</style>
 
[16:15:05.649] [137] [ Info] [Eco] DISCORDLINK DEBUG:Tag: _Crafting
 
[16:15:05.656] [137] [ Info] [Eco] DISCORDLINK DEBUG:Category: Info
 
[16:15:05.656] [137] [ Info] [Eco] DISCORDLINK DEBUG:Temporary: False
 
[16:15:05.656] [137] [ Info] [Eco] DISCORDLINK DEBUG:Sender: 
 
[16:15:06.779] [137] [ Info] [Eco] DISCORDLINK DEBUG:Eco Message Processed:
 
[16:15:06.779] [137] [ Info] [Eco] DISCORDLINK DEBUG:Message: <style="InfoLight"><b><link="User::76561198025755741"><ecobadgeicon tier='4'><color=#51FFB7>letmeplay</color></ecobadgeicon></link></b> покинул игру</style>
 
[16:15:06.780] [137] [ Info] [Eco] DISCORDLINK DEBUG:Tag: _Logins
 
[16:15:06.780] [137] [ Info] [Eco] DISCORDLINK DEBUG:Category: Info
 
[16:15:06.780] [137] [ Info] [Eco] DISCORDLINK DEBUG:Temporary: False
 
[16:15:06.780] [137] [ Info] [Eco] DISCORDLINK DEBUG:Sender: 
 
[16:15:09.559] [15] [ Info] [Eco] DISCORDLINK DEBUG:Message received from Discord on channel: сервер-в-работе
 
