[03:13:15.845] [1] [ Info] [Eco] >>> START EcoServer, Version=1.0.0.0, Culture=neutral, PublicKeyToken=null 
[03:13:15.876] [1] [ Info] [Eco] Eco Server 0.8.3.2 beta
 
[03:13:15.957] [1] [ Info] [Eco] Server Initialization...  
[03:13:15.957] [1] [ Info] [Eco] Starting LocalizationPlugin...  
[03:13:16.345] [1] [ Info] [Eco] Запуск ПлагинНабораМодификаций...  
[03:13:16.345] [1] [ Info] [Eco] Загрузка модификаций...  
[03:13:16.467] [1] [ Info] [Eco] Компилирование модификаций...  
[03:13:18.144] [1] [ Info] [Eco] Загружаем 0Harmony...
 
[03:13:18.144] [1] [ Info] [Eco] Загружаем Asphalt-ModKit...
 
[03:13:18.271] [1] [ Info] [Eco] Загружаем Eco.IntegrationTests...
 
[03:13:18.271] [1] [ Info] [Eco] Загружаем DiscordLinkUnified...
 
[03:13:18.333] [1] [ Info] [Eco] Загружаем EcoStory...
 
[03:13:18.333] [1] [ Info] [Eco] Загружаем HPStorage...
 
[03:13:18.333] [1] [ Info] [Eco] Загрузка модификаций завершена за 1 992,3мс
 
[03:13:18.342] [1] [ Info] [Eco] Запуск МенеджерСети...  
[03:13:18.342] [7] [ Info] [Eco] Инициализация типов симуляции...  
[03:13:18.415] [15] [ Info] [Eco] Запуск ПлагинГенератораМира...  
[03:13:18.415] [17] [ Info] [Eco] Запуск ПлагинРезервногоКопирования...  
[03:13:18.415] [6] [ Info] [Eco] Запуск ПлагинИгровойСтатистики...  
[03:13:18.423] [17] [ Info] [Eco] Запуск МенеджерХранилища...  
[03:13:19.864] [7] [ Info] [Eco] Инициализация предметов...  
[03:13:19.933] [7] [ Info] [NidToolbox] Checking Settings.json 
[03:13:19.939] [7] [ Info] [NidToolbox] Config file: Mods\NidToolbox\Config\Settings.json exists. 
[03:13:19.939] [7] [ Info] [NidToolbox] Json file: Mods\NidToolbox\Config\Settings.json readable and correct. 
[03:13:19.939] [7] [ Info] [NidToolbox] Checking CommandPermissions.json 
[03:13:19.939] [7] [ Info] [NidToolbox] Config file: Mods\NidToolbox\Config\CommandPermissions.json exists. 
[03:13:19.939] [7] [ Info] [NidToolbox] Json file: Mods\NidToolbox\Config\CommandPermissions.json readable and correct. 
[03:13:19.939] [7] [ Info] [NidToolbox] Checking TimerMessages.json 
[03:13:19.939] [7] [ Info] [NidToolbox] Config file: Mods\NidToolbox\Config\TimerMessages.json exists. 
[03:13:19.939] [7] [ Info] [NidToolbox] Json file: Mods\NidToolbox\Config\TimerMessages.json readable and correct. 
[03:13:19.939] [7] [ Info] [NidToolbox] Checking ScheduledMessages.json 
[03:13:19.956] [7] [ Info] [NidToolbox] Config file: Mods\NidToolbox\Config\ScheduledMessages.json exists. 
[03:13:19.956] [7] [ Info] [NidToolbox] Json file: Mods\NidToolbox\Config\ScheduledMessages.json readable and correct. 
[03:13:19.956] [7] [ Info] [NidToolbox] No UserHomes directory, skipping user homes config checks. 
[03:13:20.746] [17] [ Info] [Eco] Запуск Плагин паузы...  
[03:13:20.757] [17] [ Info] [Eco] Загружаем Pause...  
[03:13:22.565] [7] [ Info] [Eco] Инициализация навыков...  
[03:13:22.666] [17] [ Info] [Eco] Запуск БДСтатистики...  
[03:13:22.666] [11] [ Info] [Eco] Запуск ПлагинМира...  
[03:13:22.718] [11] [ Info] [Eco] Загружаем World...  
[03:13:26.113] [11] [ Info] [Eco] Инициализация мира...  
[03:13:27.896] [11] [ Info] [Eco] Запуск ПлагинВремени...  
[03:13:27.896] [11] [ Info] [Eco] Загружаем Time...  
[03:13:27.896] [11] [ Info] [Eco] Запуск ПлагинРепутации...  
[03:13:27.906] [11] [ Info] [Eco] Загружаем Reputation...  
[03:13:27.939] [11] [ Info] [Eco] Запуск МенеджерЖильяИгроков...  
[03:13:27.939] [11] [ Info] [Eco] Запуск МенеджерПользователей...  
[03:13:27.988] [11] [ Info] [Eco] Загружаем Users...  
[03:13:28.329] [11] [ Info] [Eco] Инициализация инвентарей...  
[03:13:28.374] [11] [ Info] [Eco] Запуск МенеджерОбъектовЭко...  
[03:13:28.374] [11] [ Info] [Eco] Загружаем Objects...  
[03:13:28.602] [17] [ Info] [Eco] Запуск ПлагинМусора...  
[03:13:28.602] [27] [ Info] [Eco] Запуск НастройкиСложности...  
[03:13:28.602] [25] [ Info] [Eco] Запуск VoiceManager...  
[03:13:28.602] [16] [ Info] [Eco] Запуск ПлагинУгроз...  
[03:13:28.602] [36] [ Info] [Eco] Запуск МенеджерКонтроллера...  
[03:13:28.602] [11] [ Info] [Eco] Запуск ПлагинЭкономики...  
[03:13:28.602] [14] [ Info] [Eco] Запуск СерверЧата...  
[03:13:28.602] [17] [ Info] [Eco] Загружаем Garbage...  
[03:13:28.614] [11] [ Info] [Eco] Загружаем Economy...  
[03:13:29.159] [11] [ Info] [Eco] Запуск Законодательство...  
[03:13:29.159] [16] [ Info] [Eco] Загружаем Disasters...  
[03:13:29.159] [14] [ Info] [Eco] Загружаем Chat...  
[03:13:34.161] [11] [ Info] [Eco] Загружаем Laws...  
[03:13:34.282] [11] [ Info] [Eco] Запуск МенеджерСобственности...  
[03:13:34.282] [11] [ Info] [Eco] Загружаем Property...  
[03:13:34.406] [11] [ Info] [Eco] Запуск МенеджерМиникарты...  
[03:13:34.406] [11] [ Info] [Eco] Запуск СимуляцияЭко...  
[03:13:34.481] [11] [ Info] [Eco] Загружаем Plants...  
[03:13:35.848] [11] [ Info] [Eco] Инициализация растений...  
[03:13:42.146] [11] [ Info] [Eco] Запуск RouteProbingPlugin...  
[03:13:42.146] [11] [ Info] [Eco] Загружаем RouteProbing...  
[03:13:44.589] [11] [ Info] [Eco] Запуск МенеджерСлоёвМира...  
[03:13:44.593] [11] [ Info] [Eco] Загружаем Layers...  
[03:13:45.287] [11] [ Info] [Eco] Инициализация слоёв мира...  
[03:13:45.298] [11] [ Info] [Eco] Загружаем ClimateSim...  
[03:13:48.074] [11] [ Info] [Eco] Запуск ТрекерЭкономики...  
[03:13:48.080] [11] [ Info] [Eco] Запуск UserTracker...  
[03:13:48.080] [11] [ Info] [Eco] Запуск МенеджерМировыхОбъектов...  
[03:13:48.168] [11] [ Info] [Eco] Загружаем WorldObjects...  
[03:13:49.145] [11] [ Info] [Eco] Запуск ПлагинКомнат...  
[03:13:49.145] [11] [ Info] [Eco] Загружаем Rooms...  
[03:13:49.161] [11] [ Info] [Eco] Запуск ПлагинЦелей...  
[03:13:49.161] [11] [ Info] [Eco] Загружаем Objectives...  
[03:13:49.187] [11] [ Info] [Eco] Запуск ПлагинСна...  
[03:13:49.187] [11] [ Info] [Eco] Загружаем Sleep...  
[03:13:49.187] [1] [ Info] [Eco] Запуск ПлагинВебСервера...  
[03:13:49.187] [1] [ Info] [Eco] Запуск OtherAliasCategory...  
[03:13:49.187] [6] [ Info] [Eco] Запуск NidToolboxPlugin...  
[03:13:49.187] [5] [ Info] [Eco] Запуск ПлагинТестовИнтеграции...  
[03:13:49.202] [16] [ Info] [Eco] Запуск Asphalt...  
[03:13:49.202] [33] [ Info] [Eco] Запуск DiscordLink...  
[03:13:49.345] [1] [ Info] [Eco] Инициализируем ПлагинПеревода...  
[03:13:49.345] [1] [ Info] [Eco] Инициализируем ПлагинНабораМодификаций...  
[03:13:49.559] [1] [ Info] [Eco] Инициализируем ПлагинГенератораМира...  
[03:13:49.559] [1] [ Info] [Eco] Инициализируем МенеджерПользователей...  
[03:13:49.653] [1] [ Info] [Eco] Инициализируем ПлагинМусора...  
[03:13:49.674] [1] [ Info] [Eco] Инициализируем ПлагинЭкономики...  
[03:13:49.787] [1] [ Info] [Eco] Инициализируем Законодательство...  
[03:14:06.838] [1] [ Info] [Eco] Инициализируем МенеджерСобственности...  
[03:14:06.869] [1] [ Info] [Eco] Инициализируем МенеджерМиникарты...  
[03:14:07.783] [1] [ Info] [Eco] Инициализируем UserTracker...  
[03:14:07.800] [1] [ Info] [Eco] Инициализируем МенеджерМировыхОбъектов...  
[03:14:13.960] [1] [ Info] [Eco] Инициализируем ПлагинКомнат...  
[03:14:16.633] [1] [ Info] [Eco] Инициализируем ПлагинСна...  
[03:14:16.633] [1] [ Info] [Eco] Инициализируем NidToolboxPlugin...  
[03:14:16.653] [1] [ Info] [NidToolbox] Checking declared file: Mods\NidToolbox\Texts\Motd.txt 
[03:14:16.653] [1] [ Info] [NidToolbox] Config file:  Mods\NidToolbox\Texts\Motd.txt exists. 
[03:14:16.653] [1] [ Info] [NidToolbox] Config file:  Mods\NidToolbox\Texts\Motd.txt readable. 
[03:14:16.655] [1] [ Info] [NidToolbox] Checking declared file: Mods\NidToolbox\Texts\Rules.txt 
[03:14:16.655] [1] [ Info] [NidToolbox] Config file:  Mods\NidToolbox\Texts\Rules.txt exists. 
[03:14:16.655] [1] [ Info] [NidToolbox] Config file:  Mods\NidToolbox\Texts\Rules.txt readable. 
[03:14:16.655] [1] [ Info] [NidToolbox] Checking declared file: Mods\NidToolbox\Texts\ServerChangelog.txt 
[03:14:16.655] [1] [ Info] [NidToolbox] Config file:  Mods\NidToolbox\Texts\ServerChangelog.txt exists. 
[03:14:16.655] [1] [ Info] [NidToolbox] Config file:  Mods\NidToolbox\Texts\ServerChangelog.txt readable. 
[03:14:16.772] [1] [ Info] [Eco] Инициализируем DiscordLink...  
[03:14:16.805] [1] [ Info] [Eco] Инициализируем ПлагинМира...  
[03:14:16.805] [1] [ Info] [Eco] Обработка...  
[03:14:17.086] [137] [ Info] [Eco] DISCORDLINK ERROR: Error connecting to discord: Authentication failed. Check your token and try again.

 
[03:14:19.575] [1] [ Info] [Eco] Сжатие...  
[03:14:23.562] [1] [ Info] [Eco] Инициализируем МенеджерСети...  
[03:14:23.824] [1] [ Info] [Eco] Инициализируем МенеджерСлоёвМира...  
[03:14:23.824] [1] [ Info] [Eco] Инициализируем ПлагинВебСервера...  
[03:14:24.726] [1] [ Info] [Eco] Инициализируем ПлагинТестовИнтеграции...  
[03:14:24.733] [1] [ Info] [NidToolbox] OK - Mono not detected, not a Linux environment 
[03:14:24.733] [1] [ Info] [NidToolbox] All commands in config up to date. 
[03:14:24.824] [1] [ Info] [NidToolbox] Running NidToolbox version 1.8.7 
[03:14:24.845] [1] [ Info] [Eco] Server Initialization завершена за 68 887,5мс
 
[03:14:30.541] [168] [ Info] [Eco] Ошибка при записи статистики в БД: InvalidCastException Не удалось привести тип объекта "LiteDB.EmptyPage" к типу "LiteDB.DataPage".
 
[03:14:31.722] [168] [ Info] [Eco] Ошибка при записи статистики в БД: InvalidCastException Не удалось привести тип объекта "LiteDB.EmptyPage" к типу "LiteDB.HeaderPage".
 
[03:14:31.722] [168] [ Info] [Eco] Ошибка при записи статистики в БД: InvalidCastException Не удалось привести тип объекта "LiteDB.EmptyPage" к типу "LiteDB.HeaderPage".
 
[03:14:31.722] [168] [ Info] [Eco] Ошибка при записи статистики в БД: InvalidCastException Не удалось привести тип объекта "LiteDB.EmptyPage" к типу "LiteDB.HeaderPage".
 
[03:14:31.785] [168] [ Info] [Eco] Ошибка при записи статистики в БД: InvalidCastException Не удалось привести тип объекта "LiteDB.EmptyPage" к типу "LiteDB.HeaderPage".
 
[03:14:34.063] [168] [ Info] [Eco] Ошибка при записи статистики в БД: InvalidCastException Не удалось привести тип объекта "LiteDB.EmptyPage" к типу "LiteDB.HeaderPage".
 
[03:14:34.063] [168] [ Info] [Eco] Ошибка при записи статистики в БД: InvalidCastException Не удалось привести тип объекта "LiteDB.EmptyPage" к типу "LiteDB.HeaderPage".
 
[03:14:34.063] [168] [ Info] [Eco] Ошибка при записи статистики в БД: InvalidCastException Не удалось привести тип объекта "LiteDB.EmptyPage" к типу "LiteDB.HeaderPage".
 
[03:14:39.839] [168] [ Info] [Eco] Ошибка при записи статистики в БД: InvalidCastException Не удалось привести тип объекта "LiteDB.EmptyPage" к типу "LiteDB.HeaderPage".
 
[03:14:42.206] [168] [ Info] [Eco] Ошибка при записи статистики в БД: InvalidCastException Не удалось привести тип объекта "LiteDB.EmptyPage" к типу "LiteDB.HeaderPage".
 
[03:14:42.206] [168] [ Info] [Eco] Ошибка при записи статистики в БД: InvalidCastException Не удалось привести тип объекта "LiteDB.EmptyPage" к типу "LiteDB.HeaderPage".
 
[03:14:42.206] [168] [ Info] [Eco] Ошибка при записи статистики в БД: InvalidCastException Не удалось привести тип объекта "LiteDB.EmptyPage" к типу "LiteDB.HeaderPage".
 
[03:14:49.980] [140] [ Info] [Eco] DISCORDLINK: Discord Token changed, reinitialising client.

 
[03:14:50.510] [168] [ Info] [Eco] Ошибка при записи статистики в БД: InvalidCastException Не удалось привести тип объекта "LiteDB.EmptyPage" к типу "LiteDB.HeaderPage".
 
[03:14:50.510] [168] [ Info] [Eco] Ошибка при записи статистики в БД: InvalidCastException Не удалось привести тип объекта "LiteDB.EmptyPage" к типу "LiteDB.HeaderPage".
 
[03:14:50.510] [168] [ Info] [Eco] Ошибка при записи статистики в БД: InvalidCastException Не удалось привести тип объекта "LiteDB.EmptyPage" к типу "LiteDB.HeaderPage".
 
[03:14:50.755] [140] [ Info] [Eco] DISCORDLINK ERROR: Error connecting to discord: Authentication failed. Check your token and try again.

 
[03:15:20.108] [168] [ Info] [Eco] Ошибка при записи статистики в БД: InvalidCastException Не удалось привести тип объекта "LiteDB.EmptyPage" к типу "LiteDB.HeaderPage".
 
[03:15:20.108] [168] [ Info] [Eco] Ошибка при записи статистики в БД: InvalidCastException Не удалось привести тип объекта "LiteDB.EmptyPage" к типу "LiteDB.HeaderPage".
 
[03:15:20.108] [168] [ Info] [Eco] Ошибка при записи статистики в БД: InvalidCastException Не удалось привести тип объекта "LiteDB.EmptyPage" к типу "LiteDB.HeaderPage".
 
[03:15:22.620] [168] [ Info] [Eco] Ошибка при записи статистики в БД: InvalidCastException Не удалось привести тип объекта "LiteDB.EmptyPage" к типу "LiteDB.HeaderPage".
 
[03:15:36.697] [168] [ Info] [Eco] Ошибка при записи статистики в БД: InvalidCastException Не удалось привести тип объекта "LiteDB.EmptyPage" к типу "LiteDB.HeaderPage".
 
[03:15:36.758] [168] [ Info] [Eco] Ошибка при записи статистики в БД: InvalidCastException Не удалось привести тип объекта "LiteDB.EmptyPage" к типу "LiteDB.HeaderPage".
 
[03:15:39.171] [168] [ Info] [Eco] Ошибка при записи статистики в БД: InvalidCastException Не удалось привести тип объекта "LiteDB.EmptyPage" к типу "LiteDB.HeaderPage".
 
[03:15:39.171] [168] [ Info] [Eco] Ошибка при записи статистики в БД: InvalidCastException Не удалось привести тип объекта "LiteDB.EmptyPage" к типу "LiteDB.HeaderPage".
 
[03:15:39.171] [168] [ Info] [Eco] Ошибка при записи статистики в БД: InvalidCastException Не удалось привести тип объекта "LiteDB.EmptyPage" к типу "LiteDB.HeaderPage".
 
[03:15:40.356] [168] [ Info] [Eco] Ошибка при записи статистики в БД: InvalidCastException Не удалось привести тип объекта "LiteDB.EmptyPage" к типу "LiteDB.HeaderPage".
 
[03:15:41.578] [168] [ Info] [Eco] Ошибка при записи статистики в БД: InvalidCastException Не удалось привести тип объекта "LiteDB.EmptyPage" к типу "LiteDB.HeaderPage".
 
[03:15:41.578] [168] [ Info] [Eco] Ошибка при записи статистики в БД: InvalidCastException Не удалось привести тип объекта "LiteDB.EmptyPage" к типу "LiteDB.HeaderPage".
 
[03:15:41.578] [168] [ Info] [Eco] Ошибка при записи статистики в БД: InvalidCastException Не удалось привести тип объекта "LiteDB.EmptyPage" к типу "LiteDB.HeaderPage".
 
[03:15:43.912] [168] [ Info] [Eco] Ошибка при записи статистики в БД: InvalidCastException Не удалось привести тип объекта "LiteDB.EmptyPage" к типу "LiteDB.HeaderPage".
 
[03:15:43.912] [168] [ Info] [Eco] Ошибка при записи статистики в БД: InvalidCastException Не удалось привести тип объекта "LiteDB.EmptyPage" к типу "LiteDB.HeaderPage".
 
[03:15:43.912] [168] [ Info] [Eco] Ошибка при записи статистики в БД: InvalidCastException Не удалось привести тип объекта "LiteDB.EmptyPage" к типу "LiteDB.HeaderPage".
 
[03:15:49.737] [168] [ Info] [Eco] Ошибка при записи статистики в БД: InvalidCastException Не удалось привести тип объекта "LiteDB.EmptyPage" к типу "LiteDB.HeaderPage".
 
[03:15:49.737] [168] [ Info] [Eco] Ошибка при записи статистики в БД: InvalidCastException Не удалось привести тип объекта "LiteDB.EmptyPage" к типу "LiteDB.HeaderPage".
 
[03:15:49.737] [168] [ Info] [Eco] Ошибка при записи статистики в БД: InvalidCastException Не удалось привести тип объекта "LiteDB.EmptyPage" к типу "LiteDB.HeaderPage".
 
[03:16:20.063] [168] [ Info] [Eco] Ошибка при записи статистики в БД: InvalidCastException Не удалось привести тип объекта "LiteDB.EmptyPage" к типу "LiteDB.HeaderPage".
 
[03:16:20.063] [168] [ Info] [Eco] Ошибка при записи статистики в БД: InvalidCastException Не удалось привести тип объекта "LiteDB.EmptyPage" к типу "LiteDB.HeaderPage".
 
[03:16:20.063] [168] [ Info] [Eco] Ошибка при записи статистики в БД: InvalidCastException Не удалось привести тип объекта "LiteDB.EmptyPage" к типу "LiteDB.HeaderPage".
 
[03:16:23.673] [168] [ Info] [Eco] Ошибка при записи статистики в БД: InvalidCastException Не удалось привести тип объекта "LiteDB.EmptyPage" к типу "LiteDB.HeaderPage".
 
[03:16:39.772] [1] [ Info] [Eco] Сохранение...
 
[03:16:39.772] [1] [ Info] [Eco] Сохранение мира...  
[03:16:40.155] [168] [ Info] [Eco] Ошибка при записи статистики в БД: InvalidCastException Не удалось привести тип объекта "LiteDB.EmptyPage" к типу "LiteDB.HeaderPage".
 
[03:16:41.332] [168] [ Info] [Eco] Ошибка при записи статистики в БД: InvalidCastException Не удалось привести тип объекта "LiteDB.EmptyPage" к типу "LiteDB.HeaderPage".
 
[03:16:41.332] [168] [ Info] [Eco] Ошибка при записи статистики в БД: InvalidCastException Не удалось привести тип объекта "LiteDB.EmptyPage" к типу "LiteDB.HeaderPage".
 
[03:16:41.332] [168] [ Info] [Eco] Ошибка при записи статистики в БД: InvalidCastException Не удалось привести тип объекта "LiteDB.EmptyPage" к типу "LiteDB.HeaderPage".
 
