[22:54:11.116] [1] [ Info] [Eco] >>> START EcoServer, Version=1.0.0.0, Culture=neutral, PublicKeyToken=null 
[22:54:11.143] [1] [ Info] [Eco] Eco Server 0.8.3.3 beta
 
[22:54:11.216] [1] [ Info] [Eco] Server Initialization...  
[22:54:11.216] [1] [ Info] [Eco] Starting LocalizationPlugin...  
[22:54:11.594] [1] [ Info] [Eco] Запуск ПлагинНабораМодификаций...  
[22:54:11.594] [1] [ Info] [Eco] Загрузка модификаций...  
[22:54:11.868] [1] [ Info] [Eco] Компилирование модификаций...  
[22:54:13.356] [1] [ Info] [Eco] Загружаем 0Harmony...
 
[22:54:13.356] [1] [ Info] [Eco] Загружаем Asphalt-ModKit...
 
[22:54:13.481] [1] [ Info] [Eco] Загружаем DiscordLinkUnified...
 
[22:54:13.542] [1] [ Info] [Eco] Загружаем Eco.IntegrationTests...
 
[22:54:13.544] [1] [ Info] [Eco] Загружаем em-base...
 
[22:54:13.544] [1] [ Info] [Eco] Загружаем NoPlayerCredits...
 
[22:54:13.544] [1] [ Info] [Eco] Загружаем em-greenenergy...
 
[22:54:13.544] [1] [ Info] [Eco] Загружаем em-realisticsmelting...
 
[22:54:13.544] [1] [ Info] [Eco] Загружаем em-shippingcontainers...
 
[22:54:13.544] [1] [ Info] [Eco] Загружаем em-tailingspack...
 
[22:54:13.544] [1] [ Info] [Eco] Загружаем em-arches...
 
[22:54:13.544] [1] [ Info] [Eco] Загружаем em-doors...
 
[22:54:13.544] [1] [ Info] [Eco] Загружаем em-dyes...
 
[22:54:13.559] [1] [ Info] [Eco] Загружаем em-homeobjects...
 
[22:54:13.559] [1] [ Info] [Eco] Загружаем em-transportation...
 
[22:54:13.559] [1] [ Info] [Eco] Загружаем em-windows...
 
[22:54:13.579] [1] [ Info] [Eco] Загружаем em-zymology...
 
[22:54:13.579] [1] [ Info] [Eco] Загружаем NidToolbox...
 
[22:54:13.579] [1] [ Info] [Eco] Загрузка модификаций завершена за 1 993,5мс
 
[22:54:13.591] [1] [ Info] [Eco] Запуск МенеджерСети...  
[22:54:13.591] [5] [ Info] [Eco] Инициализация типов симуляции...  
[22:54:13.653] [16] [ Info] [Eco] Запуск ПлагинГенератораМира...  
[22:54:13.653] [15] [ Info] [Eco] Запуск ПлагинРезервногоКопирования...  
[22:54:13.653] [17] [ Info] [Eco] Запуск ПлагинИгровойСтатистики...  
[22:54:13.653] [15] [ Info] [Eco] Запуск МенеджерХранилища...  
[22:54:15.197] [5] [ Info] [Eco] Инициализация предметов...  
[22:54:15.281] [5] [ Info] [NidToolbox] Checking Settings.json 
[22:54:15.281] [5] [ Info] [NidToolbox] Config file: Mods\NidToolbox\Config\Settings.json exists. 
[22:54:15.281] [5] [ Info] [NidToolbox] Json file: Mods\NidToolbox\Config\Settings.json readable and correct. 
[22:54:15.281] [5] [ Info] [NidToolbox] Checking CommandPermissions.json 
[22:54:15.281] [5] [ Info] [NidToolbox] Config file: Mods\NidToolbox\Config\CommandPermissions.json exists. 
[22:54:15.345] [5] [ Info] [NidToolbox] Json file: Mods\NidToolbox\Config\CommandPermissions.json readable and correct. 
[22:54:15.345] [5] [ Info] [NidToolbox] Checking TimerMessages.json 
[22:54:15.345] [5] [ Info] [NidToolbox] Config file: Mods\NidToolbox\Config\TimerMessages.json exists. 
[22:54:15.345] [5] [ Info] [NidToolbox] Json file: Mods\NidToolbox\Config\TimerMessages.json readable and correct. 
[22:54:15.345] [5] [ Info] [NidToolbox] Checking ScheduledMessages.json 
[22:54:15.345] [5] [ Info] [NidToolbox] Config file: Mods\NidToolbox\Config\ScheduledMessages.json exists. 
[22:54:15.345] [5] [ Info] [NidToolbox] Json file: Mods\NidToolbox\Config\ScheduledMessages.json readable and correct. 
[22:54:15.357] [5] [ Info] [NidToolbox] No UserHomes directory, skipping user homes config checks. 
[22:54:16.284] [15] [ Info] [Eco] Запуск Плагин паузы...  
[22:54:16.284] [15] [ Info] [Eco] Загружаем Pause...  
[22:54:18.446] [5] [ Info] [Eco] Инициализация навыков...  
[22:54:18.536] [15] [ Info] [Eco] Запуск БДСтатистики...  
[22:54:18.536] [8] [ Info] [Eco] Запуск ПлагинМира...  
[22:54:18.578] [8] [ Info] [Eco] Загружаем World...  
[22:54:21.860] [8] [ Info] [Eco] Инициализация мира...  
[22:54:22.667] [8] [ Info] [Eco] Запуск ПлагинВремени...  
[22:54:22.667] [8] [ Info] [Eco] Загружаем Time...  
[22:54:22.670] [8] [ Info] [Eco] Запуск ПлагинРепутации...  
[22:54:22.670] [8] [ Info] [Eco] Загружаем Reputation...  
[22:54:22.670] [8] [ Info] [Eco] Запуск МенеджерЖильяИгроков...  
[22:54:22.670] [8] [ Info] [Eco] Запуск МенеджерПользователей...  
[22:54:22.725] [8] [ Info] [Eco] Загружаем Users...  
[22:54:22.855] [8] [ Info] [Eco] Инициализация инвентарей...  
[22:54:22.911] [8] [ Info] [Eco] Запуск МенеджерОбъектовЭко...  
[22:54:22.911] [15] [ Info] [Eco] Запуск ПлагинМусора...  
[22:54:22.911] [26] [ Info] [Eco] Запуск VoiceManager...  
[22:54:22.911] [8] [ Info] [Eco] Запуск МенеджерКонтроллера...  
[22:54:22.918] [9] [ Info] [Eco] Запуск ПлагинЭкономики...  
[22:54:22.918] [15] [ Info] [Eco] Загружаем Garbage...  
[22:54:22.918] [16] [ Info] [Eco] Запуск СерверЧата...  
[22:54:22.918] [34] [ Info] [Eco] Запуск ПлагинУгроз...  
[22:54:22.918] [19] [ Info] [Eco] Запуск НастройкиСложности...  
[22:54:22.918] [9] [ Info] [Eco] Загружаем Economy...  
[22:54:23.019] [34] [ Info] [Eco] Загружаем Disasters...  
[22:54:23.075] [16] [ Info] [Eco] Загружаем Chat...  
[22:54:23.075] [9] [ Info] [Eco] Запуск Законодательство...  
[22:54:23.093] [9] [ Info] [Eco] Загружаем Laws...  
[22:54:23.151] [9] [ Info] [Eco] Запуск МенеджерСобственности...  
[22:54:23.151] [9] [ Info] [Eco] Загружаем Property...  
[22:54:23.191] [9] [ Info] [Eco] Запуск МенеджерМиникарты...  
[22:54:23.191] [9] [ Info] [Eco] Запуск СимуляцияЭко...  
[22:54:23.252] [9] [ Info] [Eco] Загружаем Plants...  
[22:54:25.033] [9] [ Info] [Eco] Инициализация растений...  
[22:54:31.300] [9] [ Info] [Eco] Запуск RouteProbingPlugin...  
[22:54:31.300] [9] [ Info] [Eco] Загружаем RouteProbing...  
[22:54:34.486] [9] [ Info] [Eco] Запуск МенеджерСлоёвМира...  
[22:54:34.486] [9] [ Info] [Eco] Загружаем Layers...  
[22:54:35.092] [9] [ Info] [Eco] Инициализация слоёв мира...  
[22:54:35.092] [9] [ Info] [Eco] Загружаем ClimateSim...  
[22:54:38.019] [9] [ Info] [Eco] Запуск ТрекерЭкономики...  
[22:54:38.029] [9] [ Info] [Eco] Запуск UserTracker...  
[22:54:38.029] [9] [ Info] [Eco] Запуск МенеджерМировыхОбъектов...  
[22:54:38.121] [9] [ Info] [Eco] Загружаем WorldObjects...  
[22:54:38.133] [9] [ Info] [Eco] Запуск ПлагинКомнат...  
[22:54:38.133] [9] [ Info] [Eco] Загружаем Rooms...  
[22:54:38.155] [9] [ Info] [Eco] Запуск ПлагинЦелей...  
[22:54:38.155] [9] [ Info] [Eco] Загружаем Objectives...  
[22:54:38.170] [9] [ Info] [Eco] Запуск ПлагинСна...  
[22:54:38.170] [9] [ Info] [Eco] Загружаем Sleep...  
[22:54:38.170] [1] [ Info] [Eco] Запуск ПлагинВебСервера...  
[22:54:38.186] [1] [ Info] [Eco] Запуск OtherAliasCategory...  
[22:54:38.186] [26] [ Info] [Eco] Запуск Asphalt...  
[22:54:38.186] [24] [ Info] [Eco] Запуск NidToolboxPlugin...  
[22:54:38.186] [25] [ Info] [Eco] Запуск ChatBase...  
[22:54:38.186] [9] [ Info] [Eco] Запуск ПлагинТестовИнтеграции...  
[22:54:38.186] [11] [ Info] [Eco] Запуск DiscordLink...  
[22:54:38.186] [19] [ Info] [Eco] Запуск NoPlayerCreditsPlugin...  
[22:54:38.286] [1] [ Info] [Eco] Инициализируем ПлагинПеревода...  
[22:54:38.286] [1] [ Info] [Eco] Инициализируем ПлагинНабораМодификаций...  
[22:54:38.585] [1] [ Info] [Eco] Инициализируем ПлагинГенератораМира...  
[22:54:38.585] [1] [ Info] [Eco] Инициализируем МенеджерПользователей...  
[22:54:38.627] [1] [ Info] [Eco] Инициализируем ПлагинМусора...  
[22:54:38.627] [1] [ Info] [Eco] Инициализируем ПлагинЭкономики...  
[22:54:38.649] [1] [ Info] [Eco] Инициализируем Законодательство...  
[22:54:39.130] [1] [ Info] [Eco] Инициализируем МенеджерСобственности...  
[22:54:39.130] [1] [ Info] [Eco] Инициализируем МенеджерМиникарты...  
[22:54:40.109] [1] [ Info] [Eco] Инициализируем UserTracker...  
[22:54:40.109] [1] [ Info] [Eco] Инициализируем МенеджерМировыхОбъектов...  
[22:54:40.195] [1] [ Info] [Eco] Инициализируем ПлагинКомнат...  
[22:54:40.195] [1] [ Info] [Eco] Инициализируем ПлагинСна...  
[22:54:40.195] [1] [ Info] [Eco] Инициализируем NidToolboxPlugin...  
[22:54:40.205] [1] [ Info] [NidToolbox] Checking declared file: Mods\NidToolbox\Texts\Motd.txt 
[22:54:40.205] [1] [ Info] [NidToolbox] Config file:  Mods\NidToolbox\Texts\Motd.txt exists. 
[22:54:40.205] [1] [ Info] [NidToolbox] Config file:  Mods\NidToolbox\Texts\Motd.txt readable. 
[22:54:40.205] [1] [ Info] [NidToolbox] Checking declared file: Mods\NidToolbox\Texts\Rules.txt 
[22:54:40.205] [1] [ Info] [NidToolbox] Config file:  Mods\NidToolbox\Texts\Rules.txt exists. 
[22:54:40.205] [1] [ Info] [NidToolbox] Config file:  Mods\NidToolbox\Texts\Rules.txt readable. 
[22:54:40.205] [1] [ Info] [NidToolbox] Checking declared file: Mods\NidToolbox\Texts\ServerChangelog.txt 
[22:54:40.205] [1] [ Info] [NidToolbox] Config file:  Mods\NidToolbox\Texts\ServerChangelog.txt exists. 
[22:54:40.205] [1] [ Info] [NidToolbox] Config file:  Mods\NidToolbox\Texts\ServerChangelog.txt readable. 
[22:54:40.301] [1] [ Info] [Eco] Инициализируем NoPlayerCreditsPlugin...  
[22:54:40.301] [1] [ Info] [Eco] Инициализируем DiscordLink...  
[22:54:40.337] [1] [ Info] [Eco] Инициализируем ПлагинМира...  
[22:54:40.337] [1] [ Info] [Eco] Обработка...  
[22:54:43.231] [1] [ Info] [Eco] Сжатие...  
[22:54:44.794] [143] [ Info] [Eco] DISCORDLINK: Connected to Discord.

 
[22:54:46.759] [1] [ Info] [Eco] Инициализируем МенеджерСети...  
[22:54:47.006] [1] [ Info] [Eco] Инициализируем МенеджерСлоёвМира...  
[22:54:47.006] [1] [ Info] [Eco] Инициализируем ПлагинВебСервера...  
[22:54:47.114] [142] [ Info] [Eco] DISCORDLINK: Connected and Ready
 
[22:54:47.691] [1] [ Info] [Eco] Инициализируем ПлагинТестовИнтеграции...  
[22:54:47.691] [1] [ Info] [NidToolbox] OK - Mono not detected, not a Linux environment 
[22:54:47.701] [1] [ Info] [NidToolbox] All commands in config up to date. 
[22:54:47.779] [1] [ Info] [NidToolbox] Running NidToolbox version 1.8.7 
[22:54:47.802] [1] [ Info] [Eco] Server Initialization завершена за 36 584,9мс
 
[22:56:25.001] [180] [ Info] [log] letmeplay invoked admin command '/fly' 
[22:57:41.228] [180] [ Info] [log] letmeplay invoked admin command '/eat' 
[23:01:13.671] [180] [ Info] [log] letmeplay invoked admin command '/save' 
[23:01:13.671] [12] [ Info] [Eco] Сохранение мира...  
[23:01:27.701] [1] [ Info] [Eco] Сохранение...
 
[23:01:27.701] [1] [ Info] [Eco] Сохранение мира...  
[23:01:30.853] [1] [ Info] [Eco] Готово
 
[23:01:30.968] [1] [ Info] [Eco] Выключение завершено
 
