[00:02:32.412] [1] [ Info] [Eco] >>> START EcoServer, Version=1.0.0.0, Culture=neutral, PublicKeyToken=null 
[00:02:32.444] [1] [ Info] [Eco] Eco Server 0.8.3.2 beta
 
[00:02:32.524] [1] [ Info] [Eco] Server Initialization...  
[00:02:32.524] [1] [ Info] [Eco] Starting LocalizationPlugin...  
[00:02:32.912] [1] [ Info] [Eco] Запуск ПлагинНабораМодификаций...  
[00:02:32.912] [1] [ Info] [Eco] Загрузка модификаций...  
[00:02:33.009] [1] [ Info] [Eco] Компилирование модификаций...  
[00:02:34.934] [1] [ Info] [Eco] Загружаем 0Harmony...
 
[00:02:34.939] [1] [ Info] [Eco] Загружаем Asphalt-ModKit...
 
[00:02:35.065] [1] [ Info] [Eco] Загружаем Eco.IntegrationTests...
 
[00:02:35.065] [1] [ Info] [Eco] Загружаем DiscordLinkUnified...
 
[00:02:35.130] [1] [ Info] [Eco] Загружаем EcoStory...
 
[00:02:35.130] [1] [ Info] [Eco] Загрузка модификаций завершена за 2 224,5мс
 
[00:02:35.140] [1] [ Info] [Eco] Запуск МенеджерСети...  
[00:02:35.140] [6] [ Info] [Eco] Инициализация типов симуляции...  
[00:02:35.211] [13] [ Info] [Eco] Запуск ПлагинГенератораМира...  
[00:02:35.211] [16] [ Info] [Eco] Запуск ПлагинИгровойСтатистики...  
[00:02:35.211] [7] [ Info] [Eco] Запуск ПлагинРезервногоКопирования...  
[00:02:35.222] [7] [ Info] [Eco] Запуск МенеджерХранилища...  
[00:02:36.619] [6] [ Info] [Eco] Инициализация предметов...  
[00:02:36.685] [6] [ Info] [NidToolbox] Checking Settings.json 
[00:02:36.687] [6] [ Info] [NidToolbox] Config file: Mods\NidToolbox\Config\Settings.json exists. 
[00:02:36.687] [6] [ Info] [NidToolbox] Json file: Mods\NidToolbox\Config\Settings.json readable and correct. 
[00:02:36.687] [6] [ Info] [NidToolbox] Checking CommandPermissions.json 
[00:02:36.687] [6] [ Info] [NidToolbox] Config file: Mods\NidToolbox\Config\CommandPermissions.json exists. 
[00:02:36.740] [6] [ Info] [NidToolbox] Json file: Mods\NidToolbox\Config\CommandPermissions.json readable and correct. 
[00:02:36.740] [6] [ Info] [NidToolbox] Checking TimerMessages.json 
[00:02:36.740] [6] [ Info] [NidToolbox] Config file: Mods\NidToolbox\Config\TimerMessages.json exists. 
[00:02:36.740] [6] [ Info] [NidToolbox] Json file: Mods\NidToolbox\Config\TimerMessages.json readable and correct. 
[00:02:36.740] [6] [ Info] [NidToolbox] Checking ScheduledMessages.json 
[00:02:36.740] [6] [ Info] [NidToolbox] Config file: Mods\NidToolbox\Config\ScheduledMessages.json exists. 
[00:02:36.740] [6] [ Info] [NidToolbox] Json file: Mods\NidToolbox\Config\ScheduledMessages.json readable and correct. 
[00:02:36.751] [6] [ Info] [NidToolbox] No UserHomes directory, skipping user homes config checks. 
[00:02:37.535] [7] [ Info] [Eco] Запуск Плагин паузы...  
[00:02:37.546] [7] [ Info] [Eco] Загружаем Pause...  
[00:02:39.376] [6] [ Info] [Eco] Инициализация навыков...  
[00:02:39.466] [7] [ Info] [Eco] Запуск БДСтатистики...  
[00:02:39.468] [11] [ Info] [Eco] Запуск ПлагинМира...  
[00:02:39.526] [11] [ Info] [Eco] Загружаем World...  
[00:02:43.238] [11] [ Info] [Eco] Инициализация мира...  
[00:02:44.785] [11] [ Info] [Eco] Запуск ПлагинВремени...  
[00:02:44.785] [11] [ Info] [Eco] Загружаем Time...  
[00:02:44.785] [11] [ Info] [Eco] Запуск ПлагинРепутации...  
[00:02:44.785] [11] [ Info] [Eco] Загружаем Reputation...  
[00:02:44.811] [11] [ Info] [Eco] Запуск МенеджерЖильяИгроков...  
[00:02:44.811] [11] [ Info] [Eco] Запуск МенеджерПользователей...  
[00:02:44.854] [11] [ Info] [Eco] Загружаем Users...  
[00:02:45.201] [11] [ Info] [Eco] Инициализация инвентарей...  
[00:02:45.243] [11] [ Info] [Eco] Запуск МенеджерОбъектовЭко...  
[00:02:45.265] [11] [ Info] [Eco] Загружаем Objects...  
[00:02:45.466] [24] [ Info] [Eco] Запуск ПлагинМусора...  
[00:02:45.467] [32] [ Info] [Eco] Запуск НастройкиСложности...  
[00:02:45.467] [36] [ Info] [Eco] Запуск МенеджерКонтроллера...  
[00:02:45.467] [12] [ Info] [Eco] Запуск VoiceManager...  
[00:02:45.467] [11] [ Info] [Eco] Запуск ПлагинЭкономики...  
[00:02:45.467] [22] [ Info] [Eco] Запуск СерверЧата...  
[00:02:45.467] [14] [ Info] [Eco] Запуск ПлагинУгроз...  
[00:02:45.467] [24] [ Info] [Eco] Загружаем Garbage...  
[00:02:45.467] [11] [ Info] [Eco] Загружаем Economy...  
[00:02:45.959] [11] [ Info] [Eco] Запуск Законодательство...  
[00:02:45.959] [14] [ Info] [Eco] Загружаем Disasters...  
[00:02:45.959] [22] [ Info] [Eco] Загружаем Chat...  
[00:02:50.758] [11] [ Info] [Eco] Загружаем Laws...  
[00:02:50.887] [11] [ Info] [Eco] Запуск МенеджерСобственности...  
[00:02:50.890] [11] [ Info] [Eco] Загружаем Property...  
[00:02:51.012] [11] [ Info] [Eco] Запуск МенеджерМиникарты...  
[00:02:51.017] [11] [ Info] [Eco] Запуск СимуляцияЭко...  
[00:02:51.094] [11] [ Info] [Eco] Загружаем Plants...  
[00:02:52.426] [11] [ Info] [Eco] Инициализация растений...  
[00:02:59.458] [11] [ Info] [Eco] Запуск RouteProbingPlugin...  
[00:02:59.458] [11] [ Info] [Eco] Загружаем RouteProbing...  
[00:03:01.779] [11] [ Info] [Eco] Запуск МенеджерСлоёвМира...  
[00:03:01.779] [11] [ Info] [Eco] Загружаем Layers...  
[00:03:02.473] [11] [ Info] [Eco] Инициализация слоёв мира...  
[00:03:02.483] [11] [ Info] [Eco] Загружаем ClimateSim...  
[00:03:05.361] [11] [ Info] [Eco] Запуск ТрекерЭкономики...  
[00:03:05.375] [11] [ Info] [Eco] Запуск UserTracker...  
[00:03:05.375] [11] [ Info] [Eco] Запуск МенеджерМировыхОбъектов...  
[00:03:05.492] [11] [ Info] [Eco] Загружаем WorldObjects...  
[00:03:06.479] [11] [ Info] [Eco] Запуск ПлагинКомнат...  
[00:03:06.483] [11] [ Info] [Eco] Загружаем Rooms...  
[00:03:06.483] [11] [ Info] [Eco] Запуск ПлагинЦелей...  
[00:03:06.498] [11] [ Info] [Eco] Загружаем Objectives...  
[00:03:06.514] [11] [ Info] [Eco] Запуск ПлагинСна...  
[00:03:06.514] [11] [ Info] [Eco] Загружаем Sleep...  
[00:03:06.514] [1] [ Info] [Eco] Запуск ПлагинВебСервера...  
[00:03:06.514] [1] [ Info] [Eco] Запуск OtherAliasCategory...  
[00:03:06.533] [10] [ Info] [Eco] Запуск Asphalt...  
[00:03:06.533] [30] [ Info] [Eco] Запуск DiscordLink...  
[00:03:06.533] [21] [ Info] [Eco] Запуск NidToolboxPlugin...  
[00:03:06.533] [17] [ Info] [Eco] Запуск ПлагинТестовИнтеграции...  
[00:03:06.656] [1] [ Info] [Eco] Инициализируем ПлагинПеревода...  
[00:03:06.656] [1] [ Info] [Eco] Инициализируем ПлагинНабораМодификаций...  
[00:03:06.892] [1] [ Info] [Eco] Инициализируем ПлагинГенератораМира...  
[00:03:06.892] [1] [ Info] [Eco] Инициализируем МенеджерПользователей...  
[00:03:06.993] [1] [ Info] [Eco] Инициализируем ПлагинМусора...  
[00:03:07.002] [1] [ Info] [Eco] Инициализируем ПлагинЭкономики...  
[00:03:07.103] [1] [ Info] [Eco] Инициализируем Законодательство...  
[00:03:22.010] [1] [ Info] [Eco] Инициализируем МенеджерСобственности...  
[00:03:22.053] [1] [ Info] [Eco] Инициализируем МенеджерМиникарты...  
[00:03:22.886] [1] [ Info] [Eco] Инициализируем UserTracker...  
[00:03:22.898] [1] [ Info] [Eco] Инициализируем МенеджерМировыхОбъектов...  
[00:03:29.393] [1] [ Info] [Eco] Инициализируем ПлагинКомнат...  
[00:03:31.733] [1] [ Info] [Eco] Инициализируем ПлагинСна...  
[00:03:31.733] [1] [ Info] [Eco] Инициализируем NidToolboxPlugin...  
[00:03:31.753] [1] [ Info] [NidToolbox] Checking declared file: Mods\NidToolbox\Texts\Motd.txt 
[00:03:31.753] [1] [ Info] [NidToolbox] Config file:  Mods\NidToolbox\Texts\Motd.txt exists. 
[00:03:31.753] [1] [ Info] [NidToolbox] Config file:  Mods\NidToolbox\Texts\Motd.txt readable. 
[00:03:31.753] [1] [ Info] [NidToolbox] Checking declared file: Mods\NidToolbox\Texts\Rules.txt 
[00:03:31.753] [1] [ Info] [NidToolbox] Config file:  Mods\NidToolbox\Texts\Rules.txt exists. 
[00:03:31.763] [1] [ Info] [NidToolbox] Config file:  Mods\NidToolbox\Texts\Rules.txt readable. 
[00:03:31.763] [1] [ Info] [NidToolbox] Checking declared file: Mods\NidToolbox\Texts\ServerChangelog.txt 
[00:03:31.763] [1] [ Info] [NidToolbox] Config file:  Mods\NidToolbox\Texts\ServerChangelog.txt exists. 
[00:03:31.763] [1] [ Info] [NidToolbox] Config file:  Mods\NidToolbox\Texts\ServerChangelog.txt readable. 
[00:03:31.891] [1] [ Info] [Eco] Инициализируем DiscordLink...  
[00:03:31.933] [1] [ Info] [Eco] Инициализируем ПлагинМира...  
[00:03:31.939] [1] [ Info] [Eco] Обработка...  
[00:03:36.260] [138] [ Info] [Eco] DISCORDLINK: Connected to Discord.

 
[00:03:36.766] [1] [ Info] [Eco] Сжатие...  
[00:03:37.268] [138] [ Info] [Eco] DISCORDLINK: Connected and Ready
 
[00:03:41.243] [1] [ Info] [Eco] Инициализируем МенеджерСети...  
[00:03:41.517] [1] [ Info] [Eco] Инициализируем МенеджерСлоёвМира...  
[00:03:41.517] [1] [ Info] [Eco] Инициализируем ПлагинВебСервера...  
[00:03:42.382] [1] [ Info] [Eco] Инициализируем ПлагинТестовИнтеграции...  
[00:03:42.389] [1] [ Info] [NidToolbox] OK - Mono not detected, not a Linux environment 
[00:03:42.389] [1] [ Info] [NidToolbox] All commands in config up to date. 
[00:03:42.455] [1] [ Info] [NidToolbox] Running NidToolbox version 1.8.7 
[00:03:42.513] [1] [ Info] [Eco] Server Initialization завершена за 69 955,2мс
 
[00:10:29.345] [8] [ Info] [log] letmeplay invoked admin command '/dump' 
[00:10:37.972] [8] [ Info] [log] letmeplay invoked admin command '/dump' 
[00:24:46.266] [8] [ Info] [log] letmeplay invoked admin command '/fly' 
[00:25:32.923] [8] [ Info] [log] letmeplay invoked admin command '/unclaim' 
[00:25:34.693] [8] [ Info] [log] letmeplay invoked admin command '/unclaim' 
[00:25:36.288] [8] [ Info] [log] letmeplay invoked admin command '/unclaim' 
[00:25:38.798] [8] [ Info] [log] letmeplay invoked admin command '/unclaim' 
[00:25:41.298] [8] [ Info] [log] letmeplay invoked admin command '/unclaim' 
[00:25:42.201] [8] [ Info] [log] letmeplay invoked admin command '/unclaim' 
[00:25:43.797] [8] [ Info] [log] letmeplay invoked admin command '/unclaim' 
[00:25:46.930] [8] [ Info] [log] letmeplay invoked admin command '/unclaim' 
[00:25:49.079] [8] [ Info] [log] letmeplay invoked admin command '/fly' 
[00:26:23.990] [8] [ Info] [log] letmeplay invoked admin command '/fly' 
[00:26:34.877] [8] [ Info] [log] letmeplay invoked admin command '/fly' 
[00:39:45.691] [34] [ Info] [Eco] Удалена резервная копия - C:\SteamServers\steamapps\common\Eco Server\Storage\Backup\Game-2020-02-03-00.27.42
 
[00:49:38.990] [176] [ Info] [log] letmeplay invoked admin command '/fly' 
[00:49:52.237] [176] [ Info] [log] letmeplay invoked admin command '/fly' 
[00:50:43.973] [176] [ Info] [log] letmeplay invoked admin command '/fly' 
[00:51:06.037] [176] [ Info] [log] letmeplay invoked admin command '/fly' 
[00:51:47.438] [32] [ Info] [Eco] Удалена резервная копия - C:\SteamServers\steamapps\common\Eco Server\Storage\Backup\Game-2020-02-03-00.39.42
 
[01:03:45.687] [16] [ Info] [Eco] Удалена резервная копия - C:\SteamServers\steamapps\common\Eco Server\Storage\Backup\Game-2020-02-03-00.51.42
 
[01:27:46.964] [33] [ Info] [Eco] Удалена резервная копия - C:\SteamServers\steamapps\common\Eco Server\Storage\Backup\Game-2020-02-03-01.15.42
 
[01:39:45.165] [14] [ Info] [Eco] Удалена резервная копия - C:\SteamServers\steamapps\common\Eco Server\Storage\Backup\Game-2020-02-03-01.27.42
 
[01:51:45.779] [14] [ Info] [Eco] Удалена резервная копия - C:\SteamServers\steamapps\common\Eco Server\Storage\Backup\Game-2020-02-03-01.39.42
 
[02:03:48.073] [11] [ Info] [Eco] Удалена резервная копия - C:\SteamServers\steamapps\common\Eco Server\Storage\Backup\Game-2020-02-03-01.51.42
 
[02:27:44.860] [34] [ Info] [Eco] Удалена резервная копия - C:\SteamServers\steamapps\common\Eco Server\Storage\Backup\Game-2020-02-03-02.15.42
 
[02:39:45.282] [14] [ Info] [Eco] Удалена резервная копия - C:\SteamServers\steamapps\common\Eco Server\Storage\Backup\Game-2020-02-03-02.27.42
 
[02:51:47.901] [11] [ Info] [Eco] Удалена резервная копия - C:\SteamServers\steamapps\common\Eco Server\Storage\Backup\Game-2020-02-03-02.39.42
 
[03:03:48.405] [26] [ Info] [Eco] Удалена резервная копия - C:\SteamServers\steamapps\common\Eco Server\Storage\Backup\Game-2020-02-03-02.51.42
 
[03:27:47.677] [32] [ Info] [Eco] Удалена резервная копия - C:\SteamServers\steamapps\common\Eco Server\Storage\Backup\Game-2020-02-03-03.15.42
 
[03:39:45.202] [32] [ Info] [Eco] Удалена резервная копия - C:\SteamServers\steamapps\common\Eco Server\Storage\Backup\Game-2020-02-03-03.27.42
 
[03:51:47.645] [21] [ Info] [Eco] Удалена резервная копия - C:\SteamServers\steamapps\common\Eco Server\Storage\Backup\Game-2020-02-03-03.39.42
 
[04:03:47.381] [16] [ Info] [Eco] Удалена резервная копия - C:\SteamServers\steamapps\common\Eco Server\Storage\Backup\Game-2020-02-03-03.51.42
 
[04:27:47.692] [33] [ Info] [Eco] Удалена резервная копия - C:\SteamServers\steamapps\common\Eco Server\Storage\Backup\Game-2020-02-03-04.15.44
 
[04:39:47.073] [6] [ Info] [Eco] Удалена резервная копия - C:\SteamServers\steamapps\common\Eco Server\Storage\Backup\Game-2020-02-03-04.27.44
 
[04:51:47.017] [33] [ Info] [Eco] Удалена резервная копия - C:\SteamServers\steamapps\common\Eco Server\Storage\Backup\Game-2020-02-03-04.39.44
 
[05:03:49.423] [9] [ Info] [Eco] Удалена резервная копия - C:\SteamServers\steamapps\common\Eco Server\Storage\Backup\Game-2020-02-03-04.51.44
 
[05:27:49.443] [18] [ Info] [Eco] Удалена резервная копия - C:\SteamServers\steamapps\common\Eco Server\Storage\Backup\Game-2020-02-03-05.15.44
 
[05:39:47.720] [11] [ Info] [Eco] Удалена резервная копия - C:\SteamServers\steamapps\common\Eco Server\Storage\Backup\Game-2020-02-03-05.27.44
 
[05:51:47.117] [16] [ Info] [Eco] Удалена резервная копия - C:\SteamServers\steamapps\common\Eco Server\Storage\Backup\Game-2020-02-03-05.39.44
 
[06:03:47.616] [18] [ Info] [Eco] Удалена резервная копия - C:\SteamServers\steamapps\common\Eco Server\Storage\Backup\Game-2020-02-03-05.51.44
 
[06:27:45.201] [32] [ Info] [Eco] Ошибка при резервном копировании БД: Недостаточно места на диске.

 
