[23:45:07.715] [1] [ Info] [Eco] >>> START EcoServer, Version=1.0.0.0, Culture=neutral, PublicKeyToken=null 
[23:45:07.742] [1] [ Info] [Eco] Eco Server 0.8.3.3 beta
 
[23:45:07.814] [1] [ Info] [Eco] Server Initialization...  
[23:45:07.814] [1] [ Info] [Eco] Starting LocalizationPlugin...  
[23:45:08.182] [1] [ Info] [Eco] Запуск ПлагинНабораМодификаций...  
[23:45:08.184] [1] [ Info] [Eco] Загрузка модификаций...  
[23:45:08.452] [1] [ Info] [Eco] Компилирование модификаций...  
[23:45:09.928] [1] [ Info] [Eco] Загружаем 0Harmony...
 
[23:45:09.928] [1] [ Info] [Eco] Загружаем Asphalt-ModKit...
 
[23:45:10.050] [1] [ Info] [Eco] Загружаем DiscordLink_blue...
 
[23:45:10.096] [1] [ Info] [Eco] Загружаем Eco.IntegrationTests...
 
[23:45:10.096] [1] [ Info] [Eco] Загружаем em-base...
 
[23:45:10.096] [1] [ Info] [Eco] Загружаем NoPlayerCredits...
 
[23:45:10.096] [1] [ Info] [Eco] Загружаем em-greenenergy...
 
[23:45:10.107] [1] [ Info] [Eco] Загружаем em-realisticsmelting...
 
[23:45:10.107] [1] [ Info] [Eco] Загружаем em-shippingcontainers...
 
[23:45:10.107] [1] [ Info] [Eco] Загружаем em-tailingspack...
 
[23:45:10.107] [1] [ Info] [Eco] Загружаем em-arches...
 
[23:45:10.107] [1] [ Info] [Eco] Загружаем em-doors...
 
[23:45:10.107] [1] [ Info] [Eco] Загружаем em-dyes...
 
[23:45:10.107] [1] [ Info] [Eco] Загружаем em-homeobjects...
 
[23:45:10.123] [1] [ Info] [Eco] Загружаем em-transportation...
 
[23:45:10.123] [1] [ Info] [Eco] Загружаем em-windows...
 
[23:45:10.123] [1] [ Info] [Eco] Загружаем em-zymology...
 
[23:45:10.139] [1] [ Info] [Eco] Загружаем NidToolbox...
 
[23:45:10.139] [1] [ Info] [Eco] Загрузка модификаций завершена за 1 961,0мс
 
[23:45:10.139] [1] [ Info] [Eco] Запуск МенеджерСети...  
[23:45:10.139] [6] [ Info] [Eco] Инициализация типов симуляции...  
[23:45:10.212] [13] [ Info] [Eco] Запуск ПлагинГенератораМира...  
[23:45:10.212] [5] [ Info] [Eco] Запуск ПлагинРезервногоКопирования...  
[23:45:10.212] [7] [ Info] [Eco] Запуск ПлагинИгровойСтатистики...  
[23:45:10.220] [5] [ Info] [Eco] Запуск МенеджерХранилища...  
[23:45:11.705] [6] [ Info] [Eco] Инициализация предметов...  
[23:45:11.774] [6] [ Info] [NidToolbox] Checking Settings.json 
[23:45:11.774] [6] [ Info] [NidToolbox] Config file: Mods\NidToolbox\Config\Settings.json exists. 
[23:45:11.785] [6] [ Info] [NidToolbox] Json file: Mods\NidToolbox\Config\Settings.json readable and correct. 
[23:45:11.785] [6] [ Info] [NidToolbox] Checking CommandPermissions.json 
[23:45:11.830] [6] [ Info] [NidToolbox] Config file: Mods\NidToolbox\Config\CommandPermissions.json exists. 
[23:45:11.876] [6] [ Info] [NidToolbox] Json file: Mods\NidToolbox\Config\CommandPermissions.json readable and correct. 
[23:45:11.901] [6] [ Info] [NidToolbox] Checking TimerMessages.json 
[23:45:11.916] [6] [ Info] [NidToolbox] Config file: Mods\NidToolbox\Config\TimerMessages.json exists. 
[23:45:11.923] [6] [ Info] [NidToolbox] Json file: Mods\NidToolbox\Config\TimerMessages.json readable and correct. 
[23:45:11.923] [6] [ Info] [NidToolbox] Checking ScheduledMessages.json 
[23:45:11.943] [6] [ Info] [NidToolbox] Config file: Mods\NidToolbox\Config\ScheduledMessages.json exists. 
[23:45:11.943] [6] [ Info] [NidToolbox] Json file: Mods\NidToolbox\Config\ScheduledMessages.json readable and correct. 
[23:45:11.952] [6] [ Info] [NidToolbox] No UserHomes directory, skipping user homes config checks. 
[23:45:12.763] [5] [ Info] [Eco] Запуск Плагин паузы...  
[23:45:12.763] [5] [ Info] [Eco] Загружаем Pause...  
[23:45:14.784] [6] [ Info] [Eco] Инициализация навыков...  
[23:45:14.878] [5] [ Info] [Eco] Запуск БДСтатистики...  
[23:45:14.878] [8] [ Info] [Eco] Запуск ПлагинМира...  
[23:45:14.921] [8] [ Info] [Eco] Загружаем World...  
[23:45:18.194] [8] [ Info] [Eco] Инициализация мира...  
[23:45:19.174] [8] [ Info] [Eco] Запуск ПлагинВремени...  
[23:45:19.174] [8] [ Info] [Eco] Загружаем Time...  
[23:45:19.174] [8] [ Info] [Eco] Запуск ПлагинРепутации...  
[23:45:19.174] [8] [ Info] [Eco] Загружаем Reputation...  
[23:45:19.188] [8] [ Info] [Eco] Запуск МенеджерЖильяИгроков...  
[23:45:19.188] [8] [ Info] [Eco] Запуск МенеджерПользователей...  
[23:45:19.235] [8] [ Info] [Eco] Загружаем Users...  
[23:45:19.359] [8] [ Info] [Eco] Инициализация инвентарей...  
[23:45:19.400] [8] [ Info] [Eco] Запуск МенеджерОбъектовЭко...  
[23:45:19.405] [22] [ Info] [Eco] Запуск ПлагинМусора...  
[23:45:19.405] [19] [ Info] [Eco] Запуск НастройкиСложности...  
[23:45:19.405] [33] [ Info] [Eco] Запуск СерверЧата...  
[23:45:19.405] [12] [ Info] [Eco] Запуск VoiceManager...  
[23:45:19.405] [22] [ Info] [Eco] Загружаем Garbage...  
[23:45:19.405] [5] [ Info] [Eco] Запуск ПлагинЭкономики...  
[23:45:19.405] [36] [ Info] [Eco] Запуск ПлагинУгроз...  
[23:45:19.405] [8] [ Info] [Eco] Запуск МенеджерКонтроллера...  
[23:45:19.405] [5] [ Info] [Eco] Загружаем Economy...  
[23:45:19.515] [36] [ Info] [Eco] Загружаем Disasters...  
[23:45:19.515] [5] [ Info] [Eco] Запуск Законодательство...  
[23:45:19.569] [33] [ Info] [Eco] Загружаем Chat...  
[23:45:19.577] [5] [ Info] [Eco] Загружаем Laws...  
[23:45:19.633] [5] [ Info] [Eco] Запуск МенеджерСобственности...  
[23:45:19.633] [5] [ Info] [Eco] Загружаем Property...  
[23:45:19.673] [5] [ Info] [Eco] Запуск МенеджерМиникарты...  
[23:45:19.673] [5] [ Info] [Eco] Запуск СимуляцияЭко...  
[23:45:19.733] [5] [ Info] [Eco] Загружаем Plants...  
[23:45:21.456] [5] [ Info] [Eco] Инициализация растений...  
[23:45:27.632] [5] [ Info] [Eco] Запуск RouteProbingPlugin...  
[23:45:27.632] [5] [ Info] [Eco] Загружаем RouteProbing...  
[23:45:31.120] [5] [ Info] [Eco] Запуск МенеджерСлоёвМира...  
[23:45:31.124] [5] [ Info] [Eco] Загружаем Layers...  
[23:45:31.662] [5] [ Info] [Eco] Инициализация слоёв мира...  
[23:45:31.662] [5] [ Info] [Eco] Загружаем ClimateSim...  
[23:45:34.833] [5] [ Info] [Eco] Запуск ТрекерЭкономики...  
[23:45:34.833] [5] [ Info] [Eco] Запуск UserTracker...  
[23:45:34.833] [5] [ Info] [Eco] Запуск МенеджерМировыхОбъектов...  
[23:45:34.924] [5] [ Info] [Eco] Загружаем WorldObjects...  
[23:45:34.939] [5] [ Info] [Eco] Запуск ПлагинКомнат...  
[23:45:34.939] [5] [ Info] [Eco] Загружаем Rooms...  
[23:45:34.955] [5] [ Info] [Eco] Запуск ПлагинЦелей...  
[23:45:34.955] [5] [ Info] [Eco] Загружаем Objectives...  
[23:45:34.969] [5] [ Info] [Eco] Запуск ПлагинСна...  
[23:45:34.969] [5] [ Info] [Eco] Загружаем Sleep...  
[23:45:34.969] [1] [ Info] [Eco] Запуск ПлагинВебСервера...  
[23:45:34.982] [1] [ Info] [Eco] Запуск OtherAliasCategory...  
[23:45:34.982] [34] [ Info] [Eco] Запуск Asphalt...  
[23:45:34.982] [12] [ Info] [Eco] Запуск ПлагинТестовИнтеграции...  
[23:45:34.982] [15] [ Info] [Eco] Запуск NoPlayerCreditsPlugin...  
[23:45:34.982] [27] [ Info] [Eco] Запуск NidToolboxPlugin...  
[23:45:34.982] [11] [ Info] [Eco] Запуск DiscordLink...  
[23:45:34.982] [28] [ Info] [Eco] Запуск ChatBase...  
[23:45:35.088] [1] [ Info] [Eco] Инициализируем ПлагинПеревода...  
[23:45:35.093] [1] [ Info] [Eco] Инициализируем ПлагинНабораМодификаций...  
[23:45:35.372] [1] [ Info] [Eco] Инициализируем ПлагинГенератораМира...  
[23:45:35.372] [1] [ Info] [Eco] Инициализируем МенеджерПользователей...  
[23:45:35.413] [1] [ Info] [Eco] Инициализируем ПлагинМусора...  
[23:45:35.422] [1] [ Info] [Eco] Инициализируем ПлагинЭкономики...  
[23:45:35.435] [1] [ Info] [Eco] Инициализируем Законодательство...  
[23:45:35.911] [1] [ Info] [Eco] Инициализируем МенеджерСобственности...  
[23:45:35.926] [1] [ Info] [Eco] Инициализируем МенеджерМиникарты...  
[23:45:36.837] [1] [ Info] [Eco] Инициализируем UserTracker...  
[23:45:36.842] [1] [ Info] [Eco] Инициализируем МенеджерМировыхОбъектов...  
[23:45:36.927] [1] [ Info] [Eco] Инициализируем ПлагинКомнат...  
[23:45:36.927] [1] [ Info] [Eco] Инициализируем ПлагинСна...  
[23:45:36.927] [1] [ Info] [Eco] Инициализируем NidToolboxPlugin...  
[23:45:36.936] [1] [ Info] [NidToolbox] Checking declared file: Mods\NidToolbox\Texts\Motd.txt 
[23:45:36.936] [1] [ Info] [NidToolbox] Config file:  Mods\NidToolbox\Texts\Motd.txt exists. 
[23:45:36.936] [1] [ Info] [NidToolbox] Config file:  Mods\NidToolbox\Texts\Motd.txt readable. 
[23:45:36.936] [1] [ Info] [NidToolbox] Checking declared file: Mods\NidToolbox\Texts\Rules.txt 
[23:45:36.936] [1] [ Info] [NidToolbox] Config file:  Mods\NidToolbox\Texts\Rules.txt exists. 
[23:45:36.936] [1] [ Info] [NidToolbox] Config file:  Mods\NidToolbox\Texts\Rules.txt readable. 
[23:45:36.936] [1] [ Info] [NidToolbox] Checking declared file: Mods\NidToolbox\Texts\ServerChangelog.txt 
[23:45:36.936] [1] [ Info] [NidToolbox] Config file:  Mods\NidToolbox\Texts\ServerChangelog.txt exists. 
[23:45:36.936] [1] [ Info] [NidToolbox] Config file:  Mods\NidToolbox\Texts\ServerChangelog.txt readable. 
[23:45:37.042] [1] [ Info] [Eco] Инициализируем NoPlayerCreditsPlugin...  
[23:45:37.045] [1] [ Info] [Eco] Инициализируем DiscordLink...  
[23:45:37.090] [1] [ Info] [Eco] Инициализируем ПлагинМира...  
[23:45:37.093] [1] [ Info] [Eco] Обработка...  
[23:45:38.807] [1] [ Info] [Eco] Сжатие...  
[23:45:40.752] [138] [ Info] [Eco] DISCORDLINK: Connected to Discord.

 
[23:45:41.987] [1] [ Info] [Eco] Инициализируем МенеджерСети...  
[23:45:42.209] [1] [ Info] [Eco] Инициализируем МенеджерСлоёвМира...  
[23:45:42.209] [1] [ Info] [Eco] Инициализируем ПлагинВебСервера...  
[23:45:42.337] [138] [ Info] [Eco] DISCORDLINK: Connected and Ready
 
[23:45:42.862] [1] [ Info] [Eco] Инициализируем ПлагинТестовИнтеграции...  
[23:45:42.862] [1] [ Info] [NidToolbox] OK - Mono not detected, not a Linux environment 
[23:45:42.873] [1] [ Info] [NidToolbox] All commands in config up to date. 
[23:45:42.949] [1] [ Info] [NidToolbox] Running NidToolbox version 1.8.7 
[23:45:42.973] [1] [ Info] [Eco] Server Initialization завершена за 35 154,4мс
 
[23:48:36.095] [140] [ Info] [log] letmeplay invoked admin command '/fly' 
[00:09:06.127] [140] [ Info] [log] letmeplay invoked admin command '/save' 
[00:09:06.127] [24] [ Info] [Eco] Сохранение мира...  
[00:21:44.913] [140] [ Info] [log] letmeplay invoked admin command '/save' 
[00:21:44.913] [15] [ Info] [Eco] Сохранение мира...  
[00:34:54.726] [140] [ Info] [log] letmeplay invoked admin command '/eat' 
[00:40:19.603] [140] [ Info] [log] letmeplay invoked admin command '/save' 
[00:40:19.603] [15] [ Info] [Eco] Сохранение мира...  
[01:00:27.250] [140] [ Info] [log] letmeplay invoked admin command '/give Квитанции землемера,50' 
[01:10:38.679] [140] [ Info] [log] letmeplay invoked admin command '/give break' 
[01:11:54.266] [140] [ Info] [log] letmeplay invoked admin command '/give brick,20' 
[01:18:08.463] [140] [ Info] [log] letmeplay invoked admin command '/give mint' 
[01:23:38.407] [140] [ Info] [log] letmeplay invoked admin command '/give Bedroom Small Dresser' 
[01:23:55.208] [140] [ Info] [log] letmeplay invoked admin command '/give Bedroom Small Dresser' 
[01:26:01.929] [140] [ Info] [log] letmeplay invoked admin command '/give Сундук,8' 
[01:45:43.092] [15] [ Info] [Eco] Удалена резервная копия - D:/EcoBackup/Storage\Backup\Game-2020-02-15-00.45.42
 
[01:46:09.874] [140] [ Info] [log] letmeplay invoked admin command '/give Сундук,2' 
[01:54:44.709] [140] [ Info] [log] letmeplay invoked admin command '/give Обрамленное стекло' 
[01:54:50.108] [140] [ Info] [log] letmeplay invoked admin command '/give Обрамлённое стекло' 
[01:54:58.058] [140] [ Info] [log] letmeplay invoked admin command '/give Обрамлённое стекло,1' 
[01:55:06.926] [140] [ Info] [log] letmeplay invoked admin command '/give Обрамлёное стекло,1' 
[01:55:46.776] [140] [ Info] [log] letmeplay invoked admin command '/give обрамлённое стекло,1' 
[01:58:12.431] [140] [ Info] [log] letmeplay invoked admin command '/give Stained glass door,1' 
[01:59:37.986] [140] [ Info] [log] letmeplay invoked admin command '/give Black glass,1' 
[02:01:19.672] [140] [ Info] [log] letmeplay invoked admin command '/give стеклянная дверь' 
[02:02:04.324] [140] [ Info] [log] letmeplay invoked admin command '/give обрамлённое стекло,1' 
[02:03:51.977] [140] [ Info] [log] letmeplay invoked admin command '/give Сундук,1' 
[02:04:03.110] [140] [ Info] [log] letmeplay invoked admin command '/fly' 
[02:11:53.579] [140] [ Info] [log] letmeplay invoked admin command '/give банк' 
[02:14:11.817] [140] [ Info] [log] letmeplay invoked admin command '/fly' 
[02:16:18.072] [140] [ Info] [log] letmeplay invoked admin command '/give Сундук,2' 
[02:16:22.938] [140] [ Info] [log] letmeplay invoked admin command '/give Сундук,2' 
[02:16:27.572] [140] [ Info] [log] letmeplay invoked admin command '/give Сундук,2' 
[02:18:04.858] [140] [ Info] [log] letmeplay invoked admin command '/save' 
[02:18:04.858] [27] [ Info] [Eco] Сохранение мира...  
[02:26:29.643] [140] [ Info] [log] letmeplay invoked admin command '/save' 
[02:26:29.643] [174] [ Info] [Eco] Сохранение мира...  
[02:26:52.280] [1] [ Info] [Eco] Сохранение...
 
[02:26:52.280] [1] [ Info] [Eco] Сохранение мира...  
[02:27:08.354] [1] [ Info] [Eco] Готово
 
[02:27:10.395] [1] [ Info] [Eco] Выключение завершено
 
