[16:04:13.172] [1] [ Info] [Eco] >>> START EcoServer, Version=1.0.0.0, Culture=neutral, PublicKeyToken=null 
[16:04:13.200] [1] [ Info] [Eco] Eco Server 0.8.3.2 beta
 
[16:04:13.292] [1] [ Info] [Eco] Server Initialization...  
[16:04:13.292] [1] [ Info] [Eco] Starting LocalizationPlugin...  
[16:04:13.651] [1] [ Info] [Eco] Запуск ПлагинНабораМодификаций...  
[16:04:13.651] [1] [ Info] [Eco] Загрузка модификаций...  
[16:04:13.743] [1] [ Info] [Eco] Компилирование модификаций...  
[16:04:15.245] [1] [ Info] [Eco] Загружаем 0Harmony...
 
[16:04:15.249] [1] [ Info] [Eco] Загружаем Asphalt-ModKit...
 
[16:04:15.373] [1] [ Info] [Eco] Загружаем Eco.IntegrationTests...
 
[16:04:15.375] [1] [ Info] [Eco] Загружаем DiscordLinkUnified...
 
[16:04:15.427] [1] [ Info] [Eco] Загрузка модификаций завершена за 1 774,3мс
 
[16:04:15.427] [1] [ Info] [Eco] Запуск МенеджерСети...  
[16:04:15.427] [5] [ Info] [Eco] Инициализация типов симуляции...  
[16:04:15.501] [16] [ Info] [Eco] Запуск ПлагинГенератораМира...  
[16:04:15.501] [17] [ Info] [Eco] Запуск ПлагинРезервногоКопирования...  
[16:04:15.501] [14] [ Info] [Eco] Запуск ПлагинИгровойСтатистики...  
[16:04:15.501] [17] [ Info] [Eco] Запуск МенеджерХранилища...  
[16:04:16.906] [5] [ Info] [Eco] Инициализация предметов...  
[16:04:17.794] [17] [ Info] [Eco] Запуск Плагин паузы...  
[16:04:17.803] [17] [ Info] [Eco] Загружаем Pause...  
[16:04:19.642] [5] [ Info] [Eco] Инициализация навыков...  
[16:04:19.725] [17] [ Info] [Eco] Запуск БДСтатистики...  
[16:04:19.725] [7] [ Info] [Eco] Запуск ПлагинМира...  
[16:04:19.775] [7] [ Info] [Eco] Загружаем World...  
[16:04:23.447] [7] [ Info] [Eco] Инициализация мира...  
[16:04:25.016] [7] [ Info] [Eco] Запуск ПлагинВремени...  
[16:04:25.016] [7] [ Info] [Eco] Загружаем Time...  
[16:04:25.016] [7] [ Info] [Eco] Запуск ПлагинРепутации...  
[16:04:25.016] [7] [ Info] [Eco] Загружаем Reputation...  
[16:04:25.037] [7] [ Info] [Eco] Запуск МенеджерЖильяИгроков...  
[16:04:25.037] [7] [ Info] [Eco] Запуск МенеджерПользователей...  
[16:04:25.077] [7] [ Info] [Eco] Загружаем Users...  
[16:04:25.412] [7] [ Info] [Eco] Инициализация инвентарей...  
[16:04:25.452] [7] [ Info] [Eco] Запуск МенеджерОбъектовЭко...  
[16:04:25.452] [7] [ Info] [Eco] Загружаем Objects...  
[16:04:25.646] [17] [ Info] [Eco] Запуск ПлагинМусора...  
[16:04:25.646] [26] [ Info] [Eco] Запуск МенеджерКонтроллера...  
[16:04:25.646] [7] [ Info] [Eco] Запуск ПлагинЭкономики...  
[16:04:25.646] [19] [ Info] [Eco] Запуск СерверЧата...  
[16:04:25.646] [17] [ Info] [Eco] Загружаем Garbage...  
[16:04:25.646] [24] [ Info] [Eco] Запуск ПлагинУгроз...  
[16:04:25.646] [25] [ Info] [Eco] Запуск НастройкиСложности...  
[16:04:25.646] [5] [ Info] [Eco] Запуск VoiceManager...  
[16:04:25.656] [7] [ Info] [Eco] Загружаем Economy...  
[16:04:26.019] [7] [ Info] [Eco] Запуск Законодательство...  
[16:04:26.019] [24] [ Info] [Eco] Загружаем Disasters...  
[16:04:26.019] [19] [ Info] [Eco] Загружаем Chat...  
[16:04:28.234] [7] [ Info] [Eco] Загружаем Laws...  
[16:04:28.332] [7] [ Info] [Eco] Запуск МенеджерСобственности...  
[16:04:28.332] [7] [ Info] [Eco] Загружаем Property...  
[16:04:28.451] [7] [ Info] [Eco] Запуск МенеджерМиникарты...  
[16:04:28.451] [7] [ Info] [Eco] Запуск СимуляцияЭко...  
[16:04:28.524] [7] [ Info] [Eco] Загружаем Plants...  
[16:04:29.843] [7] [ Info] [Eco] Инициализация растений...  
[16:04:35.719] [7] [ Info] [Eco] Запуск RouteProbingPlugin...  
[16:04:35.719] [7] [ Info] [Eco] Загружаем RouteProbing...  
[16:04:38.070] [7] [ Info] [Eco] Запуск МенеджерСлоёвМира...  
[16:04:38.070] [7] [ Info] [Eco] Загружаем Layers...  
[16:04:38.761] [7] [ Info] [Eco] Инициализация слоёв мира...  
[16:04:38.768] [7] [ Info] [Eco] Загружаем ClimateSim...  
[16:04:41.494] [7] [ Info] [Eco] Запуск ТрекерЭкономики...  
[16:04:41.506] [7] [ Info] [Eco] Запуск UserTracker...  
[16:04:41.506] [7] [ Info] [Eco] Запуск МенеджерМировыхОбъектов...  
[16:04:41.590] [7] [ Info] [Eco] Загружаем WorldObjects...  
[16:04:42.323] [7] [ Info] [Eco] Запуск ПлагинКомнат...  
[16:04:42.326] [7] [ Info] [Eco] Загружаем Rooms...  
[16:04:42.326] [7] [ Info] [Eco] Запуск ПлагинЦелей...  
[16:04:42.342] [7] [ Info] [Eco] Загружаем Objectives...  
[16:04:42.358] [7] [ Info] [Eco] Запуск ПлагинСна...  
[16:04:42.358] [7] [ Info] [Eco] Загружаем Sleep...  
[16:04:42.358] [1] [ Info] [Eco] Запуск ПлагинВебСервера...  
[16:04:42.377] [1] [ Info] [Eco] Запуск OtherAliasCategory...  
[16:04:42.377] [5] [ Info] [Eco] Запуск Asphalt...  
[16:04:42.377] [26] [ Info] [Eco] Запуск DiscordLink...  
[16:04:42.377] [32] [ Info] [Eco] Запуск ПлагинТестовИнтеграции...  
[16:04:42.485] [1] [ Info] [Eco] Инициализируем ПлагинПеревода...  
[16:04:42.485] [1] [ Info] [Eco] Инициализируем ПлагинНабораМодификаций...  
[16:04:42.698] [1] [ Info] [Eco] Инициализируем ПлагинГенератораМира...  
[16:04:42.698] [1] [ Info] [Eco] Инициализируем МенеджерПользователей...  
[16:04:42.794] [1] [ Info] [Eco] Инициализируем ПлагинМусора...  
[16:04:42.802] [1] [ Info] [Eco] Инициализируем ПлагинЭкономики...  
[16:04:42.900] [1] [ Info] [Eco] Инициализируем Законодательство...  
[16:04:47.761] [1] [ Info] [Eco] Инициализируем МенеджерСобственности...  
[16:04:47.821] [1] [ Info] [Eco] Инициализируем МенеджерМиникарты...  
[16:04:48.782] [1] [ Info] [Eco] Инициализируем UserTracker...  
[16:04:48.782] [1] [ Info] [Eco] Инициализируем МенеджерМировыхОбъектов...  
[16:04:52.922] [1] [ Info] [Eco] Инициализируем ПлагинКомнат...  
[16:04:54.497] [1] [ Info] [Eco] Инициализируем ПлагинСна...  
[16:04:54.497] [1] [ Info] [Eco] Инициализируем DiscordLink...  
[16:04:54.528] [1] [ Info] [Eco] Инициализируем ПлагинМира...  
[16:04:54.531] [1] [ Info] [Eco] Обработка...  
[16:04:58.183] [138] [ Info] [Eco] DISCORDLINK: Connected to Discord.

 
[16:04:58.800] [1] [ Info] [Eco] Сжатие...  
[16:04:59.202] [138] [ Info] [Eco] DISCORDLINK: Connected and Ready
 
[16:05:02.768] [1] [ Info] [Eco] Инициализируем МенеджерСети...  
[16:05:02.998] [1] [ Info] [Eco] Инициализируем МенеджерСлоёвМира...  
[16:05:02.998] [1] [ Info] [Eco] Инициализируем ПлагинВебСервера...  
[16:05:03.687] [1] [ Info] [Eco] Инициализируем ПлагинТестовИнтеграции...  
[16:05:03.730] [1] [ Info] [Eco] Server Initialization завершена за 50 436,2мс
 
[16:05:12.698] [137] [ Info] [Eco] DISCORDLINK DEBUG:Eco Message Processed:
 
[16:05:12.698] [137] [ Info] [Eco] DISCORDLINK DEBUG:Message: <style="InfoLight">закончено изготовление <b><link="WorkOrder:f96f52a2-2097-4365-b56a-e5bb8a3421cc:27486a2a-75d4-4c86-b313-40b2335d3ae4"><nobr><ecoicon item='Dirt Ramp'>Dirt Ramp проект</ecoicon></nobr></link></b> в <b><link="WorldObject:f96f52a2-2097-4365-b56a-e5bb8a3421cc"><nobr><ecoicon item='Workbench'>Титаникус Верстак</ecoicon></nobr></link></b>.</style>
 
[16:05:12.698] [137] [ Info] [Eco] DISCORDLINK DEBUG:Tag: _Crafting
 
[16:05:12.698] [137] [ Info] [Eco] DISCORDLINK DEBUG:Category: Info
 
[16:05:12.698] [137] [ Info] [Eco] DISCORDLINK DEBUG:Temporary: False
 
[16:05:12.698] [137] [ Info] [Eco] DISCORDLINK DEBUG:Sender: 
 
[16:05:13.562] [22] [ Info] [Eco] DISCORDLINK DEBUG:Message received from Discord on channel: сервер-в-работе
 
[16:05:21.599] [137] [ Info] [Eco] DISCORDLINK DEBUG:Eco Message Processed:
 
[16:05:21.599] [137] [ Info] [Eco] DISCORDLINK DEBUG:Message: <style="InfoLight">закончено изготовление <b><link="WorkOrder:a0821441-0630-405a-9fc7-0fee0812999e:e4542cc8-b633-47b7-9989-dffa8f408c52"><nobr><ecoicon item='Mortar'>Mortar проект</ecoicon></nobr></link></b> в <b><link="WorldObject:a0821441-0630-405a-9fc7-0fee0812999e"><nobr><ecoicon item='Campfire'>Адм. Очевидность Костёр</ecoicon></nobr></link></b>.</style>
 
[16:05:21.599] [137] [ Info] [Eco] DISCORDLINK DEBUG:Tag: _Crafting
 
[16:05:21.599] [137] [ Info] [Eco] DISCORDLINK DEBUG:Category: Info
 
[16:05:21.599] [137] [ Info] [Eco] DISCORDLINK DEBUG:Temporary: False
 
[16:05:21.599] [137] [ Info] [Eco] DISCORDLINK DEBUG:Sender: 
 
[16:05:21.599] [137] [ Info] [Eco] DISCORDLINK DEBUG:Eco Message Processed:
 
[16:05:21.599] [137] [ Info] [Eco] DISCORDLINK DEBUG:Message: <style="InfoLight"><b><link="WorkOrder:1406f657-2a65-45e7-9212-04ba3bcfe56e:29ba591f-8811-495f-88b7-644f12fe462c"><nobr><ecoicon item='Portable Steam Engine'>Portable Steam Engine проект</ecoicon></nobr></link></b> приостановлено. <style="Error">Заблокировано!</style> Всё ещё недостаёт 1 <b><link="Item:GearItem"><style="Item"><nobr><ecoicon item='Iron Gear'>Железная шестерня</ecoicon></nobr></style></link></b>.</style>
 
[16:05:21.599] [137] [ Info] [Eco] DISCORDLINK DEBUG:Tag: _Crafting
 
[16:05:21.599] [137] [ Info] [Eco] DISCORDLINK DEBUG:Category: Info
 
[16:05:21.599] [137] [ Info] [Eco] DISCORDLINK DEBUG:Temporary: False
 
[16:05:21.599] [137] [ Info] [Eco] DISCORDLINK DEBUG:Sender: 
 
[16:05:23.856] [137] [ Info] [Eco] DISCORDLINK DEBUG:Eco Message Processed:
 
[16:05:23.858] [137] [ Info] [Eco] DISCORDLINK DEBUG:Message: <style="InfoLight"><b><link="WorkOrder:1dfdbeb5-bfe2-42fc-8c18-5fc1dabccbf5:ab64c49e-d22d-44aa-b136-a6408cc9cd93"><nobr><ecoicon item='Mortar'>Mortar проект</ecoicon></nobr></link></b> приостановлено. <style="Error">Заблокировано!</style> Всё ещё недостаёт 108 <b><link="Item:SandItem"><style="Item"><nobr><ecoicon item='Sand'>Песок</ecoicon></nobr></style></link></b>.</style>
 
[16:05:23.858] [137] [ Info] [Eco] DISCORDLINK DEBUG:Tag: _Crafting
 
[16:05:23.858] [137] [ Info] [Eco] DISCORDLINK DEBUG:Category: Info
 
[16:05:23.858] [137] [ Info] [Eco] DISCORDLINK DEBUG:Temporary: False
 
[16:05:23.858] [137] [ Info] [Eco] DISCORDLINK DEBUG:Sender: 
 
[16:05:24.988] [137] [ Info] [Eco] DISCORDLINK DEBUG:Eco Message Processed:
 
[16:05:24.988] [137] [ Info] [Eco] DISCORDLINK DEBUG:Message: <style="InfoLight"><b><link="User::76561198073640195"><ecobadgeicon tier='4'><color=#2EB6FC>chekist_krs</color></ecobadgeicon></link></b> вернулся в игру (Последний раз в сети 29s назад).</style>
 
[16:05:24.988] [137] [ Info] [Eco] DISCORDLINK DEBUG:Tag: _Logins
 
[16:05:24.988] [137] [ Info] [Eco] DISCORDLINK DEBUG:Category: Info
 
[16:05:24.988] [137] [ Info] [Eco] DISCORDLINK DEBUG:Temporary: False
 
[16:05:24.988] [137] [ Info] [Eco] DISCORDLINK DEBUG:Sender: 
 
[16:05:25.558] [137] [ Info] [Eco] DISCORDLINK DEBUG:Eco Message Processed:
 
[16:05:25.558] [137] [ Info] [Eco] DISCORDLINK DEBUG:Message: <style="InfoLight"><b><link="WorkOrder:1dfdbeb5-bfe2-42fc-8c18-5fc1dabccbf5:ab64c49e-d22d-44aa-b136-a6408cc9cd93"><nobr><ecoicon item='Mortar'>Mortar проект</ecoicon></nobr></link></b> приостановлено. <style="Error">Заблокировано!</style> Всё ещё недостаёт 108 <b><link="Item:SandItem"><style="Item"><nobr><ecoicon item='Sand'>Песок</ecoicon></nobr></style></link></b>.</style>
 
[16:05:25.561] [137] [ Info] [Eco] DISCORDLINK DEBUG:Tag: _Crafting
 
[16:05:25.561] [137] [ Info] [Eco] DISCORDLINK DEBUG:Category: Info
 
[16:05:25.561] [137] [ Info] [Eco] DISCORDLINK DEBUG:Temporary: False
 
[16:05:25.561] [137] [ Info] [Eco] DISCORDLINK DEBUG:Sender: 
 
[16:05:31.131] [137] [ Info] [Eco] DISCORDLINK DEBUG:Eco Message Processed:
 
[16:05:31.131] [137] [ Info] [Eco] DISCORDLINK DEBUG:Message: <style="InfoLight"><b><link="User::76561197997387109"><ecobadgeicon tier='4'><color=#2581FE>[SS] BaJIeHoK</color></ecobadgeicon></link></b> вернулся в игру (Последний раз в сети 35s назад).</style>
 
[16:05:31.131] [137] [ Info] [Eco] DISCORDLINK DEBUG:Tag: _Logins
 
[16:05:31.131] [137] [ Info] [Eco] DISCORDLINK DEBUG:Category: Info
 
[16:05:31.131] [137] [ Info] [Eco] DISCORDLINK DEBUG:Temporary: False
 
[16:05:31.131] [137] [ Info] [Eco] DISCORDLINK DEBUG:Sender: 
 
[16:05:33.345] [137] [ Info] [Eco] DISCORDLINK DEBUG:Eco Message Processed:
 
[16:05:33.345] [137] [ Info] [Eco] DISCORDLINK DEBUG:Message: <style="InfoLight"><b><link="User::76561198025755741"><ecobadgeicon tier='4'><color=#51FFB7>letmeplay</color></ecobadgeicon></link></b> вернулся в игру (Последний раз в сети 38s назад).</style>
 
[16:05:33.345] [137] [ Info] [Eco] DISCORDLINK DEBUG:Tag: _Logins
 
[16:05:33.345] [137] [ Info] [Eco] DISCORDLINK DEBUG:Category: Info
 
[16:05:33.345] [137] [ Info] [Eco] DISCORDLINK DEBUG:Temporary: False
 
[16:05:33.345] [137] [ Info] [Eco] DISCORDLINK DEBUG:Sender: 
 
[16:05:45.117] [137] [ Info] [Eco] DISCORDLINK DEBUG:Eco Message Processed:
 
[16:05:45.117] [137] [ Info] [Eco] DISCORDLINK DEBUG:Message: <style="InfoLight"><b><link="WorkOrder:78816626-645f-43df-bb7b-798a4c211472:e0d5adf4-ffe8-4e82-89be-342325d386d8"><nobr><ecoicon item='Stone Road'>Stone Road проект</ecoicon></nobr></link></b> приостановлено. <style="Error">Заблокировано!</style> Всё ещё недостаёт 46 <b><link="Item:StoneItem"><style="Item"><nobr><ecoicon item='Stone'>Камень</ecoicon></nobr></style></link></b>.</style>
 
[16:05:45.117] [137] [ Info] [Eco] DISCORDLINK DEBUG:Tag: _Crafting
 
[16:05:45.117] [137] [ Info] [Eco] DISCORDLINK DEBUG:Category: Info
 
[16:05:45.117] [137] [ Info] [Eco] DISCORDLINK DEBUG:Temporary: False
 
[16:05:45.123] [137] [ Info] [Eco] DISCORDLINK DEBUG:Sender: 
 
[16:05:46.236] [137] [ Info] [Eco] DISCORDLINK DEBUG:Eco Message Processed:
 
[16:05:46.236] [137] [ Info] [Eco] DISCORDLINK DEBUG:Message: <style="InfoLight">закончено изготовление <b><link="WorkOrder:1406f657-2a65-45e7-9212-04ba3bcfe56e:29ba591f-8811-495f-88b7-644f12fe462c"><nobr><ecoicon item='Portable Steam Engine'>Portable Steam Engine проект</ecoicon></nobr></link></b> в <b><link="WorldObject:1406f657-2a65-45e7-9212-04ba3bcfe56e"><nobr><ecoicon item='Machinist Table'>Immortall Слесарный верстак</ecoicon></nobr></link></b>.</style>
 
[16:05:46.236] [137] [ Info] [Eco] DISCORDLINK DEBUG:Tag: _Crafting
 
[16:05:46.236] [137] [ Info] [Eco] DISCORDLINK DEBUG:Category: Info
 
[16:05:46.236] [137] [ Info] [Eco] DISCORDLINK DEBUG:Temporary: False
 
[16:05:46.236] [137] [ Info] [Eco] DISCORDLINK DEBUG:Sender: 
 
[16:05:46.236] [137] [ Info] [Eco] DISCORDLINK DEBUG:Eco Message Processed:
 
[16:05:46.236] [137] [ Info] [Eco] DISCORDLINK DEBUG:Message: <style="InfoLight">Вы получили <style="Info">10</style> Механика опыта за эту работу.</style>
 
[16:05:46.236] [137] [ Info] [Eco] DISCORDLINK DEBUG:Tag: _Crafting
 
[16:05:46.236] [137] [ Info] [Eco] DISCORDLINK DEBUG:Category: Info
 
[16:05:46.236] [137] [ Info] [Eco] DISCORDLINK DEBUG:Temporary: False
 
[16:05:46.236] [137] [ Info] [Eco] DISCORDLINK DEBUG:Sender: 
 
[16:05:50.013] [32] [ Info] [Eco] DISCORDLINK DEBUG:Message received from Discord on channel: сервер-в-работе
 
[16:06:01.806] [11] [ Info] [Eco] DISCORDLINK DEBUG:Message received from Discord on channel: сервер-в-работе
 
[16:06:02.892] [137] [ Info] [Eco] DISCORDLINK DEBUG:Eco Message Processed:
 
[16:06:02.892] [137] [ Info] [Eco] DISCORDLINK DEBUG:Message: <style="InfoLight"><b><link="User::76561198159962981"><ecobadgeicon tier='4'><color=#2581FE>Dark Avenger</color></ecobadgeicon></link></b> вернулся в игру (Последний раз в сети 3m 4s назад).</style>
 
[16:06:02.892] [137] [ Info] [Eco] DISCORDLINK DEBUG:Tag: _Logins
 
[16:06:02.892] [137] [ Info] [Eco] DISCORDLINK DEBUG:Category: Info
 
[16:06:02.892] [137] [ Info] [Eco] DISCORDLINK DEBUG:Temporary: False
 
[16:06:02.892] [137] [ Info] [Eco] DISCORDLINK DEBUG:Sender: 
 
[16:06:05.701] [10] [ Info] [Eco] DISCORDLINK DEBUG:Message received from Discord on channel: сервер-в-работе
 
[16:06:29.096] [137] [ Info] [Eco] DISCORDLINK DEBUG:Eco Message Processed:
 
[16:06:29.096] [137] [ Info] [Eco] DISCORDLINK DEBUG:Message: <style="InfoLight"><b><link="User::76561198025755741"><ecobadgeicon tier='4'><color=#51FFB7>letmeplay</color></ecobadgeicon></link></b> покинул игру</style>
 
[16:06:29.096] [137] [ Info] [Eco] DISCORDLINK DEBUG:Tag: _Logins
 
[16:06:29.096] [137] [ Info] [Eco] DISCORDLINK DEBUG:Category: Info
 
[16:06:29.096] [137] [ Info] [Eco] DISCORDLINK DEBUG:Temporary: False
 
[16:06:29.096] [137] [ Info] [Eco] DISCORDLINK DEBUG:Sender: 
 
