[16:35:57.501] [1] [ Info] [Eco] >>> START EcoServer, Version=1.0.0.0, Culture=neutral, PublicKeyToken=null 
[16:35:57.534] [1] [ Info] [Eco] Eco Server 0.8.3.3 beta
 
[16:35:57.621] [1] [ Info] [Eco] Server Initialization...  
[16:35:57.622] [1] [ Info] [Eco] Starting LocalizationPlugin...  
[16:35:58.341] [1] [ Info] [Eco] Запуск ПлагинНабораМодификаций...  
[16:35:58.341] [1] [ Info] [Eco] Загрузка модификаций...  
[16:35:58.671] [1] [ Info] [Eco] Компилирование модификаций...  
[16:36:00.612] [1] [ Info] [Eco] Загружаем 0Harmony...
 
[16:36:00.612] [1] [ Info] [Eco] Загружаем Asphalt-ModKit...
 
[16:36:00.742] [1] [ Info] [Eco] Загружаем DiscordLink_blue...
 
[16:36:00.795] [1] [ Info] [Eco] Загружаем Eco.IntegrationTests...
 
[16:36:00.795] [1] [ Info] [Eco] Загружаем em-base...
 
[16:36:00.795] [1] [ Info] [Eco] Загружаем NoPlayerCredits...
 
[16:36:00.795] [1] [ Info] [Eco] Загружаем em-greenenergy...
 
[16:36:00.795] [1] [ Info] [Eco] Загружаем em-realisticsmelting...
 
[16:36:00.795] [1] [ Info] [Eco] Загружаем em-shippingcontainers...
 
[16:36:00.809] [1] [ Info] [Eco] Загружаем em-tailingspack...
 
[16:36:00.809] [1] [ Info] [Eco] Загружаем em-arches...
 
[16:36:00.809] [1] [ Info] [Eco] Загружаем em-doors...
 
[16:36:00.809] [1] [ Info] [Eco] Загружаем em-dyes...
 
[16:36:00.809] [1] [ Info] [Eco] Загружаем em-homeobjects...
 
[16:36:00.828] [1] [ Info] [Eco] Загружаем em-transportation...
 
[16:36:00.828] [1] [ Info] [Eco] Загружаем em-windows...
 
[16:36:00.847] [1] [ Info] [Eco] Загружаем em-zymology...
 
[16:36:00.847] [1] [ Info] [Eco] Загружаем HPStorage...
 
[16:36:00.847] [1] [ Info] [Eco] Загружаем NidToolbox...
 
[16:36:00.861] [1] [ Info] [Eco] Загрузка модификаций завершена за 2 517,4мс
 
[16:36:00.861] [1] [ Info] [Eco] Запуск МенеджерСети...  
[16:36:00.861] [6] [ Info] [Eco] Инициализация типов симуляции...  
[16:36:00.932] [17] [ Info] [Eco] Запуск ПлагинГенератораМира...  
[16:36:00.932] [7] [ Info] [Eco] Запуск ПлагинРезервногоКопирования...  
[16:36:00.932] [13] [ Info] [Eco] Запуск ПлагинИгровойСтатистики...  
[16:36:00.944] [7] [ Info] [Eco] Запуск МенеджерХранилища...  
[16:36:01.621] [6] [ Info] [Eco] Инициализация предметов...  
[16:36:01.722] [6] [ Info] [NidToolbox] Checking Settings.json 
[16:36:01.722] [6] [ Info] [NidToolbox] Config file: Mods\NidToolbox\Config\Settings.json exists. 
[16:36:01.722] [6] [ Info] [NidToolbox] Json file: Mods\NidToolbox\Config\Settings.json readable and correct. 
[16:36:01.722] [6] [ Info] [NidToolbox] Checking CommandPermissions.json 
[16:36:01.722] [6] [ Info] [NidToolbox] Config file: Mods\NidToolbox\Config\CommandPermissions.json exists. 
[16:36:01.733] [6] [ Info] [NidToolbox] Json file: Mods\NidToolbox\Config\CommandPermissions.json readable and correct. 
[16:36:01.733] [6] [ Info] [NidToolbox] Checking TimerMessages.json 
[16:36:01.733] [6] [ Info] [NidToolbox] Config file: Mods\NidToolbox\Config\TimerMessages.json exists. 
[16:36:01.733] [6] [ Info] [NidToolbox] Json file: Mods\NidToolbox\Config\TimerMessages.json readable and correct. 
[16:36:01.733] [6] [ Info] [NidToolbox] Checking ScheduledMessages.json 
[16:36:01.733] [6] [ Info] [NidToolbox] Config file: Mods\NidToolbox\Config\ScheduledMessages.json exists. 
[16:36:01.733] [6] [ Info] [NidToolbox] Json file: Mods\NidToolbox\Config\ScheduledMessages.json readable and correct. 
[16:36:01.733] [6] [ Info] [NidToolbox] No UserHomes directory, skipping user homes config checks. 
[16:36:04.589] [7] [ Info] [Eco] Запуск Плагин паузы...  
[16:36:04.596] [7] [ Info] [Eco] Загружаем Pause...  
[16:36:05.366] [6] [ Info] [Eco] Инициализация навыков...  
[16:36:05.459] [17] [ Info] [Eco] Запуск БДСтатистики...  
[16:36:05.459] [12] [ Info] [Eco] Запуск ПлагинМира...  
[16:36:05.498] [12] [ Info] [Eco] Загружаем World...  
[16:36:08.742] [12] [ Info] [Eco] Инициализация мира...  
[16:36:09.682] [12] [ Info] [Eco] Запуск ПлагинВремени...  
[16:36:09.682] [12] [ Info] [Eco] Загружаем Time...  
[16:36:09.685] [12] [ Info] [Eco] Запуск ПлагинРепутации...  
[16:36:09.685] [12] [ Info] [Eco] Загружаем Reputation...  
[16:36:09.685] [12] [ Info] [Eco] Запуск МенеджерЖильяИгроков...  
[16:36:09.700] [12] [ Info] [Eco] Запуск МенеджерПользователей...  
[16:36:09.745] [12] [ Info] [Eco] Загружаем Users...  
[16:36:09.892] [12] [ Info] [Eco] Инициализация инвентарей...  
[16:36:09.933] [12] [ Info] [Eco] Запуск МенеджерОбъектовЭко...  
[16:36:09.938] [12] [ Info] [Eco] Запуск ПлагинМусора...  
[16:36:09.938] [9] [ Info] [Eco] Запуск МенеджерКонтроллера...  
[16:36:09.938] [12] [ Info] [Eco] Загружаем Garbage...  
[16:36:09.938] [22] [ Info] [Eco] Запуск НастройкиСложности...  
[16:36:09.938] [31] [ Info] [Eco] Запуск СерверЧата...  
[16:36:09.938] [16] [ Info] [Eco] Запуск ПлагинУгроз...  
[16:36:09.938] [7] [ Info] [Eco] Запуск ПлагинЭкономики...  
[16:36:09.938] [17] [ Info] [Eco] Запуск VoiceManager...  
[16:36:09.938] [7] [ Info] [Eco] Загружаем Economy...  
[16:36:10.114] [16] [ Info] [Eco] Загружаем Disasters...  
[16:36:10.122] [7] [ Info] [Eco] Запуск Законодательство...  
[16:36:10.122] [31] [ Info] [Eco] Загружаем Chat...  
[16:36:10.159] [7] [ Info] [Eco] Загружаем Laws...  
[16:36:10.257] [7] [ Info] [Eco] Запуск МенеджерСобственности...  
[16:36:10.257] [7] [ Info] [Eco] Загружаем Property...  
[16:36:10.319] [7] [ Info] [Eco] Запуск МенеджерМиникарты...  
[16:36:10.319] [7] [ Info] [Eco] Запуск СимуляцияЭко...  
[16:36:10.385] [7] [ Info] [Eco] Загружаем Plants...  
[16:36:12.546] [7] [ Info] [Eco] Инициализация растений...  
[16:36:22.196] [7] [ Info] [Eco] Запуск RouteProbingPlugin...  
[16:36:22.196] [7] [ Info] [Eco] Загружаем RouteProbing...  
[16:36:25.404] [7] [ Info] [Eco] Запуск МенеджерСлоёвМира...  
[16:36:25.404] [7] [ Info] [Eco] Загружаем Layers...  
[16:36:26.057] [7] [ Info] [Eco] Инициализация слоёв мира...  
[16:36:26.063] [7] [ Info] [Eco] Загружаем ClimateSim...  
[16:36:29.423] [7] [ Info] [Eco] Запуск ТрекерЭкономики...  
[16:36:29.423] [7] [ Info] [Eco] Запуск UserTracker...  
[16:36:29.434] [7] [ Info] [Eco] Запуск МенеджерМировыхОбъектов...  
[16:36:29.524] [7] [ Info] [Eco] Загружаем WorldObjects...  
[16:36:29.726] [7] [ Info] [Eco] Запуск ПлагинКомнат...  
[16:36:29.726] [7] [ Info] [Eco] Загружаем Rooms...  
[16:36:29.744] [7] [ Info] [Eco] Запуск ПлагинЦелей...  
[16:36:29.744] [7] [ Info] [Eco] Загружаем Objectives...  
[16:36:29.759] [7] [ Info] [Eco] Запуск ПлагинСна...  
[16:36:29.759] [7] [ Info] [Eco] Загружаем Sleep...  
[16:36:29.765] [1] [ Info] [Eco] Запуск ПлагинВебСервера...  
[16:36:29.765] [1] [ Info] [Eco] Запуск OtherAliasCategory...  
[16:36:29.765] [31] [ Info] [Eco] Запуск ПлагинТестовИнтеграции...  
[16:36:29.765] [11] [ Info] [Eco] Запуск NidToolboxPlugin...  
[16:36:29.765] [34] [ Info] [Eco] Запуск DiscordLink...  
[16:36:29.765] [22] [ Info] [Eco] Запуск ChatBase...  
[16:36:29.765] [30] [ Info] [Eco] Запуск NoPlayerCreditsPlugin...  
[16:36:29.765] [24] [ Info] [Eco] Запуск Asphalt...  
[16:36:29.876] [1] [ Info] [Eco] Инициализируем ПлагинПеревода...  
[16:36:29.876] [1] [ Info] [Eco] Инициализируем ПлагинНабораМодификаций...  
[16:36:30.160] [1] [ Info] [Eco] Инициализируем ПлагинГенератораМира...  
[16:36:30.160] [1] [ Info] [Eco] Инициализируем МенеджерПользователей...  
[16:36:30.209] [1] [ Info] [Eco] Инициализируем ПлагинМусора...  
[16:36:30.225] [1] [ Info] [Eco] Инициализируем ПлагинЭкономики...  
[16:36:30.246] [1] [ Info] [Eco] Инициализируем Законодательство...  
[16:36:33.143] [1] [ Info] [Eco] Инициализируем МенеджерСобственности...  
[16:36:33.155] [1] [ Info] [Eco] Инициализируем МенеджерМиникарты...  
[16:36:34.283] [1] [ Info] [Eco] Инициализируем UserTracker...  
[16:36:34.283] [1] [ Info] [Eco] Инициализируем МенеджерМировыхОбъектов...  
[16:36:34.538] [1] [ Info] [Eco] Инициализируем ПлагинКомнат...  
[16:36:34.659] [1] [ Info] [Eco] Инициализируем ПлагинСна...  
[16:36:34.659] [1] [ Info] [Eco] Инициализируем NidToolboxPlugin...  
[16:36:34.672] [1] [ Info] [NidToolbox] Checking declared file: Mods\NidToolbox\Texts\Motd.txt 
[16:36:34.672] [1] [ Info] [NidToolbox] Config file:  Mods\NidToolbox\Texts\Motd.txt exists. 
[16:36:34.672] [1] [ Info] [NidToolbox] Config file:  Mods\NidToolbox\Texts\Motd.txt readable. 
[16:36:34.672] [1] [ Info] [NidToolbox] Checking declared file: Mods\NidToolbox\Texts\Rules.txt 
[16:36:34.672] [1] [ Info] [NidToolbox] Config file:  Mods\NidToolbox\Texts\Rules.txt exists. 
[16:36:34.672] [1] [ Info] [NidToolbox] Config file:  Mods\NidToolbox\Texts\Rules.txt readable. 
[16:36:34.672] [1] [ Info] [NidToolbox] Checking declared file: Mods\NidToolbox\Texts\ServerChangelog.txt 
[16:36:34.672] [1] [ Info] [NidToolbox] Config file:  Mods\NidToolbox\Texts\ServerChangelog.txt exists. 
[16:36:34.672] [1] [ Info] [NidToolbox] Config file:  Mods\NidToolbox\Texts\ServerChangelog.txt readable. 
[16:36:34.772] [1] [ Info] [Eco] Инициализируем NoPlayerCreditsPlugin...  
[16:36:34.772] [1] [ Info] [Eco] Инициализируем DiscordLink...  
[16:36:34.804] [1] [ Info] [Eco] Инициализируем ПлагинМира...  
[16:36:34.804] [1] [ Info] [Eco] Обработка...  
[16:36:36.727] [1] [ Info] [Eco] Сжатие...  
[16:36:37.239] [138] [ Info] [Eco] DISCORDLINK: Connected to Discord.

 
[16:36:40.441] [1] [ Info] [Eco] Инициализируем МенеджерСети...  
[16:36:40.697] [1] [ Info] [Eco] Инициализируем МенеджерСлоёвМира...  
[16:36:40.697] [1] [ Info] [Eco] Инициализируем ПлагинВебСервера...  
[16:36:40.850] [140] [ Info] [Eco] DISCORDLINK: Connected and Ready
 
[16:36:41.527] [1] [ Info] [Eco] Инициализируем ПлагинТестовИнтеграции...  
[16:36:41.533] [1] [ Info] [NidToolbox] OK - Mono not detected, not a Linux environment 
[16:36:41.533] [1] [ Info] [NidToolbox] All commands in config up to date. 
[16:36:41.614] [1] [ Info] [NidToolbox] Running NidToolbox version 1.8.7 
[16:36:41.638] [1] [ Info] [Eco] Server Initialization завершена за 44 012,0мс
 
[16:51:09.138] [136] [ Info] [log] Dark Avenger invoked admin command '/eat' 
[16:51:17.556] [136] [ Info] [log] Dark Avenger invoked admin command '/fly' 
[16:52:08.120] [136] [ Info] [log] Dark Avenger invoked admin command '/fly' 
[16:52:14.525] [136] [ Info] [log] Dark Avenger invoked admin command '/fly' 
[16:52:20.126] [136] [ Info] [log] Dark Avenger invoked admin command '/fly' 
[16:52:39.673] [136] [ Info] [log] Dark Avenger invoked admin command '/fly' 
[16:56:12.409] [136] [ Info] [log] Dark Avenger invoked admin command '/fly' 
[17:06:42.399] [9] [ Info] [Eco] Удалена резервная копия - D:/EcoBackup/Storage\Backup\Game-2020-03-04-09.03.05
 
[17:15:23.314] [35] [ Info] [log] AmeriQ invoked admin command '/eat' 
[17:36:42.382] [20] [ Info] [Eco] Удалена резервная копия - D:/EcoBackup/Storage\Backup\Game-2020-03-05-08.33.06
 
[17:39:23.332] [136] [ Info] [log] Dark Avenger invoked admin command '/fly' 
[17:40:03.915] [35] [ Info] [log] AmeriQ invoked admin command '/fly' 
[17:40:47.087] [35] [ Info] [log] AmeriQ invoked admin command '/give семечко помидора' 
[17:41:00.973] [35] [ Info] [log] AmeriQ invoked admin command '/give тяпка' 
[17:41:06.389] [35] [ Info] [log] AmeriQ invoked admin command '/give  железная тяпка' 
[18:06:42.184] [6] [ Info] [Eco] Удалена резервная копия - D:/EcoBackup/Storage\Backup\Game-2020-03-04-10.03.05
 
[18:36:42.009] [25] [ Info] [Eco] Удалена резервная копия - D:/EcoBackup/Storage\Backup\Game-2020-03-05-17.36.41
 
[19:01:51.336] [19] [ Info] [log] AmeriQ invoked admin command '/fly' 
[19:06:42.151] [20] [ Info] [Eco] Удалена резервная копия - D:/EcoBackup/Storage\Backup\Game-2020-03-04-11.03.05
 
[19:23:28.720] [19] [ Info] [log] AmeriQ invoked admin command '/give Бородач жерара' 
[19:23:41.429] [19] [ Info] [log] AmeriQ invoked admin command '/give Бородач Жерара' 
[19:25:26.822] [19] [ Info] [log] AmeriQ invoked admin command '/passlaws' 
[19:25:33.985] [34] [ Info] [log] letmeplay invoked admin command '/fly' 
[19:25:48.815] [136] [ Info] [log] Dark Avenger invoked admin command '/fly' 
[19:29:24.436] [1] [ Info] [Eco] Сохранение...
 
[19:29:24.436] [1] [ Info] [Eco] Сохранение мира...  
[19:29:29.283] [1] [ Info] [Eco] Готово
 
[19:29:29.443] [1] [ Info] [Eco] Выключение завершено
 
