[15:39:00.846] [1] [ Info] [Eco] >>> START EcoServer, Version=1.0.0.0, Culture=neutral, PublicKeyToken=null 
[15:39:00.875] [1] [ Info] [Eco] Eco Server 0.8.3.2 beta
 
[15:39:00.951] [1] [ Info] [Eco] Server Initialization...  
[15:39:00.951] [1] [ Info] [Eco] Starting LocalizationPlugin...  
[15:39:01.316] [1] [ Info] [Eco] Запуск ПлагинНабораМодификаций...  
[15:39:01.316] [1] [ Info] [Eco] Загрузка модификаций...  
[15:39:01.410] [1] [ Info] [Eco] Компилирование модификаций...  
[15:39:02.890] [1] [ Info] [Eco] Загружаем 0Harmony...
 
[15:39:02.890] [1] [ Info] [Eco] Загружаем Asphalt-ModKit...
 
[15:39:03.016] [1] [ Info] [Eco] Загружаем Eco.IntegrationTests...
 
[15:39:03.016] [1] [ Info] [Eco] Загружаем DiscordLinkUnified...
 
[15:39:03.069] [1] [ Info] [Eco] Загружаем EcoStory...
 
[15:39:03.069] [1] [ Info] [Eco] Загрузка модификаций завершена за 1 757,1мс
 
[15:39:03.078] [1] [ Info] [Eco] Запуск МенеджерСети...  
[15:39:03.078] [6] [ Info] [Eco] Инициализация типов симуляции...  
[15:39:03.149] [11] [ Info] [Eco] Запуск ПлагинГенератораМира...  
[15:39:03.149] [13] [ Info] [Eco] Запуск ПлагинИгровойСтатистики...  
[15:39:03.149] [16] [ Info] [Eco] Запуск ПлагинРезервногоКопирования...  
[15:39:03.161] [16] [ Info] [Eco] Запуск МенеджерХранилища...  
[15:39:04.597] [6] [ Info] [Eco] Инициализация предметов...  
[15:39:04.660] [6] [ Info] [NidToolbox] Checking Settings.json 
[15:39:04.660] [6] [ Info] [NidToolbox] Config file: Mods\NidToolbox\Config\Settings.json exists. 
[15:39:04.660] [6] [ Info] [NidToolbox] Json file: Mods\NidToolbox\Config\Settings.json readable and correct. 
[15:39:04.660] [6] [ Info] [NidToolbox] Checking CommandPermissions.json 
[15:39:04.670] [6] [ Info] [NidToolbox] Config file: Mods\NidToolbox\Config\CommandPermissions.json exists. 
[15:39:04.670] [6] [ Info] [NidToolbox] Json file: Mods\NidToolbox\Config\CommandPermissions.json readable and correct. 
[15:39:04.670] [6] [ Info] [NidToolbox] Checking TimerMessages.json 
[15:39:04.670] [6] [ Info] [NidToolbox] Config file: Mods\NidToolbox\Config\TimerMessages.json exists. 
[15:39:04.670] [6] [ Info] [NidToolbox] Json file: Mods\NidToolbox\Config\TimerMessages.json readable and correct. 
[15:39:04.670] [6] [ Info] [NidToolbox] Checking ScheduledMessages.json 
[15:39:04.670] [6] [ Info] [NidToolbox] Config file: Mods\NidToolbox\Config\ScheduledMessages.json exists. 
[15:39:04.670] [6] [ Info] [NidToolbox] Json file: Mods\NidToolbox\Config\ScheduledMessages.json readable and correct. 
[15:39:04.688] [6] [ Info] [NidToolbox] No UserHomes directory, skipping user homes config checks. 
[15:39:05.479] [16] [ Info] [Eco] Запуск Плагин паузы...  
[15:39:05.490] [16] [ Info] [Eco] Загружаем Pause...  
[15:39:07.277] [6] [ Info] [Eco] Инициализация навыков...  
[15:39:07.364] [16] [ Info] [Eco] Запуск БДСтатистики...  
[15:39:07.364] [12] [ Info] [Eco] Запуск ПлагинМира...  
[15:39:07.418] [12] [ Info] [Eco] Загружаем World...  
[15:39:10.805] [12] [ Info] [Eco] Инициализация мира...  
[15:39:12.690] [12] [ Info] [Eco] Запуск ПлагинВремени...  
[15:39:12.690] [12] [ Info] [Eco] Загружаем Time...  
[15:39:12.690] [12] [ Info] [Eco] Запуск ПлагинРепутации...  
[15:39:12.690] [12] [ Info] [Eco] Загружаем Reputation...  
[15:39:12.714] [12] [ Info] [Eco] Запуск МенеджерЖильяИгроков...  
[15:39:12.714] [12] [ Info] [Eco] Запуск МенеджерПользователей...  
[15:39:12.755] [12] [ Info] [Eco] Загружаем Users...  
[15:39:13.078] [12] [ Info] [Eco] Инициализация инвентарей...  
[15:39:13.116] [12] [ Info] [Eco] Запуск МенеджерОбъектовЭко...  
[15:39:13.125] [12] [ Info] [Eco] Загружаем Objects...  
[15:39:13.327] [30] [ Info] [Eco] Запуск ПлагинМусора...  
[15:39:13.327] [5] [ Info] [Eco] Запуск НастройкиСложности...  
[15:39:13.327] [24] [ Info] [Eco] Запуск VoiceManager...  
[15:39:13.327] [23] [ Info] [Eco] Запуск СерверЧата...  
[15:39:13.327] [11] [ Info] [Eco] Запуск МенеджерКонтроллера...  
[15:39:13.327] [12] [ Info] [Eco] Запуск ПлагинЭкономики...  
[15:39:13.327] [30] [ Info] [Eco] Загружаем Garbage...  
[15:39:13.327] [25] [ Info] [Eco] Запуск ПлагинУгроз...  
[15:39:13.327] [12] [ Info] [Eco] Загружаем Economy...  
[15:39:13.823] [12] [ Info] [Eco] Запуск Законодательство...  
[15:39:13.823] [25] [ Info] [Eco] Загружаем Disasters...  
[15:39:13.827] [23] [ Info] [Eco] Загружаем Chat...  
[15:39:18.118] [12] [ Info] [Eco] Загружаем Laws...  
[15:39:18.229] [12] [ Info] [Eco] Запуск МенеджерСобственности...  
[15:39:18.232] [12] [ Info] [Eco] Загружаем Property...  
[15:39:18.347] [12] [ Info] [Eco] Запуск МенеджерМиникарты...  
[15:39:18.347] [12] [ Info] [Eco] Запуск СимуляцияЭко...  
[15:39:18.416] [12] [ Info] [Eco] Загружаем Plants...  
[15:39:19.792] [12] [ Info] [Eco] Инициализация растений...  
[15:39:25.906] [12] [ Info] [Eco] Запуск RouteProbingPlugin...  
[15:39:25.906] [12] [ Info] [Eco] Загружаем RouteProbing...  
[15:39:28.142] [12] [ Info] [Eco] Запуск МенеджерСлоёвМира...  
[15:39:28.142] [12] [ Info] [Eco] Загружаем Layers...  
[15:39:28.832] [12] [ Info] [Eco] Инициализация слоёв мира...  
[15:39:28.832] [12] [ Info] [Eco] Загружаем ClimateSim...  
[15:39:31.535] [12] [ Info] [Eco] Запуск ТрекерЭкономики...  
[15:39:31.535] [12] [ Info] [Eco] Запуск UserTracker...  
[15:39:31.535] [12] [ Info] [Eco] Запуск МенеджерМировыхОбъектов...  
[15:39:31.620] [12] [ Info] [Eco] Загружаем WorldObjects...  
[15:39:32.422] [12] [ Info] [Eco] Запуск ПлагинКомнат...  
[15:39:32.422] [12] [ Info] [Eco] Загружаем Rooms...  
[15:39:32.438] [12] [ Info] [Eco] Запуск ПлагинЦелей...  
[15:39:32.438] [12] [ Info] [Eco] Загружаем Objectives...  
[15:39:32.464] [12] [ Info] [Eco] Запуск ПлагинСна...  
[15:39:32.467] [12] [ Info] [Eco] Загружаем Sleep...  
[15:39:32.467] [1] [ Info] [Eco] Запуск ПлагинВебСервера...  
[15:39:32.467] [1] [ Info] [Eco] Запуск OtherAliasCategory...  
[15:39:32.467] [15] [ Info] [Eco] Запуск ПлагинТестовИнтеграции...  
[15:39:32.467] [13] [ Info] [Eco] Запуск NidToolboxPlugin...  
[15:39:32.467] [7] [ Info] [Eco] Запуск Asphalt...  
[15:39:32.483] [22] [ Info] [Eco] Запуск DiscordLink...  
[15:39:32.586] [1] [ Info] [Eco] Инициализируем ПлагинПеревода...  
[15:39:32.586] [1] [ Info] [Eco] Инициализируем ПлагинНабораМодификаций...  
[15:39:32.798] [1] [ Info] [Eco] Инициализируем ПлагинГенератораМира...  
[15:39:32.798] [1] [ Info] [Eco] Инициализируем МенеджерПользователей...  
[15:39:32.894] [1] [ Info] [Eco] Инициализируем ПлагинМусора...  
[15:39:32.894] [1] [ Info] [Eco] Инициализируем ПлагинЭкономики...  
[15:39:33.009] [1] [ Info] [Eco] Инициализируем Законодательство...  
[15:39:48.363] [1] [ Info] [Eco] Инициализируем МенеджерСобственности...  
[15:39:48.397] [1] [ Info] [Eco] Инициализируем МенеджерМиникарты...  
[15:39:49.291] [1] [ Info] [Eco] Инициализируем UserTracker...  
[15:39:49.303] [1] [ Info] [Eco] Инициализируем МенеджерМировыхОбъектов...  
[15:40:00.149] [1] [ Info] [Eco] Инициализируем ПлагинКомнат...  
[15:40:03.958] [1] [ Info] [Eco] Инициализируем ПлагинСна...  
[15:40:03.958] [1] [ Info] [Eco] Инициализируем NidToolboxPlugin...  
[15:40:03.967] [1] [ Info] [NidToolbox] Checking declared file: Mods\NidToolbox\Texts\Motd.txt 
[15:40:03.967] [1] [ Info] [NidToolbox] Config file:  Mods\NidToolbox\Texts\Motd.txt exists. 
[15:40:03.967] [1] [ Info] [NidToolbox] Config file:  Mods\NidToolbox\Texts\Motd.txt readable. 
[15:40:03.967] [1] [ Info] [NidToolbox] Checking declared file: Mods\NidToolbox\Texts\Rules.txt 
[15:40:03.967] [1] [ Info] [NidToolbox] Config file:  Mods\NidToolbox\Texts\Rules.txt exists. 
[15:40:03.967] [1] [ Info] [NidToolbox] Config file:  Mods\NidToolbox\Texts\Rules.txt readable. 
[15:40:03.967] [1] [ Info] [NidToolbox] Checking declared file: Mods\NidToolbox\Texts\ServerChangelog.txt 
[15:40:03.967] [1] [ Info] [NidToolbox] Config file:  Mods\NidToolbox\Texts\ServerChangelog.txt exists. 
[15:40:03.967] [1] [ Info] [NidToolbox] Config file:  Mods\NidToolbox\Texts\ServerChangelog.txt readable. 
[15:40:04.095] [1] [ Info] [Eco] Инициализируем DiscordLink...  
[15:40:04.126] [1] [ Info] [Eco] Инициализируем ПлагинМира...  
[15:40:04.126] [1] [ Info] [Eco] Обработка...  
[15:40:08.142] [138] [ Info] [Eco] DISCORDLINK: Connected to Discord.

 
[15:40:08.280] [1] [ Info] [Eco] Сжатие...  
[15:40:09.182] [138] [ Info] [Eco] DISCORDLINK: Connected and Ready
 
[15:40:12.783] [1] [ Info] [Eco] Инициализируем МенеджерСети...  
[15:40:13.072] [1] [ Info] [Eco] Инициализируем МенеджерСлоёвМира...  
[15:40:13.072] [1] [ Info] [Eco] Инициализируем ПлагинВебСервера...  
[15:40:13.795] [1] [ Info] [Eco] Инициализируем ПлагинТестовИнтеграции...  
[15:40:13.795] [1] [ Info] [NidToolbox] OK - Mono not detected, not a Linux environment 
[15:40:13.795] [1] [ Info] [NidToolbox] All commands in config up to date. 
[15:40:13.870] [1] [ Info] [NidToolbox] Running NidToolbox version 1.8.7 
[15:40:13.920] [1] [ Info] [Eco] Server Initialization завершена за 72 967,8мс
 
[15:40:47.783] [20] [ Info] [NidToolbox] letmeplay tried to run nid-SetPermission. Command allowed. 
[15:40:47.872] [20] [ Info] [NidToolbox] Successfully changed command nid-ShowLog permission level to User 
[15:40:56.890] [36] [ Info] [NidToolbox] letmeplay tried to run nid-ShowLog. Command allowed. 
[15:41:16.630] [7] [ Info] [NidToolbox] Dark Avenger tried to run nid-ShowLog. Command allowed. 
[15:41:43.492] [20] [ Info] [NidToolbox] letmeplay tried to run nid-ShowLog. Command allowed. 
