[22:44:19.966] [1] [ Info] [Eco] >>> START EcoServer, Version=1.0.0.0, Culture=neutral, PublicKeyToken=null 
[22:44:19.994] [1] [ Info] [Eco] Eco Server 0.8.3.3 beta
 
[22:44:20.073] [1] [ Info] [Eco] Server Initialization...  
[22:44:20.073] [1] [ Info] [Eco] Starting LocalizationPlugin...  
[22:44:20.446] [1] [ Info] [Eco] Запуск ПлагинНабораМодификаций...  
[22:44:20.446] [1] [ Info] [Eco] Загрузка модификаций...  
[22:44:20.719] [1] [ Info] [Eco] Компилирование модификаций...  
[22:44:22.216] [1] [ Info] [Eco] Загружаем 0Harmony...
 
[22:44:22.216] [1] [ Info] [Eco] Загружаем Asphalt-ModKit...
 
[22:44:22.340] [1] [ Info] [Eco] Загружаем DiscordLinkUnified...
 
[22:44:22.389] [1] [ Info] [Eco] Загружаем Eco.IntegrationTests...
 
[22:44:22.389] [1] [ Info] [Eco] Загружаем em-base...
 
[22:44:22.389] [1] [ Info] [Eco] Загружаем NoPlayerCredits...
 
[22:44:22.389] [1] [ Info] [Eco] Загружаем em-greenenergy...
 
[22:44:22.389] [1] [ Info] [Eco] Загружаем em-realisticsmelting...
 
[22:44:22.389] [1] [ Info] [Eco] Загружаем em-shippingcontainers...
 
[22:44:22.389] [1] [ Info] [Eco] Загружаем em-tailingspack...
 
[22:44:22.389] [1] [ Info] [Eco] Загружаем em-arches...
 
[22:44:22.404] [1] [ Info] [Eco] Загружаем em-doors...
 
[22:44:22.404] [1] [ Info] [Eco] Загружаем em-dyes...
 
[22:44:22.404] [1] [ Info] [Eco] Загружаем em-homeobjects...
 
[22:44:22.404] [1] [ Info] [Eco] Загружаем em-transportation...
 
[22:44:22.404] [1] [ Info] [Eco] Загружаем em-windows...
 
[22:44:22.425] [1] [ Info] [Eco] Загружаем em-zymology...
 
[22:44:22.425] [1] [ Info] [Eco] Загружаем NidToolbox...
 
[22:44:22.436] [1] [ Info] [Eco] Загрузка модификаций завершена за 1 987,8мс
 
[22:44:22.436] [1] [ Info] [Eco] Запуск МенеджерСети...  
[22:44:22.436] [7] [ Info] [Eco] Инициализация типов симуляции...  
[22:44:22.503] [12] [ Info] [Eco] Запуск ПлагинГенератораМира...  
[22:44:22.503] [9] [ Info] [Eco] Запуск ПлагинИгровойСтатистики...  
[22:44:22.503] [15] [ Info] [Eco] Запуск ПлагинРезервногоКопирования...  
[22:44:22.516] [15] [ Info] [Eco] Запуск МенеджерХранилища...  
[22:44:24.064] [7] [ Info] [Eco] Инициализация предметов...  
[22:44:24.141] [7] [ Info] [NidToolbox] Checking Settings.json 
[22:44:24.141] [7] [ Info] [NidToolbox] Config file: Mods\NidToolbox\Config\Settings.json exists. 
[22:44:24.141] [7] [ Info] [NidToolbox] Json file: Mods\NidToolbox\Config\Settings.json readable and correct. 
[22:44:24.141] [7] [ Info] [NidToolbox] Checking CommandPermissions.json 
[22:44:24.167] [7] [ Info] [NidToolbox] Config file: Mods\NidToolbox\Config\CommandPermissions.json exists. 
[22:44:24.191] [7] [ Info] [NidToolbox] Json file: Mods\NidToolbox\Config\CommandPermissions.json readable and correct. 
[22:44:24.191] [7] [ Info] [NidToolbox] Checking TimerMessages.json 
[22:44:24.191] [7] [ Info] [NidToolbox] Config file: Mods\NidToolbox\Config\TimerMessages.json exists. 
[22:44:24.191] [7] [ Info] [NidToolbox] Json file: Mods\NidToolbox\Config\TimerMessages.json readable and correct. 
[22:44:24.191] [7] [ Info] [NidToolbox] Checking ScheduledMessages.json 
[22:44:24.200] [7] [ Info] [NidToolbox] Config file: Mods\NidToolbox\Config\ScheduledMessages.json exists. 
[22:44:24.200] [7] [ Info] [NidToolbox] Json file: Mods\NidToolbox\Config\ScheduledMessages.json readable and correct. 
[22:44:24.223] [7] [ Info] [NidToolbox] No UserHomes directory, skipping user homes config checks. 
[22:44:25.182] [15] [ Info] [Eco] Запуск Плагин паузы...  
[22:44:25.189] [15] [ Info] [Eco] Загружаем Pause...  
[22:44:27.341] [7] [ Info] [Eco] Инициализация навыков...  
[22:44:27.462] [15] [ Info] [Eco] Запуск БДСтатистики...  
[22:44:27.462] [11] [ Info] [Eco] Запуск ПлагинМира...  
[22:44:27.511] [11] [ Info] [Eco] Загружаем World...  
[22:44:30.777] [11] [ Info] [Eco] Инициализация мира...  
[22:44:31.577] [11] [ Info] [Eco] Запуск ПлагинВремени...  
[22:44:31.577] [11] [ Info] [Eco] Загружаем Time...  
[22:44:31.577] [11] [ Info] [Eco] Запуск ПлагинРепутации...  
[22:44:31.577] [11] [ Info] [Eco] Загружаем Reputation...  
[22:44:31.590] [11] [ Info] [Eco] Запуск МенеджерЖильяИгроков...  
[22:44:31.590] [11] [ Info] [Eco] Запуск МенеджерПользователей...  
[22:44:31.633] [11] [ Info] [Eco] Загружаем Users...  
[22:44:31.769] [11] [ Info] [Eco] Инициализация инвентарей...  
[22:44:31.811] [11] [ Info] [Eco] Запуск МенеджерОбъектовЭко...  
[22:44:31.811] [15] [ Info] [Eco] Запуск ПлагинМусора...  
[22:44:31.811] [22] [ Info] [Eco] Запуск VoiceManager...  
[22:44:31.811] [16] [ Info] [Eco] Запуск МенеджерКонтроллера...  
[22:44:31.811] [9] [ Info] [Eco] Запуск НастройкиСложности...  
[22:44:31.811] [11] [ Info] [Eco] Запуск ПлагинЭкономики...  
[22:44:31.811] [15] [ Info] [Eco] Загружаем Garbage...  
[22:44:31.811] [35] [ Info] [Eco] Запуск СерверЧата...  
[22:44:31.811] [18] [ Info] [Eco] Запуск ПлагинУгроз...  
[22:44:31.826] [11] [ Info] [Eco] Загружаем Economy...  
[22:44:31.986] [18] [ Info] [Eco] Загружаем Disasters...  
[22:44:31.986] [11] [ Info] [Eco] Запуск Законодательство...  
[22:44:31.986] [35] [ Info] [Eco] Загружаем Chat...  
[22:44:32.004] [11] [ Info] [Eco] Загружаем Laws...  
[22:44:32.057] [11] [ Info] [Eco] Запуск МенеджерСобственности...  
[22:44:32.057] [11] [ Info] [Eco] Загружаем Property...  
[22:44:32.098] [11] [ Info] [Eco] Запуск МенеджерМиникарты...  
[22:44:32.098] [11] [ Info] [Eco] Запуск СимуляцияЭко...  
[22:44:32.163] [11] [ Info] [Eco] Загружаем Plants...  
[22:44:33.914] [11] [ Info] [Eco] Инициализация растений...  
[22:44:40.175] [11] [ Info] [Eco] Запуск RouteProbingPlugin...  
[22:44:40.175] [11] [ Info] [Eco] Загружаем RouteProbing...  
[22:44:43.827] [11] [ Info] [Eco] Запуск МенеджерСлоёвМира...  
[22:44:43.827] [11] [ Info] [Eco] Загружаем Layers...  
[22:44:44.498] [11] [ Info] [Eco] Инициализация слоёв мира...  
[22:44:44.498] [11] [ Info] [Eco] Загружаем ClimateSim...  
[22:44:47.544] [11] [ Info] [Eco] Запуск ТрекерЭкономики...  
[22:44:47.544] [11] [ Info] [Eco] Запуск UserTracker...  
[22:44:47.544] [11] [ Info] [Eco] Запуск МенеджерМировыхОбъектов...  
[22:44:47.650] [11] [ Info] [Eco] Загружаем WorldObjects...  
[22:44:47.661] [11] [ Info] [Eco] Запуск ПлагинКомнат...  
[22:44:47.661] [11] [ Info] [Eco] Загружаем Rooms...  
[22:44:47.674] [11] [ Info] [Eco] Запуск ПлагинЦелей...  
[22:44:47.674] [11] [ Info] [Eco] Загружаем Objectives...  
[22:44:47.689] [11] [ Info] [Eco] Запуск ПлагинСна...  
[22:44:47.689] [11] [ Info] [Eco] Загружаем Sleep...  
[22:44:47.689] [1] [ Info] [Eco] Запуск ПлагинВебСервера...  
[22:44:47.702] [1] [ Info] [Eco] Запуск OtherAliasCategory...  
[22:44:47.702] [11] [ Info] [Eco] Запуск ПлагинТестовИнтеграции...  
[22:44:47.702] [33] [ Info] [Eco] Запуск NidToolboxPlugin...  
[22:44:47.702] [14] [ Info] [Eco] Запуск Asphalt...  
[22:44:47.702] [29] [ Info] [Eco] Запуск NoPlayerCreditsPlugin...  
[22:44:47.702] [13] [ Info] [Eco] Запуск ChatBase...  
[22:44:47.702] [22] [ Info] [Eco] Запуск DiscordLink...  
[22:44:47.806] [1] [ Info] [Eco] Инициализируем ПлагинПеревода...  
[22:44:47.809] [1] [ Info] [Eco] Инициализируем ПлагинНабораМодификаций...  
[22:44:48.089] [1] [ Info] [Eco] Инициализируем ПлагинГенератораМира...  
[22:44:48.092] [1] [ Info] [Eco] Инициализируем МенеджерПользователей...  
[22:44:48.131] [1] [ Info] [Eco] Инициализируем ПлагинМусора...  
[22:44:48.141] [1] [ Info] [Eco] Инициализируем ПлагинЭкономики...  
[22:44:48.141] [1] [ Info] [Eco] Инициализируем Законодательство...  
[22:44:48.628] [1] [ Info] [Eco] Инициализируем МенеджерСобственности...  
[22:44:48.628] [1] [ Info] [Eco] Инициализируем МенеджерМиникарты...  
[22:44:49.489] [1] [ Info] [Eco] Инициализируем UserTracker...  
[22:44:49.489] [1] [ Info] [Eco] Инициализируем МенеджерМировыхОбъектов...  
[22:44:49.576] [1] [ Info] [Eco] Инициализируем ПлагинКомнат...  
[22:44:49.576] [1] [ Info] [Eco] Инициализируем ПлагинСна...  
[22:44:49.576] [1] [ Info] [Eco] Инициализируем NidToolboxPlugin...  
[22:44:49.592] [1] [ Info] [NidToolbox] Checking declared file: Mods\NidToolbox\Texts\Motd.txt 
[22:44:49.592] [1] [ Info] [NidToolbox] Config file:  Mods\NidToolbox\Texts\Motd.txt exists. 
[22:44:49.592] [1] [ Info] [NidToolbox] Config file:  Mods\NidToolbox\Texts\Motd.txt readable. 
[22:44:49.592] [1] [ Info] [NidToolbox] Checking declared file: Mods\NidToolbox\Texts\Rules.txt 
[22:44:49.592] [1] [ Info] [NidToolbox] Config file:  Mods\NidToolbox\Texts\Rules.txt exists. 
[22:44:49.592] [1] [ Info] [NidToolbox] Config file:  Mods\NidToolbox\Texts\Rules.txt readable. 
[22:44:49.592] [1] [ Info] [NidToolbox] Checking declared file: Mods\NidToolbox\Texts\ServerChangelog.txt 
[22:44:49.592] [1] [ Info] [NidToolbox] Config file:  Mods\NidToolbox\Texts\ServerChangelog.txt exists. 
[22:44:49.592] [1] [ Info] [NidToolbox] Config file:  Mods\NidToolbox\Texts\ServerChangelog.txt readable. 
[22:44:49.688] [1] [ Info] [Eco] Инициализируем NoPlayerCreditsPlugin...  
[22:44:49.688] [1] [ Info] [Eco] Инициализируем DiscordLink...  
[22:44:49.717] [1] [ Info] [Eco] Инициализируем ПлагинМира...  
[22:44:49.717] [1] [ Info] [Eco] Обработка...  
[22:44:52.559] [1] [ Info] [Eco] Сжатие...  
[22:44:56.198] [1] [ Info] [Eco] Инициализируем МенеджерСети...  
[22:44:56.224] [140] [ Info] [Eco] DISCORDLINK: Connected to Discord.

 
[22:44:56.440] [1] [ Info] [Eco] Инициализируем МенеджерСлоёвМира...  
[22:44:56.440] [1] [ Info] [Eco] Инициализируем ПлагинВебСервера...  
[22:44:56.969] [139] [ Info] [Eco] DISCORDLINK: Connected and Ready
 
[22:44:57.160] [1] [ Info] [Eco] Инициализируем ПлагинТестовИнтеграции...  
[22:44:57.160] [1] [ Info] [NidToolbox] OK - Mono not detected, not a Linux environment 
[22:44:57.170] [1] [ Info] [NidToolbox] All commands in config up to date. 
[22:44:57.248] [1] [ Info] [NidToolbox] Running NidToolbox version 1.8.7 
[22:44:57.272] [1] [ Info] [Eco] Server Initialization завершена за 37 198,8мс
 
[22:45:40.726] [176] [ Info] [Eco] DISCORDLINK ERROR: Error occurred while attempting to run that command. Error message: DSharpPlus.Exceptions.UnauthorizedException: Unauthorized: 403
   в System.Runtime.ExceptionServices.ExceptionDispatchInfo.Throw()
   в System.Runtime.CompilerServices.TaskAwaiter.HandleNonSuccessAndDebuggerNotification(Task task)
   в System.Runtime.CompilerServices.TaskAwaiter`1.GetResult()
   в DSharpPlus.Net.DiscordApiClient.<CreateMessageAsync>d__39.MoveNext()
--- Конец трассировка стека из предыдущего расположения, где возникло исключение ---
   в System.Runtime.ExceptionServices.ExceptionDispatchInfo.Throw()
   в System.Runtime.CompilerServices.TaskAwaiter.HandleNonSuccessAndDebuggerNotification(Task task)
   в System.Runtime.CompilerServices.TaskAwaiter`1.GetResult()
   в Eco.Plugins.DiscordLink.DiscordDiscordCommands.<Trades>d__12.MoveNext()
 
[22:45:40.726] [176] [ Info] [Eco] DISCORDLINK ERROR:    в System.Runtime.ExceptionServices.ExceptionDispatchInfo.Throw()
   в System.Runtime.CompilerServices.TaskAwaiter.HandleNonSuccessAndDebuggerNotification(Task task)
   в System.Runtime.CompilerServices.TaskAwaiter`1.GetResult()
   в DSharpPlus.Net.DiscordApiClient.<CreateMessageAsync>d__39.MoveNext()
--- Конец трассировка стека из предыдущего расположения, где возникло исключение ---
   в System.Runtime.ExceptionServices.ExceptionDispatchInfo.Throw()
   в System.Runtime.CompilerServices.TaskAwaiter.HandleNonSuccessAndDebuggerNotification(Task task)
   в System.Runtime.CompilerServices.TaskAwaiter`1.GetResult()
   в Eco.Plugins.DiscordLink.DiscordDiscordCommands.<Trades>d__12.MoveNext()
 
[22:47:16.374] [175] [ Info] [log] letmeplay invoked admin command '/give строительный песчаник' 
[22:47:51.665] [175] [ Info] [log] letmeplay invoked admin command '/fly' 
[22:53:25.177] [175] [ Info] [log] letmeplay invoked admin command '/save' 
[22:53:25.185] [28] [ Info] [Eco] Сохранение мира...  
[22:53:41.440] [1] [ Info] [Eco] Сохранение...
 
[22:53:41.440] [1] [ Info] [Eco] Сохранение мира...  
[22:53:44.609] [1] [ Info] [Eco] Готово
 
[22:53:44.737] [1] [ Info] [Eco] Выключение завершено
 
