[20:31:52.850] [1] [ Info] [Eco] >>> START EcoServer, Version=1.0.0.0, Culture=neutral, PublicKeyToken=null 
[20:31:52.877] [1] [ Info] [Eco] Eco Server 0.8.3.3 beta
 
[20:31:52.949] [1] [ Info] [Eco] Server Initialization...  
[20:31:52.950] [1] [ Info] [Eco] Starting LocalizationPlugin...  
[20:31:53.335] [1] [ Info] [Eco] Запуск ПлагинНабораМодификаций...  
[20:31:53.335] [1] [ Info] [Eco] Загрузка модификаций...  
[20:31:53.627] [1] [ Info] [Eco] Компилирование модификаций...  
[20:31:55.169] [1] [ Info] [Eco] Загружаем 0Harmony...
 
[20:31:55.169] [1] [ Info] [Eco] Загружаем Asphalt-ModKit...
 
[20:31:55.303] [1] [ Info] [Eco] Загружаем DiscordLink_blue...
 
[20:31:55.354] [1] [ Info] [Eco] Загружаем Eco.IntegrationTests...
 
[20:31:55.360] [1] [ Info] [Eco] Загружаем em-base...
 
[20:31:55.360] [1] [ Info] [Eco] Загружаем NoPlayerCredits...
 
[20:31:55.360] [1] [ Info] [Eco] Загружаем em-greenenergy...
 
[20:31:55.360] [1] [ Info] [Eco] Загружаем em-realisticsmelting...
 
[20:31:55.372] [1] [ Info] [Eco] Загружаем em-shippingcontainers...
 
[20:31:55.372] [1] [ Info] [Eco] Загружаем em-tailingspack...
 
[20:31:55.372] [1] [ Info] [Eco] Загружаем em-arches...
 
[20:31:55.372] [1] [ Info] [Eco] Загружаем em-doors...
 
[20:31:55.372] [1] [ Info] [Eco] Загружаем em-dyes...
 
[20:31:55.372] [1] [ Info] [Eco] Загружаем em-homeobjects...
 
[20:31:55.372] [1] [ Info] [Eco] Загружаем em-transportation...
 
[20:31:55.390] [1] [ Info] [Eco] Загружаем em-windows...
 
[20:31:55.390] [1] [ Info] [Eco] Загружаем em-zymology...
 
[20:31:55.404] [1] [ Info] [Eco] Загружаем HPStorage...
 
[20:31:55.404] [1] [ Info] [Eco] Загружаем NidToolbox...
 
[20:31:55.404] [1] [ Info] [Eco] Загрузка модификаций завершена за 2 074,0мс
 
[20:31:55.404] [1] [ Info] [Eco] Запуск МенеджерСети...  
[20:31:55.419] [5] [ Info] [Eco] Инициализация типов симуляции...  
[20:31:55.471] [1] [ Info] [Eco] Server Initialization завершена за 2 522,0мс
 
[20:31:55.471] [1] [ Info] [Eco] Failed to load server, Exception was Exception: JsonReaderException
Message:Invalid property identifier character: ;. Path 'DetailedDescription', line 19, position 48.
Source:Newtonsoft.Json

Newtonsoft.Json.JsonReaderException: Invalid property identifier character: ;. Path 'DetailedDescription', line 19, position 48.
   at Newtonsoft.Json.JsonTextReader.ParseProperty()
   at Newtonsoft.Json.Serialization.JsonSerializerInternalReader.PopulateObject(Object newObject, JsonReader reader, JsonObjectContract contract, JsonProperty member, String id)
   at Newtonsoft.Json.Serialization.JsonSerializerInternalReader.Populate(JsonReader reader, Object target)
   at Newtonsoft.Json.JsonSerializer.PopulateInternal(JsonReader reader, Object target)
   at Newtonsoft.Json.JsonConvert.PopulateObject(String value, Object target, JsonSerializerSettings settings)
   at Eco.Core.Plugins.PluginConfig`1.Load(String filename)
   at Eco.Plugins.Networking.NetworkManager..ctor()
 
[20:31:56.194] [5] [ Info] [Eco] Инициализация предметов...  
[20:31:56.260] [5] [ Info] [NidToolbox] Checking Settings.json 
[20:31:56.260] [5] [ Info] [NidToolbox] Config file: Mods\NidToolbox\Config\Settings.json exists. 
[20:31:56.266] [5] [ Info] [NidToolbox] Json file: Mods\NidToolbox\Config\Settings.json readable and correct. 
[20:31:56.266] [5] [ Info] [NidToolbox] Checking CommandPermissions.json 
[20:31:56.266] [5] [ Info] [NidToolbox] Config file: Mods\NidToolbox\Config\CommandPermissions.json exists. 
[20:31:56.266] [5] [ Info] [NidToolbox] Json file: Mods\NidToolbox\Config\CommandPermissions.json readable and correct. 
[20:31:56.266] [5] [ Info] [NidToolbox] Checking TimerMessages.json 
[20:31:56.266] [5] [ Info] [NidToolbox] Config file: Mods\NidToolbox\Config\TimerMessages.json exists. 
[20:31:56.266] [5] [ Info] [NidToolbox] Json file: Mods\NidToolbox\Config\TimerMessages.json readable and correct. 
[20:31:56.266] [5] [ Info] [NidToolbox] Checking ScheduledMessages.json 
[20:31:56.266] [5] [ Info] [NidToolbox] Config file: Mods\NidToolbox\Config\ScheduledMessages.json exists. 
[20:31:56.279] [5] [ Info] [NidToolbox] Json file: Mods\NidToolbox\Config\ScheduledMessages.json readable and correct. 
[20:31:56.279] [5] [ Info] [NidToolbox] No UserHomes directory, skipping user homes config checks. 
[20:31:58.950] [5] [ Info] [Eco] Инициализация навыков...  
