[15:18:45.798] [1] [ Info] [Eco] >>> START EcoServer, Version=1.0.0.0, Culture=neutral, PublicKeyToken=null 
[15:18:45.829] [1] [ Info] [Eco] Eco Server 0.8.3.2 beta
 
[15:18:45.901] [1] [ Info] [Eco] Server Initialization...  
[15:18:45.901] [1] [ Info] [Eco] Starting LocalizationPlugin...  
[15:18:46.256] [1] [ Info] [Eco] Запуск ПлагинНабораМодификаций...  
[15:18:46.256] [1] [ Info] [Eco] Загрузка модификаций...  
[15:18:46.351] [1] [ Info] [Eco] Компилирование модификаций...  
[15:18:47.844] [1] [ Info] [Eco] Загружаем 0Harmony...
 
[15:18:47.844] [1] [ Info] [Eco] Загружаем Asphalt-ModKit...
 
[15:18:47.972] [1] [ Info] [Eco] Загружаем Eco.IntegrationTests...
 
[15:18:47.972] [1] [ Info] [Eco] Загружаем DiscordLinkUnified...
 
[15:18:48.025] [1] [ Info] [Eco] Загружаем EcoStory...
 
[15:18:48.033] [1] [ Info] [Eco] Загрузка модификаций завершена за 1 774,2мс
 
[15:18:48.033] [1] [ Info] [Eco] Запуск МенеджерСети...  
[15:18:48.033] [7] [ Info] [Eco] Инициализация типов симуляции...  
[15:18:48.107] [6] [ Info] [Eco] Запуск ПлагинГенератораМира...  
[15:18:48.108] [9] [ Info] [Eco] Запуск ПлагинИгровойСтатистики...  
[15:18:48.108] [12] [ Info] [Eco] Запуск ПлагинРезервногоКопирования...  
[15:18:48.108] [12] [ Info] [Eco] Запуск МенеджерХранилища...  
[15:18:49.449] [7] [ Info] [Eco] Инициализация предметов...  
[15:18:49.586] [7] [ Info] [NidToolbox] Checking Settings.json 
[15:18:49.678] [7] [ Info] [NidToolbox] Config file: Mods\NidToolbox\Config\Settings.json exists. 
[15:18:49.736] [7] [ Info] [NidToolbox] Json file: Mods\NidToolbox\Config\Settings.json readable and correct. 
[15:18:49.750] [7] [ Info] [NidToolbox] Checking CommandPermissions.json 
[15:18:49.750] [7] [ Info] [NidToolbox] Config file: Mods\NidToolbox\Config\CommandPermissions.json exists. 
[15:18:49.774] [7] [ Info] [NidToolbox] Json file: Mods\NidToolbox\Config\CommandPermissions.json readable and correct. 
[15:18:49.819] [7] [ Info] [NidToolbox] Checking TimerMessages.json 
[15:18:49.902] [7] [ Info] [NidToolbox] Config file: Mods\NidToolbox\Config\TimerMessages.json exists. 
[15:18:49.955] [7] [ Info] [NidToolbox] Json file: Mods\NidToolbox\Config\TimerMessages.json readable and correct. 
[15:18:49.968] [7] [ Info] [NidToolbox] Checking ScheduledMessages.json 
[15:18:50.047] [7] [ Info] [NidToolbox] Config file: Mods\NidToolbox\Config\ScheduledMessages.json exists. 
[15:18:50.102] [7] [ Info] [NidToolbox] Json file: Mods\NidToolbox\Config\ScheduledMessages.json readable and correct. 
[15:18:50.123] [7] [ Info] [NidToolbox] No UserHomes directory, skipping user homes config checks. 
[15:18:50.286] [12] [ Info] [Eco] Запуск Плагин паузы...  
[15:18:50.296] [12] [ Info] [Eco] Загружаем Pause...  
[15:18:52.251] [7] [ Info] [Eco] Инициализация навыков...  
[15:18:52.361] [8] [ Info] [Eco] Запуск БДСтатистики...  
[15:18:52.361] [9] [ Info] [Eco] Запуск ПлагинМира...  
[15:18:52.404] [9] [ Info] [Eco] Загружаем World...  
[15:18:55.957] [9] [ Info] [Eco] Инициализация мира...  
[15:18:57.731] [9] [ Info] [Eco] Запуск ПлагинВремени...  
[15:18:57.739] [9] [ Info] [Eco] Загружаем Time...  
[15:18:57.739] [9] [ Info] [Eco] Запуск ПлагинРепутации...  
[15:18:57.739] [9] [ Info] [Eco] Загружаем Reputation...  
[15:18:57.764] [9] [ Info] [Eco] Запуск МенеджерЖильяИгроков...  
[15:18:57.764] [9] [ Info] [Eco] Запуск МенеджерПользователей...  
[15:18:57.812] [9] [ Info] [Eco] Загружаем Users...  
[15:18:58.163] [9] [ Info] [Eco] Инициализация инвентарей...  
[15:18:58.215] [9] [ Info] [Eco] Запуск МенеджерОбъектовЭко...  
[15:18:58.227] [9] [ Info] [Eco] Загружаем Objects...  
[15:18:58.448] [12] [ Info] [Eco] Запуск ПлагинМусора...  
[15:18:58.448] [15] [ Info] [Eco] Запуск СерверЧата...  
[15:18:58.448] [14] [ Info] [Eco] Запуск VoiceManager...  
[15:18:58.448] [8] [ Info] [Eco] Запуск ПлагинЭкономики...  
[15:18:58.451] [6] [ Info] [Eco] Запуск МенеджерКонтроллера...  
[15:18:58.451] [21] [ Info] [Eco] Запуск ПлагинУгроз...  
[15:18:58.451] [12] [ Info] [Eco] Загружаем Garbage...  
[15:18:58.451] [26] [ Info] [Eco] Запуск НастройкиСложности...  
[15:18:58.451] [8] [ Info] [Eco] Загружаем Economy...  
[15:18:58.945] [8] [ Info] [Eco] Запуск Законодательство...  
[15:18:58.945] [21] [ Info] [Eco] Загружаем Disasters...  
[15:18:58.945] [15] [ Info] [Eco] Загружаем Chat...  
[15:19:03.334] [8] [ Info] [Eco] Загружаем Laws...  
[15:19:03.445] [8] [ Info] [Eco] Запуск МенеджерСобственности...  
[15:19:03.445] [8] [ Info] [Eco] Загружаем Property...  
[15:19:03.574] [8] [ Info] [Eco] Запуск МенеджерМиникарты...  
[15:19:03.585] [8] [ Info] [Eco] Запуск СимуляцияЭко...  
[15:19:03.661] [8] [ Info] [Eco] Загружаем Plants...  
[15:19:05.036] [8] [ Info] [Eco] Инициализация растений...  
[15:19:11.420] [8] [ Info] [Eco] Запуск RouteProbingPlugin...  
[15:19:11.420] [8] [ Info] [Eco] Загружаем RouteProbing...  
[15:19:13.906] [8] [ Info] [Eco] Запуск МенеджерСлоёвМира...  
[15:19:13.906] [8] [ Info] [Eco] Загружаем Layers...  
[15:19:14.614] [8] [ Info] [Eco] Инициализация слоёв мира...  
[15:19:14.624] [8] [ Info] [Eco] Загружаем ClimateSim...  
[15:19:17.320] [8] [ Info] [Eco] Запуск ТрекерЭкономики...  
[15:19:17.320] [8] [ Info] [Eco] Запуск UserTracker...  
[15:19:17.329] [8] [ Info] [Eco] Запуск МенеджерМировыхОбъектов...  
[15:19:17.415] [8] [ Info] [Eco] Загружаем WorldObjects...  
[15:19:18.304] [8] [ Info] [Eco] Запуск ПлагинКомнат...  
[15:19:18.304] [8] [ Info] [Eco] Загружаем Rooms...  
[15:19:18.321] [8] [ Info] [Eco] Запуск ПлагинЦелей...  
[15:19:18.321] [8] [ Info] [Eco] Загружаем Objectives...  
[15:19:18.355] [8] [ Info] [Eco] Запуск ПлагинСна...  
[15:19:18.355] [8] [ Info] [Eco] Загружаем Sleep...  
[15:19:18.362] [1] [ Info] [Eco] Запуск ПлагинВебСервера...  
[15:19:18.362] [1] [ Info] [Eco] Запуск OtherAliasCategory...  
[15:19:18.362] [5] [ Info] [Eco] Запуск NidToolboxPlugin...  
[15:19:18.373] [6] [ Info] [Eco] Запуск ПлагинТестовИнтеграции...  
[15:19:18.373] [21] [ Info] [Eco] Запуск Asphalt...  
[15:19:18.373] [15] [ Info] [Eco] Запуск DiscordLink...  
[15:19:18.493] [1] [ Info] [Eco] Инициализируем ПлагинПеревода...  
[15:19:18.493] [1] [ Info] [Eco] Инициализируем ПлагинНабораМодификаций...  
[15:19:18.705] [1] [ Info] [Eco] Инициализируем ПлагинГенератораМира...  
[15:19:18.705] [1] [ Info] [Eco] Инициализируем МенеджерПользователей...  
[15:19:18.806] [1] [ Info] [Eco] Инициализируем ПлагинМусора...  
[15:19:18.816] [1] [ Info] [Eco] Инициализируем ПлагинЭкономики...  
[15:19:18.938] [1] [ Info] [Eco] Инициализируем Законодательство...  
[15:19:33.665] [1] [ Info] [Eco] Инициализируем МенеджерСобственности...  
[15:19:33.700] [1] [ Info] [Eco] Инициализируем МенеджерМиникарты...  
[15:19:34.706] [1] [ Info] [Eco] Инициализируем UserTracker...  
[15:19:34.719] [1] [ Info] [Eco] Инициализируем МенеджерМировыхОбъектов...  
[15:19:42.469] [1] [ Info] [Eco] Инициализируем ПлагинКомнат...  
[15:19:46.230] [1] [ Info] [Eco] Инициализируем ПлагинСна...  
[15:19:46.230] [1] [ Info] [Eco] Инициализируем NidToolboxPlugin...  
[15:19:46.240] [1] [ Info] [NidToolbox] Checking declared file: Mods\NidToolbox\Texts\Motd.txt 
[15:19:46.240] [1] [ Info] [NidToolbox] Config file:  Mods\NidToolbox\Texts\Motd.txt exists. 
[15:19:46.240] [1] [ Info] [NidToolbox] Config file:  Mods\NidToolbox\Texts\Motd.txt readable. 
[15:19:46.240] [1] [ Info] [NidToolbox] Checking declared file: Mods\NidToolbox\Texts\Rules.txt 
[15:19:46.240] [1] [ Info] [NidToolbox] Config file:  Mods\NidToolbox\Texts\Rules.txt exists. 
[15:19:46.240] [1] [ Info] [NidToolbox] Config file:  Mods\NidToolbox\Texts\Rules.txt readable. 
[15:19:46.240] [1] [ Info] [NidToolbox] Checking declared file: Mods\NidToolbox\Texts\ServerChangelog.txt 
[15:19:46.240] [1] [ Info] [NidToolbox] Config file:  Mods\NidToolbox\Texts\ServerChangelog.txt exists. 
[15:19:46.240] [1] [ Info] [NidToolbox] Config file:  Mods\NidToolbox\Texts\ServerChangelog.txt readable. 
[15:19:46.360] [1] [ Info] [Eco] Инициализируем DiscordLink...  
[15:19:46.395] [1] [ Info] [Eco] Инициализируем ПлагинМира...  
[15:19:46.395] [1] [ Info] [Eco] Обработка...  
[15:19:50.103] [141] [ Info] [Eco] DISCORDLINK: Connected to Discord.

 
[15:19:50.540] [1] [ Info] [Eco] Сжатие...  
[15:19:51.184] [141] [ Info] [Eco] DISCORDLINK: Connected and Ready
 
[15:19:55.402] [1] [ Info] [Eco] Инициализируем МенеджерСети...  
[15:19:55.705] [1] [ Info] [Eco] Инициализируем МенеджерСлоёвМира...  
[15:19:55.705] [1] [ Info] [Eco] Инициализируем ПлагинВебСервера...  
[15:19:56.541] [1] [ Info] [Eco] Инициализируем ПлагинТестовИнтеграции...  
[15:19:56.549] [1] [ Info] [NidToolbox] OK - Mono not detected, not a Linux environment 
[15:19:56.562] [1] [ Info] [NidToolbox] Plugin update added new command: nid-MotdEnable to the config. 
[15:19:56.562] [1] [ Info] [NidToolbox] Plugin update added new command: nid-MotdDisable to the config. 
[15:19:56.562] [1] [ Info] [NidToolbox] Plugin update added new command: nid-MotdShowPopUp to the config. 
[15:19:56.562] [1] [ Info] [NidToolbox] Plugin update added new command: nid-MotdShowInChat to the config. 
[15:19:56.562] [1] [ Info] [NidToolbox] Plugin update added new command: nid-MotdSetMsg to the config. 
[15:19:56.562] [1] [ Info] [NidToolbox] Plugin update added new command: nid-MotdShow to the config. 
[15:19:56.562] [1] [ Info] [NidToolbox] Plugin update added new command: nid-MotdSetTitle to the config. 
[15:19:56.562] [1] [ Info] [NidToolbox] Plugin update added new command: nid-ShowLog to the config. 
[15:19:56.654] [1] [ Info] [NidToolbox] Running NidToolbox version 1.8.7 
[15:19:56.704] [1] [ Info] [Eco] Server Initialization завершена за 70 799,1мс
 
[15:20:43.223] [13] [ Info] [NidToolbox] letmeplay tried to run nid-SetPermission. Command allowed. 
[15:20:43.306] [13] [ Info] [NidToolbox] Successfully changed command StoryLog permission level to User 
[15:21:50.470] [10] [ Info] [NidToolbox] letmeplay tried to run nid-SetPermission. Command allowed. 
[15:21:50.543] [10] [ Info] [NidToolbox] Successfully changed command StoryLog permission level to User 
[15:23:51.953] [25] [ Info] [NidToolbox] letmeplay tried to run nid-SetPermission. Command allowed. 
[15:23:52.050] [25] [ Info] [NidToolbox] Successfully changed command StoryLog permission level to User 
