[19:09:58.069] [1] [ Info] [Eco] >>> START EcoServer, Version=1.0.0.0, Culture=neutral, PublicKeyToken=null 
[19:09:58.096] [1] [ Info] [Eco] Eco Server 0.8.3.3 beta
 
[19:09:58.170] [1] [ Info] [Eco] Server Initialization...  
[19:09:58.171] [1] [ Info] [Eco] Starting LocalizationPlugin...  
[19:09:58.559] [1] [ Info] [Eco] Запуск ПлагинНабораМодификаций...  
[19:09:58.559] [1] [ Info] [Eco] Загрузка модификаций...  
[19:09:58.851] [1] [ Info] [Eco] Компилирование модификаций...  
[19:10:00.372] [1] [ Info] [Eco] Загружаем 0Harmony...
 
[19:10:00.375] [1] [ Info] [Eco] Загружаем Asphalt-ModKit...
 
[19:10:00.497] [1] [ Info] [Eco] Загружаем Eco.IntegrationTests...
 
[19:10:00.500] [1] [ Info] [Eco] Загружаем em-base...
 
[19:10:00.500] [1] [ Info] [Eco] Загружаем NoPlayerCredits...
 
[19:10:00.500] [1] [ Info] [Eco] Загружаем em-greenenergy...
 
[19:10:00.500] [1] [ Info] [Eco] Загружаем em-shippingcontainers...
 
[19:10:00.500] [1] [ Info] [Eco] Загружаем em-tailingspack...
 
[19:10:00.500] [1] [ Info] [Eco] Загружаем realisticsmelting...
 
[19:10:00.500] [1] [ Info] [Eco] Загружаем em-arches...
 
[19:10:00.500] [1] [ Info] [Eco] Загружаем em-doors...
 
[19:10:00.515] [1] [ Info] [Eco] Загружаем em-dyes...
 
[19:10:00.515] [1] [ Info] [Eco] Загружаем em-homeobjects...
 
[19:10:00.515] [1] [ Info] [Eco] Загружаем em-transportation...
 
[19:10:00.515] [1] [ Info] [Eco] Загружаем em-windows...
 
[19:10:00.533] [1] [ Info] [Eco] Загружаем em-zymology...
 
[19:10:00.533] [1] [ Info] [Eco] Загружаем HPStorage...
 
[19:10:00.533] [1] [ Info] [Eco] Загружаем NidToolbox...
 
[19:10:00.546] [1] [ Info] [Eco] Загрузка модификаций завершена за 1 984,3мс
 
[19:10:00.546] [1] [ Info] [Eco] Запуск МенеджерСети...  
[19:10:00.546] [7] [ Info] [Eco] Инициализация типов симуляции...  
[19:10:00.615] [11] [ Info] [Eco] Запуск ПлагинГенератораМира...  
[19:10:00.615] [8] [ Info] [Eco] Запуск ПлагинРезервногоКопирования...  
[19:10:00.615] [13] [ Info] [Eco] Запуск ПлагинИгровойСтатистики...  
[19:10:00.615] [8] [ Info] [Eco] Запуск МенеджерХранилища...  
[19:10:02.191] [7] [ Info] [Eco] Инициализация предметов...  
[19:10:02.260] [7] [ Info] [NidToolbox] Checking Settings.json 
[19:10:02.260] [7] [ Info] [NidToolbox] Config file: Mods\NidToolbox\Config\Settings.json exists. 
[19:10:02.265] [7] [ Info] [NidToolbox] Json file: Mods\NidToolbox\Config\Settings.json readable and correct. 
[19:10:02.265] [7] [ Info] [NidToolbox] Checking CommandPermissions.json 
[19:10:02.265] [7] [ Info] [NidToolbox] Config file: Mods\NidToolbox\Config\CommandPermissions.json exists. 
[19:10:02.265] [7] [ Info] [NidToolbox] Json file: Mods\NidToolbox\Config\CommandPermissions.json readable and correct. 
[19:10:02.265] [7] [ Info] [NidToolbox] Checking TimerMessages.json 
[19:10:02.265] [7] [ Info] [NidToolbox] Config file: Mods\NidToolbox\Config\TimerMessages.json exists. 
[19:10:02.265] [7] [ Info] [NidToolbox] Json file: Mods\NidToolbox\Config\TimerMessages.json readable and correct. 
[19:10:02.265] [7] [ Info] [NidToolbox] Checking ScheduledMessages.json 
[19:10:02.284] [7] [ Info] [NidToolbox] Config file: Mods\NidToolbox\Config\ScheduledMessages.json exists. 
[19:10:02.284] [7] [ Info] [NidToolbox] Json file: Mods\NidToolbox\Config\ScheduledMessages.json readable and correct. 
[19:10:02.284] [7] [ Info] [NidToolbox] No UserHomes directory, skipping user homes config checks. 
[19:10:03.341] [8] [ Info] [Eco] Запуск Плагин паузы...  
[19:10:03.348] [8] [ Info] [Eco] Загружаем Pause...  
[19:10:05.555] [7] [ Info] [Eco] Инициализация навыков...  
[19:10:05.648] [8] [ Info] [Eco] Запуск БДСтатистики...  
[19:10:05.648] [15] [ Info] [Eco] Запуск ПлагинМира...  
[19:10:05.699] [15] [ Info] [Eco] Загружаем World...  
[19:10:09.468] [15] [ Info] [Eco] Инициализация мира...  
[19:10:10.003] [15] [ Info] [Eco] Запуск ПлагинВремени...  
[19:10:10.003] [15] [ Info] [Eco] Загружаем Time...  
[19:10:10.003] [15] [ Info] [Eco] Запуск ПлагинРепутации...  
[19:10:10.003] [15] [ Info] [Eco] Загружаем Reputation...  
[19:10:10.017] [15] [ Info] [Eco] Запуск МенеджерЖильяИгроков...  
[19:10:10.017] [15] [ Info] [Eco] Запуск МенеджерПользователей...  
[19:10:10.058] [15] [ Info] [Eco] Загружаем Users...  
[19:10:10.196] [15] [ Info] [Eco] Инициализация инвентарей...  
[19:10:10.253] [15] [ Info] [Eco] Запуск МенеджерОбъектовЭко...  
[19:10:10.253] [15] [ Info] [Eco] Запуск ПлагинМусора...  
[19:10:10.253] [33] [ Info] [Eco] Запуск ПлагинУгроз...  
[19:10:10.253] [30] [ Info] [Eco] Запуск НастройкиСложности...  
[19:10:10.253] [15] [ Info] [Eco] Загружаем Garbage...  
[19:10:10.253] [23] [ Info] [Eco] Запуск СерверЧата...  
[19:10:10.253] [22] [ Info] [Eco] Запуск VoiceManager...  
[19:10:10.265] [8] [ Info] [Eco] Запуск ПлагинЭкономики...  
[19:10:10.265] [25] [ Info] [Eco] Запуск МенеджерКонтроллера...  
[19:10:10.265] [33] [ Info] [Eco] Загружаем Disasters...  
[19:10:10.265] [8] [ Info] [Eco] Загружаем Economy...  
[19:10:10.451] [8] [ Info] [Eco] Запуск Законодательство...  
[19:10:10.455] [23] [ Info] [Eco] Загружаем Chat...  
[19:10:10.488] [8] [ Info] [Eco] Загружаем Laws...  
[19:10:10.568] [8] [ Info] [Eco] Запуск МенеджерСобственности...  
[19:10:10.568] [8] [ Info] [Eco] Загружаем Property...  
[19:10:10.631] [8] [ Info] [Eco] Запуск МенеджерМиникарты...  
[19:10:10.631] [8] [ Info] [Eco] Запуск СимуляцияЭко...  
[19:10:10.697] [8] [ Info] [Eco] Загружаем Plants...  
[19:10:12.924] [8] [ Info] [Eco] Инициализация растений...  
[19:10:22.221] [8] [ Info] [Eco] Запуск RouteProbingPlugin...  
[19:10:22.221] [8] [ Info] [Eco] Загружаем RouteProbing...  
[19:10:25.406] [8] [ Info] [Eco] Запуск МенеджерСлоёвМира...  
[19:10:25.406] [8] [ Info] [Eco] Загружаем Layers...  
[19:10:26.010] [8] [ Info] [Eco] Инициализация слоёв мира...  
[19:10:26.015] [8] [ Info] [Eco] Загружаем ClimateSim...  
[19:10:29.374] [8] [ Info] [Eco] Запуск ТрекерЭкономики...  
[19:10:29.374] [8] [ Info] [Eco] Запуск UserTracker...  
[19:10:29.392] [8] [ Info] [Eco] Запуск МенеджерМировыхОбъектов...  
[19:10:29.484] [8] [ Info] [Eco] Загружаем WorldObjects...  
[19:10:29.625] [8] [ Info] [Eco] Запуск ПлагинКомнат...  
[19:10:29.625] [8] [ Info] [Eco] Загружаем Rooms...  
[19:10:29.625] [8] [ Info] [Eco] Запуск ПлагинЦелей...  
[19:10:29.625] [8] [ Info] [Eco] Загружаем Objectives...  
[19:10:29.651] [8] [ Info] [Eco] Запуск ПлагинСна...  
[19:10:29.651] [8] [ Info] [Eco] Загружаем Sleep...  
[19:10:29.657] [1] [ Info] [Eco] Запуск ПлагинВебСервера...  
[19:10:29.657] [1] [ Info] [Eco] Запуск OtherAliasCategory...  
[19:10:29.657] [33] [ Info] [Eco] Запуск Asphalt...  
[19:10:29.675] [35] [ Info] [Eco] Запуск ПлагинТестовИнтеграции...  
[19:10:29.675] [28] [ Info] [Eco] Запуск NoPlayerCreditsPlugin...  
[19:10:29.675] [22] [ Info] [Eco] Запуск NidToolboxPlugin...  
[19:10:29.675] [34] [ Info] [Eco] Запуск ChatBase...  
[19:10:29.699] [1] [ Info] [Eco] Инициализируем ПлагинПеревода...  
[19:10:29.702] [1] [ Info] [Eco] Инициализируем ПлагинНабораМодификаций...  
[19:10:29.987] [1] [ Info] [Eco] Инициализируем ПлагинГенератораМира...  
[19:10:29.987] [1] [ Info] [Eco] Инициализируем МенеджерПользователей...  
[19:10:30.046] [1] [ Info] [Eco] Инициализируем ПлагинМусора...  
[19:10:30.046] [1] [ Info] [Eco] Инициализируем ПлагинЭкономики...  
[19:10:30.076] [1] [ Info] [Eco] Инициализируем Законодательство...  
[19:10:30.722] [1] [ Info] [Eco] Инициализируем МенеджерСобственности...  
[19:10:30.747] [1] [ Info] [Eco] Инициализируем МенеджерМиникарты...  
[19:10:31.671] [1] [ Info] [Eco] Инициализируем UserTracker...  
[19:10:31.671] [1] [ Info] [Eco] Инициализируем МенеджерМировыхОбъектов...  
[19:10:31.951] [1] [ Info] [Eco] Инициализируем ПлагинКомнат...  
[19:10:32.068] [1] [ Info] [Eco] Инициализируем ПлагинСна...  
[19:10:32.068] [1] [ Info] [Eco] Инициализируем NidToolboxPlugin...  
[19:10:32.077] [1] [ Info] [NidToolbox] Checking declared file: Mods\NidToolbox\Texts\Motd.txt 
[19:10:32.077] [1] [ Info] [NidToolbox] Config file:  Mods\NidToolbox\Texts\Motd.txt exists. 
[19:10:32.077] [1] [ Info] [NidToolbox] Config file:  Mods\NidToolbox\Texts\Motd.txt readable. 
[19:10:32.077] [1] [ Info] [NidToolbox] Checking declared file: Mods\NidToolbox\Texts\Rules.txt 
[19:10:32.077] [1] [ Info] [NidToolbox] Config file:  Mods\NidToolbox\Texts\Rules.txt exists. 
[19:10:32.077] [1] [ Info] [NidToolbox] Config file:  Mods\NidToolbox\Texts\Rules.txt readable. 
[19:10:32.077] [1] [ Info] [NidToolbox] Checking declared file: Mods\NidToolbox\Texts\ServerChangelog.txt 
[19:10:32.077] [1] [ Info] [NidToolbox] Config file:  Mods\NidToolbox\Texts\ServerChangelog.txt exists. 
[19:10:32.077] [1] [ Info] [NidToolbox] Config file:  Mods\NidToolbox\Texts\ServerChangelog.txt readable. 
[19:10:32.178] [1] [ Info] [Eco] Инициализируем NoPlayerCreditsPlugin...  
[19:10:32.178] [1] [ Info] [Eco] Инициализируем ПлагинМира...  
[19:10:32.187] [1] [ Info] [Eco] Обработка...  
[19:10:38.591] [1] [ Info] [Eco] Сжатие...  
[19:10:42.875] [1] [ Info] [Eco] Инициализируем МенеджерСети...  
[19:10:43.109] [1] [ Info] [Eco] Инициализируем МенеджерСлоёвМира...  
[19:10:43.109] [1] [ Info] [Eco] Инициализируем ПлагинВебСервера...  
[19:10:43.845] [1] [ Info] [Eco] Инициализируем ПлагинТестовИнтеграции...  
[19:10:43.859] [1] [ Info] [NidToolbox] OK - Mono not detected, not a Linux environment 
[19:10:43.859] [1] [ Info] [NidToolbox] All commands in config up to date. 
[19:10:43.935] [1] [ Info] [NidToolbox] Running NidToolbox version 1.8.7 
[19:10:43.958] [1] [ Info] [Eco] Server Initialization завершена за 45 786,3мс
 
[19:11:58.400] [1] [ Info] [Eco] Сохранение...
 
[19:11:58.400] [1] [ Info] [Eco] Сохранение мира...  
[19:12:02.262] [1] [ Info] [Eco] Готово
 
[19:12:02.396] [1] [ Info] [Eco] Выключение завершено
 
