[19:12:49.397] [1] [ Info] [Eco] >>> START EcoServer, Version=1.0.0.0, Culture=neutral, PublicKeyToken=null 
[19:12:49.425] [1] [ Info] [Eco] Eco Server 0.8.3.3 beta
 
[19:12:49.499] [1] [ Info] [Eco] Server Initialization...  
[19:12:49.499] [1] [ Info] [Eco] Starting LocalizationPlugin...  
[19:12:49.880] [1] [ Info] [Eco] Запуск ПлагинНабораМодификаций...  
[19:12:49.880] [1] [ Info] [Eco] Загрузка модификаций...  
[19:12:50.172] [1] [ Info] [Eco] Компилирование модификаций...  
[19:12:51.676] [1] [ Info] [Eco] Загружаем 0Harmony...
 
[19:12:51.676] [1] [ Info] [Eco] Загружаем Asphalt-ModKit...
 
[19:12:51.802] [1] [ Info] [Eco] Загружаем Eco.IntegrationTests...
 
[19:12:51.802] [1] [ Info] [Eco] Загружаем em-base...
 
[19:12:51.802] [1] [ Info] [Eco] Загружаем NoPlayerCredits...
 
[19:12:51.802] [1] [ Info] [Eco] Загружаем em-greenenergy...
 
[19:12:51.802] [1] [ Info] [Eco] Загружаем em-shippingcontainers...
 
[19:12:51.802] [1] [ Info] [Eco] Загружаем em-tailingspack...
 
[19:12:51.802] [1] [ Info] [Eco] Загружаем realisticsmelting...
 
[19:12:51.812] [1] [ Info] [Eco] Загружаем em-arches...
 
[19:12:51.812] [1] [ Info] [Eco] Загружаем em-doors...
 
[19:12:51.812] [1] [ Info] [Eco] Загружаем em-dyes...
 
[19:12:51.812] [1] [ Info] [Eco] Загружаем em-homeobjects...
 
[19:12:51.812] [1] [ Info] [Eco] Загружаем em-transportation...
 
[19:12:51.827] [1] [ Info] [Eco] Загружаем em-windows...
 
[19:12:51.827] [1] [ Info] [Eco] Загружаем em-zymology...
 
[19:12:51.827] [1] [ Info] [Eco] Загружаем HPStorage...
 
[19:12:51.827] [1] [ Info] [Eco] Загружаем NidToolbox...
 
[19:12:51.849] [1] [ Info] [Eco] Загрузка модификаций завершена за 1 966,5мс
 
[19:12:51.849] [1] [ Info] [Eco] Запуск МенеджерСети...  
[19:12:51.849] [8] [ Info] [Eco] Инициализация типов симуляции...  
[19:12:51.905] [5] [ Info] [Eco] Запуск ПлагинГенератораМира...  
[19:12:51.906] [12] [ Info] [Eco] Запуск ПлагинРезервногоКопирования...  
[19:12:51.906] [15] [ Info] [Eco] Запуск ПлагинИгровойСтатистики...  
[19:12:51.906] [12] [ Info] [Eco] Запуск МенеджерХранилища...  
[19:12:53.497] [8] [ Info] [Eco] Инициализация предметов...  
[19:12:53.561] [8] [ Info] [NidToolbox] Checking Settings.json 
[19:12:53.561] [8] [ Info] [NidToolbox] Config file: Mods\NidToolbox\Config\Settings.json exists. 
[19:12:53.561] [8] [ Info] [NidToolbox] Json file: Mods\NidToolbox\Config\Settings.json readable and correct. 
[19:12:53.561] [8] [ Info] [NidToolbox] Checking CommandPermissions.json 
[19:12:53.561] [8] [ Info] [NidToolbox] Config file: Mods\NidToolbox\Config\CommandPermissions.json exists. 
[19:12:53.561] [8] [ Info] [NidToolbox] Json file: Mods\NidToolbox\Config\CommandPermissions.json readable and correct. 
[19:12:53.561] [8] [ Info] [NidToolbox] Checking TimerMessages.json 
[19:12:53.561] [8] [ Info] [NidToolbox] Config file: Mods\NidToolbox\Config\TimerMessages.json exists. 
[19:12:53.579] [8] [ Info] [NidToolbox] Json file: Mods\NidToolbox\Config\TimerMessages.json readable and correct. 
[19:12:53.579] [8] [ Info] [NidToolbox] Checking ScheduledMessages.json 
[19:12:53.579] [8] [ Info] [NidToolbox] Config file: Mods\NidToolbox\Config\ScheduledMessages.json exists. 
[19:12:53.579] [8] [ Info] [NidToolbox] Json file: Mods\NidToolbox\Config\ScheduledMessages.json readable and correct. 
[19:12:53.579] [8] [ Info] [NidToolbox] No UserHomes directory, skipping user homes config checks. 
[19:12:54.586] [12] [ Info] [Eco] Запуск Плагин паузы...  
[19:12:54.596] [12] [ Info] [Eco] Загружаем Pause...  
[19:12:56.713] [8] [ Info] [Eco] Инициализация навыков...  
[19:12:56.817] [16] [ Info] [Eco] Запуск БДСтатистики...  
[19:12:56.817] [10] [ Info] [Eco] Запуск ПлагинМира...  
[19:12:56.864] [10] [ Info] [Eco] Загружаем World...  
[19:13:00.796] [10] [ Info] [Eco] Инициализация мира...  
[19:13:01.354] [10] [ Info] [Eco] Запуск ПлагинВремени...  
[19:13:01.354] [10] [ Info] [Eco] Загружаем Time...  
[19:13:01.354] [10] [ Info] [Eco] Запуск ПлагинРепутации...  
[19:13:01.354] [10] [ Info] [Eco] Загружаем Reputation...  
[19:13:01.368] [10] [ Info] [Eco] Запуск МенеджерЖильяИгроков...  
[19:13:01.368] [10] [ Info] [Eco] Запуск МенеджерПользователей...  
[19:13:01.407] [10] [ Info] [Eco] Загружаем Users...  
[19:13:01.561] [10] [ Info] [Eco] Инициализация инвентарей...  
[19:13:01.605] [10] [ Info] [Eco] Запуск МенеджерОбъектовЭко...  
[19:13:01.610] [15] [ Info] [Eco] Запуск СерверЧата...  
[19:13:01.610] [12] [ Info] [Eco] Запуск ПлагинМусора...  
[19:13:01.610] [25] [ Info] [Eco] Запуск ПлагинУгроз...  
[19:13:01.610] [10] [ Info] [Eco] Запуск ПлагинЭкономики...  
[19:13:01.610] [33] [ Info] [Eco] Запуск VoiceManager...  
[19:13:01.610] [12] [ Info] [Eco] Загружаем Garbage...  
[19:13:01.610] [18] [ Info] [Eco] Запуск МенеджерКонтроллера...  
[19:13:01.610] [7] [ Info] [Eco] Запуск НастройкиСложности...  
[19:13:01.610] [10] [ Info] [Eco] Загружаем Economy...  
[19:13:01.786] [25] [ Info] [Eco] Загружаем Disasters...  
[19:13:01.786] [10] [ Info] [Eco] Запуск Законодательство...  
[19:13:01.798] [15] [ Info] [Eco] Загружаем Chat...  
[19:13:01.822] [10] [ Info] [Eco] Загружаем Laws...  
[19:13:01.911] [10] [ Info] [Eco] Запуск МенеджерСобственности...  
[19:13:01.911] [10] [ Info] [Eco] Загружаем Property...  
[19:13:01.982] [10] [ Info] [Eco] Запуск МенеджерМиникарты...  
[19:13:01.986] [10] [ Info] [Eco] Запуск СимуляцияЭко...  
[19:13:02.068] [10] [ Info] [Eco] Загружаем Plants...  
[19:13:04.933] [10] [ Info] [Eco] Инициализация растений...  
[19:13:14.058] [10] [ Info] [Eco] Запуск RouteProbingPlugin...  
[19:13:14.058] [10] [ Info] [Eco] Загружаем RouteProbing...  
[19:13:17.291] [10] [ Info] [Eco] Запуск МенеджерСлоёвМира...  
[19:13:17.291] [10] [ Info] [Eco] Загружаем Layers...  
[19:13:17.956] [10] [ Info] [Eco] Инициализация слоёв мира...  
[19:13:17.956] [10] [ Info] [Eco] Загружаем ClimateSim...  
[19:13:21.339] [10] [ Info] [Eco] Запуск ТрекерЭкономики...  
[19:13:21.344] [10] [ Info] [Eco] Запуск UserTracker...  
[19:13:21.344] [10] [ Info] [Eco] Запуск МенеджерМировыхОбъектов...  
[19:13:21.442] [10] [ Info] [Eco] Загружаем WorldObjects...  
[19:13:21.578] [10] [ Info] [Eco] Запуск ПлагинКомнат...  
[19:13:21.578] [10] [ Info] [Eco] Загружаем Rooms...  
[19:13:21.596] [10] [ Info] [Eco] Запуск ПлагинЦелей...  
[19:13:21.596] [10] [ Info] [Eco] Загружаем Objectives...  
[19:13:21.610] [10] [ Info] [Eco] Запуск ПлагинСна...  
[19:13:21.610] [10] [ Info] [Eco] Загружаем Sleep...  
[19:13:21.610] [1] [ Info] [Eco] Запуск ПлагинВебСервера...  
[19:13:21.610] [1] [ Info] [Eco] Запуск OtherAliasCategory...  
[19:13:21.610] [7] [ Info] [Eco] Запуск NoPlayerCreditsPlugin...  
[19:13:21.624] [6] [ Info] [Eco] Запуск Asphalt...  
[19:13:21.624] [17] [ Info] [Eco] Запуск ChatBase...  
[19:13:21.624] [23] [ Info] [Eco] Запуск ПлагинТестовИнтеграции...  
[19:13:21.624] [9] [ Info] [Eco] Запуск NidToolboxPlugin...  
[19:13:21.647] [1] [ Info] [Eco] Инициализируем ПлагинПеревода...  
[19:13:21.647] [1] [ Info] [Eco] Инициализируем ПлагинНабораМодификаций...  
[19:13:21.932] [1] [ Info] [Eco] Инициализируем ПлагинГенератораМира...  
[19:13:21.932] [1] [ Info] [Eco] Инициализируем МенеджерПользователей...  
[19:13:21.975] [1] [ Info] [Eco] Инициализируем ПлагинМусора...  
[19:13:21.990] [1] [ Info] [Eco] Инициализируем ПлагинЭкономики...  
[19:13:22.007] [1] [ Info] [Eco] Инициализируем Законодательство...  
[19:13:22.674] [1] [ Info] [Eco] Инициализируем МенеджерСобственности...  
[19:13:22.692] [1] [ Info] [Eco] Инициализируем МенеджерМиникарты...  
[19:13:23.610] [1] [ Info] [Eco] Инициализируем UserTracker...  
[19:13:23.610] [1] [ Info] [Eco] Инициализируем МенеджерМировыхОбъектов...  
[19:13:23.888] [1] [ Info] [Eco] Инициализируем ПлагинКомнат...  
[19:13:24.010] [1] [ Info] [Eco] Инициализируем ПлагинСна...  
[19:13:24.010] [1] [ Info] [Eco] Инициализируем NidToolboxPlugin...  
[19:13:24.018] [1] [ Info] [NidToolbox] Checking declared file: Mods\NidToolbox\Texts\Motd.txt 
[19:13:24.018] [1] [ Info] [NidToolbox] Config file:  Mods\NidToolbox\Texts\Motd.txt exists. 
[19:13:24.018] [1] [ Info] [NidToolbox] Config file:  Mods\NidToolbox\Texts\Motd.txt readable. 
[19:13:24.018] [1] [ Info] [NidToolbox] Checking declared file: Mods\NidToolbox\Texts\Rules.txt 
[19:13:24.018] [1] [ Info] [NidToolbox] Config file:  Mods\NidToolbox\Texts\Rules.txt exists. 
[19:13:24.018] [1] [ Info] [NidToolbox] Config file:  Mods\NidToolbox\Texts\Rules.txt readable. 
[19:13:24.018] [1] [ Info] [NidToolbox] Checking declared file: Mods\NidToolbox\Texts\ServerChangelog.txt 
[19:13:24.018] [1] [ Info] [NidToolbox] Config file:  Mods\NidToolbox\Texts\ServerChangelog.txt exists. 
[19:13:24.018] [1] [ Info] [NidToolbox] Config file:  Mods\NidToolbox\Texts\ServerChangelog.txt readable. 
[19:13:24.113] [1] [ Info] [Eco] Инициализируем NoPlayerCreditsPlugin...  
[19:13:24.113] [1] [ Info] [Eco] Инициализируем ПлагинМира...  
[19:13:24.113] [1] [ Info] [Eco] Обработка...  
[19:13:30.724] [1] [ Info] [Eco] Сжатие...  
[19:13:35.023] [1] [ Info] [Eco] Инициализируем МенеджерСети...  
[19:13:35.294] [1] [ Info] [Eco] Инициализируем МенеджерСлоёвМира...  
[19:13:35.294] [1] [ Info] [Eco] Инициализируем ПлагинВебСервера...  
[19:13:35.996] [1] [ Info] [Eco] Инициализируем ПлагинТестовИнтеграции...  
[19:13:36.002] [1] [ Info] [NidToolbox] OK - Mono not detected, not a Linux environment 
[19:13:36.002] [1] [ Info] [NidToolbox] All commands in config up to date. 
[19:13:36.082] [1] [ Info] [NidToolbox] Running NidToolbox version 1.8.7 
[19:13:36.104] [1] [ Info] [Eco] Server Initialization завершена за 46 604,0мс
 
[19:16:30.699] [174] [ Info] [log] letmeplay invoked admin command '/give игкпук' 
[19:16:34.440] [174] [ Info] [log] letmeplay invoked admin command '/give burger' 
[19:16:46.669] [165] [ Info] [log] Dark Avenger invoked admin command '/give burger' 
[19:16:48.089] [174] [ Info] [log] letmeplay invoked admin command '/give Говяжий бургер' 
[19:16:51.192] [176] [ Info] [log] AmeriQ invoked admin command '/give burger' 
[19:16:58.381] [176] [ Info] [log] AmeriQ invoked admin command '/give Говяжий бургер' 
[19:17:03.653] [165] [ Info] [log] Dark Avenger invoked admin command '/give Говяжий бургер' 
[19:18:32.317] [176] [ Info] [log] AmeriQ invoked admin command '/give beef burgrer' 
[19:18:41.647] [176] [ Info] [log] AmeriQ invoked admin command '/give beef burgr' 
[19:18:55.771] [165] [ Info] [log] Dark Avenger invoked admin command '/give железный самородок' 
[19:19:10.018] [174] [ Info] [log] letmeplay invoked admin command '/give burger' 
[19:19:17.680] [176] [ Info] [log] AmeriQ invoked admin command '/give жулузный самородок' 
[19:19:27.661] [176] [ Info] [log] AmeriQ invoked admin command '/give железный самородок' 
[19:22:58.285] [165] [ Info] [log] Dark Avenger invoked admin command '/fly' 
[19:43:36.259] [17] [ Info] [Eco] Удалена резервная копия - D:/EcoBackup/Storage\Backup\Game-2020-02-19-19.13.25
 
[19:55:34.214] [32] [ Info] [log] Dark Avenger invoked admin command '/fly' 
[20:08:31.928] [33] [ Info] [log] letmeplay invoked admin command '/give семечко травы,3' 
[20:13:18.006] [33] [ Info] [log] letmeplay invoked admin command '/give семечко травы,3' 
[20:13:35.757] [33] [ Info] [log] letmeplay invoked admin command '/give семечко травы,3' 
[20:13:36.212] [12] [ Info] [Eco] Удалена резервная копия - D:/EcoBackup/Storage\Backup\Game-2020-02-20-18.43.25
 
[20:13:36.231] [12] [ Info] [Eco] Удалена резервная копия - D:/EcoBackup/Storage\Backup\Game-2020-02-19-20.13.25
 
[20:13:40.757] [33] [ Info] [log] letmeplay invoked admin command '/give семечко травы,3' 
[20:13:50.994] [33] [ Info] [log] letmeplay invoked admin command '/give семечко травы,3' 
[20:14:22.300] [33] [ Info] [log] letmeplay invoked admin command '/give семечко травы,3' 
[20:14:26.304] [32] [ Info] [log] Dark Avenger invoked admin command '/fly' 
[20:15:39.925] [32] [ Info] [log] Dark Avenger invoked admin command '/fly' 
[20:16:05.441] [32] [ Info] [log] Dark Avenger invoked admin command '/fly' 
[20:20:47.912] [32] [ Info] [log] Dark Avenger invoked admin command '/eat' 
[20:28:38.756] [33] [ Info] [log] letmeplay invoked admin command '/fly' 
[20:29:02.499] [32] [ Info] [log] Dark Avenger invoked admin command '/eat' 
[20:29:05.317] [32] [ Info] [log] Dark Avenger invoked admin command '/fly' 
[20:29:15.108] [33] [ Info] [log] letmeplay invoked admin command '/fly' 
[20:30:00.069] [164] [ Info] [log] AmeriQ invoked admin command '/fly' 
[20:30:51.465] [32] [ Info] [log] Dark Avenger invoked admin command '/fly' 
[20:31:00.548] [33] [ Info] [log] letmeplay invoked admin command '/fly' 
[20:31:21.764] [32] [ Info] [log] Dark Avenger invoked admin command '/give помидор' 
[20:31:41.065] [32] [ Info] [log] Dark Avenger invoked admin command '/work' 
[20:31:49.151] [32] [ Info] [log] Dark Avenger invoked admin command '/eat' 
[20:31:55.113] [32] [ Info] [log] Dark Avenger invoked admin command '/fly' 
[20:38:00.992] [164] [ Info] [log] AmeriQ invoked admin command '/dump' 
[20:41:21.213] [164] [ Info] [log] AmeriQ invoked admin command '/givealltools 0' 
[20:43:22.886] [32] [ Info] [log] Dark Avenger invoked admin command '/fly' 
[20:44:43.087] [32] [ Info] [log] Dark Avenger invoked admin command '/fly' 
[20:48:10.691] [32] [ Info] [log] Dark Avenger invoked admin command '/fly' 
[20:48:19.136] [32] [ Info] [log] Dark Avenger invoked admin command '/fly' 
[20:48:23.622] [32] [ Info] [log] Dark Avenger invoked admin command '/fly' 
[20:48:38.184] [32] [ Info] [log] Dark Avenger invoked admin command '/fly' 
[20:49:32.306] [32] [ Info] [log] Dark Avenger invoked admin command '/fly' 
[20:50:11.650] [33] [ Info] [log] letmeplay invoked admin command '/fly' 
[20:50:59.519] [32] [ Info] [log] Dark Avenger invoked admin command '/fly' 
[20:52:40.958] [33] [ Info] [log] letmeplay invoked admin command '/save' 
[20:52:40.958] [8] [ Info] [Eco] Сохранение мира...  
[20:52:56.087] [1] [ Info] [Eco] Сохранение...
 
[20:52:56.087] [1] [ Info] [Eco] Сохранение мира...  
[20:52:59.544] [1] [ Info] [Eco] Готово
 
[20:52:59.682] [1] [ Info] [Eco] Выключение завершено
 
