[22:21:16.777] [1] [ Info] [Eco] >>> START EcoServer, Version=1.0.0.0, Culture=neutral, PublicKeyToken=null 
[22:21:16.805] [1] [ Info] [Eco] Eco Server 0.8.3.3 beta
 
[22:21:16.876] [1] [ Info] [Eco] Server Initialization...  
[22:21:16.876] [1] [ Info] [Eco] Starting LocalizationPlugin...  
[22:21:17.251] [1] [ Info] [Eco] Запуск ПлагинНабораМодификаций...  
[22:21:17.251] [1] [ Info] [Eco] Загрузка модификаций...  
[22:21:17.524] [1] [ Info] [Eco] Компилирование модификаций...  
[22:21:19.020] [1] [ Info] [Eco] Загружаем 0Harmony...
 
[22:21:19.020] [1] [ Info] [Eco] Загружаем Asphalt-ModKit...
 
[22:21:19.142] [1] [ Info] [Eco] Загружаем DiscordLink_v1_blue...
 
[22:21:19.201] [1] [ Info] [Eco] Загрузка модификаций завершена за 1 946,6мс
 
[22:21:19.201] [1] [ Info] [Eco] Server Initialization завершена за 2 324,9мс
 
[22:21:19.201] [1] [ Info] [Eco] Failed to load server, Exception was Exception: ReflectionTypeLoadException
Message:Не удается загрузить один или более запрошенных типов. Обратитесь к свойству LoaderExceptions для получения дополнительных сведений.
Source:mscorlib

System.Reflection.ReflectionTypeLoadException: Не удается загрузить один или более запрошенных типов. Обратитесь к свойству LoaderExceptions для получения дополнительных сведений.
   at System.Reflection.RuntimeModule.GetTypes(RuntimeModule module)
   at System.Reflection.Assembly.GetTypes()
   at Eco.ModKit.ModKitPlugin.LoadModDlls()
   at Eco.ModKit.ModKitPlugin.LoadModsData(TaskCompletionSource`1 done)
   at Eco.ModKit.ModKitPlugin..ctor(TaskCompletionSource`1 done)
 
